Cog2000 log file Sat Jan 18 13:35:26 2020
gprim v1.33 Compiled:Aug 12 2015 (GLib DirectDraw v7 DX12.0 Compiled:Aug 12 2015)
Display:1024x768x32 59.95Hz
Attaching C:\Program Files\Cogent2000v1.33\Toolbox\CogInput.mexw64
CogInput v1.05 Compiled: May 20 2010
4	[4]	:	COGENT START
17179	[17175]	:	Key	71	DOWN	at	17176   
17270	[91]	:	Key	71	UP	at	17270   
33802	[16532]	:	Key	71	DOWN	at	33801   
33881	[79]	:	Key	71	UP	at	33881   
37069	[3188]	:	Key	71	DOWN	at	37065   
37160	[91]	:	Key	71	UP	at	37159   
47671	[10511]	:	Key	71	DOWN	at	47670   
47734	[63]	:	Key	71	UP	at	47734   
61786	[14052]	:	Key	71	DOWN	at	61784   
61879	[93]	:	Key	71	UP	at	61879   
78681	[16802]	:	Key	71	DOWN	at	78681   
79568	[887]	:	time Target is 79562
80875	[1307]	:	Key	71	DOWN	at	80874   
85686	[4811]	:	time Target is 85685
87079	[1393]	:	Key	71	DOWN	at	87079   
91777	[4698]	:	time Target is 91776
93223	[1446]	:	Key	71	DOWN	at	93222   
93336	[113]	:	Key	71	UP	at	93336   
97876	[4540]	:	time Target is 97875
98762	[886]	:	Key	71	DOWN	at	98761   
106518	[7756]	:	Key	71	DOWN	at	106518  
107589	[1071]	:	time Target is 107584
113920	[6331]	:	time Target is 113919
120244	[6324]	:	time Target is 120244
126568	[6324]	:	time Target is 126568
144377	[17809]	:	Key	71	DOWN	at	144377  
144491	[114]	:	Key	71	UP	at	144490  
148022	[3531]	:	Key	71	DOWN	at	148022  
148136	[114]	:	Key	71	UP	at	148135  
152986	[4850]	:	Key	71	DOWN	at	152986  
153097	[111]	:	Key	71	UP	at	153097  
160215	[7118]	:	Key	71	DOWN	at	160215  
160331	[116]	:	Key	71	UP	at	160331  
165099	[4768]	:	Key	71	DOWN	at	165098  
165913	[814]	:	Key	71	UP	at	165178  
165936	[23]	:	time Target is 165936
167015	[1079]	:	Key	71	DOWN	at	167014  
171040	[4025]	:	time Target is 171040
171992	[952]	:	Key	71	DOWN	at	171992  
176145	[4153]	:	time Target is 176145
177080	[935]	:	Key	71	DOWN	at	177079  
181249	[4169]	:	time Target is 181249
182251	[1002]	:	Key	71	DOWN	at	182250  
186387	[4136]	:	time Target is 186386
187609	[1222]	:	Key	71	DOWN	at	187609  
190686	[3077]	:	Key	71	UP	at	187751  
194009	[3323]	:	Key	71	DOWN	at	194009  
194800	[791]	:	Key	71	UP	at	194121  
194824	[24]	:	time Target is 194824
205975	[11151]	:	Key	71	DOWN	at	205973  
206088	[113]	:	Key	71	UP	at	206087  
209320	[3232]	:	Key	71	DOWN	at	209320  
210110	[790]	:	Key	71	UP	at	209434  
210133	[23]	:	time Target is 210133
215204	[5071]	:	time Target is 215204
215707	[503]	:	Key	71	DOWN	at	215707  
220291	[4584]	:	time Target is 220291
225364	[5073]	:	time Target is 225364
225768	[404]	:	Key	71	DOWN	at	225768  
229668	[3900]	:	Key	71	UP	at	225911  
236074	[6406]	:	Key	71	DOWN	at	236074  
236203	[129]	:	Key	71	UP	at	236202  
239320	[3117]	:	Key	71	DOWN	at	239319  
240110	[790]	:	Key	71	UP	at	239482  
240135	[25]	:	time Target is 240135
240952	[817]	:	Key	71	DOWN	at	240952  
245219	[4267]	:	time Target is 245218
250289	[5070]	:	time Target is 250289
250744	[455]	:	Key	71	DOWN	at	250744  
255377	[4633]	:	time Target is 255377
256277	[900]	:	Key	71	DOWN	at	256277  
259677	[3400]	:	Key	71	UP	at	256427  
265945	[6268]	:	Key	71	DOWN	at	265945  
266102	[157]	:	Key	71	UP	at	266102  
269384	[3282]	:	Key	71	DOWN	at	269383  
270168	[784]	:	Key	71	UP	at	269515  
270189	[21]	:	time Target is 270188
270952	[763]	:	Key	71	DOWN	at	270951  
275280	[4328]	:	time Target is 275280
280355	[5075]	:	time Target is 280355
285426	[5071]	:	time Target is 285426
295624	[10198]	:	Key	71	DOWN	at	295624  
295769	[145]	:	Key	71	UP	at	295768  
308470	[12701]	:	Key	71	DOWN	at	308469  
308633	[163]	:	Key	71	UP	at	308633  
321592	[12959]	:	Key	71	DOWN	at	321591  
321719	[127]	:	Key	71	UP	at	321719  
332390	[10671]	:	Key	71	DOWN	at	332390  
332519	[129]	:	Key	71	UP	at	332518  
342598	[10079]	:	Key	71	DOWN	at	342598  
345168	[2570]	:	time Target is 345168
345673	[505]	:	Key	71	DOWN	at	345673  
350513	[4840]	:	time Target is 350513
355836	[5323]	:	time Target is 355836
356487	[651]	:	Key	71	DOWN	at	356486  
361181	[4694]	:	time Target is 361181
362186	[1005]	:	Key	71	DOWN	at	362185  
366535	[4349]	:	time Target is 366535
367624	[1089]	:	Key	71	DOWN	at	367623  
371878	[4254]	:	time Target is 371878
372679	[801]	:	Key	71	DOWN	at	372678  
377216	[4537]	:	time Target is 377216
382543	[5327]	:	time Target is 382543
383145	[602]	:	Key	71	DOWN	at	383144  
387876	[4731]	:	time Target is 387876
388617	[741]	:	Key	71	DOWN	at	388616  
393216	[4599]	:	time Target is 393216
393643	[427]	:	Key	71	DOWN	at	393642  
398556	[4913]	:	time Target is 398556
399337	[781]	:	Key	71	DOWN	at	399337  
403893	[4556]	:	time Target is 403893
409216	[5323]	:	time Target is 409216
409589	[373]	:	Key	71	DOWN	at	409589  
414553	[4964]	:	time Target is 414553
415145	[592]	:	Key	71	DOWN	at	415145  
419888	[4743]	:	time Target is 419888
420569	[681]	:	Key	71	DOWN	at	420569  
425223	[4654]	:	time Target is 425223
425768	[545]	:	Key	71	DOWN	at	425767  
430575	[4807]	:	time Target is 430575
431210	[635]	:	Key	71	DOWN	at	431210  
435913	[4703]	:	time Target is 435913
436809	[896]	:	Key	71	DOWN	at	436809  
441256	[4447]	:	time Target is 441256
441722	[466]	:	Key	71	DOWN	at	441722  
446595	[4873]	:	time Target is 446595
448075	[1480]	:	Key	71	DOWN	at	448075  
451931	[3856]	:	time Target is 451931
457250	[5319]	:	time Target is 457250
458296	[1046]	:	Key	71	DOWN	at	458296  
462584	[4288]	:	time Target is 462584
463494	[910]	:	Key	71	DOWN	at	463494  
467973	[4479]	:	time Target is 467973
468842	[869]	:	Key	71	DOWN	at	468842  
473312	[4470]	:	time Target is 473312
473766	[454]	:	Key	71	DOWN	at	473766  
478660	[4894]	:	time Target is 478660
479754	[1094]	:	Key	71	DOWN	at	479754  
484004	[4250]	:	time Target is 484004
489327	[5323]	:	time Target is 489327
489865	[538]	:	Key	71	DOWN	at	489864  
494667	[4802]	:	time Target is 494667
499993	[5326]	:	time Target is 499993
500903	[910]	:	Key	71	DOWN	at	500902  
505331	[4428]	:	time Target is 505331
506008	[677]	:	Key	71	DOWN	at	506007  
510672	[4664]	:	time Target is 510672
511098	[426]	:	Key	71	DOWN	at	511098  
516011	[4913]	:	time Target is 516011
521327	[5316]	:	time Target is 521327
526652	[5325]	:	time Target is 526652
527289	[637]	:	Key	71	DOWN	at	527288  
531987	[4698]	:	time Target is 531987
533339	[1352]	:	Key	71	DOWN	at	533338  
537329	[3990]	:	time Target is 537329
542649	[5320]	:	time Target is 542649
547969	[5320]	:	time Target is 547969
548521	[552]	:	Key	71	DOWN	at	548521  
553305	[4784]	:	time Target is 553305
553878	[573]	:	Key	71	DOWN	at	553877  
558643	[4765]	:	time Target is 558643
559608	[965]	:	Key	71	DOWN	at	559608  
563974	[4366]	:	time Target is 563974
569297	[5323]	:	time Target is 569297
569861	[564]	:	Key	71	DOWN	at	569861  
574635	[4774]	:	time Target is 574635
575034	[399]	:	Key	71	DOWN	at	575034  
579969	[4935]	:	time Target is 579969
580809	[840]	:	Key	71	DOWN	at	580808  
585318	[4509]	:	time Target is 585318
590646	[5328]	:	time Target is 590646
591210	[564]	:	Key	71	DOWN	at	591210  
595985	[4775]	:	time Target is 595985
596709	[724]	:	Key	71	DOWN	at	596709  
601312	[4603]	:	time Target is 601312
601833	[521]	:	Key	71	DOWN	at	601832  
606652	[4819]	:	time Target is 606652
611973	[5321]	:	time Target is 611973
612325	[352]	:	Key	71	DOWN	at	612325  
617308	[4983]	:	time Target is 617308
617993	[685]	:	Key	71	DOWN	at	617993  
622646	[4653]	:	time Target is 622646
623046	[400]	:	Key	71	DOWN	at	623046  
627993	[4947]	:	time Target is 627993
628488	[495]	:	Key	71	DOWN	at	628488  
633356	[4868]	:	time Target is 633356
634006	[650]	:	Key	71	DOWN	at	634006  
638712	[4706]	:	time Target is 638712
639335	[623]	:	Key	71	DOWN	at	639335  
644052	[4717]	:	time Target is 644052
649367	[5315]	:	time Target is 649367
649735	[368]	:	Key	71	DOWN	at	649735  
654696	[4961]	:	time Target is 654696
655046	[350]	:	Key	71	DOWN	at	655046  
660026	[4980]	:	time Target is 660026
660390	[364]	:	Key	71	DOWN	at	660389  
665372	[4982]	:	time Target is 665372
670691	[5319]	:	time Target is 670691
671067	[376]	:	Key	71	DOWN	at	671066  
676030	[4963]	:	time Target is 676030
676582	[552]	:	Key	71	DOWN	at	676582  
681370	[4788]	:	time Target is 681370
682614	[1244]	:	Key	71	DOWN	at	682614  
686701	[4087]	:	time Target is 686701
687110	[409]	:	Key	71	DOWN	at	687110  
692038	[4928]	:	time Target is 692038
697359	[5321]	:	time Target is 697359
697928	[569]	:	Key	71	DOWN	at	697927  
702693	[4765]	:	time Target is 702693
703079	[386]	:	Key	71	DOWN	at	703078  
708036	[4957]	:	time Target is 708036
708617	[581]	:	Key	71	DOWN	at	708616  
713374	[4757]	:	time Target is 713374
718701	[5327]	:	time Target is 718701
719015	[314]	:	Key	71	DOWN	at	719015  
724041	[5026]	:	time Target is 724041
724490	[449]	:	Key	71	DOWN	at	724490  
729382	[4892]	:	time Target is 729382
729738	[356]	:	Key	71	DOWN	at	729737  
734716	[4978]	:	time Target is 734716
735592	[876]	:	Key	71	DOWN	at	735592  
740053	[4461]	:	time Target is 740053
740361	[308]	:	Key	71	DOWN	at	740361  
745393	[5032]	:	time Target is 745393
745851	[458]	:	Key	71	DOWN	at	745849  
750736	[4885]	:	time Target is 750736
751109	[373]	:	Key	71	DOWN	at	751109  
756074	[4965]	:	time Target is 756074
756409	[335]	:	Key	71	DOWN	at	756407  
761419	[5010]	:	time Target is 761419
761801	[382]	:	Key	71	DOWN	at	761800  
766796	[4995]	:	time Target is 766796
767144	[348]	:	Key	71	DOWN	at	767144  
772134	[4990]	:	time Target is 772134
772571	[437]	:	Key	71	DOWN	at	772570  
777471	[4900]	:	time Target is 777471
777845	[374]	:	Key	71	DOWN	at	777845  
782807	[4962]	:	time Target is 782807
788129	[5322]	:	time Target is 788129
793453	[5324]	:	time Target is 793453
794361	[908]	:	Key	71	DOWN	at	794361  
798791	[4430]	:	time Target is 798791
799318	[527]	:	Key	71	DOWN	at	799318  
804127	[4809]	:	time Target is 804127
804536	[409]	:	Key	71	DOWN	at	804536  
809468	[4932]	:	time Target is 809468
809893	[425]	:	Key	71	DOWN	at	809892  
814807	[4914]	:	time Target is 814807
815304	[497]	:	Key	71	DOWN	at	815303  
820147	[4843]	:	time Target is 820147
820439	[292]	:	Key	71	DOWN	at	820439  
824448	[4009]	:	Key	71	UP	at	820634  
832214	[7766]	:	Key	71	DOWN	at	832214  
833004	[790]	:	Key	71	UP	at	832324  
833274	[270]	:	time Target is 833274
834293	[1019]	:	Key	71	DOWN	at	834293  
838609	[4316]	:	time Target is 838609
839721	[1112]	:	Key	71	DOWN	at	839721  
843942	[4221]	:	time Target is 843942
844519	[577]	:	Key	71	DOWN	at	844518  
849283	[4764]	:	time Target is 849283
849845	[562]	:	Key	71	DOWN	at	849845  
854618	[4773]	:	time Target is 854618
855206	[588]	:	Key	71	DOWN	at	855206  
859949	[4743]	:	time Target is 859949
860297	[348]	:	Key	71	DOWN	at	860296  
865291	[4994]	:	time Target is 865291
870605	[5314]	:	time Target is 870605
871001	[396]	:	Key	71	DOWN	at	871001  
875942	[4941]	:	time Target is 875942
876199	[257]	:	Key	71	DOWN	at	876199  
881275	[5076]	:	time Target is 881275
886606	[5331]	:	time Target is 886606
887062	[456]	:	Key	71	DOWN	at	887062  
891945	[4883]	:	time Target is 891945
892263	[318]	:	Key	71	DOWN	at	892263  
897284	[5021]	:	time Target is 897284
897625	[341]	:	Key	71	DOWN	at	897625  
902617	[4992]	:	time Target is 902617
903125	[508]	:	Key	71	DOWN	at	903125  
907952	[4827]	:	time Target is 907952
913275	[5323]	:	time Target is 913275
913689	[414]	:	Key	71	DOWN	at	913688  
918612	[4923]	:	time Target is 918612
923931	[5319]	:	time Target is 923931
924295	[364]	:	Key	71	DOWN	at	924294  
929272	[4977]	:	time Target is 929272
934592	[5320]	:	time Target is 934592
939922	[5330]	:	time Target is 939922
940325	[403]	:	Key	71	DOWN	at	940325  
945260	[4935]	:	time Target is 945260
945879	[619]	:	Key	71	DOWN	at	945879  
950633	[4754]	:	time Target is 950633
951029	[396]	:	Key	71	DOWN	at	951029  
955971	[4942]	:	time Target is 955971
957128	[1157]	:	Key	71	DOWN	at	957127  
961303	[4175]	:	time Target is 961303
961607	[304]	:	Key	71	DOWN	at	961607  
966642	[5035]	:	time Target is 966642
971963	[5321]	:	time Target is 971963
972617	[654]	:	Key	71	DOWN	at	972616  
977300	[4683]	:	time Target is 977300
982627	[5327]	:	time Target is 982627
987949	[5322]	:	time Target is 987949
988392	[443]	:	Key	71	DOWN	at	988392  
993293	[4901]	:	time Target is 993293
993834	[541]	:	Key	71	DOWN	at	993833  
998633	[4799]	:	time Target is 998633
1003957	[5324]	:	time Target is 1003957
1004521	[564]	:	Key	71	DOWN	at	1004521 
1009292	[4771]	:	time Target is 1009292
1010070	[778]	:	Key	71	DOWN	at	1010070 
1014655	[4585]	:	time Target is 1014655
1015450	[795]	:	Key	71	DOWN	at	1015449 
1019991	[4541]	:	time Target is 1019991
1020551	[560]	:	Key	71	DOWN	at	1020550 
1025327	[4776]	:	time Target is 1025327
1025336	[9]	:	Key	71	DOWN	at	1025335 
1030675	[5339]	:	time Target is 1030675
1031239	[564]	:	Key	71	DOWN	at	1031238 
1036010	[4771]	:	time Target is 1036010
1036358	[348]	:	Key	71	DOWN	at	1036358 
1041347	[4989]	:	time Target is 1041347
1041992	[645]	:	Key	71	DOWN	at	1041992 
1046685	[4693]	:	time Target is 1046685
1047814	[1129]	:	Key	71	DOWN	at	1047813 
1052023	[4209]	:	time Target is 1052023
1052487	[464]	:	Key	71	DOWN	at	1052487 
1057367	[4880]	:	time Target is 1057367
1062685	[5318]	:	time Target is 1062685
1068011	[5326]	:	time Target is 1068011
1068567	[556]	:	Key	71	DOWN	at	1068567 
1073352	[4785]	:	time Target is 1073352
1073752	[400]	:	Key	71	DOWN	at	1073752 
1078684	[4932]	:	time Target is 1078684
1079096	[412]	:	Key	71	DOWN	at	1079095 
1084020	[4924]	:	time Target is 1084020
1084392	[372]	:	Key	71	DOWN	at	1084391 
1089356	[4964]	:	time Target is 1089356
1090665	[1309]	:	Key	71	DOWN	at	1090665 
1094692	[4027]	:	time Target is 1094692
1100051	[5359]	:	Key	71	DOWN	at	1099848 
1100052	[1]	:	Key	71	UP	at	1100008 
1102863	[2811]	:	time Target is 1102863
1103561	[698]	:	Key	71	DOWN	at	1103561 
1108202	[4641]	:	time Target is 1108202
1108937	[735]	:	Key	71	DOWN	at	1108936 
1113547	[4610]	:	time Target is 1113547
1114199	[652]	:	Key	71	DOWN	at	1114198 
1118888	[4689]	:	time Target is 1118888
1119320	[432]	:	Key	71	DOWN	at	1119320 
1124224	[4904]	:	time Target is 1124224
1124615	[391]	:	Key	71	DOWN	at	1124615 
1129565	[4950]	:	time Target is 1129565
1130152	[587]	:	Key	71	DOWN	at	1130152 
1134903	[4751]	:	time Target is 1134903
1135576	[673]	:	Key	71	DOWN	at	1135576 
1140238	[4662]	:	time Target is 1140238
1145560	[5322]	:	time Target is 1145560
1145799	[239]	:	Key	71	DOWN	at	1145798 
1150897	[5098]	:	time Target is 1150897
1151685	[788]	:	Key	71	DOWN	at	1151685 
1156258	[4573]	:	time Target is 1156258
1157098	[840]	:	Key	71	DOWN	at	1157097 
1161594	[4496]	:	time Target is 1161594
1161892	[298]	:	Key	71	DOWN	at	1161892 
1166932	[5040]	:	time Target is 1166932
1172253	[5321]	:	time Target is 1172253
1173017	[764]	:	Key	71	DOWN	at	1173016 
1177589	[4572]	:	time Target is 1177589
1182917	[5328]	:	time Target is 1182917
1183318	[401]	:	Key	71	DOWN	at	1183318 
1188257	[4939]	:	time Target is 1188257
1193586	[5329]	:	time Target is 1193586
1194296	[710]	:	Key	71	DOWN	at	1194295 
1198930	[4634]	:	time Target is 1198930
1199509	[579]	:	Key	71	DOWN	at	1199509 
1204264	[4755]	:	time Target is 1204264
1209588	[5324]	:	time Target is 1209588
1214923	[5335]	:	time Target is 1214923
1215221	[298]	:	Key	71	DOWN	at	1215221 
1220258	[5037]	:	time Target is 1220258
1220840	[582]	:	Key	71	DOWN	at	1220839 
1225601	[4761]	:	time Target is 1225601
1225862	[261]	:	Key	71	DOWN	at	1225862 
1230932	[5070]	:	time Target is 1230932
1231303	[371]	:	Key	71	DOWN	at	1231303 
1236271	[4968]	:	time Target is 1236271
1237288	[1017]	:	Key	71	DOWN	at	1237288 
1241613	[4325]	:	time Target is 1241613
1246934	[5321]	:	time Target is 1246934
1247238	[304]	:	Key	71	DOWN	at	1247237 
1252273	[5035]	:	time Target is 1252273
1252633	[360]	:	Key	71	DOWN	at	1252633 
1257612	[4979]	:	time Target is 1257612
1258566	[954]	:	Key	71	DOWN	at	1258566 
1262945	[4379]	:	time Target is 1262945
1263301	[356]	:	Key	71	DOWN	at	1263299 
1268283	[4982]	:	time Target is 1268283
1268934	[651]	:	Key	71	DOWN	at	1268934 
1273621	[4687]	:	time Target is 1273621
1275045	[1424]	:	Key	71	DOWN	at	1275045 
1278959	[3914]	:	time Target is 1278959
1279702	[743]	:	Key	71	DOWN	at	1279702 
1284296	[4594]	:	time Target is 1284296
1289618	[5322]	:	time Target is 1289618
1294940	[5322]	:	time Target is 1294940
1300303	[5363]	:	time Target is 1300303
1305621	[5318]	:	time Target is 1305621
1323956	[18335]	:	Key	71	DOWN	at	1323956 
1324068	[112]	:	Key	71	UP	at	1324068 
1329252	[5184]	:	Key	71	DOWN	at	1329252 
1330042	[790]	:	Key	71	UP	at	1329401 
1330308	[266]	:	time Target is 1330308
1331108	[800]	:	Key	71	DOWN	at	1331107 
1335648	[4540]	:	time Target is 1335648
1340969	[5321]	:	time Target is 1340969
1342167	[1198]	:	Key	71	DOWN	at	1342167 
1346306	[4139]	:	time Target is 1346306
1346985	[679]	:	Key	71	DOWN	at	1346984 
1351648	[4663]	:	time Target is 1351648
1351972	[324]	:	Key	71	DOWN	at	1351972 
1356985	[5013]	:	time Target is 1356985
1357753	[768]	:	Key	71	DOWN	at	1357753 
1362324	[4571]	:	time Target is 1362324
1362789	[465]	:	Key	71	DOWN	at	1362789 
1367655	[4866]	:	time Target is 1367655
1372976	[5321]	:	time Target is 1372976
1373655	[679]	:	Key	71	DOWN	at	1373655 
1378313	[4658]	:	time Target is 1378313
1379061	[748]	:	Key	71	DOWN	at	1379061 
1383672	[4611]	:	time Target is 1383672
1384712	[1040]	:	Key	71	DOWN	at	1384712 
1389008	[4296]	:	time Target is 1389008
1394334	[5326]	:	time Target is 1394334
1395412	[1078]	:	Key	71	DOWN	at	1395412 
1399662	[4250]	:	time Target is 1399662
1400247	[585]	:	Key	71	DOWN	at	1400247 
1405001	[4754]	:	time Target is 1405001
1406456	[1455]	:	Key	71	DOWN	at	1406456 
1410335	[3879]	:	time Target is 1410335
1410792	[457]	:	Key	71	DOWN	at	1410791 
1415676	[4884]	:	time Target is 1415676
1420997	[5321]	:	time Target is 1420997
1421429	[432]	:	Key	71	DOWN	at	1421429 
1426329	[4900]	:	time Target is 1426329
1427047	[718]	:	Key	71	DOWN	at	1427046 
1431672	[4625]	:	time Target is 1431672
1432631	[959]	:	Key	71	DOWN	at	1432630 
1437009	[4378]	:	time Target is 1437009
1442333	[5324]	:	time Target is 1442333
1442695	[362]	:	Key	71	DOWN	at	1442695 
1447673	[4978]	:	time Target is 1447673
1452997	[5324]	:	time Target is 1452997
1458318	[5321]	:	time Target is 1458318
1463648	[5330]	:	time Target is 1463648
1464149	[501]	:	Key	71	DOWN	at	1464149 
1468989	[4840]	:	time Target is 1468989
1470393	[1404]	:	Key	71	DOWN	at	1470393 
1474354	[3961]	:	time Target is 1474354
1479678	[5324]	:	time Target is 1479678
1485006	[5328]	:	time Target is 1485006
1490332	[5326]	:	time Target is 1490332
1495655	[5323]	:	time Target is 1495655
1496166	[511]	:	Key	71	DOWN	at	1496166 
1500992	[4826]	:	time Target is 1500992
1501528	[536]	:	Key	71	DOWN	at	1501528 
1506326	[4798]	:	time Target is 1506326
1511647	[5321]	:	time Target is 1511647
1516962	[5315]	:	time Target is 1516962
1522283	[5321]	:	time Target is 1522283
1522854	[571]	:	Key	71	DOWN	at	1522854 
1527637	[4783]	:	time Target is 1527637
1528150	[513]	:	Key	71	DOWN	at	1528150 
1533000	[4850]	:	time Target is 1533000
1533733	[733]	:	Key	71	DOWN	at	1533733 
1538326	[4593]	:	time Target is 1538326
1543674	[5348]	:	time Target is 1543674
1548991	[5317]	:	time Target is 1548991
1554312	[5321]	:	time Target is 1554312
1554728	[416]	:	Key	71	DOWN	at	1554728 
1559643	[4915]	:	time Target is 1559643
1560455	[812]	:	Key	71	DOWN	at	1560454 
1564987	[4532]	:	time Target is 1564987
1565497	[510]	:	Key	71	DOWN	at	1565496 
1570341	[4844]	:	time Target is 1570341
1570727	[386]	:	Key	71	DOWN	at	1570727 
1575679	[4952]	:	time Target is 1575679
1576292	[613]	:	Key	71	DOWN	at	1576292 
1581021	[4729]	:	time Target is 1581021
1581446	[425]	:	Key	71	DOWN	at	1581446 
1586359	[4913]	:	time Target is 1586359
1591679	[5320]	:	time Target is 1591679
1597006	[5327]	:	time Target is 1597006
1597382	[376]	:	Key	71	DOWN	at	1597380 
1602344	[4962]	:	time Target is 1602344
1607656	[5312]	:	time Target is 1607656
1612982	[5326]	:	time Target is 1612982
1614295	[1313]	:	Key	71	DOWN	at	1614295 
1618319	[4024]	:	time Target is 1618319
1623640	[5321]	:	time Target is 1623640
1623987	[347]	:	Key	71	DOWN	at	1623987 
1628968	[4981]	:	time Target is 1628968
1629673	[705]	:	Key	71	DOWN	at	1629672 
1634311	[4638]	:	time Target is 1634311
1639631	[5320]	:	time Target is 1639631
1639976	[345]	:	Key	71	DOWN	at	1639976 
1644966	[4990]	:	time Target is 1644966
1650286	[5320]	:	time Target is 1650286
1650980	[694]	:	Key	71	DOWN	at	1650980 
1655623	[4643]	:	time Target is 1655623
1656154	[531]	:	Key	71	DOWN	at	1656152 
1660964	[4810]	:	time Target is 1660964
1666292	[5328]	:	time Target is 1666292
1666855	[563]	:	Key	71	DOWN	at	1666854 
1671630	[4775]	:	time Target is 1671630
1672407	[777]	:	Key	71	DOWN	at	1672407 
1676972	[4565]	:	time Target is 1676972
1677476	[504]	:	Key	71	DOWN	at	1677476 
1682309	[4833]	:	time Target is 1682309
1687637	[5328]	:	time Target is 1687637
1687960	[323]	:	Key	71	DOWN	at	1687960 
1692978	[5018]	:	time Target is 1692978
1693541	[563]	:	Key	71	DOWN	at	1693541 
1698311	[4770]	:	time Target is 1698311
1698803	[492]	:	Key	71	DOWN	at	1698803 
1703651	[4848]	:	time Target is 1703651
1704709	[1058]	:	Key	71	DOWN	at	1704709 
1708996	[4287]	:	time Target is 1708996
1714317	[5321]	:	time Target is 1714317
1714936	[619]	:	Key	71	DOWN	at	1714936 
1719654	[4718]	:	time Target is 1719654
1720408	[754]	:	Key	71	DOWN	at	1720408 
1724996	[4588]	:	time Target is 1724996
1725655	[659]	:	Key	71	DOWN	at	1725655 
1730329	[4674]	:	time Target is 1730329
1731317	[988]	:	Key	71	DOWN	at	1731316 
1735666	[4349]	:	time Target is 1735666
1735992	[326]	:	Key	71	DOWN	at	1735992 
1741001	[5009]	:	time Target is 1741001
1741363	[362]	:	Key	71	DOWN	at	1741363 
1746351	[4988]	:	time Target is 1746351
1746985	[634]	:	Key	71	DOWN	at	1746984 
1751690	[4705]	:	time Target is 1751690
1752150	[460]	:	Key	71	DOWN	at	1752149 
1757019	[4869]	:	time Target is 1757019
1757288	[269]	:	Key	71	DOWN	at	1757287 
1762355	[5067]	:	time Target is 1762355
1767680	[5325]	:	time Target is 1767680
1773000	[5320]	:	time Target is 1773000
1778323	[5323]	:	time Target is 1778323
1778695	[372]	:	Key	71	DOWN	at	1778695 
1783661	[4966]	:	time Target is 1783661
1784024	[363]	:	Key	71	DOWN	at	1784023 
1789003	[4979]	:	time Target is 1789003
1789511	[508]	:	Key	71	DOWN	at	1789510 
1794340	[4829]	:	time Target is 1794340
1795127	[787]	:	Key	71	DOWN	at	1795126 
1799688	[4561]	:	time Target is 1799687
1805033	[5345]	:	time Target is 1805033
1805575	[542]	:	Key	71	DOWN	at	1805575 
1809334	[3759]	:	Key	71	UP	at	1805766 
1821109	[11775]	:	Key	71	DOWN	at	1821109 
1821899	[790]	:	Key	71	UP	at	1821187 
1822167	[268]	:	time Target is 1822167
1822662	[495]	:	Key	71	DOWN	at	1822662 
1827505	[4843]	:	time Target is 1827505
1832830	[5325]	:	time Target is 1832830
1833156	[326]	:	Key	71	DOWN	at	1833156 
1838163	[5007]	:	time Target is 1838163
1838519	[356]	:	Key	71	DOWN	at	1838519 
1843502	[4983]	:	time Target is 1843502
1848831	[5329]	:	time Target is 1848831
1854148	[5317]	:	time Target is 1854148
1854504	[356]	:	Key	71	DOWN	at	1854503 
1859490	[4986]	:	time Target is 1859490
1860136	[646]	:	Key	71	DOWN	at	1860136 
1864828	[4692]	:	time Target is 1864828
1866038	[1210]	:	Key	71	DOWN	at	1866038 
1870168	[4130]	:	time Target is 1870168
1871173	[1005]	:	Key	71	DOWN	at	1871173 
1875511	[4338]	:	time Target is 1875511
1876483	[972]	:	Key	71	DOWN	at	1876483 
1880841	[4358]	:	time Target is 1880841
1881177	[336]	:	Key	71	DOWN	at	1881176 
1886183	[5006]	:	time Target is 1886183
1891507	[5324]	:	time Target is 1891507
1892216	[709]	:	Key	71	DOWN	at	1892215 
1896843	[4627]	:	time Target is 1896843
1897607	[764]	:	Key	71	DOWN	at	1897607 
1902180	[4573]	:	time Target is 1902180
1902771	[591]	:	Key	71	DOWN	at	1902771 
1907512	[4741]	:	time Target is 1907512
1907896	[384]	:	Key	71	DOWN	at	1907896 
1912853	[4957]	:	time Target is 1912853
1918178	[5325]	:	time Target is 1918178
1919030	[852]	:	Key	71	DOWN	at	1919030 
1923517	[4487]	:	time Target is 1923517
1924117	[600]	:	Key	71	DOWN	at	1924117 
1928856	[4739]	:	time Target is 1928856
1929347	[491]	:	Key	71	DOWN	at	1929347 
1934191	[4844]	:	time Target is 1934191
1934837	[646]	:	Key	71	DOWN	at	1934837 
1939526	[4689]	:	time Target is 1939526
1940071	[545]	:	Key	71	DOWN	at	1940071 
1944866	[4795]	:	time Target is 1944866
1945335	[469]	:	Key	71	DOWN	at	1945335 
1950243	[4908]	:	time Target is 1950243
1950804	[561]	:	Key	71	DOWN	at	1950802 
1955585	[4781]	:	time Target is 1955585
1955940	[355]	:	Key	71	DOWN	at	1955940 
1960923	[4983]	:	time Target is 1960923
1961812	[889]	:	Key	71	DOWN	at	1961811 
1966260	[4448]	:	time Target is 1966260
1966744	[484]	:	Key	71	DOWN	at	1966744 
1971593	[4849]	:	time Target is 1971593
1976911	[5318]	:	time Target is 1976911
1982230	[5319]	:	time Target is 1982230
1987546	[5316]	:	time Target is 1987546
1992877	[5331]	:	time Target is 1992877
1993571	[694]	:	Key	71	DOWN	at	1993571 
1998213	[4642]	:	time Target is 1998213
2003533	[5320]	:	time Target is 2003533
2004355	[822]	:	Key	71	DOWN	at	2004355 
2008877	[4522]	:	time Target is 2008877
2014205	[5328]	:	time Target is 2014205
2014547	[342]	:	Key	71	DOWN	at	2014546 
2019542	[4995]	:	time Target is 2019542
2024863	[5321]	:	time Target is 2024863
2025379	[516]	:	Key	71	DOWN	at	2025379 
2030215	[4836]	:	time Target is 2030215
2031575	[1360]	:	Key	71	DOWN	at	2031575 
2035551	[3976]	:	time Target is 2035551
2036453	[902]	:	Key	71	DOWN	at	2036453 
2040890	[4437]	:	time Target is 2040890
2041156	[266]	:	Key	71	DOWN	at	2041154 
2046231	[5075]	:	time Target is 2046231
2051554	[5323]	:	time Target is 2051554
2051812	[258]	:	Key	71	DOWN	at	2051811 
2056889	[5077]	:	time Target is 2056889
2057251	[362]	:	Key	71	DOWN	at	2057250 
2062248	[4997]	:	time Target is 2062248
2062583	[335]	:	Key	71	DOWN	at	2062583 
2067601	[5018]	:	time Target is 2067601
2067976	[375]	:	Key	71	DOWN	at	2067975 
2072936	[4960]	:	time Target is 2072936
2078303	[5367]	:	time Target is 2078303
2078998	[695]	:	Key	71	DOWN	at	2078998 
2083705	[4707]	:	time Target is 2083705
2083989	[284]	:	Key	71	DOWN	at	2083989 
2089043	[5054]	:	time Target is 2089043
2089379	[336]	:	Key	71	DOWN	at	2089379 
2094386	[5007]	:	time Target is 2094386
2094821	[435]	:	Key	71	DOWN	at	2094820 
2099725	[4904]	:	time Target is 2099725
2100246	[521]	:	Key	71	DOWN	at	2100246 
2105060	[4814]	:	time Target is 2105060
2105432	[372]	:	Key	71	DOWN	at	2105431 
2110417	[4985]	:	time Target is 2110417
2115738	[5321]	:	time Target is 2115738
2121079	[5341]	:	time Target is 2121079
2121396	[317]	:	Key	71	DOWN	at	2121396 
2126416	[5020]	:	time Target is 2126416
2131742	[5326]	:	time Target is 2131742
2132312	[570]	:	Key	71	DOWN	at	2132312 
2137077	[4765]	:	time Target is 2137077
2142399	[5322]	:	time Target is 2142399
2142790	[391]	:	Key	71	DOWN	at	2142790 
2147735	[4945]	:	time Target is 2147735
2148004	[269]	:	Key	71	DOWN	at	2148004 
2153064	[5060]	:	Key	71	DOWN	at	2152838 
2153064	[0]	:	Key	71	UP	at	2152983 
2155875	[2811]	:	time Target is 2155875
2156262	[387]	:	Key	71	DOWN	at	2156261 
2161214	[4952]	:	time Target is 2161214
2161590	[376]	:	Key	71	DOWN	at	2161590 
2166556	[4966]	:	time Target is 2166556
2167112	[556]	:	Key	71	DOWN	at	2167111 
2171900	[4788]	:	time Target is 2171900
2172535	[635]	:	Key	71	DOWN	at	2172535 
2177234	[4699]	:	time Target is 2177234
2177605	[371]	:	Key	71	DOWN	at	2177605 
2182573	[4968]	:	time Target is 2182573
2182999	[426]	:	Key	71	DOWN	at	2182998 
2187911	[4912]	:	time Target is 2187911
2193232	[5321]	:	time Target is 2193232
2198550	[5318]	:	time Target is 2198550
2203876	[5326]	:	time Target is 2203876
2209199	[5323]	:	time Target is 2209199
2209544	[345]	:	Key	71	DOWN	at	2209544 
2214540	[4996]	:	time Target is 2214540
2219863	[5323]	:	time Target is 2219863
2225191	[5328]	:	time Target is 2225191
2230525	[5334]	:	time Target is 2230525
2231683	[1158]	:	Key	71	DOWN	at	2231683 
2235859	[4176]	:	time Target is 2235859
2236294	[435]	:	Key	71	DOWN	at	2236294 
2241188	[4894]	:	time Target is 2241188
2246509	[5321]	:	time Target is 2246509
2246917	[408]	:	Key	71	DOWN	at	2246917 
2251848	[4931]	:	time Target is 2251848
2257167	[5319]	:	time Target is 2257167
2258006	[839]	:	Key	71	DOWN	at	2258006 
2262509	[4503]	:	time Target is 2262509
2263013	[504]	:	Key	71	DOWN	at	2263013 
2267849	[4836]	:	time Target is 2267849
2269205	[1356]	:	Key	71	DOWN	at	2269205 
2273181	[3976]	:	time Target is 2273181
2278501	[5320]	:	time Target is 2278501
2283822	[5321]	:	time Target is 2283822
2284310	[488]	:	Key	71	DOWN	at	2284309 
2289158	[4848]	:	time Target is 2289158
2289491	[333]	:	Key	71	DOWN	at	2289490 
2294497	[5006]	:	time Target is 2294497
2295592	[1095]	:	Key	71	DOWN	at	2295591 
2298802	[3210]	:	Key	71	UP	at	2295732 
2305797	[6995]	:	Key	71	DOWN	at	2305797 
2305926	[129]	:	Key	71	UP	at	2305926 
2321368	[15442]	:	Key	28	DOWN	at	2321368 
2321511	[143]	:	Key	28	UP	at	2321511 
2325299	[3788]	:	Key	28	DOWN	at	2325299 
2325446	[147]	:	Key	28	UP	at	2325446 
2330628	[5182]	:	Key	29	DOWN	at	2330628 
2330757	[129]	:	Key	29	UP	at	2330756 
2333223	[2466]	:	Key	29	DOWN	at	2333223 
2333366	[143]	:	Key	29	UP	at	2333365 
2335431	[2065]	:	Key	28	DOWN	at	2335431 
2335558	[127]	:	Key	28	UP	at	2335558 
2338259	[2701]	:	Key	28	DOWN	at	2338258 
2338389	[130]	:	Key	28	UP	at	2338388 
2342675	[4286]	:	Key	29	DOWN	at	2342675 
2342836	[161]	:	Key	29	UP	at	2342836 
2350708	[7872]	:	Key	29	DOWN	at	2350708 
2350872	[164]	:	Key	29	UP	at	2350871 
2357447	[6575]	:	Key	28	DOWN	at	2357447 
2357557	[110]	:	Key	28	UP	at	2357556 
2360483	[2926]	:	Key	28	DOWN	at	2360483 
2360611	[128]	:	Key	28	UP	at	2360611 
2367268	[6657]	:	Key	28	DOWN	at	2367268 
2367381	[113]	:	Key	28	UP	at	2367380 
2376740	[9359]	:	Key	28	DOWN	at	2376740 
2376869	[129]	:	Key	28	UP	at	2376869 
2379302	[2433]	:	Key	28	DOWN	at	2379301 
2379426	[124]	:	Key	28	UP	at	2379426 
2381862	[2436]	:	Key	28	DOWN	at	2381861 
2381974	[112]	:	Key	28	UP	at	2381973 
2386998	[5024]	:	Key	29	DOWN	at	2386998 
2387142	[144]	:	Key	29	UP	at	2387142 
2389238	[2096]	:	Key	29	DOWN	at	2389237 
2389259	[21]	:	COGENT STOP
