Cog2000 log file Thu Aug 22 16:14:31 2019
gprim v1.33 Compiled:Aug 12 2015 (GLib DirectDraw v7 DX12.0 Compiled:Aug 12 2015)
Display:1024x768x32 59.95Hz
CogInput v1.05 Compiled: May 20 2010
1	[1]	:	COGENT START
10591	[10590]	:	Key	71	DOWN	at	10590   
10672	[81]	:	Key	71	UP	at	10672   
28400	[17728]	:	Key	71	DOWN	at	28400   
28494	[94]	:	Key	71	UP	at	28494   
32557	[4063]	:	Key	71	DOWN	at	32557   
32656	[99]	:	Key	71	UP	at	32656   
43794	[11138]	:	Key	71	DOWN	at	43793   
43857	[63]	:	Key	71	UP	at	43857   
58047	[14190]	:	Key	71	DOWN	at	58047   
58111	[64]	:	Key	71	UP	at	58111   
75251	[17140]	:	Key	71	DOWN	at	75250   
76080	[829]	:	time Target is 76079
76818	[738]	:	Key	71	DOWN	at	76818   
82173	[5355]	:	time Target is 82173
82621	[448]	:	Key	71	DOWN	at	82621   
88266	[5645]	:	time Target is 88266
88691	[425]	:	Key	71	DOWN	at	88690   
94360	[5669]	:	time Target is 94360
94866	[506]	:	Key	71	DOWN	at	94866   
103715	[8849]	:	Key	71	DOWN	at	103714  
104784	[1069]	:	time Target is 104784
111106	[6322]	:	time Target is 111106
117427	[6321]	:	time Target is 117427
123750	[6323]	:	time Target is 123750
141903	[18153]	:	Key	71	DOWN	at	141902  
142030	[127]	:	Key	71	UP	at	142029  
146146	[4116]	:	Key	71	DOWN	at	146146  
146240	[94]	:	Key	71	UP	at	146239  
150689	[4449]	:	Key	71	DOWN	at	150688  
150787	[98]	:	Key	71	UP	at	150786  
159057	[8270]	:	Key	71	DOWN	at	159057  
159134	[77]	:	Key	71	UP	at	159134  
163757	[4623]	:	Key	71	DOWN	at	163757  
164558	[801]	:	Key	71	UP	at	163906  
164582	[24]	:	time Target is 164582
165058	[476]	:	Key	71	DOWN	at	165058  
169671	[4613]	:	time Target is 169671
170352	[681]	:	Key	71	DOWN	at	170351  
174771	[4419]	:	time Target is 174771
175250	[479]	:	Key	71	DOWN	at	175249  
179862	[4612]	:	time Target is 179862
180254	[392]	:	Key	71	DOWN	at	180254  
184957	[4703]	:	time Target is 184957
185328	[371]	:	Key	71	DOWN	at	185327  
189255	[3927]	:	Key	71	UP	at	185458  
192414	[3159]	:	Key	71	DOWN	at	192414  
193198	[784]	:	Key	71	UP	at	192526  
193220	[22]	:	time Target is 193220
203999	[10779]	:	Key	71	DOWN	at	203998  
204162	[163]	:	Key	71	UP	at	204162  
206018	[1856]	:	Key	71	DOWN	at	206017  
206811	[793]	:	Key	71	UP	at	206113  
206834	[23]	:	time Target is 206834
207293	[459]	:	Key	71	DOWN	at	207293  
211921	[4628]	:	time Target is 211921
212306	[385]	:	Key	71	DOWN	at	212306  
217006	[4700]	:	time Target is 217006
217378	[372]	:	Key	71	DOWN	at	217378  
222091	[4713]	:	time Target is 222091
222686	[595]	:	Key	71	DOWN	at	222685  
227177	[4491]	:	time Target is 227177
227551	[374]	:	Key	71	DOWN	at	227550  
232271	[4720]	:	time Target is 232271
232575	[304]	:	Key	71	DOWN	at	232575  
236574	[3999]	:	Key	71	UP	at	232737  
238962	[2388]	:	Key	71	DOWN	at	238961  
239751	[789]	:	Key	71	UP	at	239070  
239771	[20]	:	time Target is 239770
251069	[11298]	:	Key	71	DOWN	at	251069  
251231	[162]	:	Key	71	UP	at	251230  
252898	[1667]	:	Key	71	DOWN	at	252898  
253689	[791]	:	Key	71	UP	at	253039  
253709	[20]	:	time Target is 253709
254291	[582]	:	Key	71	DOWN	at	254289  
258793	[4502]	:	time Target is 258793
259166	[373]	:	Key	71	DOWN	at	259166  
263876	[4710]	:	time Target is 263876
264595	[719]	:	Key	71	DOWN	at	264594  
268957	[4362]	:	time Target is 268957
269458	[501]	:	Key	71	DOWN	at	269457  
274047	[4589]	:	time Target is 274047
274336	[289]	:	Key	71	DOWN	at	274336  
279134	[4798]	:	time Target is 279134
279535	[401]	:	Key	71	DOWN	at	279535  
283427	[3892]	:	Key	71	UP	at	279725  
285262	[1835]	:	Key	71	DOWN	at	285262  
286051	[789]	:	Key	71	UP	at	285439  
286073	[22]	:	time Target is 286073
296801	[10728]	:	Key	71	DOWN	at	296801  
296978	[177]	:	Key	71	UP	at	296978  
298674	[1696]	:	Key	71	DOWN	at	298674  
299465	[791]	:	Key	71	UP	at	298765  
299487	[22]	:	time Target is 299487
300319	[832]	:	Key	71	DOWN	at	300319  
304575	[4256]	:	time Target is 304575
304979	[404]	:	Key	71	DOWN	at	304978  
309667	[4688]	:	time Target is 309667
310066	[399]	:	Key	71	DOWN	at	310066  
314753	[4687]	:	time Target is 314753
315330	[577]	:	Key	71	DOWN	at	315328  
319842	[4512]	:	time Target is 319842
320318	[476]	:	Key	71	DOWN	at	320318  
324935	[4617]	:	time Target is 324935
325523	[588]	:	Key	71	DOWN	at	325522  
329227	[3704]	:	Key	71	UP	at	325647  
331393	[2166]	:	Key	71	DOWN	at	331393  
332183	[790]	:	Key	71	UP	at	331506  
332207	[24]	:	time Target is 332207
333086	[879]	:	Key	71	DOWN	at	333086  
336503	[3417]	:	Key	71	UP	at	333184  
338221	[1718]	:	Key	71	DOWN	at	338221  
339010	[789]	:	Key	71	UP	at	338317  
339034	[24]	:	time Target is 339034
350719	[11685]	:	Key	71	DOWN	at	350719  
350832	[113]	:	Key	71	UP	at	350831  
365490	[14658]	:	Key	71	DOWN	at	365490  
365618	[128]	:	Key	71	UP	at	365618  
379167	[13549]	:	Key	71	DOWN	at	379167  
379326	[159]	:	Key	71	UP	at	379325  
390495	[11169]	:	Key	71	DOWN	at	390495  
390637	[142]	:	Key	71	UP	at	390637  
394930	[4293]	:	Key	71	DOWN	at	394929  
397488	[2558]	:	time Target is 397488
397936	[448]	:	Key	71	DOWN	at	397936  
402835	[4899]	:	time Target is 402835
403230	[395]	:	Key	71	DOWN	at	403229  
408175	[4945]	:	time Target is 408175
408511	[336]	:	Key	71	DOWN	at	408510  
413515	[5004]	:	time Target is 413515
413890	[375]	:	Key	71	DOWN	at	413890  
418858	[4968]	:	time Target is 418858
424187	[5329]	:	time Target is 424187
425377	[1190]	:	Key	71	DOWN	at	425376  
429525	[4148]	:	time Target is 429525
434845	[5320]	:	time Target is 434845
440166	[5321]	:	time Target is 440166
440642	[476]	:	Key	71	DOWN	at	440641  
445501	[4859]	:	time Target is 445501
446111	[610]	:	Key	71	DOWN	at	446111  
450838	[4727]	:	time Target is 450838
451120	[282]	:	Key	71	DOWN	at	451120  
456171	[5051]	:	time Target is 456171
456591	[420]	:	Key	71	DOWN	at	456591  
461505	[4914]	:	time Target is 461505
462224	[719]	:	Key	71	DOWN	at	462224  
466841	[4617]	:	time Target is 466841
467167	[326]	:	Key	71	DOWN	at	467166  
472182	[5015]	:	time Target is 472182
472608	[426]	:	Key	71	DOWN	at	472607  
477516	[4908]	:	time Target is 477516
482846	[5330]	:	time Target is 482846
488174	[5328]	:	time Target is 488174
488675	[501]	:	Key	71	DOWN	at	488674  
493509	[4834]	:	time Target is 493509
493982	[473]	:	Key	71	DOWN	at	493981  
498846	[4864]	:	time Target is 498846
499279	[433]	:	Key	71	DOWN	at	499279  
504182	[4903]	:	time Target is 504182
504462	[280]	:	Key	71	DOWN	at	504462  
509510	[5048]	:	time Target is 509510
509874	[364]	:	Key	71	DOWN	at	509874  
514844	[4970]	:	time Target is 514844
515250	[406]	:	Key	71	DOWN	at	515249  
520182	[4932]	:	time Target is 520182
520717	[535]	:	Key	71	DOWN	at	520717  
525510	[4793]	:	time Target is 525510
526254	[744]	:	Key	71	DOWN	at	526253  
530852	[4598]	:	time Target is 530852
536170	[5318]	:	time Target is 536170
536529	[359]	:	Key	71	DOWN	at	536529  
541510	[4981]	:	time Target is 541510
541874	[364]	:	Key	71	DOWN	at	541873  
546849	[4975]	:	time Target is 546849
552172	[5323]	:	time Target is 552172
552465	[293]	:	Key	71	DOWN	at	552465  
557511	[5046]	:	time Target is 557511
562829	[5318]	:	time Target is 562829
563235	[406]	:	Key	71	DOWN	at	563235  
568168	[4933]	:	time Target is 568168
568909	[741]	:	Key	71	DOWN	at	568909  
573504	[4595]	:	time Target is 573504
574176	[672]	:	Key	71	DOWN	at	574175  
578845	[4669]	:	time Target is 578845
584163	[5318]	:	time Target is 584163
589487	[5324]	:	time Target is 589487
589839	[352]	:	Key	71	DOWN	at	589838  
594826	[4987]	:	time Target is 594826
595454	[628]	:	Key	71	DOWN	at	595454  
600163	[4709]	:	time Target is 600163
600557	[394]	:	Key	71	DOWN	at	600557  
605501	[4944]	:	time Target is 605501
606368	[867]	:	Key	71	DOWN	at	606367  
610838	[4470]	:	time Target is 610838
616162	[5324]	:	time Target is 616162
616530	[368]	:	Key	71	DOWN	at	616529  
621504	[4974]	:	time Target is 621504
621906	[402]	:	Key	71	DOWN	at	621906  
626836	[4930]	:	time Target is 626836
627248	[412]	:	Key	71	DOWN	at	627248  
632170	[4922]	:	time Target is 632170
637491	[5321]	:	time Target is 637491
637827	[336]	:	Key	71	DOWN	at	637826  
642828	[5001]	:	time Target is 642828
643776	[948]	:	Key	71	DOWN	at	643776  
648175	[4399]	:	time Target is 648175
648641	[466]	:	Key	71	DOWN	at	648641  
653512	[4871]	:	time Target is 653512
653871	[359]	:	Key	71	DOWN	at	653870  
658851	[4980]	:	time Target is 658851
659136	[285]	:	Key	71	DOWN	at	659135  
664191	[5055]	:	time Target is 664191
669517	[5326]	:	time Target is 669517
670082	[565]	:	Key	71	DOWN	at	670082  
674850	[4768]	:	time Target is 674850
675199	[349]	:	Key	71	DOWN	at	675199  
680192	[4993]	:	time Target is 680192
681071	[879]	:	Key	71	DOWN	at	681071  
685527	[4456]	:	time Target is 685527
685904	[377]	:	Key	71	DOWN	at	685904  
690864	[4960]	:	time Target is 690864
691169	[305]	:	Key	71	DOWN	at	691169  
696210	[5041]	:	time Target is 696210
697251	[1041]	:	Key	71	DOWN	at	697250  
701547	[4296]	:	time Target is 701547
702640	[1093]	:	Key	71	DOWN	at	702639  
706886	[4246]	:	time Target is 706886
707151	[265]	:	Key	71	DOWN	at	707150  
712234	[5083]	:	time Target is 712234
713216	[982]	:	Key	71	DOWN	at	713215  
717570	[4354]	:	time Target is 717570
722890	[5320]	:	time Target is 722890
728219	[5329]	:	time Target is 728219
728494	[275]	:	Key	71	DOWN	at	728494  
733556	[5062]	:	time Target is 733556
733886	[330]	:	Key	71	DOWN	at	733885  
738891	[5005]	:	time Target is 738891
739394	[503]	:	Key	71	DOWN	at	739394  
744222	[4828]	:	time Target is 744222
749546	[5324]	:	time Target is 749546
754865	[5319]	:	time Target is 754865
755214	[349]	:	Key	71	DOWN	at	755213  
760199	[4985]	:	time Target is 760199
761038	[839]	:	Key	71	DOWN	at	761038  
765539	[4501]	:	time Target is 765539
765837	[298]	:	Key	71	DOWN	at	765837  
770865	[5028]	:	time Target is 770865
776195	[5330]	:	time Target is 776195
781516	[5321]	:	time Target is 781516
781918	[402]	:	Key	71	DOWN	at	781918  
786853	[4935]	:	time Target is 786853
788254	[1401]	:	Key	71	DOWN	at	788254  
792189	[3935]	:	time Target is 792189
797514	[5325]	:	time Target is 797514
798033	[519]	:	Key	71	DOWN	at	798033  
802855	[4822]	:	time Target is 802855
808172	[5317]	:	time Target is 808172
813498	[5326]	:	time Target is 813498
813762	[264]	:	Key	71	DOWN	at	813762  
818833	[5071]	:	time Target is 818833
820047	[1214]	:	Key	71	DOWN	at	820047  
824171	[4124]	:	time Target is 824171
829495	[5324]	:	time Target is 829495
834817	[5322]	:	time Target is 834817
840138	[5321]	:	time Target is 840138
845465	[5327]	:	time Target is 845465
850784	[5319]	:	time Target is 850784
856101	[5317]	:	time Target is 856101
856527	[426]	:	Key	71	DOWN	at	856526  
861449	[4922]	:	time Target is 861449
862002	[553]	:	Key	71	DOWN	at	862002  
866786	[4784]	:	time Target is 866786
867119	[333]	:	Key	71	DOWN	at	867119  
872118	[4999]	:	time Target is 872118
877794	[5676]	:	Key	71	DOWN	at	877794  
878583	[789]	:	Key	71	UP	at	877922  
878853	[270]	:	time Target is 878853
879469	[616]	:	Key	71	DOWN	at	879469  
884186	[4717]	:	time Target is 884186
884498	[312]	:	Key	71	DOWN	at	884498  
889540	[5042]	:	time Target is 889540
894860	[5320]	:	time Target is 894860
895055	[195]	:	Key	71	DOWN	at	895054  
900198	[5143]	:	time Target is 900198
900783	[585]	:	Key	71	DOWN	at	900782  
905538	[4755]	:	time Target is 905538
905774	[236]	:	Key	71	DOWN	at	905773  
910877	[5103]	:	time Target is 910877
911167	[290]	:	Key	71	DOWN	at	911166  
916216	[5049]	:	time Target is 916216
916558	[342]	:	Key	71	DOWN	at	916558  
921561	[5003]	:	time Target is 921561
921919	[358]	:	Key	71	DOWN	at	921918  
926896	[4977]	:	time Target is 926896
927184	[288]	:	Key	71	DOWN	at	927183  
932230	[5046]	:	time Target is 932230
937548	[5318]	:	time Target is 937548
942873	[5325]	:	time Target is 942873
948196	[5323]	:	time Target is 948196
953520	[5324]	:	time Target is 953520
953839	[319]	:	Key	71	DOWN	at	953838  
958858	[5019]	:	time Target is 958858
959182	[324]	:	Key	71	DOWN	at	959182  
964194	[5012]	:	time Target is 964194
969510	[5316]	:	time Target is 969510
969874	[364]	:	Key	71	DOWN	at	969874  
974851	[4977]	:	time Target is 974851
975200	[349]	:	Key	71	DOWN	at	975199  
980192	[4992]	:	time Target is 980192
985250	[5058]	:	Key	71	DOWN	at	984973  
985251	[1]	:	Key	71	UP	at	985102  
988065	[2814]	:	time Target is 988065
993388	[5323]	:	time Target is 993388
998716	[5328]	:	time Target is 998716
999055	[339]	:	Key	71	DOWN	at	999054  
1004055	[5000]	:	time Target is 1004055
1004381	[326]	:	Key	71	DOWN	at	1004381 
1009393	[5012]	:	time Target is 1009393
1009726	[333]	:	Key	71	DOWN	at	1009726 
1014741	[5015]	:	time Target is 1014741
1020063	[5322]	:	time Target is 1020063
1021121	[1058]	:	Key	71	DOWN	at	1021121 
1025404	[4283]	:	time Target is 1025404
1025743	[339]	:	Key	71	DOWN	at	1025743 
1030748	[5005]	:	time Target is 1030748
1031074	[326]	:	Key	71	DOWN	at	1031074 
1036082	[5008]	:	time Target is 1036082
1041413	[5331]	:	time Target is 1041413
1041693	[280]	:	Key	71	DOWN	at	1041693 
1046750	[5057]	:	time Target is 1046750
1047073	[323]	:	Key	71	DOWN	at	1047073 
1052090	[5017]	:	time Target is 1052090
1057411	[5321]	:	time Target is 1057411
1062732	[5321]	:	time Target is 1062732
1063299	[567]	:	Key	71	DOWN	at	1063298 
1068069	[4770]	:	time Target is 1068069
1068397	[328]	:	Key	71	DOWN	at	1068397 
1073403	[5006]	:	time Target is 1073403
1073711	[308]	:	Key	71	DOWN	at	1073711 
1078758	[5047]	:	time Target is 1078758
1084087	[5329]	:	time Target is 1084087
1089406	[5319]	:	time Target is 1089406
1094735	[5329]	:	time Target is 1094735
1095022	[287]	:	Key	71	DOWN	at	1095022 
1100074	[5052]	:	time Target is 1100074
1105393	[5319]	:	time Target is 1105393
1105730	[337]	:	Key	71	DOWN	at	1105730 
1110723	[4993]	:	time Target is 1110723
1111121	[398]	:	Key	71	DOWN	at	1111121 
1116061	[4940]	:	time Target is 1116061
1121388	[5327]	:	time Target is 1121388
1121712	[324]	:	Key	71	DOWN	at	1121712 
1126729	[5017]	:	time Target is 1126729
1132059	[5330]	:	time Target is 1132059
1132369	[310]	:	Key	71	DOWN	at	1132368 
1137394	[5025]	:	time Target is 1137394
1142721	[5327]	:	time Target is 1142721
1148040	[5319]	:	time Target is 1148040
1148354	[314]	:	Key	71	DOWN	at	1148353 
1153376	[5022]	:	time Target is 1153376
1153695	[319]	:	Key	71	DOWN	at	1153694 
1158710	[5015]	:	time Target is 1158710
1164032	[5322]	:	time Target is 1164032
1169352	[5320]	:	time Target is 1169352
1169663	[311]	:	Key	71	DOWN	at	1169663 
1174689	[5026]	:	time Target is 1174689
1174993	[304]	:	Key	71	DOWN	at	1174993 
1180025	[5032]	:	time Target is 1180025
1180398	[373]	:	Key	71	DOWN	at	1180397 
1185364	[4966]	:	time Target is 1185364
1190683	[5319]	:	time Target is 1190683
1190994	[311]	:	Key	71	DOWN	at	1190994 
1196025	[5031]	:	time Target is 1196025
1196751	[726]	:	Key	71	DOWN	at	1196750 
1201361	[4610]	:	time Target is 1201361
1206681	[5320]	:	time Target is 1206681
1207037	[356]	:	Key	71	DOWN	at	1207037 
1212019	[4982]	:	time Target is 1212019
1212350	[331]	:	Key	71	DOWN	at	1212350 
1217354	[5004]	:	time Target is 1217354
1222671	[5317]	:	time Target is 1222671
1227990	[5319]	:	time Target is 1227990
1228222	[232]	:	Key	71	DOWN	at	1228222 
1233332	[5110]	:	time Target is 1233332
1233550	[218]	:	Key	71	DOWN	at	1233550 
1238670	[5120]	:	time Target is 1238670
1243995	[5325]	:	time Target is 1243995
1249316	[5321]	:	time Target is 1249316
1254638	[5322]	:	time Target is 1254638
1259956	[5318]	:	time Target is 1259956
1265289	[5333]	:	time Target is 1265289
1270609	[5320]	:	time Target is 1270609
1271022	[413]	:	Key	71	DOWN	at	1271022 
1275944	[4922]	:	time Target is 1275944
1276542	[598]	:	Key	71	DOWN	at	1276542 
1281282	[4740]	:	time Target is 1281282
1281586	[304]	:	Key	71	DOWN	at	1281585 
1286624	[5038]	:	time Target is 1286624
1286914	[290]	:	Key	71	DOWN	at	1286913 
1291960	[5046]	:	time Target is 1291960
1292240	[280]	:	Key	71	DOWN	at	1292240 
1297298	[5058]	:	time Target is 1297298
1302623	[5325]	:	time Target is 1302623
1307946	[5323]	:	time Target is 1307946
1313259	[5313]	:	time Target is 1313259
1318589	[5330]	:	time Target is 1318589
1318845	[256]	:	Key	71	DOWN	at	1318845 
1323926	[5081]	:	time Target is 1323926
1329249	[5323]	:	time Target is 1329249
1329858	[609]	:	Key	71	DOWN	at	1329857 
1334583	[4725]	:	time Target is 1334583
1339905	[5322]	:	time Target is 1339905
1340304	[399]	:	Key	71	DOWN	at	1340302 
1345237	[4933]	:	time Target is 1345237
1345473	[236]	:	Key	71	DOWN	at	1345473 
1350582	[5109]	:	time Target is 1350582
1356353	[5771]	:	Key	71	DOWN	at	1356353 
1356558	[205]	:	Key	71	UP	at	1356558 
1359758	[3200]	:	Key	71	DOWN	at	1359758 
1360548	[790]	:	Key	71	UP	at	1359904 
1360815	[267]	:	time Target is 1360815
1361231	[416]	:	Key	71	DOWN	at	1361231 
1366174	[4943]	:	time Target is 1366174
1366719	[545]	:	Key	71	DOWN	at	1366719 
1371510	[4791]	:	time Target is 1371510
1372206	[696]	:	Key	71	DOWN	at	1372205 
1376846	[4640]	:	time Target is 1376846
1377168	[322]	:	Key	71	DOWN	at	1377167 
1382182	[5014]	:	time Target is 1382182
1382493	[311]	:	Key	71	DOWN	at	1382493 
1387528	[5035]	:	time Target is 1387528
1387806	[278]	:	Key	71	DOWN	at	1387806 
1392867	[5061]	:	time Target is 1392867
1393216	[349]	:	Key	71	DOWN	at	1393216 
1398200	[4984]	:	time Target is 1398200
1398433	[233]	:	Key	71	DOWN	at	1398431 
1403544	[5111]	:	time Target is 1403544
1408865	[5321]	:	time Target is 1408865
1409091	[226]	:	Key	71	DOWN	at	1409090 
1414203	[5112]	:	time Target is 1414203
1414527	[324]	:	Key	71	DOWN	at	1414527 
1419543	[5016]	:	time Target is 1419543
1419889	[346]	:	Key	71	DOWN	at	1419888 
1424886	[4997]	:	time Target is 1424886
1425487	[601]	:	Key	71	DOWN	at	1425487 
1430220	[4733]	:	time Target is 1430220
1435537	[5317]	:	time Target is 1435537
1435646	[109]	:	Key	71	DOWN	at	1435646 
1440879	[5233]	:	time Target is 1440879
1441152	[273]	:	Key	71	DOWN	at	1441152 
1446214	[5062]	:	time Target is 1446214
1451534	[5320]	:	time Target is 1451534
1456847	[5313]	:	time Target is 1456847
1457138	[291]	:	Key	71	DOWN	at	1457137 
1462186	[5048]	:	time Target is 1462186
1467515	[5329]	:	time Target is 1467515
1467666	[151]	:	Key	71	DOWN	at	1467665 
1472852	[5186]	:	time Target is 1472852
1473103	[251]	:	Key	71	DOWN	at	1473103 
1478190	[5087]	:	time Target is 1478190
1483520	[5330]	:	time Target is 1483520
1483602	[82]	:	Key	71	DOWN	at	1483602 
1488854	[5252]	:	time Target is 1488854
1489026	[172]	:	Key	71	DOWN	at	1489025 
1494196	[5170]	:	time Target is 1494196
1499524	[5328]	:	time Target is 1499524
1499806	[282]	:	Key	71	DOWN	at	1499806 
1504866	[5060]	:	time Target is 1504866
1505134	[268]	:	Key	71	DOWN	at	1505134 
1510200	[5066]	:	time Target is 1510200
1510770	[570]	:	Key	71	DOWN	at	1510770 
1515539	[4769]	:	time Target is 1515539
1520858	[5319]	:	time Target is 1520858
1526192	[5334]	:	time Target is 1526192
1527248	[1056]	:	Key	71	DOWN	at	1527248 
1531522	[4274]	:	time Target is 1531522
1532034	[512]	:	Key	71	DOWN	at	1532033 
1536868	[4834]	:	time Target is 1536868
1537167	[299]	:	Key	71	DOWN	at	1537167 
1542202	[5035]	:	time Target is 1542202
1542482	[280]	:	Key	71	DOWN	at	1542482 
1547538	[5056]	:	time Target is 1547538
1547745	[207]	:	Key	71	DOWN	at	1547745 
1552883	[5138]	:	time Target is 1552883
1558203	[5320]	:	time Target is 1558203
1563524	[5321]	:	time Target is 1563524
1568848	[5324]	:	time Target is 1568848
1569054	[206]	:	Key	71	DOWN	at	1569054 
1574183	[5129]	:	time Target is 1574183
1574463	[280]	:	Key	71	DOWN	at	1574462 
1579516	[5053]	:	time Target is 1579516
1579714	[198]	:	Key	71	DOWN	at	1579713 
1584857	[5143]	:	time Target is 1584857
1584992	[135]	:	Key	71	DOWN	at	1584992 
1590199	[5207]	:	time Target is 1590199
1590910	[711]	:	Key	71	DOWN	at	1590910 
1595530	[4620]	:	time Target is 1595530
1595694	[164]	:	Key	71	DOWN	at	1595693 
1600877	[5183]	:	time Target is 1600877
1601486	[609]	:	Key	71	DOWN	at	1601486 
1606209	[4723]	:	time Target is 1606209
1606351	[142]	:	Key	71	DOWN	at	1606351 
1611546	[5195]	:	time Target is 1611546
1612957	[1411]	:	Key	71	DOWN	at	1612957 
1616895	[3938]	:	time Target is 1616895
1617441	[546]	:	Key	71	DOWN	at	1617441 
1622235	[4794]	:	time Target is 1622235
1627553	[5318]	:	time Target is 1627553
1632870	[5317]	:	time Target is 1632870
1633088	[218]	:	Key	71	DOWN	at	1633088 
1638206	[5118]	:	time Target is 1638206
1638526	[320]	:	Key	71	DOWN	at	1638525 
1643547	[5021]	:	time Target is 1643547
1648966	[5419]	:	time Target is 1648966
1649262	[296]	:	Key	71	DOWN	at	1649262 
1654307	[5045]	:	time Target is 1654307
1654705	[398]	:	Key	71	DOWN	at	1654704 
1659645	[4940]	:	time Target is 1659645
1660093	[448]	:	Key	71	DOWN	at	1660093 
1664989	[4896]	:	time Target is 1664989
1665185	[196]	:	Key	71	DOWN	at	1665185 
1670325	[5140]	:	time Target is 1670325
1675651	[5326]	:	time Target is 1675651
1676145	[494]	:	Key	71	DOWN	at	1676145 
1680996	[4851]	:	time Target is 1680996
1681779	[783]	:	Key	71	DOWN	at	1681778 
1686340	[4561]	:	time Target is 1686340
1686527	[187]	:	Key	71	DOWN	at	1686526 
1691671	[5144]	:	time Target is 1691671
1696997	[5326]	:	time Target is 1696997
1702318	[5321]	:	time Target is 1702318
1702397	[79]	:	Key	71	DOWN	at	1702397 
1707658	[5261]	:	time Target is 1707658
1708225	[567]	:	Key	71	DOWN	at	1708224 
1713000	[4775]	:	time Target is 1713000
1718324	[5324]	:	time Target is 1718324
1723647	[5323]	:	time Target is 1723647
1728969	[5322]	:	time Target is 1728969
1729216	[247]	:	Key	71	DOWN	at	1729216 
1734306	[5090]	:	time Target is 1734306
1734881	[575]	:	Key	71	DOWN	at	1734881 
1739646	[4765]	:	time Target is 1739646
1739952	[306]	:	Key	71	DOWN	at	1739952 
1744984	[5032]	:	time Target is 1744984
1745486	[502]	:	Key	71	DOWN	at	1745486 
1750323	[4837]	:	time Target is 1750323
1750462	[139]	:	Key	71	DOWN	at	1750461 
1755659	[5197]	:	time Target is 1755659
1756733	[1074]	:	Key	71	DOWN	at	1756733 
1761002	[4269]	:	time Target is 1761001
1766320	[5318]	:	time Target is 1766320
1767027	[707]	:	Key	71	DOWN	at	1767026 
1771659	[4632]	:	time Target is 1771659
1776987	[5328]	:	time Target is 1776987
1782319	[5332]	:	time Target is 1782319
1782477	[158]	:	Key	71	DOWN	at	1782477 
1787657	[5180]	:	time Target is 1787657
1787858	[201]	:	Key	71	DOWN	at	1787858 
1792992	[5134]	:	time Target is 1792992
1793229	[237]	:	Key	71	DOWN	at	1793229 
1798329	[5100]	:	time Target is 1798329
1798658	[329]	:	Key	71	DOWN	at	1798658 
1803671	[5013]	:	time Target is 1803671
1803920	[249]	:	Key	71	DOWN	at	1803920 
1809007	[5087]	:	time Target is 1809007
1814341	[5334]	:	time Target is 1814341
1819672	[5331]	:	time Target is 1819672
1819951	[279]	:	Key	71	DOWN	at	1819950 
1825013	[5062]	:	time Target is 1825013
1830074	[5061]	:	Key	71	DOWN	at	1829969 
1832887	[2813]	:	time Target is 1832887
1833230	[343]	:	Key	71	DOWN	at	1833229 
1837189	[3959]	:	Key	71	UP	at	1833392 
1838368	[1179]	:	Key	71	DOWN	at	1838367 
1839159	[791]	:	Key	71	UP	at	1838557 
1839424	[265]	:	time Target is 1839424
1840014	[590]	:	Key	71	DOWN	at	1840014 
1844764	[4750]	:	time Target is 1844764
1850083	[5319]	:	time Target is 1850083
1850337	[254]	:	Key	71	DOWN	at	1850337 
1855428	[5091]	:	time Target is 1855428
1855725	[297]	:	Key	71	DOWN	at	1855725 
1860762	[5037]	:	time Target is 1860762
1860959	[197]	:	Key	71	DOWN	at	1860959 
1866100	[5141]	:	time Target is 1866100
1866414	[314]	:	Key	71	DOWN	at	1866414 
1871437	[5023]	:	time Target is 1871437
1876764	[5327]	:	time Target is 1876764
1877152	[388]	:	Key	71	DOWN	at	1877151 
1882106	[4954]	:	time Target is 1882106
1882370	[264]	:	Key	71	DOWN	at	1882369 
1887447	[5077]	:	time Target is 1887447
1887837	[390]	:	Key	71	DOWN	at	1887837 
1892782	[4945]	:	time Target is 1892782
1893008	[226]	:	Key	71	DOWN	at	1893008 
1898126	[5118]	:	time Target is 1898126
1898609	[483]	:	Key	71	DOWN	at	1898608 
1903466	[4857]	:	time Target is 1903466
1903950	[484]	:	Key	71	DOWN	at	1903950 
1908802	[4852]	:	time Target is 1908802
1909054	[252]	:	Key	71	DOWN	at	1909054 
1914142	[5088]	:	time Target is 1914142
1914286	[144]	:	Key	71	DOWN	at	1914286 
1919478	[5192]	:	time Target is 1919478
1924799	[5321]	:	time Target is 1924799
1925010	[211]	:	Key	71	DOWN	at	1925010 
1930133	[5123]	:	time Target is 1930133
1930366	[233]	:	Key	71	DOWN	at	1930366 
1935475	[5109]	:	time Target is 1935475
1935777	[302]	:	Key	71	DOWN	at	1935777 
1940812	[5035]	:	time Target is 1940812
1946133	[5321]	:	time Target is 1946133
1951466	[5333]	:	time Target is 1951466
1956792	[5326]	:	time Target is 1956792
1957102	[310]	:	Key	71	DOWN	at	1957102 
1962131	[5029]	:	time Target is 1962131
1962417	[286]	:	Key	71	DOWN	at	1962417 
1967476	[5059]	:	time Target is 1967476
1972798	[5322]	:	time Target is 1972798
1973087	[289]	:	Key	71	DOWN	at	1973087 
1978140	[5053]	:	time Target is 1978140
1978285	[145]	:	Key	71	DOWN	at	1978285 
1983475	[5190]	:	time Target is 1983475
1983694	[219]	:	Key	71	DOWN	at	1983694 
1988816	[5122]	:	time Target is 1988816
1989121	[305]	:	Key	71	DOWN	at	1989121 
1994155	[5034]	:	time Target is 1994155
1994370	[215]	:	Key	71	DOWN	at	1994370 
1999502	[5132]	:	time Target is 1999502
1999936	[434]	:	Key	71	DOWN	at	1999936 
2004838	[4902]	:	time Target is 2004838
2005008	[170]	:	Key	71	DOWN	at	2005007 
2010181	[5173]	:	time Target is 2010181
2010398	[217]	:	Key	71	DOWN	at	2010397 
2015516	[5118]	:	time Target is 2015516
2016189	[673]	:	Key	71	DOWN	at	2016189 
2020849	[4660]	:	time Target is 2020849
2026175	[5326]	:	time Target is 2026175
2031495	[5320]	:	time Target is 2031495
2032000	[505]	:	Key	71	DOWN	at	2032000 
2036840	[4840]	:	time Target is 2036840
2042159	[5319]	:	time Target is 2042159
2042467	[308]	:	Key	71	DOWN	at	2042466 
2047502	[5035]	:	time Target is 2047502
2052826	[5324]	:	time Target is 2052826
2052962	[136]	:	Key	71	DOWN	at	2052960 
2058168	[5206]	:	time Target is 2058168
2063491	[5323]	:	time Target is 2063491
2063806	[315]	:	Key	71	DOWN	at	2063806 
2068828	[5022]	:	time Target is 2068828
2069152	[324]	:	Key	71	DOWN	at	2069152 
2074164	[5012]	:	time Target is 2074164
2079485	[5321]	:	time Target is 2079485
2084802	[5317]	:	time Target is 2084802
2090123	[5321]	:	time Target is 2090123
2090480	[357]	:	Key	71	DOWN	at	2090480 
2095453	[4973]	:	time Target is 2095453
2100782	[5329]	:	time Target is 2100782
2100945	[163]	:	Key	71	DOWN	at	2100944 
2106116	[5171]	:	time Target is 2106116
2106336	[220]	:	Key	71	DOWN	at	2106336 
2111451	[5115]	:	time Target is 2111451
2112625	[1174]	:	Key	71	DOWN	at	2112625 
2116792	[4167]	:	time Target is 2116792
2117106	[314]	:	Key	71	DOWN	at	2117105 
2122131	[5025]	:	time Target is 2122131
2122433	[302]	:	Key	71	DOWN	at	2122433 
2127466	[5033]	:	time Target is 2127466
2127696	[230]	:	Key	71	DOWN	at	2127695 
2132798	[5102]	:	time Target is 2132798
2138121	[5323]	:	time Target is 2138121
2138273	[152]	:	Key	71	DOWN	at	2138273 
2143457	[5184]	:	time Target is 2143457
2143649	[192]	:	Key	71	DOWN	at	2143648 
2148798	[5149]	:	time Target is 2148798
2154121	[5323]	:	time Target is 2154121
2154653	[532]	:	Key	71	DOWN	at	2154653 
2159454	[4801]	:	time Target is 2159454
2159729	[275]	:	Key	71	DOWN	at	2159729 
2164793	[5064]	:	time Target is 2164793
2165857	[1064]	:	Key	71	DOWN	at	2165857 
2170130	[4273]	:	time Target is 2170130
2170317	[187]	:	Key	71	DOWN	at	2170317 
2175469	[5152]	:	time Target is 2175469
2175631	[162]	:	Key	71	DOWN	at	2175630 
2180808	[5177]	:	time Target is 2180808
2181103	[295]	:	Key	71	DOWN	at	2181103 
2186149	[5046]	:	time Target is 2186149
2191472	[5323]	:	time Target is 2191472
2191710	[238]	:	Key	71	DOWN	at	2191709 
2196810	[5100]	:	time Target is 2196810
2197106	[296]	:	Key	71	DOWN	at	2197106 
2202154	[5048]	:	time Target is 2202154
2202831	[677]	:	Key	71	DOWN	at	2202831 
2207491	[4660]	:	time Target is 2207491
2208546	[1055]	:	Key	71	DOWN	at	2208545 
2212825	[4279]	:	time Target is 2212825
2213086	[261]	:	Key	71	DOWN	at	2213086 
2218177	[5091]	:	time Target is 2218177
2218257	[80]	:	Key	71	DOWN	at	2218257 
2223510	[5253]	:	time Target is 2223510
2223998	[488]	:	Key	71	DOWN	at	2223998 
2228845	[4847]	:	time Target is 2228845
2229215	[370]	:	Key	71	DOWN	at	2229214 
2234191	[4976]	:	time Target is 2234191
2239513	[5322]	:	time Target is 2239513
2240001	[488]	:	Key	71	DOWN	at	2240001 
2244586	[4585]	:	Key	71	DOWN	at	2244577 
2247401	[2815]	:	time Target is 2247401
2247714	[313]	:	Key	71	DOWN	at	2247714 
2252731	[5017]	:	time Target is 2252731
2253056	[325]	:	Key	71	DOWN	at	2253055 
2258075	[5019]	:	time Target is 2258075
2263400	[5325]	:	time Target is 2263400
2268723	[5323]	:	time Target is 2268723
2269100	[377]	:	Key	71	DOWN	at	2269100 
2274063	[4963]	:	time Target is 2274063
2274289	[226]	:	Key	71	DOWN	at	2274289 
2279417	[5128]	:	time Target is 2279417
2284736	[5319]	:	time Target is 2284736
2285458	[722]	:	Key	71	DOWN	at	2285457 
2290072	[4614]	:	time Target is 2290072
2290546	[474]	:	Key	71	DOWN	at	2290545 
2295407	[4861]	:	time Target is 2295407
2295616	[209]	:	Key	71	DOWN	at	2295616 
2300741	[5125]	:	time Target is 2300741
2306065	[5324]	:	time Target is 2306065
2311386	[5321]	:	time Target is 2311386
2311455	[69]	:	Key	71	DOWN	at	2311455 
2315691	[4236]	:	Key	71	UP	at	2311581 
2318256	[2565]	:	Key	71	DOWN	at	2318255 
2318431	[175]	:	Key	71	UP	at	2318431 
2329041	[10610]	:	Key	28	DOWN	at	2329041 
2329170	[129]	:	Key	28	UP	at	2329169 
2334802	[5632]	:	Key	29	DOWN	at	2334800 
2334942	[140]	:	Key	29	UP	at	2334942 
2345987	[11045]	:	Key	29	DOWN	at	2345986 
2346159	[172]	:	Key	29	UP	at	2346159 
2351010	[4851]	:	Key	29	DOWN	at	2351010 
2351170	[160]	:	Key	29	UP	at	2351170 
2354834	[3664]	:	Key	28	DOWN	at	2354833 
2355007	[173]	:	Key	28	UP	at	2355006 
2358736	[3729]	:	Key	28	DOWN	at	2358736 
2358897	[161]	:	Key	28	UP	at	2358896 
2363551	[4654]	:	Key	28	DOWN	at	2363550 
2363743	[192]	:	Key	28	UP	at	2363743 
2367249	[3506]	:	Key	28	DOWN	at	2367249 
2367378	[129]	:	Key	28	UP	at	2367377 
2376113	[8735]	:	Key	28	DOWN	at	2376113 
2376272	[159]	:	Key	28	UP	at	2376271 
2377917	[1645]	:	Key	29	DOWN	at	2377917 
2378081	[164]	:	Key	29	UP	at	2378081 
2383805	[5724]	:	Key	28	DOWN	at	2383805 
2383968	[163]	:	Key	28	UP	at	2383968 
2386961	[2993]	:	Key	28	DOWN	at	2386961 
2387150	[189]	:	Key	28	UP	at	2387148 
2388479	[1329]	:	Key	28	DOWN	at	2388478 
2388609	[130]	:	Key	28	UP	at	2388609 
2388832	[223]	:	Key	28	DOWN	at	2388832 
2388961	[129]	:	Key	28	UP	at	2388960 
2394067	[5106]	:	Key	29	DOWN	at	2394066 
2394253	[186]	:	Key	29	UP	at	2394253 
2394896	[643]	:	Key	28	DOWN	at	2394896 
2394914	[18]	:	COGENT STOP
