Cog2000 log file Wed Oct 09 16:55:31 2019
gprim v1.33 Compiled:Aug 12 2015 (GLib DirectDraw v7 DX12.0 Compiled:Aug 12 2015)
Display:1024x768x32 59.95Hz
CogInput v1.05 Compiled: May 20 2010
0	[0]	:	COGENT START
12612	[12612]	:	Key	71	DOWN	at	12612   
12693	[81]	:	Key	71	UP	at	12692   
33460	[20767]	:	Key	71	DOWN	at	33460   
33525	[65]	:	Key	71	UP	at	33524   
38200	[4675]	:	Key	71	DOWN	at	38200   
38295	[95]	:	Key	71	UP	at	38294   
50181	[11886]	:	Key	71	DOWN	at	50181   
50295	[114]	:	Key	71	UP	at	50294   
67126	[16831]	:	Key	71	DOWN	at	67125   
67220	[94]	:	Key	71	UP	at	67219   
86323	[19103]	:	Key	71	DOWN	at	86323   
87150	[827]	:	time Target is 87148
87909	[759]	:	Key	71	DOWN	at	87909   
93273	[5364]	:	time Target is 93273
93877	[604]	:	Key	71	DOWN	at	93876   
99362	[5485]	:	time Target is 99362
100467	[1105]	:	Key	71	DOWN	at	100467  
105453	[4986]	:	time Target is 105453
106342	[889]	:	Key	71	DOWN	at	106342  
117252	[10910]	:	Key	71	DOWN	at	117252  
118314	[1062]	:	time Target is 118313
124646	[6332]	:	time Target is 124645
130966	[6320]	:	time Target is 130966
137286	[6320]	:	time Target is 137286
159109	[21823]	:	Key	71	DOWN	at	159109  
159204	[95]	:	Key	71	UP	at	159203  
164967	[5763]	:	Key	71	DOWN	at	164967  
165047	[80]	:	Key	71	UP	at	165046  
169861	[4814]	:	Key	71	DOWN	at	169861  
169944	[83]	:	Key	71	UP	at	169944  
178853	[8909]	:	Key	71	DOWN	at	178852  
178966	[113]	:	Key	71	UP	at	178965  
184776	[5810]	:	Key	71	DOWN	at	184775  
185581	[805]	:	Key	71	UP	at	184951  
185604	[23]	:	time Target is 185604
186309	[705]	:	Key	71	DOWN	at	186308  
190711	[4402]	:	time Target is 190711
191604	[893]	:	Key	71	DOWN	at	191603  
195802	[4198]	:	time Target is 195802
200861	[5059]	:	Key	71	DOWN	at	200774  
202653	[1792]	:	Key	71	UP	at	200919  
230741	[28088]	:	Key	71	DOWN	at	230740  
230821	[80]	:	Key	71	UP	at	230821  
238342	[7521]	:	Key	71	DOWN	at	238341  
239134	[792]	:	Key	71	UP	at	238472  
239157	[23]	:	time Target is 239157
244239	[5082]	:	time Target is 244239
244886	[647]	:	Key	71	DOWN	at	244886  
249323	[4437]	:	time Target is 249322
249879	[556]	:	Key	71	DOWN	at	249878  
254420	[4541]	:	time Target is 254420
267939	[13519]	:	Key	71	DOWN	at	267939  
268085	[146]	:	Key	71	UP	at	268084  
272660	[4575]	:	Key	71	DOWN	at	272660  
273441	[781]	:	Key	71	UP	at	272807  
273463	[22]	:	time Target is 273463
274357	[894]	:	Key	71	DOWN	at	274357  
278545	[4188]	:	time Target is 278545
283618	[5073]	:	time Target is 283618
283704	[86]	:	Key	71	DOWN	at	283703  
288705	[5001]	:	time Target is 288705
300855	[12150]	:	Key	71	DOWN	at	300854  
300932	[77]	:	Key	71	UP	at	300932  
304470	[3538]	:	Key	71	DOWN	at	304469  
305263	[793]	:	Key	71	UP	at	304582  
305287	[24]	:	time Target is 305287
306069	[782]	:	Key	71	DOWN	at	306069  
310372	[4303]	:	time Target is 310372
315442	[5070]	:	time Target is 315442
320521	[5079]	:	time Target is 320521
321305	[784]	:	Key	71	DOWN	at	321304  
324829	[3524]	:	Key	71	UP	at	321461  
335128	[10299]	:	Key	71	DOWN	at	335127  
335239	[111]	:	Key	71	UP	at	335238  
359669	[24430]	:	Key	71	DOWN	at	359668  
359780	[111]	:	Key	71	UP	at	359779  
375400	[15620]	:	Key	71	DOWN	at	375399  
375574	[174]	:	Key	71	UP	at	375574  
394356	[18782]	:	Key	71	DOWN	at	394356  
394453	[97]	:	Key	71	UP	at	394453  
394694	[241]	:	Key	71	DOWN	at	394694  
397251	[2557]	:	time Target is 397251
397753	[502]	:	Key	71	DOWN	at	397752  
402626	[4873]	:	time Target is 402626
407692	[5066]	:	Key	71	DOWN	at	407539  
407694	[2]	:	Key	71	UP	at	407656  
410510	[2816]	:	time Target is 410510
415836	[5326]	:	time Target is 415836
416390	[554]	:	Key	71	DOWN	at	416390  
421174	[4784]	:	time Target is 421174
421749	[575]	:	Key	71	DOWN	at	421749  
426514	[4765]	:	time Target is 426514
431837	[5323]	:	time Target is 431837
432707	[870]	:	Key	71	DOWN	at	432707  
437175	[4468]	:	time Target is 437175
442498	[5323]	:	time Target is 442498
442871	[373]	:	Key	71	DOWN	at	442871  
447840	[4969]	:	time Target is 447840
448372	[532]	:	Key	71	DOWN	at	448372  
453179	[4807]	:	time Target is 453179
458502	[5323]	:	time Target is 458502
463833	[5331]	:	time Target is 463833
469154	[5321]	:	time Target is 469154
474472	[5318]	:	time Target is 474472
475095	[623]	:	Key	71	DOWN	at	475095  
479805	[4710]	:	time Target is 479805
480265	[460]	:	Key	71	DOWN	at	480264  
485142	[4877]	:	time Target is 485142
490462	[5320]	:	time Target is 490462
491016	[554]	:	Key	71	DOWN	at	491016  
495797	[4781]	:	time Target is 495797
496470	[673]	:	Key	71	DOWN	at	496469  
501146	[4676]	:	time Target is 501146
502055	[909]	:	Key	71	DOWN	at	502054  
506496	[4441]	:	time Target is 506496
511819	[5323]	:	time Target is 511819
517142	[5323]	:	time Target is 517142
517673	[531]	:	Key	71	DOWN	at	517672  
522476	[4803]	:	time Target is 522476
527798	[5322]	:	time Target is 527798
528852	[1054]	:	Key	71	DOWN	at	528852  
533132	[4280]	:	time Target is 533132
538453	[5321]	:	time Target is 538453
538837	[384]	:	Key	71	DOWN	at	538836  
543798	[4961]	:	time Target is 543798
544358	[560]	:	Key	71	DOWN	at	544357  
549137	[4779]	:	time Target is 549137
554458	[5321]	:	time Target is 554458
555047	[589]	:	Key	71	DOWN	at	555047  
559837	[4790]	:	time Target is 559837
560643	[806]	:	Key	71	DOWN	at	560643  
565186	[4543]	:	time Target is 565186
570510	[5324]	:	time Target is 570510
575835	[5325]	:	time Target is 575835
576420	[585]	:	Key	71	DOWN	at	576420  
581181	[4761]	:	time Target is 581181
586504	[5323]	:	time Target is 586504
591823	[5319]	:	time Target is 591823
597156	[5333]	:	time Target is 597156
597909	[753]	:	Key	71	DOWN	at	597909  
602492	[4583]	:	time Target is 602492
607821	[5329]	:	time Target is 607821
613150	[5329]	:	time Target is 613150
618477	[5327]	:	time Target is 618477
623794	[5317]	:	time Target is 623794
624533	[739]	:	Key	71	DOWN	at	624532  
629126	[4593]	:	time Target is 629126
634449	[5323]	:	time Target is 634449
639766	[5317]	:	time Target is 639766
645092	[5326]	:	time Target is 645092
650413	[5321]	:	time Target is 650413
655735	[5322]	:	time Target is 655735
656099	[364]	:	Key	71	DOWN	at	656099  
661079	[4980]	:	time Target is 661079
661639	[560]	:	Key	71	DOWN	at	661638  
666425	[4786]	:	time Target is 666425
671741	[5316]	:	time Target is 671741
672232	[491]	:	Key	71	DOWN	at	672231  
677080	[4848]	:	time Target is 677080
682411	[5331]	:	time Target is 682411
687740	[5329]	:	time Target is 687740
693067	[5327]	:	time Target is 693067
698391	[5324]	:	time Target is 698391
703711	[5320]	:	time Target is 703711
704103	[392]	:	Key	71	DOWN	at	704103  
709040	[4937]	:	time Target is 709040
714360	[5320]	:	time Target is 714360
719693	[5333]	:	time Target is 719693
725018	[5325]	:	time Target is 725018
730333	[5315]	:	time Target is 730333
731096	[763]	:	Key	71	DOWN	at	731095  
735675	[4579]	:	time Target is 735675
740990	[5315]	:	time Target is 740990
746323	[5333]	:	time Target is 746323
751645	[5322]	:	time Target is 751645
756969	[5324]	:	time Target is 756969
762292	[5323]	:	time Target is 762292
762663	[371]	:	Key	71	DOWN	at	762663  
767641	[4978]	:	time Target is 767641
773010	[5369]	:	time Target is 773010
774246	[1236]	:	Key	71	DOWN	at	774246  
778341	[4095]	:	time Target is 778341
779430	[1089]	:	Key	71	DOWN	at	779429  
783682	[4252]	:	time Target is 783682
789007	[5325]	:	time Target is 789007
794325	[5318]	:	time Target is 794325
799655	[5330]	:	time Target is 799655
804981	[5326]	:	time Target is 804981
810305	[5324]	:	time Target is 810305
815629	[5324]	:	time Target is 815629
816643	[1014]	:	Key	71	DOWN	at	816643  
820968	[4325]	:	time Target is 820968
821353	[385]	:	Key	71	DOWN	at	821353  
826302	[4949]	:	time Target is 826302
826728	[426]	:	Key	71	DOWN	at	826728  
831648	[4920]	:	time Target is 831648
832468	[820]	:	Key	71	DOWN	at	832467  
836720	[4252]	:	Key	71	DOWN	at	836453  
836720	[0]	:	Key	71	UP	at	836567  
839540	[2820]	:	time Target is 839540
844863	[5323]	:	time Target is 844863
850185	[5322]	:	time Target is 850185
855506	[5321]	:	time Target is 855506
860831	[5325]	:	time Target is 860831
866154	[5323]	:	time Target is 866154
867094	[940]	:	Key	71	DOWN	at	867094  
870456	[3362]	:	Key	71	UP	at	867172  
881655	[11199]	:	Key	71	DOWN	at	881655  
882440	[785]	:	Key	71	UP	at	881833  
882712	[272]	:	time Target is 882712
888035	[5323]	:	time Target is 888035
888756	[721]	:	Key	71	DOWN	at	888755  
893374	[4618]	:	time Target is 893374
898701	[5327]	:	time Target is 898701
904063	[5362]	:	time Target is 904063
905268	[1205]	:	Key	71	DOWN	at	905267  
909403	[4135]	:	time Target is 909403
914725	[5322]	:	time Target is 914725
920051	[5326]	:	time Target is 920051
925369	[5318]	:	time Target is 925369
930688	[5319]	:	time Target is 930688
936009	[5321]	:	time Target is 936009
941330	[5321]	:	time Target is 941330
941862	[532]	:	Key	71	DOWN	at	941862  
946668	[4806]	:	time Target is 946668
947289	[621]	:	Key	71	DOWN	at	947289  
952008	[4719]	:	time Target is 952008
957325	[5317]	:	time Target is 957325
958281	[956]	:	Key	71	DOWN	at	958281  
962661	[4380]	:	time Target is 962661
963319	[658]	:	Key	71	DOWN	at	963318  
968006	[4687]	:	time Target is 968006
973325	[5319]	:	time Target is 973325
973944	[619]	:	Key	71	DOWN	at	973943  
978661	[4717]	:	time Target is 978661
983986	[5325]	:	time Target is 983986
989307	[5321]	:	time Target is 989307
994637	[5330]	:	time Target is 994637
995718	[1081]	:	Key	71	DOWN	at	995718  
999992	[4274]	:	time Target is 999992
1000836	[844]	:	Key	71	DOWN	at	1000835 
1005328	[4492]	:	time Target is 1005328
1010670	[5342]	:	time Target is 1010670
1011556	[886]	:	Key	71	DOWN	at	1011556 
1016007	[4451]	:	time Target is 1016007
1021332	[5325]	:	time Target is 1021332
1022681	[1349]	:	Key	71	DOWN	at	1022680 
1026665	[3984]	:	time Target is 1026665
1031984	[5319]	:	time Target is 1031984
1037308	[5324]	:	time Target is 1037308
1038022	[714]	:	Key	71	DOWN	at	1038022 
1042651	[4629]	:	time Target is 1042651
1043334	[683]	:	Key	71	DOWN	at	1043334 
1047993	[4659]	:	time Target is 1047993
1048807	[814]	:	Key	71	DOWN	at	1048807 
1053334	[4527]	:	time Target is 1053334
1058655	[5321]	:	time Target is 1058655
1063985	[5330]	:	time Target is 1063985
1069326	[5341]	:	time Target is 1069326
1074646	[5320]	:	time Target is 1074646
1075063	[417]	:	Key	71	DOWN	at	1075062 
1079984	[4921]	:	time Target is 1079984
1085309	[5325]	:	time Target is 1085309
1090629	[5320]	:	time Target is 1090629
1091715	[1086]	:	Key	71	DOWN	at	1091715 
1096017	[4302]	:	time Target is 1096017
1101338	[5321]	:	time Target is 1101338
1102229	[891]	:	Key	71	DOWN	at	1102229 
1106677	[4448]	:	time Target is 1106677
1111990	[5313]	:	time Target is 1111990
1117322	[5332]	:	time Target is 1117322
1117766	[444]	:	Key	71	DOWN	at	1117766 
1122649	[4883]	:	time Target is 1122649
1123734	[1085]	:	Key	71	DOWN	at	1123733 
1127992	[4258]	:	time Target is 1127992
1133337	[5345]	:	time Target is 1133337
1134505	[1168]	:	Key	71	DOWN	at	1134505 
1138678	[4173]	:	time Target is 1138678
1144001	[5323]	:	time Target is 1144001
1149329	[5328]	:	time Target is 1149329
1150295	[966]	:	Key	71	DOWN	at	1150294 
1154660	[4365]	:	time Target is 1154660
1155798	[1138]	:	Key	71	DOWN	at	1155798 
1160005	[4207]	:	time Target is 1160005
1165328	[5323]	:	time Target is 1165328
1166486	[1158]	:	Key	71	DOWN	at	1166485 
1170671	[4185]	:	time Target is 1170670
1171385	[714]	:	Key	71	DOWN	at	1171384 
1176006	[4621]	:	time Target is 1176006
1176522	[516]	:	Key	71	DOWN	at	1176521 
1181332	[4810]	:	time Target is 1181332
1182390	[1058]	:	Key	71	DOWN	at	1182389 
1186674	[4284]	:	time Target is 1186674
1191997	[5323]	:	time Target is 1191997
1192441	[444]	:	Key	71	DOWN	at	1192441 
1197328	[4887]	:	time Target is 1197328
1202656	[5328]	:	time Target is 1202656
1207978	[5322]	:	time Target is 1207978
1213306	[5328]	:	time Target is 1213306
1218639	[5333]	:	time Target is 1218639
1219414	[775]	:	Key	71	DOWN	at	1219413 
1223981	[4567]	:	time Target is 1223981
1224677	[696]	:	Key	71	DOWN	at	1224676 
1229322	[4645]	:	time Target is 1229322
1230452	[1130]	:	Key	71	DOWN	at	1230452 
1234657	[4205]	:	time Target is 1234657
1239980	[5323]	:	time Target is 1239980
1245304	[5324]	:	time Target is 1245304
1246310	[1006]	:	Key	71	DOWN	at	1246309 
1250650	[4340]	:	time Target is 1250650
1255971	[5321]	:	time Target is 1255971
1261291	[5320]	:	time Target is 1261291
1261784	[493]	:	Key	71	DOWN	at	1261784 
1266636	[4852]	:	time Target is 1266636
1271959	[5323]	:	time Target is 1271959
1277271	[5312]	:	time Target is 1277271
1282587	[5316]	:	time Target is 1282587
1282998	[411]	:	Key	71	DOWN	at	1282998 
1287927	[4929]	:	time Target is 1287927
1293250	[5323]	:	time Target is 1293250
1298574	[5324]	:	time Target is 1298574
1299558	[984]	:	Key	71	DOWN	at	1299558 
1303918	[4360]	:	time Target is 1303918
1309241	[5323]	:	time Target is 1309241
1309815	[574]	:	Key	71	DOWN	at	1309815 
1314579	[4764]	:	time Target is 1314579
1319904	[5325]	:	time Target is 1319904
1320613	[709]	:	Key	71	DOWN	at	1320612 
1325239	[4626]	:	time Target is 1325239
1330569	[5330]	:	time Target is 1330569
1335889	[5320]	:	time Target is 1335889
1341214	[5325]	:	time Target is 1341214
1346584	[5370]	:	time Target is 1346584
1351910	[5326]	:	time Target is 1351910
1352309	[399]	:	Key	71	DOWN	at	1352308 
1357248	[4939]	:	time Target is 1357248
1358197	[949]	:	Key	71	DOWN	at	1358196 
1361553	[3356]	:	Key	71	UP	at	1358345 
1370455	[8902]	:	Key	71	DOWN	at	1370455 
1370614	[159]	:	Key	71	UP	at	1370614 
1375688	[5074]	:	Key	71	DOWN	at	1375688 
1376466	[778]	:	Key	71	UP	at	1375843 
1376732	[266]	:	time Target is 1376732
1377700	[968]	:	Key	71	DOWN	at	1377700 
1382067	[4367]	:	time Target is 1382067
1387385	[5318]	:	time Target is 1387385
1388793	[1408]	:	Key	71	DOWN	at	1388793 
1392761	[3968]	:	time Target is 1392761
1398086	[5325]	:	time Target is 1398086
1398664	[578]	:	Key	71	DOWN	at	1398664 
1403426	[4762]	:	time Target is 1403426
1408750	[5324]	:	time Target is 1408750
1409400	[650]	:	Key	71	DOWN	at	1409399 
1414096	[4696]	:	time Target is 1414096
1419419	[5323]	:	time Target is 1419419
1424733	[5314]	:	time Target is 1424733
1425127	[394]	:	Key	71	DOWN	at	1425126 
1430096	[4969]	:	time Target is 1430096
1430551	[455]	:	Key	71	DOWN	at	1430551 
1435433	[4882]	:	time Target is 1435433
1440768	[5335]	:	time Target is 1440768
1441622	[854]	:	Key	71	DOWN	at	1441621 
1446112	[4490]	:	time Target is 1446112
1451447	[5335]	:	time Target is 1451447
1456775	[5328]	:	time Target is 1456775
1462099	[5324]	:	time Target is 1462099
1462967	[868]	:	Key	71	DOWN	at	1462966 
1467434	[4467]	:	time Target is 1467434
1472757	[5323]	:	time Target is 1472757
1478081	[5324]	:	time Target is 1478081
1483402	[5321]	:	time Target is 1483402
1488725	[5323]	:	time Target is 1488725
1489447	[722]	:	Key	71	DOWN	at	1489447 
1494067	[4620]	:	time Target is 1494067
1499387	[5320]	:	time Target is 1499387
1504711	[5324]	:	time Target is 1504711
1510032	[5321]	:	time Target is 1510032
1515357	[5325]	:	time Target is 1515357
1516485	[1128]	:	Key	71	DOWN	at	1516484 
1520705	[4220]	:	time Target is 1520705
1526032	[5327]	:	time Target is 1526032
1527175	[1143]	:	Key	71	DOWN	at	1527175 
1531385	[4210]	:	time Target is 1531385
1536707	[5322]	:	time Target is 1536707
1537448	[741]	:	Key	71	DOWN	at	1537447 
1542045	[4597]	:	time Target is 1542045
1547369	[5324]	:	time Target is 1547369
1552689	[5320]	:	time Target is 1552689
1553431	[742]	:	Key	71	DOWN	at	1553430 
1558044	[4613]	:	time Target is 1558044
1563377	[5333]	:	time Target is 1563377
1564311	[934]	:	Key	71	DOWN	at	1564310 
1568720	[4409]	:	time Target is 1568720
1574040	[5320]	:	time Target is 1574040
1574601	[561]	:	Key	71	DOWN	at	1574601 
1579379	[4778]	:	time Target is 1579379
1584705	[5326]	:	time Target is 1584705
1585141	[436]	:	Key	71	DOWN	at	1585140 
1590049	[4908]	:	time Target is 1590049
1595371	[5322]	:	time Target is 1595371
1596102	[731]	:	Key	71	DOWN	at	1596102 
1600709	[4607]	:	time Target is 1600709
1601816	[1107]	:	Key	71	DOWN	at	1601816 
1606050	[4234]	:	time Target is 1606050
1611373	[5323]	:	time Target is 1611373
1612360	[987]	:	Key	71	DOWN	at	1612360 
1616710	[4350]	:	time Target is 1616710
1622037	[5327]	:	time Target is 1622037
1622422	[385]	:	Key	71	DOWN	at	1622421 
1627372	[4950]	:	time Target is 1627372
1632693	[5321]	:	time Target is 1632693
1633700	[1007]	:	Key	71	DOWN	at	1633700 
1638031	[4331]	:	time Target is 1638031
1639191	[1160]	:	Key	71	DOWN	at	1639191 
1643376	[4185]	:	time Target is 1643376
1648706	[5330]	:	time Target is 1648706
1649641	[935]	:	Key	71	DOWN	at	1649641 
1654044	[4403]	:	time Target is 1654044
1659366	[5322]	:	time Target is 1659366
1664695	[5329]	:	time Target is 1664695
1670018	[5323]	:	time Target is 1670018
1675337	[5319]	:	time Target is 1675337
1680665	[5328]	:	time Target is 1680665
1681480	[815]	:	Key	71	DOWN	at	1681480 
1686005	[4525]	:	time Target is 1686005
1691375	[5370]	:	time Target is 1691375
1696701	[5326]	:	time Target is 1696701
1702034	[5333]	:	time Target is 1702034
1707352	[5318]	:	time Target is 1707352
1708025	[673]	:	Key	71	DOWN	at	1708024 
1712709	[4684]	:	time Target is 1712709
1718042	[5333]	:	time Target is 1718042
1723360	[5318]	:	time Target is 1723360
1728706	[5346]	:	time Target is 1728706
1734038	[5332]	:	time Target is 1734038
1739361	[5323]	:	time Target is 1739361
1744683	[5322]	:	time Target is 1744683
1745050	[367]	:	Key	71	DOWN	at	1745049 
1750028	[4978]	:	time Target is 1750028
1755347	[5319]	:	time Target is 1755347
1760679	[5332]	:	time Target is 1760679
1761399	[720]	:	Key	71	DOWN	at	1761398 
1766021	[4622]	:	time Target is 1766021
1767049	[1028]	:	Key	71	DOWN	at	1767048 
1771359	[4310]	:	time Target is 1771359
1776686	[5327]	:	time Target is 1776686
1777716	[1030]	:	Key	71	DOWN	at	1777716 
1782029	[4313]	:	time Target is 1782029
1782585	[556]	:	Key	71	DOWN	at	1782585 
1787370	[4785]	:	time Target is 1787370
1787638	[268]	:	Key	71	DOWN	at	1787637 
1792702	[5064]	:	time Target is 1792702
1798029	[5327]	:	time Target is 1798029
1799077	[1048]	:	Key	71	DOWN	at	1799077 
1803364	[4287]	:	time Target is 1803364
1803655	[291]	:	Key	71	DOWN	at	1803654 
1808713	[5058]	:	time Target is 1808713
1814037	[5324]	:	time Target is 1814037
1815143	[1106]	:	Key	71	DOWN	at	1815142 
1819370	[4227]	:	time Target is 1819370
1820311	[941]	:	Key	71	DOWN	at	1820310 
1824732	[4421]	:	time Target is 1824732
1825129	[397]	:	Key	71	DOWN	at	1825128 
1830106	[4977]	:	time Target is 1830106
1830648	[542]	:	Key	71	DOWN	at	1830647 
1835443	[4795]	:	time Target is 1835443
1836438	[995]	:	Key	71	DOWN	at	1836438 
1840786	[4348]	:	time Target is 1840786
1841656	[870]	:	Key	71	DOWN	at	1841656 
1846132	[4476]	:	time Target is 1846132
1851453	[5321]	:	time Target is 1851453
1861498	[10045]	:	Key	71	DOWN	at	1861497 
1862284	[786]	:	Key	71	UP	at	1861607 
1862553	[269]	:	time Target is 1862553
1867885	[5332]	:	time Target is 1867885
1873210	[5325]	:	time Target is 1873210
1878534	[5324]	:	time Target is 1878534
1883853	[5319]	:	time Target is 1883853
1884394	[541]	:	Key	71	DOWN	at	1884393 
1888930	[4536]	:	Key	71	UP	at	1888453 
1888932	[2]	:	Key	71	DOWN	at	1888823 
1891750	[2818]	:	time Target is 1891750
1892933	[1183]	:	Key	71	DOWN	at	1892932 
1897087	[4154]	:	time Target is 1897087
1902415	[5328]	:	time Target is 1902415
1907740	[5325]	:	time Target is 1907740
1908056	[316]	:	Key	71	DOWN	at	1908055 
1913077	[5021]	:	time Target is 1913077
1913541	[464]	:	Key	71	DOWN	at	1913541 
1918416	[4875]	:	time Target is 1918416
1923735	[5319]	:	time Target is 1923735
1929061	[5326]	:	time Target is 1929061
1929960	[899]	:	Key	71	DOWN	at	1929960 
1934413	[4453]	:	time Target is 1934413
1939748	[5335]	:	time Target is 1939748
1945068	[5320]	:	time Target is 1945068
1945142	[74]	:	Key	71	DOWN	at	1945141 
1950409	[5267]	:	time Target is 1950409
1955729	[5320]	:	time Target is 1955729
1956088	[359]	:	Key	71	DOWN	at	1956087 
1961068	[4980]	:	time Target is 1961068
1966396	[5328]	:	time Target is 1966396
1967205	[809]	:	Key	71	DOWN	at	1967205 
1971740	[4535]	:	time Target is 1971740
1977061	[5321]	:	time Target is 1977061
1977847	[786]	:	Key	71	DOWN	at	1977846 
1982404	[4557]	:	time Target is 1982404
1982902	[498]	:	Key	71	DOWN	at	1982901 
1987740	[4838]	:	time Target is 1987740
1993063	[5323]	:	time Target is 1993063
1998386	[5323]	:	time Target is 1998386
1999029	[643]	:	Key	71	DOWN	at	1999029 
2003723	[4694]	:	time Target is 2003723
2009049	[5326]	:	time Target is 2009049
2009526	[477]	:	Key	71	DOWN	at	2009526 
2014385	[4859]	:	time Target is 2014385
2015815	[1430]	:	Key	71	DOWN	at	2015815 
2019723	[3908]	:	time Target is 2019723
2021030	[1307]	:	Key	71	DOWN	at	2021030 
2025058	[4028]	:	time Target is 2025058
2030387	[5329]	:	time Target is 2030387
2031397	[1010]	:	Key	71	DOWN	at	2031396 
2035726	[4329]	:	time Target is 2035726
2036438	[712]	:	Key	71	DOWN	at	2036437 
2041063	[4625]	:	time Target is 2041063
2042391	[1328]	:	Key	71	DOWN	at	2042390 
2046404	[4013]	:	time Target is 2046404
2051724	[5320]	:	time Target is 2051724
2053076	[1352]	:	Key	71	DOWN	at	2053076 
2057063	[3987]	:	time Target is 2057063
2062385	[5322]	:	time Target is 2062385
2067708	[5323]	:	time Target is 2067708
2068181	[473]	:	Key	71	DOWN	at	2068179 
2073036	[4855]	:	time Target is 2073036
2074071	[1035]	:	Key	71	DOWN	at	2074071 
2078396	[4325]	:	time Target is 2078396
2083719	[5323]	:	time Target is 2083719
2089040	[5321]	:	time Target is 2089040
2089431	[391]	:	Key	71	DOWN	at	2089431 
2094397	[4966]	:	time Target is 2094397
2099719	[5322]	:	time Target is 2099719
2100423	[704]	:	Key	71	DOWN	at	2100423 
2104791	[4368]	:	Key	71	UP	at	2104388 
2104792	[1]	:	Key	71	DOWN	at	2104532 
2107620	[2828]	:	time Target is 2107620
2108692	[1072]	:	Key	71	DOWN	at	2108692 
2112956	[4264]	:	time Target is 2112956
2118279	[5323]	:	time Target is 2118279
2118854	[575]	:	Key	71	DOWN	at	2118854 
2123608	[4754]	:	Key	71	DOWN	at	2123353 
2126420	[2812]	:	time Target is 2126420
2131753	[5333]	:	time Target is 2131753
2132663	[910]	:	Key	71	DOWN	at	2132663 
2137115	[4452]	:	time Target is 2137115
2142437	[5322]	:	time Target is 2142437
2147754	[5317]	:	time Target is 2147754
2148375	[621]	:	Key	71	DOWN	at	2148375 
2153092	[4717]	:	time Target is 2153092
2154170	[1078]	:	Key	71	DOWN	at	2154169 
2158430	[4260]	:	time Target is 2158430
2158916	[486]	:	Key	71	DOWN	at	2158916 
2163768	[4852]	:	time Target is 2163768
2169102	[5334]	:	time Target is 2169102
2169640	[538]	:	Key	71	DOWN	at	2169640 
2174439	[4799]	:	time Target is 2174439
2179760	[5321]	:	time Target is 2179760
2185084	[5324]	:	time Target is 2185084
2185464	[380]	:	Key	71	DOWN	at	2185464 
2190419	[4955]	:	time Target is 2190419
2195742	[5323]	:	time Target is 2195742
2201072	[5330]	:	time Target is 2201072
2201414	[342]	:	Key	71	DOWN	at	2201413 
2206417	[5003]	:	time Target is 2206417
2206775	[358]	:	Key	71	DOWN	at	2206774 
2211742	[4967]	:	time Target is 2211742
2212469	[727]	:	Key	71	DOWN	at	2212469 
2217112	[4643]	:	time Target is 2217112
2217703	[591]	:	Key	71	DOWN	at	2217702 
2222449	[4746]	:	time Target is 2222449
2222901	[452]	:	Key	71	DOWN	at	2222901 
2227781	[4880]	:	time Target is 2227781
2228406	[625]	:	Key	71	DOWN	at	2228405 
2233118	[4712]	:	time Target is 2233118
2238442	[5324]	:	time Target is 2238442
2243766	[5324]	:	time Target is 2243766
2249094	[5328]	:	time Target is 2249094
2249578	[484]	:	Key	71	DOWN	at	2249577 
2254474	[4896]	:	time Target is 2254474
2259798	[5324]	:	time Target is 2259798
2265125	[5327]	:	time Target is 2265125
2270452	[5327]	:	time Target is 2270452
2275782	[5330]	:	time Target is 2275782
2281104	[5322]	:	time Target is 2281104
2286423	[5319]	:	time Target is 2286423
2286838	[415]	:	Key	71	DOWN	at	2286838 
2291761	[4923]	:	time Target is 2291761
2297085	[5324]	:	time Target is 2297085
2302413	[5328]	:	time Target is 2302413
2302757	[344]	:	Key	71	DOWN	at	2302757 
2307751	[4994]	:	time Target is 2307751
2313075	[5324]	:	time Target is 2313075
2314041	[966]	:	Key	71	DOWN	at	2314041 
2318420	[4379]	:	time Target is 2318420
2323748	[5328]	:	time Target is 2323748
2324356	[608]	:	Key	71	DOWN	at	2324356 
2329088	[4732]	:	time Target is 2329088
2341510	[12422]	:	Key	71	DOWN	at	2341509 
2341669	[159]	:	Key	71	UP	at	2341669 
2345177	[3508]	:	Key	71	DOWN	at	2345177 
2345335	[158]	:	Key	71	UP	at	2345335 
2352872	[7537]	:	Key	71	DOWN	at	2352872 
2353047	[175]	:	Key	71	UP	at	2353046 
2363945	[10898]	:	Key	28	DOWN	at	2363945 
2364150	[205]	:	Key	28	UP	at	2364150 
2366742	[2592]	:	Key	28	DOWN	at	2366741 
2366921	[179]	:	Key	28	UP	at	2366921 
2369685	[2764]	:	Key	28	DOWN	at	2369685 
2369865	[180]	:	Key	28	UP	at	2369865 
2370425	[560]	:	Key	28	DOWN	at	2370425 
2370601	[176]	:	Key	28	UP	at	2370600 
2371722	[1121]	:	Key	29	DOWN	at	2371721 
2371894	[172]	:	Key	29	UP	at	2371893 
2372406	[512]	:	Key	29	DOWN	at	2372406 
2372583	[177]	:	Key	29	UP	at	2372583 
2375768	[3185]	:	Key	29	DOWN	at	2375767 
2375914	[146]	:	Key	29	UP	at	2375914 
2376648	[734]	:	Key	29	DOWN	at	2376647 
2376807	[159]	:	Key	29	UP	at	2376807 
2383610	[6803]	:	Key	29	DOWN	at	2383609 
2383786	[176]	:	Key	29	UP	at	2383785 
2386680	[2894]	:	Key	29	DOWN	at	2386680 
2386836	[156]	:	Key	29	UP	at	2386836 
2389911	[3075]	:	Key	29	DOWN	at	2389911 
2390085	[174]	:	Key	29	UP	at	2390085 
2391398	[1313]	:	Key	29	DOWN	at	2391398 
2391543	[145]	:	Key	29	UP	at	2391543 
2394138	[2595]	:	Key	28	DOWN	at	2394137 
2394329	[191]	:	Key	28	UP	at	2394329 
2395049	[720]	:	Key	28	DOWN	at	2395048 
2395227	[178]	:	Key	28	UP	at	2395226 
2396807	[1580]	:	Key	28	DOWN	at	2396807 
2396966	[159]	:	Key	28	UP	at	2396965 
2397206	[240]	:	Key	28	DOWN	at	2397206 
2397221	[15]	:	COGENT STOP
