Cog2000 log file Wed Aug 21 12:42:06 2019
gprim v1.33 Compiled:Aug 12 2015 (GLib DirectDraw v7 DX12.0 Compiled:Aug 12 2015)
Display:1024x768x32 59.95Hz
CogInput v1.05 Compiled: May 20 2010
1	[1]	:	COGENT START
10805	[10804]	:	Key	71	DOWN	at	10805   
10917	[112]	:	Key	71	UP	at	10916   
31879	[20962]	:	Key	71	DOWN	at	31879   
31956	[77]	:	Key	71	UP	at	31956   
36840	[4884]	:	Key	71	DOWN	at	36840   
36904	[64]	:	Key	71	UP	at	36903   
50359	[13455]	:	Key	71	DOWN	at	50358   
50455	[96]	:	Key	71	UP	at	50454   
67557	[17102]	:	Key	71	DOWN	at	67557   
67656	[99]	:	Key	71	UP	at	67656   
87668	[20012]	:	Key	71	DOWN	at	87667   
88493	[825]	:	time Target is 88492
89319	[826]	:	Key	71	DOWN	at	89318   
94592	[5273]	:	time Target is 94592
95316	[724]	:	Key	71	DOWN	at	95315   
100686	[5370]	:	time Target is 100685
100692	[6]	:	Key	71	DOWN	at	100691  
106773	[6081]	:	time Target is 106773
107411	[638]	:	Key	71	DOWN	at	107411  
116535	[9124]	:	Key	71	DOWN	at	116535  
117600	[1065]	:	time Target is 117598
123927	[6327]	:	time Target is 123927
130247	[6320]	:	time Target is 130247
136623	[6376]	:	time Target is 136623
157974	[21351]	:	Key	71	DOWN	at	157974  
158069	[95]	:	Key	71	UP	at	158069  
163078	[5009]	:	Key	71	DOWN	at	163077  
163172	[94]	:	Key	71	UP	at	163171  
168935	[5763]	:	Key	71	DOWN	at	168935  
169028	[93]	:	Key	71	UP	at	169027  
179173	[10145]	:	Key	71	DOWN	at	179173  
179267	[94]	:	Key	71	UP	at	179267  
186072	[6805]	:	Key	71	DOWN	at	186071  
186871	[799]	:	Key	71	UP	at	186213  
186895	[24]	:	time Target is 186895
191972	[5077]	:	time Target is 191971
192883	[911]	:	Key	71	DOWN	at	192883  
197067	[4184]	:	time Target is 197067
202146	[5079]	:	time Target is 202146
202630	[484]	:	Key	71	DOWN	at	202630  
206450	[3820]	:	Key	71	UP	at	203045  
215350	[8900]	:	Key	71	DOWN	at	215349  
215461	[111]	:	Key	71	UP	at	215461  
221156	[5695]	:	Key	71	DOWN	at	221155  
221947	[791]	:	Key	71	UP	at	221333  
221970	[23]	:	time Target is 221970
223028	[1058]	:	Key	71	DOWN	at	223027  
227057	[4029]	:	time Target is 227057
227767	[710]	:	Key	71	DOWN	at	227767  
232143	[4376]	:	time Target is 232143
232739	[596]	:	Key	71	DOWN	at	232739  
237223	[4484]	:	time Target is 237222
241505	[4282]	:	Key	71	DOWN	at	238901  
241506	[1]	:	Key	71	UP	at	239363  
253204	[11698]	:	Key	71	DOWN	at	253204  
253269	[65]	:	Key	71	UP	at	253268  
258933	[5664]	:	Key	71	DOWN	at	258933  
259725	[792]	:	Key	71	UP	at	259095  
259743	[18]	:	time Target is 259743
260440	[697]	:	Key	71	DOWN	at	260439  
264828	[4388]	:	time Target is 264828
269899	[5071]	:	time Target is 269898
270296	[397]	:	Key	71	DOWN	at	270295  
274985	[4689]	:	time Target is 274985
276038	[1053]	:	Key	71	DOWN	at	276038  
279280	[3242]	:	Key	71	UP	at	276245  
288263	[8983]	:	Key	71	DOWN	at	288262  
288340	[77]	:	Key	71	UP	at	288339  
292391	[4051]	:	Key	71	DOWN	at	292391  
293183	[792]	:	Key	71	UP	at	292564  
293205	[22]	:	time Target is 293205
293845	[640]	:	Key	71	DOWN	at	293844  
298295	[4450]	:	time Target is 298295
303360	[5065]	:	time Target is 303360
308433	[5073]	:	time Target is 308433
321352	[12919]	:	Key	71	DOWN	at	321351  
321444	[92]	:	Key	71	UP	at	321443  
338999	[17555]	:	Key	71	DOWN	at	338999  
339093	[94]	:	Key	71	UP	at	339093  
355669	[16576]	:	Key	71	DOWN	at	355669  
355735	[66]	:	Key	71	UP	at	355735  
368820	[13085]	:	Key	71	DOWN	at	368820  
368901	[81]	:	Key	71	UP	at	368901  
374502	[5601]	:	Key	71	DOWN	at	374502  
377059	[2557]	:	time Target is 377059
377828	[769]	:	Key	71	DOWN	at	377827  
382396	[4568]	:	time Target is 382396
387716	[5320]	:	time Target is 387716
393041	[5325]	:	time Target is 393041
393623	[582]	:	Key	71	DOWN	at	393623  
398376	[4753]	:	time Target is 398376
403698	[5322]	:	time Target is 403698
404294	[596]	:	Key	71	DOWN	at	404294  
409040	[4746]	:	time Target is 409040
409511	[471]	:	Key	71	DOWN	at	409511  
414378	[4867]	:	time Target is 414378
414808	[430]	:	Key	71	DOWN	at	414807  
419718	[4910]	:	time Target is 419718
420196	[478]	:	Key	71	DOWN	at	420196  
425053	[4857]	:	time Target is 425053
430375	[5322]	:	time Target is 430375
430855	[480]	:	Key	71	DOWN	at	430855  
435710	[4855]	:	time Target is 435710
441028	[5318]	:	time Target is 441028
442103	[1075]	:	Key	71	DOWN	at	442103  
446368	[4265]	:	time Target is 446368
446758	[390]	:	Key	71	DOWN	at	446758  
451699	[4941]	:	time Target is 451699
457020	[5321]	:	time Target is 457020
457397	[377]	:	Key	71	DOWN	at	457397  
462352	[4955]	:	time Target is 462352
463396	[1044]	:	Key	71	DOWN	at	463395  
467687	[4291]	:	time Target is 467687
468884	[1197]	:	Key	71	DOWN	at	468883  
473027	[4143]	:	time Target is 473027
473621	[594]	:	Key	71	DOWN	at	473619  
478365	[4744]	:	time Target is 478365
483688	[5323]	:	time Target is 483688
484774	[1086]	:	Key	71	DOWN	at	484774  
489022	[4248]	:	time Target is 489022
489574	[552]	:	Key	71	DOWN	at	489573  
494359	[4785]	:	time Target is 494359
499682	[5323]	:	time Target is 499682
500020	[338]	:	Key	71	DOWN	at	500019  
505022	[5002]	:	time Target is 505022
505542	[520]	:	Key	71	DOWN	at	505542  
510364	[4822]	:	time Target is 510364
515682	[5318]	:	time Target is 515682
516006	[324]	:	Key	71	DOWN	at	516005  
521020	[5014]	:	time Target is 521020
521318	[298]	:	Key	71	DOWN	at	521318  
526387	[5069]	:	time Target is 526387
526773	[386]	:	Key	71	DOWN	at	526773  
531725	[4952]	:	time Target is 531725
532340	[615]	:	Key	71	DOWN	at	532340  
537086	[4746]	:	time Target is 537086
537397	[311]	:	Key	71	DOWN	at	537397  
542415	[5018]	:	Key	71	DOWN	at	542230  
542415	[0]	:	Key	71	UP	at	542370  
545230	[2815]	:	time Target is 545230
545702	[472]	:	Key	71	DOWN	at	545702  
550569	[4867]	:	time Target is 550569
551143	[574]	:	Key	71	DOWN	at	551143  
555898	[4755]	:	time Target is 555898
556275	[377]	:	Key	71	DOWN	at	556275  
561235	[4960]	:	time Target is 561235
561574	[339]	:	Key	71	DOWN	at	561574  
566573	[4999]	:	time Target is 566573
566951	[378]	:	Key	71	DOWN	at	566951  
571906	[4955]	:	time Target is 571906
572341	[435]	:	Key	71	DOWN	at	572341  
577243	[4902]	:	time Target is 577243
577845	[602]	:	Key	71	DOWN	at	577845  
582581	[4736]	:	time Target is 582581
582807	[226]	:	Key	71	DOWN	at	582806  
587924	[5117]	:	time Target is 587924
588533	[609]	:	Key	71	DOWN	at	588533  
593266	[4733]	:	time Target is 593266
593381	[115]	:	Key	71	DOWN	at	593381  
598604	[5223]	:	time Target is 598604
603928	[5324]	:	time Target is 603928
609250	[5322]	:	time Target is 609250
609671	[421]	:	Key	71	DOWN	at	609671  
614585	[4914]	:	time Target is 614585
614885	[300]	:	Key	71	DOWN	at	614885  
619953	[5068]	:	time Target is 619953
625277	[5324]	:	time Target is 625277
630602	[5325]	:	time Target is 630602
635923	[5321]	:	time Target is 635923
636295	[372]	:	Key	71	DOWN	at	636295  
641260	[4965]	:	time Target is 641260
646584	[5324]	:	time Target is 646584
651906	[5322]	:	time Target is 651906
657226	[5320]	:	time Target is 657226
658005	[779]	:	Key	71	DOWN	at	658004  
662565	[4560]	:	time Target is 662565
663064	[499]	:	Key	71	DOWN	at	663063  
667901	[4837]	:	time Target is 667901
668903	[1002]	:	Key	71	DOWN	at	668902  
673234	[4331]	:	time Target is 673234
678558	[5324]	:	time Target is 678558
678931	[373]	:	Key	71	DOWN	at	678930  
683893	[4962]	:	time Target is 683893
684296	[403]	:	Key	71	DOWN	at	684296  
689226	[4930]	:	time Target is 689226
689718	[492]	:	Key	71	DOWN	at	689717  
694566	[4848]	:	time Target is 694566
695094	[528]	:	Key	71	DOWN	at	695093  
699896	[4802]	:	Key	71	DOWN	at	699698  
699896	[0]	:	Key	71	UP	at	699896  
702705	[2809]	:	time Target is 702705
703573	[868]	:	Key	71	DOWN	at	703572  
708045	[4472]	:	time Target is 708045
713366	[5321]	:	time Target is 713366
718687	[5321]	:	time Target is 718687
719171	[484]	:	Key	71	DOWN	at	719171  
724026	[4855]	:	time Target is 724026
724500	[474]	:	Key	71	DOWN	at	724500  
729352	[4852]	:	time Target is 729352
729975	[623]	:	Key	71	DOWN	at	729975  
734690	[4715]	:	time Target is 734690
735671	[981]	:	Key	71	DOWN	at	735670  
740030	[4359]	:	time Target is 740030
740836	[806]	:	Key	71	DOWN	at	740835  
745358	[4522]	:	time Target is 745358
750680	[5322]	:	time Target is 750680
756003	[5323]	:	time Target is 756003
761321	[5318]	:	time Target is 761321
766639	[5318]	:	time Target is 766639
767075	[436]	:	Key	71	DOWN	at	767075  
771975	[4900]	:	time Target is 771975
772325	[350]	:	Key	71	DOWN	at	772325  
777309	[4984]	:	time Target is 777309
778003	[694]	:	Key	71	DOWN	at	778003  
782646	[4643]	:	time Target is 782646
787705	[5059]	:	Key	71	UP	at	787317  
787971	[266]	:	time Target is 787971
788628	[657]	:	Key	71	DOWN	at	788626  
793304	[4676]	:	time Target is 793304
798630	[5326]	:	time Target is 798630
803685	[5055]	:	Key	71	DOWN	at	803605  
806497	[2812]	:	time Target is 806497
807013	[516]	:	Key	71	DOWN	at	807012  
811838	[4825]	:	time Target is 811838
812226	[388]	:	Key	71	DOWN	at	812226  
817171	[4945]	:	time Target is 817171
822496	[5325]	:	time Target is 822496
822968	[472]	:	Key	71	DOWN	at	822967  
827833	[4865]	:	time Target is 827833
833159	[5326]	:	time Target is 833159
834535	[1376]	:	Key	71	DOWN	at	834535  
838496	[3961]	:	time Target is 838496
839060	[564]	:	Key	71	DOWN	at	839060  
843830	[4770]	:	time Target is 843830
852551	[8721]	:	Key	71	DOWN	at	852550  
853340	[789]	:	Key	71	UP	at	852726  
853608	[268]	:	time Target is 853608
858929	[5321]	:	time Target is 858929
864249	[5320]	:	time Target is 864249
864661	[412]	:	Key	71	DOWN	at	864660  
869583	[4922]	:	time Target is 869583
870777	[1194]	:	Key	71	DOWN	at	870776  
874917	[4140]	:	time Target is 874917
880237	[5320]	:	time Target is 880237
880835	[598]	:	Key	71	DOWN	at	880835  
885567	[4732]	:	time Target is 885567
890888	[5321]	:	time Target is 890888
891940	[1052]	:	Key	71	DOWN	at	891939  
896223	[4283]	:	time Target is 896223
901547	[5324]	:	time Target is 901547
901959	[412]	:	Key	71	DOWN	at	901957  
906886	[4927]	:	time Target is 906886
907701	[815]	:	Key	71	DOWN	at	907701  
912224	[4523]	:	time Target is 912224
912675	[451]	:	Key	71	DOWN	at	912675  
917564	[4889]	:	time Target is 917564
917942	[378]	:	Key	71	DOWN	at	917942  
922937	[4995]	:	time Target is 922937
923385	[448]	:	Key	71	DOWN	at	923384  
928276	[4891]	:	time Target is 928276
928966	[690]	:	Key	71	DOWN	at	928966  
933613	[4647]	:	time Target is 933613
934181	[568]	:	Key	71	DOWN	at	934181  
938949	[4768]	:	time Target is 938949
939335	[386]	:	Key	71	DOWN	at	939335  
944285	[4950]	:	time Target is 944285
944755	[470]	:	Key	71	DOWN	at	944755  
949620	[4865]	:	time Target is 949620
950134	[514]	:	Key	71	DOWN	at	950133  
954953	[4819]	:	time Target is 954953
960271	[5318]	:	time Target is 960271
960727	[456]	:	Key	71	DOWN	at	960725  
965608	[4881]	:	time Target is 965608
966614	[1006]	:	Key	71	DOWN	at	966614  
970941	[4327]	:	time Target is 970941
971380	[439]	:	Key	71	DOWN	at	971380  
976278	[4898]	:	time Target is 976278
976630	[352]	:	Key	71	DOWN	at	976630  
981616	[4986]	:	time Target is 981616
986942	[5326]	:	time Target is 986942
987782	[840]	:	Key	71	DOWN	at	987781  
992281	[4499]	:	time Target is 992281
992648	[367]	:	Key	71	DOWN	at	992648  
997621	[4973]	:	time Target is 997621
998247	[626]	:	Key	71	DOWN	at	998247  
1002957	[4710]	:	time Target is 1002957
1008277	[5320]	:	time Target is 1008277
1008771	[494]	:	Key	71	DOWN	at	1008771 
1013618	[4847]	:	time Target is 1013618
1014148	[530]	:	Key	71	DOWN	at	1014148 
1018954	[4806]	:	time Target is 1018954
1024270	[5316]	:	time Target is 1024270
1025012	[742]	:	Key	71	DOWN	at	1025012 
1029598	[4586]	:	time Target is 1029598
1030116	[518]	:	Key	71	DOWN	at	1030116 
1034971	[4855]	:	time Target is 1034971
1035522	[551]	:	Key	71	DOWN	at	1035522 
1040300	[4778]	:	time Target is 1040300
1040932	[632]	:	Key	71	DOWN	at	1040932 
1045634	[4702]	:	time Target is 1045634
1046037	[403]	:	Key	71	DOWN	at	1046037 
1050961	[4924]	:	time Target is 1050961
1051445	[484]	:	Key	71	DOWN	at	1051444 
1056300	[4855]	:	time Target is 1056300
1056727	[427]	:	Key	71	DOWN	at	1056727 
1061634	[4907]	:	time Target is 1061634
1062053	[419]	:	Key	71	DOWN	at	1062053 
1066969	[4916]	:	time Target is 1066969
1072298	[5329]	:	time Target is 1072298
1072662	[364]	:	Key	71	DOWN	at	1072662 
1077635	[4973]	:	time Target is 1077635
1078148	[513]	:	Key	71	DOWN	at	1078147 
1082975	[4827]	:	time Target is 1082975
1083365	[390]	:	Key	71	DOWN	at	1083364 
1088311	[4946]	:	time Target is 1088311
1088693	[382]	:	Key	71	DOWN	at	1088692 
1093649	[4956]	:	time Target is 1093649
1093971	[322]	:	Key	71	DOWN	at	1093971 
1098994	[5023]	:	time Target is 1098994
1099318	[324]	:	Key	71	DOWN	at	1099318 
1104332	[5014]	:	time Target is 1104332
1104872	[540]	:	Key	71	DOWN	at	1104871 
1109665	[4793]	:	time Target is 1109665
1110136	[471]	:	Key	71	DOWN	at	1110136 
1114999	[4863]	:	time Target is 1114999
1116085	[1086]	:	Key	71	DOWN	at	1116085 
1120338	[4253]	:	time Target is 1120338
1125658	[5320]	:	time Target is 1125658
1126101	[443]	:	Key	71	DOWN	at	1126101 
1131005	[4904]	:	time Target is 1131005
1131428	[423]	:	Key	71	DOWN	at	1131428 
1136340	[4912]	:	time Target is 1136340
1136563	[223]	:	Key	71	DOWN	at	1136562 
1141671	[5108]	:	time Target is 1141671
1142034	[363]	:	Key	71	DOWN	at	1142034 
1147011	[4977]	:	time Target is 1147011
1147512	[501]	:	Key	71	DOWN	at	1147511 
1152352	[4840]	:	time Target is 1152352
1152695	[343]	:	Key	71	DOWN	at	1152694 
1157684	[4989]	:	time Target is 1157684
1163008	[5324]	:	time Target is 1163008
1168324	[5316]	:	time Target is 1168324
1173643	[5319]	:	time Target is 1173643
1178961	[5318]	:	time Target is 1178961
1179574	[613]	:	Key	71	DOWN	at	1179574 
1184304	[4730]	:	time Target is 1184304
1184710	[406]	:	Key	71	DOWN	at	1184710 
1189640	[4930]	:	time Target is 1189640
1189974	[334]	:	Key	71	DOWN	at	1189974 
1194977	[5003]	:	time Target is 1194977
1200296	[5319]	:	time Target is 1200296
1201064	[768]	:	Key	71	DOWN	at	1201063 
1205629	[4565]	:	time Target is 1205629
1210955	[5326]	:	time Target is 1210955
1211494	[539]	:	Key	71	DOWN	at	1211493 
1216294	[4800]	:	time Target is 1216294
1216629	[335]	:	Key	71	DOWN	at	1216629 
1221637	[5008]	:	time Target is 1221637
1222069	[432]	:	Key	71	DOWN	at	1222067 
1226974	[4905]	:	time Target is 1226974
1232292	[5318]	:	time Target is 1232292
1232853	[561]	:	Key	71	DOWN	at	1232852 
1237632	[4779]	:	time Target is 1237632
1238211	[579]	:	Key	71	DOWN	at	1238211 
1242970	[4759]	:	time Target is 1242970
1248285	[5315]	:	time Target is 1248285
1248694	[409]	:	Key	71	DOWN	at	1248693 
1253622	[4928]	:	time Target is 1253622
1258941	[5319]	:	time Target is 1258941
1260053	[1112]	:	Key	71	DOWN	at	1260052 
1264272	[4219]	:	time Target is 1264272
1269592	[5320]	:	time Target is 1269592
1270120	[528]	:	Key	71	DOWN	at	1270120 
1274926	[4806]	:	time Target is 1274926
1280244	[5318]	:	time Target is 1280244
1285562	[5318]	:	time Target is 1285562
1286018	[456]	:	Key	71	DOWN	at	1286018 
1290899	[4881]	:	time Target is 1290899
1296221	[5322]	:	time Target is 1296221
1301541	[5320]	:	time Target is 1301541
1301700	[159]	:	Key	71	DOWN	at	1301699 
1306882	[5182]	:	time Target is 1306882
1312210	[5328]	:	time Target is 1312210
1312821	[611]	:	Key	71	DOWN	at	1312820 
1317549	[4728]	:	time Target is 1317549
1322871	[5322]	:	time Target is 1322871
1323287	[416]	:	Key	71	DOWN	at	1323287 
1328210	[4923]	:	time Target is 1328210
1328818	[608]	:	Key	71	DOWN	at	1328818 
1332513	[3695]	:	Key	71	UP	at	1329349 
1333891	[1378]	:	Key	71	DOWN	at	1333891 
1334246	[355]	:	Key	71	UP	at	1334245 
1336902	[2656]	:	Key	71	DOWN	at	1336901 
1337692	[790]	:	Key	71	UP	at	1337158 
1337960	[268]	:	time Target is 1337960
1338690	[730]	:	Key	71	DOWN	at	1338690 
1343296	[4606]	:	time Target is 1343296
1343684	[388]	:	Key	71	DOWN	at	1343683 
1348630	[4946]	:	time Target is 1348630
1348948	[318]	:	Key	71	DOWN	at	1348947 
1353700	[4752]	:	Key	71	DOWN	at	1353383 
1356513	[2813]	:	time Target is 1356513
1356932	[419]	:	Key	71	DOWN	at	1356932 
1361857	[4925]	:	time Target is 1361857
1362584	[727]	:	Key	71	DOWN	at	1362583 
1367192	[4608]	:	time Target is 1367192
1367639	[447]	:	Key	71	DOWN	at	1367639 
1372522	[4883]	:	time Target is 1372522
1372899	[377]	:	Key	71	DOWN	at	1372898 
1377857	[4958]	:	time Target is 1377857
1378278	[421]	:	Key	71	DOWN	at	1378278 
1383192	[4914]	:	time Target is 1383192
1383814	[622]	:	Key	71	DOWN	at	1383814 
1388530	[4716]	:	time Target is 1388530
1388931	[401]	:	Key	71	DOWN	at	1388930 
1393875	[4944]	:	time Target is 1393875
1399214	[5339]	:	time Target is 1399214
1404531	[5317]	:	time Target is 1404531
1405140	[609]	:	Key	71	DOWN	at	1405139 
1409873	[4733]	:	time Target is 1409873
1415192	[5319]	:	time Target is 1415192
1420513	[5321]	:	time Target is 1420513
1425829	[5316]	:	time Target is 1425829
1431161	[5332]	:	time Target is 1431161
1431511	[350]	:	Key	71	DOWN	at	1431511 
1436490	[4979]	:	Key	71	UP	at	1436341 
1436500	[10]	:	time Target is 1436500
1441821	[5321]	:	time Target is 1441821
1442247	[426]	:	Key	71	DOWN	at	1442246 
1447153	[4906]	:	time Target is 1447153
1447863	[710]	:	Key	71	DOWN	at	1447863 
1452488	[4625]	:	time Target is 1452488
1452727	[239]	:	Key	71	DOWN	at	1452727 
1457825	[5098]	:	time Target is 1457825
1458324	[499]	:	Key	71	DOWN	at	1458323 
1463163	[4839]	:	time Target is 1463163
1468482	[5319]	:	time Target is 1468482
1468803	[321]	:	Key	71	DOWN	at	1468803 
1473814	[5011]	:	time Target is 1473814
1474294	[480]	:	Key	71	DOWN	at	1474293 
1479153	[4859]	:	time Target is 1479153
1484474	[5321]	:	time Target is 1484474
1485075	[601]	:	Key	71	DOWN	at	1485075 
1489809	[4734]	:	time Target is 1489809
1495131	[5322]	:	time Target is 1495131
1495718	[587]	:	Key	71	DOWN	at	1495718 
1500465	[4747]	:	time Target is 1500465
1505791	[5326]	:	time Target is 1505790
1506263	[472]	:	Key	71	DOWN	at	1506263 
1511125	[4862]	:	time Target is 1511125
1511766	[641]	:	Key	71	DOWN	at	1511766 
1516463	[4697]	:	time Target is 1516463
1516772	[309]	:	Key	71	DOWN	at	1516771 
1521800	[5028]	:	time Target is 1521800
1527125	[5325]	:	time Target is 1527125
1532449	[5324]	:	time Target is 1532449
1532869	[420]	:	Key	71	DOWN	at	1532869 
1537783	[4914]	:	time Target is 1537783
1538454	[671]	:	Key	71	DOWN	at	1538453 
1543116	[4662]	:	time Target is 1543116
1543621	[505]	:	Key	71	DOWN	at	1543621 
1548451	[4830]	:	time Target is 1548451
1553767	[5316]	:	time Target is 1553767
1559088	[5321]	:	time Target is 1559088
1564409	[5321]	:	time Target is 1564409
1565080	[671]	:	Key	71	DOWN	at	1565079 
1569741	[4661]	:	time Target is 1569741
1570196	[455]	:	Key	71	DOWN	at	1570195 
1575079	[4883]	:	time Target is 1575079
1580399	[5320]	:	time Target is 1580399
1581475	[1076]	:	Key	71	DOWN	at	1581475 
1585734	[4259]	:	time Target is 1585734
1591060	[5326]	:	time Target is 1591060
1591430	[370]	:	Key	71	DOWN	at	1591430 
1596399	[4969]	:	time Target is 1596399
1596980	[581]	:	Key	71	DOWN	at	1596980 
1601732	[4752]	:	time Target is 1601732
1602550	[818]	:	Key	71	DOWN	at	1602550 
1607087	[4537]	:	time Target is 1607087
1607445	[358]	:	Key	71	DOWN	at	1607445 
1612421	[4976]	:	time Target is 1612421
1617739	[5318]	:	time Target is 1617739
1623049	[5310]	:	time Target is 1623049
1623395	[346]	:	Key	71	DOWN	at	1623395 
1628368	[4973]	:	time Target is 1628368
1628759	[391]	:	Key	71	DOWN	at	1628758 
1633686	[4927]	:	time Target is 1633686
1633843	[157]	:	Key	71	DOWN	at	1633843 
1639004	[5161]	:	time Target is 1639004
1639381	[377]	:	Key	71	DOWN	at	1639380 
1644321	[4940]	:	time Target is 1644321
1649628	[5307]	:	time Target is 1649628
1650963	[1335]	:	Key	71	DOWN	at	1650962 
1654945	[3982]	:	time Target is 1654945
1655590	[645]	:	Key	71	DOWN	at	1655590 
1660259	[4669]	:	time Target is 1660259
1660934	[675]	:	Key	71	DOWN	at	1660934 
1665579	[4645]	:	time Target is 1665579
1665844	[265]	:	Key	71	DOWN	at	1665843 
1670906	[5062]	:	time Target is 1670906
1676231	[5325]	:	time Target is 1676231
1681572	[5341]	:	time Target is 1681572
1681991	[419]	:	Key	71	DOWN	at	1681991 
1686905	[4914]	:	time Target is 1686905
1687559	[654]	:	Key	71	DOWN	at	1687559 
1692266	[4707]	:	time Target is 1692266
1692643	[377]	:	Key	71	DOWN	at	1692643 
1697605	[4962]	:	time Target is 1697605
1702921	[5316]	:	time Target is 1702921
1703336	[415]	:	Key	71	DOWN	at	1703335 
1708259	[4923]	:	time Target is 1708259
1708806	[547]	:	Key	71	DOWN	at	1708806 
1713592	[4786]	:	time Target is 1713592
1713956	[364]	:	Key	71	DOWN	at	1713955 
1718925	[4969]	:	time Target is 1718925
1719044	[119]	:	Key	71	DOWN	at	1719044 
1724265	[5221]	:	time Target is 1724265
1725143	[878]	:	Key	71	DOWN	at	1725143 
1729602	[4459]	:	time Target is 1729602
1734926	[5324]	:	time Target is 1734926
1740249	[5323]	:	time Target is 1740249
1745570	[5321]	:	time Target is 1745570
1745925	[355]	:	Key	71	DOWN	at	1745924 
1750901	[4976]	:	time Target is 1750901
1751334	[433]	:	Key	71	DOWN	at	1751334 
1756236	[4902]	:	time Target is 1756236
1756598	[362]	:	Key	71	DOWN	at	1756598 
1761570	[4972]	:	time Target is 1761570
1766894	[5324]	:	time Target is 1766894
1767202	[308]	:	Key	71	DOWN	at	1767202 
1772231	[5029]	:	time Target is 1772231
1772582	[351]	:	Key	71	DOWN	at	1772582 
1777577	[4995]	:	time Target is 1777577
1778230	[653]	:	Key	71	DOWN	at	1778230 
1782914	[4684]	:	time Target is 1782914
1783555	[641]	:	Key	71	DOWN	at	1783555 
1788249	[4694]	:	time Target is 1788249
1793573	[5324]	:	time Target is 1793573
1798896	[5323]	:	time Target is 1798896
1799336	[440]	:	Key	71	DOWN	at	1799335 
1804232	[4896]	:	time Target is 1804232
1805510	[1278]	:	Key	71	DOWN	at	1805509 
1809572	[4062]	:	time Target is 1809572
1815207	[5635]	:	Key	71	DOWN	at	1815207 
1815994	[787]	:	Key	71	UP	at	1815461 
1816262	[268]	:	time Target is 1816262
1816757	[495]	:	Key	71	DOWN	at	1816757 
1821602	[4845]	:	time Target is 1821602
1822228	[626]	:	Key	71	DOWN	at	1822228 
1826940	[4712]	:	time Target is 1826940
1827671	[731]	:	Key	71	DOWN	at	1827671 
1832274	[4603]	:	time Target is 1832274
1833173	[899]	:	Key	71	DOWN	at	1833173 
1837611	[4438]	:	time Target is 1837611
1838083	[472]	:	Key	71	DOWN	at	1838083 
1842949	[4866]	:	time Target is 1842949
1843462	[513]	:	Key	71	DOWN	at	1843461 
1848278	[4816]	:	time Target is 1848278
1848467	[189]	:	Key	71	DOWN	at	1848467 
1853608	[5141]	:	time Target is 1853608
1858931	[5323]	:	time Target is 1858931
1859315	[384]	:	Key	71	DOWN	at	1859315 
1864267	[4952]	:	time Target is 1864267
1864839	[572]	:	Key	71	DOWN	at	1864838 
1869608	[4769]	:	time Target is 1869608
1869910	[302]	:	Key	71	DOWN	at	1869910 
1874948	[5038]	:	time Target is 1874948
1875256	[308]	:	Key	71	DOWN	at	1875255 
1880284	[5028]	:	time Target is 1880284
1880438	[154]	:	Key	71	DOWN	at	1880438 
1885627	[5189]	:	time Target is 1885627
1886133	[506]	:	Key	71	DOWN	at	1886132 
1890961	[4828]	:	time Target is 1890961
1892179	[1218]	:	Key	71	DOWN	at	1892179 
1896297	[4118]	:	time Target is 1896297
1901618	[5321]	:	time Target is 1901618
1906965	[5347]	:	time Target is 1906965
1907447	[482]	:	Key	71	DOWN	at	1907446 
1912304	[4857]	:	time Target is 1912304
1917365	[5061]	:	Key	71	UP	at	1916837 
1917631	[266]	:	time Target is 1917631
1918067	[436]	:	Key	71	DOWN	at	1918067 
1922968	[4901]	:	time Target is 1922968
1928289	[5321]	:	time Target is 1928289
1933612	[5323]	:	time Target is 1933612
1938937	[5325]	:	time Target is 1938937
1939397	[460]	:	Key	71	DOWN	at	1939396 
1944011	[4614]	:	Key	71	UP	at	1943331 
1944278	[267]	:	time Target is 1944278
1949600	[5322]	:	time Target is 1949600
1950179	[579]	:	Key	71	DOWN	at	1950178 
1954940	[4761]	:	time Target is 1954940
1960263	[5323]	:	time Target is 1960263
1960759	[496]	:	Key	71	DOWN	at	1960759 
1965587	[4828]	:	time Target is 1965587
1966439	[852]	:	Key	71	DOWN	at	1966439 
1970928	[4489]	:	time Target is 1970928
1971171	[243]	:	Key	71	DOWN	at	1971171 
1976267	[5096]	:	time Target is 1976267
1977365	[1098]	:	Key	71	DOWN	at	1977365 
1981596	[4231]	:	time Target is 1981596
1982694	[1098]	:	Key	71	DOWN	at	1982694 
1986935	[4241]	:	time Target is 1986935
1992253	[5318]	:	time Target is 1992253
1993027	[774]	:	Key	71	DOWN	at	1993026 
1997581	[4554]	:	Key	71	DOWN	at	1997414 
1997581	[0]	:	Key	71	UP	at	1997572 
2000393	[2812]	:	time Target is 2000393
2001299	[906]	:	Key	71	DOWN	at	2001298 
2005732	[4433]	:	time Target is 2005732
2011052	[5320]	:	time Target is 2011052
2011414	[362]	:	Key	71	DOWN	at	2011414 
2016390	[4976]	:	time Target is 2016390
2017541	[1151]	:	Key	71	DOWN	at	2017540 
2021763	[4222]	:	time Target is 2021763
2022120	[357]	:	Key	71	DOWN	at	2022119 
2027098	[4978]	:	time Target is 2027098
2032422	[5324]	:	time Target is 2032422
2033637	[1215]	:	Key	71	DOWN	at	2033637 
2037755	[4118]	:	time Target is 2037755
2038118	[363]	:	Key	71	DOWN	at	2038118 
2043093	[4975]	:	time Target is 2043093
2043123	[30]	:	Key	71	DOWN	at	2043122 
2048428	[5305]	:	time Target is 2048428
2048853	[425]	:	Key	71	DOWN	at	2048853 
2053755	[4902]	:	time Target is 2053755
2055254	[1499]	:	Key	71	DOWN	at	2055254 
2059089	[3835]	:	time Target is 2059089
2064402	[5313]	:	Key	71	DOWN	at	2064389 
2067216	[2814]	:	time Target is 2067216
2067716	[500]	:	Key	71	DOWN	at	2067715 
2072554	[4838]	:	time Target is 2072554
2073351	[797]	:	Key	71	DOWN	at	2073351 
2077889	[4538]	:	time Target is 2077889
2083213	[5324]	:	time Target is 2083213
2083541	[328]	:	Key	71	DOWN	at	2083541 
2088547	[5006]	:	time Target is 2088547
2093864	[5317]	:	time Target is 2093864
2099188	[5324]	:	time Target is 2099188
2104516	[5328]	:	time Target is 2104516
2105815	[1299]	:	Key	71	DOWN	at	2105814 
2109854	[4039]	:	time Target is 2109854
2110247	[393]	:	Key	71	DOWN	at	2110247 
2115183	[4936]	:	time Target is 2115183
2120510	[5327]	:	time Target is 2120510
2125835	[5325]	:	time Target is 2125835
2126165	[330]	:	Key	71	DOWN	at	2126165 
2131169	[5004]	:	time Target is 2131169
2131861	[692]	:	Key	71	DOWN	at	2131861 
2136493	[4632]	:	Key	71	DOWN	at	2136470 
2139311	[2818]	:	time Target is 2139311
2139797	[486]	:	Key	71	DOWN	at	2139797 
2144650	[4853]	:	time Target is 2144650
2145287	[637]	:	Key	71	DOWN	at	2145286 
2149979	[4692]	:	time Target is 2149979
2150563	[584]	:	Key	71	DOWN	at	2150563 
2155317	[4754]	:	time Target is 2155317
2155735	[418]	:	Key	71	DOWN	at	2155735 
2160648	[4913]	:	time Target is 2160648
2165971	[5323]	:	time Target is 2165971
2171293	[5322]	:	time Target is 2171293
2176614	[5321]	:	time Target is 2176614
2177108	[494]	:	Key	71	DOWN	at	2177108 
2181952	[4844]	:	time Target is 2181952
2187308	[5356]	:	time Target is 2187308
2187526	[218]	:	Key	71	DOWN	at	2187526 
2192647	[5121]	:	time Target is 2192647
2193687	[1040]	:	Key	71	DOWN	at	2193687 
2197981	[4294]	:	time Target is 2197981
2198805	[824]	:	Key	71	DOWN	at	2198805 
2203313	[4508]	:	time Target is 2203313
2208635	[5322]	:	time Target is 2208635
2209027	[392]	:	Key	71	DOWN	at	2209026 
2213974	[4947]	:	time Target is 2213974
2214452	[478]	:	Key	71	DOWN	at	2214451 
2219313	[4861]	:	time Target is 2219313
2224639	[5326]	:	time Target is 2224639
2225044	[405]	:	Key	71	DOWN	at	2225044 
2229975	[4931]	:	time Target is 2229975
2231076	[1101]	:	Key	71	DOWN	at	2231076 
2235316	[4240]	:	time Target is 2235316
2236067	[751]	:	Key	71	DOWN	at	2236067 
2240659	[4592]	:	time Target is 2240659
2241731	[1072]	:	Key	71	DOWN	at	2241731 
2245997	[4266]	:	time Target is 2245997
2251316	[5319]	:	time Target is 2251316
2252278	[962]	:	Key	71	DOWN	at	2252278 
2256653	[4375]	:	time Target is 2256653
2261971	[5318]	:	time Target is 2261971
2267296	[5325]	:	time Target is 2267296
2268501	[1205]	:	Key	71	DOWN	at	2268501 
2272624	[4123]	:	time Target is 2272624
2273256	[632]	:	Key	71	DOWN	at	2273255 
2277989	[4733]	:	time Target is 2277989
2278116	[127]	:	Key	71	DOWN	at	2278116 
2283326	[5210]	:	time Target is 2283326
2283974	[648]	:	Key	71	DOWN	at	2283974 
2287632	[3658]	:	Key	71	UP	at	2284151 
2295925	[8293]	:	Key	71	DOWN	at	2295925 
2296067	[142]	:	Key	71	UP	at	2296067 
2308884	[12817]	:	Key	29	DOWN	at	2308884 
2309079	[195]	:	Key	29	UP	at	2309078 
2315334	[6255]	:	Key	29	DOWN	at	2315334 
2315542	[208]	:	Key	29	UP	at	2315541 
2320311	[4769]	:	Key	29	DOWN	at	2320311 
2320467	[156]	:	Key	29	UP	at	2320466 
2322211	[1744]	:	Key	29	DOWN	at	2322210 
2322389	[178]	:	Key	29	UP	at	2322388 
2325762	[3373]	:	Key	28	DOWN	at	2325762 
2325941	[179]	:	Key	28	UP	at	2325941 
2327586	[1645]	:	Key	28	DOWN	at	2327586 
2327780	[194]	:	Key	28	UP	at	2327779 
2332196	[4416]	:	Key	28	DOWN	at	2332196 
2332440	[244]	:	Key	28	UP	at	2332439 
2333288	[848]	:	Key	28	DOWN	at	2333287 
2333491	[203]	:	Key	28	UP	at	2333491 
2340403	[6912]	:	Key	28	DOWN	at	2340403 
2340599	[196]	:	Key	28	UP	at	2340599 
2342007	[1408]	:	Key	28	DOWN	at	2342006 
2342212	[205]	:	Key	28	UP	at	2342211 
2348167	[5955]	:	Key	28	DOWN	at	2348167 
2348357	[190]	:	Key	28	UP	at	2348356 
2349845	[1488]	:	Key	28	DOWN	at	2349844 
2350071	[226]	:	Key	28	UP	at	2350071 
2355638	[5567]	:	Key	29	DOWN	at	2355638 
2355811	[173]	:	Key	29	UP	at	2355811 
2356644	[833]	:	Key	29	DOWN	at	2356642 
2356853	[209]	:	Key	29	UP	at	2356852 
2358276	[1423]	:	Key	28	DOWN	at	2358276 
2358453	[177]	:	Key	28	UP	at	2358452 
2359446	[993]	:	Key	28	DOWN	at	2359445 
2359463	[17]	:	COGENT STOP
