Cog2000 log file Thu Sep 05 18:27:08 2019
gprim v1.33 Compiled:Aug 12 2015 (GLib DirectDraw v7 DX12.0 Compiled:Aug 12 2015)
Display:1024x768x32 59.95Hz
Attaching C:\Program Files\Cogent2000v1.33\Toolbox\CogInput.mexw64
CogInput v1.05 Compiled: May 20 2010
7	[7]	:	COGENT START
8209	[8202]	:	Key	71	DOWN	at	8205    
8321	[112]	:	Key	71	UP	at	8320    
31517	[23196]	:	Key	71	DOWN	at	31517   
31599	[82]	:	Key	71	UP	at	31599   
35890	[4291]	:	Key	71	DOWN	at	35887   
35967	[77]	:	Key	71	UP	at	35967   
49489	[13522]	:	Key	71	DOWN	at	49488   
49584	[95]	:	Key	71	UP	at	49583   
95758	[46174]	:	Key	71	DOWN	at	95757   
95854	[96]	:	Key	71	UP	at	95853   
114605	[18751]	:	Key	71	DOWN	at	114605  
115494	[889]	:	time Target is 115478
116239	[745]	:	Key	71	DOWN	at	116238  
121601	[5362]	:	time Target is 121600
122270	[669]	:	Key	71	DOWN	at	122270  
127697	[5427]	:	time Target is 127696
133791	[6094]	:	time Target is 133790
133792	[1]	:	Key	71	UP	at	133790  
134768	[976]	:	Key	71	DOWN	at	134767  
139899	[5131]	:	time Target is 139894
140461	[562]	:	Key	71	DOWN	at	140461  
152927	[12466]	:	Key	71	DOWN	at	152927  
153987	[1060]	:	time Target is 153987
160308	[6321]	:	time Target is 160308
166634	[6326]	:	time Target is 166634
172964	[6330]	:	time Target is 172964
192943	[19979]	:	Key	71	DOWN	at	192943  
193133	[190]	:	Key	71	UP	at	193133  
197216	[4083]	:	Key	71	DOWN	at	197216  
197392	[176]	:	Key	71	UP	at	197392  
212656	[15264]	:	Key	71	DOWN	at	212656  
212861	[205]	:	Key	71	UP	at	212861  
225404	[12543]	:	Key	71	DOWN	at	225404  
225533	[129]	:	Key	71	UP	at	225533  
229519	[3986]	:	Key	71	DOWN	at	229519  
230335	[816]	:	Key	71	UP	at	229707  
230358	[23]	:	time Target is 230358
230446	[88]	:	Key	71	DOWN	at	230445  
235456	[5010]	:	time Target is 235456
235967	[511]	:	Key	71	DOWN	at	235967  
240540	[4573]	:	Key	71	DOWN	at	240351  
240540	[0]	:	Key	71	UP	at	240496  
243118	[2578]	:	time Target is 243117
243535	[417]	:	Key	71	DOWN	at	243535  
248229	[4694]	:	time Target is 248228
248669	[440]	:	Key	71	DOWN	at	248669  
252538	[3869]	:	Key	71	UP	at	248812  
255521	[2983]	:	Key	71	DOWN	at	255520  
256307	[786]	:	Key	71	UP	at	255665  
256333	[26]	:	time Target is 256333
285820	[29487]	:	Key	71	DOWN	at	285820  
286046	[226]	:	Key	71	UP	at	286046  
290016	[3970]	:	Key	71	DOWN	at	290015  
290804	[788]	:	Key	71	UP	at	290254  
290826	[22]	:	time Target is 290826
291405	[579]	:	Key	71	DOWN	at	291405  
295910	[4505]	:	time Target is 295910
296384	[474]	:	Key	71	DOWN	at	296383  
300995	[4611]	:	time Target is 300995
301487	[492]	:	Key	71	DOWN	at	301487  
306084	[4597]	:	time Target is 306084
306432	[348]	:	Key	71	DOWN	at	306432  
311169	[4737]	:	time Target is 311169
311791	[622]	:	Key	71	DOWN	at	311790  
316256	[4465]	:	time Target is 316256
316685	[429]	:	Key	71	DOWN	at	316684  
320554	[3869]	:	Key	71	UP	at	316879  
324447	[3893]	:	Key	71	DOWN	at	324446  
325239	[792]	:	Key	71	UP	at	324673  
325264	[25]	:	time Target is 325263
338349	[13085]	:	Key	71	DOWN	at	338348  
338540	[191]	:	Key	71	UP	at	338540  
341998	[3458]	:	Key	71	DOWN	at	341998  
342789	[791]	:	Key	71	UP	at	342192  
342811	[22]	:	time Target is 342811
343388	[577]	:	Key	71	DOWN	at	343388  
347902	[4514]	:	time Target is 347902
348511	[609]	:	Key	71	DOWN	at	348510  
352986	[4475]	:	time Target is 352986
353279	[293]	:	Key	71	DOWN	at	353279  
358084	[4805]	:	time Target is 358084
358417	[333]	:	Key	71	DOWN	at	358416  
363183	[4766]	:	time Target is 363183
363489	[306]	:	Key	71	DOWN	at	363488  
368268	[4779]	:	time Target is 368268
368703	[435]	:	Key	71	DOWN	at	368702  
372569	[3866]	:	Key	71	UP	at	368881  
377136	[4567]	:	Key	71	DOWN	at	377136  
377928	[792]	:	Key	71	UP	at	377297  
377953	[25]	:	time Target is 377953
389854	[11901]	:	Key	71	DOWN	at	389854  
390047	[193]	:	Key	71	UP	at	390047  
393934	[3887]	:	Key	71	DOWN	at	393934  
394726	[792]	:	Key	71	UP	at	394094  
394749	[23]	:	time Target is 394749
395229	[480]	:	Key	71	DOWN	at	395228  
399843	[4614]	:	time Target is 399843
400304	[461]	:	Key	71	DOWN	at	400304  
404933	[4629]	:	time Target is 404933
405537	[604]	:	Key	71	DOWN	at	405536  
410022	[4485]	:	time Target is 410022
410608	[586]	:	Key	71	DOWN	at	410607  
415118	[4510]	:	time Target is 415118
415454	[336]	:	Key	71	DOWN	at	415454  
420203	[4749]	:	time Target is 420203
420672	[469]	:	Key	71	DOWN	at	420672  
424495	[3823]	:	Key	71	UP	at	420908  
427374	[2879]	:	Key	71	DOWN	at	427374  
428154	[780]	:	Key	71	UP	at	427516  
428175	[21]	:	time Target is 428174
439649	[11474]	:	Key	71	DOWN	at	439648  
439820	[171]	:	Key	71	UP	at	439820  
463180	[23360]	:	Key	71	DOWN	at	463180  
463357	[177]	:	Key	71	UP	at	463357  
478108	[14751]	:	Key	71	DOWN	at	478108  
478286	[178]	:	Key	71	UP	at	478285  
491058	[12772]	:	Key	71	DOWN	at	491056  
491279	[221]	:	Key	71	UP	at	491279  
495344	[4065]	:	Key	71	DOWN	at	495344  
497916	[2572]	:	time Target is 497916
498433	[517]	:	Key	71	DOWN	at	498432  
503264	[4831]	:	time Target is 503264
503708	[444]	:	Key	71	DOWN	at	503707  
508606	[4898]	:	time Target is 508605
513936	[5330]	:	time Target is 513936
514332	[396]	:	Key	71	DOWN	at	514332  
519280	[4948]	:	time Target is 519280
519677	[397]	:	Key	71	DOWN	at	519676  
524627	[4950]	:	time Target is 524627
529948	[5321]	:	time Target is 529948
535273	[5325]	:	time Target is 535273
536177	[904]	:	Key	71	DOWN	at	536177  
540617	[4440]	:	time Target is 540617
541024	[407]	:	Key	71	DOWN	at	541023  
545954	[4930]	:	time Target is 545954
546604	[650]	:	Key	71	DOWN	at	546604  
551294	[4690]	:	time Target is 551294
556623	[5329]	:	time Target is 556623
557138	[515]	:	Key	71	DOWN	at	557136  
561967	[4829]	:	time Target is 561967
562590	[623]	:	Key	71	DOWN	at	562589  
567304	[4714]	:	time Target is 567304
568060	[756]	:	Key	71	DOWN	at	568060  
572636	[4576]	:	time Target is 572636
573132	[496]	:	Key	71	DOWN	at	573132  
577970	[4838]	:	time Target is 577970
583293	[5323]	:	time Target is 583293
583824	[531]	:	Key	71	DOWN	at	583824  
588645	[4821]	:	time Target is 588645
593965	[5320]	:	time Target is 593965
599288	[5323]	:	time Target is 599288
599712	[424]	:	Key	71	DOWN	at	599712  
604625	[4913]	:	time Target is 604625
609949	[5324]	:	time Target is 609949
610349	[400]	:	Key	71	DOWN	at	610349  
615301	[4952]	:	time Target is 615301
615841	[540]	:	Key	71	DOWN	at	615840  
620642	[4801]	:	time Target is 620642
625965	[5323]	:	time Target is 625965
626349	[384]	:	Key	71	DOWN	at	626348  
631298	[4949]	:	time Target is 631298
631694	[396]	:	Key	71	DOWN	at	631694  
636635	[4941]	:	time Target is 636635
637134	[499]	:	Key	71	DOWN	at	637134  
641990	[4856]	:	time Target is 641990
642653	[663]	:	Key	71	DOWN	at	642653  
647326	[4673]	:	time Target is 647326
652652	[5326]	:	time Target is 652652
657977	[5325]	:	time Target is 657977
663295	[5318]	:	time Target is 663295
663982	[687]	:	Key	71	DOWN	at	663981  
668632	[4650]	:	time Target is 668632
668960	[328]	:	Key	71	DOWN	at	668959  
673968	[5008]	:	time Target is 673968
679288	[5320]	:	time Target is 679288
680144	[856]	:	Key	71	DOWN	at	680143  
684628	[4484]	:	time Target is 684628
684926	[298]	:	Key	71	DOWN	at	684926  
689963	[5037]	:	time Target is 689963
690337	[374]	:	Key	71	DOWN	at	690336  
695307	[4970]	:	time Target is 695307
695613	[306]	:	Key	71	DOWN	at	695613  
700643	[5030]	:	time Target is 700643
705966	[5323]	:	time Target is 705966
706541	[575]	:	Key	71	DOWN	at	706541  
711300	[4759]	:	time Target is 711300
712029	[729]	:	Key	71	DOWN	at	712028  
716632	[4603]	:	time Target is 716632
717117	[485]	:	Key	71	DOWN	at	717117  
721968	[4851]	:	time Target is 721968
722655	[687]	:	Key	71	DOWN	at	722654  
727301	[4646]	:	time Target is 727301
727808	[507]	:	Key	71	DOWN	at	727808  
732637	[4829]	:	time Target is 732637
733184	[547]	:	Key	71	DOWN	at	733184  
737975	[4791]	:	time Target is 737975
738576	[601]	:	Key	71	DOWN	at	738576  
743327	[4751]	:	time Target is 743327
744284	[957]	:	Key	71	DOWN	at	744283  
748665	[4381]	:	time Target is 748665
749073	[408]	:	Key	71	DOWN	at	749072  
754000	[4927]	:	time Target is 754000
754528	[528]	:	Key	71	DOWN	at	754528  
759339	[4811]	:	time Target is 759339
759871	[532]	:	Key	71	DOWN	at	759871  
764675	[4804]	:	time Target is 764675
765372	[697]	:	Key	71	DOWN	at	765372  
770013	[4641]	:	time Target is 770013
770381	[368]	:	Key	71	DOWN	at	770381  
775350	[4969]	:	time Target is 775350
776253	[903]	:	Key	71	DOWN	at	776252  
780693	[4440]	:	time Target is 780693
786009	[5316]	:	time Target is 786009
786638	[629]	:	Key	71	DOWN	at	786637  
791364	[4726]	:	time Target is 791364
792140	[776]	:	Key	71	DOWN	at	792140  
796733	[4593]	:	time Target is 796733
797135	[402]	:	Key	71	DOWN	at	797134  
802062	[4927]	:	time Target is 802062
807383	[5321]	:	time Target is 807383
807743	[360]	:	Key	71	DOWN	at	807743  
812718	[4975]	:	time Target is 812718
813453	[735]	:	Key	71	DOWN	at	813452  
818055	[4602]	:	time Target is 818055
818641	[586]	:	Key	71	DOWN	at	818640  
823398	[4757]	:	time Target is 823398
823856	[458]	:	Key	71	DOWN	at	823856  
828737	[4881]	:	time Target is 828737
829167	[430]	:	Key	71	DOWN	at	829166  
834050	[4883]	:	time Target is 834050
835119	[1069]	:	Key	71	DOWN	at	835119  
839388	[4269]	:	time Target is 839388
844709	[5321]	:	time Target is 844709
845213	[504]	:	Key	71	DOWN	at	845212  
850041	[4828]	:	time Target is 850041
850801	[760]	:	Key	71	DOWN	at	850800  
855381	[4580]	:	time Target is 855381
855777	[396]	:	Key	71	DOWN	at	855776  
860716	[4939]	:	time Target is 860716
861248	[532]	:	Key	71	DOWN	at	861248  
866061	[4813]	:	time Target is 866061
871389	[5328]	:	time Target is 871389
871869	[480]	:	Key	71	DOWN	at	871868  
876731	[4862]	:	time Target is 876731
877167	[436]	:	Key	71	DOWN	at	877166  
882068	[4901]	:	time Target is 882068
882429	[361]	:	Key	71	DOWN	at	882429  
887402	[4973]	:	time Target is 887402
887981	[579]	:	Key	71	DOWN	at	887981  
892741	[4760]	:	time Target is 892741
893551	[810]	:	Key	71	DOWN	at	893551  
898077	[4526]	:	time Target is 898077
898430	[353]	:	Key	71	DOWN	at	898430  
903407	[4977]	:	time Target is 903407
904332	[925]	:	Key	71	DOWN	at	904332  
908746	[4414]	:	time Target is 908746
909057	[311]	:	Key	71	DOWN	at	909056  
914085	[5028]	:	time Target is 914085
914463	[378]	:	Key	71	DOWN	at	914463  
919423	[4960]	:	time Target is 919423
919806	[383]	:	Key	71	DOWN	at	919805  
924759	[4953]	:	time Target is 924759
925727	[968]	:	Key	71	DOWN	at	925726  
930092	[4365]	:	time Target is 930092
930993	[901]	:	Key	71	DOWN	at	930992  
935431	[4438]	:	time Target is 935431
940752	[5321]	:	time Target is 940752
941166	[414]	:	Key	71	DOWN	at	941165  
946095	[4929]	:	time Target is 946095
946477	[382]	:	Key	71	DOWN	at	946477  
951429	[4952]	:	time Target is 951429
956753	[5324]	:	time Target is 956753
957103	[350]	:	Key	71	DOWN	at	957102  
962088	[4985]	:	time Target is 962088
962464	[376]	:	Key	71	DOWN	at	962463  
967421	[4957]	:	time Target is 967421
967564	[143]	:	Key	71	DOWN	at	967564  
972751	[5187]	:	time Target is 972751
972812	[61]	:	Key	71	DOWN	at	972811  
977054	[4242]	:	Key	71	UP	at	973052  
1012399	[35345]	:	Key	71	DOWN	at	1012398 
1013189	[790]	:	Key	71	UP	at	1012590 
1013459	[270]	:	time Target is 1013459
1018782	[5323]	:	time Target is 1018782
1019121	[339]	:	Key	71	DOWN	at	1019120 
1024116	[4995]	:	time Target is 1024116
1024289	[173]	:	Key	71	DOWN	at	1024288 
1029459	[5170]	:	time Target is 1029459
1029741	[282]	:	Key	71	DOWN	at	1029741 
1034798	[5057]	:	time Target is 1034798
1035054	[256]	:	Key	71	DOWN	at	1035054 
1040133	[5079]	:	time Target is 1040133
1040623	[490]	:	Key	71	DOWN	at	1040623 
1045465	[4842]	:	time Target is 1045465
1045824	[359]	:	Key	71	DOWN	at	1045824 
1050802	[4978]	:	time Target is 1050802
1051152	[350]	:	Key	71	DOWN	at	1051152 
1056132	[4980]	:	time Target is 1056132
1057200	[1068]	:	Key	71	DOWN	at	1057199 
1061472	[4272]	:	time Target is 1061472
1061933	[461]	:	Key	71	DOWN	at	1061932 
1066804	[4871]	:	time Target is 1066804
1066880	[76]	:	Key	71	UP	at	1066879 
1067264	[384]	:	Key	71	DOWN	at	1067263 
1072136	[4872]	:	time Target is 1072136
1077451	[5315]	:	time Target is 1077451
1082775	[5324]	:	time Target is 1082775
1083375	[600]	:	Key	71	DOWN	at	1083375 
1088108	[4733]	:	time Target is 1088108
1088449	[341]	:	Key	71	DOWN	at	1088448 
1093444	[4995]	:	time Target is 1093444
1093772	[328]	:	Key	71	DOWN	at	1093772 
1098779	[5007]	:	time Target is 1098779
1099598	[819]	:	Key	71	DOWN	at	1099597 
1104116	[4518]	:	time Target is 1104116
1104476	[360]	:	Key	71	DOWN	at	1104476 
1109450	[4974]	:	time Target is 1109450
1109805	[355]	:	Key	71	DOWN	at	1109805 
1114777	[4972]	:	time Target is 1114777
1115551	[774]	:	Key	71	DOWN	at	1115550 
1120121	[4570]	:	time Target is 1120121
1120736	[615]	:	Key	71	DOWN	at	1120736 
1125458	[4722]	:	time Target is 1125458
1125951	[493]	:	Key	71	DOWN	at	1125951 
1130794	[4843]	:	time Target is 1130794
1131164	[370]	:	Key	71	DOWN	at	1131163 
1136130	[4966]	:	time Target is 1136130
1136463	[333]	:	Key	71	DOWN	at	1136462 
1141457	[4994]	:	Key	71	DOWN	at	1141308 
1144271	[2814]	:	time Target is 1144271
1144797	[526]	:	Key	71	DOWN	at	1144797 
1149598	[4801]	:	time Target is 1149598
1154922	[5324]	:	time Target is 1154922
1155293	[371]	:	Key	71	DOWN	at	1155292 
1160263	[4970]	:	time Target is 1160263
1160700	[437]	:	Key	71	DOWN	at	1160700 
1165603	[4903]	:	time Target is 1165603
1166028	[425]	:	Key	71	DOWN	at	1166028 
1170937	[4909]	:	time Target is 1170937
1171648	[711]	:	Key	71	DOWN	at	1171647 
1176278	[4630]	:	time Target is 1176278
1177025	[747]	:	Key	71	DOWN	at	1177024 
1181614	[4589]	:	time Target is 1181614
1181969	[355]	:	Key	71	DOWN	at	1181968 
1186953	[4984]	:	time Target is 1186953
1187484	[531]	:	Key	71	DOWN	at	1187483 
1192287	[4803]	:	time Target is 1192287
1193003	[716]	:	Key	71	DOWN	at	1193003 
1197623	[4620]	:	time Target is 1197623
1198030	[407]	:	Key	71	DOWN	at	1198030 
1202963	[4933]	:	time Target is 1202963
1203104	[141]	:	Key	71	DOWN	at	1203103 
1208307	[5203]	:	time Target is 1208307
1213624	[5317]	:	time Target is 1213624
1214143	[519]	:	Key	71	DOWN	at	1214141 
1218966	[4823]	:	time Target is 1218966
1219839	[873]	:	Key	71	DOWN	at	1219839 
1224304	[4465]	:	time Target is 1224304
1225009	[705]	:	Key	71	DOWN	at	1225009 
1229646	[4637]	:	time Target is 1229646
1230397	[751]	:	Key	71	DOWN	at	1230397 
1234985	[4588]	:	time Target is 1234985
1235005	[20]	:	Key	71	DOWN	at	1235005 
1240317	[5312]	:	time Target is 1240317
1240560	[243]	:	Key	71	DOWN	at	1240560 
1245658	[5098]	:	time Target is 1245658
1245855	[197]	:	Key	71	DOWN	at	1245854 
1251000	[5145]	:	time Target is 1251000
1256319	[5319]	:	time Target is 1256319
1257195	[876]	:	Key	71	DOWN	at	1257195 
1261657	[4462]	:	time Target is 1261657
1266978	[5321]	:	time Target is 1266978
1267057	[79]	:	Key	71	DOWN	at	1267056 
1272312	[5255]	:	time Target is 1272312
1272670	[358]	:	Key	71	DOWN	at	1272670 
1277650	[4980]	:	time Target is 1277650
1278444	[794]	:	Key	71	DOWN	at	1278444 
1282988	[4544]	:	time Target is 1282988
1283329	[341]	:	Key	71	DOWN	at	1283327 
1288330	[5001]	:	time Target is 1288330
1288684	[354]	:	Key	71	DOWN	at	1288683 
1293669	[4985]	:	time Target is 1293669
1293948	[279]	:	Key	71	DOWN	at	1293948 
1299003	[5055]	:	time Target is 1299003
1299567	[564]	:	Key	71	DOWN	at	1299567 
1304337	[4770]	:	time Target is 1304337
1305024	[687]	:	Key	71	DOWN	at	1305024 
1309674	[4650]	:	time Target is 1309674
1310046	[372]	:	Key	71	DOWN	at	1310046 
1315005	[4959]	:	time Target is 1315005
1315072	[67]	:	Key	71	DOWN	at	1315072 
1320340	[5268]	:	time Target is 1320340
1320656	[316]	:	Key	71	DOWN	at	1320656 
1325672	[5016]	:	time Target is 1325672
1325792	[120]	:	Key	71	DOWN	at	1325792 
1331014	[5222]	:	time Target is 1331014
1331056	[42]	:	Key	71	DOWN	at	1331056 
1336097	[5041]	:	Key	71	DOWN	at	1335756 
1336097	[0]	:	Key	71	UP	at	1335967 
1338915	[2818]	:	time Target is 1338915
1339372	[457]	:	Key	71	DOWN	at	1339372 
1344289	[4917]	:	time Target is 1344289
1345024	[735]	:	Key	71	DOWN	at	1345024 
1349625	[4601]	:	time Target is 1349625
1349840	[215]	:	Key	71	DOWN	at	1349839 
1354962	[5122]	:	time Target is 1354962
1355376	[414]	:	Key	71	DOWN	at	1355376 
1360297	[4921]	:	time Target is 1360297
1360943	[646]	:	Key	71	DOWN	at	1360942 
1365639	[4696]	:	time Target is 1365639
1366107	[468]	:	Key	71	DOWN	at	1366107 
1370976	[4869]	:	time Target is 1370976
1371435	[459]	:	Key	71	DOWN	at	1371435 
1376316	[4881]	:	time Target is 1376316
1376704	[388]	:	Key	71	DOWN	at	1376703 
1381654	[4950]	:	time Target is 1381654
1386978	[5324]	:	time Target is 1386978
1387501	[523]	:	Key	71	DOWN	at	1387501 
1392314	[4813]	:	time Target is 1392314
1393293	[979]	:	Key	71	DOWN	at	1393292 
1397649	[4356]	:	time Target is 1397649
1398220	[571]	:	Key	71	DOWN	at	1398220 
1402986	[4766]	:	time Target is 1402986
1403280	[294]	:	Key	71	DOWN	at	1403279 
1408325	[5045]	:	time Target is 1408325
1409039	[714]	:	Key	71	DOWN	at	1409039 
1413660	[4621]	:	time Target is 1413660
1414960	[1300]	:	Key	71	DOWN	at	1414960 
1418994	[4034]	:	time Target is 1418994
1419901	[907]	:	Key	71	DOWN	at	1419900 
1424341	[4440]	:	time Target is 1424341
1429662	[5321]	:	time Target is 1429662
1430078	[416]	:	Key	71	DOWN	at	1430077 
1435001	[4923]	:	time Target is 1435001
1436239	[1238]	:	Key	71	DOWN	at	1436238 
1440341	[4102]	:	time Target is 1440341
1441151	[810]	:	Key	71	DOWN	at	1441151 
1445687	[4536]	:	time Target is 1445687
1451010	[5323]	:	time Target is 1451010
1451677	[667]	:	Key	71	DOWN	at	1451677 
1456339	[4662]	:	time Target is 1456339
1456687	[348]	:	Key	71	DOWN	at	1456687 
1461694	[5007]	:	time Target is 1461694
1462062	[368]	:	Key	71	DOWN	at	1462062 
1467033	[4971]	:	time Target is 1467033
1467595	[562]	:	Key	71	DOWN	at	1467595 
1472362	[4767]	:	time Target is 1472362
1472797	[435]	:	Key	71	DOWN	at	1472797 
1477700	[4903]	:	time Target is 1477700
1478399	[699]	:	Key	71	DOWN	at	1478399 
1483035	[4636]	:	time Target is 1483035
1483612	[577]	:	Key	71	DOWN	at	1483611 
1487330	[3718]	:	Key	71	UP	at	1483806 
1532287	[44957]	:	Key	71	DOWN	at	1532287 
1532496	[209]	:	Key	71	UP	at	1532496 
1535485	[2989]	:	Key	71	DOWN	at	1535485 
1536279	[794]	:	Key	71	UP	at	1535659 
1536548	[269]	:	time Target is 1536548
1537020	[472]	:	Key	71	DOWN	at	1537019 
1541883	[4863]	:	time Target is 1541883
1542205	[322]	:	Key	71	DOWN	at	1542205 
1547234	[5029]	:	time Target is 1547234
1552561	[5327]	:	time Target is 1552561
1552987	[426]	:	Key	71	DOWN	at	1552987 
1557898	[4911]	:	time Target is 1557898
1558236	[338]	:	Key	71	DOWN	at	1558235 
1563242	[5006]	:	time Target is 1563242
1563582	[340]	:	Key	71	DOWN	at	1563582 
1568579	[4997]	:	time Target is 1568579
1573906	[5327]	:	time Target is 1573906
1574254	[348]	:	Key	71	DOWN	at	1574253 
1579243	[4989]	:	time Target is 1579243
1584576	[5333]	:	time Target is 1584576
1585247	[671]	:	Key	71	DOWN	at	1585246 
1589915	[4668]	:	time Target is 1589915
1590272	[357]	:	Key	71	DOWN	at	1590272 
1595252	[4980]	:	time Target is 1595252
1595745	[493]	:	Key	71	DOWN	at	1595744 
1600593	[4848]	:	time Target is 1600593
1600846	[253]	:	Key	71	DOWN	at	1600845 
1605929	[5083]	:	time Target is 1605929
1611255	[5326]	:	time Target is 1611255
1616578	[5323]	:	time Target is 1616578
1617022	[444]	:	Key	71	DOWN	at	1617022 
1621928	[4906]	:	time Target is 1621928
1627247	[5319]	:	time Target is 1627247
1627872	[625]	:	Key	71	DOWN	at	1627871 
1632584	[4712]	:	time Target is 1632584
1633036	[452]	:	Key	71	DOWN	at	1633035 
1637921	[4885]	:	time Target is 1637921
1638510	[589]	:	Key	71	DOWN	at	1638510 
1643264	[4754]	:	time Target is 1643264
1648586	[5322]	:	time Target is 1648586
1648750	[164]	:	Key	71	DOWN	at	1648749 
1653922	[5172]	:	time Target is 1653922
1654270	[348]	:	Key	71	DOWN	at	1654269 
1659265	[4995]	:	time Target is 1659265
1660254	[989]	:	Key	71	DOWN	at	1660252 
1664605	[4351]	:	time Target is 1664605
1669929	[5324]	:	time Target is 1669929
1670032	[103]	:	Key	71	DOWN	at	1670032 
1675264	[5232]	:	time Target is 1675264
1675535	[271]	:	Key	71	DOWN	at	1675534 
1680604	[5069]	:	time Target is 1680604
1681211	[607]	:	Key	71	DOWN	at	1681211 
1685937	[4726]	:	time Target is 1685937
1686381	[444]	:	Key	71	DOWN	at	1686381 
1691273	[4892]	:	time Target is 1691273
1692033	[760]	:	Key	71	DOWN	at	1692032 
1696626	[4593]	:	time Target is 1696626
1696959	[333]	:	Key	71	DOWN	at	1696959 
1701699	[4740]	:	Key	71	DOWN	at	1701421 
1701700	[1]	:	Key	71	UP	at	1701648 
1704515	[2815]	:	time Target is 1704515
1704815	[300]	:	Key	71	DOWN	at	1704815 
1709854	[5039]	:	time Target is 1709854
1715171	[5317]	:	time Target is 1715171
1715262	[91]	:	Key	71	DOWN	at	1715262 
1720507	[5245]	:	time Target is 1720507
1721099	[592]	:	Key	71	DOWN	at	1721099 
1725843	[4744]	:	time Target is 1725843
1726382	[539]	:	Key	71	DOWN	at	1726382 
1731180	[4798]	:	time Target is 1731180
1736501	[5321]	:	time Target is 1736501
1736881	[380]	:	Key	71	DOWN	at	1736880 
1741839	[4958]	:	time Target is 1741839
1742352	[513]	:	Key	71	DOWN	at	1742351 
1747183	[4831]	:	time Target is 1747183
1747661	[478]	:	Key	71	DOWN	at	1747660 
1752511	[4850]	:	Key	71	DOWN	at	1752352 
1755327	[2816]	:	time Target is 1755327
1755916	[589]	:	Key	71	DOWN	at	1755915 
1760664	[4748]	:	time Target is 1760664
1765986	[5322]	:	time Target is 1765986
1766801	[815]	:	Key	71	DOWN	at	1766800 
1771324	[4523]	:	time Target is 1771324
1771598	[274]	:	Key	71	DOWN	at	1771597 
1776664	[5066]	:	time Target is 1776664
1777019	[355]	:	Key	71	DOWN	at	1777019 
1781997	[4978]	:	time Target is 1781997
1782336	[339]	:	Key	71	DOWN	at	1782336 
1787333	[4997]	:	time Target is 1787333
1792653	[5320]	:	time Target is 1792653
1797975	[5322]	:	time Target is 1797975
1798352	[377]	:	Key	71	DOWN	at	1798352 
1803312	[4960]	:	time Target is 1803312
1803500	[188]	:	Key	71	DOWN	at	1803499 
1808649	[5149]	:	time Target is 1808649
1809583	[934]	:	Key	71	DOWN	at	1809583 
1813996	[4413]	:	time Target is 1813996
1814349	[353]	:	Key	71	DOWN	at	1814349 
1819358	[5009]	:	time Target is 1819358
1820624	[1266]	:	Key	71	DOWN	at	1820624 
1824696	[4072]	:	time Target is 1824696
1825072	[376]	:	Key	71	DOWN	at	1825071 
1830028	[4956]	:	time Target is 1830028
1830445	[417]	:	Key	71	DOWN	at	1830445 
1835367	[4922]	:	time Target is 1835367
1836096	[729]	:	Key	71	DOWN	at	1836096 
1840699	[4603]	:	time Target is 1840699
1841120	[421]	:	Key	71	DOWN	at	1841119 
1846029	[4909]	:	time Target is 1846029
1846335	[306]	:	Key	71	DOWN	at	1846334 
1851369	[5034]	:	time Target is 1851369
1852252	[883]	:	Key	71	DOWN	at	1852252 
1856710	[4458]	:	time Target is 1856710
1857038	[328]	:	Key	71	DOWN	at	1857036 
1862051	[5013]	:	time Target is 1862051
1867373	[5322]	:	time Target is 1867373
1867726	[353]	:	Key	71	DOWN	at	1867726 
1872732	[5006]	:	time Target is 1872732
1873183	[451]	:	Key	71	DOWN	at	1873183 
1877800	[4617]	:	Key	71	DOWN	at	1877743 
1880617	[2817]	:	time Target is 1880617
1881103	[486]	:	Key	71	DOWN	at	1881103 
1885952	[4849]	:	time Target is 1885952
1886926	[974]	:	Key	71	DOWN	at	1886926 
1891289	[4363]	:	time Target is 1891289
1891756	[467]	:	Key	71	DOWN	at	1891755 
1896633	[4877]	:	time Target is 1896633
1897085	[452]	:	Key	71	DOWN	at	1897085 
1901972	[4887]	:	time Target is 1901972
1902864	[892]	:	Key	71	DOWN	at	1902863 
1907309	[4445]	:	time Target is 1907309
1907744	[435]	:	Key	71	DOWN	at	1907743 
1912646	[4902]	:	time Target is 1912646
1913471	[825]	:	Key	71	DOWN	at	1913470 
1917985	[4514]	:	time Target is 1917985
1918316	[331]	:	Key	71	DOWN	at	1918316 
1923322	[5006]	:	time Target is 1923322
1923435	[113]	:	Key	71	DOWN	at	1923435 
1928681	[5246]	:	time Target is 1928681
1929406	[725]	:	Key	71	DOWN	at	1929406 
1934014	[4608]	:	time Target is 1934014
1934636	[622]	:	Key	71	DOWN	at	1934636 
1939350	[4714]	:	time Target is 1939350
1940095	[745]	:	Key	71	DOWN	at	1940095 
1944685	[4590]	:	time Target is 1944685
1944959	[274]	:	Key	71	DOWN	at	1944959 
1950023	[5064]	:	time Target is 1950023
1950592	[569]	:	Key	71	DOWN	at	1950591 
1955364	[4772]	:	time Target is 1955364
1955823	[459]	:	Key	71	DOWN	at	1955822 
1960702	[4879]	:	time Target is 1960702
1961088	[386]	:	Key	71	DOWN	at	1961088 
1966037	[4949]	:	time Target is 1966037
1966383	[346]	:	Key	71	DOWN	at	1966382 
1971374	[4991]	:	time Target is 1971374
1971741	[367]	:	Key	71	DOWN	at	1971740 
1976709	[4968]	:	time Target is 1976709
1976860	[151]	:	Key	71	DOWN	at	1976860 
1982045	[5185]	:	time Target is 1982045
1982349	[304]	:	Key	71	DOWN	at	1982348 
1987387	[5038]	:	time Target is 1987387
1992705	[5318]	:	time Target is 1992705
1992815	[110]	:	Key	71	DOWN	at	1992814 
1997776	[4961]	:	Key	71	DOWN	at	1997438 
1997776	[0]	:	Key	71	UP	at	1997675 
2000595	[2819]	:	time Target is 2000595
2001280	[685]	:	Key	71	DOWN	at	2001279 
2004895	[3615]	:	Key	71	UP	at	2001421 
2005468	[573]	:	Key	71	DOWN	at	2005467 
2006246	[778]	:	Key	71	UP	at	2005633 
2006514	[268]	:	time Target is 2006514
2007580	[1066]	:	Key	71	DOWN	at	2007580 
2011853	[4273]	:	time Target is 2011853
2012400	[547]	:	Key	71	DOWN	at	2012399 
2017217	[4817]	:	time Target is 2017217
2017264	[47]	:	Key	71	DOWN	at	2017264 
2022541	[5277]	:	time Target is 2022541
2023008	[467]	:	Key	71	DOWN	at	2023008 
2027887	[4879]	:	time Target is 2027887
2028269	[382]	:	Key	71	DOWN	at	2028268 
2033221	[4952]	:	time Target is 2033221
2038538	[5317]	:	time Target is 2038538
2039037	[499]	:	Key	71	DOWN	at	2039037 
2043879	[4842]	:	time Target is 2043879
2044173	[294]	:	Key	71	DOWN	at	2044172 
2049217	[5044]	:	time Target is 2049217
2054536	[5319]	:	time Target is 2054536
2054972	[436]	:	Key	71	DOWN	at	2054972 
2059867	[4895]	:	time Target is 2059867
2060270	[403]	:	Key	71	DOWN	at	2060270 
2065217	[4947]	:	time Target is 2065217
2065934	[717]	:	Key	71	DOWN	at	2065934 
2070549	[4615]	:	time Target is 2070549
2070945	[396]	:	Key	71	DOWN	at	2070944 
2075889	[4944]	:	time Target is 2075889
2076289	[400]	:	Key	71	DOWN	at	2076288 
2081226	[4937]	:	time Target is 2081226
2081580	[354]	:	Key	71	DOWN	at	2081580 
2086588	[5008]	:	time Target is 2086588
2087005	[417]	:	Key	71	DOWN	at	2087005 
2091934	[4929]	:	time Target is 2091934
2092300	[366]	:	Key	71	DOWN	at	2092300 
2097271	[4971]	:	time Target is 2097271
2098093	[822]	:	Key	71	DOWN	at	2098092 
2102611	[4518]	:	time Target is 2102611
2103568	[957]	:	Key	71	DOWN	at	2103568 
2107947	[4379]	:	time Target is 2107947
2108351	[404]	:	Key	71	DOWN	at	2108351 
2113280	[4929]	:	time Target is 2113280
2113724	[444]	:	Key	71	DOWN	at	2113724 
2118612	[4888]	:	time Target is 2118612
2119166	[554]	:	Key	71	DOWN	at	2119165 
2123946	[4780]	:	time Target is 2123946
2124767	[821]	:	Key	71	DOWN	at	2124766 
2129280	[4513]	:	time Target is 2129280
2129740	[460]	:	Key	71	DOWN	at	2129740 
2134615	[4875]	:	time Target is 2134615
2139937	[5322]	:	time Target is 2139937
2140349	[412]	:	Key	71	DOWN	at	2140348 
2145274	[4925]	:	time Target is 2145274
2145950	[676]	:	Key	71	DOWN	at	2145950 
2150609	[4659]	:	time Target is 2150609
2151356	[747]	:	Key	71	DOWN	at	2151356 
2155944	[4588]	:	time Target is 2155944
2156608	[664]	:	Key	71	DOWN	at	2156608 
2161276	[4668]	:	time Target is 2161276
2162063	[787]	:	Key	71	DOWN	at	2162063 
2166725	[4662]	:	time Target is 2166725
2167681	[956]	:	Key	71	DOWN	at	2167680 
2172059	[4378]	:	time Target is 2172059
2172687	[628]	:	Key	71	DOWN	at	2172687 
2177401	[4714]	:	time Target is 2177401
2178077	[676]	:	Key	71	DOWN	at	2178076 
2182743	[4666]	:	time Target is 2182743
2183918	[1175]	:	Key	71	DOWN	at	2183917 
2188086	[4168]	:	time Target is 2188086
2188160	[74]	:	Key	71	DOWN	at	2188159 
2193159	[4999]	:	Key	61	DOWN	at	2192653 
2193160	[1]	:	Key	61	UP	at	2192863 
2195714	[2554]	:	Key	12	DOWN	at	2195517 
2198535	[2821]	:	time Target is 2198535
2199071	[536]	:	Key	66	DOWN	at	2199071 
2199230	[159]	:	Key	66	UP	at	2199230 
2199532	[302]	:	Key	71	DOWN	at	2199532 
2203868	[4336]	:	time Target is 2203868
2204191	[323]	:	Key	13	DOWN	at	2204190 
2204432	[241]	:	Key	13	UP	at	2204431 
2204784	[352]	:	Key	71	DOWN	at	2204784 
2209208	[4424]	:	time Target is 2209208
2209518	[310]	:	Key	13	DOWN	at	2209517 
2209710	[192]	:	Key	13	UP	at	2209710 
2209949	[239]	:	Key	71	DOWN	at	2209949 
2214546	[4597]	:	time Target is 2214546
2215039	[493]	:	Key	71	DOWN	at	2215039 
2219880	[4841]	:	time Target is 2219880
2220175	[295]	:	Key	71	DOWN	at	2220174 
2225221	[5046]	:	time Target is 2225221
2225659	[438]	:	Key	71	DOWN	at	2225659 
2230554	[4895]	:	time Target is 2230554
2231039	[485]	:	Key	71	DOWN	at	2231039 
2235881	[4842]	:	time Target is 2235881
2237151	[1270]	:	Key	71	DOWN	at	2237150 
2241227	[4076]	:	time Target is 2241226
2241711	[484]	:	Key	71	DOWN	at	2241711 
2246560	[4849]	:	time Target is 2246560
2247022	[462]	:	Key	71	DOWN	at	2247022 
2251894	[4872]	:	time Target is 2251894
2252175	[281]	:	Key	71	DOWN	at	2252175 
2257260	[5085]	:	time Target is 2257260
2257537	[277]	:	Key	71	DOWN	at	2257536 
2262603	[5066]	:	time Target is 2262603
2267919	[5316]	:	time Target is 2267919
2268555	[636]	:	Key	71	DOWN	at	2268555 
2273262	[4707]	:	time Target is 2273262
2273680	[418]	:	Key	71	DOWN	at	2273680 
2278596	[4916]	:	time Target is 2278596
2279404	[808]	:	Key	71	DOWN	at	2279403 
2283935	[4531]	:	time Target is 2283935
2284460	[525]	:	Key	71	DOWN	at	2284460 
2289009	[4549]	:	Key	71	DOWN	at	2288894 
2291824	[2815]	:	time Target is 2291824
2292302	[478]	:	Key	71	DOWN	at	2292301 
2297158	[4856]	:	time Target is 2297158
2297438	[280]	:	Key	71	DOWN	at	2297437 
2302495	[5057]	:	time Target is 2302495
2303201	[706]	:	Key	71	DOWN	at	2303200 
2307827	[4626]	:	time Target is 2307827
2308209	[382]	:	Key	71	DOWN	at	2308208 
2313166	[4957]	:	time Target is 2313166
2313547	[381]	:	Key	71	DOWN	at	2313547 
2318509	[4962]	:	time Target is 2318509
2319053	[544]	:	Key	71	DOWN	at	2319053 
2323843	[4790]	:	time Target is 2323843
2324241	[398]	:	Key	71	DOWN	at	2324241 
2329174	[4933]	:	time Target is 2329174
2329548	[374]	:	Key	71	DOWN	at	2329548 
2334509	[4961]	:	time Target is 2334509
2335117	[608]	:	Key	71	DOWN	at	2335117 
2339842	[4725]	:	time Target is 2339842
2340431	[589]	:	Key	71	DOWN	at	2340431 
2345174	[4743]	:	time Target is 2345174
2345601	[427]	:	Key	71	DOWN	at	2345601 
2350513	[4912]	:	time Target is 2350513
2351292	[779]	:	Key	71	DOWN	at	2351291 
2355854	[4562]	:	time Target is 2355854
2356350	[496]	:	Key	71	DOWN	at	2356349 
2361193	[4843]	:	time Target is 2361193
2361726	[533]	:	Key	71	DOWN	at	2361726 
2366529	[4803]	:	time Target is 2366529
2366720	[191]	:	Key	71	DOWN	at	2366720 
2371600	[4880]	:	Key	71	DOWN	at	2371455 
2374415	[2815]	:	time Target is 2374415
2374977	[562]	:	Key	71	DOWN	at	2374977 
2379787	[4810]	:	time Target is 2379787
2380223	[436]	:	Key	71	DOWN	at	2380223 
2385125	[4902]	:	time Target is 2385125
2385502	[377]	:	Key	71	DOWN	at	2385502 
2390462	[4960]	:	time Target is 2390462
2390716	[254]	:	Key	71	DOWN	at	2390716 
2395796	[5080]	:	time Target is 2395796
2396411	[615]	:	Key	71	DOWN	at	2396411 
2401135	[4724]	:	time Target is 2401135
2402015	[880]	:	Key	71	DOWN	at	2402014 
2406465	[4450]	:	time Target is 2406465
2407020	[555]	:	Key	71	DOWN	at	2407020 
2411805	[4785]	:	time Target is 2411805
2412636	[831]	:	Key	71	DOWN	at	2412636 
2417140	[4504]	:	time Target is 2417140
2417663	[523]	:	Key	71	DOWN	at	2417663 
2422474	[4811]	:	time Target is 2422474
2422923	[449]	:	Key	71	DOWN	at	2422923 
2427813	[4890]	:	time Target is 2427813
2427885	[72]	:	Key	71	DOWN	at	2427884 
2433153	[5268]	:	time Target is 2433153
2433709	[556]	:	Key	71	DOWN	at	2433709 
2438488	[4779]	:	time Target is 2438488
2443809	[5321]	:	time Target is 2443809
2444461	[652]	:	Key	71	DOWN	at	2444461 
2449145	[4684]	:	time Target is 2449145
2449421	[276]	:	Key	71	DOWN	at	2449421 
2454478	[5057]	:	time Target is 2454478
2455662	[1184]	:	Key	71	DOWN	at	2455662 
2459815	[4153]	:	time Target is 2459815
2460078	[263]	:	Key	71	DOWN	at	2460078 
2465147	[5069]	:	time Target is 2465147
2465613	[466]	:	Key	71	DOWN	at	2465613 
2470471	[4858]	:	time Target is 2470471
2470720	[249]	:	Key	71	DOWN	at	2470720 
2474782	[4062]	:	Key	71	UP	at	2470927 
2483615	[8833]	:	Key	71	DOWN	at	2483614 
2483803	[188]	:	Key	71	UP	at	2483803 
2488558	[4755]	:	Key	60	DOWN	at	2488557 
2488575	[17]	:	Key	60	UP	at	2488574 
2493884	[5309]	:	Key	29	DOWN	at	2493884 
2494077	[193]	:	Key	29	UP	at	2494077 
2497292	[3215]	:	Key	29	DOWN	at	2497292 
2497487	[195]	:	Key	29	UP	at	2497487 
2500556	[3069]	:	Key	28	DOWN	at	2500555 
2500699	[143]	:	Key	28	UP	at	2500699 
2501661	[962]	:	Key	28	DOWN	at	2501661 
2501773	[112]	:	Key	28	UP	at	2501773 
2507565	[5792]	:	Key	29	DOWN	at	2507565 
2507758	[193]	:	Key	29	UP	at	2507757 
2509356	[1598]	:	Key	29	DOWN	at	2509356 
2509486	[130]	:	Key	29	UP	at	2509485 
2512993	[3507]	:	Key	29	DOWN	at	2512992 
2513196	[203]	:	Key	29	UP	at	2513196 
2513804	[608]	:	Key	28	DOWN	at	2513804 
2513980	[176]	:	Key	28	UP	at	2513980 
2518592	[4612]	:	Key	28	DOWN	at	2518592 
2518719	[127]	:	Key	28	UP	at	2518719 
2519469	[750]	:	Key	28	DOWN	at	2519469 
2519616	[147]	:	Key	28	UP	at	2519616 
2521309	[1693]	:	Key	28	DOWN	at	2521309 
2521472	[163]	:	Key	28	UP	at	2521471 
2522959	[1487]	:	Key	28	DOWN	at	2522958 
2523087	[128]	:	Key	28	UP	at	2523087 
2526191	[3104]	:	Key	28	DOWN	at	2526191 
2526383	[192]	:	Key	28	UP	at	2526382 
2527230	[847]	:	Key	29	DOWN	at	2527230 
2527451	[221]	:	Key	29	UP	at	2527451 
2528462	[1011]	:	Key	29	DOWN	at	2528461 
2528640	[178]	:	Key	29	UP	at	2528639 
2529165	[525]	:	Key	29	DOWN	at	2529165 
2529197	[32]	:	COGENT STOP
