Cog2000 log file Thu Jan 02 10:36:15 2020
gprim v1.33 Compiled:Aug 12 2015 (GLib DirectDraw v7 DX12.0 Compiled:Aug 12 2015)
Display:1024x768x32 59.95Hz
Attaching C:\Program Files\Cogent2000v1.33\Toolbox\CogInput.mexw64
CogInput v1.05 Compiled: May 20 2010
7	[7]	:	COGENT START
20554	[20547]	:	Key	71	DOWN	at	20552   
20650	[96]	:	Key	71	UP	at	20648   
39352	[18702]	:	Key	71	DOWN	at	39351   
39463	[111]	:	Key	71	UP	at	39463   
43366	[3903]	:	Key	71	DOWN	at	43365   
43510	[144]	:	Key	71	UP	at	43509   
54841	[11331]	:	Key	71	DOWN	at	54841   
54967	[126]	:	Key	71	UP	at	54967   
70358	[15391]	:	Key	71	DOWN	at	70358   
70436	[78]	:	Key	71	UP	at	70435   
92261	[21825]	:	Key	71	DOWN	at	92260   
93170	[909]	:	time Target is 93152
93767	[597]	:	Key	71	DOWN	at	93766   
99241	[5474]	:	time Target is 99239
99624	[383]	:	Key	71	DOWN	at	99624   
105319	[5695]	:	time Target is 105319
105814	[495]	:	Key	71	DOWN	at	105813  
111417	[5603]	:	time Target is 111415
111815	[398]	:	Key	71	DOWN	at	111815  
127220	[15405]	:	Key	71	DOWN	at	127220  
128292	[1072]	:	time Target is 128287
134625	[6333]	:	time Target is 134625
140955	[6330]	:	time Target is 140954
147282	[6327]	:	time Target is 147282
168631	[21349]	:	Key	71	DOWN	at	168630  
168744	[113]	:	Key	71	UP	at	168743  
173046	[4302]	:	Key	71	DOWN	at	173046  
173141	[95]	:	Key	71	UP	at	173140  
177608	[4467]	:	Key	71	DOWN	at	177608  
177684	[76]	:	Key	71	UP	at	177684  
188489	[10805]	:	Key	71	DOWN	at	188488  
188648	[159]	:	Key	71	UP	at	188648  
192933	[4285]	:	Key	71	DOWN	at	192933  
193775	[842]	:	Key	71	UP	at	193112  
193801	[26]	:	time Target is 193801
194823	[1022]	:	Key	71	DOWN	at	194823  
198907	[4084]	:	time Target is 198907
203990	[5083]	:	time Target is 203990
204648	[658]	:	Key	71	DOWN	at	204648  
209091	[4443]	:	time Target is 209090
224885	[15794]	:	Key	71	DOWN	at	224885  
225080	[195]	:	Key	71	UP	at	225080  
229846	[4766]	:	Key	71	DOWN	at	229846  
230639	[793]	:	Key	71	UP	at	230054  
230657	[18]	:	time Target is 230657
231575	[918]	:	Key	71	DOWN	at	231575  
235751	[4176]	:	time Target is 235751
236789	[1038]	:	Key	71	DOWN	at	236789  
240836	[4047]	:	time Target is 240836
245920	[5084]	:	time Target is 245920
246888	[968]	:	Key	71	DOWN	at	246888  
250222	[3334]	:	Key	71	UP	at	247046  
258517	[8295]	:	Key	71	DOWN	at	258516  
258726	[209]	:	Key	71	UP	at	258726  
262983	[4257]	:	Key	71	DOWN	at	262982  
263775	[792]	:	Key	71	UP	at	263159  
263797	[22]	:	time Target is 263797
264345	[548]	:	Key	71	DOWN	at	264344  
268887	[4542]	:	time Target is 268887
273944	[5057]	:	Key	71	DOWN	at	273817  
276513	[2569]	:	time Target is 276513
277254	[741]	:	Key	71	DOWN	at	277252  
280815	[3561]	:	Key	71	UP	at	277431  
289575	[8760]	:	Key	71	DOWN	at	289575  
289782	[207]	:	Key	71	UP	at	289781  
293688	[3906]	:	Key	71	DOWN	at	293688  
294472	[784]	:	Key	71	UP	at	293864  
294498	[26]	:	time Target is 294498
295398	[900]	:	Key	71	DOWN	at	295398  
299592	[4194]	:	time Target is 299592
304663	[5071]	:	time Target is 304662
309737	[5074]	:	time Target is 309737
321653	[11916]	:	Key	71	DOWN	at	321653  
321812	[159]	:	Key	71	UP	at	321812  
336724	[14912]	:	Key	71	DOWN	at	336723  
336884	[160]	:	Key	71	UP	at	336884  
351159	[14275]	:	Key	71	DOWN	at	351158  
351335	[176]	:	Key	71	UP	at	351335  
363060	[11725]	:	Key	71	DOWN	at	363060  
363237	[177]	:	Key	71	UP	at	363237  
381639	[18402]	:	Key	71	DOWN	at	381639  
384213	[2574]	:	time Target is 384213
384792	[579]	:	Key	71	DOWN	at	384792  
389558	[4766]	:	time Target is 389558
390708	[1150]	:	Key	71	DOWN	at	390708  
394904	[4196]	:	time Target is 394904
395496	[592]	:	Key	71	DOWN	at	395496  
400250	[4754]	:	time Target is 400250
405574	[5324]	:	Key	71	DOWN	at	405560  
408391	[2817]	:	time Target is 408391
409158	[767]	:	Key	71	DOWN	at	409158  
413738	[4580]	:	time Target is 413738
414822	[1084]	:	Key	71	DOWN	at	414821  
419079	[4257]	:	time Target is 419079
424393	[5314]	:	Key	71	DOWN	at	424248  
427204	[2811]	:	Key	71	DOWN	at	427029  
427204	[0]	:	Key	71	UP	at	427160  
430016	[2812]	:	time Target is 430016
430599	[583]	:	Key	71	DOWN	at	430599  
435356	[4757]	:	time Target is 435356
435962	[606]	:	Key	71	DOWN	at	435961  
440692	[4730]	:	time Target is 440692
446007	[5315]	:	Key	71	DOWN	at	445831  
448821	[2814]	:	time Target is 448821
449527	[706]	:	Key	71	DOWN	at	449527  
454155	[4628]	:	time Target is 454155
454824	[669]	:	Key	71	DOWN	at	454824  
459525	[4701]	:	time Target is 459525
460296	[771]	:	Key	71	DOWN	at	460296  
464855	[4559]	:	time Target is 464855
466121	[1266]	:	Key	71	DOWN	at	466120  
470193	[4072]	:	time Target is 470193
470807	[614]	:	Key	71	DOWN	at	470807  
475530	[4723]	:	time Target is 475530
476343	[813]	:	Key	71	DOWN	at	476343  
480867	[4524]	:	time Target is 480867
481381	[514]	:	Key	71	DOWN	at	481380  
486201	[4820]	:	time Target is 486201
491526	[5325]	:	time Target is 491526
496846	[5320]	:	time Target is 496846
502165	[5319]	:	time Target is 502165
507489	[5324]	:	time Target is 507489
508021	[532]	:	Key	71	DOWN	at	508020  
512828	[4807]	:	time Target is 512828
513448	[620]	:	Key	71	DOWN	at	513448  
518168	[4720]	:	time Target is 518168
518948	[780]	:	Key	71	DOWN	at	518948  
523530	[4582]	:	time Target is 523530
528852	[5322]	:	time Target is 528852
534175	[5323]	:	time Target is 534175
534697	[522]	:	Key	71	DOWN	at	534696  
539519	[4822]	:	time Target is 539519
540470	[951]	:	Key	71	DOWN	at	540469  
544847	[4377]	:	time Target is 544847
545395	[548]	:	Key	71	DOWN	at	545395  
550236	[4841]	:	time Target is 550236
550963	[727]	:	Key	71	DOWN	at	550963  
555573	[4610]	:	time Target is 555573
560904	[5331]	:	time Target is 560904
561703	[799]	:	Key	71	DOWN	at	561702  
566316	[4613]	:	time Target is 566316
566755	[439]	:	Key	71	DOWN	at	566755  
571656	[4901]	:	time Target is 571656
572281	[625]	:	Key	71	DOWN	at	572280  
576993	[4712]	:	time Target is 576993
582344	[5351]	:	time Target is 582344
582918	[574]	:	Key	71	DOWN	at	582918  
587682	[4764]	:	time Target is 587682
588996	[1314]	:	Key	71	DOWN	at	588995  
593018	[4022]	:	time Target is 593018
593541	[523]	:	Key	71	DOWN	at	593541  
598356	[4815]	:	time Target is 598356
599014	[658]	:	Key	71	DOWN	at	599014  
603707	[4693]	:	time Target is 603707
604356	[649]	:	Key	71	DOWN	at	604355  
609043	[4687]	:	time Target is 609043
614365	[5322]	:	time Target is 614365
615396	[1031]	:	Key	71	DOWN	at	615395  
619699	[4303]	:	time Target is 619699
620164	[465]	:	Key	71	DOWN	at	620163  
625034	[4870]	:	time Target is 625034
630357	[5323]	:	time Target is 630357
630933	[576]	:	Key	71	DOWN	at	630933  
635698	[4765]	:	time Target is 635698
636180	[482]	:	Key	71	DOWN	at	636180  
641028	[4848]	:	time Target is 641028
641639	[611]	:	Key	71	DOWN	at	641638  
646385	[4746]	:	time Target is 646385
651706	[5321]	:	time Target is 651706
652532	[826]	:	Key	71	DOWN	at	652532  
657041	[4509]	:	time Target is 657041
657668	[627]	:	Key	71	DOWN	at	657667  
662379	[4711]	:	time Target is 662379
662981	[602]	:	Key	71	DOWN	at	662981  
667709	[4728]	:	time Target is 667709
668279	[570]	:	Key	71	DOWN	at	668277  
673047	[4768]	:	time Target is 673047
678379	[5332]	:	time Target is 678379
678903	[524]	:	Key	71	DOWN	at	678902  
683715	[4812]	:	time Target is 683715
689034	[5319]	:	time Target is 689034
689878	[844]	:	Key	71	DOWN	at	689878  
694377	[4499]	:	time Target is 694377
695027	[650]	:	Key	71	DOWN	at	695027  
699715	[4688]	:	time Target is 699715
700164	[449]	:	Key	71	DOWN	at	700163  
705053	[4889]	:	time Target is 705053
705688	[635]	:	Key	71	DOWN	at	705688  
710389	[4701]	:	time Target is 710389
710932	[543]	:	Key	71	DOWN	at	710932  
715723	[4791]	:	time Target is 715723
716275	[552]	:	Key	71	DOWN	at	716275  
721065	[4790]	:	time Target is 721065
721526	[461]	:	Key	71	DOWN	at	721526  
726411	[4885]	:	time Target is 726411
726919	[508]	:	Key	71	DOWN	at	726919  
731747	[4828]	:	time Target is 731747
732341	[594]	:	Key	71	DOWN	at	732341  
737087	[4746]	:	time Target is 737087
737718	[631]	:	Key	71	DOWN	at	737717  
742426	[4708]	:	time Target is 742426
747781	[5355]	:	time Target is 747781
749270	[1489]	:	Key	71	DOWN	at	749270  
753115	[3845]	:	time Target is 753115
754198	[1083]	:	Key	71	DOWN	at	754198  
758447	[4249]	:	time Target is 758447
758951	[504]	:	Key	71	DOWN	at	758951  
763784	[4833]	:	time Target is 763784
764212	[428]	:	Key	71	DOWN	at	764211  
769120	[4908]	:	time Target is 769120
769783	[663]	:	Key	71	DOWN	at	769783  
774454	[4671]	:	time Target is 774454
779774	[5320]	:	time Target is 779774
780356	[582]	:	Key	71	DOWN	at	780356  
785108	[4752]	:	time Target is 785108
785557	[449]	:	Key	71	DOWN	at	785557  
790442	[4885]	:	time Target is 790442
791109	[667]	:	Key	71	DOWN	at	791109  
795777	[4668]	:	time Target is 795777
796389	[612]	:	Key	71	DOWN	at	796389  
801110	[4721]	:	time Target is 801110
801800	[690]	:	Key	71	DOWN	at	801799  
806445	[4645]	:	time Target is 806445
807078	[633]	:	Key	71	DOWN	at	807078  
811781	[4703]	:	time Target is 811781
812675	[894]	:	Key	71	DOWN	at	812675  
817109	[4434]	:	time Target is 817109
822431	[5322]	:	time Target is 822431
823012	[581]	:	Key	71	DOWN	at	823011  
827770	[4758]	:	time Target is 827770
828629	[859]	:	Key	71	DOWN	at	828627  
833121	[4492]	:	time Target is 833121
833588	[467]	:	Key	71	DOWN	at	833588  
838459	[4871]	:	time Target is 838459
843782	[5323]	:	time Target is 843782
844277	[495]	:	Key	71	DOWN	at	844277  
849119	[4842]	:	time Target is 849119
859525	[10406]	:	Key	71	DOWN	at	859525  
860316	[791]	:	Key	71	UP	at	859701  
860586	[270]	:	time Target is 860586
865910	[5324]	:	time Target is 865910
871280	[5370]	:	time Target is 871280
871798	[518]	:	Key	71	DOWN	at	871798  
876608	[4810]	:	time Target is 876608
877207	[599]	:	Key	71	DOWN	at	877207  
881950	[4743]	:	time Target is 881950
887279	[5329]	:	time Target is 887279
888420	[1141]	:	Key	71	DOWN	at	888420  
892610	[4190]	:	time Target is 892610
893112	[502]	:	Key	71	DOWN	at	893111  
897940	[4828]	:	time Target is 897940
898584	[644]	:	Key	71	DOWN	at	898584  
903272	[4688]	:	time Target is 903272
903909	[637]	:	Key	71	DOWN	at	903907  
908604	[4695]	:	time Target is 908604
909156	[552]	:	Key	71	DOWN	at	909155  
913945	[4789]	:	time Target is 913945
919271	[5326]	:	time Target is 919271
919925	[654]	:	Key	71	DOWN	at	919925  
924599	[4674]	:	time Target is 924599
925192	[593]	:	Key	71	DOWN	at	925192  
929936	[4744]	:	time Target is 929936
930738	[802]	:	Key	71	DOWN	at	930738  
935274	[4536]	:	time Target is 935274
935748	[474]	:	Key	71	DOWN	at	935747  
940605	[4857]	:	time Target is 940605
941191	[586]	:	Key	71	DOWN	at	941190  
945944	[4753]	:	time Target is 945944
951266	[5322]	:	time Target is 951266
956588	[5322]	:	time Target is 956588
957064	[476]	:	Key	71	DOWN	at	957063  
961930	[4866]	:	time Target is 961930
962436	[506]	:	Key	71	DOWN	at	962435  
967267	[4831]	:	time Target is 967267
967923	[656]	:	Key	71	DOWN	at	967923  
972603	[4680]	:	time Target is 972603
977926	[5323]	:	time Target is 977926
983252	[5326]	:	time Target is 983252
983894	[642]	:	Key	71	DOWN	at	983893  
988587	[4693]	:	time Target is 988587
993915	[5328]	:	time Target is 993915
999241	[5326]	:	time Target is 999241
999704	[463]	:	Key	71	DOWN	at	999704  
1004577	[4873]	:	time Target is 1004577
1005158	[581]	:	Key	71	DOWN	at	1005157 
1009918	[4760]	:	time Target is 1009918
1010485	[567]	:	Key	71	DOWN	at	1010484 
1015260	[4775]	:	time Target is 1015260
1015891	[631]	:	Key	71	DOWN	at	1015891 
1020613	[4722]	:	time Target is 1020613
1021111	[498]	:	Key	71	DOWN	at	1021110 
1025945	[4834]	:	time Target is 1025945
1026455	[510]	:	Key	71	DOWN	at	1026455 
1031285	[4830]	:	time Target is 1031285
1031938	[653]	:	Key	71	DOWN	at	1031938 
1036621	[4683]	:	time Target is 1036621
1037317	[696]	:	Key	71	DOWN	at	1037317 
1041953	[4636]	:	time Target is 1041953
1043208	[1255]	:	Key	71	DOWN	at	1043208 
1047287	[4079]	:	time Target is 1047287
1047813	[526]	:	Key	71	DOWN	at	1047813 
1052622	[4809]	:	time Target is 1052622
1053719	[1097]	:	Key	71	DOWN	at	1053719 
1057961	[4242]	:	time Target is 1057961
1063282	[5321]	:	time Target is 1063282
1068603	[5321]	:	time Target is 1068603
1069191	[588]	:	Key	71	DOWN	at	1069191 
1073941	[4750]	:	time Target is 1073941
1074469	[528]	:	Key	71	DOWN	at	1074469 
1079277	[4808]	:	time Target is 1079277
1084599	[5322]	:	time Target is 1084599
1085751	[1152]	:	Key	71	DOWN	at	1085751 
1089935	[4184]	:	time Target is 1089935
1090328	[393]	:	Key	71	DOWN	at	1090328 
1095274	[4946]	:	time Target is 1095274
1100590	[5316]	:	time Target is 1100590
1101027	[437]	:	Key	71	DOWN	at	1101027 
1105927	[4900]	:	time Target is 1105927
1111245	[5318]	:	time Target is 1111245
1111942	[697]	:	Key	71	DOWN	at	1111942 
1116584	[4642]	:	time Target is 1116584
1117605	[1021]	:	Key	71	DOWN	at	1117604 
1121920	[4315]	:	time Target is 1121920
1122516	[596]	:	Key	71	DOWN	at	1122515 
1127255	[4739]	:	time Target is 1127255
1127879	[624]	:	Key	71	DOWN	at	1127878 
1132592	[4713]	:	time Target is 1132592
1133123	[531]	:	Key	71	DOWN	at	1133123 
1137917	[4794]	:	time Target is 1137917
1143296	[5379]	:	time Target is 1143296
1144359	[1063]	:	Key	71	DOWN	at	1144358 
1148639	[4280]	:	time Target is 1148639
1149188	[549]	:	Key	71	DOWN	at	1149188 
1153976	[4788]	:	time Target is 1153976
1154517	[541]	:	Key	71	DOWN	at	1154517 
1159310	[4793]	:	time Target is 1159310
1159719	[409]	:	Key	71	DOWN	at	1159718 
1164648	[4929]	:	time Target is 1164648
1165606	[958]	:	Key	71	DOWN	at	1165605 
1169988	[4382]	:	time Target is 1169988
1170585	[597]	:	Key	71	DOWN	at	1170584 
1175322	[4737]	:	time Target is 1175322
1180645	[5323]	:	time Target is 1180645
1181188	[543]	:	Key	71	DOWN	at	1181187 
1185983	[4795]	:	time Target is 1185983
1186533	[550]	:	Key	71	DOWN	at	1186532 
1191326	[4793]	:	time Target is 1191326
1191955	[629]	:	Key	71	DOWN	at	1191954 
1196667	[4712]	:	time Target is 1196667
1201990	[5323]	:	time Target is 1201990
1207311	[5321]	:	time Target is 1207311
1207956	[645]	:	Key	71	DOWN	at	1207955 
1212649	[4693]	:	time Target is 1212649
1212980	[331]	:	Key	71	DOWN	at	1212980 
1217990	[5010]	:	time Target is 1217990
1218692	[702]	:	Key	71	DOWN	at	1218691 
1223324	[4632]	:	time Target is 1223324
1224005	[681]	:	Key	71	DOWN	at	1224005 
1228668	[4663]	:	time Target is 1228668
1233992	[5324]	:	time Target is 1233992
1234579	[587]	:	Key	71	DOWN	at	1234579 
1239328	[4749]	:	time Target is 1239328
1239778	[450]	:	Key	71	DOWN	at	1239778 
1244666	[4888]	:	time Target is 1244666
1245205	[539]	:	Key	71	DOWN	at	1245205 
1250018	[4813]	:	time Target is 1250018
1250518	[500]	:	Key	71	DOWN	at	1250518 
1255354	[4836]	:	time Target is 1255354
1260692	[5338]	:	time Target is 1260692
1261189	[497]	:	Key	71	DOWN	at	1261188 
1266026	[4837]	:	time Target is 1266026
1266563	[537]	:	Key	71	DOWN	at	1266563 
1271363	[4800]	:	time Target is 1271363
1271767	[404]	:	Key	71	DOWN	at	1271766 
1276717	[4950]	:	time Target is 1276717
1277234	[517]	:	Key	71	DOWN	at	1277234 
1282055	[4821]	:	time Target is 1282055
1282500	[445]	:	Key	71	DOWN	at	1282500 
1287389	[4889]	:	time Target is 1287389
1288021	[632]	:	Key	71	DOWN	at	1288021 
1292727	[4706]	:	time Target is 1292727
1293524	[797]	:	Key	71	DOWN	at	1293524 
1298056	[4532]	:	time Target is 1298056
1298773	[717]	:	Key	71	DOWN	at	1298772 
1303386	[4613]	:	time Target is 1303386
1303780	[394]	:	Key	71	DOWN	at	1303780 
1308740	[4960]	:	time Target is 1308740
1314058	[5318]	:	time Target is 1314058
1319377	[5319]	:	time Target is 1319377
1319876	[499]	:	Key	71	DOWN	at	1319876 
1324715	[4839]	:	time Target is 1324715
1325670	[955]	:	Key	71	DOWN	at	1325670 
1330052	[4382]	:	time Target is 1330052
1330613	[561]	:	Key	71	DOWN	at	1330613 
1335387	[4774]	:	time Target is 1335387
1335975	[588]	:	Key	71	DOWN	at	1335975 
1339689	[3714]	:	Key	71	UP	at	1336179 
1346723	[7034]	:	Key	71	DOWN	at	1346723 
1346920	[197]	:	Key	71	UP	at	1346919 
1355362	[8442]	:	Key	71	DOWN	at	1355362 
1356154	[792]	:	Key	71	UP	at	1355538 
1356423	[269]	:	time Target is 1356423
1357908	[1485]	:	Key	71	DOWN	at	1357908 
1361759	[3851]	:	time Target is 1361759
1362327	[568]	:	Key	71	DOWN	at	1362326 
1367098	[4771]	:	time Target is 1367098
1368198	[1100]	:	Key	71	DOWN	at	1368197 
1372444	[4246]	:	time Target is 1372444
1377767	[5323]	:	time Target is 1377767
1383101	[5334]	:	time Target is 1383101
1383557	[456]	:	Key	71	DOWN	at	1383557 
1388437	[4880]	:	time Target is 1388437
1389332	[895]	:	Key	71	DOWN	at	1389332 
1393771	[4439]	:	time Target is 1393771
1394358	[587]	:	Key	71	DOWN	at	1394357 
1398842	[4484]	:	Key	71	DOWN	at	1398724 
1401659	[2817]	:	time Target is 1401659
1402070	[411]	:	Key	71	DOWN	at	1402070 
1406998	[4928]	:	time Target is 1406998
1407525	[527]	:	Key	71	DOWN	at	1407524 
1412380	[4855]	:	time Target is 1412380
1413237	[857]	:	Key	71	DOWN	at	1413237 
1417718	[4481]	:	time Target is 1417718
1423039	[5321]	:	time Target is 1423039
1428382	[5343]	:	time Target is 1428382
1433701	[5319]	:	time Target is 1433701
1439021	[5320]	:	time Target is 1439021
1444341	[5320]	:	time Target is 1444341
1445090	[749]	:	Key	71	DOWN	at	1445090 
1449692	[4602]	:	time Target is 1449692
1455032	[5340]	:	time Target is 1455032
1460360	[5328]	:	time Target is 1460360
1465680	[5320]	:	time Target is 1465680
1471007	[5327]	:	time Target is 1471007
1471474	[467]	:	Key	71	DOWN	at	1471474 
1476346	[4872]	:	time Target is 1476346
1481666	[5320]	:	time Target is 1481666
1482470	[804]	:	Key	71	DOWN	at	1482469 
1487000	[4530]	:	time Target is 1487000
1492325	[5325]	:	time Target is 1492325
1492963	[638]	:	Key	71	DOWN	at	1492963 
1497658	[4695]	:	time Target is 1497658
1502979	[5321]	:	time Target is 1502979
1503813	[834]	:	Key	71	DOWN	at	1503812 
1508338	[4525]	:	time Target is 1508338
1508902	[564]	:	Key	71	DOWN	at	1508902 
1513678	[4776]	:	time Target is 1513678
1514388	[710]	:	Key	71	DOWN	at	1514387 
1519020	[4632]	:	time Target is 1519020
1519815	[795]	:	Key	71	DOWN	at	1519814 
1524355	[4540]	:	time Target is 1524355
1529681	[5326]	:	time Target is 1529681
1530148	[467]	:	Key	71	DOWN	at	1530147 
1535018	[4870]	:	time Target is 1535018
1540340	[5322]	:	time Target is 1540340
1541080	[740]	:	Key	71	DOWN	at	1541079 
1545677	[4597]	:	time Target is 1545677
1550997	[5320]	:	time Target is 1550997
1551701	[704]	:	Key	71	DOWN	at	1551701 
1556338	[4637]	:	time Target is 1556338
1561658	[5320]	:	time Target is 1561658
1566972	[5314]	:	time Target is 1566972
1568102	[1130]	:	Key	71	DOWN	at	1568102 
1572309	[4207]	:	time Target is 1572309
1577636	[5327]	:	time Target is 1577636
1582954	[5318]	:	time Target is 1582954
1584370	[1416]	:	Key	71	DOWN	at	1584370 
1588290	[3920]	:	time Target is 1588290
1593614	[5324]	:	time Target is 1593614
1594164	[550]	:	Key	71	DOWN	at	1594163 
1598943	[4779]	:	time Target is 1598943
1599459	[516]	:	Key	71	DOWN	at	1599459 
1604282	[4823]	:	time Target is 1604282
1609602	[5320]	:	time Target is 1609602
1614922	[5320]	:	time Target is 1614922
1620239	[5317]	:	time Target is 1620239
1625559	[5320]	:	time Target is 1625559
1626023	[464]	:	Key	71	DOWN	at	1626022 
1630899	[4876]	:	time Target is 1630899
1631506	[607]	:	Key	71	DOWN	at	1631505 
1636237	[4731]	:	time Target is 1636237
1636678	[441]	:	Key	71	DOWN	at	1636677 
1641575	[4897]	:	time Target is 1641575
1646890	[5315]	:	Key	71	DOWN	at	1646850 
1649709	[2819]	:	time Target is 1649709
1650292	[583]	:	Key	71	DOWN	at	1650292 
1655041	[4749]	:	time Target is 1655041
1660366	[5325]	:	time Target is 1660366
1665691	[5325]	:	time Target is 1665691
1666246	[555]	:	Key	71	DOWN	at	1666246 
1671028	[4782]	:	time Target is 1671028
1671686	[658]	:	Key	71	DOWN	at	1671686 
1676363	[4677]	:	time Target is 1676363
1681693	[5330]	:	time Target is 1681693
1682083	[390]	:	Key	71	DOWN	at	1682082 
1687031	[4948]	:	time Target is 1687031
1692356	[5325]	:	time Target is 1692356
1697680	[5324]	:	time Target is 1697680
1703002	[5322]	:	time Target is 1703002
1708323	[5321]	:	time Target is 1708323
1713668	[5345]	:	time Target is 1713668
1718995	[5327]	:	time Target is 1718995
1724320	[5325]	:	time Target is 1724320
1729647	[5327]	:	time Target is 1729647
1734974	[5327]	:	time Target is 1734974
1740300	[5326]	:	time Target is 1740300
1740771	[471]	:	Key	71	DOWN	at	1740770 
1745635	[4864]	:	time Target is 1745635
1750957	[5322]	:	time Target is 1750957
1756273	[5316]	:	time Target is 1756273
1761600	[5327]	:	time Target is 1761600
1766922	[5322]	:	time Target is 1766922
1772246	[5324]	:	time Target is 1772246
1777571	[5325]	:	time Target is 1777571
1782895	[5324]	:	time Target is 1782895
1788214	[5319]	:	time Target is 1788214
1793536	[5322]	:	time Target is 1793536
1798857	[5321]	:	time Target is 1798857
1799429	[572]	:	Key	71	DOWN	at	1799429 
1804195	[4766]	:	time Target is 1804195
1804820	[625]	:	Key	71	DOWN	at	1804819 
1809532	[4712]	:	time Target is 1809532
1810069	[537]	:	Key	71	DOWN	at	1810068 
1814866	[4797]	:	time Target is 1814866
1820183	[5317]	:	time Target is 1820183
1825507	[5324]	:	time Target is 1825507
1834423	[8916]	:	Key	71	DOWN	at	1834422 
1835213	[790]	:	Key	71	UP	at	1834581 
1835482	[269]	:	time Target is 1835482
1836934	[1452]	:	Key	71	DOWN	at	1836934 
1840817	[3883]	:	time Target is 1840817
1841283	[466]	:	Key	71	DOWN	at	1841282 
1846155	[4872]	:	time Target is 1846155
1847093	[938]	:	Key	71	DOWN	at	1847092 
1851521	[4428]	:	time Target is 1851521
1852051	[530]	:	Key	71	DOWN	at	1852051 
1856858	[4807]	:	time Target is 1856858
1862179	[5321]	:	time Target is 1862179
1867502	[5323]	:	time Target is 1867502
1867860	[358]	:	Key	71	DOWN	at	1867859 
1872845	[4985]	:	time Target is 1872845
1873366	[521]	:	Key	71	DOWN	at	1873366 
1878179	[4813]	:	time Target is 1878179
1883511	[5332]	:	time Target is 1883511
1884131	[620]	:	Key	71	DOWN	at	1884130 
1888851	[4720]	:	time Target is 1888851
1889811	[960]	:	Key	71	DOWN	at	1889811 
1894188	[4377]	:	time Target is 1894188
1899508	[5320]	:	time Target is 1899508
1899874	[366]	:	Key	71	DOWN	at	1899873 
1904849	[4975]	:	time Target is 1904849
1910168	[5319]	:	time Target is 1910168
1915490	[5322]	:	time Target is 1915490
1920806	[5316]	:	time Target is 1920806
1926122	[5316]	:	time Target is 1926122
1931449	[5327]	:	time Target is 1931449
1936793	[5344]	:	time Target is 1936793
1942115	[5322]	:	time Target is 1942115
1947437	[5322]	:	time Target is 1947437
1952755	[5318]	:	time Target is 1952755
1958079	[5324]	:	time Target is 1958079
1963401	[5322]	:	time Target is 1963401
1968727	[5326]	:	time Target is 1968727
1974057	[5330]	:	time Target is 1974057
1979379	[5322]	:	time Target is 1979379
1984700	[5321]	:	time Target is 1984700
1990024	[5324]	:	time Target is 1990024
1995348	[5324]	:	time Target is 1995348
2000666	[5318]	:	time Target is 2000666
2006004	[5338]	:	time Target is 2006004
2011343	[5339]	:	time Target is 2011343
2012645	[1302]	:	Key	71	DOWN	at	2012645 
2016693	[4048]	:	time Target is 2016693
2017233	[540]	:	Key	71	DOWN	at	2017233 
2022031	[4798]	:	time Target is 2022031
2022628	[597]	:	Key	71	DOWN	at	2022628 
2027367	[4739]	:	time Target is 2027367
2028196	[829]	:	Key	71	DOWN	at	2028195 
2032713	[4517]	:	time Target is 2032713
2038033	[5320]	:	time Target is 2038033
2038225	[192]	:	Key	71	DOWN	at	2038225 
2043371	[5146]	:	time Target is 2043371
2043925	[554]	:	Key	71	DOWN	at	2043924 
2048710	[4785]	:	time Target is 2048710
2054025	[5315]	:	time Target is 2054025
2059341	[5316]	:	time Target is 2059341
2064665	[5324]	:	time Target is 2064665
2069995	[5330]	:	time Target is 2069995
2075304	[5309]	:	Key	71	DOWN	at	2075121 
2075304	[0]	:	Key	71	UP	at	2075300 
2078116	[2812]	:	time Target is 2078116
2078514	[398]	:	Key	71	DOWN	at	2078514 
2083460	[4946]	:	time Target is 2083460
2084534	[1074]	:	Key	71	DOWN	at	2084534 
2088791	[4257]	:	time Target is 2088791
2094103	[5312]	:	time Target is 2094103
2094722	[619]	:	Key	71	DOWN	at	2094721 
2099461	[4739]	:	time Target is 2099461
2104779	[5318]	:	time Target is 2104779
2110115	[5336]	:	time Target is 2110115
2115445	[5330]	:	time Target is 2115445
2120772	[5327]	:	time Target is 2120772
2121620	[848]	:	Key	71	DOWN	at	2121620 
2126107	[4487]	:	time Target is 2126107
2131436	[5329]	:	time Target is 2131436
2131730	[294]	:	Key	71	DOWN	at	2131729 
2136512	[4782]	:	Key	71	DOWN	at	2136276 
2136513	[1]	:	Key	71	UP	at	2136454 
2139336	[2823]	:	time Target is 2139336
2144661	[5325]	:	time Target is 2144661
2149980	[5319]	:	time Target is 2149980
2150785	[805]	:	Key	71	DOWN	at	2150785 
2155321	[4536]	:	time Target is 2155321
2156230	[909]	:	Key	71	DOWN	at	2156230 
2160659	[4429]	:	time Target is 2160659
2165984	[5325]	:	time Target is 2165984
2171306	[5322]	:	time Target is 2171306
2172226	[920]	:	Key	71	DOWN	at	2172226 
2176687	[4461]	:	time Target is 2176687
2182006	[5319]	:	time Target is 2182006
2187329	[5323]	:	time Target is 2187329
2192655	[5326]	:	time Target is 2192655
2197977	[5322]	:	time Target is 2197977
2203296	[5319]	:	time Target is 2203296
2208618	[5322]	:	time Target is 2208618
2213936	[5318]	:	time Target is 2213936
2219261	[5325]	:	time Target is 2219261
2224585	[5324]	:	time Target is 2224585
2225122	[537]	:	Key	71	DOWN	at	2225121 
2229923	[4801]	:	time Target is 2229923
2235288	[5365]	:	time Target is 2235288
2236641	[1353]	:	Key	71	DOWN	at	2236641 
2240625	[3984]	:	time Target is 2240625
2245954	[5329]	:	time Target is 2245954
2251277	[5323]	:	time Target is 2251277
2256594	[5317]	:	time Target is 2256594
2257459	[865]	:	Key	71	DOWN	at	2257459 
2261932	[4473]	:	time Target is 2261932
2267256	[5324]	:	time Target is 2267256
2267572	[316]	:	Key	71	DOWN	at	2267572 
2272597	[5025]	:	time Target is 2272597
2277922	[5325]	:	time Target is 2277922
2278485	[563]	:	Key	71	DOWN	at	2278485 
2283262	[4777]	:	time Target is 2283262
2284533	[1271]	:	Key	71	DOWN	at	2284532 
2288600	[4067]	:	time Target is 2288600
2293922	[5322]	:	time Target is 2293922
2294532	[610]	:	Key	71	DOWN	at	2294531 
2299259	[4727]	:	time Target is 2299259
2299957	[698]	:	Key	71	DOWN	at	2299957 
2304593	[4636]	:	time Target is 2304593
2326148	[21555]	:	Key	71	DOWN	at	2326147 
2326326	[178]	:	Key	71	UP	at	2326325 
2342930	[16604]	:	Key	77	DOWN	at	2342930 
2343091	[161]	:	Key	77	UP	at	2343090 
2346081	[2990]	:	Key	29	DOWN	at	2346081 
2346275	[194]	:	Key	29	UP	at	2346275 
2360386	[14111]	:	Key	29	DOWN	at	2360385 
2360533	[147]	:	Key	29	UP	at	2360532 
2383445	[22912]	:	Key	28	DOWN	at	2383443 
2383732	[287]	:	Key	28	UP	at	2383732 
2404034	[20302]	:	Key	29	DOWN	at	2404034 
2404225	[191]	:	Key	29	UP	at	2404224 
2414560	[10335]	:	Key	28	DOWN	at	2414560 
2414773	[213]	:	Key	28	UP	at	2414773 
2416963	[2190]	:	Key	28	DOWN	at	2416963 
2417157	[194]	:	Key	28	UP	at	2417157 
2420405	[3248]	:	Key	28	DOWN	at	2420405 
2420581	[176]	:	Key	28	UP	at	2420581 
2421251	[670]	:	Key	28	DOWN	at	2421250 
2421440	[189]	:	Key	28	UP	at	2421440 
2436368	[14928]	:	Key	29	DOWN	at	2436368 
2436596	[228]	:	Key	29	UP	at	2436595 
2440258	[3662]	:	Key	29	DOWN	at	2440257 
2440470	[212]	:	Key	29	UP	at	2440469 
2456355	[15885]	:	Key	29	DOWN	at	2456353 
2456565	[210]	:	Key	29	UP	at	2456565 
2456963	[398]	:	Key	29	DOWN	at	2456962 
2457140	[177]	:	Key	29	UP	at	2457140 
2459782	[2642]	:	Key	28	DOWN	at	2459781 
2459987	[205]	:	Key	28	UP	at	2459987 
2460598	[611]	:	Key	28	DOWN	at	2460597 
2460721	[123]	:	Key	28	UP	at	2460721 
2464306	[3585]	:	Key	28	DOWN	at	2464306 
2464500	[194]	:	Key	28	UP	at	2464499 
2464884	[384]	:	Key	28	DOWN	at	2464883 
2464980	[96]	:	COGENT STOP
