Cog2000 log file Tue Aug 27 17:05:07 2019
gprim v1.33 Compiled:Aug 12 2015 (GLib DirectDraw v7 DX12.0 Compiled:Aug 12 2015)
Display:1024x768x32 59.92Hz
CogInput v1.05 Compiled: May 20 2010
0	[0]	:	COGENT START
10688	[10688]	:	Key	71	DOWN	at	10687   
10787	[99]	:	Key	71	UP	at	10787   
30256	[19469]	:	Key	71	DOWN	at	30255   
30339	[83]	:	Key	71	UP	at	30339   
35152	[4813]	:	Key	71	DOWN	at	35152   
35253	[101]	:	Key	71	UP	at	35252   
47220	[11967]	:	Key	71	DOWN	at	47219   
47312	[92]	:	Key	71	UP	at	47311   
63391	[16079]	:	Key	71	DOWN	at	63391   
63475	[84]	:	Key	71	UP	at	63473   
83088	[19613]	:	Key	71	DOWN	at	83088   
83907	[819]	:	time Target is 83906
84629	[722]	:	Key	71	DOWN	at	84628   
90011	[5382]	:	time Target is 90011
90577	[566]	:	Key	71	DOWN	at	90577   
96098	[5521]	:	time Target is 96098
96191	[93]	:	Key	71	UP	at	96191   
96834	[643]	:	Key	71	DOWN	at	96833   
102191	[5357]	:	time Target is 102191
102625	[434]	:	Key	71	DOWN	at	102624  
112385	[9760]	:	Key	71	DOWN	at	112385  
113455	[1070]	:	time Target is 113454
119783	[6328]	:	time Target is 119783
126105	[6322]	:	time Target is 126105
132451	[6346]	:	time Target is 132451
152672	[20221]	:	Key	71	DOWN	at	152671  
152832	[160]	:	Key	71	UP	at	152832  
156898	[4066]	:	Key	71	DOWN	at	156897  
157039	[141]	:	Key	71	UP	at	157039  
161377	[4338]	:	Key	71	DOWN	at	161376  
161588	[211]	:	Key	71	UP	at	161587  
170560	[8972]	:	Key	71	DOWN	at	170560  
170754	[194]	:	Key	71	UP	at	170754  
177619	[6865]	:	Key	71	DOWN	at	177619  
178418	[799]	:	Key	71	UP	at	177745  
178434	[16]	:	time Target is 178434
179776	[1342]	:	Key	71	DOWN	at	179775  
183526	[3750]	:	time Target is 183526
188609	[5083]	:	time Target is 188609
189904	[1295]	:	Key	71	DOWN	at	189903  
193698	[3794]	:	time Target is 193698
194912	[1214]	:	Key	71	DOWN	at	194912  
198003	[3091]	:	Key	71	UP	at	195087  
205617	[7614]	:	Key	71	DOWN	at	205616  
205812	[195]	:	Key	71	UP	at	205812  
209811	[3999]	:	Key	71	DOWN	at	209811  
210604	[793]	:	Key	71	UP	at	210017  
210624	[20]	:	time Target is 210624
211859	[1235]	:	Key	71	DOWN	at	211858  
215710	[3851]	:	time Target is 215710
220777	[5067]	:	time Target is 220777
225847	[5070]	:	time Target is 225847
253076	[27229]	:	Key	71	DOWN	at	253075  
253444	[368]	:	Key	71	UP	at	253443  
257170	[3726]	:	Key	71	DOWN	at	257168  
257963	[793]	:	Key	71	UP	at	257346  
257983	[20]	:	time Target is 257983
263032	[5049]	:	Key	71	DOWN	at	262335  
263032	[0]	:	Key	71	UP	at	262496  
265599	[2567]	:	time Target is 265599
266991	[1392]	:	Key	71	DOWN	at	266991  
270686	[3695]	:	time Target is 270686
271215	[529]	:	Key	71	DOWN	at	271215  
274987	[3772]	:	Key	71	UP	at	271363  
282626	[7639]	:	Key	71	DOWN	at	282625  
282784	[158]	:	Key	71	UP	at	282784  
286673	[3889]	:	Key	71	DOWN	at	286673  
287454	[781]	:	Key	71	UP	at	286866  
287478	[24]	:	time Target is 287478
292549	[5071]	:	time Target is 292548
293171	[622]	:	Key	71	DOWN	at	293170  
297652	[4481]	:	time Target is 297652
298849	[1197]	:	Key	71	DOWN	at	298849  
302739	[3890]	:	time Target is 302739
303937	[1198]	:	Key	71	DOWN	at	303936  
307047	[3110]	:	Key	71	UP	at	304131  
314611	[7564]	:	Key	71	DOWN	at	314610  
314816	[205]	:	Key	71	UP	at	314815  
329732	[14916]	:	Key	71	DOWN	at	329732  
329939	[207]	:	Key	71	UP	at	329938  
344832	[14893]	:	Key	71	DOWN	at	344831  
344990	[158]	:	Key	71	UP	at	344990  
357442	[12452]	:	Key	71	DOWN	at	357442  
357665	[223]	:	Key	71	UP	at	357665  
363682	[6017]	:	Key	71	DOWN	at	363681  
366240	[2558]	:	time Target is 366240
366769	[529]	:	Key	71	DOWN	at	366768  
371581	[4812]	:	time Target is 371581
376902	[5321]	:	time Target is 376902
377779	[877]	:	Key	71	DOWN	at	377779  
382239	[4460]	:	time Target is 382239
387560	[5321]	:	time Target is 387560
388196	[636]	:	Key	71	DOWN	at	388195  
392899	[4703]	:	time Target is 392899
393358	[459]	:	Key	71	DOWN	at	393358  
398239	[4881]	:	time Target is 398239
399280	[1041]	:	Key	71	DOWN	at	399280  
403574	[4294]	:	time Target is 403574
408898	[5324]	:	time Target is 408898
410000	[1102]	:	Key	71	DOWN	at	410000  
414253	[4253]	:	time Target is 414253
414786	[533]	:	Key	71	DOWN	at	414786  
419586	[4800]	:	time Target is 419586
420340	[754]	:	Key	71	DOWN	at	420340  
424931	[4591]	:	time Target is 424931
425073	[142]	:	Key	71	DOWN	at	425072  
430286	[5213]	:	time Target is 430286
431010	[724]	:	Key	71	DOWN	at	431009  
435624	[4614]	:	time Target is 435624
436417	[793]	:	Key	71	DOWN	at	436416  
440996	[4579]	:	time Target is 440996
446314	[5318]	:	time Target is 446314
451633	[5319]	:	time Target is 451633
452017	[384]	:	Key	71	DOWN	at	452017  
456972	[4955]	:	time Target is 456972
457777	[805]	:	Key	71	DOWN	at	457776  
462313	[4536]	:	time Target is 462313
462673	[360]	:	Key	71	DOWN	at	462673  
467652	[4979]	:	time Target is 467652
468131	[479]	:	Key	71	DOWN	at	468130  
472982	[4851]	:	time Target is 472982
473779	[797]	:	Key	71	DOWN	at	473779  
478343	[4564]	:	time Target is 478343
478782	[439]	:	Key	71	DOWN	at	478782  
483682	[4900]	:	time Target is 483682
484244	[562]	:	Key	71	DOWN	at	484243  
489024	[4780]	:	time Target is 489024
489620	[596]	:	Key	71	DOWN	at	489619  
494359	[4739]	:	time Target is 494359
495058	[699]	:	Key	71	DOWN	at	495058  
499702	[4644]	:	time Target is 499702
505024	[5322]	:	time Target is 505024
505327	[303]	:	Key	71	DOWN	at	505327  
510366	[5039]	:	time Target is 510366
511477	[1111]	:	Key	71	DOWN	at	511476  
515705	[4228]	:	time Target is 515705
517155	[1450]	:	Key	71	DOWN	at	517155  
521044	[3889]	:	time Target is 521044
521744	[700]	:	Key	71	DOWN	at	521743  
526384	[4640]	:	time Target is 526384
531724	[5340]	:	time Target is 531724
532866	[1142]	:	Key	71	DOWN	at	532866  
537069	[4203]	:	time Target is 537069
542389	[5320]	:	time Target is 542389
547709	[5320]	:	time Target is 547709
553033	[5324]	:	time Target is 553033
558356	[5323]	:	time Target is 558356
563684	[5328]	:	time Target is 563684
569007	[5323]	:	time Target is 569007
569362	[355]	:	Key	71	DOWN	at	569361  
574342	[4980]	:	time Target is 574342
575166	[824]	:	Key	71	DOWN	at	575166  
579685	[4519]	:	time Target is 579685
580593	[908]	:	Key	71	DOWN	at	580593  
585029	[4436]	:	time Target is 585029
590350	[5321]	:	time Target is 590350
595670	[5320]	:	time Target is 595670
597104	[1434]	:	Key	71	DOWN	at	597103  
601003	[3899]	:	time Target is 601003
601620	[617]	:	Key	71	DOWN	at	601619  
606341	[4721]	:	time Target is 606341
607743	[1402]	:	Key	71	DOWN	at	607743  
611679	[3936]	:	time Target is 611679
612816	[1137]	:	Key	71	DOWN	at	612816  
617011	[4195]	:	time Target is 617011
622334	[5323]	:	time Target is 622334
623476	[1142]	:	Key	71	DOWN	at	623476  
627679	[4203]	:	time Target is 627679
628577	[898]	:	Key	71	DOWN	at	628576  
633015	[4438]	:	time Target is 633015
633892	[877]	:	Key	71	DOWN	at	633892  
638357	[4465]	:	time Target is 638357
643745	[5388]	:	time Target is 643745
649067	[5322]	:	time Target is 649067
654391	[5324]	:	time Target is 654391
659715	[5324]	:	time Target is 659715
660240	[525]	:	Key	71	DOWN	at	660240  
665046	[4806]	:	time Target is 665046
665811	[765]	:	Key	71	DOWN	at	665811  
670386	[4575]	:	time Target is 670386
671427	[1041]	:	Key	71	DOWN	at	671426  
675731	[4304]	:	time Target is 675731
681052	[5321]	:	time Target is 681052
681587	[535]	:	Key	71	DOWN	at	681586  
686388	[4801]	:	time Target is 686388
691709	[5321]	:	time Target is 691709
697032	[5323]	:	time Target is 697032
702350	[5318]	:	time Target is 702350
707675	[5325]	:	time Target is 707675
712997	[5322]	:	time Target is 712997
713951	[954]	:	Key	71	DOWN	at	713951  
718337	[4386]	:	time Target is 718337
719055	[718]	:	Key	71	DOWN	at	719055  
723674	[4619]	:	time Target is 723674
724352	[678]	:	Key	71	DOWN	at	724352  
729006	[4654]	:	time Target is 729006
729748	[742]	:	Key	71	DOWN	at	729747  
734352	[4604]	:	time Target is 734352
735745	[1393]	:	Key	71	DOWN	at	735745  
739686	[3941]	:	time Target is 739686
745006	[5320]	:	time Target is 745006
750326	[5320]	:	time Target is 750326
750768	[442]	:	Key	71	DOWN	at	750768  
755662	[4894]	:	time Target is 755662
760993	[5331]	:	time Target is 760993
761810	[817]	:	Key	71	DOWN	at	761810  
766327	[4517]	:	time Target is 766327
771647	[5320]	:	time Target is 771647
776971	[5324]	:	time Target is 776971
777442	[471]	:	Key	71	DOWN	at	777442  
782309	[4867]	:	time Target is 782309
783715	[1406]	:	Key	71	DOWN	at	783714  
787648	[3933]	:	time Target is 787648
792971	[5323]	:	time Target is 792971
798297	[5326]	:	time Target is 798297
798367	[70]	:	Key	71	DOWN	at	798367  
803632	[5265]	:	time Target is 803632
804256	[624]	:	Key	71	DOWN	at	804255  
808972	[4716]	:	time Target is 808972
809779	[807]	:	Key	71	DOWN	at	809779  
814308	[4529]	:	time Target is 814308
815027	[719]	:	Key	71	DOWN	at	815027  
819387	[4360]	:	Key	71	DOWN	at	818947  
819387	[0]	:	Key	71	UP	at	819247  
822198	[2811]	:	time Target is 822198
822725	[527]	:	Key	71	DOWN	at	822724  
827536	[4811]	:	time Target is 827536
832858	[5322]	:	time Target is 832858
833504	[646]	:	Key	71	DOWN	at	833504  
838197	[4693]	:	time Target is 838197
838867	[670]	:	Key	71	DOWN	at	838867  
842501	[3634]	:	Key	71	UP	at	839009  
848034	[5533]	:	Key	71	DOWN	at	848034  
848825	[791]	:	Key	71	UP	at	848256  
849093	[268]	:	time Target is 849093
849633	[540]	:	Key	71	DOWN	at	849632  
854432	[4799]	:	time Target is 854432
855105	[673]	:	Key	71	DOWN	at	855104  
859771	[4666]	:	time Target is 859771
860307	[536]	:	Key	71	DOWN	at	860306  
865108	[4801]	:	time Target is 865108
865726	[618]	:	Key	71	DOWN	at	865726  
870453	[4727]	:	time Target is 870453
871104	[651]	:	Key	71	DOWN	at	871103  
875793	[4689]	:	time Target is 875793
876387	[594]	:	Key	71	DOWN	at	876387  
881132	[4745]	:	time Target is 881132
881795	[663]	:	Key	71	DOWN	at	881795  
886472	[4677]	:	time Target is 886472
887057	[585]	:	Key	71	DOWN	at	887056  
891803	[4746]	:	time Target is 891803
892517	[714]	:	Key	71	DOWN	at	892516  
897164	[4647]	:	time Target is 897164
902486	[5322]	:	time Target is 902486
903167	[681]	:	Key	71	DOWN	at	903167  
907827	[4660]	:	time Target is 907827
908719	[892]	:	Key	71	DOWN	at	908719  
913166	[4447]	:	time Target is 913166
918490	[5324]	:	time Target is 918490
923810	[5320]	:	time Target is 923810
924325	[515]	:	Key	71	DOWN	at	924324  
929151	[4826]	:	time Target is 929151
930068	[917]	:	Key	71	DOWN	at	930068  
934491	[4423]	:	time Target is 934491
935680	[1189]	:	Key	71	DOWN	at	935679  
939840	[4160]	:	time Target is 939840
940404	[564]	:	Key	71	DOWN	at	940403  
945173	[4769]	:	time Target is 945173
950496	[5323]	:	time Target is 950496
955822	[5326]	:	time Target is 955822
961147	[5325]	:	time Target is 961147
966464	[5317]	:	time Target is 966464
971786	[5322]	:	time Target is 971786
977111	[5325]	:	time Target is 977111
982432	[5321]	:	time Target is 982432
987757	[5325]	:	time Target is 987757
993079	[5322]	:	time Target is 993079
993748	[669]	:	Key	71	DOWN	at	993748  
998418	[4670]	:	time Target is 998418
1003740	[5322]	:	time Target is 1003740
1009065	[5325]	:	time Target is 1009065
1014389	[5324]	:	time Target is 1014389
1019713	[5324]	:	time Target is 1019713
1025035	[5322]	:	time Target is 1025035
1030387	[5352]	:	time Target is 1030387
1035709	[5322]	:	time Target is 1035709
1036464	[755]	:	Key	71	DOWN	at	1036464 
1041044	[4580]	:	time Target is 1041044
1046367	[5323]	:	time Target is 1046367
1047009	[642]	:	Key	71	DOWN	at	1047009 
1051709	[4700]	:	time Target is 1051709
1052927	[1218]	:	Key	71	DOWN	at	1052927 
1057044	[4117]	:	time Target is 1057044
1062365	[5321]	:	time Target is 1062365
1067685	[5320]	:	time Target is 1067685
1073010	[5325]	:	time Target is 1073010
1078339	[5329]	:	time Target is 1078339
1083658	[5319]	:	time Target is 1083658
1084132	[474]	:	Key	71	DOWN	at	1084131 
1088996	[4864]	:	time Target is 1088996
1094320	[5324]	:	time Target is 1094320
1099634	[5314]	:	time Target is 1099634
1104960	[5326]	:	time Target is 1104960
1105777	[817]	:	Key	71	DOWN	at	1105776 
1110296	[4519]	:	time Target is 1110296
1110882	[586]	:	Key	71	DOWN	at	1110882 
1115630	[4748]	:	time Target is 1115630
1116479	[849]	:	Key	71	DOWN	at	1116479 
1120969	[4490]	:	time Target is 1120969
1126295	[5326]	:	time Target is 1126295
1131615	[5320]	:	time Target is 1131615
1132260	[645]	:	Key	71	DOWN	at	1132259 
1136987	[4727]	:	time Target is 1136987
1137554	[567]	:	Key	71	DOWN	at	1137554 
1142313	[4759]	:	time Target is 1142313
1143220	[907]	:	Key	71	DOWN	at	1143219 
1147651	[4431]	:	time Target is 1147651
1148273	[622]	:	Key	71	DOWN	at	1148273 
1152999	[4726]	:	time Target is 1152999
1158333	[5334]	:	time Target is 1158333
1163673	[5340]	:	time Target is 1163673
1168999	[5326]	:	time Target is 1168999
1170275	[1276]	:	Key	71	DOWN	at	1170275 
1174340	[4065]	:	time Target is 1174340
1175294	[954]	:	Key	71	DOWN	at	1175294 
1179676	[4382]	:	time Target is 1179676
1180799	[1123]	:	Key	71	DOWN	at	1180799 
1185014	[4215]	:	time Target is 1185014
1185842	[828]	:	Key	71	DOWN	at	1185842 
1190349	[4507]	:	time Target is 1190349
1195667	[5318]	:	time Target is 1195667
1200987	[5320]	:	time Target is 1200987
1206353	[5366]	:	time Target is 1206353
1211685	[5332]	:	time Target is 1211685
1216994	[5309]	:	time Target is 1216994
1222321	[5327]	:	time Target is 1222321
1227641	[5320]	:	time Target is 1227641
1232959	[5318]	:	time Target is 1232959
1238277	[5318]	:	time Target is 1238277
1243599	[5322]	:	time Target is 1243599
1248920	[5321]	:	time Target is 1248920
1254242	[5322]	:	time Target is 1254242
1254452	[210]	:	Key	71	DOWN	at	1254451 
1259578	[5126]	:	time Target is 1259578
1264901	[5323]	:	time Target is 1264901
1270250	[5349]	:	time Target is 1270250
1275569	[5319]	:	time Target is 1275569
1280891	[5322]	:	time Target is 1280891
1281348	[457]	:	Key	71	DOWN	at	1281348 
1286226	[4878]	:	time Target is 1286226
1286900	[674]	:	Key	71	DOWN	at	1286899 
1291584	[4684]	:	time Target is 1291584
1296908	[5324]	:	time Target is 1296908
1297489	[581]	:	Key	71	DOWN	at	1297489 
1302242	[4753]	:	time Target is 1302242
1303343	[1101]	:	Key	71	DOWN	at	1303343 
1307580	[4237]	:	time Target is 1307580
1312905	[5325]	:	time Target is 1312905
1313523	[618]	:	Key	71	DOWN	at	1313523 
1318234	[4711]	:	time Target is 1318234
1318847	[613]	:	Key	71	DOWN	at	1318847 
1323573	[4726]	:	time Target is 1323573
1324305	[732]	:	Key	71	DOWN	at	1324304 
1327876	[3571]	:	Key	71	UP	at	1324514 
1336783	[8907]	:	Key	71	DOWN	at	1336783 
1336962	[179]	:	Key	71	UP	at	1336962 
1341567	[4605]	:	Key	71	DOWN	at	1341567 
1342357	[790]	:	Key	71	UP	at	1341745 
1342624	[267]	:	time Target is 1342624
1343664	[1040]	:	Key	71	DOWN	at	1343664 
1347966	[4302]	:	time Target is 1347966
1348574	[608]	:	Key	71	DOWN	at	1348574 
1353293	[4719]	:	time Target is 1353293
1353968	[675]	:	Key	71	DOWN	at	1353967 
1358631	[4663]	:	time Target is 1358631
1359267	[636]	:	Key	71	DOWN	at	1359267 
1363968	[4701]	:	time Target is 1363968
1364447	[479]	:	Key	71	DOWN	at	1364447 
1369304	[4857]	:	time Target is 1369304
1374626	[5322]	:	time Target is 1374626
1375410	[784]	:	Key	71	DOWN	at	1375409 
1379966	[4556]	:	time Target is 1379966
1380756	[790]	:	Key	71	DOWN	at	1380755 
1385306	[4550]	:	time Target is 1385306
1386115	[809]	:	Key	71	DOWN	at	1386115 
1390647	[4532]	:	time Target is 1390647
1391441	[794]	:	Key	71	DOWN	at	1391441 
1395987	[4546]	:	time Target is 1395987
1396960	[973]	:	Key	71	DOWN	at	1396959 
1401324	[4364]	:	time Target is 1401324
1401874	[550]	:	Key	71	DOWN	at	1401873 
1406657	[4783]	:	time Target is 1406657
1407296	[639]	:	Key	71	DOWN	at	1407295 
1411728	[4432]	:	Key	71	DOWN	at	1411232 
1411728	[0]	:	Key	71	UP	at	1411459 
1414543	[2815]	:	time Target is 1414543
1414995	[452]	:	Key	71	DOWN	at	1414995 
1419883	[4888]	:	time Target is 1419883
1420590	[707]	:	Key	71	DOWN	at	1420590 
1424957	[4367]	:	Key	71	DOWN	at	1424384 
1424958	[1]	:	Key	71	UP	at	1424530 
1427778	[2820]	:	time Target is 1427778
1428352	[574]	:	Key	71	DOWN	at	1428352 
1433117	[4765]	:	time Target is 1433117
1438436	[5319]	:	time Target is 1438436
1443755	[5319]	:	time Target is 1443755
1449081	[5326]	:	time Target is 1449081
1454403	[5322]	:	time Target is 1454403
1459724	[5321]	:	time Target is 1459724
1460016	[292]	:	Key	71	DOWN	at	1460015 
1465062	[5046]	:	time Target is 1465062
1465875	[813]	:	Key	71	DOWN	at	1465875 
1470401	[4526]	:	time Target is 1470401
1471027	[626]	:	Key	71	DOWN	at	1471027 
1475738	[4711]	:	time Target is 1475738
1476547	[809]	:	Key	71	DOWN	at	1476545 
1481073	[4526]	:	time Target is 1481073
1481791	[718]	:	Key	71	DOWN	at	1481791 
1486408	[4617]	:	time Target is 1486408
1487058	[650]	:	Key	71	DOWN	at	1487057 
1491744	[4686]	:	time Target is 1491744
1492545	[801]	:	Key	71	DOWN	at	1492544 
1497081	[4536]	:	time Target is 1497081
1502403	[5322]	:	time Target is 1502403
1503027	[624]	:	Key	71	DOWN	at	1503027 
1507778	[4751]	:	time Target is 1507778
1508403	[625]	:	Key	71	DOWN	at	1508402 
1513121	[4718]	:	time Target is 1513121
1513825	[704]	:	Key	71	DOWN	at	1513825 
1518463	[4638]	:	time Target is 1518463
1519362	[899]	:	Key	71	DOWN	at	1519362 
1523798	[4436]	:	time Target is 1523798
1529123	[5325]	:	time Target is 1529123
1530065	[942]	:	Key	71	DOWN	at	1530064 
1534464	[4399]	:	time Target is 1534464
1535423	[959]	:	Key	71	DOWN	at	1535423 
1539798	[4375]	:	time Target is 1539798
1540435	[637]	:	Key	71	DOWN	at	1540435 
1545133	[4698]	:	time Target is 1545133
1546130	[997]	:	Key	71	DOWN	at	1546130 
1550477	[4347]	:	time Target is 1550477
1551118	[641]	:	Key	71	DOWN	at	1551118 
1555817	[4699]	:	time Target is 1555817
1561138	[5321]	:	time Target is 1561138
1566461	[5323]	:	time Target is 1566461
1567392	[931]	:	Key	71	DOWN	at	1567391 
1571799	[4407]	:	time Target is 1571799
1572625	[826]	:	Key	71	DOWN	at	1572625 
1577135	[4510]	:	time Target is 1577135
1577859	[724]	:	Key	71	DOWN	at	1577858 
1582474	[4615]	:	time Target is 1582474
1582690	[216]	:	Key	71	DOWN	at	1582690 
1587816	[5126]	:	time Target is 1587816
1588691	[875]	:	Key	71	DOWN	at	1588690 
1593153	[4462]	:	time Target is 1593153
1593491	[338]	:	Key	71	DOWN	at	1593490 
1598509	[5018]	:	time Target is 1598509
1599361	[852]	:	Key	71	DOWN	at	1599360 
1603850	[4489]	:	time Target is 1603850
1604467	[617]	:	Key	71	DOWN	at	1604467 
1609190	[4723]	:	time Target is 1609190
1610160	[970]	:	Key	71	DOWN	at	1610159 
1614530	[4370]	:	time Target is 1614530
1615568	[1038]	:	Key	71	DOWN	at	1615568 
1619862	[4294]	:	time Target is 1619862
1624919	[5057]	:	Key	71	DOWN	at	1624641 
1624920	[1]	:	Key	71	UP	at	1624850 
1627773	[2853]	:	time Target is 1627773
1628468	[695]	:	Key	71	DOWN	at	1628468 
1633105	[4637]	:	time Target is 1633105
1638424	[5319]	:	time Target is 1638424
1643747	[5323]	:	time Target is 1643747
1644404	[657]	:	Key	71	DOWN	at	1644403 
1649086	[4682]	:	time Target is 1649086
1654400	[5314]	:	time Target is 1654400
1655043	[643]	:	Key	71	DOWN	at	1655042 
1659738	[4695]	:	time Target is 1659738
1665059	[5321]	:	time Target is 1665059
1670382	[5323]	:	time Target is 1670382
1671028	[646]	:	Key	71	DOWN	at	1671028 
1675720	[4692]	:	time Target is 1675720
1676384	[664]	:	Key	71	DOWN	at	1676384 
1681052	[4668]	:	time Target is 1681052
1681716	[664]	:	Key	71	DOWN	at	1681715 
1686388	[4672]	:	time Target is 1686388
1687011	[623]	:	Key	71	DOWN	at	1687010 
1691726	[4715]	:	time Target is 1691726
1697064	[5338]	:	time Target is 1697064
1697584	[520]	:	Key	71	DOWN	at	1697583 
1702406	[4822]	:	time Target is 1702406
1707733	[5327]	:	time Target is 1707733
1713054	[5321]	:	time Target is 1713054
1718379	[5325]	:	time Target is 1718379
1723698	[5319]	:	time Target is 1723698
1724321	[623]	:	Key	71	DOWN	at	1724320 
1729036	[4715]	:	time Target is 1729036
1729598	[562]	:	Key	71	DOWN	at	1729598 
1734374	[4776]	:	time Target is 1734374
1739691	[5317]	:	time Target is 1739691
1740544	[853]	:	Key	71	DOWN	at	1740544 
1745035	[4491]	:	time Target is 1745035
1745570	[535]	:	Key	71	DOWN	at	1745569 
1750375	[4805]	:	time Target is 1750375
1755735	[5360]	:	time Target is 1755735
1756336	[601]	:	Key	71	DOWN	at	1756335 
1761070	[4734]	:	time Target is 1761070
1761647	[577]	:	Key	71	DOWN	at	1761646 
1766405	[4758]	:	time Target is 1766405
1766834	[429]	:	Key	71	DOWN	at	1766834 
1771746	[4912]	:	time Target is 1771746
1772372	[626]	:	Key	71	DOWN	at	1772371 
1777083	[4711]	:	time Target is 1777083
1777808	[725]	:	Key	71	DOWN	at	1777808 
1782415	[4607]	:	time Target is 1782415
1787755	[5340]	:	time Target is 1787755
1788338	[583]	:	Key	71	DOWN	at	1788338 
1793090	[4752]	:	time Target is 1793090
1798406	[5316]	:	time Target is 1798406
1803730	[5324]	:	time Target is 1803730
1804131	[401]	:	Key	71	DOWN	at	1804131 
1809068	[4937]	:	time Target is 1809068
1817936	[8868]	:	Key	71	DOWN	at	1817936 
1818726	[790]	:	Key	71	UP	at	1818096 
1818993	[267]	:	time Target is 1818993
1824054	[5061]	:	Key	71	DOWN	at	1823887 
1824055	[1]	:	Key	71	UP	at	1824004 
1826879	[2824]	:	time Target is 1826879
1827393	[514]	:	Key	71	DOWN	at	1827392 
1832231	[4838]	:	time Target is 1832231
1837585	[5354]	:	time Target is 1837585
1838177	[592]	:	Key	71	DOWN	at	1838177 
1842922	[4745]	:	time Target is 1842922
1848245	[5323]	:	time Target is 1848245
1853570	[5325]	:	time Target is 1853570
1858898	[5328]	:	time Target is 1858898
1859471	[573]	:	Key	71	DOWN	at	1859470 
1864241	[4770]	:	time Target is 1864241
1864850	[609]	:	Key	71	DOWN	at	1864849 
1869573	[4723]	:	time Target is 1869573
1870114	[541]	:	Key	71	DOWN	at	1870114 
1874909	[4795]	:	time Target is 1874909
1875504	[595]	:	Key	71	DOWN	at	1875503 
1880251	[4747]	:	time Target is 1880251
1880850	[599]	:	Key	71	DOWN	at	1880849 
1885589	[4739]	:	time Target is 1885589
1890911	[5322]	:	time Target is 1890911
1891521	[610]	:	Key	71	DOWN	at	1891521 
1896253	[4732]	:	time Target is 1896253
1897026	[773]	:	Key	71	DOWN	at	1897025 
1901590	[4564]	:	time Target is 1901590
1902098	[508]	:	Key	71	DOWN	at	1902098 
1906928	[4830]	:	time Target is 1906928
1907552	[624]	:	Key	71	DOWN	at	1907552 
1912266	[4714]	:	time Target is 1912266
1917592	[5326]	:	time Target is 1917592
1922936	[5344]	:	time Target is 1922936
1923537	[601]	:	Key	71	DOWN	at	1923537 
1928272	[4735]	:	time Target is 1928272
1933620	[5348]	:	time Target is 1933620
1934065	[445]	:	Key	71	DOWN	at	1934065 
1938955	[4890]	:	time Target is 1938955
1939088	[133]	:	Key	71	DOWN	at	1939088 
1944316	[5228]	:	time Target is 1944316
1949638	[5322]	:	time Target is 1949638
1954963	[5325]	:	time Target is 1954963
1960284	[5321]	:	time Target is 1960284
1965606	[5322]	:	time Target is 1965606
1970928	[5322]	:	time Target is 1970928
1976246	[5318]	:	time Target is 1976246
1976800	[554]	:	Key	71	DOWN	at	1976799 
1981587	[4787]	:	time Target is 1981587
1982193	[606]	:	Key	71	DOWN	at	1982192 
1986932	[4739]	:	time Target is 1986932
1992252	[5320]	:	time Target is 1992252
1997576	[5324]	:	time Target is 1997576
1998033	[457]	:	Key	71	DOWN	at	1998033 
2002905	[4872]	:	time Target is 2002905
2003507	[602]	:	Key	71	DOWN	at	2003506 
2008245	[4738]	:	time Target is 2008245
2013568	[5323]	:	time Target is 2013568
2014116	[548]	:	Key	71	DOWN	at	2014115 
2018897	[4781]	:	time Target is 2018897
2019519	[622]	:	Key	71	DOWN	at	2019519 
2024238	[4719]	:	time Target is 2024238
2024708	[470]	:	Key	71	DOWN	at	2024707 
2029577	[4869]	:	time Target is 2029577
2034897	[5320]	:	time Target is 2034897
2035344	[447]	:	Key	71	DOWN	at	2035343 
2040236	[4892]	:	time Target is 2040236
2045556	[5320]	:	time Target is 2045556
2046228	[672]	:	Key	71	DOWN	at	2046227 
2050891	[4663]	:	time Target is 2050891
2051377	[486]	:	Key	71	DOWN	at	2051376 
2056222	[4845]	:	time Target is 2056222
2061545	[5323]	:	time Target is 2061545
2066868	[5323]	:	time Target is 2066868
2067347	[479]	:	Key	71	DOWN	at	2067347 
2072199	[4852]	:	time Target is 2072199
2077547	[5348]	:	time Target is 2077547
2078018	[471]	:	Key	71	DOWN	at	2078018 
2082937	[4919]	:	time Target is 2082937
2088262	[5325]	:	time Target is 2088262
2093578	[5316]	:	time Target is 2093578
2098902	[5324]	:	time Target is 2098902
2099280	[378]	:	Key	71	DOWN	at	2099279 
2104240	[4960]	:	time Target is 2104240
2109568	[5328]	:	time Target is 2109568
2114889	[5321]	:	time Target is 2114889
2120209	[5320]	:	time Target is 2120209
2120579	[370]	:	Key	71	DOWN	at	2120578 
2125548	[4969]	:	time Target is 2125548
2130872	[5324]	:	time Target is 2130872
2131344	[472]	:	Key	71	DOWN	at	2131344 
2136201	[4857]	:	time Target is 2136201
2141530	[5329]	:	time Target is 2141530
2142047	[517]	:	Key	71	DOWN	at	2142047 
2146869	[4822]	:	time Target is 2146869
2152193	[5324]	:	time Target is 2152193
2152799	[606]	:	Key	71	DOWN	at	2152799 
2157526	[4727]	:	time Target is 2157526
2162853	[5327]	:	time Target is 2162853
2168174	[5321]	:	time Target is 2168174
2169011	[837]	:	Key	71	DOWN	at	2169010 
2173513	[4502]	:	time Target is 2173513
2174177	[664]	:	Key	71	DOWN	at	2174177 
2178850	[4673]	:	time Target is 2178850
2184176	[5326]	:	time Target is 2184176
2189499	[5323]	:	time Target is 2189499
2190319	[820]	:	Key	71	DOWN	at	2190319 
2194838	[4519]	:	time Target is 2194838
2200159	[5321]	:	time Target is 2200159
2205480	[5321]	:	time Target is 2205480
2206098	[618]	:	Key	71	DOWN	at	2206098 
2210812	[4714]	:	time Target is 2210812
2216140	[5328]	:	time Target is 2216140
2217633	[1493]	:	Key	71	DOWN	at	2217633 
2221503	[3870]	:	time Target is 2221503
2226824	[5321]	:	time Target is 2226824
2227391	[567]	:	Key	71	DOWN	at	2227390 
2232160	[4769]	:	time Target is 2232160
2237483	[5323]	:	time Target is 2237483
2238063	[580]	:	Key	71	DOWN	at	2238063 
2242819	[4756]	:	time Target is 2242819
2243328	[509]	:	Key	71	DOWN	at	2243327 
2248159	[4831]	:	time Target is 2248159
2253476	[5317]	:	time Target is 2253476
2258798	[5322]	:	time Target is 2258798
2259364	[566]	:	Key	71	DOWN	at	2259363 
2264135	[4771]	:	time Target is 2264135
2264752	[617]	:	Key	71	DOWN	at	2264752 
2269473	[4721]	:	time Target is 2269473
2274805	[5332]	:	time Target is 2274805
2275471	[666]	:	Key	71	DOWN	at	2275471 
2280147	[4676]	:	time Target is 2280147
2280786	[639]	:	Key	71	DOWN	at	2280785 
2285484	[4698]	:	time Target is 2285484
2290800	[5316]	:	time Target is 2290800
2305682	[14882]	:	Key	71	DOWN	at	2305682 
2305839	[157]	:	Key	71	UP	at	2305838 
2318082	[12243]	:	Key	29	DOWN	at	2318081 
2318291	[209]	:	Key	29	UP	at	2318291 
2324864	[6573]	:	Key	29	DOWN	at	2324864 
2325056	[192]	:	Key	29	UP	at	2325055 
2332319	[7263]	:	Key	29	DOWN	at	2332319 
2332496	[177]	:	Key	29	UP	at	2332494 
2336452	[3956]	:	Key	29	DOWN	at	2336451 
2336592	[140]	:	Key	29	UP	at	2336591 
2342065	[5473]	:	Key	28	DOWN	at	2342064 
2342211	[146]	:	Key	28	UP	at	2342211 
2344687	[2476]	:	Key	28	DOWN	at	2344687 
2344835	[148]	:	Key	28	UP	at	2344834 
2350177	[5342]	:	Key	29	DOWN	at	2350176 
2350368	[191]	:	Key	29	UP	at	2350367 
2352913	[2545]	:	Key	29	DOWN	at	2352913 
2353042	[129]	:	Key	29	UP	at	2353042 
2356001	[2959]	:	Key	28	DOWN	at	2356000 
2356160	[159]	:	Key	28	UP	at	2356159 
2357839	[1679]	:	Key	28	DOWN	at	2357839 
2357970	[131]	:	Key	28	UP	at	2357970 
2360724	[2754]	:	Key	28	DOWN	at	2360723 
2360864	[140]	:	Key	28	UP	at	2360863 
2362287	[1423]	:	Key	28	DOWN	at	2362287 
2362418	[131]	:	Key	28	UP	at	2362417 
2363859	[1441]	:	Key	29	DOWN	at	2363859 
2363985	[126]	:	Key	29	UP	at	2363984 
2365090	[1105]	:	Key	29	DOWN	at	2365090 
2365249	[159]	:	Key	29	UP	at	2365248 
2366401	[1152]	:	Key	29	DOWN	at	2366401 
2366577	[176]	:	Key	29	UP	at	2366577 
2367456	[879]	:	Key	29	DOWN	at	2367456 
2367472	[16]	:	COGENT STOP
