Cog2000 log file Wed Sep 11 18:35:43 2019
gprim v1.33 Compiled:Aug 12 2015 (GLib DirectDraw v7 DX12.0 Compiled:Aug 12 2015)
Display:1024x768x32 59.99Hz
Attaching C:\Program Files\Cogent2000v1.33\Toolbox\CogInput.mexw64
CogInput v1.05 Compiled: May 20 2010
6	[6]	:	COGENT START
8144	[8138]	:	Key	71	DOWN	at	8138    
8231	[87]	:	Key	71	UP	at	8231    
27771	[19540]	:	Key	71	DOWN	at	27771   
27850	[79]	:	Key	71	UP	at	27850   
32414	[4564]	:	Key	71	DOWN	at	32411   
32503	[89]	:	Key	71	UP	at	32503   
44217	[11714]	:	Key	71	DOWN	at	44216   
44294	[77]	:	Key	71	UP	at	44293   
60122	[15828]	:	Key	71	DOWN	at	60121   
60202	[80]	:	Key	71	UP	at	60202   
79112	[18910]	:	Key	71	DOWN	at	79112   
80058	[946]	:	time Target is 80015
80408	[350]	:	Key	71	DOWN	at	80408   
86142	[5734]	:	time Target is 86141
86679	[537]	:	Key	13	DOWN	at	86678   
86697	[18]	:	Key	71	DOWN	at	86696   
92240	[5543]	:	time Target is 92238
92875	[635]	:	Key	71	DOWN	at	92874   
98338	[5463]	:	time Target is 98337
98714	[376]	:	Key	71	DOWN	at	98714   
127254	[28540]	:	Key	71	DOWN	at	127254  
128324	[1070]	:	time Target is 128318
129209	[885]	:	Key	71	DOWN	at	129209  
134672	[5463]	:	time Target is 134670
141022	[6350]	:	time Target is 141022
147348	[6326]	:	time Target is 147347
153674	[6326]	:	time Target is 153674
173977	[20303]	:	Key	71	DOWN	at	173977  
174072	[95]	:	Key	71	UP	at	174071  
177562	[3490]	:	Key	71	DOWN	at	177562  
177734	[172]	:	Key	71	UP	at	177734  
181625	[3891]	:	Key	71	DOWN	at	181625  
181784	[159]	:	Key	71	UP	at	181784  
189929	[8145]	:	Key	71	DOWN	at	189929  
190024	[95]	:	Key	71	UP	at	190024  
195464	[5440]	:	Key	71	DOWN	at	195464  
196295	[831]	:	Key	71	UP	at	195545  
196321	[26]	:	time Target is 196321
196713	[392]	:	Key	71	DOWN	at	196713  
201430	[4717]	:	time Target is 201430
201754	[324]	:	Key	71	DOWN	at	201753  
206525	[4771]	:	Key	71	DOWN	at	206520  
209112	[2587]	:	time Target is 209112
209561	[449]	:	Key	71	DOWN	at	209561  
214219	[4658]	:	time Target is 214219
214985	[766]	:	Key	71	DOWN	at	214985  
218532	[3547]	:	Key	71	UP	at	215064  
220680	[2148]	:	Key	71	DOWN	at	220680  
221466	[786]	:	Key	71	UP	at	220744  
221491	[25]	:	time Target is 221491
233033	[11542]	:	Key	71	DOWN	at	233033  
233127	[94]	:	Key	71	UP	at	233126  
236922	[3795]	:	Key	71	DOWN	at	236921  
237707	[785]	:	Key	71	UP	at	237014  
237730	[23]	:	time Target is 237730
238184	[454]	:	Key	71	DOWN	at	238183  
242824	[4640]	:	time Target is 242824
247897	[5073]	:	time Target is 247897
252969	[5072]	:	time Target is 252969
265287	[12318]	:	Key	71	DOWN	at	265287  
265399	[112]	:	Key	71	UP	at	265399  
268601	[3202]	:	Key	71	DOWN	at	268601  
269391	[790]	:	Key	71	UP	at	268728  
269414	[23]	:	time Target is 269414
274484	[5070]	:	time Target is 274484
274950	[466]	:	Key	71	DOWN	at	274949  
279576	[4626]	:	time Target is 279576
279896	[320]	:	Key	71	DOWN	at	279896  
284663	[4767]	:	time Target is 284663
284953	[290]	:	Key	71	DOWN	at	284953  
288954	[4001]	:	Key	71	UP	at	285030  
296246	[7292]	:	Key	71	DOWN	at	296246  
296346	[100]	:	Key	71	UP	at	296345  
297832	[1486]	:	Key	71	DOWN	at	297832  
298622	[790]	:	Key	71	UP	at	297960  
298645	[23]	:	time Target is 298645
303720	[5075]	:	time Target is 303720
308793	[5073]	:	time Target is 308793
313858	[5065]	:	time Target is 313858
318933	[5075]	:	time Target is 318933
324005	[5072]	:	time Target is 324005
330246	[6241]	:	Key	71	DOWN	at	330246  
331037	[791]	:	Key	71	UP	at	330343  
331054	[17]	:	time Target is 331054
331528	[474]	:	Key	71	DOWN	at	331528  
335410	[3882]	:	Key	71	UP	at	331589  
343082	[7672]	:	Key	71	DOWN	at	343081  
343239	[157]	:	Key	71	UP	at	343239  
357127	[13888]	:	Key	71	DOWN	at	357126  
357302	[175]	:	Key	71	UP	at	357302  
372635	[15333]	:	Key	71	DOWN	at	372635  
372907	[272]	:	Key	71	UP	at	372905  
412251	[39344]	:	Key	71	DOWN	at	412250  
412439	[188]	:	Key	71	UP	at	412439  
415319	[2880]	:	Key	71	DOWN	at	415319  
417936	[2617]	:	time Target is 417936
418742	[806]	:	Key	71	DOWN	at	418742  
423282	[4540]	:	time Target is 423282
423656	[374]	:	Key	71	DOWN	at	423655  
428622	[4966]	:	Key	71	DOWN	at	428458  
428623	[1]	:	Key	71	UP	at	428534  
431438	[2815]	:	time Target is 431438
431848	[410]	:	Key	71	DOWN	at	431848  
436783	[4935]	:	time Target is 436782
437115	[332]	:	Key	71	DOWN	at	437114  
442129	[5014]	:	time Target is 442129
442550	[421]	:	Key	71	DOWN	at	442549  
447477	[4927]	:	time Target is 447477
447785	[308]	:	Key	71	DOWN	at	447784  
452817	[5032]	:	time Target is 452817
458164	[5347]	:	time Target is 458164
458443	[279]	:	Key	71	DOWN	at	458442  
463497	[5054]	:	time Target is 463497
468837	[5340]	:	time Target is 468837
469178	[341]	:	Key	71	DOWN	at	469177  
474178	[5000]	:	time Target is 474178
479539	[5361]	:	time Target is 479539
479845	[306]	:	Key	71	DOWN	at	479845  
484877	[5032]	:	time Target is 484877
485176	[299]	:	Key	71	DOWN	at	485175  
490211	[5035]	:	time Target is 490211
495543	[5332]	:	time Target is 495543
500866	[5323]	:	time Target is 500866
501241	[375]	:	Key	71	DOWN	at	501241  
506192	[4951]	:	time Target is 506192
506470	[278]	:	Key	71	DOWN	at	506469  
511527	[5057]	:	time Target is 511527
516850	[5323]	:	time Target is 516850
517094	[244]	:	Key	71	DOWN	at	517092  
522191	[5097]	:	time Target is 522191
527516	[5325]	:	time Target is 527516
532838	[5322]	:	time Target is 532838
533142	[304]	:	Key	71	DOWN	at	533142  
538178	[5036]	:	time Target is 538178
543503	[5325]	:	time Target is 543503
548826	[5323]	:	time Target is 548826
549082	[256]	:	Key	71	DOWN	at	549081  
554167	[5085]	:	time Target is 554167
559494	[5327]	:	time Target is 559494
559767	[273]	:	Key	71	DOWN	at	559767  
564832	[5065]	:	time Target is 564832
570153	[5321]	:	time Target is 570153
571336	[1183]	:	Key	71	DOWN	at	571336  
575493	[4157]	:	time Target is 575493
580820	[5327]	:	time Target is 580820
581160	[340]	:	Key	71	DOWN	at	581159  
586152	[4992]	:	time Target is 586152
591479	[5327]	:	time Target is 591479
591719	[240]	:	Key	71	DOWN	at	591718  
596822	[5103]	:	time Target is 596822
602142	[5320]	:	time Target is 602142
602411	[269]	:	Key	71	DOWN	at	602410  
607486	[5075]	:	time Target is 607486
607733	[247]	:	Key	71	DOWN	at	607733  
612818	[5085]	:	time Target is 612818
618139	[5321]	:	time Target is 618139
618405	[266]	:	Key	71	DOWN	at	618405  
623517	[5112]	:	time Target is 623517
623786	[269]	:	Key	71	DOWN	at	623786  
628857	[5071]	:	time Target is 628857
629223	[366]	:	Key	71	DOWN	at	629222  
634193	[4970]	:	time Target is 634193
634825	[632]	:	Key	71	DOWN	at	634824  
639529	[4704]	:	time Target is 639529
639944	[415]	:	Key	71	DOWN	at	639944  
644864	[4920]	:	time Target is 644864
650189	[5325]	:	time Target is 650189
650474	[285]	:	Key	71	DOWN	at	650474  
655542	[5068]	:	time Target is 655542
655974	[432]	:	Key	71	DOWN	at	655973  
660889	[4915]	:	time Target is 660889
661226	[337]	:	Key	71	DOWN	at	661225  
666227	[5001]	:	time Target is 666227
666614	[387]	:	Key	71	DOWN	at	666614  
671548	[4934]	:	time Target is 671548
671849	[301]	:	Key	71	DOWN	at	671848  
676890	[5041]	:	time Target is 676890
677429	[539]	:	Key	71	DOWN	at	677429  
682230	[4801]	:	time Target is 682230
687550	[5320]	:	time Target is 687550
687831	[281]	:	Key	71	DOWN	at	687831  
692890	[5059]	:	time Target is 692890
693190	[300]	:	Key	71	DOWN	at	693189  
698228	[5038]	:	time Target is 698228
698522	[294]	:	Key	71	DOWN	at	698522  
703565	[5043]	:	time Target is 703565
708893	[5328]	:	time Target is 708893
709302	[409]	:	Key	71	DOWN	at	709301  
714229	[4927]	:	time Target is 714229
714795	[566]	:	Key	71	DOWN	at	714794  
719551	[4756]	:	time Target is 719551
720522	[971]	:	Key	71	DOWN	at	720521  
724906	[4384]	:	time Target is 724906
725366	[460]	:	Key	71	DOWN	at	725366  
730243	[4877]	:	time Target is 730243
731017	[774]	:	Key	71	DOWN	at	731016  
735572	[4555]	:	time Target is 735572
736357	[785]	:	Key	71	DOWN	at	736357  
740911	[4554]	:	time Target is 740911
741272	[361]	:	Key	71	DOWN	at	741272  
746247	[4975]	:	time Target is 746247
751560	[5313]	:	time Target is 751560
756887	[5327]	:	time Target is 756887
757161	[274]	:	Key	71	DOWN	at	757161  
762223	[5062]	:	time Target is 762223
762619	[396]	:	Key	71	DOWN	at	762618  
767558	[4939]	:	time Target is 767558
767994	[436]	:	Key	71	DOWN	at	767994  
772894	[4900]	:	time Target is 772894
773238	[344]	:	Key	71	DOWN	at	773237  
778230	[4992]	:	time Target is 778230
778518	[288]	:	Key	71	DOWN	at	778518  
783559	[5041]	:	time Target is 783559
788874	[5315]	:	time Target is 788874
794194	[5320]	:	time Target is 794194
794456	[262]	:	Key	71	DOWN	at	794455  
799529	[5073]	:	time Target is 799529
799817	[288]	:	Key	71	DOWN	at	799817  
804866	[5049]	:	time Target is 804866
805195	[329]	:	Key	71	DOWN	at	805193  
810207	[5012]	:	time Target is 810207
810744	[537]	:	Key	71	DOWN	at	810743  
815543	[4799]	:	time Target is 815543
820863	[5320]	:	time Target is 820863
821111	[248]	:	Key	71	DOWN	at	821111  
826200	[5089]	:	time Target is 826200
831522	[5322]	:	time Target is 831522
831815	[293]	:	Key	71	DOWN	at	831814  
836858	[5043]	:	time Target is 836858
837226	[368]	:	Key	71	DOWN	at	837226  
842194	[4968]	:	time Target is 842194
847518	[5324]	:	time Target is 847518
852835	[5317]	:	time Target is 852835
853351	[516]	:	Key	71	DOWN	at	853351  
858171	[4820]	:	time Target is 858171
863491	[5320]	:	time Target is 863491
864359	[868]	:	Key	71	DOWN	at	864358  
868828	[4469]	:	time Target is 868828
869350	[522]	:	Key	71	DOWN	at	869349  
874171	[4821]	:	time Target is 874171
874793	[622]	:	Key	71	DOWN	at	874792  
879508	[4715]	:	time Target is 879508
879894	[386]	:	Key	71	DOWN	at	879894  
884871	[4977]	:	time Target is 884871
885129	[258]	:	Key	71	DOWN	at	885129  
890211	[5082]	:	time Target is 890211
890218	[7]	:	Key	71	DOWN	at	890218  
894507	[4289]	:	Key	71	UP	at	890297  
895573	[1066]	:	Key	71	DOWN	at	895573  
896360	[787]	:	Key	71	UP	at	895641  
896629	[269]	:	time Target is 896629
901946	[5317]	:	time Target is 901946
902089	[143]	:	Key	71	DOWN	at	902088  
907292	[5203]	:	time Target is 907292
907576	[284]	:	Key	71	DOWN	at	907576  
912658	[5082]	:	time Target is 912658
917974	[5316]	:	time Target is 917974
918343	[369]	:	Key	71	DOWN	at	918343  
923312	[4969]	:	time Target is 923312
923702	[390]	:	Key	71	DOWN	at	923702  
928649	[4947]	:	time Target is 928649
928967	[318]	:	Key	71	DOWN	at	928967  
934024	[5057]	:	time Target is 934024
934345	[321]	:	Key	71	DOWN	at	934344  
939356	[5011]	:	time Target is 939356
939627	[271]	:	Key	71	DOWN	at	939626  
944695	[5068]	:	time Target is 944695
950009	[5314]	:	time Target is 950009
950533	[524]	:	Key	71	DOWN	at	950533  
955349	[4816]	:	time Target is 955349
960697	[5348]	:	time Target is 960697
960969	[272]	:	Key	71	DOWN	at	960968  
966037	[5068]	:	time Target is 966037
966488	[451]	:	Key	71	DOWN	at	966488  
971376	[4888]	:	time Target is 971376
972106	[730]	:	Key	71	DOWN	at	972105  
976735	[4629]	:	time Target is 976735
982057	[5322]	:	time Target is 982057
982277	[220]	:	Key	71	DOWN	at	982277  
987397	[5120]	:	time Target is 987397
992714	[5317]	:	time Target is 992714
992937	[223]	:	Key	71	DOWN	at	992936  
998057	[5120]	:	time Target is 998057
998326	[269]	:	Key	71	DOWN	at	998326  
1003392	[5066]	:	time Target is 1003392
1008714	[5322]	:	time Target is 1008714
1009173	[459]	:	Key	71	DOWN	at	1009173 
1014051	[4878]	:	time Target is 1014051
1019379	[5328]	:	time Target is 1019379
1019865	[486]	:	Key	71	DOWN	at	1019864 
1024717	[4852]	:	time Target is 1024717
1030039	[5322]	:	time Target is 1030039
1035366	[5327]	:	time Target is 1035366
1035769	[403]	:	Key	71	DOWN	at	1035769 
1040702	[4933]	:	time Target is 1040702
1041800	[1098]	:	Key	71	DOWN	at	1041800 
1046040	[4240]	:	time Target is 1046040
1046491	[451]	:	Key	71	DOWN	at	1046490 
1051403	[4912]	:	time Target is 1051403
1056729	[5326]	:	time Target is 1056729
1056970	[241]	:	Key	71	DOWN	at	1056969 
1062067	[5097]	:	time Target is 1062067
1062441	[374]	:	Key	71	DOWN	at	1062440 
1067400	[4959]	:	time Target is 1067400
1068203	[803]	:	Key	71	DOWN	at	1068202 
1072741	[4538]	:	time Target is 1072741
1078066	[5325]	:	time Target is 1078066
1078294	[228]	:	Key	71	DOWN	at	1078293 
1083404	[5110]	:	time Target is 1083404
1083766	[362]	:	Key	71	DOWN	at	1083765 
1088738	[4972]	:	time Target is 1088738
1094058	[5320]	:	time Target is 1094058
1099376	[5318]	:	time Target is 1099376
1104699	[5323]	:	time Target is 1104699
1104952	[253]	:	Key	71	DOWN	at	1104952 
1110058	[5106]	:	time Target is 1110058
1115375	[5317]	:	time Target is 1115375
1120697	[5322]	:	time Target is 1120697
1120969	[272]	:	Key	71	DOWN	at	1120969 
1126033	[5064]	:	time Target is 1126033
1131355	[5322]	:	time Target is 1131355
1136424	[5069]	:	Key	71	DOWN	at	1136152 
1136424	[0]	:	Key	71	UP	at	1136233 
1139240	[2816]	:	time Target is 1139240
1139527	[287]	:	Key	71	DOWN	at	1139527 
1144580	[5053]	:	time Target is 1144580
1145031	[451]	:	Key	71	DOWN	at	1145030 
1149655	[4624]	:	Key	71	DOWN	at	1149461 
1149656	[1]	:	Key	71	UP	at	1149561 
1152476	[2820]	:	time Target is 1152476
1157809	[5333]	:	time Target is 1157809
1158135	[326]	:	Key	71	DOWN	at	1158135 
1163142	[5007]	:	time Target is 1163142
1163959	[817]	:	Key	71	DOWN	at	1163959 
1168479	[4520]	:	time Target is 1168479
1168759	[280]	:	Key	71	DOWN	at	1168758 
1173822	[5063]	:	time Target is 1173822
1174712	[890]	:	Key	71	DOWN	at	1174711 
1179175	[4463]	:	time Target is 1179175
1184494	[5319]	:	time Target is 1184494
1189818	[5324]	:	time Target is 1189818
1190027	[209]	:	Key	71	DOWN	at	1190025 
1195157	[5130]	:	time Target is 1195157
1200481	[5324]	:	time Target is 1200481
1200777	[296]	:	Key	71	DOWN	at	1200777 
1205818	[5041]	:	time Target is 1205818
1211136	[5318]	:	time Target is 1211136
1216459	[5323]	:	time Target is 1216459
1221815	[5356]	:	time Target is 1221815
1222133	[318]	:	Key	71	DOWN	at	1222133 
1227158	[5025]	:	time Target is 1227158
1232481	[5323]	:	time Target is 1232481
1237800	[5319]	:	time Target is 1237800
1238086	[286]	:	Key	71	DOWN	at	1238086 
1243135	[5049]	:	time Target is 1243135
1248455	[5320]	:	time Target is 1248455
1248746	[291]	:	Key	71	DOWN	at	1248745 
1253791	[5045]	:	time Target is 1253791
1254245	[454]	:	Key	71	DOWN	at	1254245 
1259134	[4889]	:	time Target is 1259134
1259641	[507]	:	Key	71	DOWN	at	1259641 
1264468	[4827]	:	time Target is 1264468
1264774	[306]	:	Key	71	DOWN	at	1264773 
1269799	[5025]	:	time Target is 1269799
1275125	[5326]	:	time Target is 1275125
1275383	[258]	:	Key	71	DOWN	at	1275383 
1280460	[5077]	:	time Target is 1280460
1281067	[607]	:	Key	71	DOWN	at	1281066 
1285799	[4732]	:	time Target is 1285799
1286069	[270]	:	Key	71	DOWN	at	1286069 
1291137	[5068]	:	time Target is 1291137
1291513	[376]	:	Key	71	DOWN	at	1291512 
1296481	[4968]	:	time Target is 1296481
1301802	[5321]	:	time Target is 1301802
1302342	[540]	:	Key	71	DOWN	at	1302342 
1307143	[4801]	:	time Target is 1307143
1307365	[222]	:	Key	71	DOWN	at	1307365 
1312482	[5117]	:	time Target is 1312482
1312968	[486]	:	Key	71	DOWN	at	1312968 
1317824	[4856]	:	time Target is 1317824
1323157	[5333]	:	time Target is 1323157
1323465	[308]	:	Key	71	DOWN	at	1323464 
1328496	[5031]	:	time Target is 1328496
1333815	[5319]	:	time Target is 1333815
1339146	[5331]	:	time Target is 1339146
1339415	[269]	:	Key	71	DOWN	at	1339414 
1344482	[5067]	:	time Target is 1344482
1344792	[310]	:	Key	71	DOWN	at	1344792 
1349821	[5029]	:	time Target is 1349821
1355148	[5327]	:	time Target is 1355148
1355496	[348]	:	Key	71	DOWN	at	1355496 
1360480	[4984]	:	time Target is 1360480
1360984	[504]	:	Key	71	DOWN	at	1360984 
1365820	[4836]	:	time Target is 1365820
1370984	[5164]	:	Key	71	DOWN	at	1370983 
1371130	[146]	:	Key	71	UP	at	1371130 
1375254	[4124]	:	Key	71	DOWN	at	1375253 
1376049	[795]	:	Key	71	UP	at	1375495 
1376317	[268]	:	time Target is 1376317
1377258	[941]	:	Key	71	DOWN	at	1377258 
1381658	[4400]	:	time Target is 1381658
1382293	[635]	:	Key	71	DOWN	at	1382293 
1386990	[4697]	:	time Target is 1386990
1387320	[330]	:	Key	71	DOWN	at	1387319 
1392337	[5017]	:	time Target is 1392337
1397662	[5325]	:	time Target is 1397662
1398006	[344]	:	Key	71	DOWN	at	1398006 
1402992	[4986]	:	time Target is 1402992
1403286	[294]	:	Key	71	DOWN	at	1403285 
1408358	[5072]	:	time Target is 1408358
1413691	[5333]	:	time Target is 1413691
1413957	[266]	:	Key	71	DOWN	at	1413957 
1419032	[5075]	:	time Target is 1419032
1419259	[227]	:	Key	71	DOWN	at	1419258 
1424372	[5113]	:	time Target is 1424372
1429690	[5318]	:	time Target is 1429690
1429994	[304]	:	Key	71	DOWN	at	1429993 
1435027	[5033]	:	time Target is 1435027
1435385	[358]	:	Key	71	DOWN	at	1435385 
1440366	[4981]	:	time Target is 1440366
1445689	[5323]	:	time Target is 1445689
1451008	[5319]	:	time Target is 1451008
1451320	[312]	:	Key	71	DOWN	at	1451320 
1456338	[5018]	:	time Target is 1456338
1461670	[5332]	:	time Target is 1461670
1467010	[5340]	:	time Target is 1467010
1467273	[263]	:	Key	71	DOWN	at	1467272 
1472404	[5131]	:	time Target is 1472404
1477730	[5326]	:	time Target is 1477730
1478151	[421]	:	Key	71	DOWN	at	1478150 
1483062	[4911]	:	time Target is 1483062
1483481	[419]	:	Key	71	DOWN	at	1483481 
1488396	[4915]	:	time Target is 1488396
1488841	[445]	:	Key	71	DOWN	at	1488841 
1493740	[4899]	:	time Target is 1493740
1494474	[734]	:	Key	71	DOWN	at	1494474 
1499080	[4606]	:	time Target is 1499080
1499354	[274]	:	Key	71	DOWN	at	1499354 
1504415	[5061]	:	time Target is 1504415
1504795	[380]	:	Key	71	DOWN	at	1504794 
1509751	[4956]	:	time Target is 1509751
1510261	[510]	:	Key	71	DOWN	at	1510261 
1515084	[4823]	:	time Target is 1515084
1516042	[958]	:	Key	71	DOWN	at	1516041 
1520414	[4372]	:	time Target is 1520414
1525748	[5334]	:	time Target is 1525748
1531071	[5323]	:	time Target is 1531071
1536399	[5328]	:	time Target is 1536399
1541733	[5334]	:	time Target is 1541733
1542055	[322]	:	Key	71	DOWN	at	1542055 
1547071	[5016]	:	time Target is 1547071
1548136	[1065]	:	Key	71	DOWN	at	1548135 
1552408	[4272]	:	time Target is 1552408
1557737	[5329]	:	time Target is 1557737
1558101	[364]	:	Key	71	DOWN	at	1558101 
1563076	[4975]	:	time Target is 1563076
1563383	[307]	:	Key	71	DOWN	at	1563382 
1568410	[5027]	:	time Target is 1568410
1568649	[239]	:	Key	71	DOWN	at	1568649 
1573749	[5100]	:	time Target is 1573749
1579069	[5320]	:	time Target is 1579069
1584391	[5322]	:	time Target is 1584391
1585093	[702]	:	Key	71	DOWN	at	1585093 
1589731	[4638]	:	time Target is 1589731
1590153	[422]	:	Key	71	DOWN	at	1590152 
1595064	[4911]	:	time Target is 1595064
1600383	[5319]	:	time Target is 1600383
1600521	[138]	:	Key	71	DOWN	at	1600521 
1605731	[5210]	:	time Target is 1605731
1606007	[276]	:	Key	71	DOWN	at	1606007 
1611073	[5066]	:	time Target is 1611073
1611449	[376]	:	Key	71	DOWN	at	1611448 
1616410	[4961]	:	time Target is 1616410
1616697	[287]	:	Key	71	DOWN	at	1616697 
1621750	[5053]	:	time Target is 1621750
1622058	[308]	:	Key	71	DOWN	at	1622058 
1627082	[5024]	:	time Target is 1627082
1632424	[5342]	:	time Target is 1632424
1632678	[254]	:	Key	71	DOWN	at	1632678 
1637750	[5072]	:	time Target is 1637750
1638090	[340]	:	Key	71	DOWN	at	1638090 
1643086	[4996]	:	time Target is 1643086
1643478	[392]	:	Key	71	DOWN	at	1643477 
1648428	[4950]	:	time Target is 1648428
1648698	[270]	:	Key	71	DOWN	at	1648697 
1653763	[5065]	:	time Target is 1653763
1654025	[262]	:	Key	71	DOWN	at	1654025 
1659105	[5080]	:	time Target is 1659105
1659384	[279]	:	Key	71	DOWN	at	1659383 
1664441	[5057]	:	time Target is 1664441
1669761	[5320]	:	time Target is 1669761
1670024	[263]	:	Key	71	DOWN	at	1670023 
1675108	[5084]	:	time Target is 1675108
1680431	[5323]	:	time Target is 1680431
1680693	[262]	:	Key	71	DOWN	at	1680693 
1685769	[5076]	:	time Target is 1685769
1691104	[5335]	:	time Target is 1691104
1696453	[5349]	:	time Target is 1696453
1701775	[5322]	:	time Target is 1701775
1707109	[5334]	:	time Target is 1707109
1712434	[5325]	:	time Target is 1712434
1717758	[5324]	:	time Target is 1717758
1718312	[554]	:	Key	71	DOWN	at	1718312 
1723086	[4774]	:	time Target is 1723086
1723385	[299]	:	Key	71	DOWN	at	1723385 
1728421	[5036]	:	time Target is 1728421
1728682	[261]	:	Key	71	DOWN	at	1728682 
1733760	[5078]	:	time Target is 1733760
1733993	[233]	:	Key	71	DOWN	at	1733993 
1739101	[5108]	:	time Target is 1739101
1739434	[333]	:	Key	71	DOWN	at	1739434 
1744437	[5003]	:	time Target is 1744437
1744663	[226]	:	Key	71	DOWN	at	1744663 
1749818	[5155]	:	time Target is 1749818
1750075	[257]	:	Key	71	DOWN	at	1750074 
1755151	[5076]	:	time Target is 1755151
1760473	[5322]	:	time Target is 1760473
1760842	[369]	:	Key	71	DOWN	at	1760841 
1765809	[4967]	:	time Target is 1765809
1771131	[5322]	:	time Target is 1771131
1771366	[235]	:	Key	71	DOWN	at	1771365 
1776470	[5104]	:	time Target is 1776470
1776757	[287]	:	Key	71	DOWN	at	1776757 
1781802	[5045]	:	time Target is 1781802
1787126	[5324]	:	time Target is 1787126
1787414	[288]	:	Key	71	DOWN	at	1787414 
1792461	[5047]	:	time Target is 1792461
1793862	[1401]	:	Key	71	DOWN	at	1793862 
1797793	[3931]	:	time Target is 1797793
1803115	[5322]	:	time Target is 1803115
1808441	[5326]	:	time Target is 1808441
1808763	[322]	:	Key	71	DOWN	at	1808762 
1813776	[5013]	:	time Target is 1813776
1814551	[775]	:	Key	71	DOWN	at	1814551 
1819116	[4565]	:	time Target is 1819116
1824443	[5327]	:	time Target is 1824443
1824728	[285]	:	Key	71	DOWN	at	1824728 
1829777	[5049]	:	time Target is 1829777
1830167	[390]	:	Key	71	DOWN	at	1830166 
1835119	[4952]	:	time Target is 1835119
1835288	[169]	:	Key	71	DOWN	at	1835288 
1840461	[5173]	:	time Target is 1840461
1841429	[968]	:	Key	71	DOWN	at	1841429 
1845803	[4374]	:	time Target is 1845803
1846054	[251]	:	Key	71	DOWN	at	1846054 
1851136	[5082]	:	time Target is 1851136
1851432	[296]	:	Key	71	DOWN	at	1851431 
1855441	[4009]	:	Key	71	UP	at	1851557 
1885770	[30329]	:	Key	71	DOWN	at	1885769 
1886561	[791]	:	Key	71	UP	at	1885865 
1886831	[270]	:	time Target is 1886831
1892194	[5363]	:	time Target is 1892194
1897530	[5336]	:	time Target is 1897530
1902859	[5329]	:	time Target is 1902859
1908180	[5321]	:	time Target is 1908180
1913499	[5319]	:	time Target is 1913499
1918849	[5350]	:	time Target is 1918849
1919466	[617]	:	Key	71	DOWN	at	1919465 
1924192	[4726]	:	time Target is 1924192
1929521	[5329]	:	time Target is 1929521
1929766	[245]	:	Key	71	DOWN	at	1929766 
1934855	[5089]	:	time Target is 1934855
1940177	[5322]	:	time Target is 1940177
1940406	[229]	:	Key	71	DOWN	at	1940405 
1945527	[5121]	:	time Target is 1945527
1950854	[5327]	:	time Target is 1950854
1951110	[256]	:	Key	71	DOWN	at	1951110 
1956180	[5070]	:	time Target is 1956180
1956459	[279]	:	Key	71	DOWN	at	1956458 
1961517	[5058]	:	time Target is 1961517
1961787	[270]	:	Key	71	DOWN	at	1961786 
1966861	[5074]	:	time Target is 1966861
1967287	[426]	:	Key	71	DOWN	at	1967286 
1972192	[4905]	:	time Target is 1972192
1977523	[5331]	:	time Target is 1977523
1978199	[676]	:	Key	71	DOWN	at	1978198 
1982862	[4663]	:	time Target is 1982862
1983334	[472]	:	Key	71	DOWN	at	1983334 
1988197	[4863]	:	time Target is 1988197
1993528	[5331]	:	time Target is 1993528
1993753	[225]	:	Key	71	DOWN	at	1993752 
1998871	[5118]	:	time Target is 1998871
1999627	[756]	:	Key	71	DOWN	at	1999626 
2004223	[4596]	:	time Target is 2004223
2004443	[220]	:	Key	71	DOWN	at	2004442 
2009543	[5100]	:	Key	71	DOWN	at	2009429 
2009543	[0]	:	Key	71	UP	at	2009530 
2012357	[2814]	:	time Target is 2012357
2012681	[324]	:	Key	71	DOWN	at	2012680 
2017696	[5015]	:	time Target is 2017696
2023019	[5323]	:	time Target is 2023019
2028346	[5327]	:	time Target is 2028346
2033677	[5331]	:	time Target is 2033677
2039042	[5365]	:	time Target is 2039042
2039606	[564]	:	Key	71	DOWN	at	2039605 
2044374	[4768]	:	time Target is 2044374
2049699	[5325]	:	time Target is 2049699
2055022	[5323]	:	time Target is 2055022
2055284	[262]	:	Key	71	DOWN	at	2055284 
2060360	[5076]	:	time Target is 2060360
2065686	[5326]	:	time Target is 2065686
2065864	[178]	:	Key	71	DOWN	at	2065864 
2071023	[5159]	:	time Target is 2071023
2076364	[5341]	:	time Target is 2076364
2077594	[1230]	:	Key	71	DOWN	at	2077594 
2081702	[4108]	:	time Target is 2081702
2082088	[386]	:	Key	71	DOWN	at	2082088 
2087040	[4952]	:	time Target is 2087040
2087289	[249]	:	Key	71	DOWN	at	2087289 
2092404	[5115]	:	time Target is 2092404
2097725	[5321]	:	time Target is 2097725
2098008	[283]	:	Key	71	DOWN	at	2098006 
2103089	[5081]	:	time Target is 2103089
2103400	[311]	:	Key	71	DOWN	at	2103399 
2108430	[5030]	:	time Target is 2108430
2113770	[5340]	:	time Target is 2113770
2113929	[159]	:	Key	71	DOWN	at	2113928 
2119103	[5174]	:	time Target is 2119103
2119994	[891]	:	Key	71	DOWN	at	2119993 
2124438	[4444]	:	time Target is 2124438
2125547	[1109]	:	Key	71	DOWN	at	2125546 
2129773	[4226]	:	time Target is 2129773
2130042	[269]	:	Key	71	DOWN	at	2130042 
2135110	[5068]	:	time Target is 2135110
2135256	[146]	:	Key	71	DOWN	at	2135256 
2140443	[5187]	:	time Target is 2140443
2140711	[268]	:	Key	71	DOWN	at	2140711 
2145806	[5095]	:	time Target is 2145806
2146021	[215]	:	Key	71	DOWN	at	2146021 
2151154	[5133]	:	time Target is 2151154
2151403	[249]	:	Key	71	DOWN	at	2151402 
2156491	[5088]	:	time Target is 2156491
2156679	[188]	:	Key	71	DOWN	at	2156679 
2161829	[5150]	:	time Target is 2161829
2162536	[707]	:	Key	71	DOWN	at	2162535 
2167173	[4637]	:	time Target is 2167173
2167463	[290]	:	Key	13	DOWN	at	2167462 
2167528	[65]	:	Key	13	UP	at	2167528 
2167912	[384]	:	Key	71	DOWN	at	2167912 
2172510	[4598]	:	time Target is 2172510
2177831	[5321]	:	time Target is 2177831
2183156	[5325]	:	time Target is 2183156
2183415	[259]	:	Key	71	DOWN	at	2183414 
2188495	[5080]	:	time Target is 2188495
2188775	[280]	:	Key	71	DOWN	at	2188775 
2193833	[5058]	:	time Target is 2193833
2194102	[269]	:	Key	71	DOWN	at	2194101 
2199166	[5064]	:	time Target is 2199166
2204489	[5323]	:	time Target is 2204489
2204744	[255]	:	Key	71	DOWN	at	2204744 
2209831	[5087]	:	time Target is 2209831
2210054	[223]	:	Key	71	DOWN	at	2210053 
2215166	[5112]	:	time Target is 2215166
2215288	[122]	:	Key	71	DOWN	at	2215287 
2220502	[5214]	:	time Target is 2220502
2221018	[516]	:	Key	71	DOWN	at	2221017 
2225824	[4806]	:	time Target is 2225824
2226074	[250]	:	Key	71	DOWN	at	2226074 
2231157	[5083]	:	time Target is 2231157
2236511	[5354]	:	time Target is 2236511
2241835	[5324]	:	time Target is 2241835
2242137	[302]	:	Key	71	DOWN	at	2242137 
2247178	[5041]	:	time Target is 2247178
2252497	[5319]	:	time Target is 2252497
2257820	[5323]	:	time Target is 2257820
2263142	[5322]	:	time Target is 2263142
2268476	[5334]	:	time Target is 2268476
2269065	[589]	:	Key	71	DOWN	at	2269064 
2273810	[4745]	:	time Target is 2273810
2274005	[195]	:	Key	92	DOWN	at	2274005 
2274183	[178]	:	Key	92	UP	at	2274182 
2274549	[366]	:	Key	92	DOWN	at	2274549 
2274679	[130]	:	Key	92	UP	at	2274679 
2274792	[113]	:	Key	71	DOWN	at	2274791 
2279143	[4351]	:	time Target is 2279143
2284462	[5319]	:	time Target is 2284462
2284890	[428]	:	Key	71	DOWN	at	2284889 
2289800	[4910]	:	time Target is 2289800
2290070	[270]	:	Key	71	DOWN	at	2290070 
2295134	[5064]	:	time Target is 2295134
2295369	[235]	:	Key	71	DOWN	at	2295369 
2300472	[5103]	:	time Target is 2300472
2305790	[5318]	:	time Target is 2305790
2306071	[281]	:	Key	71	DOWN	at	2306070 
2311132	[5061]	:	time Target is 2311132
2316462	[5330]	:	time Target is 2316462
2321787	[5325]	:	time Target is 2321787
2327110	[5323]	:	time Target is 2327110
2327449	[339]	:	Key	71	DOWN	at	2327449 
2332455	[5006]	:	time Target is 2332455
2332823	[368]	:	Key	71	DOWN	at	2332823 
2337789	[4966]	:	time Target is 2337789
2343105	[5316]	:	time Target is 2343105
2348433	[5328]	:	time Target is 2348433
2348709	[276]	:	Key	71	DOWN	at	2348709 
2353772	[5063]	:	time Target is 2353772
2354504	[732]	:	Key	71	DOWN	at	2354503 
2359108	[4604]	:	time Target is 2359108
2359898	[790]	:	Key	71	DOWN	at	2359898 
2363407	[3509]	:	Key	71	UP	at	2360022 
2375848	[12441]	:	Key	71	DOWN	at	2375848 
2375913	[65]	:	Key	71	UP	at	2375912 
2385833	[9920]	:	Key	28	DOWN	at	2385833 
2385994	[161]	:	Key	28	UP	at	2385994 
2389782	[3788]	:	Key	28	DOWN	at	2389782 
2389991	[209]	:	Key	28	UP	at	2389990 
2395338	[5347]	:	Key	29	DOWN	at	2395337 
2395482	[144]	:	Key	29	UP	at	2395481 
2396534	[1052]	:	Key	28	DOWN	at	2396533 
2396679	[145]	:	Key	28	UP	at	2396679 
2403767	[7088]	:	Key	29	DOWN	at	2403767 
2403990	[223]	:	Key	29	UP	at	2403990 
2406554	[2564]	:	Key	29	DOWN	at	2406553 
2406779	[225]	:	Key	29	UP	at	2406778 
2417240	[10461]	:	Key	28	DOWN	at	2417240 
2417499	[259]	:	Key	28	UP	at	2417498 
2418472	[973]	:	Key	29	DOWN	at	2418472 
2418617	[145]	:	Key	29	UP	at	2418617 
2424086	[5469]	:	Key	28	DOWN	at	2424085 
2424295	[209]	:	Key	28	UP	at	2424294 
2424920	[625]	:	Key	28	DOWN	at	2424919 
2425097	[177]	:	Key	28	UP	at	2425096 
2428600	[3503]	:	Key	28	DOWN	at	2428600 
2428775	[175]	:	Key	28	UP	at	2428775 
2429684	[909]	:	Key	29	DOWN	at	2429684 
2429866	[182]	:	Key	29	UP	at	2429866 
2432712	[2846]	:	Key	29	DOWN	at	2432711 
2432920	[208]	:	Key	29	UP	at	2432920 
2433304	[384]	:	Key	28	DOWN	at	2433304 
2433495	[191]	:	Key	28	UP	at	2433495 
2437221	[3726]	:	Key	29	DOWN	at	2437221 
2437402	[181]	:	Key	29	UP	at	2437400 
2438393	[991]	:	Key	29	DOWN	at	2438392 
2438451	[58]	:	COGENT STOP
