Cog2000 log file Mon Nov 18 16:51:37 2019
gprim v1.33 Compiled:Aug 12 2015 (GLib DirectDraw v7 DX12.0 Compiled:Aug 12 2015)
Display:1024x768x32 59.95Hz
Attaching C:\Program Files\Cogent2000v1.33\Toolbox\CogInput.mexw64
CogInput v1.05 Compiled: May 20 2010
4	[4]	:	COGENT START
8378	[8374]	:	Key	71	DOWN	at	8373    
8421	[43]	:	Key	71	UP	at	8420    
24258	[15837]	:	Key	71	DOWN	at	24257   
24309	[51]	:	Key	71	UP	at	24309   
28023	[3714]	:	Key	71	DOWN	at	28019   
28065	[42]	:	Key	71	UP	at	28064   
38307	[10242]	:	Key	71	DOWN	at	38306   
38371	[64]	:	Key	71	UP	at	38371   
51393	[13022]	:	Key	71	DOWN	at	51392   
51443	[50]	:	Key	71	UP	at	51443   
68738	[17295]	:	Key	71	DOWN	at	68738   
69595	[857]	:	time Target is 69588
70784	[1189]	:	Key	71	DOWN	at	70784   
75695	[4911]	:	time Target is 75694
76416	[721]	:	Key	71	DOWN	at	76416   
81779	[5363]	:	time Target is 81778
82053	[274]	:	Key	71	DOWN	at	82053   
87871	[5818]	:	time Target is 87871
88450	[579]	:	Key	71	DOWN	at	88449   
96709	[8259]	:	Key	71	DOWN	at	96708   
97779	[1070]	:	time Target is 97773
104112	[6333]	:	time Target is 104112
110434	[6322]	:	time Target is 110434
116764	[6330]	:	time Target is 116763
134133	[17369]	:	Key	71	DOWN	at	134133  
134196	[63]	:	Key	71	UP	at	134196  
138177	[3981]	:	Key	71	DOWN	at	138176  
138260	[83]	:	Key	71	UP	at	138260  
142388	[4128]	:	Key	71	DOWN	at	142387  
142434	[46]	:	Key	71	UP	at	142434  
151328	[8894]	:	Key	71	DOWN	at	151328  
151429	[101]	:	Key	71	UP	at	151428  
164963	[13534]	:	Key	71	DOWN	at	164963  
165776	[813]	:	Key	71	UP	at	165060  
165803	[27]	:	time Target is 165803
170897	[5094]	:	time Target is 170897
171844	[947]	:	Key	71	DOWN	at	171843  
175984	[4140]	:	time Target is 175984
181071	[5087]	:	time Target is 181070
192982	[11911]	:	Key	71	DOWN	at	192981  
193089	[107]	:	Key	71	UP	at	193089  
196147	[3058]	:	Key	71	DOWN	at	196147  
196945	[798]	:	Key	71	UP	at	196255  
196974	[29]	:	time Target is 196973
197716	[742]	:	Key	71	DOWN	at	197715  
202069	[4353]	:	time Target is 202069
202563	[494]	:	Key	71	DOWN	at	202562  
207158	[4595]	:	time Target is 207157
212234	[5076]	:	time Target is 212234
224452	[12218]	:	Key	71	DOWN	at	224451  
224530	[78]	:	Key	71	UP	at	224529  
228161	[3631]	:	Key	71	DOWN	at	228160  
228951	[790]	:	Key	71	UP	at	228258  
228973	[22]	:	time Target is 228973
229443	[470]	:	Key	71	DOWN	at	229443  
234060	[4617]	:	time Target is 234060
239122	[5062]	:	Key	71	DOWN	at	238708  
239124	[2]	:	Key	71	UP	at	238816  
241699	[2575]	:	time Target is 241699
242177	[478]	:	Key	71	DOWN	at	242177  
245998	[3821]	:	Key	71	UP	at	242292  
254950	[8952]	:	Key	71	DOWN	at	254949  
255073	[123]	:	Key	71	UP	at	255073  
257922	[2849]	:	Key	71	DOWN	at	257922  
258714	[792]	:	Key	71	UP	at	258048  
258736	[22]	:	time Target is 258736
263804	[5068]	:	time Target is 263804
264736	[932]	:	Key	71	DOWN	at	264736  
268891	[4155]	:	time Target is 268891
273963	[5072]	:	time Target is 273963
281105	[7142]	:	Key	71	DOWN	at	281104  
281204	[99]	:	Key	71	UP	at	281204  
296673	[15469]	:	Key	71	DOWN	at	296673  
296804	[131]	:	Key	71	UP	at	296803  
308165	[11361]	:	Key	71	DOWN	at	308164  
308244	[79]	:	Key	71	UP	at	308244  
319348	[11104]	:	Key	71	DOWN	at	319348  
319444	[96]	:	Key	71	UP	at	319444  
326310	[6866]	:	Key	71	DOWN	at	326309  
328883	[2573]	:	time Target is 328883
329314	[431]	:	Key	71	DOWN	at	329314  
334223	[4909]	:	time Target is 334223
339549	[5326]	:	time Target is 339549
344867	[5318]	:	time Target is 344867
345490	[623]	:	Key	71	DOWN	at	345490  
350216	[4726]	:	time Target is 350215
350629	[413]	:	Key	71	DOWN	at	350629  
355557	[4928]	:	time Target is 355557
360886	[5329]	:	time Target is 360886
361156	[270]	:	Key	71	DOWN	at	361156  
366229	[5073]	:	time Target is 366229
371564	[5335]	:	time Target is 371564
376884	[5320]	:	time Target is 376884
382207	[5323]	:	time Target is 382207
382529	[322]	:	Key	71	DOWN	at	382529  
387545	[5016]	:	time Target is 387545
388197	[652]	:	Key	71	DOWN	at	388196  
392878	[4681]	:	time Target is 392878
398201	[5323]	:	time Target is 398201
403528	[5327]	:	time Target is 403528
403809	[281]	:	Key	71	DOWN	at	403809  
408869	[5060]	:	time Target is 408869
414191	[5322]	:	time Target is 414191
419511	[5320]	:	time Target is 419511
424831	[5320]	:	time Target is 424831
430153	[5322]	:	time Target is 430153
430436	[283]	:	Key	71	DOWN	at	430435  
435495	[5059]	:	time Target is 435495
440815	[5320]	:	time Target is 440815
441668	[853]	:	Key	71	DOWN	at	441668  
446155	[4487]	:	time Target is 446155
451478	[5323]	:	time Target is 451478
456797	[5319]	:	time Target is 456797
462113	[5316]	:	time Target is 462113
467433	[5320]	:	time Target is 467433
472755	[5322]	:	time Target is 472755
474017	[1262]	:	Key	71	DOWN	at	474017  
478096	[4079]	:	time Target is 478096
478607	[511]	:	Key	71	DOWN	at	478607  
483435	[4828]	:	time Target is 483435
488759	[5324]	:	time Target is 488759
489442	[683]	:	Key	71	DOWN	at	489442  
494101	[4659]	:	time Target is 494101
494771	[670]	:	Key	71	DOWN	at	494771  
499441	[4670]	:	time Target is 499441
504772	[5331]	:	time Target is 504772
505362	[590]	:	Key	71	DOWN	at	505361  
510105	[4743]	:	time Target is 510105
515429	[5324]	:	time Target is 515429
520746	[5317]	:	time Target is 520746
521554	[808]	:	Key	71	DOWN	at	521554  
526100	[4546]	:	time Target is 526100
531419	[5319]	:	time Target is 531419
531797	[378]	:	Key	71	DOWN	at	531796  
536754	[4957]	:	time Target is 536754
542130	[5376]	:	time Target is 542130
547450	[5320]	:	time Target is 547450
552770	[5320]	:	time Target is 552770
553634	[864]	:	Key	71	DOWN	at	553633  
558112	[4478]	:	time Target is 558112
558737	[625]	:	Key	71	DOWN	at	558736  
563448	[4711]	:	time Target is 563448
568771	[5323]	:	time Target is 568771
574097	[5326]	:	time Target is 574097
574629	[532]	:	Key	71	DOWN	at	574628  
579436	[4807]	:	time Target is 579436
580657	[1221]	:	Key	71	DOWN	at	580657  
584769	[4112]	:	time Target is 584769
585823	[1054]	:	Key	71	DOWN	at	585823  
590105	[4282]	:	time Target is 590105
595425	[5320]	:	time Target is 595425
596721	[1296]	:	Key	71	DOWN	at	596721  
600761	[4040]	:	time Target is 600761
606084	[5323]	:	time Target is 606084
606610	[526]	:	Key	71	DOWN	at	606610  
611421	[4811]	:	time Target is 611421
612051	[630]	:	Key	71	DOWN	at	612051  
616754	[4703]	:	time Target is 616754
622077	[5323]	:	time Target is 622077
627397	[5320]	:	time Target is 627397
628083	[686]	:	Key	71	DOWN	at	628082  
632735	[4652]	:	time Target is 632735
634084	[1349]	:	Key	71	DOWN	at	634084  
638074	[3990]	:	time Target is 638074
638786	[712]	:	Key	71	DOWN	at	638785  
643402	[4616]	:	time Target is 643402
644388	[986]	:	Key	71	DOWN	at	644387  
648740	[4352]	:	time Target is 648740
654066	[5326]	:	time Target is 654066
655173	[1107]	:	Key	71	DOWN	at	655172  
659401	[4228]	:	time Target is 659401
659984	[583]	:	Key	71	DOWN	at	659984  
664738	[4754]	:	time Target is 664738
665731	[993]	:	Key	71	DOWN	at	665731  
670076	[4345]	:	time Target is 670076
670308	[232]	:	Key	71	DOWN	at	670307  
675408	[5100]	:	time Target is 675408
680731	[5323]	:	time Target is 680731
682160	[1429]	:	Key	71	DOWN	at	682160  
686069	[3909]	:	time Target is 686069
691391	[5322]	:	time Target is 691391
696705	[5314]	:	time Target is 696705
697844	[1139]	:	Key	71	DOWN	at	697844  
702043	[4199]	:	time Target is 702043
707366	[5323]	:	time Target is 707366
707522	[156]	:	Key	71	DOWN	at	707521  
712699	[5177]	:	time Target is 712699
718018	[5319]	:	time Target is 718018
718834	[816]	:	Key	71	DOWN	at	718834  
723354	[4520]	:	time Target is 723354
724129	[775]	:	Key	71	DOWN	at	724129  
728691	[4562]	:	time Target is 728691
734057	[5366]	:	time Target is 734057
734932	[875]	:	Key	71	DOWN	at	734932  
739431	[4499]	:	time Target is 739431
744752	[5321]	:	time Target is 744752
750073	[5321]	:	time Target is 750073
750881	[808]	:	Key	71	DOWN	at	750880  
755416	[4535]	:	time Target is 755416
756036	[620]	:	Key	71	DOWN	at	756035  
760747	[4711]	:	time Target is 760747
766071	[5324]	:	time Target is 766071
771382	[5311]	:	Key	71	DOWN	at	771315  
774195	[2813]	:	time Target is 774195
774912	[717]	:	Key	71	DOWN	at	774912  
779530	[4618]	:	time Target is 779530
784854	[5324]	:	time Target is 784854
785842	[988]	:	Key	71	DOWN	at	785842  
790193	[4351]	:	time Target is 790193
795514	[5321]	:	time Target is 795514
800826	[5312]	:	time Target is 800826
809968	[9142]	:	Key	71	DOWN	at	809967  
810757	[789]	:	Key	71	UP	at	810031  
811024	[267]	:	time Target is 811024
812099	[1075]	:	Key	71	DOWN	at	812099  
816360	[4261]	:	time Target is 816360
821683	[5323]	:	time Target is 821683
822706	[1023]	:	Key	71	DOWN	at	822706  
827017	[4311]	:	time Target is 827017
828131	[1114]	:	Key	71	DOWN	at	828131  
832350	[4219]	:	time Target is 832350
833778	[1428]	:	Key	71	DOWN	at	833778  
837685	[3907]	:	time Target is 837685
843002	[5317]	:	time Target is 843002
848325	[5323]	:	time Target is 848325
853644	[5319]	:	time Target is 853644
858961	[5317]	:	time Target is 858961
860132	[1171]	:	Key	71	DOWN	at	860131  
864292	[4160]	:	time Target is 864292
865506	[1214]	:	Key	71	DOWN	at	865506  
869629	[4123]	:	time Target is 869629
874949	[5320]	:	time Target is 874949
880269	[5320]	:	time Target is 880269
885594	[5325]	:	time Target is 885594
886207	[613]	:	Key	71	DOWN	at	886207  
890923	[4716]	:	time Target is 890923
891424	[501]	:	Key	71	DOWN	at	891423  
896264	[4840]	:	time Target is 896264
897603	[1339]	:	Key	71	DOWN	at	897602  
901600	[3997]	:	time Target is 901600
902546	[946]	:	Key	71	DOWN	at	902545  
906940	[4394]	:	time Target is 906940
912262	[5322]	:	time Target is 912262
913409	[1147]	:	Key	71	DOWN	at	913408  
917594	[4185]	:	time Target is 917594
922958	[5364]	:	time Target is 922958
928276	[5318]	:	time Target is 928276
929505	[1229]	:	Key	71	DOWN	at	929504  
933618	[4113]	:	time Target is 933618
933808	[190]	:	Key	71	DOWN	at	933808  
938956	[5148]	:	time Target is 938956
939300	[344]	:	Key	71	DOWN	at	939299  
944295	[4995]	:	time Target is 944295
949615	[5320]	:	time Target is 949615
955011	[5396]	:	time Target is 955011
960331	[5320]	:	time Target is 960331
961566	[1235]	:	Key	71	DOWN	at	961566  
965718	[4152]	:	time Target is 965718
966211	[493]	:	Key	71	DOWN	at	966210  
971091	[4880]	:	time Target is 971091
972416	[1325]	:	Key	71	DOWN	at	972415  
976424	[4008]	:	time Target is 976424
976576	[152]	:	Key	71	DOWN	at	976576  
981766	[5190]	:	time Target is 981766
987088	[5322]	:	time Target is 987088
992409	[5321]	:	time Target is 992409
993860	[1451]	:	Key	71	DOWN	at	993859  
997747	[3887]	:	time Target is 997747
997987	[240]	:	Key	71	DOWN	at	997986  
1003088	[5101]	:	time Target is 1003088
1008406	[5318]	:	time Target is 1008406
1013724	[5318]	:	time Target is 1013724
1014018	[294]	:	Key	71	DOWN	at	1014017 
1019057	[5039]	:	time Target is 1019057
1019122	[65]	:	Key	71	DOWN	at	1019122 
1024396	[5274]	:	time Target is 1024396
1024705	[309]	:	Key	71	DOWN	at	1024705 
1029731	[5026]	:	time Target is 1029731
1035048	[5317]	:	time Target is 1035048
1036351	[1303]	:	Key	71	DOWN	at	1036351 
1040383	[4032]	:	time Target is 1040383
1045695	[5312]	:	time Target is 1045695
1046144	[449]	:	Key	71	DOWN	at	1046143 
1051032	[4888]	:	time Target is 1051032
1051300	[268]	:	Key	71	DOWN	at	1051299 
1056370	[5070]	:	time Target is 1056370
1057652	[1282]	:	Key	71	DOWN	at	1057651 
1061704	[4052]	:	time Target is 1061704
1067023	[5319]	:	time Target is 1067023
1067315	[292]	:	Key	71	DOWN	at	1067314 
1072358	[5043]	:	time Target is 1072358
1073633	[1275]	:	Key	71	DOWN	at	1073633 
1077696	[4063]	:	time Target is 1077696
1077967	[271]	:	Key	71	DOWN	at	1077967 
1083053	[5086]	:	time Target is 1083053
1084385	[1332]	:	Key	71	DOWN	at	1084385 
1088389	[4004]	:	time Target is 1088389
1089248	[859]	:	Key	71	DOWN	at	1089247 
1093726	[4478]	:	time Target is 1093726
1093795	[69]	:	Key	71	DOWN	at	1093795 
1099062	[5267]	:	time Target is 1099062
1104401	[5339]	:	time Target is 1104401
1109723	[5322]	:	time Target is 1109723
1110670	[947]	:	Key	71	DOWN	at	1110670 
1115060	[4390]	:	time Target is 1115060
1120379	[5319]	:	time Target is 1120379
1125699	[5320]	:	time Target is 1125699
1131020	[5321]	:	time Target is 1131020
1136340	[5320]	:	time Target is 1136340
1136530	[190]	:	Key	71	DOWN	at	1136530 
1141674	[5144]	:	time Target is 1141674
1146996	[5322]	:	time Target is 1146996
1152318	[5322]	:	time Target is 1152318
1157644	[5326]	:	time Target is 1157644
1158019	[375]	:	Key	71	DOWN	at	1158018 
1162977	[4958]	:	Key	71	DOWN	at	1162946 
1165524	[2547]	:	Key	71	DOWN	at	1165377 
1168343	[2819]	:	time Target is 1168343
1173667	[5324]	:	time Target is 1173667
1173842	[175]	:	Key	71	DOWN	at	1173841 
1179000	[5158]	:	time Target is 1179000
1179090	[90]	:	Key	71	DOWN	at	1179090 
1184340	[5250]	:	time Target is 1184340
1189663	[5323]	:	time Target is 1189663
1195003	[5340]	:	time Target is 1195003
1200326	[5323]	:	time Target is 1200326
1200690	[364]	:	Key	71	DOWN	at	1200690 
1205659	[4969]	:	time Target is 1205659
1206146	[487]	:	Key	71	DOWN	at	1206146 
1210994	[4848]	:	time Target is 1210994
1211171	[177]	:	Key	71	DOWN	at	1211171 
1216330	[5159]	:	time Target is 1216330
1221650	[5320]	:	time Target is 1221650
1226972	[5322]	:	time Target is 1226972
1232294	[5322]	:	time Target is 1232294
1232692	[398]	:	Key	71	DOWN	at	1232691 
1237629	[4937]	:	time Target is 1237629
1242948	[5319]	:	time Target is 1242948
1243601	[653]	:	Key	71	DOWN	at	1243600 
1248286	[4685]	:	time Target is 1248286
1249278	[992]	:	Key	71	DOWN	at	1249278 
1253621	[4343]	:	time Target is 1253621
1258944	[5323]	:	time Target is 1258944
1260370	[1426]	:	Key	71	DOWN	at	1260369 
1264281	[3911]	:	time Target is 1264281
1265152	[871]	:	Key	71	DOWN	at	1265152 
1269613	[4461]	:	time Target is 1269613
1274931	[5318]	:	time Target is 1274931
1280252	[5321]	:	time Target is 1280252
1305262	[25010]	:	Key	71	DOWN	at	1305262 
1305363	[101]	:	Key	71	UP	at	1305362 
1308880	[3517]	:	Key	71	DOWN	at	1308879 
1309670	[790]	:	Key	71	UP	at	1308976 
1309939	[269]	:	time Target is 1309939
1311219	[1280]	:	Key	71	DOWN	at	1311219 
1315275	[4056]	:	time Target is 1315275
1315741	[466]	:	Key	71	DOWN	at	1315741 
1320616	[4875]	:	time Target is 1320616
1325939	[5323]	:	time Target is 1325939
1331260	[5321]	:	time Target is 1331260
1332000	[740]	:	Key	71	DOWN	at	1332000 
1336599	[4599]	:	time Target is 1336599
1336864	[265]	:	Key	71	DOWN	at	1336863 
1341933	[5069]	:	time Target is 1341933
1347254	[5321]	:	time Target is 1347254
1347695	[441]	:	Key	71	DOWN	at	1347695 
1352587	[4892]	:	time Target is 1352587
1357935	[5348]	:	time Target is 1357935
1358816	[881]	:	Key	71	DOWN	at	1358816 
1363272	[4456]	:	time Target is 1363272
1368599	[5327]	:	time Target is 1368599
1373922	[5323]	:	time Target is 1373922
1374671	[749]	:	Key	71	DOWN	at	1374671 
1379262	[4591]	:	time Target is 1379262
1384607	[5345]	:	time Target is 1384607
1385776	[1169]	:	Key	71	DOWN	at	1385776 
1389948	[4172]	:	time Target is 1389948
1391106	[1158]	:	Key	71	DOWN	at	1391105 
1395287	[4181]	:	time Target is 1395287
1395618	[331]	:	Key	71	DOWN	at	1395618 
1400652	[5034]	:	time Target is 1400652
1405972	[5320]	:	time Target is 1405972
1407250	[1278]	:	Key	71	DOWN	at	1407249 
1411311	[4061]	:	time Target is 1411311
1412798	[1487]	:	Key	71	DOWN	at	1412798 
1416650	[3852]	:	time Target is 1416650
1421974	[5324]	:	time Target is 1421974
1427297	[5323]	:	time Target is 1427297
1432622	[5325]	:	time Target is 1432622
1433389	[767]	:	Key	71	DOWN	at	1433389 
1437956	[4567]	:	time Target is 1437956
1443277	[5321]	:	time Target is 1443277
1448596	[5319]	:	time Target is 1448596
1453919	[5323]	:	time Target is 1453919
1454099	[180]	:	Key	71	DOWN	at	1454098 
1459257	[5158]	:	time Target is 1459257
1459519	[262]	:	Key	71	DOWN	at	1459519 
1464595	[5076]	:	time Target is 1464595
1464833	[238]	:	Key	71	DOWN	at	1464832 
1469935	[5102]	:	time Target is 1469935
1475261	[5326]	:	time Target is 1475261
1480578	[5317]	:	time Target is 1480578
1485900	[5322]	:	time Target is 1485900
1486068	[168]	:	Key	71	DOWN	at	1486067 
1491233	[5165]	:	time Target is 1491233
1496548	[5315]	:	time Target is 1496548
1496946	[398]	:	Key	71	DOWN	at	1496946 
1501887	[4941]	:	time Target is 1501887
1502850	[963]	:	Key	71	DOWN	at	1502850 
1507226	[4376]	:	time Target is 1507226
1507696	[470]	:	Key	71	DOWN	at	1507695 
1512556	[4860]	:	time Target is 1512556
1513425	[869]	:	Key	71	DOWN	at	1513425 
1517889	[4464]	:	time Target is 1517889
1518803	[914]	:	Key	71	DOWN	at	1518802 
1523229	[4426]	:	time Target is 1523229
1524015	[786]	:	Key	71	DOWN	at	1524014 
1528569	[4554]	:	time Target is 1528569
1528995	[426]	:	Key	71	DOWN	at	1528994 
1533905	[4910]	:	time Target is 1533905
1539225	[5320]	:	time Target is 1539225
1540529	[1304]	:	Key	71	DOWN	at	1540529 
1544624	[4095]	:	time Target is 1544624
1549943	[5319]	:	time Target is 1549943
1550113	[170]	:	Key	71	DOWN	at	1550113 
1555279	[5166]	:	time Target is 1555279
1556530	[1251]	:	Key	71	DOWN	at	1556529 
1560615	[4085]	:	time Target is 1560615
1565938	[5323]	:	time Target is 1565938
1566514	[576]	:	Key	71	DOWN	at	1566513 
1571274	[4760]	:	time Target is 1571274
1572019	[745]	:	Key	71	DOWN	at	1572018 
1576343	[4324]	:	Key	71	DOWN	at	1576222 
1579160	[2817]	:	time Target is 1579160
1579469	[309]	:	Key	71	DOWN	at	1579469 
1584232	[4763]	:	Key	71	DOWN	at	1584178 
1587048	[2816]	:	time Target is 1587048
1587248	[200]	:	Key	71	DOWN	at	1587247 
1592387	[5139]	:	time Target is 1592387
1597712	[5325]	:	time Target is 1597712
1603035	[5323]	:	time Target is 1603035
1603314	[279]	:	Key	71	DOWN	at	1603313 
1608108	[4794]	:	Key	71	DOWN	at	1607949 
1608108	[0]	:	Key	71	UP	at	1608032 
1610654	[2546]	:	Key	71	DOWN	at	1610273 
1610655	[1]	:	Key	71	UP	at	1610430 
1613205	[2550]	:	Key	71	DOWN	at	1612929 
1613206	[1]	:	Key	71	UP	at	1613006 
1616039	[2833]	:	Key	71	DOWN	at	1615839 
1616039	[0]	:	Key	71	UP	at	1615981 
1618589	[2550]	:	Key	71	DOWN	at	1618510 
1621138	[2549]	:	Key	71	DOWN	at	1620894 
1621138	[0]	:	Key	71	UP	at	1620978 
1623997	[2859]	:	time Target is 1623997
1624318	[321]	:	Key	71	DOWN	at	1624318 
1629072	[4754]	:	Key	71	DOWN	at	1629022 
1631886	[2814]	:	time Target is 1631886
1637198	[5312]	:	Key	71	DOWN	at	1637088 
1639746	[2548]	:	Key	71	DOWN	at	1639553 
1639747	[1]	:	Key	71	UP	at	1639649 
1642296	[2549]	:	Key	71	DOWN	at	1642015 
1642297	[1]	:	Key	71	UP	at	1642111 
1645110	[2813]	:	time Target is 1645110
1645823	[713]	:	Key	71	DOWN	at	1645823 
1650180	[4357]	:	Key	71	DOWN	at	1649985 
1650180	[0]	:	Key	71	UP	at	1650033 
1652724	[2544]	:	Key	71	DOWN	at	1652610 
1652725	[1]	:	Key	71	UP	at	1652670 
1655273	[2548]	:	Key	71	DOWN	at	1654894 
1655274	[1]	:	Key	71	UP	at	1654990 
1657821	[2547]	:	Key	71	DOWN	at	1657665 
1657822	[1]	:	Key	71	UP	at	1657759 
1660371	[2549]	:	Key	71	DOWN	at	1660064 
1660372	[1]	:	Key	71	UP	at	1660141 
1663185	[2813]	:	time Target is 1663185
1663775	[590]	:	Key	71	DOWN	at	1663775 
1668513	[4738]	:	Key	71	DOWN	at	1668337 
1668513	[0]	:	Key	71	UP	at	1668432 
1671327	[2814]	:	time Target is 1671327
1671969	[642]	:	Key	71	DOWN	at	1671969 
1676714	[4745]	:	Key	71	DOWN	at	1676465 
1676715	[1]	:	Key	71	UP	at	1676578 
1679264	[2549]	:	Key	71	DOWN	at	1679021 
1679264	[0]	:	Key	71	UP	at	1679105 
1681812	[2548]	:	Key	71	DOWN	at	1681533 
1681813	[1]	:	Key	71	UP	at	1681617 
1684625	[2812]	:	time Target is 1684625
1685247	[622]	:	Key	71	DOWN	at	1685247 
1689950	[4703]	:	Key	71	DOWN	at	1689728 
1689950	[0]	:	Key	71	UP	at	1689841 
1692496	[2546]	:	Key	71	DOWN	at	1692174 
1692497	[1]	:	Key	71	UP	at	1692301 
1695047	[2550]	:	Key	71	DOWN	at	1694879 
1695048	[1]	:	Key	71	UP	at	1695040 
1697861	[2813]	:	time Target is 1697861
1702920	[5059]	:	Key	71	DOWN	at	1702738 
1702920	[0]	:	Key	71	UP	at	1702864 
1705470	[2550]	:	Key	71	DOWN	at	1705105 
1705471	[1]	:	Key	71	UP	at	1705249 
1708286	[2815]	:	time Target is 1708286
1713343	[5057]	:	Key	71	DOWN	at	1713279 
1715122	[1779]	:	Key	71	UP	at	1713389 
1716498	[1376]	:	Key	71	DOWN	at	1716497 
1717285	[787]	:	Key	71	UP	at	1716589 
1717285	[0]	:	Key	71	DOWN	at	1717154 
1717285	[0]	:	Key	71	UP	at	1717232 
1720095	[2810]	:	time Target is 1720095
1721201	[1106]	:	Key	71	DOWN	at	1721201 
1725167	[3966]	:	Key	71	DOWN	at	1725166 
1727979	[2812]	:	time Target is 1727979
1733034	[5055]	:	Key	71	DOWN	at	1732734 
1733035	[1]	:	Key	71	UP	at	1732895 
1735580	[2545]	:	Key	71	DOWN	at	1735218 
1735581	[1]	:	Key	71	UP	at	1735313 
1738131	[2550]	:	Key	71	DOWN	at	1737890 
1738132	[1]	:	Key	71	UP	at	1737966 
1740945	[2813]	:	time Target is 1740945
1741698	[753]	:	Key	71	DOWN	at	1741698 
1746277	[4579]	:	time Target is 1746277
1747409	[1132]	:	Key	71	DOWN	at	1747409 
1751614	[4205]	:	time Target is 1751614
1751887	[273]	:	Key	71	DOWN	at	1751886 
1756995	[5108]	:	time Target is 1756995
1758144	[1149]	:	Key	71	DOWN	at	1758143 
1762336	[4192]	:	time Target is 1762336
1762991	[655]	:	Key	71	DOWN	at	1762990 
1767410	[4419]	:	Key	71	DOWN	at	1767149 
1767411	[1]	:	Key	71	UP	at	1767309 
1769961	[2550]	:	Key	71	DOWN	at	1769598 
1769961	[0]	:	Key	71	UP	at	1769710 
1772777	[2816]	:	time Target is 1772777
1773042	[265]	:	Key	71	DOWN	at	1773041 
1778110	[5068]	:	time Target is 1778110
1783426	[5316]	:	time Target is 1783426
1788742	[5316]	:	time Target is 1788742
1794062	[5320]	:	time Target is 1794062
1794803	[741]	:	Key	71	DOWN	at	1794802 
1799393	[4590]	:	Key	71	DOWN	at	1799297 
1799393	[0]	:	Key	71	UP	at	1799374 
1802205	[2812]	:	time Target is 1802205
1803218	[1013]	:	Key	71	DOWN	at	1803218 
1807283	[4065]	:	Key	71	DOWN	at	1807152 
1807284	[1]	:	Key	71	UP	at	1807277 
1809835	[2551]	:	Key	71	DOWN	at	1809661 
1809836	[1]	:	Key	71	UP	at	1809792 
1812699	[2863]	:	time Target is 1812699
1812990	[291]	:	Key	71	DOWN	at	1812989 
1818037	[5047]	:	time Target is 1818037
1818962	[925]	:	Key	71	DOWN	at	1818961 
1823376	[4414]	:	time Target is 1823376
1824493	[1117]	:	Key	71	DOWN	at	1824493 
1828490	[3997]	:	Key	71	DOWN	at	1828223 
1828491	[1]	:	Key	71	UP	at	1828301 
1831304	[2813]	:	time Target is 1831304
1836625	[5321]	:	time Target is 1836625
1841678	[5053]	:	Key	71	DOWN	at	1841664 
1844228	[2550]	:	Key	71	DOWN	at	1843937 
1844229	[1]	:	Key	71	UP	at	1844081 
1846780	[2551]	:	Key	71	DOWN	at	1846705 
1849325	[2545]	:	Key	71	DOWN	at	1849069 
1849325	[0]	:	Key	71	UP	at	1849182 
1851928	[2603]	:	Key	71	DOWN	at	1851568 
1851929	[1]	:	Key	71	UP	at	1851681 
1854743	[2814]	:	time Target is 1854743
1860059	[5316]	:	time Target is 1860059
1860465	[406]	:	Key	71	DOWN	at	1860464 
1865406	[4941]	:	time Target is 1865406
1865854	[448]	:	Key	71	DOWN	at	1865854 
1870736	[4882]	:	Key	71	DOWN	at	1870495 
1870737	[1]	:	Key	71	UP	at	1870590 
1873551	[2814]	:	time Target is 1873551
1873842	[291]	:	Key	71	DOWN	at	1873841 
1878886	[5044]	:	time Target is 1878886
1879132	[246]	:	Key	71	DOWN	at	1879132 
1883961	[4829]	:	Key	71	DOWN	at	1883773 
1883962	[1]	:	Key	71	UP	at	1883869 
1886514	[2552]	:	Key	71	DOWN	at	1886146 
1886515	[1]	:	Key	71	UP	at	1886302 
1889063	[2548]	:	Key	71	DOWN	at	1888831 
1889064	[1]	:	Key	71	UP	at	1888957 
1891614	[2550]	:	Key	71	DOWN	at	1891488 
1891614	[0]	:	Key	71	UP	at	1891614 
1894160	[2546]	:	Key	71	DOWN	at	1893949 
1894161	[1]	:	Key	71	UP	at	1894063 
1896967	[2806]	:	Key	71	DOWN	at	1896721 
1896967	[0]	:	Key	71	UP	at	1896814 
1899772	[2805]	:	Key	71	DOWN	at	1899693 
1902320	[2548]	:	Key	71	DOWN	at	1902242 
1905132	[2812]	:	time Target is 1905132
1906285	[1153]	:	Key	71	DOWN	at	1906285 
1910464	[4179]	:	time Target is 1910464
1910671	[207]	:	Key	71	DOWN	at	1910671 
1915539	[4868]	:	Key	71	DOWN	at	1915408 
1918353	[2814]	:	time Target is 1918353
1923666	[5313]	:	Key	71	DOWN	at	1923473 
1923667	[1]	:	Key	71	UP	at	1923632 
1926480	[2813]	:	time Target is 1926480
1927106	[626]	:	Key	71	DOWN	at	1927105 
1931808	[4702]	:	Key	71	DOWN	at	1931646 
1931808	[0]	:	Key	71	UP	at	1931773 
1934619	[2811]	:	time Target is 1934619
1934909	[290]	:	Key	71	DOWN	at	1934909 
1939693	[4784]	:	Key	71	DOWN	at	1939602 
1942509	[2816]	:	time Target is 1942509
1947565	[5056]	:	Key	71	DOWN	at	1947248 
1947566	[1]	:	Key	71	UP	at	1947361 
1950416	[2850]	:	time Target is 1950416
1955736	[5320]	:	time Target is 1955736
1956465	[729]	:	Key	71	DOWN	at	1956465 
1960809	[4344]	:	Key	71	DOWN	at	1960511 
1960809	[0]	:	Key	71	UP	at	1960589 
1963622	[2813]	:	time Target is 1963622
1968942	[5320]	:	time Target is 1968942
1974263	[5321]	:	time Target is 1974263
1979583	[5320]	:	time Target is 1979583
1984900	[5317]	:	time Target is 1984900
1989957	[5057]	:	Key	71	DOWN	at	1989871 
1992507	[2550]	:	Key	71	DOWN	at	1992271 
1992508	[1]	:	Key	71	UP	at	1992367 
1995104	[2596]	:	Key	71	DOWN	at	1994768 
1995105	[1]	:	Key	71	UP	at	1994910 
1997920	[2815]	:	time Target is 1997920
1998722	[802]	:	Key	71	DOWN	at	1998721 
2002992	[4270]	:	Key	71	DOWN	at	2002961 
2005807	[2815]	:	time Target is 2005807
2006419	[612]	:	Key	71	DOWN	at	2006418 
2010881	[4462]	:	Key	71	DOWN	at	2010770 
2010882	[1]	:	Key	71	UP	at	2010877 
2013433	[2551]	:	Key	71	DOWN	at	2013168 
2013434	[1]	:	Key	71	UP	at	2013328 
2016248	[2814]	:	time Target is 2016248
2021570	[5322]	:	time Target is 2021570
2026626	[5056]	:	Key	71	DOWN	at	2026465 
2026627	[1]	:	Key	71	UP	at	2026559 
2029443	[2816]	:	time Target is 2029443
2030029	[586]	:	Key	71	DOWN	at	2030029 
2034505	[4476]	:	Key	71	DOWN	at	2034223 
2034506	[1]	:	Key	71	UP	at	2034337 
2037321	[2815]	:	time Target is 2037321
2037985	[664]	:	Key	71	DOWN	at	2037984 
2042655	[4670]	:	time Target is 2042655
2043025	[370]	:	Key	71	DOWN	at	2043025 
2047992	[4967]	:	time Target is 2047992
2048063	[71]	:	Key	71	DOWN	at	2048063 
2053324	[5261]	:	time Target is 2053324
2053981	[657]	:	Key	71	DOWN	at	2053981 
2058393	[4412]	:	Key	71	DOWN	at	2058284 
2061205	[2812]	:	time Target is 2061205
2066539	[5334]	:	time Target is 2066539
2066813	[274]	:	Key	71	DOWN	at	2066813 
2071878	[5065]	:	time Target is 2071878
2076935	[5057]	:	Key	71	DOWN	at	2076831 
2076936	[1]	:	Key	71	UP	at	2076927 
2079748	[2812]	:	time Target is 2079748
2079969	[221]	:	Key	71	DOWN	at	2079969 
2084053	[4084]	:	Key	71	UP	at	2080047 
2088862	[4809]	:	Key	71	DOWN	at	2088862 
2088956	[94]	:	Key	71	UP	at	2088956 
2100880	[11924]	:	Key	28	DOWN	at	2100880 
2100958	[78]	:	Key	28	UP	at	2100958 
2104143	[3185]	:	Key	28	DOWN	at	2104142 
2104253	[110]	:	Key	28	UP	at	2104253 
2108255	[4002]	:	Key	28	DOWN	at	2108254 
2108397	[142]	:	Key	28	UP	at	2108396 
2109377	[980]	:	Key	28	DOWN	at	2109377 
2109457	[80]	:	Key	28	UP	at	2109457 
2112958	[3501]	:	Key	29	DOWN	at	2112958 
2113007	[49]	:	Key	29	UP	at	2113005 
2114016	[1009]	:	Key	29	DOWN	at	2114016 
2114062	[46]	:	Key	29	UP	at	2114046 
2115550	[1488]	:	Key	29	DOWN	at	2115549 
2115630	[80]	:	Key	29	UP	at	2115630 
2117056	[1426]	:	Key	29	DOWN	at	2117055 
2117120	[64]	:	Key	29	UP	at	2117120 
2119710	[2590]	:	Key	28	DOWN	at	2119709 
2119807	[97]	:	Key	28	UP	at	2119807 
2121404	[1597]	:	Key	28	DOWN	at	2121404 
2121473	[69]	:	Key	28	UP	at	2121473 
2123852	[2379]	:	Key	29	DOWN	at	2123852 
2123903	[51]	:	Key	29	UP	at	2123903 
2125231	[1328]	:	Key	29	DOWN	at	2125231 
2125313	[82]	:	Key	29	UP	at	2125312 
2128290	[2977]	:	Key	28	DOWN	at	2128289 
2128398	[108]	:	Key	28	UP	at	2128397 
2132498	[4100]	:	Key	28	DOWN	at	2132497 
2132620	[122]	:	Key	28	UP	at	2132620 
2134896	[2276]	:	Key	29	DOWN	at	2134896 
2134991	[95]	:	Key	29	UP	at	2134991 
2135452	[461]	:	Key	29	DOWN	at	2135452 
2135472	[20]	:	COGENT STOP
