Cog2000 log file Fri Sep 06 18:50:48 2019
gprim v1.33 Compiled:Aug 12 2015 (GLib DirectDraw v7 DX12.0 Compiled:Aug 12 2015)
Display:1024x768x32 59.95Hz
Attaching C:\Program Files\Cogent2000v1.33\Toolbox\CogInput.mexw64
CogInput v1.05 Compiled: May 20 2010
7	[7]	:	COGENT START
12559	[12552]	:	Key	71	DOWN	at	12556   
12667	[108]	:	Key	71	UP	at	12666   
31773	[19106]	:	Key	71	DOWN	at	31772   
31849	[76]	:	Key	71	UP	at	31848   
36319	[4470]	:	Key	71	DOWN	at	36316   
36410	[91]	:	Key	71	UP	at	36409   
47467	[11057]	:	Key	71	DOWN	at	47467   
47562	[95]	:	Key	71	UP	at	47561   
63596	[16034]	:	Key	71	DOWN	at	63595   
63692	[96]	:	Key	71	UP	at	63691   
83003	[19311]	:	Key	71	DOWN	at	83003   
83907	[904]	:	time Target is 83890
84251	[344]	:	Key	71	DOWN	at	84251   
90008	[5757]	:	time Target is 90008
91128	[1120]	:	Key	71	DOWN	at	91128   
96111	[4983]	:	time Target is 96110
96923	[812]	:	Key	71	DOWN	at	96922   
102216	[5293]	:	time Target is 102215
102761	[545]	:	Key	71	DOWN	at	102761  
111594	[8833]	:	Key	71	DOWN	at	111594  
112662	[1068]	:	time Target is 112656
118995	[6333]	:	time Target is 118994
125325	[6330]	:	time Target is 125324
131655	[6330]	:	time Target is 131653
151548	[19893]	:	Key	71	DOWN	at	151548  
151676	[128]	:	Key	71	UP	at	151676  
155674	[3998]	:	Key	71	DOWN	at	155674  
155817	[143]	:	Key	71	UP	at	155816  
160170	[4353]	:	Key	71	DOWN	at	160170  
160312	[142]	:	Key	71	UP	at	160312  
172157	[11845]	:	Key	71	DOWN	at	172156  
172248	[91]	:	Key	71	UP	at	172248  
176665	[4417]	:	Key	71	DOWN	at	176665  
177496	[831]	:	Key	71	UP	at	176747  
177523	[27]	:	time Target is 177522
178122	[599]	:	Key	71	DOWN	at	178122  
182616	[4494]	:	time Target is 182616
183256	[640]	:	Key	71	DOWN	at	183256  
187718	[4462]	:	time Target is 187718
188348	[630]	:	Key	71	DOWN	at	188348  
192799	[4451]	:	Key	71	DOWN	at	192698  
195383	[2584]	:	time Target is 195382
195927	[544]	:	Key	71	DOWN	at	195927  
199690	[3763]	:	Key	71	UP	at	196024  
202955	[3265]	:	Key	71	DOWN	at	202954  
203739	[784]	:	Key	71	UP	at	203067  
203764	[25]	:	time Target is 203764
216314	[12550]	:	Key	71	DOWN	at	216314  
216442	[128]	:	Key	71	UP	at	216442  
220488	[4046]	:	Key	71	DOWN	at	220488  
221281	[793]	:	Key	71	UP	at	220602  
221306	[25]	:	time Target is 221305
226380	[5074]	:	time Target is 226380
231456	[5076]	:	time Target is 231456
236523	[5067]	:	time Target is 236523
241605	[5082]	:	time Target is 241604
246691	[5086]	:	time Target is 246691
253644	[6953]	:	Key	71	DOWN	at	253643  
254427	[783]	:	Key	71	UP	at	253785  
254451	[24]	:	time Target is 254451
255321	[870]	:	Key	71	DOWN	at	255321  
258757	[3436]	:	Key	71	UP	at	255468  
269019	[10262]	:	Key	71	DOWN	at	269019  
269148	[129]	:	Key	71	UP	at	269148  
273785	[4637]	:	Key	71	DOWN	at	273784  
274577	[792]	:	Key	71	UP	at	273916  
274596	[19]	:	time Target is 274596
275563	[967]	:	Key	71	DOWN	at	275563  
279690	[4127]	:	time Target is 279690
284763	[5073]	:	time Target is 284763
285257	[494]	:	Key	71	DOWN	at	285257  
289851	[4594]	:	time Target is 289851
290620	[769]	:	Key	71	DOWN	at	290619  
294148	[3528]	:	Key	71	UP	at	290716  
301323	[7175]	:	Key	71	DOWN	at	301322  
301468	[145]	:	Key	71	UP	at	301468  
305369	[3901]	:	Key	71	DOWN	at	305369  
306161	[792]	:	Key	71	UP	at	305416  
306187	[26]	:	time Target is 306186
306776	[589]	:	Key	71	DOWN	at	306776  
311275	[4499]	:	time Target is 311274
316347	[5072]	:	time Target is 316347
321421	[5074]	:	time Target is 321421
337852	[16431]	:	Key	71	DOWN	at	337852  
337964	[112]	:	Key	71	UP	at	337964  
354845	[16881]	:	Key	71	DOWN	at	354844  
354957	[112]	:	Key	71	UP	at	354956  
370809	[15852]	:	Key	71	DOWN	at	370808  
370937	[128]	:	Key	71	UP	at	370936  
390760	[19823]	:	Key	71	DOWN	at	390759  
390871	[111]	:	Key	71	UP	at	390871  
391116	[245]	:	Key	71	DOWN	at	391116  
393702	[2586]	:	time Target is 393702
394666	[964]	:	Key	71	DOWN	at	394665  
399052	[4386]	:	time Target is 399052
399399	[347]	:	Key	71	DOWN	at	399399  
404398	[4999]	:	time Target is 404398
404841	[443]	:	Key	71	DOWN	at	404840  
409740	[4899]	:	time Target is 409740
410122	[382]	:	Key	71	DOWN	at	410121  
415091	[4969]	:	time Target is 415090
415498	[407]	:	Key	71	DOWN	at	415497  
420438	[4940]	:	time Target is 420438
420828	[390]	:	Key	71	DOWN	at	420827  
425787	[4959]	:	time Target is 425787
431112	[5325]	:	time Target is 431112
431465	[353]	:	Key	71	DOWN	at	431465  
436449	[4984]	:	time Target is 436449
436923	[474]	:	Key	71	DOWN	at	436922  
441787	[4864]	:	time Target is 441787
442157	[370]	:	Key	71	DOWN	at	442156  
447128	[4971]	:	time Target is 447128
447579	[451]	:	Key	71	DOWN	at	447579  
452460	[4881]	:	time Target is 452460
452812	[352]	:	Key	71	DOWN	at	452812  
457798	[4986]	:	time Target is 457798
458409	[611]	:	Key	71	DOWN	at	458408  
463143	[4734]	:	time Target is 463143
463512	[369]	:	Key	71	DOWN	at	463512  
468474	[4962]	:	time Target is 468474
473798	[5324]	:	time Target is 473798
474171	[373]	:	Key	71	DOWN	at	474171  
479136	[4965]	:	time Target is 479136
484460	[5324]	:	time Target is 484460
484875	[415]	:	Key	71	DOWN	at	484873  
489797	[4922]	:	time Target is 489797
490249	[452]	:	Key	71	DOWN	at	490249  
495133	[4884]	:	time Target is 495133
495369	[236]	:	Key	71	DOWN	at	495369  
500464	[5095]	:	time Target is 500464
500856	[392]	:	Key	71	DOWN	at	500855  
505805	[4949]	:	time Target is 505805
506218	[413]	:	Key	71	DOWN	at	506217  
511143	[4925]	:	time Target is 511143
511643	[500]	:	Key	71	DOWN	at	511642  
516477	[4834]	:	time Target is 516477
516875	[398]	:	Key	71	DOWN	at	516875  
521816	[4941]	:	time Target is 521816
522154	[338]	:	Key	71	DOWN	at	522153  
527160	[5006]	:	time Target is 527159
532479	[5319]	:	time Target is 532479
533049	[570]	:	Key	71	DOWN	at	533048  
537813	[4764]	:	time Target is 537813
543138	[5325]	:	time Target is 543138
543563	[425]	:	Key	71	DOWN	at	543562  
548474	[4911]	:	time Target is 548474
548797	[323]	:	Key	71	DOWN	at	548796  
553809	[5012]	:	time Target is 553809
554189	[380]	:	Key	71	DOWN	at	554189  
559151	[4962]	:	time Target is 559151
564473	[5322]	:	time Target is 564473
569791	[5318]	:	time Target is 569791
575114	[5323]	:	time Target is 575114
575498	[384]	:	Key	71	DOWN	at	575497  
580452	[4954]	:	time Target is 580452
585773	[5321]	:	time Target is 585773
591098	[5325]	:	time Target is 591098
596423	[5325]	:	time Target is 596423
597052	[629]	:	Key	71	DOWN	at	597052  
601759	[4707]	:	time Target is 601759
607087	[5328]	:	time Target is 607087
607482	[395]	:	Key	71	DOWN	at	607480  
612427	[4945]	:	time Target is 612427
617751	[5324]	:	time Target is 617751
623075	[5324]	:	time Target is 623075
623465	[390]	:	Key	71	DOWN	at	623464  
628409	[4944]	:	time Target is 628409
628825	[416]	:	Key	71	DOWN	at	628824  
633740	[4915]	:	time Target is 633740
634490	[750]	:	Key	71	DOWN	at	634490  
639080	[4590]	:	time Target is 639080
639498	[418]	:	Key	71	DOWN	at	639498  
644420	[4922]	:	time Target is 644420
644843	[423]	:	Key	71	DOWN	at	644843  
649757	[4914]	:	time Target is 649757
655079	[5322]	:	time Target is 655079
660398	[5319]	:	time Target is 660398
660807	[409]	:	Key	71	DOWN	at	660807  
665730	[4923]	:	time Target is 665730
666140	[410]	:	Key	71	DOWN	at	666139  
671070	[4930]	:	time Target is 671070
672136	[1066]	:	Key	71	DOWN	at	672136  
676409	[4273]	:	time Target is 676409
681723	[5314]	:	time Target is 681723
682155	[432]	:	Key	71	DOWN	at	682154  
687057	[4902]	:	time Target is 687057
692374	[5317]	:	time Target is 692374
693416	[1042]	:	Key	71	DOWN	at	693416  
697712	[4296]	:	time Target is 697712
698124	[412]	:	Key	71	DOWN	at	698123  
703057	[4933]	:	time Target is 703057
708376	[5319]	:	time Target is 708376
713698	[5322]	:	time Target is 713698
719019	[5321]	:	time Target is 719019
724340	[5321]	:	time Target is 724340
724825	[485]	:	Key	71	DOWN	at	724824  
729675	[4850]	:	time Target is 729675
734994	[5319]	:	time Target is 734994
735322	[328]	:	Key	71	DOWN	at	735321  
740335	[5013]	:	time Target is 740335
745658	[5323]	:	time Target is 745658
746345	[687]	:	Key	71	DOWN	at	746344  
750993	[4648]	:	time Target is 750993
752297	[1304]	:	Key	71	DOWN	at	752297  
756331	[4034]	:	time Target is 756331
761653	[5322]	:	time Target is 761653
766974	[5321]	:	time Target is 766974
767831	[857]	:	Key	71	DOWN	at	767831  
772312	[4481]	:	time Target is 772312
772776	[464]	:	Key	71	DOWN	at	772776  
777649	[4873]	:	time Target is 777649
778697	[1048]	:	Key	71	DOWN	at	778697  
782986	[4289]	:	time Target is 782986
783405	[419]	:	Key	71	DOWN	at	783404  
788323	[4918]	:	time Target is 788323
788839	[516]	:	Key	71	DOWN	at	788839  
793660	[4821]	:	time Target is 793660
798985	[5325]	:	time Target is 798985
804310	[5325]	:	time Target is 804310
805340	[1030]	:	Key	71	DOWN	at	805339  
809649	[4309]	:	time Target is 809649
810137	[488]	:	Key	71	DOWN	at	810136  
814986	[4849]	:	time Target is 814986
820309	[5323]	:	time Target is 820309
825639	[5330]	:	time Target is 825639
826056	[417]	:	Key	71	DOWN	at	826055  
830977	[4921]	:	time Target is 830977
831692	[715]	:	Key	71	DOWN	at	831692  
836316	[4624]	:	time Target is 836316
836701	[385]	:	Key	71	DOWN	at	836700  
841657	[4956]	:	time Target is 841657
842009	[352]	:	Key	71	DOWN	at	842008  
846989	[4980]	:	time Target is 846989
847417	[428]	:	Key	71	DOWN	at	847416  
852324	[4907]	:	time Target is 852324
857643	[5319]	:	time Target is 857643
862958	[5315]	:	time Target is 862958
863498	[540]	:	Key	71	DOWN	at	863497  
868296	[4798]	:	time Target is 868296
875242	[6946]	:	Key	71	DOWN	at	875242  
876027	[785]	:	Key	71	UP	at	875372  
876296	[269]	:	time Target is 876296
877032	[736]	:	Key	71	DOWN	at	877031  
881634	[4602]	:	time Target is 881634
882172	[538]	:	Key	71	DOWN	at	882172  
886971	[4799]	:	time Target is 886971
892291	[5320]	:	time Target is 892291
897615	[5324]	:	time Target is 897615
902940	[5325]	:	time Target is 902940
903385	[445]	:	Key	71	DOWN	at	903385  
908272	[4887]	:	time Target is 908272
913599	[5327]	:	time Target is 913599
918923	[5324]	:	time Target is 918923
919324	[401]	:	Key	71	DOWN	at	919324  
924260	[4936]	:	time Target is 924260
929581	[5321]	:	time Target is 929581
930124	[543]	:	Key	71	DOWN	at	930124  
934916	[4792]	:	time Target is 934916
940233	[5317]	:	Key	71	DOWN	at	939978  
940234	[1]	:	Key	71	UP	at	940089  
943051	[2817]	:	time Target is 943051
948374	[5323]	:	time Target is 948374
949032	[658]	:	Key	71	DOWN	at	949031  
953709	[4677]	:	time Target is 953709
954186	[477]	:	Key	71	DOWN	at	954186  
959046	[4860]	:	time Target is 959046
959547	[501]	:	Key	71	DOWN	at	959546  
964380	[4833]	:	time Target is 964380
964827	[447]	:	Key	71	DOWN	at	964827  
969721	[4894]	:	time Target is 969721
975041	[5320]	:	time Target is 975041
980362	[5321]	:	time Target is 980362
985682	[5320]	:	time Target is 985682
986125	[443]	:	Key	71	DOWN	at	986124  
991022	[4897]	:	time Target is 991022
996346	[5324]	:	time Target is 996346
1001671	[5325]	:	time Target is 1001671
1002189	[518]	:	Key	71	DOWN	at	1002188 
1007009	[4820]	:	time Target is 1007009
1012331	[5322]	:	time Target is 1012331
1017658	[5327]	:	time Target is 1017658
1022980	[5322]	:	time Target is 1022980
1023448	[468]	:	Key	71	DOWN	at	1023447 
1028316	[4868]	:	time Target is 1028316
1033372	[5056]	:	Key	71	DOWN	at	1033352 
1036192	[2820]	:	time Target is 1036192
1041519	[5327]	:	time Target is 1041519
1046847	[5328]	:	time Target is 1046847
1052170	[5323]	:	time Target is 1052170
1057493	[5323]	:	time Target is 1057493
1062817	[5324]	:	time Target is 1062817
1068132	[5315]	:	Key	71	DOWN	at	1068060 
1070945	[2813]	:	time Target is 1070945
1071447	[502]	:	Key	71	DOWN	at	1071447 
1076281	[4834]	:	time Target is 1076281
1076935	[654]	:	Key	71	DOWN	at	1076935 
1081624	[4689]	:	time Target is 1081624
1082013	[389]	:	Key	71	DOWN	at	1082011 
1086965	[4952]	:	time Target is 1086965
1087421	[456]	:	Key	71	DOWN	at	1087420 
1092303	[4882]	:	time Target is 1092303
1092905	[602]	:	Key	71	DOWN	at	1092905 
1097642	[4737]	:	time Target is 1097642
1102964	[5322]	:	time Target is 1102964
1108289	[5325]	:	time Target is 1108289
1108889	[600]	:	Key	71	DOWN	at	1108888 
1113623	[4734]	:	time Target is 1113623
1114185	[562]	:	Key	71	DOWN	at	1114185 
1118957	[4772]	:	time Target is 1118957
1124278	[5321]	:	time Target is 1124278
1129601	[5323]	:	time Target is 1129601
1130010	[409]	:	Key	71	DOWN	at	1130009 
1134936	[4926]	:	time Target is 1134936
1140256	[5320]	:	time Target is 1140256
1145579	[5323]	:	time Target is 1145579
1150901	[5322]	:	time Target is 1150901
1151337	[436]	:	Key	71	DOWN	at	1151337 
1156238	[4901]	:	time Target is 1156238
1156632	[394]	:	Key	71	DOWN	at	1156632 
1161573	[4941]	:	time Target is 1161573
1161946	[373]	:	Key	71	DOWN	at	1161945 
1166907	[4961]	:	time Target is 1166907
1172229	[5322]	:	time Target is 1172229
1172938	[709]	:	Key	71	DOWN	at	1172938 
1177563	[4625]	:	time Target is 1177563
1177962	[399]	:	Key	71	DOWN	at	1177962 
1182899	[4937]	:	time Target is 1182899
1188224	[5325]	:	time Target is 1188224
1193546	[5322]	:	time Target is 1193546
1193980	[434]	:	Key	71	DOWN	at	1193980 
1198882	[4902]	:	time Target is 1198882
1204202	[5320]	:	time Target is 1204202
1204844	[642]	:	Key	71	DOWN	at	1204842 
1209541	[4697]	:	time Target is 1209541
1209913	[372]	:	Key	71	DOWN	at	1209913 
1214877	[4964]	:	time Target is 1214877
1215303	[426]	:	Key	71	DOWN	at	1215303 
1220214	[4911]	:	time Target is 1220214
1225539	[5325]	:	time Target is 1225539
1230865	[5326]	:	time Target is 1230865
1236191	[5326]	:	time Target is 1236191
1236747	[556]	:	Key	71	DOWN	at	1236746 
1241528	[4781]	:	time Target is 1241528
1246851	[5323]	:	time Target is 1246851
1248040	[1189]	:	Key	71	DOWN	at	1248040 
1252193	[4153]	:	time Target is 1252193
1257519	[5326]	:	time Target is 1257519
1258124	[605]	:	Key	71	DOWN	at	1258123 
1262856	[4732]	:	time Target is 1262856
1263356	[500]	:	Key	71	DOWN	at	1263355 
1268193	[4837]	:	time Target is 1268193
1273514	[5321]	:	time Target is 1273514
1273882	[368]	:	Key	71	DOWN	at	1273882 
1278845	[4963]	:	time Target is 1278845
1284169	[5324]	:	time Target is 1284169
1284539	[370]	:	Key	71	DOWN	at	1284538 
1289504	[4965]	:	time Target is 1289504
1294824	[5320]	:	time Target is 1294824
1300146	[5322]	:	time Target is 1300146
1300728	[582]	:	Key	71	DOWN	at	1300728 
1305483	[4755]	:	time Target is 1305483
1306042	[559]	:	Key	71	DOWN	at	1306041 
1310828	[4786]	:	time Target is 1310828
1316145	[5317]	:	time Target is 1316145
1316937	[792]	:	Key	71	DOWN	at	1316937 
1321479	[4542]	:	time Target is 1321479
1322635	[1156]	:	Key	71	DOWN	at	1322634 
1326828	[4193]	:	time Target is 1326828
1327500	[672]	:	Key	71	DOWN	at	1327498 
1332165	[4665]	:	time Target is 1332165
1337488	[5323]	:	time Target is 1337488
1338125	[637]	:	Key	71	DOWN	at	1338124 
1342828	[4703]	:	time Target is 1342828
1348426	[5598]	:	Key	71	DOWN	at	1348426 
1348617	[191]	:	Key	71	UP	at	1348616 
1352731	[4114]	:	Key	71	DOWN	at	1352731 
1353522	[791]	:	Key	71	UP	at	1352936 
1353790	[268]	:	time Target is 1353790
1354428	[638]	:	Key	71	DOWN	at	1354427 
1359126	[4698]	:	Key	71	DOWN	at	1359035 
1361940	[2814]	:	time Target is 1361940
1362427	[487]	:	Key	71	DOWN	at	1362427 
1367286	[4859]	:	time Target is 1367286
1368540	[1254]	:	Key	71	DOWN	at	1368540 
1372623	[4083]	:	time Target is 1372623
1373034	[411]	:	Key	71	DOWN	at	1373034 
1377961	[4927]	:	time Target is 1377961
1383278	[5317]	:	time Target is 1383278
1388597	[5319]	:	time Target is 1388597
1389130	[533]	:	Key	71	DOWN	at	1389129 
1393935	[4805]	:	time Target is 1393935
1394377	[442]	:	Key	71	DOWN	at	1394377 
1399274	[4897]	:	time Target is 1399274
1399626	[352]	:	Key	71	DOWN	at	1399626 
1404616	[4990]	:	time Target is 1404616
1409930	[5314]	:	time Target is 1409930
1415255	[5325]	:	time Target is 1415255
1420583	[5328]	:	time Target is 1420582
1425902	[5319]	:	time Target is 1425902
1431228	[5326]	:	time Target is 1431228
1431579	[351]	:	Key	71	DOWN	at	1431578 
1436568	[4989]	:	time Target is 1436568
1441895	[5327]	:	time Target is 1441895
1447209	[5314]	:	time Target is 1447209
1447591	[382]	:	Key	71	DOWN	at	1447591 
1452545	[4954]	:	time Target is 1452545
1453015	[470]	:	Key	71	DOWN	at	1453015 
1457879	[4864]	:	time Target is 1457879
1463203	[5324]	:	time Target is 1463203
1463815	[612]	:	Key	71	DOWN	at	1463815 
1468540	[4725]	:	time Target is 1468540
1469080	[540]	:	Key	71	DOWN	at	1469080 
1473879	[4799]	:	time Target is 1473879
1474232	[353]	:	Key	71	DOWN	at	1474232 
1479240	[5008]	:	time Target is 1479240
1479692	[452]	:	Key	71	DOWN	at	1479691 
1484572	[4880]	:	time Target is 1484572
1484935	[363]	:	Key	71	DOWN	at	1484935 
1489912	[4977]	:	time Target is 1489912
1495237	[5325]	:	time Target is 1495237
1500559	[5322]	:	time Target is 1500559
1505880	[5321]	:	time Target is 1505880
1511204	[5324]	:	time Target is 1511204
1511627	[423]	:	Key	71	DOWN	at	1511627 
1516546	[4919]	:	time Target is 1516545
1521870	[5324]	:	time Target is 1521870
1522828	[958]	:	Key	71	DOWN	at	1522828 
1527196	[4368]	:	time Target is 1527196
1532520	[5324]	:	time Target is 1532520
1537844	[5324]	:	time Target is 1537844
1538331	[487]	:	Key	71	DOWN	at	1538330 
1543179	[4848]	:	time Target is 1543179
1548501	[5322]	:	time Target is 1548501
1548888	[387]	:	Key	71	DOWN	at	1548887 
1553840	[4952]	:	time Target is 1553840
1559161	[5321]	:	time Target is 1559161
1559724	[563]	:	Key	71	DOWN	at	1559724 
1564500	[4776]	:	time Target is 1564500
1569820	[5320]	:	time Target is 1569820
1575141	[5321]	:	time Target is 1575141
1580462	[5321]	:	time Target is 1580462
1585784	[5322]	:	time Target is 1585784
1591109	[5325]	:	time Target is 1591109
1591707	[598]	:	Key	71	DOWN	at	1591707 
1596445	[4738]	:	time Target is 1596445
1597772	[1327]	:	Key	71	DOWN	at	1597772 
1601780	[4008]	:	time Target is 1601780
1607102	[5322]	:	time Target is 1607102
1612425	[5323]	:	time Target is 1612425
1612729	[304]	:	Key	71	DOWN	at	1612729 
1617758	[5029]	:	time Target is 1617758
1623079	[5321]	:	time Target is 1623079
1628399	[5320]	:	time Target is 1628399
1633720	[5321]	:	time Target is 1633720
1639041	[5321]	:	time Target is 1639041
1644365	[5324]	:	time Target is 1644365
1644730	[365]	:	Key	71	DOWN	at	1644729 
1649705	[4975]	:	time Target is 1649705
1650092	[387]	:	Key	71	DOWN	at	1650092 
1655036	[4944]	:	time Target is 1655036
1660356	[5320]	:	time Target is 1660356
1665681	[5325]	:	time Target is 1665681
1666616	[935]	:	Key	71	DOWN	at	1666616 
1671010	[4394]	:	time Target is 1671010
1676331	[5321]	:	time Target is 1676331
1681653	[5322]	:	time Target is 1681653
1686976	[5323]	:	time Target is 1686976
1692297	[5321]	:	time Target is 1692297
1697622	[5325]	:	time Target is 1697622
1702946	[5324]	:	time Target is 1702946
1703339	[393]	:	Key	71	DOWN	at	1703338 
1708284	[4945]	:	time Target is 1708284
1708635	[351]	:	Key	71	DOWN	at	1708635 
1713614	[4979]	:	time Target is 1713614
1718935	[5321]	:	time Target is 1718935
1719304	[369]	:	Key	71	DOWN	at	1719304 
1724275	[4971]	:	time Target is 1724275
1724730	[455]	:	Key	71	DOWN	at	1724729 
1729616	[4886]	:	time Target is 1729616
1734936	[5320]	:	time Target is 1734936
1735289	[353]	:	Key	71	DOWN	at	1735289 
1740271	[4982]	:	time Target is 1740271
1745591	[5320]	:	time Target is 1745591
1750911	[5320]	:	time Target is 1750911
1756237	[5326]	:	time Target is 1756237
1757322	[1085]	:	Key	71	DOWN	at	1757322 
1761567	[4245]	:	time Target is 1761567
1763066	[1499]	:	Key	71	DOWN	at	1763065 
1766900	[3834]	:	time Target is 1766900
1767436	[536]	:	Key	71	DOWN	at	1767436 
1772236	[4800]	:	time Target is 1772236
1777554	[5318]	:	time Target is 1777554
1782878	[5324]	:	time Target is 1782878
1788204	[5326]	:	time Target is 1788204
1793532	[5328]	:	time Target is 1793532
1793850	[318]	:	Key	71	DOWN	at	1793850 
1798872	[5022]	:	time Target is 1798872
1804193	[5321]	:	time Target is 1804193
1804551	[358]	:	Key	71	DOWN	at	1804551 
1809525	[4974]	:	time Target is 1809525
1810011	[486]	:	Key	71	DOWN	at	1810011 
1814856	[4845]	:	time Target is 1814856
1815194	[338]	:	Key	71	DOWN	at	1815194 
1820197	[5003]	:	time Target is 1820197
1825517	[5320]	:	time Target is 1825517
1834663	[9146]	:	Key	71	DOWN	at	1834663 
1835451	[788]	:	Key	71	UP	at	1834824 
1835718	[267]	:	time Target is 1835718
1841042	[5324]	:	time Target is 1841042
1846363	[5321]	:	time Target is 1846363
1846840	[477]	:	Key	71	DOWN	at	1846839 
1851690	[4850]	:	time Target is 1851690
1853084	[1394]	:	Key	71	DOWN	at	1853083 
1857028	[3944]	:	time Target is 1857028
1857389	[361]	:	Key	71	DOWN	at	1857388 
1862367	[4978]	:	time Target is 1862367
1867687	[5320]	:	time Target is 1867687
1868152	[465]	:	Key	71	DOWN	at	1868152 
1873026	[4874]	:	time Target is 1873026
1878355	[5329]	:	time Target is 1878355
1879260	[905]	:	Key	71	DOWN	at	1879259 
1883693	[4433]	:	time Target is 1883693
1889017	[5324]	:	time Target is 1889017
1894340	[5323]	:	time Target is 1894340
1899660	[5320]	:	time Target is 1899660
1904979	[5319]	:	time Target is 1904979
1905163	[184]	:	Key	71	DOWN	at	1905163 
1910315	[5152]	:	time Target is 1910315
1910744	[429]	:	Key	71	DOWN	at	1910743 
1915657	[4913]	:	time Target is 1915657
1920980	[5323]	:	time Target is 1920980
1926307	[5327]	:	time Target is 1926307
1931630	[5323]	:	time Target is 1931630
1932216	[586]	:	Key	71	DOWN	at	1932216 
1936966	[4750]	:	time Target is 1936966
1938393	[1427]	:	Key	71	DOWN	at	1938392 
1942302	[3909]	:	time Target is 1942302
1947626	[5324]	:	time Target is 1947626
1952950	[5324]	:	time Target is 1952950
1958271	[5321]	:	time Target is 1958271
1958874	[603]	:	Key	71	DOWN	at	1958874 
1963609	[4735]	:	time Target is 1963609
1968925	[5316]	:	time Target is 1968925
1969271	[346]	:	Key	71	DOWN	at	1969271 
1974262	[4991]	:	time Target is 1974262
1974938	[676]	:	Key	71	DOWN	at	1974938 
1979597	[4659]	:	time Target is 1979597
1984919	[5322]	:	time Target is 1984919
1990240	[5321]	:	time Target is 1990240
1990888	[648]	:	Key	71	DOWN	at	1990888 
1995570	[4682]	:	time Target is 1995570
2000894	[5324]	:	time Target is 2000894
2006215	[5321]	:	time Target is 2006215
2006953	[738]	:	Key	71	DOWN	at	2006953 
2011550	[4597]	:	time Target is 2011550
2016871	[5321]	:	time Target is 2016871
2022202	[5331]	:	time Target is 2022202
2027521	[5319]	:	time Target is 2027521
2027945	[424]	:	Key	71	DOWN	at	2027944 
2032861	[4916]	:	time Target is 2032861
2038188	[5327]	:	time Target is 2038188
2038570	[382]	:	Key	71	DOWN	at	2038570 
2043526	[4956]	:	time Target is 2043526
2048850	[5324]	:	time Target is 2048850
2049335	[485]	:	Key	71	DOWN	at	2049335 
2054190	[4855]	:	time Target is 2054190
2059514	[5324]	:	time Target is 2059514
2059962	[448]	:	Key	71	DOWN	at	2059962 
2064844	[4882]	:	time Target is 2064844
2065226	[382]	:	Key	71	DOWN	at	2065226 
2070181	[4955]	:	time Target is 2070181
2075498	[5317]	:	time Target is 2075498
2076072	[574]	:	Key	71	DOWN	at	2076071 
2080837	[4765]	:	time Target is 2080837
2086159	[5322]	:	time Target is 2086159
2091482	[5323]	:	time Target is 2091482
2092233	[751]	:	Key	71	DOWN	at	2092231 
2096824	[4591]	:	time Target is 2096824
2097389	[565]	:	Key	71	DOWN	at	2097388 
2102160	[4771]	:	time Target is 2102160
2107481	[5321]	:	time Target is 2107481
2107783	[302]	:	Key	71	DOWN	at	2107783 
2112819	[5036]	:	time Target is 2112819
2118142	[5323]	:	time Target is 2118142
2123470	[5328]	:	time Target is 2123470
2123816	[346]	:	Key	71	DOWN	at	2123816 
2128809	[4993]	:	time Target is 2128809
2129209	[400]	:	Key	71	DOWN	at	2129208 
2134147	[4938]	:	time Target is 2134147
2139468	[5321]	:	time Target is 2139468
2140200	[732]	:	Key	71	DOWN	at	2140199 
2144806	[4606]	:	time Target is 2144806
2145127	[321]	:	Key	71	DOWN	at	2145127 
2150144	[5017]	:	time Target is 2150144
2155460	[5316]	:	time Target is 2155460
2155708	[248]	:	Key	71	DOWN	at	2155708 
2160795	[5087]	:	time Target is 2160795
2161193	[398]	:	Key	71	DOWN	at	2161192 
2166135	[4942]	:	time Target is 2166135
2166554	[419]	:	Key	71	DOWN	at	2166554 
2171474	[4920]	:	time Target is 2171474
2176798	[5324]	:	time Target is 2176798
2182118	[5320]	:	time Target is 2182118
2187440	[5322]	:	time Target is 2187440
2187768	[328]	:	Key	71	DOWN	at	2187768 
2192515	[4747]	:	Key	71	DOWN	at	2192216 
2192515	[0]	:	Key	71	UP	at	2192380 
2195326	[2811]	:	time Target is 2195326
2200653	[5327]	:	time Target is 2200653
2205972	[5319]	:	time Target is 2205972
2206667	[695]	:	Key	71	DOWN	at	2206667 
2211311	[4644]	:	time Target is 2211311
2211928	[617]	:	Key	71	DOWN	at	2211927 
2216651	[4723]	:	time Target is 2216651
2217226	[575]	:	Key	71	DOWN	at	2217226 
2221989	[4763]	:	time Target is 2221989
2227309	[5320]	:	time Target is 2227309
2232635	[5326]	:	time Target is 2232635
2233357	[722]	:	Key	71	DOWN	at	2233356 
2237966	[4609]	:	time Target is 2237966
2243292	[5326]	:	time Target is 2243292
2248616	[5324]	:	time Target is 2248616
2249033	[417]	:	Key	71	DOWN	at	2249033 
2253955	[4922]	:	time Target is 2253955
2255224	[1269]	:	Key	71	DOWN	at	2255223 
2259291	[4067]	:	time Target is 2259291
2259867	[576]	:	Key	71	DOWN	at	2259867 
2264628	[4761]	:	time Target is 2264628
2264987	[359]	:	Key	71	DOWN	at	2264987 
2269967	[4980]	:	time Target is 2269967
2270313	[346]	:	Key	71	DOWN	at	2270313 
2275304	[4991]	:	time Target is 2275304
2280623	[5319]	:	time Target is 2280623
2280908	[285]	:	Key	71	DOWN	at	2280907 
2285963	[5055]	:	time Target is 2285963
2291288	[5325]	:	time Target is 2291288
2296615	[5327]	:	time Target is 2296615
2301944	[5329]	:	time Target is 2301944
2307264	[5320]	:	time Target is 2307264
2307932	[668]	:	Key	71	DOWN	at	2307931 
2311567	[3635]	:	Key	71	UP	at	2308055 
2318044	[6477]	:	Key	71	DOWN	at	2318043 
2318108	[64]	:	Key	71	UP	at	2318108 
2330935	[12827]	:	Key	28	DOWN	at	2330935 
2331066	[131]	:	Key	28	UP	at	2331065 
2334793	[3727]	:	Key	28	DOWN	at	2334792 
2334887	[94]	:	Key	28	UP	at	2334887 
2340235	[5348]	:	Key	29	DOWN	at	2340234 
2340327	[92]	:	Key	29	UP	at	2340327 
2342604	[2277]	:	Key	29	DOWN	at	2342603 
2342684	[80]	:	Key	29	UP	at	2342683 
2344440	[1756]	:	Key	29	DOWN	at	2344440 
2344523	[83]	:	Key	29	UP	at	2344522 
2345256	[733]	:	Key	29	DOWN	at	2345256 
2345322	[66]	:	Key	29	UP	at	2345321 
2345896	[574]	:	Key	28	DOWN	at	2345895 
2345978	[82]	:	Key	28	UP	at	2345977 
2346315	[337]	:	Key	28	DOWN	at	2346315 
2346427	[112]	:	Key	28	UP	at	2346427 
2347962	[1535]	:	Key	29	DOWN	at	2347962 
2348056	[94]	:	Key	29	UP	at	2348056 
2349272	[1216]	:	Key	29	DOWN	at	2349271 
2349372	[100]	:	Key	29	UP	at	2349371 
2351272	[1900]	:	Key	29	DOWN	at	2351271 
2351369	[97]	:	Key	29	UP	at	2351369 
2351785	[416]	:	Key	29	DOWN	at	2351784 
2351898	[113]	:	Key	29	UP	at	2351897 
2352295	[397]	:	Key	28	DOWN	at	2352295 
2352407	[112]	:	Key	28	UP	at	2352407 
2352764	[357]	:	Key	28	DOWN	at	2352764 
2352840	[76]	:	Key	28	UP	at	2352840 
2353466	[626]	:	Key	28	DOWN	at	2353466 
2353528	[62]	:	Key	28	UP	at	2353528 
2354184	[656]	:	Key	28	DOWN	at	2354184 
2354243	[59]	:	COGENT STOP
