Cog2000 log file Sun Nov 24 15:34:26 2019
gprim v1.33 Compiled:Aug 12 2015 (GLib DirectDraw v7 DX12.0 Compiled:Aug 12 2015)
Display:1024x768x32 59.92Hz
Attaching C:\Program Files\Cogent2000v1.33\Toolbox\CogInput.mexw64
CogInput v1.05 Compiled: May 20 2010
7	[7]	:	COGENT START
9533	[9526]	:	Key	71	DOWN	at	9529    
9580	[47]	:	Key	71	UP	at	9578    
25147	[15567]	:	Key	71	DOWN	at	25146   
25209	[62]	:	Key	71	UP	at	25209   
29182	[3973]	:	Key	71	DOWN	at	29179   
29260	[78]	:	Key	71	UP	at	29260   
39339	[10079]	:	Key	71	DOWN	at	39339   
39368	[29]	:	Key	71	UP	at	39367   
53117	[13749]	:	Key	71	DOWN	at	53115   
53146	[29]	:	Key	71	UP	at	53145   
70812	[17666]	:	Key	71	DOWN	at	70811   
71753	[941]	:	time Target is 71721
72632	[879]	:	Key	71	DOWN	at	72632   
77850	[5218]	:	time Target is 77849
78615	[765]	:	Key	71	DOWN	at	78615   
83960	[5345]	:	time Target is 83959
84807	[847]	:	Key	71	DOWN	at	84807   
90075	[5268]	:	time Target is 90074
90876	[801]	:	Key	71	DOWN	at	90876   
98808	[7932]	:	Key	71	DOWN	at	98808   
99877	[1069]	:	time Target is 99871
106210	[6333]	:	time Target is 106209
112534	[6324]	:	time Target is 112534
118855	[6321]	:	time Target is 118854
136953	[18098]	:	Key	71	DOWN	at	136953  
137082	[129]	:	Key	71	UP	at	137082  
140587	[3505]	:	Key	71	DOWN	at	140586  
140715	[128]	:	Key	71	UP	at	140714  
144140	[3425]	:	Key	71	DOWN	at	144139  
144299	[159]	:	Key	71	UP	at	144299  
151931	[7632]	:	Key	71	DOWN	at	151930  
152041	[110]	:	Key	71	UP	at	152040  
156169	[4128]	:	Key	71	DOWN	at	156169  
156994	[825]	:	Key	71	UP	at	156294  
157016	[22]	:	time Target is 157015
162097	[5081]	:	time Target is 162097
162903	[806]	:	Key	71	DOWN	at	162903  
167196	[4293]	:	time Target is 167196
167914	[718]	:	Key	71	DOWN	at	167913  
172294	[4380]	:	time Target is 172293
172988	[694]	:	Key	71	DOWN	at	172987  
176604	[3616]	:	Key	71	UP	at	173112  
184950	[8346]	:	Key	71	DOWN	at	184950  
185114	[164]	:	Key	71	UP	at	185114  
187094	[1980]	:	Key	71	DOWN	at	187094  
187886	[792]	:	Key	71	UP	at	187192  
187906	[20]	:	time Target is 187905
188856	[950]	:	Key	71	DOWN	at	188856  
193001	[4145]	:	time Target is 193001
198084	[5083]	:	time Target is 198084
203157	[5073]	:	time Target is 203157
214764	[11607]	:	Key	71	DOWN	at	214763  
214887	[123]	:	Key	71	UP	at	214887  
218665	[3778]	:	Key	71	DOWN	at	218664  
219455	[790]	:	Key	71	UP	at	218776  
219480	[25]	:	time Target is 219479
220552	[1072]	:	Key	71	DOWN	at	220551  
224572	[4020]	:	time Target is 224572
229653	[5081]	:	time Target is 229653
230218	[565]	:	Key	71	DOWN	at	230218  
234741	[4523]	:	time Target is 234741
235319	[578]	:	Key	71	DOWN	at	235318  
239048	[3729]	:	Key	71	UP	at	235483  
245386	[6338]	:	Key	71	DOWN	at	245386  
245513	[127]	:	Key	71	UP	at	245512  
247175	[1662]	:	Key	71	DOWN	at	247175  
247967	[792]	:	Key	71	UP	at	247255  
247984	[17]	:	time Target is 247984
248727	[743]	:	Key	71	DOWN	at	248727  
253072	[4345]	:	time Target is 253072
258149	[5077]	:	time Target is 258149
263222	[5073]	:	time Target is 263222
273755	[10533]	:	Key	71	DOWN	at	273755  
273832	[77]	:	Key	71	UP	at	273832  
286823	[12991]	:	Key	71	DOWN	at	286822  
286953	[130]	:	Key	71	UP	at	286953  
304535	[17582]	:	Key	71	DOWN	at	304534  
304650	[115]	:	Key	71	UP	at	304650  
315404	[10754]	:	Key	71	DOWN	at	315403  
315496	[92]	:	Key	71	UP	at	315496  
320136	[4640]	:	Key	71	DOWN	at	320136  
322710	[2574]	:	time Target is 322710
323243	[533]	:	Key	71	DOWN	at	323243  
328081	[4838]	:	time Target is 328081
328523	[442]	:	Key	71	DOWN	at	328522  
333427	[4904]	:	time Target is 333427
333899	[472]	:	Key	71	DOWN	at	333898  
338774	[4875]	:	time Target is 338774
338934	[160]	:	Key	71	DOWN	at	338934  
344129	[5195]	:	time Target is 344128
344759	[630]	:	Key	71	DOWN	at	344758  
349479	[4720]	:	time Target is 349479
349768	[289]	:	Key	71	DOWN	at	349767  
354818	[5050]	:	time Target is 354818
360141	[5323]	:	time Target is 360141
360587	[446]	:	Key	71	DOWN	at	360586  
365485	[4898]	:	time Target is 365485
370807	[5322]	:	time Target is 370807
371420	[613]	:	Key	71	DOWN	at	371419  
376147	[4727]	:	time Target is 376147
381470	[5323]	:	time Target is 381470
386795	[5325]	:	time Target is 386795
392119	[5324]	:	time Target is 392119
397445	[5326]	:	time Target is 397445
397787	[342]	:	Key	71	DOWN	at	397786  
402779	[4992]	:	time Target is 402779
408109	[5330]	:	time Target is 408109
408439	[330]	:	Key	71	DOWN	at	408439  
413445	[5006]	:	time Target is 413445
418772	[5327]	:	time Target is 418772
424092	[5320]	:	time Target is 424092
429412	[5320]	:	time Target is 429412
434731	[5319]	:	time Target is 434731
435099	[368]	:	Key	71	DOWN	at	435099  
440066	[4967]	:	time Target is 440066
440395	[329]	:	Key	71	DOWN	at	440395  
445405	[5010]	:	time Target is 445405
445673	[268]	:	Key	71	DOWN	at	445673  
450741	[5068]	:	time Target is 450741
451016	[275]	:	Key	71	DOWN	at	451016  
456075	[5059]	:	time Target is 456075
461400	[5325]	:	time Target is 461400
466720	[5320]	:	time Target is 466720
467050	[330]	:	Key	71	DOWN	at	467050  
472054	[5004]	:	time Target is 472054
472379	[325]	:	Key	71	DOWN	at	472378  
477398	[5019]	:	time Target is 477398
482719	[5321]	:	time Target is 482719
483034	[315]	:	Key	71	DOWN	at	483034  
488051	[5017]	:	time Target is 488051
493375	[5324]	:	time Target is 493375
498699	[5324]	:	time Target is 498699
498778	[79]	:	Key	71	DOWN	at	498778  
504036	[5258]	:	time Target is 504036
504412	[376]	:	Key	71	DOWN	at	504411  
509362	[4950]	:	time Target is 509362
509834	[472]	:	Key	71	DOWN	at	509834  
514702	[4868]	:	time Target is 514702
515096	[394]	:	Key	71	DOWN	at	515095  
520038	[4942]	:	time Target is 520038
520501	[463]	:	Key	71	DOWN	at	520501  
525374	[4873]	:	time Target is 525374
530696	[5322]	:	time Target is 530696
536017	[5321]	:	time Target is 536017
536489	[472]	:	Key	71	DOWN	at	536489  
541354	[4865]	:	time Target is 541354
546675	[5321]	:	time Target is 546675
551994	[5319]	:	time Target is 551994
557322	[5328]	:	time Target is 557322
558249	[927]	:	Key	71	DOWN	at	558248  
562662	[4413]	:	time Target is 562662
567979	[5317]	:	time Target is 567979
568678	[699]	:	Key	71	DOWN	at	568678  
573309	[4631]	:	time Target is 573309
578634	[5325]	:	time Target is 578634
583956	[5322]	:	time Target is 583956
584426	[470]	:	Key	71	DOWN	at	584426  
589298	[4872]	:	time Target is 589298
594620	[5322]	:	time Target is 594620
599942	[5322]	:	time Target is 599942
600250	[308]	:	Key	71	DOWN	at	600249  
605278	[5028]	:	time Target is 605278
610596	[5318]	:	time Target is 610596
615915	[5319]	:	time Target is 615915
621238	[5323]	:	time Target is 621238
621863	[625]	:	Key	71	DOWN	at	621862  
626574	[4711]	:	time Target is 626574
626922	[348]	:	Key	71	DOWN	at	626922  
631913	[4991]	:	time Target is 631913
632309	[396]	:	Key	71	DOWN	at	632309  
637250	[4941]	:	time Target is 637250
637834	[584]	:	Key	71	DOWN	at	637834  
642586	[4752]	:	time Target is 642586
643001	[415]	:	Key	71	DOWN	at	643000  
647924	[4923]	:	time Target is 647924
648406	[482]	:	Key	71	DOWN	at	648405  
653262	[4856]	:	time Target is 653262
654118	[856]	:	Key	71	DOWN	at	654117  
658599	[4481]	:	time Target is 658599
663921	[5322]	:	time Target is 663921
669243	[5322]	:	time Target is 669243
674571	[5328]	:	time Target is 674571
675016	[445]	:	Key	71	DOWN	at	675016  
679904	[4888]	:	time Target is 679904
685225	[5321]	:	time Target is 685225
685658	[433]	:	Key	71	DOWN	at	685658  
690558	[4900]	:	time Target is 690558
695883	[5325]	:	time Target is 695883
701208	[5325]	:	time Target is 701208
706527	[5319]	:	time Target is 706527
707001	[474]	:	Key	71	DOWN	at	707000  
711860	[4859]	:	time Target is 711860
712299	[439]	:	Key	71	DOWN	at	712298  
717200	[4901]	:	time Target is 717200
722525	[5325]	:	time Target is 722525
722905	[380]	:	Key	71	DOWN	at	722905  
727857	[4952]	:	time Target is 727857
728410	[553]	:	Key	71	DOWN	at	728410  
733193	[4783]	:	time Target is 733193
738512	[5319]	:	time Target is 738512
738840	[328]	:	Key	71	DOWN	at	738840  
743845	[5005]	:	time Target is 743845
749164	[5319]	:	time Target is 749164
754484	[5320]	:	time Target is 754484
759808	[5324]	:	time Target is 759808
765136	[5328]	:	time Target is 765136
770457	[5321]	:	time Target is 770457
770827	[370]	:	Key	71	DOWN	at	770826  
775801	[4974]	:	time Target is 775801
776186	[385]	:	Key	71	DOWN	at	776185  
781143	[4957]	:	time Target is 781143
781573	[430]	:	Key	71	DOWN	at	781573  
786480	[4907]	:	time Target is 786480
786793	[313]	:	Key	71	DOWN	at	786793  
791814	[5021]	:	time Target is 791814
792168	[354]	:	Key	71	DOWN	at	792168  
797161	[4993]	:	time Target is 797161
797529	[368]	:	Key	71	DOWN	at	797529  
801458	[3929]	:	Key	71	UP	at	797641  
803719	[2261]	:	Key	71	DOWN	at	803719  
804508	[789]	:	Key	71	UP	at	803783  
804779	[271]	:	time Target is 804779
805673	[894]	:	Key	71	DOWN	at	805673  
810115	[4442]	:	time Target is 810115
810584	[469]	:	Key	71	DOWN	at	810583  
815452	[4868]	:	time Target is 815452
820774	[5322]	:	time Target is 820774
826090	[5316]	:	time Target is 826090
831408	[5318]	:	time Target is 831408
836731	[5323]	:	time Target is 836731
842057	[5326]	:	time Target is 842057
847382	[5325]	:	time Target is 847382
847611	[229]	:	Key	71	DOWN	at	847610  
852718	[5107]	:	time Target is 852718
853159	[441]	:	Key	71	DOWN	at	853158  
858053	[4894]	:	time Target is 858053
859301	[1248]	:	Key	71	DOWN	at	859301  
863402	[4101]	:	time Target is 863402
868727	[5325]	:	time Target is 868727
868791	[64]	:	Key	71	DOWN	at	868791  
874065	[5274]	:	time Target is 874065
874362	[297]	:	Key	71	DOWN	at	874362  
879400	[5038]	:	time Target is 879400
879686	[286]	:	Key	71	DOWN	at	879686  
884739	[5053]	:	time Target is 884739
890065	[5326]	:	time Target is 890065
890341	[276]	:	Key	71	DOWN	at	890341  
895409	[5068]	:	time Target is 895409
895733	[324]	:	Key	71	DOWN	at	895733  
900747	[5014]	:	time Target is 900747
906069	[5322]	:	time Target is 906069
906648	[579]	:	Key	71	DOWN	at	906648  
911403	[4755]	:	time Target is 911403
916725	[5322]	:	time Target is 916725
917045	[320]	:	Key	71	DOWN	at	917045  
922061	[5016]	:	time Target is 922061
922330	[269]	:	Key	71	DOWN	at	922330  
927395	[5065]	:	time Target is 927395
932717	[5322]	:	time Target is 932717
938039	[5322]	:	time Target is 938039
938359	[320]	:	Key	71	DOWN	at	938359  
943374	[5015]	:	time Target is 943374
943673	[299]	:	Key	71	DOWN	at	943672  
948714	[5041]	:	time Target is 948714
954037	[5323]	:	time Target is 954037
954393	[356]	:	Key	71	DOWN	at	954392  
959377	[4984]	:	time Target is 959377
959657	[280]	:	Key	71	DOWN	at	959656  
964718	[5061]	:	time Target is 964718
965002	[284]	:	Key	71	DOWN	at	965001  
970055	[5053]	:	time Target is 970055
975371	[5316]	:	time Target is 975371
975657	[286]	:	Key	71	DOWN	at	975657  
980714	[5057]	:	time Target is 980714
981029	[315]	:	Key	71	DOWN	at	981029  
986055	[5026]	:	time Target is 986055
991375	[5320]	:	time Target is 991375
991655	[280]	:	Key	71	DOWN	at	991655  
996713	[5058]	:	time Target is 996713
996999	[286]	:	Key	71	DOWN	at	996998  
1002054	[5055]	:	time Target is 1002054
1007379	[5325]	:	time Target is 1007379
1007783	[404]	:	Key	71	DOWN	at	1007783 
1012722	[4939]	:	time Target is 1012722
1018043	[5321]	:	time Target is 1018043
1023374	[5331]	:	time Target is 1023374
1028696	[5322]	:	time Target is 1028696
1029080	[384]	:	Key	71	DOWN	at	1029079 
1034031	[4951]	:	time Target is 1034031
1039355	[5324]	:	time Target is 1039355
1039690	[335]	:	Key	71	DOWN	at	1039690 
1044691	[5001]	:	time Target is 1044691
1050023	[5332]	:	time Target is 1050023
1055348	[5325]	:	time Target is 1055348
1055689	[341]	:	Key	71	DOWN	at	1055688 
1060686	[4997]	:	time Target is 1060686
1062134	[1448]	:	Key	71	DOWN	at	1062133 
1066024	[3890]	:	time Target is 1066024
1071346	[5322]	:	time Target is 1071346
1071654	[308]	:	Key	71	DOWN	at	1071654 
1076684	[5030]	:	time Target is 1076684
1082008	[5324]	:	time Target is 1082008
1087329	[5321]	:	time Target is 1087329
1087610	[281]	:	Key	71	DOWN	at	1087610 
1092671	[5061]	:	time Target is 1092671
1092949	[278]	:	Key	71	DOWN	at	1092949 
1098001	[5052]	:	time Target is 1098001
1098343	[342]	:	Key	71	DOWN	at	1098343 
1103337	[4994]	:	time Target is 1103337
1104326	[989]	:	Key	71	DOWN	at	1104326 
1108668	[4342]	:	time Target is 1108668
1114001	[5333]	:	time Target is 1114001
1114308	[307]	:	Key	71	DOWN	at	1114308 
1119336	[5028]	:	time Target is 1119336
1124661	[5325]	:	time Target is 1124661
1124985	[324]	:	Key	71	DOWN	at	1124985 
1130004	[5019]	:	time Target is 1130004
1135323	[5319]	:	time Target is 1135323
1135733	[410]	:	Key	71	DOWN	at	1135732 
1140656	[4923]	:	time Target is 1140656
1140966	[310]	:	Key	71	DOWN	at	1140965 
1146001	[5035]	:	time Target is 1146001
1146297	[296]	:	Key	71	DOWN	at	1146296 
1151340	[5043]	:	time Target is 1151340
1156663	[5323]	:	time Target is 1156663
1161988	[5325]	:	time Target is 1161988
1162902	[914]	:	Key	71	DOWN	at	1162901 
1167329	[4427]	:	time Target is 1167329
1172653	[5324]	:	time Target is 1172653
1172981	[328]	:	Key	71	DOWN	at	1172980 
1177991	[5010]	:	time Target is 1177991
1183315	[5324]	:	time Target is 1183315
1188634	[5319]	:	time Target is 1188634
1193954	[5320]	:	time Target is 1193954
1199286	[5332]	:	time Target is 1199286
1204607	[5321]	:	time Target is 1204607
1205833	[1226]	:	Key	71	DOWN	at	1205833 
1209948	[4115]	:	time Target is 1209948
1215274	[5326]	:	time Target is 1215274
1215656	[382]	:	Key	71	DOWN	at	1215656 
1220627	[4971]	:	time Target is 1220627
1225943	[5316]	:	time Target is 1225943
1231259	[5316]	:	time Target is 1231259
1236591	[5332]	:	time Target is 1236591
1241911	[5320]	:	time Target is 1241911
1242216	[305]	:	Key	71	DOWN	at	1242215 
1247248	[5032]	:	time Target is 1247248
1252568	[5320]	:	time Target is 1252568
1257890	[5322]	:	time Target is 1257890
1263216	[5326]	:	time Target is 1263216
1263622	[406]	:	Key	71	DOWN	at	1263622 
1268551	[4929]	:	time Target is 1268551
1273882	[5331]	:	time Target is 1273882
1274201	[319]	:	Key	71	DOWN	at	1274200 
1279217	[5016]	:	time Target is 1279217
1312710	[33493]	:	Key	71	DOWN	at	1312710 
1312789	[79]	:	Key	71	UP	at	1312788 
1452568	[139779]	:	Key	71	DOWN	at	1452567 
1453361	[793]	:	Key	71	UP	at	1452663 
1453632	[271]	:	time Target is 1453632
1455016	[1384]	:	Key	71	DOWN	at	1455016 
1458969	[3953]	:	time Target is 1458969
1459301	[332]	:	Key	71	DOWN	at	1459301 
1464302	[5001]	:	time Target is 1464302
1464617	[315]	:	Key	71	DOWN	at	1464617 
1469381	[4764]	:	Key	71	DOWN	at	1469030 
1469384	[3]	:	Key	71	UP	at	1469207 
1472216	[2832]	:	time Target is 1472216
1472710	[494]	:	Key	71	DOWN	at	1472709 
1477556	[4846]	:	time Target is 1477556
1482878	[5322]	:	time Target is 1482878
1483445	[567]	:	Key	71	DOWN	at	1483445 
1488216	[4771]	:	time Target is 1488216
1488611	[395]	:	Key	71	DOWN	at	1488611 
1493559	[4948]	:	time Target is 1493559
1493865	[306]	:	Key	71	DOWN	at	1493865 
1498898	[5033]	:	time Target is 1498898
1504215	[5317]	:	time Target is 1504215
1504474	[259]	:	Key	71	DOWN	at	1504473 
1509565	[5091]	:	time Target is 1509565
1514892	[5327]	:	time Target is 1514892
1515685	[793]	:	Key	71	DOWN	at	1515685 
1520227	[4542]	:	time Target is 1520227
1520392	[165]	:	Key	71	DOWN	at	1520391 
1525574	[5182]	:	time Target is 1525574
1530899	[5325]	:	time Target is 1530899
1531112	[213]	:	Key	71	DOWN	at	1531111 
1536236	[5124]	:	time Target is 1536236
1541562	[5326]	:	time Target is 1541562
1546886	[5324]	:	time Target is 1546886
1547157	[271]	:	Key	71	DOWN	at	1547157 
1552219	[5062]	:	time Target is 1552219
1552469	[250]	:	Key	71	DOWN	at	1552469 
1557558	[5089]	:	time Target is 1557558
1562884	[5326]	:	time Target is 1562884
1568209	[5325]	:	time Target is 1568209
1573519	[5310]	:	time Target is 1573519
1573830	[311]	:	Key	71	DOWN	at	1573829 
1578865	[5035]	:	time Target is 1578865
1584185	[5320]	:	time Target is 1584185
1584488	[303]	:	Key	71	DOWN	at	1584488 
1589521	[5033]	:	time Target is 1589521
1594852	[5331]	:	time Target is 1594852
1595011	[159]	:	Key	71	DOWN	at	1595011 
1600191	[5180]	:	time Target is 1600191
1600438	[247]	:	Key	71	DOWN	at	1600438 
1605530	[5092]	:	time Target is 1605530
1605783	[253]	:	Key	71	DOWN	at	1605783 
1610875	[5092]	:	time Target is 1610875
1616201	[5326]	:	time Target is 1616201
1616505	[304]	:	Key	71	DOWN	at	1616504 
1621544	[5039]	:	time Target is 1621544
1626877	[5333]	:	time Target is 1626877
1632196	[5319]	:	time Target is 1632196
1632521	[325]	:	Key	71	DOWN	at	1632521 
1637538	[5017]	:	time Target is 1637538
1637876	[338]	:	Key	71	DOWN	at	1637876 
1642872	[4996]	:	time Target is 1642872
1647932	[5060]	:	Key	71	DOWN	at	1647829 
1647933	[1]	:	Key	71	UP	at	1647923 
1650752	[2819]	:	time Target is 1650752
1656076	[5324]	:	time Target is 1656076
1656596	[520]	:	Key	71	DOWN	at	1656596 
1661403	[4807]	:	time Target is 1661403
1666726	[5323]	:	time Target is 1666726
1667092	[366]	:	Key	71	DOWN	at	1667092 
1672065	[4973]	:	time Target is 1672065
1677389	[5324]	:	time Target is 1677389
1678165	[776]	:	Key	71	DOWN	at	1678165 
1682731	[4566]	:	time Target is 1682731
1688050	[5319]	:	time Target is 1688050
1693372	[5322]	:	time Target is 1693372
1693944	[572]	:	Key	71	DOWN	at	1693943 
1698701	[4757]	:	time Target is 1698701
1704028	[5327]	:	time Target is 1704028
1709348	[5320]	:	time Target is 1709348
1714667	[5319]	:	time Target is 1714667
1714969	[302]	:	Key	71	DOWN	at	1714968 
1720007	[5038]	:	time Target is 1720007
1720309	[302]	:	Key	71	DOWN	at	1720308 
1725342	[5033]	:	time Target is 1725342
1730670	[5328]	:	time Target is 1730670
1730963	[293]	:	Key	71	DOWN	at	1730963 
1736017	[5054]	:	time Target is 1736017
1741340	[5323]	:	time Target is 1741340
1746662	[5322]	:	time Target is 1746662
1747046	[384]	:	Key	71	DOWN	at	1747046 
1751999	[4953]	:	time Target is 1751999
1757317	[5318]	:	time Target is 1757317
1757592	[275]	:	Key	71	DOWN	at	1757591 
1762650	[5058]	:	time Target is 1762650
1767970	[5320]	:	time Target is 1767970
1768279	[309]	:	Key	71	DOWN	at	1768279 
1773307	[5028]	:	time Target is 1773307
1778629	[5322]	:	time Target is 1778629
1778983	[354]	:	Key	71	DOWN	at	1778982 
1783969	[4986]	:	time Target is 1783969
1789301	[5332]	:	time Target is 1789301
1789573	[272]	:	Key	71	DOWN	at	1789572 
1794640	[5067]	:	time Target is 1794640
1794903	[263]	:	Key	71	DOWN	at	1794902 
1799977	[5074]	:	time Target is 1799977
1800293	[316]	:	Key	71	DOWN	at	1800292 
1805317	[5024]	:	time Target is 1805317
1805785	[468]	:	Key	71	DOWN	at	1805784 
1810660	[4875]	:	time Target is 1810660
1810900	[240]	:	Key	71	DOWN	at	1810900 
1815999	[5099]	:	time Target is 1815999
1816328	[329]	:	Key	71	DOWN	at	1816328 
1821344	[5016]	:	time Target is 1821344
1826668	[5324]	:	time Target is 1826668
1831991	[5323]	:	time Target is 1831991
1832294	[303]	:	Key	71	DOWN	at	1832293 
1837328	[5034]	:	time Target is 1837328
1842653	[5325]	:	time Target is 1842653
1847981	[5328]	:	time Target is 1847981
1853305	[5324]	:	time Target is 1853305
1853716	[411]	:	Key	71	DOWN	at	1853716 
1858644	[4928]	:	time Target is 1858644
1863965	[5321]	:	time Target is 1863965
1864599	[634]	:	Key	71	DOWN	at	1864598 
1869313	[4714]	:	time Target is 1869313
1874634	[5321]	:	time Target is 1874634
1874918	[284]	:	Key	71	DOWN	at	1874917 
1879971	[5053]	:	time Target is 1879971
1881127	[1156]	:	Key	71	DOWN	at	1881126 
1885313	[4186]	:	time Target is 1885313
1890639	[5326]	:	time Target is 1890639
1891109	[470]	:	Key	71	DOWN	at	1891109 
1895972	[4863]	:	time Target is 1895972
1896275	[303]	:	Key	71	DOWN	at	1896275 
1901311	[5036]	:	time Target is 1901311
1901651	[340]	:	Key	71	DOWN	at	1901650 
1906653	[5002]	:	time Target is 1906653
1911970	[5317]	:	time Target is 1911970
1917293	[5323]	:	time Target is 1917293
1917591	[298]	:	Key	71	DOWN	at	1917590 
1922632	[5041]	:	time Target is 1922632
1922968	[336]	:	Key	71	DOWN	at	1922967 
1926939	[3971]	:	Key	71	UP	at	1923095 
1928214	[1275]	:	Key	71	DOWN	at	1928213 
1928999	[785]	:	Key	71	UP	at	1928309 
1929267	[268]	:	time Target is 1929267
1929655	[388]	:	Key	71	DOWN	at	1929655 
1934607	[4952]	:	time Target is 1934607
1939940	[5333]	:	time Target is 1939940
1940183	[243]	:	Key	71	DOWN	at	1940182 
1945282	[5099]	:	time Target is 1945282
1945560	[278]	:	Key	71	DOWN	at	1945559 
1950620	[5060]	:	time Target is 1950620
1950901	[281]	:	Key	71	DOWN	at	1950901 
1955963	[5062]	:	time Target is 1955963
1956311	[348]	:	Key	71	DOWN	at	1956311 
1961298	[4987]	:	time Target is 1961298
1966625	[5327]	:	time Target is 1966625
1966916	[291]	:	Key	71	DOWN	at	1966915 
1971962	[5046]	:	time Target is 1971962
1972515	[553]	:	Key	71	DOWN	at	1972515 
1977300	[4785]	:	time Target is 1977300
1977593	[293]	:	Key	71	DOWN	at	1977592 
1982642	[5049]	:	time Target is 1982642
1982918	[276]	:	Key	71	DOWN	at	1982918 
1987979	[5061]	:	time Target is 1987979
1988712	[733]	:	Key	71	DOWN	at	1988712 
1993313	[4601]	:	time Target is 1993313
1998641	[5328]	:	time Target is 1998641
1998998	[357]	:	Key	71	DOWN	at	1998998 
2003975	[4977]	:	time Target is 2003975
2009292	[5317]	:	time Target is 2009292
2009637	[345]	:	Key	71	DOWN	at	2009636 
2014634	[4997]	:	time Target is 2014634
2019957	[5323]	:	time Target is 2019957
2020275	[318]	:	Key	71	DOWN	at	2020274 
2025299	[5024]	:	time Target is 2025299
2030627	[5328]	:	time Target is 2030627
2035948	[5321]	:	time Target is 2035948
2041276	[5328]	:	time Target is 2041276
2041622	[346]	:	Key	71	DOWN	at	2041621 
2046617	[4995]	:	time Target is 2046617
2051935	[5318]	:	time Target is 2051935
2052228	[293]	:	Key	71	DOWN	at	2052228 
2057275	[5047]	:	time Target is 2057275
2057608	[333]	:	Key	71	DOWN	at	2057607 
2062608	[5000]	:	time Target is 2062608
2067922	[5314]	:	time Target is 2067922
2068263	[341]	:	Key	71	DOWN	at	2068262 
2073252	[4989]	:	time Target is 2073252
2078571	[5319]	:	time Target is 2078571
2083900	[5329]	:	time Target is 2083900
2089221	[5321]	:	time Target is 2089221
2094541	[5320]	:	time Target is 2094541
2099869	[5328]	:	time Target is 2099869
2105191	[5322]	:	time Target is 2105191
2110515	[5324]	:	time Target is 2110515
2115837	[5322]	:	time Target is 2115837
2121162	[5325]	:	time Target is 2121162
2126483	[5321]	:	time Target is 2126483
2131816	[5333]	:	time Target is 2131816
2137142	[5326]	:	time Target is 2137142
2137430	[288]	:	Key	71	DOWN	at	2137429 
2142483	[5053]	:	time Target is 2142483
2147800	[5317]	:	time Target is 2147800
2153125	[5325]	:	time Target is 2153125
2158446	[5321]	:	time Target is 2158446
2158866	[420]	:	Key	71	DOWN	at	2158866 
2163784	[4918]	:	time Target is 2163784
2164291	[507]	:	Key	71	DOWN	at	2164291 
2169158	[4867]	:	time Target is 2169158
2169556	[398]	:	Key	71	DOWN	at	2169556 
2174509	[4953]	:	time Target is 2174509
2174934	[425]	:	Key	71	DOWN	at	2174934 
2179845	[4911]	:	time Target is 2179845
2180163	[318]	:	Key	1	UP	at	2180163 
2180200	[37]	:	Key	71	DOWN	at	2180199 
2185180	[4980]	:	time Target is 2185180
2190507	[5327]	:	time Target is 2190507
2195830	[5323]	:	time Target is 2195830
2201153	[5323]	:	time Target is 2201153
2201960	[807]	:	Key	1	UP	at	2201959 
2201970	[10]	:	Key	71	DOWN	at	2201970 
2206496	[4526]	:	time Target is 2206496
2206788	[292]	:	Key	71	DOWN	at	2206787 
2211837	[5049]	:	time Target is 2211837
2212101	[264]	:	Key	71	DOWN	at	2212101 
2217178	[5077]	:	time Target is 2217178
2217479	[301]	:	Key	71	DOWN	at	2217479 
2222507	[5028]	:	time Target is 2222507
2227827	[5320]	:	time Target is 2227827
2228243	[416]	:	Key	71	DOWN	at	2228243 
2233165	[4922]	:	time Target is 2233165
2238489	[5324]	:	time Target is 2238489
2239350	[861]	:	Key	71	DOWN	at	2239349 
2243828	[4478]	:	time Target is 2243828
2249161	[5333]	:	time Target is 2249161
2254487	[5326]	:	time Target is 2254487
2259811	[5324]	:	time Target is 2259811
2260440	[629]	:	Key	71	DOWN	at	2260439 
2265149	[4709]	:	time Target is 2265149
2265445	[296]	:	Key	71	DOWN	at	2265445 
2270482	[5037]	:	time Target is 2270482
2270850	[368]	:	Key	71	DOWN	at	2270850 
2275820	[4970]	:	time Target is 2275820
2276150	[330]	:	Key	71	DOWN	at	2276150 
2281163	[5013]	:	time Target is 2281163
2286486	[5323]	:	time Target is 2286486
2291799	[5313]	:	time Target is 2291799
2297125	[5326]	:	time Target is 2297125
2297507	[382]	:	Key	71	DOWN	at	2297506 
2302468	[4961]	:	time Target is 2302468
2302740	[272]	:	Key	71	DOWN	at	2302739 
2307802	[5062]	:	time Target is 2307802
2307878	[76]	:	Key	71	DOWN	at	2307878 
2313133	[5255]	:	time Target is 2313133
2318456	[5323]	:	time Target is 2318456
2318709	[253]	:	Key	71	DOWN	at	2318709 
2323793	[5084]	:	time Target is 2323793
2329117	[5324]	:	time Target is 2329117
2334451	[5334]	:	time Target is 2334451
2339774	[5323]	:	time Target is 2339774
2345093	[5319]	:	time Target is 2345093
2346070	[977]	:	Key	71	DOWN	at	2346070 
2350438	[4368]	:	time Target is 2350438
2355761	[5323]	:	time Target is 2355761
2356099	[338]	:	Key	71	DOWN	at	2356098 
2361105	[5006]	:	time Target is 2361105
2361668	[563]	:	Key	71	DOWN	at	2361668 
2366448	[4780]	:	time Target is 2366448
2366741	[293]	:	Key	71	DOWN	at	2366740 
2371788	[5047]	:	time Target is 2371788
2372067	[279]	:	Key	71	DOWN	at	2372067 
2377125	[5058]	:	time Target is 2377125
2382448	[5323]	:	time Target is 2382448
2382709	[261]	:	Key	71	DOWN	at	2382708 
2387784	[5075]	:	time Target is 2387784
2388055	[271]	:	Key	71	DOWN	at	2388055 
2393116	[5061]	:	time Target is 2393116
2398447	[5331]	:	time Target is 2398447
2398981	[534]	:	Key	71	DOWN	at	2398981 
2403786	[4805]	:	time Target is 2403786
2404099	[313]	:	Key	71	DOWN	at	2404099 
2408092	[3993]	:	Key	71	UP	at	2404262 
2416739	[8647]	:	Key	71	DOWN	at	2416738 
2416821	[82]	:	Key	71	UP	at	2416821 
2424392	[7571]	:	Key	77	DOWN	at	2424391 
2424519	[127]	:	Key	77	UP	at	2424518 
2425303	[784]	:	Key	29	DOWN	at	2425302 
2425383	[80]	:	Key	29	UP	at	2425382 
2429558	[4175]	:	Key	28	DOWN	at	2429558 
2429683	[125]	:	Key	28	UP	at	2429683 
2433347	[3664]	:	Key	28	DOWN	at	2433347 
2433462	[115]	:	Key	28	UP	at	2433462 
2435268	[1806]	:	Key	28	DOWN	at	2435268 
2435411	[143]	:	Key	28	UP	at	2435411 
2438083	[2672]	:	Key	28	DOWN	at	2438083 
2438198	[115]	:	Key	28	UP	at	2438198 
2439815	[1617]	:	Key	29	DOWN	at	2439814 
2439906	[91]	:	Key	29	UP	at	2439906 
2443042	[3136]	:	Key	29	DOWN	at	2443042 
2443139	[97]	:	Key	29	UP	at	2443139 
2445621	[2482]	:	Key	29	DOWN	at	2445621 
2445715	[94]	:	Key	29	UP	at	2445715 
2450886	[5171]	:	Key	29	DOWN	at	2450886 
2450997	[111]	:	Key	29	UP	at	2450997 
2452388	[1391]	:	Key	29	DOWN	at	2452387 
2452482	[94]	:	Key	29	UP	at	2452482 
2454854	[2372]	:	Key	28	DOWN	at	2454854 
2454993	[139]	:	Key	28	UP	at	2454993 
2456741	[1748]	:	Key	28	DOWN	at	2456740 
2456835	[94]	:	Key	28	UP	at	2456835 
2459893	[3058]	:	Key	29	DOWN	at	2459893 
2460020	[127]	:	Key	29	UP	at	2460019 
2461094	[1074]	:	Key	28	DOWN	at	2461094 
2461188	[94]	:	Key	28	UP	at	2461187 
2464706	[3518]	:	Key	28	DOWN	at	2464706 
2464791	[85]	:	Key	28	UP	at	2464791 
2466054	[1263]	:	Key	29	DOWN	at	2466053 
2466148	[94]	:	COGENT STOP
