Cog2000 log file Mon Oct 21 15:46:07 2019
gprim v1.33 Compiled:Aug 12 2015 (GLib DirectDraw v7 DX12.0 Compiled:Aug 12 2015)
Display:1024x768x32 59.95Hz
Attaching C:\Program Files\Cogent2000v1.33\Toolbox\CogInput.mexw64
CogInput v1.05 Compiled: May 20 2010
7	[7]	:	COGENT START
13100	[13093]	:	Key	71	DOWN	at	13095   
13175	[75]	:	Key	71	UP	at	13174   
31065	[17890]	:	Key	71	DOWN	at	31063   
31127	[62]	:	Key	71	UP	at	31126   
35448	[4321]	:	Key	71	DOWN	at	35445   
35526	[78]	:	Key	71	UP	at	35526   
45973	[10447]	:	Key	71	DOWN	at	45973   
46073	[100]	:	Key	71	UP	at	46072   
60468	[14395]	:	Key	71	DOWN	at	60467   
60598	[130]	:	Key	71	UP	at	60597   
79461	[18863]	:	Key	71	DOWN	at	79461   
80464	[1003]	:	time Target is 80394
80465	[1]	:	Key	71	DOWN	at	80455   
80549	[84]	:	Key	71	UP	at	80549   
81269	[720]	:	Key	71	DOWN	at	81269   
86545	[5276]	:	time Target is 86544
86948	[403]	:	Key	71	DOWN	at	86948   
92650	[5702]	:	time Target is 92649
93047	[397]	:	Key	71	DOWN	at	93047   
98752	[5705]	:	Key	71	DOWN	at	98743   
100596	[1844]	:	time Target is 100595
101126	[530]	:	Key	71	DOWN	at	101126  
108997	[7871]	:	Key	71	DOWN	at	108997  
110096	[1099]	:	time Target is 110080
116444	[6348]	:	time Target is 116443
122770	[6326]	:	time Target is 122770
129103	[6333]	:	time Target is 129102
149318	[20215]	:	Key	71	DOWN	at	149318  
149364	[46]	:	Key	71	UP	at	149363  
153844	[4480]	:	Key	71	DOWN	at	153843  
153894	[50]	:	Key	71	UP	at	153894  
159365	[5471]	:	Key	71	DOWN	at	159364  
159479	[114]	:	Key	71	UP	at	159479  
190198	[30719]	:	Key	71	DOWN	at	190198  
190308	[110]	:	Key	71	UP	at	190308  
193926	[3618]	:	Key	71	DOWN	at	193926  
194822	[896]	:	time Target is 194822
194932	[110]	:	Key	71	DOWN	at	194931  
199902	[4970]	:	Key	71	DOWN	at	199877  
202480	[2578]	:	time Target is 202480
202887	[407]	:	Key	71	DOWN	at	202886  
207580	[4693]	:	time Target is 207580
208024	[444]	:	Key	71	DOWN	at	208024  
212682	[4658]	:	time Target is 212681
213048	[366]	:	Key	71	DOWN	at	213048  
216990	[3942]	:	Key	71	UP	at	213125  
218855	[1865]	:	Key	71	DOWN	at	218855  
219641	[786]	:	Key	71	UP	at	218901  
219666	[25]	:	time Target is 219666
230214	[10548]	:	Key	71	DOWN	at	230213  
230295	[81]	:	Key	71	UP	at	230295  
232983	[2688]	:	Key	71	DOWN	at	232982  
233774	[791]	:	Key	71	UP	at	233075  
233800	[26]	:	time Target is 233798
238876	[5076]	:	time Target is 238876
243957	[5081]	:	time Target is 243956
249028	[5071]	:	time Target is 249028
254105	[5077]	:	time Target is 254105
259180	[5075]	:	time Target is 259180
265718	[6538]	:	Key	71	DOWN	at	265718  
266509	[791]	:	Key	71	UP	at	265799  
266533	[24]	:	time Target is 266533
267092	[559]	:	Key	71	DOWN	at	267091  
270838	[3746]	:	Key	71	UP	at	267171  
303700	[32862]	:	Key	71	DOWN	at	303699  
303764	[64]	:	Key	71	UP	at	303763  
308228	[4464]	:	Key	71	DOWN	at	308228  
309019	[791]	:	Key	71	UP	at	308292  
309041	[22]	:	time Target is 309040
309507	[466]	:	Key	71	DOWN	at	309507  
314130	[4623]	:	time Target is 314130
319206	[5076]	:	time Target is 319206
319558	[352]	:	Key	71	DOWN	at	319558  
324296	[4738]	:	time Target is 324296
324792	[496]	:	Key	71	DOWN	at	324791  
328595	[3803]	:	Key	71	UP	at	324915  
336535	[7940]	:	Key	71	DOWN	at	336535  
336611	[76]	:	Key	71	UP	at	336611  
338213	[1602]	:	Key	71	DOWN	at	338212  
339004	[791]	:	Key	71	UP	at	338292  
339029	[25]	:	time Target is 339028
339511	[482]	:	Key	71	DOWN	at	339510  
344117	[4606]	:	time Target is 344116
349187	[5070]	:	time Target is 349187
354263	[5076]	:	time Target is 354263
365271	[11008]	:	Key	71	DOWN	at	365269  
365363	[92]	:	Key	71	UP	at	365363  
380071	[14708]	:	Key	71	DOWN	at	380071  
380165	[94]	:	Key	71	UP	at	380165  
392472	[12307]	:	Key	71	DOWN	at	392472  
392568	[96]	:	Key	71	UP	at	392568  
403717	[11149]	:	Key	71	DOWN	at	403716  
403828	[111]	:	Key	71	UP	at	403828  
407684	[3856]	:	Key	71	DOWN	at	407683  
410271	[2587]	:	Key	71	DOWN	at	410085  
410272	[1]	:	Key	71	UP	at	410197  
413089	[2817]	:	time Target is 413089
413560	[471]	:	Key	71	DOWN	at	413559  
418433	[4873]	:	time Target is 418433
423774	[5341]	:	time Target is 423774
424182	[408]	:	Key	71	DOWN	at	424182  
429131	[4949]	:	time Target is 429130
429763	[632]	:	Key	71	DOWN	at	429763  
434489	[4726]	:	time Target is 434489
439821	[5332]	:	time Target is 439821
440182	[361]	:	Key	71	DOWN	at	440182  
445161	[4979]	:	time Target is 445161
450482	[5321]	:	time Target is 450482
455806	[5324]	:	time Target is 455806
456487	[681]	:	Key	71	DOWN	at	456487  
461145	[4658]	:	time Target is 461145
466463	[5318]	:	time Target is 466463
466823	[360]	:	Key	71	DOWN	at	466823  
471798	[4975]	:	time Target is 471798
477117	[5319]	:	time Target is 477117
482443	[5326]	:	time Target is 482443
487774	[5331]	:	time Target is 487774
493096	[5322]	:	time Target is 493096
493479	[383]	:	Key	71	DOWN	at	493479  
498432	[4953]	:	time Target is 498432
503754	[5322]	:	time Target is 503754
504884	[1130]	:	Key	71	DOWN	at	504884  
509091	[4207]	:	time Target is 509091
509555	[464]	:	Key	71	DOWN	at	509555  
514428	[4873]	:	time Target is 514428
519745	[5317]	:	time Target is 519745
525071	[5326]	:	time Target is 525071
525368	[297]	:	Key	71	DOWN	at	525367  
530407	[5039]	:	time Target is 530407
535730	[5323]	:	time Target is 535730
541050	[5320]	:	time Target is 541050
541351	[301]	:	Key	71	DOWN	at	541349  
546388	[5037]	:	time Target is 546388
551713	[5325]	:	time Target is 551713
552372	[659]	:	Key	71	DOWN	at	552372  
557059	[4687]	:	time Target is 557059
557415	[356]	:	Key	71	DOWN	at	557415  
562390	[4975]	:	time Target is 562390
562823	[433]	:	Key	71	DOWN	at	562823  
567728	[4905]	:	time Target is 567728
568198	[470]	:	Key	71	DOWN	at	568198  
573064	[4866]	:	time Target is 573064
573413	[349]	:	Key	71	DOWN	at	573412  
578403	[4990]	:	time Target is 578403
583722	[5319]	:	time Target is 583722
589040	[5318]	:	time Target is 589040
594359	[5319]	:	time Target is 594359
599686	[5327]	:	time Target is 599686
600855	[1169]	:	Key	71	DOWN	at	600855  
605023	[4168]	:	time Target is 605023
610346	[5323]	:	time Target is 610346
610754	[408]	:	Key	71	DOWN	at	610754  
615684	[4930]	:	time Target is 615684
621001	[5317]	:	time Target is 621001
626319	[5318]	:	time Target is 626319
631643	[5324]	:	time Target is 631643
636966	[5323]	:	time Target is 636966
642288	[5322]	:	time Target is 642288
642596	[308]	:	Key	71	DOWN	at	642596  
647631	[5035]	:	time Target is 647631
652952	[5321]	:	time Target is 652952
658270	[5318]	:	time Target is 658270
663587	[5317]	:	time Target is 663587
663911	[324]	:	Key	71	DOWN	at	663910  
668933	[5022]	:	time Target is 668933
674252	[5319]	:	time Target is 674252
674579	[327]	:	Key	71	DOWN	at	674578  
679593	[5014]	:	time Target is 679593
684915	[5322]	:	time Target is 684915
690234	[5319]	:	time Target is 690234
690549	[315]	:	Key	71	DOWN	at	690549  
695564	[5015]	:	time Target is 695564
695858	[294]	:	Key	71	DOWN	at	695858  
700893	[5035]	:	time Target is 700893
706210	[5317]	:	Key	71	DOWN	at	706195  
709025	[2815]	:	time Target is 709025
709430	[405]	:	Key	71	DOWN	at	709430  
714367	[4937]	:	time Target is 714367
714854	[487]	:	Key	71	DOWN	at	714853  
719711	[4857]	:	time Target is 719711
720022	[311]	:	Key	71	DOWN	at	720021  
725066	[5044]	:	time Target is 725066
730388	[5322]	:	time Target is 730388
730931	[543]	:	Key	71	DOWN	at	730930  
735722	[4791]	:	time Target is 735722
736055	[333]	:	Key	71	DOWN	at	736055  
741059	[5004]	:	time Target is 741059
746381	[5322]	:	time Target is 746381
751701	[5320]	:	time Target is 751701
752194	[493]	:	Key	71	DOWN	at	752194  
757037	[4843]	:	time Target is 757037
757443	[406]	:	Key	71	DOWN	at	757442  
762378	[4935]	:	time Target is 762378
767695	[5317]	:	time Target is 767695
768324	[629]	:	Key	71	DOWN	at	768322  
773027	[4703]	:	time Target is 773027
773461	[434]	:	Key	71	DOWN	at	773460  
778367	[4906]	:	time Target is 778367
779187	[820]	:	Key	71	DOWN	at	779187  
783702	[4515]	:	time Target is 783702
789022	[5320]	:	time Target is 789022
794339	[5317]	:	time Target is 794339
799662	[5323]	:	time Target is 799662
800068	[406]	:	Key	71	DOWN	at	800067  
804992	[4924]	:	time Target is 804992
810318	[5326]	:	time Target is 810318
815636	[5318]	:	time Target is 815636
820957	[5321]	:	time Target is 820957
826278	[5321]	:	time Target is 826278
826708	[430]	:	Key	71	DOWN	at	826707  
831618	[4910]	:	time Target is 831618
836942	[5324]	:	time Target is 836942
842264	[5322]	:	time Target is 842264
847583	[5319]	:	time Target is 847583
852902	[5319]	:	time Target is 852902
854132	[1230]	:	Key	71	DOWN	at	854131  
858232	[4100]	:	time Target is 858232
858675	[443]	:	Key	71	DOWN	at	858674  
863573	[4898]	:	time Target is 863573
863926	[353]	:	Key	71	DOWN	at	863926  
868910	[4984]	:	time Target is 868910
874238	[5328]	:	time Target is 874238
874885	[647]	:	Key	71	DOWN	at	874885  
879570	[4685]	:	time Target is 879570
880133	[563]	:	Key	71	DOWN	at	880132  
883874	[3741]	:	Key	71	UP	at	880262  
896228	[12354]	:	Key	71	DOWN	at	896228  
897011	[783]	:	Key	71	UP	at	896295  
897281	[270]	:	time Target is 897281
898055	[774]	:	Key	71	DOWN	at	898054  
902621	[4566]	:	time Target is 902621
903064	[443]	:	Key	71	DOWN	at	903063  
907963	[4899]	:	time Target is 907963
913288	[5325]	:	time Target is 913288
918610	[5322]	:	time Target is 918610
923931	[5321]	:	time Target is 923931
924166	[235]	:	Key	71	DOWN	at	924165  
929270	[5104]	:	time Target is 929270
929763	[493]	:	Key	71	DOWN	at	929762  
934609	[4846]	:	time Target is 934609
939939	[5330]	:	time Target is 939939
940216	[277]	:	Key	71	DOWN	at	940215  
945279	[5063]	:	time Target is 945279
945975	[696]	:	Key	71	DOWN	at	945974  
950624	[4649]	:	time Target is 950624
951075	[451]	:	Key	71	DOWN	at	951074  
955958	[4883]	:	time Target is 955958
956228	[270]	:	Key	71	DOWN	at	956227  
961295	[5067]	:	time Target is 961295
966624	[5329]	:	time Target is 966624
967575	[951]	:	Key	71	DOWN	at	967573  
971962	[4387]	:	time Target is 971962
972230	[268]	:	Key	71	DOWN	at	972229  
977333	[5103]	:	time Target is 977333
982656	[5323]	:	time Target is 982656
988003	[5347]	:	time Target is 988003
988807	[804]	:	Key	71	DOWN	at	988806  
993344	[4537]	:	time Target is 993344
998671	[5327]	:	time Target is 998671
1003990	[5319]	:	time Target is 1003990
1009315	[5325]	:	time Target is 1009315
1014635	[5320]	:	time Target is 1014635
1015573	[938]	:	Key	71	DOWN	at	1015573 
1019979	[4406]	:	time Target is 1019979
1025295	[5316]	:	time Target is 1025295
1030613	[5318]	:	time Target is 1030613
1035936	[5323]	:	time Target is 1035936
1041262	[5326]	:	time Target is 1041262
1041587	[325]	:	Key	71	DOWN	at	1041587 
1046596	[5009]	:	time Target is 1046596
1051916	[5320]	:	time Target is 1051916
1052166	[250]	:	Key	71	DOWN	at	1052166 
1057259	[5093]	:	time Target is 1057259
1057670	[411]	:	Key	71	DOWN	at	1057669 
1062595	[4925]	:	time Target is 1062595
1063847	[1252]	:	Key	71	DOWN	at	1063847 
1067931	[4084]	:	time Target is 1067931
1073259	[5328]	:	time Target is 1073259
1073731	[472]	:	Key	71	DOWN	at	1073730 
1078598	[4867]	:	time Target is 1078598
1083919	[5321]	:	time Target is 1083919
1089240	[5321]	:	time Target is 1089240
1089975	[735]	:	Key	71	DOWN	at	1089975 
1094575	[4600]	:	time Target is 1094575
1095860	[1285]	:	Key	71	DOWN	at	1095860 
1099961	[4101]	:	time Target is 1099961
1100804	[843]	:	Key	71	DOWN	at	1100803 
1105299	[4495]	:	time Target is 1105299
1105556	[257]	:	Key	71	DOWN	at	1105556 
1110639	[5083]	:	time Target is 1110639
1110883	[244]	:	Key	71	DOWN	at	1110883 
1115976	[5093]	:	time Target is 1115976
1116308	[332]	:	Key	71	DOWN	at	1116307 
1121321	[5013]	:	time Target is 1121321
1121605	[284]	:	Key	71	DOWN	at	1121605 
1126675	[5070]	:	time Target is 1126675
1126951	[276]	:	Key	71	DOWN	at	1126950 
1132011	[5060]	:	time Target is 1132011
1137338	[5327]	:	time Target is 1137338
1137588	[250]	:	Key	71	DOWN	at	1137587 
1142698	[5110]	:	time Target is 1142698
1148019	[5321]	:	time Target is 1148019
1153337	[5318]	:	time Target is 1153337
1153798	[461]	:	Key	71	DOWN	at	1153798 
1158667	[4869]	:	time Target is 1158667
1159016	[349]	:	Key	71	DOWN	at	1159015 
1164003	[4987]	:	time Target is 1164003
1169319	[5316]	:	time Target is 1169319
1174630	[5311]	:	time Target is 1174630
1179953	[5323]	:	time Target is 1179953
1185273	[5320]	:	time Target is 1185273
1190598	[5325]	:	time Target is 1190598
1195921	[5323]	:	time Target is 1195921
1201242	[5321]	:	time Target is 1201242
1202712	[1470]	:	Key	71	DOWN	at	1202711 
1206580	[3868]	:	time Target is 1206580
1211900	[5320]	:	time Target is 1211900
1212564	[664]	:	Key	71	DOWN	at	1212564 
1217238	[4674]	:	time Target is 1217238
1217637	[399]	:	Key	71	DOWN	at	1217636 
1222575	[4938]	:	time Target is 1222575
1222834	[259]	:	Key	71	DOWN	at	1222834 
1227640	[4806]	:	Key	71	DOWN	at	1227602 
1230459	[2819]	:	time Target is 1230459
1235783	[5324]	:	time Target is 1235783
1241104	[5321]	:	time Target is 1241104
1242227	[1123]	:	Key	71	DOWN	at	1242226 
1246473	[4246]	:	time Target is 1246473
1247830	[1357]	:	Key	71	DOWN	at	1247830 
1251808	[3978]	:	time Target is 1251808
1257123	[5315]	:	time Target is 1257123
1257523	[400]	:	Key	71	DOWN	at	1257522 
1262458	[4935]	:	time Target is 1262458
1267783	[5325]	:	time Target is 1267783
1273105	[5322]	:	time Target is 1273105
1278432	[5327]	:	time Target is 1278432
1283755	[5323]	:	time Target is 1283755
1284503	[748]	:	Key	71	DOWN	at	1284503 
1289088	[4585]	:	time Target is 1289088
1289959	[871]	:	Key	71	DOWN	at	1289958 
1294424	[4465]	:	time Target is 1294424
1299769	[5345]	:	time Target is 1299769
1305092	[5323]	:	time Target is 1305092
1310413	[5321]	:	time Target is 1310413
1315734	[5321]	:	time Target is 1315734
1321057	[5323]	:	time Target is 1321057
1321975	[918]	:	Key	71	DOWN	at	1321974 
1326392	[4417]	:	time Target is 1326392
1331715	[5323]	:	time Target is 1331715
1332454	[739]	:	Key	71	DOWN	at	1332454 
1337054	[4600]	:	time Target is 1337054
1338438	[1384]	:	Key	71	DOWN	at	1338437 
1342394	[3956]	:	time Target is 1342394
1342645	[251]	:	Key	71	DOWN	at	1342644 
1347726	[5081]	:	time Target is 1347726
1348260	[534]	:	Key	71	DOWN	at	1348259 
1353063	[4803]	:	time Target is 1353063
1358382	[5319]	:	time Target is 1358382
1363704	[5322]	:	time Target is 1363704
1369024	[5320]	:	time Target is 1369024
1369463	[439]	:	Key	71	DOWN	at	1369463 
1373324	[3861]	:	Key	71	UP	at	1369541 
1383796	[10472]	:	Key	71	DOWN	at	1383795 
1383895	[99]	:	Key	71	UP	at	1383894 
1390230	[6335]	:	Key	71	DOWN	at	1390229 
1391032	[802]	:	Key	71	UP	at	1390418 
1391300	[268]	:	time Target is 1391300
1392070	[770]	:	Key	71	DOWN	at	1392070 
1396644	[4574]	:	time Target is 1396644
1396966	[322]	:	Key	71	DOWN	at	1396965 
1401731	[4765]	:	Key	71	DOWN	at	1401569 
1401731	[0]	:	Key	71	UP	at	1401698 
1404283	[2552]	:	Key	71	DOWN	at	1404100 
1404284	[1]	:	Key	71	UP	at	1404213 
1407108	[2824]	:	time Target is 1407108
1407426	[318]	:	Key	71	DOWN	at	1407426 
1412447	[5021]	:	time Target is 1412447
1412773	[326]	:	Key	71	DOWN	at	1412773 
1417790	[5017]	:	time Target is 1417790
1423115	[5325]	:	time Target is 1423115
1428432	[5317]	:	time Target is 1428432
1428803	[371]	:	Key	71	DOWN	at	1428803 
1433772	[4969]	:	time Target is 1433772
1434117	[345]	:	Key	71	DOWN	at	1434117 
1439110	[4993]	:	time Target is 1439110
1439494	[384]	:	Key	71	DOWN	at	1439494 
1444448	[4954]	:	time Target is 1444448
1444867	[419]	:	Key	71	DOWN	at	1444866 
1449786	[4919]	:	time Target is 1449786
1455122	[5336]	:	time Target is 1455122
1455574	[452]	:	Key	71	DOWN	at	1455573 
1460459	[4885]	:	time Target is 1460459
1460964	[505]	:	Key	71	DOWN	at	1460964 
1465800	[4836]	:	time Target is 1465800
1466193	[393]	:	Key	71	DOWN	at	1466193 
1471135	[4942]	:	time Target is 1471135
1476459	[5324]	:	time Target is 1476459
1476787	[328]	:	Key	71	DOWN	at	1476786 
1481798	[5011]	:	time Target is 1481798
1482131	[333]	:	Key	71	DOWN	at	1482130 
1487135	[5004]	:	time Target is 1487135
1487638	[503]	:	Key	71	DOWN	at	1487637 
1492491	[4853]	:	time Target is 1492491
1493012	[521]	:	Key	71	DOWN	at	1493012 
1497825	[4813]	:	time Target is 1497825
1503150	[5325]	:	time Target is 1503150
1503605	[455]	:	Key	71	DOWN	at	1503605 
1508485	[4880]	:	time Target is 1508485
1509253	[768]	:	Key	71	DOWN	at	1509253 
1513820	[4567]	:	time Target is 1513820
1514118	[298]	:	Key	71	DOWN	at	1514118 
1519184	[5066]	:	time Target is 1519184
1519585	[401]	:	Key	71	DOWN	at	1519585 
1524521	[4936]	:	time Target is 1524521
1525154	[633]	:	Key	71	DOWN	at	1525154 
1529856	[4702]	:	time Target is 1529856
1530754	[898]	:	Key	71	DOWN	at	1530753 
1535192	[4438]	:	time Target is 1535192
1535634	[442]	:	Key	71	DOWN	at	1535634 
1540523	[4889]	:	time Target is 1540523
1540805	[282]	:	Key	71	DOWN	at	1540805 
1545861	[5056]	:	time Target is 1545861
1547188	[1327]	:	Key	71	DOWN	at	1547188 
1551197	[4009]	:	time Target is 1551197
1551941	[744]	:	Key	71	DOWN	at	1551940 
1556568	[4627]	:	time Target is 1556568
1557587	[1019]	:	Key	71	DOWN	at	1557587 
1561911	[4324]	:	time Target is 1561911
1563058	[1147]	:	Key	71	DOWN	at	1563057 
1567241	[4183]	:	time Target is 1567241
1568534	[1293]	:	Key	71	DOWN	at	1568534 
1572580	[4046]	:	time Target is 1572580
1573460	[880]	:	Key	71	DOWN	at	1573460 
1577929	[4469]	:	time Target is 1577929
1583273	[5344]	:	time Target is 1583273
1588599	[5326]	:	time Target is 1588599
1589554	[955]	:	Key	71	DOWN	at	1589554 
1593941	[4387]	:	time Target is 1593941
1594371	[430]	:	Key	71	DOWN	at	1594371 
1599278	[4907]	:	time Target is 1599278
1604597	[5319]	:	time Target is 1604597
1609912	[5315]	:	time Target is 1609912
1610326	[414]	:	Key	71	DOWN	at	1610326 
1615249	[4923]	:	time Target is 1615249
1620570	[5321]	:	time Target is 1620570
1621267	[697]	:	Key	71	DOWN	at	1621266 
1625905	[4638]	:	time Target is 1625905
1631228	[5323]	:	time Target is 1631228
1631618	[390]	:	Key	71	DOWN	at	1631617 
1636566	[4948]	:	time Target is 1636566
1641893	[5327]	:	time Target is 1641893
1642244	[351]	:	Key	71	DOWN	at	1642243 
1647231	[4987]	:	time Target is 1647231
1652548	[5317]	:	time Target is 1652548
1652930	[382]	:	Key	71	DOWN	at	1652930 
1657883	[4953]	:	time Target is 1657883
1658356	[473]	:	Key	71	DOWN	at	1658355 
1663217	[4861]	:	time Target is 1663217
1663795	[578]	:	Key	71	DOWN	at	1663795 
1668557	[4762]	:	time Target is 1668557
1668887	[330]	:	Key	71	DOWN	at	1668886 
1673891	[5004]	:	time Target is 1673891
1679218	[5327]	:	time Target is 1679218
1679591	[373]	:	Key	71	DOWN	at	1679590 
1684554	[4963]	:	time Target is 1684554
1684836	[282]	:	Key	71	DOWN	at	1684836 
1689882	[5046]	:	time Target is 1689882
1690324	[442]	:	Key	71	DOWN	at	1690323 
1695220	[4896]	:	time Target is 1695220
1700587	[5367]	:	time Target is 1700587
1705906	[5319]	:	time Target is 1705906
1706306	[400]	:	Key	71	DOWN	at	1706306 
1711239	[4933]	:	time Target is 1711239
1712086	[847]	:	Key	71	DOWN	at	1712085 
1716577	[4491]	:	time Target is 1716577
1716993	[416]	:	Key	71	DOWN	at	1716993 
1721916	[4923]	:	time Target is 1721916
1727234	[5318]	:	time Target is 1727234
1732560	[5326]	:	time Target is 1732560
1732802	[242]	:	Key	71	DOWN	at	1732801 
1737899	[5097]	:	time Target is 1737899
1738546	[647]	:	Key	71	DOWN	at	1738545 
1743234	[4688]	:	time Target is 1743234
1748556	[5322]	:	time Target is 1748556
1753878	[5322]	:	time Target is 1753878
1754178	[300]	:	Key	71	DOWN	at	1754177 
1759219	[5041]	:	time Target is 1759219
1760196	[977]	:	Key	71	DOWN	at	1760196 
1764562	[4366]	:	time Target is 1764562
1769881	[5319]	:	time Target is 1769881
1770214	[333]	:	Key	71	DOWN	at	1770213 
1775221	[5007]	:	time Target is 1775221
1780543	[5322]	:	time Target is 1780543
1780931	[388]	:	Key	71	DOWN	at	1780931 
1785876	[4945]	:	time Target is 1785876
1786193	[317]	:	Key	71	DOWN	at	1786193 
1791220	[5027]	:	time Target is 1791220
1796542	[5322]	:	time Target is 1796542
1796663	[121]	:	Key	71	DOWN	at	1796662 
1801867	[5204]	:	time Target is 1801867
1802388	[521]	:	Key	71	DOWN	at	1802388 
1807196	[4808]	:	time Target is 1807196
1807732	[536]	:	Key	71	DOWN	at	1807732 
1812531	[4799]	:	time Target is 1812531
1817888	[5357]	:	time Target is 1817888
1823210	[5322]	:	time Target is 1823210
1828532	[5322]	:	time Target is 1828532
1828944	[412]	:	Key	71	DOWN	at	1828944 
1833868	[4924]	:	time Target is 1833868
1834436	[568]	:	Key	71	DOWN	at	1834436 
1839207	[4771]	:	time Target is 1839207
1844527	[5320]	:	time Target is 1844527
1849845	[5318]	:	time Target is 1849845
1855163	[5318]	:	time Target is 1855163
1860476	[5313]	:	time Target is 1860476
1932435	[71959]	:	Key	71	DOWN	at	1932434 
1933227	[792]	:	Key	71	UP	at	1932613 
1933496	[269]	:	time Target is 1933496
1938817	[5321]	:	time Target is 1938817
1944138	[5321]	:	time Target is 1944138
1949460	[5322]	:	time Target is 1949460
1949778	[318]	:	Key	71	DOWN	at	1949778 
1954801	[5023]	:	time Target is 1954801
1955619	[818]	:	Key	71	DOWN	at	1955619 
1960184	[4565]	:	time Target is 1960184
1965508	[5324]	:	time Target is 1965508
1970833	[5325]	:	time Target is 1970833
1971890	[1057]	:	Key	71	DOWN	at	1971890 
1976170	[4280]	:	time Target is 1976170
1976819	[649]	:	Key	71	DOWN	at	1976819 
1981503	[4684]	:	time Target is 1981503
1982466	[963]	:	Key	71	DOWN	at	1982466 
1986843	[4377]	:	time Target is 1986843
1992162	[5319]	:	time Target is 1992162
1997487	[5325]	:	time Target is 1997487
1998178	[691]	:	Key	71	DOWN	at	1998177 
2002820	[4642]	:	time Target is 2002820
2003188	[368]	:	Key	71	DOWN	at	2003188 
2008156	[4968]	:	time Target is 2008156
2013477	[5321]	:	time Target is 2013477
2018800	[5323]	:	time Target is 2018800
2019076	[276]	:	Key	71	DOWN	at	2019076 
2024132	[5056]	:	time Target is 2024132
2029465	[5333]	:	time Target is 2029465
2034788	[5323]	:	time Target is 2034788
2035140	[352]	:	Key	71	DOWN	at	2035140 
2040123	[4983]	:	time Target is 2040123
2045446	[5323]	:	time Target is 2045446
2050764	[5318]	:	time Target is 2050764
2056085	[5321]	:	time Target is 2056085
2061396	[5311]	:	time Target is 2061396
2066712	[5316]	:	time Target is 2066712
2067045	[333]	:	Key	71	DOWN	at	2067045 
2072045	[5000]	:	time Target is 2072045
2077366	[5321]	:	time Target is 2077366
2082681	[5315]	:	time Target is 2082681
2083009	[328]	:	Key	71	DOWN	at	2083007 
2088020	[5011]	:	time Target is 2088020
2093335	[5315]	:	time Target is 2093335
2098659	[5324]	:	time Target is 2098659
2099236	[577]	:	Key	71	DOWN	at	2099236 
2103991	[4755]	:	time Target is 2103991
2109313	[5322]	:	time Target is 2109313
2109667	[354]	:	Key	71	DOWN	at	2109666 
2114648	[4981]	:	time Target is 2114648
2115188	[540]	:	Key	71	DOWN	at	2115187 
2119986	[4798]	:	time Target is 2119986
2125309	[5323]	:	time Target is 2125309
2130640	[5331]	:	time Target is 2130640
2135960	[5320]	:	time Target is 2135960
2141283	[5323]	:	time Target is 2141283
2146603	[5320]	:	time Target is 2146603
2151924	[5321]	:	time Target is 2151924
2152242	[318]	:	Key	71	DOWN	at	2152242 
2157276	[5034]	:	time Target is 2157276
2162594	[5318]	:	time Target is 2162594
2167914	[5320]	:	time Target is 2167914
2168358	[444]	:	Key	71	DOWN	at	2168357 
2173247	[4889]	:	time Target is 2173247
2178578	[5331]	:	time Target is 2178578
2178869	[291]	:	Key	71	DOWN	at	2178868 
2183915	[5046]	:	time Target is 2183915
2184387	[472]	:	Key	71	DOWN	at	2184386 
2189254	[4867]	:	time Target is 2189254
2189475	[221]	:	Key	71	DOWN	at	2189475 
2194590	[5115]	:	time Target is 2194590
2199933	[5343]	:	time Target is 2199933
2205258	[5325]	:	time Target is 2205258
2205542	[284]	:	Key	71	DOWN	at	2205542 
2210598	[5056]	:	time Target is 2210598
2210849	[251]	:	Key	71	DOWN	at	2210849 
2215923	[5074]	:	time Target is 2215923
2216276	[353]	:	Key	71	DOWN	at	2216275 
2221263	[4987]	:	time Target is 2221263
2226583	[5320]	:	time Target is 2226583
2231901	[5318]	:	time Target is 2231901
2237221	[5320]	:	time Target is 2237221
2242540	[5319]	:	time Target is 2242540
2247859	[5319]	:	time Target is 2247859
2253180	[5321]	:	time Target is 2253180
2258501	[5321]	:	time Target is 2258501
2263822	[5321]	:	time Target is 2263822
2264066	[244]	:	Key	71	DOWN	at	2264066 
2269157	[5091]	:	time Target is 2269157
2269478	[321]	:	Key	71	DOWN	at	2269477 
2274492	[5014]	:	time Target is 2274492
2279810	[5318]	:	time Target is 2279810
2285129	[5319]	:	time Target is 2285129
2290452	[5323]	:	time Target is 2290452
2295774	[5322]	:	time Target is 2295774
2301098	[5324]	:	time Target is 2301098
2306453	[5355]	:	time Target is 2306453
2306709	[256]	:	Key	71	DOWN	at	2306708 
2311790	[5081]	:	time Target is 2311790
2311875	[85]	:	Key	71	DOWN	at	2311875 
2317131	[5256]	:	time Target is 2317131
2322453	[5322]	:	time Target is 2322453
2327783	[5330]	:	time Target is 2327783
2328160	[377]	:	Key	71	DOWN	at	2328160 
2333114	[4954]	:	time Target is 2333114
2338434	[5320]	:	time Target is 2338434
2343756	[5322]	:	time Target is 2343756
2349078	[5322]	:	time Target is 2349078
2349380	[302]	:	Key	71	DOWN	at	2349380 
2354413	[5033]	:	time Target is 2354413
2359729	[5316]	:	time Target is 2359729
2365050	[5321]	:	time Target is 2365050
2365378	[328]	:	Key	71	DOWN	at	2365378 
2370385	[5007]	:	time Target is 2370385
2375706	[5321]	:	time Target is 2375706
2376211	[505]	:	Key	71	DOWN	at	2376211 
2381042	[4831]	:	time Target is 2381042
2386367	[5325]	:	time Target is 2386367
2391693	[5326]	:	time Target is 2391693
2397013	[5320]	:	time Target is 2397013
2397395	[382]	:	Key	71	DOWN	at	2397395 
2402351	[4956]	:	time Target is 2402351
2407671	[5320]	:	time Target is 2407671
2408976	[1305]	:	Key	71	DOWN	at	2408976 
2411979	[3003]	:	Key	71	UP	at	2409140 
2436147	[24168]	:	Key	71	DOWN	at	2436146 
2436229	[82]	:	Key	71	UP	at	2436228 
2453363	[17134]	:	Key	29	DOWN	at	2453363 
2453474	[111]	:	Key	29	UP	at	2453473 
2458850	[5376]	:	Key	29	DOWN	at	2458849 
2458913	[63]	:	Key	29	UP	at	2458913 
2462228	[3315]	:	Key	29	DOWN	at	2462228 
2462357	[129]	:	Key	29	UP	at	2462356 
2463189	[832]	:	Key	29	DOWN	at	2463189 
2463297	[108]	:	Key	29	UP	at	2463296 
2466163	[2866]	:	Key	28	DOWN	at	2466162 
2466259	[96]	:	Key	28	UP	at	2466259 
2466482	[223]	:	Key	28	DOWN	at	2466481 
2466593	[111]	:	Key	28	UP	at	2466592 
2468032	[1439]	:	Key	28	DOWN	at	2468032 
2468260	[228]	:	Key	28	UP	at	2468259 
2468434	[174]	:	Key	28	DOWN	at	2468433 
2468516	[82]	:	Key	28	UP	at	2468515 
2470001	[1485]	:	Key	29	DOWN	at	2470001 
2470082	[81]	:	Key	29	UP	at	2470082 
2470256	[174]	:	Key	29	DOWN	at	2470256 
2470356	[100]	:	Key	29	UP	at	2470356 
2472161	[1805]	:	Key	29	DOWN	at	2472161 
2472241	[80]	:	Key	29	UP	at	2472241 
2472418	[177]	:	Key	29	DOWN	at	2472418 
2472517	[99]	:	Key	29	UP	at	2472517 
2473234	[717]	:	Key	28	DOWN	at	2473233 
2473347	[113]	:	Key	28	UP	at	2473347 
2473537	[190]	:	Key	28	DOWN	at	2473537 
2473635	[98]	:	Key	28	UP	at	2473635 
2477936	[4301]	:	Key	28	DOWN	at	2477936 
2478053	[117]	:	Key	28	UP	at	2478053 
2486368	[8315]	:	Key	28	DOWN	at	2486368 
2486425	[57]	:	COGENT STOP
