Cog2000 log file Thu Aug 22 17:40:34 2019
gprim v1.33 Compiled:Aug 12 2015 (GLib DirectDraw v7 DX12.0 Compiled:Aug 12 2015)
Display:1024x768x32 59.99Hz
CogInput v1.05 Compiled: May 20 2010
0	[0]	:	COGENT START
9689	[9689]	:	Key	71	DOWN	at	9689    
9787	[98]	:	Key	71	UP	at	9786    
27980	[18193]	:	Key	71	DOWN	at	27979   
28092	[112]	:	Key	71	UP	at	28091   
32107	[4015]	:	Key	71	DOWN	at	32107   
32185	[78]	:	Key	71	UP	at	32183   
42536	[10351]	:	Key	71	DOWN	at	42536   
42601	[65]	:	Key	71	UP	at	42600   
57592	[14991]	:	Key	71	DOWN	at	57592   
57707	[115]	:	Key	71	UP	at	57707   
76680	[18973]	:	Key	71	DOWN	at	76680   
77502	[822]	:	time Target is 77501
78043	[541]	:	Key	71	DOWN	at	78042   
83589	[5546]	:	time Target is 83589
84524	[935]	:	Key	71	DOWN	at	84524   
89678	[5154]	:	time Target is 89677
90283	[605]	:	Key	71	DOWN	at	90283   
95765	[5482]	:	time Target is 95765
96428	[663]	:	Key	71	DOWN	at	96428   
105272	[8844]	:	Key	71	DOWN	at	105272  
106331	[1059]	:	time Target is 106331
112649	[6318]	:	time Target is 112649
118966	[6317]	:	time Target is 118966
125290	[6324]	:	time Target is 125290
144954	[19664]	:	Key	71	DOWN	at	144953  
145083	[129]	:	Key	71	UP	at	145082  
149245	[4162]	:	Key	71	DOWN	at	149244  
149367	[122]	:	Key	71	UP	at	149367  
153481	[4114]	:	Key	71	DOWN	at	153481  
153658	[177]	:	Key	71	UP	at	153658  
201530	[47872]	:	Key	71	DOWN	at	201530  
201689	[159]	:	Key	71	UP	at	201689  
205738	[4049]	:	Key	71	DOWN	at	205738  
206535	[797]	:	Key	71	UP	at	205849  
206549	[14]	:	time Target is 206549
207147	[598]	:	Key	71	DOWN	at	207146  
211636	[4489]	:	time Target is 211636
216707	[5071]	:	time Target is 216707
217467	[760]	:	Key	71	DOWN	at	217467  
221800	[4333]	:	time Target is 221800
234600	[12800]	:	Key	71	DOWN	at	234600  
234681	[81]	:	Key	71	UP	at	234681  
237772	[3091]	:	Key	71	DOWN	at	237771  
238562	[790]	:	Key	71	UP	at	237946  
238585	[23]	:	time Target is 238585
239401	[816]	:	Key	71	DOWN	at	239401  
243668	[4267]	:	time Target is 243668
243961	[293]	:	Key	71	DOWN	at	243960  
248748	[4787]	:	time Target is 248748
253826	[5078]	:	time Target is 253826
254347	[521]	:	Key	71	DOWN	at	254346  
258124	[3777]	:	Key	71	UP	at	254492  
266524	[8400]	:	Key	71	DOWN	at	266524  
266588	[64]	:	Key	71	UP	at	266588  
268362	[1774]	:	Key	71	DOWN	at	268362  
269153	[791]	:	Key	71	UP	at	268540  
269174	[21]	:	time Target is 269174
270013	[839]	:	Key	71	DOWN	at	270012  
274255	[4242]	:	time Target is 274255
274635	[380]	:	Key	71	DOWN	at	274635  
279340	[4705]	:	time Target is 279340
284417	[5077]	:	time Target is 284417
285052	[635]	:	Key	71	DOWN	at	285052  
288709	[3657]	:	Key	71	UP	at	285226  
296237	[7528]	:	Key	71	DOWN	at	296236  
296379	[142]	:	Key	71	UP	at	296379  
297948	[1569]	:	Key	71	DOWN	at	297948  
298737	[789]	:	Key	71	UP	at	298123  
298759	[22]	:	time Target is 298759
299464	[705]	:	Key	71	DOWN	at	299464  
303847	[4383]	:	time Target is 303847
304297	[450]	:	Key	71	DOWN	at	304297  
308938	[4641]	:	time Target is 308938
314004	[5066]	:	time Target is 314004
326312	[12308]	:	Key	71	DOWN	at	326312  
326553	[241]	:	Key	71	UP	at	326552  
342409	[15856]	:	Key	71	DOWN	at	342409  
342541	[132]	:	Key	71	UP	at	342540  
356410	[13869]	:	Key	71	DOWN	at	356410  
356552	[142]	:	Key	71	UP	at	356552  
367977	[11425]	:	Key	71	DOWN	at	367977  
368187	[210]	:	Key	71	UP	at	368187  
373977	[5790]	:	Key	71	DOWN	at	373977  
376536	[2559]	:	time Target is 376536
376924	[388]	:	Key	71	DOWN	at	376924  
381875	[4951]	:	time Target is 381875
382301	[426]	:	Key	71	DOWN	at	382300  
387211	[4910]	:	time Target is 387211
387627	[416]	:	Key	71	DOWN	at	387626  
392553	[4926]	:	time Target is 392553
392908	[355]	:	Key	71	DOWN	at	392908  
397890	[4982]	:	time Target is 397890
403212	[5322]	:	time Target is 403212
403595	[383]	:	Key	71	DOWN	at	403595  
408562	[4967]	:	time Target is 408562
408888	[326]	:	Key	71	DOWN	at	408888  
413897	[5009]	:	time Target is 413897
419216	[5319]	:	time Target is 419216
419596	[380]	:	Key	71	DOWN	at	419596  
424556	[4960]	:	time Target is 424556
424924	[368]	:	Key	71	DOWN	at	424923  
429894	[4970]	:	time Target is 429894
430216	[322]	:	Key	71	DOWN	at	430215  
435227	[5011]	:	time Target is 435227
435592	[365]	:	Key	71	DOWN	at	435591  
440574	[4982]	:	time Target is 440574
445891	[5317]	:	time Target is 445891
451215	[5324]	:	time Target is 451215
456538	[5323]	:	time Target is 456538
457017	[479]	:	Key	71	DOWN	at	457017  
461876	[4859]	:	time Target is 461876
463079	[1203]	:	Key	71	DOWN	at	463079  
467212	[4133]	:	time Target is 467212
467645	[433]	:	Key	71	DOWN	at	467644  
472551	[4906]	:	time Target is 472551
473162	[611]	:	Key	71	DOWN	at	473162  
477889	[4727]	:	time Target is 477889
478280	[391]	:	Key	71	DOWN	at	478280  
483232	[4952]	:	time Target is 483232
483689	[457]	:	Key	71	DOWN	at	483688  
488565	[4876]	:	time Target is 488565
493888	[5323]	:	time Target is 493888
494669	[781]	:	Key	71	DOWN	at	494669  
499224	[4555]	:	time Target is 499224
504545	[5321]	:	time Target is 504545
506027	[1482]	:	Key	71	DOWN	at	506027  
509891	[3864]	:	time Target is 509891
510392	[501]	:	Key	71	DOWN	at	510392  
514961	[4569]	:	Key	71	DOWN	at	514777  
514962	[1]	:	Key	71	UP	at	514955  
517774	[2812]	:	time Target is 517774
518120	[346]	:	Key	71	DOWN	at	518120  
523107	[4987]	:	time Target is 523107
523529	[422]	:	Key	71	DOWN	at	523529  
528435	[4906]	:	time Target is 528435
528765	[330]	:	Key	71	DOWN	at	528764  
533860	[5095]	:	time Target is 533860
534168	[308]	:	Key	71	DOWN	at	534168  
539203	[5035]	:	time Target is 539203
539772	[569]	:	Key	71	DOWN	at	539772  
544549	[4777]	:	time Target is 544549
545082	[533]	:	Key	71	DOWN	at	545082  
549881	[4799]	:	time Target is 549881
550167	[286]	:	Key	71	DOWN	at	550167  
554950	[4783]	:	Key	71	DOWN	at	554794  
557765	[2815]	:	time Target is 557765
558172	[407]	:	Key	71	DOWN	at	558172  
563104	[4932]	:	time Target is 563104
563592	[488]	:	Key	71	DOWN	at	563592  
568442	[4850]	:	time Target is 568442
569175	[733]	:	Key	71	DOWN	at	569175  
573778	[4603]	:	time Target is 573778
574155	[377]	:	Key	71	DOWN	at	574155  
579114	[4959]	:	time Target is 579114
584436	[5322]	:	time Target is 584436
584793	[357]	:	Key	71	DOWN	at	584793  
589767	[4974]	:	time Target is 589767
590060	[293]	:	Key	71	DOWN	at	590060  
595105	[5045]	:	time Target is 595105
595450	[345]	:	Key	71	DOWN	at	595449  
600444	[4994]	:	time Target is 600444
600921	[477]	:	Key	71	DOWN	at	600921  
605777	[4856]	:	time Target is 605777
606183	[406]	:	Key	71	DOWN	at	606183  
611126	[4943]	:	time Target is 611126
611561	[435]	:	Key	71	DOWN	at	611561  
616462	[4901]	:	time Target is 616462
617223	[761]	:	Key	71	DOWN	at	617223  
621801	[4578]	:	time Target is 621801
622284	[483]	:	Key	71	DOWN	at	622284  
627138	[4854]	:	time Target is 627138
627769	[631]	:	Key	71	DOWN	at	627768  
632477	[4708]	:	time Target is 632477
632971	[494]	:	Key	71	DOWN	at	632970  
637815	[4844]	:	time Target is 637815
638280	[465]	:	Key	71	DOWN	at	638280  
643154	[4874]	:	time Target is 643154
643464	[310]	:	Key	71	DOWN	at	643463  
648494	[5030]	:	time Target is 648494
648890	[396]	:	Key	71	DOWN	at	648890  
653826	[4936]	:	time Target is 653826
654314	[488]	:	Key	71	DOWN	at	654313  
659167	[4853]	:	time Target is 659167
659484	[317]	:	Key	71	DOWN	at	659483  
664505	[5021]	:	time Target is 664505
665097	[592]	:	Key	71	DOWN	at	665097  
669845	[4748]	:	time Target is 669845
675171	[5326]	:	time Target is 675171
680490	[5319]	:	time Target is 680490
685812	[5322]	:	time Target is 685812
691140	[5328]	:	time Target is 691140
696457	[5317]	:	time Target is 696457
696891	[434]	:	Key	71	DOWN	at	696891  
701800	[4909]	:	time Target is 701800
707120	[5320]	:	time Target is 707120
712441	[5321]	:	time Target is 712441
713240	[799]	:	Key	71	DOWN	at	713240  
717777	[4537]	:	time Target is 717777
718250	[473]	:	Key	71	DOWN	at	718249  
723113	[4863]	:	time Target is 723113
724106	[993]	:	Key	71	DOWN	at	724105  
728449	[4343]	:	time Target is 728449
728728	[279]	:	Key	71	DOWN	at	728728  
733785	[5057]	:	time Target is 733785
734121	[336]	:	Key	71	DOWN	at	734120  
739138	[5017]	:	time Target is 739138
739931	[793]	:	Key	71	DOWN	at	739930  
744473	[4542]	:	time Target is 744473
749798	[5325]	:	time Target is 749798
755129	[5331]	:	time Target is 755129
760458	[5329]	:	time Target is 760458
765778	[5320]	:	time Target is 765778
771099	[5321]	:	time Target is 771099
776421	[5322]	:	time Target is 776421
777084	[663]	:	Key	71	DOWN	at	777083  
781769	[4685]	:	time Target is 781769
782184	[415]	:	Key	71	DOWN	at	782184  
787110	[4926]	:	time Target is 787110
787465	[355]	:	Key	71	DOWN	at	787465  
792450	[4985]	:	time Target is 792450
793017	[567]	:	Key	71	DOWN	at	793016  
797788	[4771]	:	time Target is 797788
798234	[446]	:	Key	71	DOWN	at	798233  
803123	[4889]	:	time Target is 803123
803643	[520]	:	Key	71	DOWN	at	803643  
808457	[4814]	:	time Target is 808457
808908	[451]	:	Key	71	DOWN	at	808908  
813810	[4902]	:	time Target is 813810
814314	[504]	:	Key	71	DOWN	at	814314  
818874	[4560]	:	Key	71	DOWN	at	818729  
821692	[2818]	:	time Target is 821692
822108	[416]	:	Key	71	DOWN	at	822107  
827032	[4924]	:	time Target is 827032
827801	[769]	:	Key	71	DOWN	at	827801  
832381	[4580]	:	time Target is 832380
832939	[558]	:	Key	71	DOWN	at	832938  
837715	[4776]	:	time Target is 837715
838728	[1013]	:	Key	71	DOWN	at	838727  
843058	[4330]	:	time Target is 843058
843755	[697]	:	Key	71	DOWN	at	843755  
847361	[3606]	:	Key	71	UP	at	843996  
850363	[3002]	:	Key	71	DOWN	at	850363  
851152	[789]	:	Key	71	UP	at	850602  
851424	[272]	:	time Target is 851424
851817	[393]	:	Key	71	DOWN	at	851817  
856763	[4946]	:	time Target is 856763
862081	[5318]	:	time Target is 862081
867406	[5325]	:	time Target is 867406
872733	[5327]	:	time Target is 872733
878051	[5318]	:	time Target is 878051
883376	[5325]	:	time Target is 883376
888701	[5325]	:	time Target is 888701
894024	[5323]	:	time Target is 894024
899347	[5323]	:	time Target is 899347
904671	[5324]	:	time Target is 904671
909991	[5320]	:	time Target is 909991
915307	[5316]	:	time Target is 915307
915644	[337]	:	Key	71	DOWN	at	915643  
920647	[5003]	:	time Target is 920647
921195	[548]	:	Key	71	DOWN	at	921195  
925716	[4521]	:	Key	71	DOWN	at	925369  
928536	[2820]	:	time Target is 928536
928920	[384]	:	Key	71	DOWN	at	928920  
933875	[4955]	:	time Target is 933875
934490	[615]	:	Key	71	DOWN	at	934489  
939211	[4721]	:	time Target is 939211
940364	[1153]	:	Key	71	DOWN	at	940364  
944557	[4193]	:	time Target is 944557
949884	[5327]	:	time Target is 949884
955201	[5317]	:	time Target is 955201
960520	[5319]	:	time Target is 960520
965842	[5322]	:	time Target is 965842
971160	[5318]	:	time Target is 971160
976479	[5319]	:	time Target is 976479
981798	[5319]	:	time Target is 981798
987118	[5320]	:	time Target is 987118
992436	[5318]	:	time Target is 992436
993050	[614]	:	Key	71	DOWN	at	993049  
997776	[4726]	:	time Target is 997776
998492	[716]	:	Key	71	DOWN	at	998491  
1003115	[4623]	:	time Target is 1003115
1003484	[369]	:	Key	71	DOWN	at	1003483 
1008451	[4967]	:	time Target is 1008451
1008760	[309]	:	Key	71	DOWN	at	1008760 
1013786	[5026]	:	time Target is 1013786
1014378	[592]	:	Key	71	DOWN	at	1014378 
1019126	[4748]	:	time Target is 1019126
1019916	[790]	:	Key	71	DOWN	at	1019915 
1024470	[4554]	:	time Target is 1024470
1025194	[724]	:	Key	71	DOWN	at	1025194 
1029815	[4621]	:	time Target is 1029815
1030106	[291]	:	Key	71	DOWN	at	1030106 
1035151	[5045]	:	time Target is 1035151
1035787	[636]	:	Key	71	DOWN	at	1035786 
1040487	[4700]	:	time Target is 1040487
1040780	[293]	:	Key	71	DOWN	at	1040780 
1045832	[5052]	:	time Target is 1045832
1051153	[5321]	:	time Target is 1051153
1056472	[5319]	:	time Target is 1056472
1061801	[5329]	:	time Target is 1061801
1062313	[512]	:	Key	71	DOWN	at	1062313 
1067139	[4826]	:	time Target is 1067139
1067641	[502]	:	Key	71	DOWN	at	1067641 
1072463	[4822]	:	time Target is 1072463
1072888	[425]	:	Key	71	DOWN	at	1072888 
1077809	[4921]	:	time Target is 1077809
1077864	[55]	:	Key	71	DOWN	at	1077864 
1083145	[5281]	:	time Target is 1083145
1083436	[291]	:	Key	71	DOWN	at	1083436 
1088484	[5048]	:	time Target is 1088484
1088811	[327]	:	Key	71	DOWN	at	1088811 
1093816	[5005]	:	time Target is 1093816
1099138	[5322]	:	time Target is 1099138
1104451	[5313]	:	time Target is 1104451
1109782	[5331]	:	time Target is 1109782
1115112	[5330]	:	time Target is 1115112
1115546	[434]	:	Key	71	DOWN	at	1115546 
1120448	[4902]	:	time Target is 1120448
1120872	[424]	:	Key	71	DOWN	at	1120871 
1125784	[4912]	:	time Target is 1125784
1126329	[545]	:	Key	71	DOWN	at	1126328 
1131124	[4795]	:	time Target is 1131124
1131451	[327]	:	Key	71	DOWN	at	1131451 
1136464	[5013]	:	time Target is 1136464
1136795	[331]	:	Key	71	DOWN	at	1136795 
1141813	[5018]	:	time Target is 1141813
1141899	[86]	:	Key	71	DOWN	at	1141899 
1147157	[5258]	:	time Target is 1147157
1147500	[343]	:	Key	71	DOWN	at	1147500 
1152506	[5006]	:	time Target is 1152506
1152776	[270]	:	Key	71	DOWN	at	1152776 
1157845	[5069]	:	time Target is 1157845
1158267	[422]	:	Key	71	DOWN	at	1158266 
1163179	[4912]	:	time Target is 1163179
1168502	[5323]	:	time Target is 1168502
1173823	[5321]	:	time Target is 1173823
1174331	[508]	:	Key	71	DOWN	at	1174331 
1179160	[4829]	:	time Target is 1179160
1179852	[692]	:	Key	71	DOWN	at	1179851 
1184500	[4648]	:	time Target is 1184500
1184776	[276]	:	Key	71	DOWN	at	1184776 
1189834	[5058]	:	time Target is 1189834
1190121	[287]	:	Key	71	DOWN	at	1190121 
1195169	[5048]	:	time Target is 1195169
1200485	[5316]	:	time Target is 1200485
1200825	[340]	:	Key	71	DOWN	at	1200825 
1205821	[4996]	:	time Target is 1205821
1206138	[317]	:	Key	71	DOWN	at	1206138 
1211159	[5021]	:	time Target is 1211159
1211433	[274]	:	Key	71	DOWN	at	1211433 
1216496	[5063]	:	time Target is 1216496
1216808	[312]	:	Key	71	DOWN	at	1216807 
1221832	[5024]	:	time Target is 1221832
1222152	[320]	:	Key	71	DOWN	at	1222151 
1227175	[5023]	:	time Target is 1227175
1227660	[485]	:	Key	71	DOWN	at	1227659 
1232513	[4853]	:	time Target is 1232513
1232904	[391]	:	Key	71	DOWN	at	1232904 
1237849	[4945]	:	time Target is 1237849
1243171	[5322]	:	time Target is 1243171
1248493	[5322]	:	time Target is 1248493
1253814	[5321]	:	time Target is 1253814
1254121	[307]	:	Key	71	DOWN	at	1254121 
1259149	[5028]	:	time Target is 1259149
1259723	[574]	:	Key	71	DOWN	at	1259722 
1264491	[4768]	:	time Target is 1264491
1264891	[400]	:	Key	71	DOWN	at	1264889 
1269828	[4937]	:	time Target is 1269828
1270137	[309]	:	Key	71	DOWN	at	1270136 
1275161	[5024]	:	time Target is 1275161
1275481	[320]	:	Key	71	DOWN	at	1275481 
1280497	[5016]	:	time Target is 1280497
1280743	[246]	:	Key	71	DOWN	at	1280743 
1285833	[5090]	:	time Target is 1285833
1286108	[275]	:	Key	71	DOWN	at	1286108 
1291170	[5062]	:	time Target is 1291170
1291480	[310]	:	Key	71	DOWN	at	1291480 
1296509	[5029]	:	time Target is 1296509
1296891	[382]	:	Key	71	DOWN	at	1296891 
1301849	[4958]	:	time Target is 1301849
1302219	[370]	:	Key	71	DOWN	at	1302219 
1307187	[4968]	:	time Target is 1307187
1307579	[392]	:	Key	71	DOWN	at	1307579 
1312517	[4938]	:	time Target is 1312517
1312921	[404]	:	Key	71	DOWN	at	1312921 
1317851	[4930]	:	time Target is 1317851
1318204	[353]	:	Key	71	DOWN	at	1318204 
1323189	[4985]	:	time Target is 1323189
1323512	[323]	:	Key	71	DOWN	at	1323512 
1327495	[3983]	:	Key	71	UP	at	1323658 
1328791	[1296]	:	Key	71	DOWN	at	1328791 
1328986	[195]	:	Key	71	UP	at	1328986 
1332347	[3361]	:	Key	71	DOWN	at	1332347 
1333137	[790]	:	Key	71	UP	at	1332588 
1333406	[269]	:	time Target is 1333406
1338730	[5324]	:	time Target is 1338730
1339351	[621]	:	Key	71	DOWN	at	1339351 
1344069	[4718]	:	time Target is 1344069
1344491	[422]	:	Key	71	DOWN	at	1344491 
1349415	[4924]	:	time Target is 1349415
1349837	[422]	:	Key	71	DOWN	at	1349836 
1354752	[4915]	:	time Target is 1354752
1354904	[152]	:	Key	71	DOWN	at	1354904 
1360090	[5186]	:	time Target is 1360090
1360360	[270]	:	Key	71	DOWN	at	1360359 
1365434	[5074]	:	time Target is 1365434
1370757	[5323]	:	time Target is 1370757
1376075	[5318]	:	time Target is 1376075
1376409	[334]	:	Key	71	DOWN	at	1376408 
1381418	[5009]	:	time Target is 1381418
1381788	[370]	:	Key	71	DOWN	at	1381788 
1386755	[4967]	:	time Target is 1386755
1387352	[597]	:	Key	71	DOWN	at	1387352 
1392094	[4742]	:	time Target is 1392094
1397417	[5323]	:	time Target is 1397417
1397739	[322]	:	Key	71	DOWN	at	1397739 
1402754	[5015]	:	time Target is 1402754
1407812	[5058]	:	Key	71	DOWN	at	1407785 
1410637	[2825]	:	time Target is 1410637
1410983	[346]	:	Key	71	DOWN	at	1410983 
1415974	[4991]	:	time Target is 1415974
1416364	[390]	:	Key	71	DOWN	at	1416364 
1421310	[4946]	:	time Target is 1421310
1422233	[923]	:	Key	71	DOWN	at	1422233 
1426656	[4423]	:	time Target is 1426656
1427371	[715]	:	Key	71	DOWN	at	1427371 
1431994	[4623]	:	time Target is 1431994
1432314	[320]	:	Key	71	DOWN	at	1432314 
1437330	[5016]	:	time Target is 1437330
1437993	[663]	:	Key	71	DOWN	at	1437993 
1442670	[4677]	:	time Target is 1442670
1443162	[492]	:	Key	71	DOWN	at	1443162 
1448007	[4845]	:	time Target is 1448007
1453327	[5320]	:	time Target is 1453327
1453804	[477]	:	Key	71	DOWN	at	1453803 
1458661	[4857]	:	time Target is 1458661
1459132	[471]	:	Key	71	DOWN	at	1459132 
1463995	[4863]	:	time Target is 1463995
1464793	[798]	:	Key	71	DOWN	at	1464793 
1469332	[4539]	:	time Target is 1469332
1469656	[324]	:	Key	71	DOWN	at	1469656 
1474663	[5007]	:	time Target is 1474663
1475021	[358]	:	Key	71	DOWN	at	1475020 
1479997	[4976]	:	time Target is 1479997
1480828	[831]	:	Key	71	DOWN	at	1480827 
1485337	[4509]	:	time Target is 1485337
1490665	[5328]	:	time Target is 1490665
1491036	[371]	:	Key	71	DOWN	at	1491035 
1496010	[4974]	:	time Target is 1496010
1496298	[288]	:	Key	71	DOWN	at	1496298 
1501346	[5048]	:	time Target is 1501346
1506665	[5319]	:	time Target is 1506665
1511990	[5325]	:	time Target is 1511990
1512792	[802]	:	Key	71	DOWN	at	1512792 
1517327	[4535]	:	time Target is 1517327
1518042	[715]	:	Key	71	DOWN	at	1518042 
1522671	[4629]	:	time Target is 1522671
1523020	[349]	:	Key	71	DOWN	at	1523020 
1528007	[4987]	:	time Target is 1528007
1528443	[436]	:	Key	71	DOWN	at	1528443 
1533346	[4903]	:	time Target is 1533346
1533704	[358]	:	Key	71	DOWN	at	1533703 
1538683	[4979]	:	time Target is 1538683
1544013	[5330]	:	time Target is 1544013
1544281	[268]	:	Key	71	DOWN	at	1544280 
1549353	[5072]	:	time Target is 1549353
1549596	[243]	:	Key	71	DOWN	at	1549595 
1554691	[5095]	:	time Target is 1554691
1555016	[325]	:	Key	71	DOWN	at	1555016 
1560032	[5016]	:	time Target is 1560032
1560105	[73]	:	Key	71	DOWN	at	1560104 
1565372	[5267]	:	time Target is 1565372
1565931	[559]	:	Key	71	DOWN	at	1565931 
1570715	[4784]	:	time Target is 1570715
1576041	[5326]	:	time Target is 1576041
1576345	[304]	:	Key	71	DOWN	at	1576345 
1581373	[5028]	:	time Target is 1581373
1581607	[234]	:	Key	71	DOWN	at	1581607 
1586716	[5109]	:	time Target is 1586716
1586796	[80]	:	Key	71	DOWN	at	1586796 
1592055	[5259]	:	time Target is 1592055
1592361	[306]	:	Key	71	DOWN	at	1592360 
1597397	[5036]	:	time Target is 1597397
1597627	[230]	:	Key	71	DOWN	at	1597626 
1602728	[5101]	:	time Target is 1602728
1608053	[5325]	:	time Target is 1608053
1613374	[5321]	:	time Target is 1613374
1618699	[5325]	:	time Target is 1618699
1624028	[5329]	:	time Target is 1624028
1629352	[5324]	:	time Target is 1629352
1634679	[5327]	:	time Target is 1634679
1640003	[5324]	:	time Target is 1640003
1640412	[409]	:	Key	71	DOWN	at	1640412 
1645347	[4935]	:	time Target is 1645347
1645611	[264]	:	Key	71	DOWN	at	1645611 
1650684	[5073]	:	time Target is 1650684
1651084	[400]	:	Key	71	DOWN	at	1651084 
1656023	[4939]	:	time Target is 1656023
1656090	[67]	:	Key	71	DOWN	at	1656090 
1661359	[5269]	:	time Target is 1661359
1666679	[5320]	:	time Target is 1666679
1667530	[851]	:	Key	71	DOWN	at	1667529 
1672015	[4485]	:	time Target is 1672015
1673258	[1243]	:	Key	71	DOWN	at	1673257 
1677348	[4090]	:	time Target is 1677348
1677836	[488]	:	Key	71	DOWN	at	1677835 
1682683	[4847]	:	time Target is 1682683
1683081	[398]	:	Key	71	DOWN	at	1683080 
1688028	[4947]	:	time Target is 1688028
1688619	[591]	:	Key	71	DOWN	at	1688618 
1693366	[4747]	:	time Target is 1693366
1693704	[338]	:	Key	71	DOWN	at	1693704 
1698706	[5002]	:	time Target is 1698706
1699594	[888]	:	Key	71	DOWN	at	1699594 
1704040	[4446]	:	time Target is 1704040
1709368	[5328]	:	time Target is 1709368
1714690	[5322]	:	time Target is 1714690
1720006	[5316]	:	time Target is 1720006
1725325	[5319]	:	time Target is 1725325
1725867	[542]	:	Key	71	DOWN	at	1725866 
1730667	[4800]	:	time Target is 1730667
1731531	[864]	:	Key	71	DOWN	at	1731531 
1736003	[4472]	:	time Target is 1736003
1736313	[310]	:	Key	71	DOWN	at	1736313 
1741338	[5025]	:	time Target is 1741338
1741690	[352]	:	Key	71	DOWN	at	1741690 
1746674	[4984]	:	time Target is 1746674
1747882	[1208]	:	Key	71	DOWN	at	1747881 
1752015	[4133]	:	time Target is 1752015
1752396	[381]	:	Key	71	DOWN	at	1752396 
1757359	[4963]	:	time Target is 1757359
1757608	[249]	:	Key	71	DOWN	at	1757608 
1762697	[5089]	:	time Target is 1762697
1763065	[368]	:	Key	71	DOWN	at	1763065 
1768030	[4965]	:	time Target is 1768030
1768427	[397]	:	Key	71	DOWN	at	1768427 
1773368	[4941]	:	time Target is 1773368
1773705	[337]	:	Key	71	DOWN	at	1773705 
1778700	[4995]	:	time Target is 1778700
1779000	[300]	:	Key	71	DOWN	at	1779000 
1784037	[5037]	:	time Target is 1784037
1784329	[292]	:	Key	71	DOWN	at	1784328 
1789379	[5050]	:	time Target is 1789379
1789836	[457]	:	Key	71	DOWN	at	1789836 
1794718	[4882]	:	time Target is 1794718
1795161	[443]	:	Key	71	DOWN	at	1795160 
1800058	[4897]	:	time Target is 1800058
1800520	[462]	:	Key	71	DOWN	at	1800520 
1805393	[4873]	:	time Target is 1805393
1811129	[5736]	:	Key	71	DOWN	at	1811128 
1811910	[781]	:	Key	71	UP	at	1811371 
1812176	[266]	:	time Target is 1812176
1812794	[618]	:	Key	71	DOWN	at	1812794 
1817516	[4722]	:	time Target is 1817516
1817802	[286]	:	Key	71	DOWN	at	1817802 
1822852	[5050]	:	time Target is 1822852
1823240	[388]	:	Key	71	DOWN	at	1823240 
1828191	[4951]	:	time Target is 1828191
1828507	[316]	:	Key	71	DOWN	at	1828507 
1833532	[5025]	:	time Target is 1833532
1838859	[5327]	:	time Target is 1838859
1844180	[5321]	:	time Target is 1844180
1844520	[340]	:	Key	71	DOWN	at	1844520 
1849524	[5004]	:	time Target is 1849524
1850313	[789]	:	Key	71	DOWN	at	1850312 
1854862	[4549]	:	time Target is 1854862
1855148	[286]	:	Key	71	DOWN	at	1855148 
1860200	[5052]	:	time Target is 1860200
1860490	[290]	:	Key	71	DOWN	at	1860490 
1865532	[5042]	:	time Target is 1865532
1866459	[927]	:	Key	71	DOWN	at	1866459 
1870870	[4411]	:	time Target is 1870870
1870909	[39]	:	Key	71	DOWN	at	1870908 
1876202	[5293]	:	time Target is 1876202
1876428	[226]	:	Key	71	DOWN	at	1876426 
1881541	[5113]	:	time Target is 1881541
1886868	[5327]	:	time Target is 1886868
1887194	[326]	:	Key	71	DOWN	at	1887193 
1892200	[5006]	:	time Target is 1892200
1892554	[354]	:	Key	71	DOWN	at	1892554 
1897536	[4982]	:	time Target is 1897536
1897820	[284]	:	Key	71	DOWN	at	1897819 
1902887	[5067]	:	time Target is 1902887
1908206	[5319]	:	time Target is 1908206
1908522	[316]	:	Key	71	DOWN	at	1908522 
1913533	[5011]	:	time Target is 1913533
1913865	[332]	:	Key	71	DOWN	at	1913865 
1918872	[5007]	:	time Target is 1918872
1919210	[338]	:	Key	71	DOWN	at	1919210 
1924211	[5001]	:	time Target is 1924211
1924491	[280]	:	Key	71	DOWN	at	1924491 
1929569	[5078]	:	time Target is 1929569
1934890	[5321]	:	time Target is 1934890
1940212	[5322]	:	time Target is 1940212
1945531	[5319]	:	time Target is 1945531
1945929	[398]	:	Key	71	DOWN	at	1945929 
1950863	[4934]	:	time Target is 1950863
1951127	[264]	:	Key	71	DOWN	at	1951127 
1956205	[5078]	:	time Target is 1956205
1956395	[190]	:	Key	71	DOWN	at	1956395 
1961564	[5169]	:	time Target is 1961564
1961879	[315]	:	Key	71	DOWN	at	1961879 
1966902	[5023]	:	time Target is 1966902
1967384	[482]	:	Key	71	DOWN	at	1967384 
1972238	[4854]	:	time Target is 1972238
1972536	[298]	:	Key	71	DOWN	at	1972535 
1977578	[5042]	:	time Target is 1977578
1977964	[386]	:	Key	71	DOWN	at	1977964 
1982922	[4958]	:	time Target is 1982922
1983627	[705]	:	Key	71	DOWN	at	1983627 
1988264	[4637]	:	time Target is 1988264
1988717	[453]	:	Key	71	DOWN	at	1988716 
1993612	[4895]	:	time Target is 1993612
1993645	[33]	:	Key	71	DOWN	at	1993644 
1998693	[5048]	:	Key	71	DOWN	at	1998571 
2001507	[2814]	:	time Target is 2001507
2002809	[1302]	:	Key	71	DOWN	at	2002809 
2006845	[4036]	:	time Target is 2006845
2007625	[780]	:	Key	71	DOWN	at	2007625 
2012182	[4557]	:	time Target is 2012182
2012314	[132]	:	Key	71	DOWN	at	2012314 
2017249	[4935]	:	Key	71	DOWN	at	2016907 
2020064	[2815]	:	time Target is 2020064
2020456	[392]	:	Key	71	DOWN	at	2020456 
2025402	[4946]	:	time Target is 2025402
2030726	[5324]	:	time Target is 2030726
2031592	[866]	:	Key	71	DOWN	at	2031592 
2036072	[4480]	:	time Target is 2036072
2036872	[800]	:	Key	71	DOWN	at	2036872 
2041405	[4533]	:	time Target is 2041405
2041722	[317]	:	Key	71	DOWN	at	2041721 
2046744	[5022]	:	time Target is 2046744
2047067	[323]	:	Key	71	DOWN	at	2047067 
2052081	[5014]	:	time Target is 2052081
2052377	[296]	:	Key	71	DOWN	at	2052377 
2057422	[5045]	:	time Target is 2057422
2057643	[221]	:	Key	71	DOWN	at	2057643 
2062760	[5117]	:	time Target is 2062760
2068078	[5318]	:	time Target is 2068078
2073402	[5324]	:	time Target is 2073402
2078725	[5323]	:	time Target is 2078725
2084043	[5318]	:	time Target is 2084043
2089368	[5325]	:	time Target is 2089368
2089675	[307]	:	Key	71	DOWN	at	2089674 
2094706	[5031]	:	time Target is 2094706
2095050	[344]	:	Key	71	DOWN	at	2095050 
2100043	[4993]	:	time Target is 2100043
2100586	[543]	:	Key	71	DOWN	at	2100586 
2105380	[4794]	:	time Target is 2105380
2105674	[294]	:	Key	71	DOWN	at	2105674 
2110734	[5060]	:	time Target is 2110734
2116069	[5335]	:	time Target is 2116069
2116106	[37]	:	Key	71	DOWN	at	2116105 
2121401	[5295]	:	time Target is 2121401
2122057	[656]	:	Key	71	DOWN	at	2122057 
2126739	[4682]	:	time Target is 2126739
2126746	[7]	:	Key	71	DOWN	at	2126746 
2132079	[5333]	:	time Target is 2132079
2132345	[266]	:	Key	71	DOWN	at	2132345 
2137414	[5069]	:	time Target is 2137414
2137481	[67]	:	Key	71	DOWN	at	2137480 
2142746	[5265]	:	time Target is 2142746
2143099	[353]	:	Key	71	DOWN	at	2143098 
2148090	[4991]	:	time Target is 2148090
2148396	[306]	:	Key	71	DOWN	at	2148396 
2153428	[5032]	:	time Target is 2153428
2153528	[100]	:	Key	71	DOWN	at	2153528 
2158766	[5238]	:	time Target is 2158766
2164088	[5322]	:	time Target is 2164088
2164987	[899]	:	Key	71	DOWN	at	2164986 
2169426	[4439]	:	time Target is 2169426
2169660	[234]	:	Key	71	DOWN	at	2169660 
2174765	[5105]	:	time Target is 2174765
2175048	[283]	:	Key	71	DOWN	at	2175048 
2180102	[5054]	:	time Target is 2180102
2180716	[614]	:	Key	71	DOWN	at	2180716 
2185433	[4717]	:	time Target is 2185433
2185867	[434]	:	Key	71	DOWN	at	2185867 
2190770	[4903]	:	time Target is 2190770
2191164	[394]	:	Key	71	DOWN	at	2191163 
2196104	[4940]	:	time Target is 2196104
2196411	[307]	:	Key	71	DOWN	at	2196410 
2201465	[5054]	:	time Target is 2201465
2201787	[322]	:	Key	71	DOWN	at	2201787 
2206794	[5007]	:	time Target is 2206794
2206952	[158]	:	Key	71	DOWN	at	2206952 
2212138	[5186]	:	time Target is 2212138
2212458	[320]	:	Key	71	DOWN	at	2212458 
2217472	[5014]	:	time Target is 2217472
2218074	[602]	:	Key	71	DOWN	at	2218074 
2222800	[4726]	:	time Target is 2222800
2223053	[253]	:	Key	71	DOWN	at	2223052 
2228138	[5085]	:	time Target is 2228138
2228440	[302]	:	Key	71	DOWN	at	2228439 
2233473	[5033]	:	time Target is 2233473
2233640	[167]	:	Key	71	DOWN	at	2233640 
2238811	[5171]	:	time Target is 2238811
2244131	[5320]	:	time Target is 2244131
2249447	[5316]	:	time Target is 2249447
2254771	[5324]	:	time Target is 2254771
2255113	[342]	:	Key	71	DOWN	at	2255113 
2260108	[4995]	:	time Target is 2260108
2260379	[271]	:	Key	71	DOWN	at	2260379 
2265462	[5083]	:	time Target is 2265462
2265624	[162]	:	Key	71	DOWN	at	2265623 
2270800	[5176]	:	time Target is 2270800
2271162	[362]	:	Key	71	DOWN	at	2271162 
2276139	[4977]	:	time Target is 2276139
2276600	[461]	:	Key	71	DOWN	at	2276600 
2281483	[4883]	:	time Target is 2281483
2281832	[349]	:	Key	71	DOWN	at	2281832 
2285789	[3957]	:	Key	71	UP	at	2282074 
2291787	[5998]	:	Key	71	DOWN	at	2291786 
2291932	[145]	:	Key	71	UP	at	2291932 
2300201	[8269]	:	Key	29	DOWN	at	2300200 
2300411	[210]	:	Key	29	UP	at	2300411 
2302218	[1807]	:	Key	28	DOWN	at	2302218 
2302380	[162]	:	Key	28	UP	at	2302380 
2304153	[1773]	:	Key	29	DOWN	at	2304153 
2304361	[208]	:	Key	29	UP	at	2304361 
2305400	[1039]	:	Key	28	DOWN	at	2305400 
2305593	[193]	:	Key	28	UP	at	2305593 
2306603	[1010]	:	Key	28	DOWN	at	2306603 
2306779	[176]	:	Key	28	UP	at	2306779 
2308186	[1407]	:	Key	28	DOWN	at	2308185 
2308346	[160]	:	Key	28	UP	at	2308346 
2310953	[2607]	:	Key	28	DOWN	at	2310952 
2311164	[211]	:	Key	28	UP	at	2311163 
2311528	[364]	:	Key	28	DOWN	at	2311528 
2311692	[164]	:	Key	28	UP	at	2311692 
2313340	[1648]	:	Key	29	DOWN	at	2313339 
2313513	[173]	:	Key	29	UP	at	2313513 
2313674	[161]	:	Key	29	DOWN	at	2313673 
2313832	[158]	:	Key	29	UP	at	2313832 
2314937	[1105]	:	Key	28	DOWN	at	2314937 
2315100	[163]	:	Key	28	UP	at	2315099 
2315323	[223]	:	Key	28	DOWN	at	2315323 
2315419	[96]	:	Key	28	UP	at	2315418 
2317322	[1903]	:	Key	29	DOWN	at	2317322 
2317483	[161]	:	Key	29	UP	at	2317482 
2317992	[509]	:	Key	28	DOWN	at	2317992 
2318169	[177]	:	Key	28	UP	at	2318168 
2319704	[1535]	:	Key	28	DOWN	at	2319704 
2319884	[180]	:	Key	28	UP	at	2319884 
2320554	[670]	:	Key	29	DOWN	at	2320553 
2320569	[15]	:	COGENT STOP
