Cog2000 log file Mon Mar 02 16:10:42 2020
gprim v1.33 Compiled:Aug 12 2015 (GLib DirectDraw v7 DX12.0 Compiled:Aug 12 2015)
Display:1024x768x32 59.95Hz
Attaching C:\Program Files\Cogent2000v1.33\Toolbox\CogInput.mexw64
CogInput v1.05 Compiled: May 20 2010
7	[7]	:	COGENT START
12666	[12659]	:	Key	71	DOWN	at	12661   
12771	[105]	:	Key	71	UP	at	12770   
31334	[18563]	:	Key	71	DOWN	at	31333   
31428	[94]	:	Key	71	UP	at	31426   
35188	[3760]	:	Key	71	DOWN	at	35184   
35269	[81]	:	Key	71	UP	at	35268   
46580	[11311]	:	Key	71	DOWN	at	46579   
46644	[64]	:	Key	71	UP	at	46643   
61330	[14686]	:	Key	71	DOWN	at	61330   
61366	[36]	:	Key	71	UP	at	61365   
78994	[17628]	:	Key	71	DOWN	at	78993   
79945	[951]	:	time Target is 79875
80418	[473]	:	Key	71	DOWN	at	80417   
86041	[5623]	:	time Target is 86040
86978	[937]	:	Key	71	DOWN	at	86978   
92147	[5169]	:	time Target is 92145
98241	[6094]	:	time Target is 98241
98612	[371]	:	Key	71	DOWN	at	98611   
104351	[5739]	:	time Target is 104346
104645	[294]	:	Key	71	DOWN	at	104644  
113716	[9071]	:	Key	71	DOWN	at	113716  
114779	[1063]	:	time Target is 114778
121103	[6324]	:	time Target is 121103
127433	[6330]	:	time Target is 127433
133760	[6327]	:	time Target is 133759
154514	[20754]	:	Key	71	DOWN	at	154514  
154598	[84]	:	Key	71	UP	at	154597  
158835	[4237]	:	Key	71	DOWN	at	158834  
159008	[173]	:	Key	71	UP	at	159008  
163140	[4132]	:	Key	71	DOWN	at	163140  
163348	[208]	:	Key	71	UP	at	163348  
168145	[4797]	:	Key	71	DOWN	at	168145  
168481	[336]	:	Key	71	UP	at	168481  
175076	[6595]	:	Key	71	DOWN	at	175076  
175936	[860]	:	Key	71	UP	at	175232  
175963	[27]	:	time Target is 175963
176452	[489]	:	Key	71	DOWN	at	176452  
181063	[4611]	:	time Target is 181062
186174	[5111]	:	time Target is 186174
186528	[354]	:	Key	71	DOWN	at	186528  
191305	[4777]	:	time Target is 191304
191845	[540]	:	Key	71	DOWN	at	191844  
195616	[3771]	:	Key	71	UP	at	191956  
203442	[7826]	:	Key	71	DOWN	at	203441  
203618	[176]	:	Key	71	UP	at	203617  
206992	[3374]	:	Key	71	DOWN	at	206991  
207784	[792]	:	Key	71	UP	at	207138  
207812	[28]	:	time Target is 207811
212889	[5077]	:	time Target is 212889
213443	[554]	:	Key	71	DOWN	at	213443  
217983	[4540]	:	time Target is 217983
223061	[5078]	:	time Target is 223061
223395	[334]	:	Key	71	DOWN	at	223395  
227362	[3967]	:	Key	71	UP	at	223538  
234468	[7106]	:	Key	71	DOWN	at	234467  
234580	[112]	:	Key	71	UP	at	234580  
238563	[3983]	:	Key	71	DOWN	at	238563  
239354	[791]	:	Key	71	UP	at	238676  
239377	[23]	:	time Target is 239377
244451	[5074]	:	time Target is 244451
244979	[528]	:	Key	71	DOWN	at	244978  
249539	[4560]	:	time Target is 249539
249954	[415]	:	Key	71	DOWN	at	249953  
254629	[4675]	:	time Target is 254629
255408	[779]	:	Key	71	DOWN	at	255408  
258920	[3512]	:	Key	71	UP	at	255524  
265264	[6344]	:	Key	71	DOWN	at	265264  
265410	[146]	:	Key	71	UP	at	265410  
269477	[4067]	:	Key	71	DOWN	at	269476  
270266	[789]	:	Key	71	UP	at	269616  
270286	[20]	:	time Target is 270286
271600	[1314]	:	Key	71	DOWN	at	271599  
275384	[3784]	:	time Target is 275384
280455	[5071]	:	time Target is 280454
281167	[712]	:	Key	71	DOWN	at	281167  
285536	[4369]	:	time Target is 285536
296325	[10789]	:	Key	71	DOWN	at	296324  
296514	[189]	:	Key	71	UP	at	296513  
310258	[13744]	:	Key	71	DOWN	at	310257  
310435	[177]	:	Key	71	UP	at	310434  
324514	[14079]	:	Key	71	DOWN	at	324514  
324673	[159]	:	Key	71	UP	at	324672  
337076	[12403]	:	Key	71	DOWN	at	337075  
337235	[159]	:	Key	71	UP	at	337235  
340721	[3486]	:	Key	90	DOWN	at	340720  
340739	[18]	:	Key	90	UP	at	340738  
346021	[5282]	:	Key	71	DOWN	at	346021  
348604	[2583]	:	time Target is 348604
349011	[407]	:	Key	71	DOWN	at	349010  
353953	[4942]	:	time Target is 353953
359281	[5328]	:	time Target is 359280
359812	[531]	:	Key	71	DOWN	at	359811  
364626	[4814]	:	time Target is 364626
369955	[5329]	:	Key	71	DOWN	at	369715  
369956	[1]	:	Key	71	UP	at	369839  
372779	[2823]	:	time Target is 372778
373252	[473]	:	Key	71	DOWN	at	373252  
378115	[4863]	:	time Target is 378115
378724	[609]	:	Key	71	DOWN	at	378724  
383451	[4727]	:	time Target is 383451
388510	[5059]	:	Key	71	DOWN	at	388257  
388511	[1]	:	Key	71	UP	at	388320  
391327	[2816]	:	time Target is 391327
391972	[645]	:	Key	71	DOWN	at	391972  
396667	[4695]	:	time Target is 396667
397474	[807]	:	Key	71	DOWN	at	397474  
402004	[4530]	:	time Target is 402004
402753	[749]	:	Key	71	DOWN	at	402752  
407342	[4589]	:	time Target is 407342
412670	[5328]	:	time Target is 412670
413409	[739]	:	Key	71	DOWN	at	413409  
418007	[4598]	:	time Target is 418007
418514	[507]	:	Key	71	DOWN	at	418513  
423350	[4836]	:	time Target is 423350
423698	[348]	:	Key	71	DOWN	at	423698  
428689	[4991]	:	time Target is 428689
429028	[339]	:	Key	71	DOWN	at	429028  
434030	[5002]	:	time Target is 434030
434037	[7]	:	Key	71	DOWN	at	434035  
439364	[5327]	:	time Target is 439364
439776	[412]	:	Key	71	DOWN	at	439776  
444703	[4927]	:	time Target is 444703
445089	[386]	:	Key	71	DOWN	at	445089  
450041	[4952]	:	time Target is 450041
455366	[5325]	:	time Target is 455366
460720	[5354]	:	time Target is 460720
461060	[340]	:	Key	71	DOWN	at	461060  
466055	[4995]	:	time Target is 466055
471380	[5325]	:	time Target is 471380
472528	[1148]	:	Key	71	DOWN	at	472528  
476718	[4190]	:	time Target is 476718
482044	[5326]	:	time Target is 482044
487366	[5322]	:	time Target is 487366
492686	[5320]	:	time Target is 492686
493283	[597]	:	Key	71	DOWN	at	493282  
498025	[4742]	:	time Target is 498025
499171	[1146]	:	Key	71	DOWN	at	499170  
503362	[4191]	:	time Target is 503362
504149	[787]	:	Key	71	DOWN	at	504148  
508698	[4549]	:	time Target is 508698
514020	[5322]	:	time Target is 514020
519351	[5331]	:	time Target is 519351
524674	[5323]	:	time Target is 524674
524993	[319]	:	Key	71	DOWN	at	524992  
530011	[5018]	:	time Target is 530011
530879	[868]	:	Key	71	DOWN	at	530879  
535348	[4469]	:	time Target is 535348
535844	[496]	:	Key	71	DOWN	at	535844  
540681	[4837]	:	time Target is 540681
541201	[520]	:	Key	71	DOWN	at	541201  
546012	[4811]	:	time Target is 546012
551334	[5322]	:	time Target is 551334
551827	[493]	:	Key	71	DOWN	at	551827  
556669	[4842]	:	time Target is 556669
556948	[279]	:	Key	71	DOWN	at	556948  
562007	[5059]	:	time Target is 562007
562357	[350]	:	Key	71	DOWN	at	562356  
567340	[4983]	:	time Target is 567340
572682	[5342]	:	time Target is 572682
573088	[406]	:	Key	71	DOWN	at	573088  
578022	[4934]	:	time Target is 578022
583347	[5325]	:	time Target is 583347
583714	[367]	:	Key	71	DOWN	at	583713  
588684	[4970]	:	time Target is 588684
594008	[5324]	:	time Target is 594008
599363	[5355]	:	time Target is 599363
599714	[351]	:	Key	71	DOWN	at	599714  
604702	[4988]	:	time Target is 604702
610058	[5356]	:	time Target is 610058
610626	[568]	:	Key	71	DOWN	at	610626  
615398	[4772]	:	time Target is 615398
620722	[5324]	:	time Target is 620722
621043	[321]	:	Key	71	DOWN	at	621042  
626057	[5014]	:	time Target is 626057
626384	[327]	:	Key	71	DOWN	at	626383  
631395	[5011]	:	time Target is 631395
636720	[5325]	:	time Target is 636720
642044	[5324]	:	time Target is 642044
642565	[521]	:	Key	71	DOWN	at	642564  
647379	[4814]	:	time Target is 647379
652699	[5320]	:	time Target is 652699
653122	[423]	:	Key	71	DOWN	at	653121  
658034	[4912]	:	time Target is 658034
659331	[1297]	:	Key	71	DOWN	at	659331  
663369	[4038]	:	time Target is 663369
668695	[5326]	:	time Target is 668695
668895	[200]	:	Key	71	DOWN	at	668894  
674029	[5134]	:	time Target is 674029
679354	[5325]	:	time Target is 679354
680159	[805]	:	Key	71	DOWN	at	680159  
684691	[4532]	:	time Target is 684691
690046	[5355]	:	time Target is 690046
690527	[481]	:	Key	71	DOWN	at	690527  
695384	[4857]	:	time Target is 695384
696468	[1084]	:	Key	71	DOWN	at	696467  
700728	[4260]	:	time Target is 700728
706047	[5319]	:	time Target is 706047
711371	[5324]	:	time Target is 711371
716723	[5352]	:	time Target is 716723
717443	[720]	:	Key	71	DOWN	at	717442  
722063	[4620]	:	time Target is 722063
727383	[5320]	:	time Target is 727383
732747	[5364]	:	time Target is 732747
738071	[5324]	:	time Target is 738071
743395	[5324]	:	time Target is 743395
748719	[5324]	:	time Target is 748719
749171	[452]	:	Key	71	DOWN	at	749170  
754057	[4886]	:	time Target is 754057
754560	[503]	:	Key	71	DOWN	at	754559  
759393	[4833]	:	time Target is 759393
764711	[5318]	:	time Target is 764711
765329	[618]	:	Key	71	DOWN	at	765328  
770046	[4717]	:	time Target is 770046
770323	[277]	:	Key	71	DOWN	at	770323  
775384	[5061]	:	time Target is 775384
780702	[5318]	:	time Target is 780702
781763	[1061]	:	Key	71	DOWN	at	781763  
786038	[4275]	:	time Target is 786038
786450	[412]	:	Key	71	DOWN	at	786450  
791371	[4921]	:	time Target is 791371
796693	[5322]	:	time Target is 796693
797280	[587]	:	Key	71	DOWN	at	797279  
802039	[4759]	:	time Target is 802039
807364	[5325]	:	time Target is 807364
808433	[1069]	:	Key	71	DOWN	at	808433  
812694	[4261]	:	time Target is 812694
818017	[5323]	:	time Target is 818017
826544	[8527]	:	Key	71	DOWN	at	826544  
827334	[790]	:	Key	71	UP	at	826737  
827603	[269]	:	time Target is 827603
828496	[893]	:	Key	71	DOWN	at	828496  
832935	[4439]	:	time Target is 832935
834371	[1436]	:	Key	71	DOWN	at	834370  
838270	[3899]	:	time Target is 838270
843592	[5322]	:	time Target is 843592
848914	[5322]	:	time Target is 848914
850015	[1101]	:	Key	71	DOWN	at	850015  
854257	[4242]	:	time Target is 854257
859580	[5323]	:	time Target is 859580
859954	[374]	:	Key	71	DOWN	at	859954  
864918	[4964]	:	time Target is 864918
870241	[5323]	:	time Target is 870241
875560	[5319]	:	time Target is 875560
876129	[569]	:	Key	71	DOWN	at	876129  
880894	[4765]	:	time Target is 880894
886222	[5328]	:	time Target is 886222
891546	[5324]	:	time Target is 891546
896866	[5320]	:	time Target is 896866
902189	[5323]	:	time Target is 902189
902898	[709]	:	Key	71	DOWN	at	902898  
907521	[4623]	:	time Target is 907521
908880	[1359]	:	Key	71	DOWN	at	908880  
912857	[3977]	:	time Target is 912857
913231	[374]	:	Key	71	DOWN	at	913230  
918217	[4986]	:	time Target is 918217
919022	[805]	:	Key	71	DOWN	at	919022  
923554	[4532]	:	time Target is 923554
923999	[445]	:	Key	71	DOWN	at	923999  
928892	[4893]	:	time Target is 928892
934214	[5322]	:	time Target is 934214
939536	[5322]	:	time Target is 939536
944859	[5323]	:	time Target is 944859
950182	[5323]	:	time Target is 950182
950545	[363]	:	Key	71	DOWN	at	950545  
955508	[4963]	:	time Target is 955508
960832	[5324]	:	time Target is 960832
961090	[258]	:	Key	71	DOWN	at	961089  
966169	[5079]	:	time Target is 966169
966910	[741]	:	Key	71	DOWN	at	966910  
971500	[4590]	:	time Target is 971500
976820	[5320]	:	time Target is 976820
982145	[5325]	:	time Target is 982145
987468	[5323]	:	time Target is 987468
987761	[293]	:	Key	71	DOWN	at	987761  
992801	[5040]	:	time Target is 992801
998126	[5325]	:	time Target is 998126
998624	[498]	:	Key	71	DOWN	at	998623  
1003463	[4839]	:	time Target is 1003463
1004064	[601]	:	Key	71	DOWN	at	1004064 
1008802	[4738]	:	time Target is 1008802
1009025	[223]	:	Key	71	DOWN	at	1009025 
1014165	[5140]	:	time Target is 1014165
1019489	[5324]	:	time Target is 1019489
1019970	[481]	:	Key	71	DOWN	at	1019970 
1024826	[4856]	:	time Target is 1024826
1030146	[5320]	:	time Target is 1030146
1035463	[5317]	:	time Target is 1035463
1035871	[408]	:	Key	71	DOWN	at	1035869 
1040801	[4930]	:	time Target is 1040801
1046121	[5320]	:	time Target is 1046121
1046367	[246]	:	Key	71	DOWN	at	1046366 
1051462	[5095]	:	time Target is 1051462
1056786	[5324]	:	time Target is 1056786
1062111	[5325]	:	time Target is 1062111
1062526	[415]	:	Key	71	DOWN	at	1062526 
1067446	[4920]	:	time Target is 1067446
1072786	[5340]	:	time Target is 1072786
1078109	[5323]	:	time Target is 1078109
1083433	[5324]	:	time Target is 1083433
1088755	[5322]	:	time Target is 1088755
1094075	[5320]	:	time Target is 1094075
1094653	[578]	:	Key	71	DOWN	at	1094653 
1099411	[4758]	:	time Target is 1099411
1099839	[428]	:	Key	71	DOWN	at	1099838 
1104753	[4914]	:	time Target is 1104753
1110077	[5324]	:	time Target is 1110077
1115419	[5342]	:	time Target is 1115419
1116723	[1304]	:	Key	71	DOWN	at	1116723 
1120759	[4036]	:	time Target is 1120759
1126080	[5321]	:	time Target is 1126080
1126610	[530]	:	Key	71	DOWN	at	1126609 
1131419	[4809]	:	time Target is 1131419
1136742	[5323]	:	time Target is 1136742
1142060	[5318]	:	time Target is 1142060
1143471	[1411]	:	Key	71	DOWN	at	1143471 
1147398	[3927]	:	time Target is 1147398
1148017	[619]	:	Key	71	DOWN	at	1148016 
1152740	[4723]	:	time Target is 1152740
1158052	[5312]	:	time Target is 1158052
1163375	[5323]	:	time Target is 1163375
1164306	[931]	:	Key	71	DOWN	at	1164306 
1168712	[4406]	:	time Target is 1168712
1169810	[1098]	:	Key	71	DOWN	at	1169809 
1174053	[4243]	:	time Target is 1174053
1179374	[5321]	:	time Target is 1179374
1180402	[1028]	:	Key	71	DOWN	at	1180401 
1184710	[4308]	:	time Target is 1184710
1185200	[490]	:	Key	71	DOWN	at	1185199 
1190046	[4846]	:	time Target is 1190046
1190544	[498]	:	Key	71	DOWN	at	1190544 
1195395	[4851]	:	time Target is 1195395
1200714	[5319]	:	time Target is 1200714
1201635	[921]	:	Key	71	DOWN	at	1201634 
1206051	[4416]	:	time Target is 1206051
1211374	[5323]	:	time Target is 1211374
1211778	[404]	:	Key	71	DOWN	at	1211778 
1216713	[4935]	:	time Target is 1216713
1217775	[1062]	:	Key	71	DOWN	at	1217774 
1222052	[4277]	:	time Target is 1222052
1227371	[5319]	:	time Target is 1227371
1227937	[566]	:	Key	71	DOWN	at	1227936 
1232704	[4767]	:	time Target is 1232704
1233567	[863]	:	Key	71	DOWN	at	1233567 
1238040	[4473]	:	time Target is 1238040
1243366	[5326]	:	time Target is 1243366
1248689	[5323]	:	time Target is 1248689
1254012	[5323]	:	time Target is 1254012
1254415	[403]	:	Key	71	DOWN	at	1254414 
1259348	[4933]	:	time Target is 1259348
1259810	[462]	:	Key	71	DOWN	at	1259810 
1264687	[4877]	:	time Target is 1264687
1264959	[272]	:	Key	71	DOWN	at	1264958 
1270025	[5066]	:	time Target is 1270025
1270723	[698]	:	Key	71	DOWN	at	1270723 
1275360	[4637]	:	time Target is 1275360
1280681	[5321]	:	time Target is 1280681
1282160	[1479]	:	Key	71	DOWN	at	1282159 
1286017	[3857]	:	time Target is 1286017
1291335	[5318]	:	time Target is 1291335
1296655	[5320]	:	time Target is 1296655
1297714	[1059]	:	Key	71	DOWN	at	1297714 
1301991	[4277]	:	time Target is 1301991
1317426	[15435]	:	Key	71	DOWN	at	1317426 
1317567	[141]	:	Key	71	UP	at	1317567 
1325727	[8160]	:	Key	71	DOWN	at	1325727 
1326520	[793]	:	Key	71	UP	at	1325871 
1326788	[268]	:	time Target is 1326788
1327106	[318]	:	Key	71	DOWN	at	1327105 
1332132	[5026]	:	time Target is 1332132
1332512	[380]	:	Key	71	DOWN	at	1332512 
1337462	[4950]	:	time Target is 1337462
1342787	[5325]	:	time Target is 1342787
1343666	[879]	:	Key	71	DOWN	at	1343665 
1348118	[4452]	:	time Target is 1348118
1353442	[5324]	:	time Target is 1353442
1358763	[5321]	:	time Target is 1358763
1359907	[1144]	:	Key	71	DOWN	at	1359906 
1364107	[4200]	:	time Target is 1364107
1364799	[692]	:	Key	71	DOWN	at	1364799 
1369439	[4640]	:	time Target is 1369439
1369921	[482]	:	Key	71	DOWN	at	1369920 
1374785	[4864]	:	time Target is 1374785
1380140	[5355]	:	time Target is 1380140
1380385	[245]	:	Key	71	DOWN	at	1380385 
1385476	[5091]	:	time Target is 1385476
1390802	[5326]	:	time Target is 1390802
1396129	[5327]	:	time Target is 1396129
1396545	[416]	:	Key	71	DOWN	at	1396545 
1401467	[4922]	:	time Target is 1401467
1402910	[1443]	:	Key	71	DOWN	at	1402910 
1406817	[3907]	:	time Target is 1406817
1407965	[1148]	:	Key	71	DOWN	at	1407965 
1412154	[4189]	:	time Target is 1412154
1412767	[613]	:	Key	71	DOWN	at	1412767 
1417491	[4724]	:	time Target is 1417491
1422813	[5322]	:	time Target is 1422813
1428130	[5317]	:	time Target is 1428130
1429232	[1102]	:	Key	71	DOWN	at	1429231 
1433474	[4242]	:	time Target is 1433474
1434351	[877]	:	Key	71	DOWN	at	1434351 
1438825	[4474]	:	time Target is 1438825
1444145	[5320]	:	time Target is 1444145
1449465	[5320]	:	time Target is 1449465
1449793	[328]	:	Key	71	DOWN	at	1449792 
1454805	[5012]	:	time Target is 1454805
1460123	[5318]	:	time Target is 1460123
1461281	[1158]	:	Key	71	DOWN	at	1461280 
1465464	[4183]	:	time Target is 1465464
1470795	[5331]	:	time Target is 1470795
1476117	[5322]	:	time Target is 1476117
1476365	[248]	:	Key	71	DOWN	at	1476365 
1481460	[5095]	:	time Target is 1481460
1481820	[360]	:	Key	71	DOWN	at	1481820 
1486795	[4975]	:	time Target is 1486795
1487165	[370]	:	Key	71	DOWN	at	1487165 
1492131	[4966]	:	time Target is 1492131
1497456	[5325]	:	time Target is 1497456
1502773	[5317]	:	time Target is 1502773
1503168	[395]	:	Key	71	DOWN	at	1503167 
1508118	[4950]	:	time Target is 1508118
1513449	[5331]	:	time Target is 1513449
1518768	[5319]	:	time Target is 1518768
1524087	[5319]	:	time Target is 1524087
1524545	[458]	:	Key	71	DOWN	at	1524545 
1529424	[4879]	:	time Target is 1529424
1534746	[5322]	:	time Target is 1534746
1540071	[5325]	:	time Target is 1540071
1540652	[581]	:	Key	71	DOWN	at	1540652 
1545410	[4758]	:	time Target is 1545410
1550730	[5320]	:	time Target is 1550730
1551297	[567]	:	Key	71	DOWN	at	1551296 
1556071	[4774]	:	time Target is 1556071
1557330	[1259]	:	Key	71	DOWN	at	1557329 
1561415	[4085]	:	time Target is 1561415
1562689	[1274]	:	Key	71	DOWN	at	1562689 
1566751	[4062]	:	time Target is 1566751
1568222	[1471]	:	Key	71	DOWN	at	1568222 
1572085	[3863]	:	time Target is 1572085
1577404	[5319]	:	time Target is 1577404
1582731	[5327]	:	time Target is 1582731
1588055	[5324]	:	time Target is 1588055
1588831	[776]	:	Key	71	DOWN	at	1588831 
1593393	[4562]	:	time Target is 1593393
1598716	[5323]	:	time Target is 1598716
1599885	[1169]	:	Key	71	DOWN	at	1599885 
1604055	[4170]	:	time Target is 1604055
1604432	[377]	:	Key	71	DOWN	at	1604431 
1609394	[4962]	:	time Target is 1609394
1614722	[5328]	:	time Target is 1614722
1615533	[811]	:	Key	71	DOWN	at	1615533 
1620059	[4526]	:	time Target is 1620059
1625398	[5339]	:	time Target is 1625398
1630723	[5325]	:	time Target is 1630723
1631117	[394]	:	Key	71	DOWN	at	1631116 
1636058	[4941]	:	time Target is 1636058
1641383	[5325]	:	time Target is 1641383
1646439	[5056]	:	Key	71	DOWN	at	1645761 
1646440	[1]	:	Key	71	UP	at	1645983 
1649259	[2819]	:	time Target is 1649259
1649982	[723]	:	Key	71	DOWN	at	1649981 
1654627	[4645]	:	time Target is 1654627
1655774	[1147]	:	Key	71	DOWN	at	1655773 
1659963	[4189]	:	time Target is 1659963
1665284	[5321]	:	time Target is 1665284
1670616	[5332]	:	time Target is 1670616
1671597	[981]	:	Key	71	DOWN	at	1671597 
1675950	[4353]	:	time Target is 1675950
1681281	[5331]	:	time Target is 1681281
1686600	[5319]	:	time Target is 1686600
1687712	[1112]	:	Key	71	DOWN	at	1687712 
1691941	[4229]	:	time Target is 1691941
1692640	[699]	:	Key	71	DOWN	at	1692639 
1697280	[4640]	:	time Target is 1697280
1698705	[1425]	:	Key	71	DOWN	at	1698704 
1702615	[3910]	:	time Target is 1702615
1703998	[1383]	:	Key	71	DOWN	at	1703998 
1707992	[3994]	:	time Target is 1707992
1713309	[5317]	:	time Target is 1713309
1714080	[771]	:	Key	71	DOWN	at	1714080 
1718665	[4585]	:	time Target is 1718665
1723988	[5323]	:	time Target is 1723988
1729304	[5316]	:	time Target is 1729304
1729631	[327]	:	Key	71	DOWN	at	1729631 
1734641	[5010]	:	time Target is 1734641
1735553	[912]	:	Key	71	DOWN	at	1735553 
1739974	[4421]	:	time Target is 1739974
1745300	[5326]	:	time Target is 1745300
1746498	[1198]	:	Key	71	DOWN	at	1746498 
1750633	[4135]	:	time Target is 1750633
1755960	[5327]	:	time Target is 1755960
1761281	[5321]	:	time Target is 1761281
1766616	[5335]	:	time Target is 1766616
1766721	[105]	:	Key	71	DOWN	at	1766721 
1771690	[4969]	:	Key	71	DOWN	at	1771505 
1774512	[2822]	:	time Target is 1774512
1775086	[574]	:	Key	71	DOWN	at	1775085 
1779855	[4769]	:	time Target is 1779855
1785172	[5317]	:	time Target is 1785172
1790493	[5321]	:	time Target is 1790493
1790848	[355]	:	Key	71	DOWN	at	1790847 
1795826	[4978]	:	time Target is 1795826
1796830	[1004]	:	Key	71	DOWN	at	1796829 
1800125	[3295]	:	Key	71	UP	at	1796990 
1820492	[20367]	:	Key	71	DOWN	at	1820492 
1821281	[789]	:	Key	71	UP	at	1820577 
1821550	[269]	:	time Target is 1821550
1822046	[496]	:	Key	71	DOWN	at	1822046 
1826890	[4844]	:	time Target is 1826890
1827121	[231]	:	Key	71	DOWN	at	1827121 
1832228	[5107]	:	time Target is 1832228
1837553	[5325]	:	time Target is 1837553
1842874	[5321]	:	time Target is 1842874
1843281	[407]	:	Key	71	DOWN	at	1843281 
1848214	[4933]	:	time Target is 1848214
1848607	[393]	:	Key	71	DOWN	at	1848606 
1853549	[4942]	:	time Target is 1853549
1858869	[5320]	:	time Target is 1858869
1860080	[1211]	:	Key	71	DOWN	at	1860080 
1864206	[4126]	:	time Target is 1864206
1869528	[5322]	:	time Target is 1869528
1869886	[358]	:	Key	71	DOWN	at	1869885 
1874867	[4981]	:	time Target is 1874867
1880192	[5325]	:	time Target is 1880192
1880864	[672]	:	Key	71	DOWN	at	1880863 
1885530	[4666]	:	time Target is 1885530
1890860	[5330]	:	time Target is 1890860
1896180	[5320]	:	time Target is 1896180
1896876	[696]	:	Key	71	DOWN	at	1896876 
1901518	[4642]	:	time Target is 1901518
1902288	[770]	:	Key	71	DOWN	at	1902288 
1906854	[4566]	:	time Target is 1906854
1912175	[5321]	:	time Target is 1912175
1917496	[5321]	:	time Target is 1917496
1922822	[5326]	:	time Target is 1922822
1923200	[378]	:	Key	71	DOWN	at	1923199 
1928160	[4960]	:	time Target is 1928160
1928913	[753]	:	Key	71	DOWN	at	1928912 
1933502	[4589]	:	time Target is 1933502
1938825	[5323]	:	time Target is 1938825
1939792	[967]	:	Key	71	DOWN	at	1939792 
1944179	[4387]	:	time Target is 1944179
1945120	[941]	:	Key	71	DOWN	at	1945120 
1949521	[4401]	:	time Target is 1949521
1950412	[891]	:	Key	71	DOWN	at	1950412 
1954858	[4446]	:	time Target is 1954858
1960183	[5325]	:	time Target is 1960183
1965506	[5323]	:	time Target is 1965506
1970834	[5328]	:	time Target is 1970834
1971519	[685]	:	Key	71	DOWN	at	1971518 
1976173	[4654]	:	time Target is 1976173
1977408	[1235]	:	Key	71	DOWN	at	1977408 
1981512	[4104]	:	time Target is 1981512
1986833	[5321]	:	time Target is 1986833
1992155	[5322]	:	time Target is 1992155
1992482	[327]	:	Key	71	DOWN	at	1992480 
1997498	[5016]	:	time Target is 1997498
1998352	[854]	:	Key	71	DOWN	at	1998352 
2002858	[4506]	:	time Target is 2002858
2003729	[871]	:	Key	71	DOWN	at	2003729 
2008200	[4471]	:	time Target is 2008200
2008832	[632]	:	Key	71	DOWN	at	2008832 
2013541	[4709]	:	time Target is 2013541
2014365	[824]	:	Key	71	DOWN	at	2014364 
2018878	[4513]	:	time Target is 2018878
2020238	[1360]	:	Key	71	DOWN	at	2020238 
2024223	[3985]	:	time Target is 2024223
2029545	[5322]	:	time Target is 2029545
2030731	[1186]	:	Key	71	DOWN	at	2030731 
2034885	[4154]	:	time Target is 2034885
2035260	[375]	:	Key	71	DOWN	at	2035260 
2040220	[4960]	:	time Target is 2040220
2041373	[1153]	:	Key	71	DOWN	at	2041373 
2045558	[4185]	:	time Target is 2045558
2046544	[986]	:	Key	71	DOWN	at	2046543 
2050891	[4347]	:	time Target is 2050891
2056216	[5325]	:	time Target is 2056216
2057391	[1175]	:	Key	71	DOWN	at	2057391 
2061553	[4162]	:	time Target is 2061553
2062141	[588]	:	Key	71	DOWN	at	2062141 
2066893	[4752]	:	time Target is 2066893
2072214	[5321]	:	time Target is 2072214
2077538	[5324]	:	time Target is 2077538
2078397	[859]	:	Key	71	DOWN	at	2078396 
2082873	[4476]	:	time Target is 2082873
2083118	[245]	:	Key	71	DOWN	at	2083117 
2088206	[5088]	:	time Target is 2088206
2089583	[1377]	:	Key	71	DOWN	at	2089583 
2093542	[3959]	:	time Target is 2093542
2094286	[744]	:	Key	71	DOWN	at	2094286 
2098883	[4597]	:	time Target is 2098883
2104209	[5326]	:	time Target is 2104209
2109533	[5324]	:	time Target is 2109533
2110206	[673]	:	Key	71	DOWN	at	2110206 
2114872	[4666]	:	time Target is 2114872
2119927	[5055]	:	Key	71	DOWN	at	2119695 
2119927	[0]	:	Key	71	UP	at	2119902 
2122743	[2816]	:	time Target is 2122743
2128106	[5363]	:	time Target is 2128106
2133164	[5058]	:	Key	71	DOWN	at	2132652 
2133165	[1]	:	Key	71	UP	at	2132956 
2135980	[2815]	:	time Target is 2135980
2137087	[1107]	:	Key	71	DOWN	at	2137087 
2141319	[4232]	:	time Target is 2141319
2146643	[5324]	:	time Target is 2146643
2147870	[1227]	:	Key	71	DOWN	at	2147870 
2151980	[4110]	:	time Target is 2151980
2157303	[5323]	:	time Target is 2157303
2162624	[5321]	:	time Target is 2162624
2167944	[5320]	:	time Target is 2167944
2168860	[916]	:	Key	71	DOWN	at	2168860 
2173291	[4431]	:	time Target is 2173290
2178614	[5323]	:	time Target is 2178614
2183938	[5324]	:	time Target is 2183938
2189261	[5323]	:	time Target is 2189261
2194588	[5327]	:	time Target is 2194588
2195501	[913]	:	Key	71	DOWN	at	2195500 
2199934	[4433]	:	time Target is 2199934
2205255	[5321]	:	time Target is 2205255
2210581	[5326]	:	time Target is 2210581
2215901	[5320]	:	time Target is 2215901
2216302	[401]	:	Key	71	DOWN	at	2216301 
2221244	[4942]	:	time Target is 2221244
2226567	[5323]	:	time Target is 2226567
2226896	[329]	:	Key	71	DOWN	at	2226896 
2231907	[5011]	:	time Target is 2231907
2237222	[5315]	:	time Target is 2237222
2237726	[504]	:	Key	71	DOWN	at	2237726 
2242558	[4832]	:	time Target is 2242558
2247879	[5321]	:	time Target is 2247879
2248447	[568]	:	Key	71	DOWN	at	2248446 
2253214	[4767]	:	time Target is 2253214
2258555	[5341]	:	time Target is 2258555
2263877	[5322]	:	time Target is 2263877
2264379	[502]	:	Key	71	DOWN	at	2264379 
2269213	[4834]	:	time Target is 2269213
2274537	[5324]	:	time Target is 2274537
2279861	[5324]	:	time Target is 2279861
2280495	[634]	:	Key	71	DOWN	at	2280495 
2285191	[4696]	:	time Target is 2285191
2285709	[518]	:	Key	71	DOWN	at	2285708 
2290530	[4821]	:	time Target is 2290530
2300027	[9497]	:	Key	71	DOWN	at	2300027 
2300110	[83]	:	Key	71	UP	at	2300110 
2311038	[10928]	:	Key	75	DOWN	at	2311038 
2311040	[2]	:	Key	76	DOWN	at	2311038 
2311068	[28]	:	Key	75	UP	at	2311067 
2311068	[0]	:	Key	76	UP	at	2311067 
2312893	[1825]	:	Key	28	DOWN	at	2312892 
2312956	[63]	:	Key	28	UP	at	2312956 
2321230	[8274]	:	Key	28	DOWN	at	2321230 
2321323	[93]	:	Key	28	UP	at	2321323 
2329164	[7841]	:	Key	29	DOWN	at	2329164 
2329293	[129]	:	Key	29	UP	at	2329293 
2334734	[5441]	:	Key	29	DOWN	at	2334733 
2334862	[128]	:	Key	29	UP	at	2334861 
2341420	[6558]	:	Key	29	DOWN	at	2341420 
2341566	[146]	:	Key	29	UP	at	2341565 
2345327	[3761]	:	Key	28	DOWN	at	2345326 
2345439	[112]	:	Key	28	UP	at	2345438 
2352317	[6878]	:	Key	28	DOWN	at	2352317 
2352430	[113]	:	Key	28	UP	at	2352429 
2355743	[3313]	:	Key	29	DOWN	at	2355743 
2355950	[207]	:	Key	29	UP	at	2355950 
2365024	[9074]	:	Key	29	DOWN	at	2365024 
2365118	[94]	:	Key	29	UP	at	2365118 
2369343	[4225]	:	Key	28	DOWN	at	2369343 
2369438	[95]	:	Key	28	UP	at	2369437 
2376333	[6895]	:	Key	28	DOWN	at	2376331 
2376460	[127]	:	Key	28	UP	at	2376459 
2382784	[6324]	:	Key	29	DOWN	at	2382783 
2382908	[124]	:	Key	29	UP	at	2382907 
2388171	[5263]	:	Key	29	DOWN	at	2388171 
2388335	[164]	:	Key	29	UP	at	2388334 
2390971	[2636]	:	Key	29	DOWN	at	2390971 
2391099	[128]	:	Key	29	UP	at	2391099 
2396283	[5184]	:	Key	28	DOWN	at	2396283 
2396411	[128]	:	Key	28	UP	at	2396411 
2398540	[2129]	:	Key	28	DOWN	at	2398540 
2398593	[53]	:	COGENT STOP
