Cog2000 log file Thu Aug 22 12:35:07 2019
gprim v1.33 Compiled:Aug 12 2015 (GLib DirectDraw v7 DX12.0 Compiled:Aug 12 2015)
Display:1024x768x32 59.95Hz
CogInput v1.05 Compiled: May 20 2010
0	[0]	:	COGENT START
10109	[10109]	:	Key	71	DOWN	at	10108   
10184	[75]	:	Key	71	UP	at	10183   
27863	[17679]	:	Key	71	DOWN	at	27863   
27948	[85]	:	Key	71	UP	at	27947   
32104	[4156]	:	Key	71	DOWN	at	32104   
32186	[82]	:	Key	71	UP	at	32186   
42602	[10416]	:	Key	71	DOWN	at	42602   
42698	[96]	:	Key	71	UP	at	42697   
58087	[15389]	:	Key	71	DOWN	at	58087   
58140	[53]	:	Key	71	UP	at	58140   
76317	[18177]	:	Key	71	DOWN	at	76316   
77147	[830]	:	time Target is 77146
78157	[1010]	:	Key	71	DOWN	at	78156   
83255	[5098]	:	time Target is 83255
84024	[769]	:	Key	71	DOWN	at	84023   
89344	[5320]	:	time Target is 89343
90041	[697]	:	Key	71	DOWN	at	90041   
95436	[5395]	:	time Target is 95436
96040	[604]	:	Key	71	DOWN	at	96040   
105384	[9344]	:	Key	71	DOWN	at	105384  
106445	[1061]	:	time Target is 106445
112779	[6334]	:	time Target is 112778
119100	[6321]	:	time Target is 119099
125421	[6321]	:	time Target is 125421
144523	[19102]	:	Key	71	DOWN	at	144522  
144648	[125]	:	Key	71	UP	at	144648  
148728	[4080]	:	Key	71	DOWN	at	148727  
148827	[99]	:	Key	71	UP	at	148826  
152969	[4142]	:	Key	71	DOWN	at	152969  
153034	[65]	:	Key	71	UP	at	153034  
161225	[8191]	:	Key	71	DOWN	at	161225  
161290	[65]	:	Key	71	UP	at	161290  
165530	[4240]	:	Key	71	DOWN	at	165530  
166332	[802]	:	Key	71	UP	at	165671  
166356	[24]	:	time Target is 166356
167133	[777]	:	Key	71	DOWN	at	167132  
171456	[4323]	:	time Target is 171456
172284	[828]	:	Key	71	DOWN	at	172284  
176553	[4269]	:	time Target is 176553
177228	[675]	:	Key	71	DOWN	at	177228  
181647	[4419]	:	time Target is 181647
182248	[601]	:	Key	71	DOWN	at	182248  
186742	[4494]	:	time Target is 186742
187496	[754]	:	Key	71	DOWN	at	187496  
191048	[3552]	:	Key	71	UP	at	187704  
193595	[2547]	:	Key	71	DOWN	at	193595  
194381	[786]	:	Key	71	UP	at	193737  
194401	[20]	:	time Target is 194401
206301	[11900]	:	Key	71	DOWN	at	206300  
206377	[76]	:	Key	71	UP	at	206377  
210169	[3792]	:	Key	71	DOWN	at	210169  
210962	[793]	:	Key	71	UP	at	210316  
210986	[24]	:	time Target is 210986
211436	[450]	:	Key	71	DOWN	at	211436  
216073	[4637]	:	time Target is 216073
216807	[734]	:	Key	71	DOWN	at	216807  
221162	[4355]	:	time Target is 221161
226235	[5073]	:	time Target is 226235
238392	[12157]	:	Key	71	DOWN	at	238392  
238457	[65]	:	Key	71	UP	at	238457  
241949	[3492]	:	Key	71	DOWN	at	241948  
242741	[792]	:	Key	71	UP	at	242108  
242764	[23]	:	time Target is 242764
243547	[783]	:	Key	71	DOWN	at	243547  
247854	[4307]	:	time Target is 247854
252919	[5065]	:	time Target is 252918
253499	[580]	:	Key	71	DOWN	at	253499  
258005	[4506]	:	time Target is 258005
258439	[434]	:	Key	71	DOWN	at	258439  
262302	[3863]	:	Key	71	UP	at	258617  
270171	[7869]	:	Key	71	DOWN	at	270171  
270283	[112]	:	Key	71	UP	at	270282  
273720	[3437]	:	Key	71	DOWN	at	273719  
274511	[791]	:	Key	71	UP	at	273852  
274535	[24]	:	time Target is 274534
274908	[373]	:	Key	71	DOWN	at	274908  
279629	[4721]	:	time Target is 279629
284701	[5072]	:	time Target is 284701
289780	[5079]	:	time Target is 289779
300855	[11075]	:	Key	71	DOWN	at	300855  
300939	[84]	:	Key	71	UP	at	300938  
316183	[15244]	:	Key	71	DOWN	at	316183  
316285	[102]	:	Key	71	UP	at	316284  
330188	[13903]	:	Key	71	DOWN	at	330188  
330249	[61]	:	Key	71	UP	at	330248  
342045	[11796]	:	Key	71	DOWN	at	342044  
342138	[93]	:	Key	71	UP	at	342137  
349368	[7230]	:	Key	71	DOWN	at	349368  
351934	[2566]	:	time Target is 351934
352249	[315]	:	Key	71	DOWN	at	352249  
357272	[5023]	:	time Target is 357272
357690	[418]	:	Key	71	DOWN	at	357689  
362615	[4925]	:	time Target is 362615
363084	[469]	:	Key	71	DOWN	at	363083  
367950	[4866]	:	time Target is 367950
373279	[5329]	:	time Target is 373279
378608	[5329]	:	time Target is 378608
383932	[5324]	:	time Target is 383932
389261	[5329]	:	time Target is 389261
394582	[5321]	:	time Target is 394582
399897	[5315]	:	time Target is 399897
405219	[5322]	:	time Target is 405219
410544	[5325]	:	time Target is 410544
415868	[5324]	:	time Target is 415868
416184	[316]	:	Key	71	DOWN	at	416184  
421226	[5042]	:	time Target is 421226
426553	[5327]	:	time Target is 426553
431877	[5324]	:	time Target is 431877
432572	[695]	:	Key	71	DOWN	at	432572  
437210	[4638]	:	time Target is 437210
442537	[5327]	:	time Target is 442537
442841	[304]	:	Key	71	DOWN	at	442841  
447879	[5038]	:	time Target is 447879
448236	[357]	:	Key	71	DOWN	at	448235  
453212	[4976]	:	time Target is 453212
458533	[5321]	:	time Target is 458533
458795	[262]	:	Key	71	DOWN	at	458795  
463874	[5079]	:	time Target is 463874
464505	[631]	:	Key	71	DOWN	at	464504  
469210	[4705]	:	time Target is 469210
469641	[431]	:	Key	71	DOWN	at	469641  
474552	[4911]	:	time Target is 474552
474874	[322]	:	Key	71	DOWN	at	474874  
479890	[5016]	:	time Target is 479890
480763	[873]	:	Key	71	DOWN	at	480763  
485228	[4465]	:	time Target is 485228
485837	[609]	:	Key	71	DOWN	at	485836  
490574	[4737]	:	time Target is 490574
490844	[270]	:	Key	71	DOWN	at	490844  
495914	[5070]	:	time Target is 495914
501240	[5326]	:	time Target is 501240
501530	[290]	:	Key	71	DOWN	at	501530  
506581	[5051]	:	time Target is 506581
511905	[5324]	:	time Target is 511905
517235	[5330]	:	time Target is 517235
517562	[327]	:	Key	71	DOWN	at	517562  
522566	[5004]	:	time Target is 522566
522844	[278]	:	Key	71	DOWN	at	522844  
527901	[5057]	:	time Target is 527901
528235	[334]	:	Key	71	DOWN	at	528234  
533238	[5003]	:	time Target is 533238
538567	[5329]	:	time Target is 538567
538952	[385]	:	Key	71	DOWN	at	538952  
543901	[4949]	:	time Target is 543901
543946	[45]	:	Key	71	DOWN	at	543946  
549239	[5293]	:	time Target is 549239
549533	[294]	:	Key	71	DOWN	at	549532  
554580	[5047]	:	time Target is 554580
554647	[67]	:	Key	71	DOWN	at	554647  
559913	[5266]	:	time Target is 559913
560283	[370]	:	Key	71	DOWN	at	560283  
565247	[4964]	:	time Target is 565247
570573	[5326]	:	time Target is 570573
570855	[282]	:	Key	71	DOWN	at	570855  
575915	[5060]	:	time Target is 575915
581227	[5312]	:	time Target is 581227
581623	[396]	:	Key	71	DOWN	at	581623  
586572	[4949]	:	time Target is 586572
586890	[318]	:	Key	71	DOWN	at	586889  
591910	[5020]	:	time Target is 591910
592267	[357]	:	Key	71	DOWN	at	592267  
597249	[4982]	:	time Target is 597249
597624	[375]	:	Key	71	DOWN	at	597623  
602584	[4960]	:	time Target is 602584
602920	[336]	:	Key	71	DOWN	at	602920  
607920	[5000]	:	time Target is 607920
608185	[265]	:	Key	71	DOWN	at	608184  
613254	[5069]	:	time Target is 613254
613916	[662]	:	Key	71	DOWN	at	613915  
618604	[4688]	:	time Target is 618604
618908	[304]	:	Key	71	DOWN	at	618908  
623942	[5034]	:	time Target is 623942
624552	[610]	:	Key	71	DOWN	at	624552  
629279	[4727]	:	time Target is 629279
629593	[314]	:	Key	71	DOWN	at	629593  
634622	[5029]	:	time Target is 634622
634935	[313]	:	Key	71	DOWN	at	634935  
639960	[5025]	:	time Target is 639960
645283	[5323]	:	time Target is 645283
645560	[277]	:	Key	71	DOWN	at	645559  
650619	[5059]	:	time Target is 650619
650876	[257]	:	Key	71	DOWN	at	650876  
655965	[5089]	:	time Target is 655965
656216	[251]	:	Key	71	DOWN	at	656216  
661303	[5087]	:	time Target is 661303
666622	[5319]	:	time Target is 666622
666905	[283]	:	Key	71	DOWN	at	666905  
671960	[5055]	:	time Target is 671960
677285	[5325]	:	time Target is 677285
682606	[5321]	:	time Target is 682606
682920	[314]	:	Key	71	DOWN	at	682919  
687942	[5022]	:	time Target is 687942
693263	[5321]	:	time Target is 693263
693593	[330]	:	Key	71	DOWN	at	693592  
698600	[5007]	:	time Target is 698600
703930	[5330]	:	time Target is 703930
704204	[274]	:	Key	71	DOWN	at	704204  
709265	[5061]	:	time Target is 709265
709512	[247]	:	Key	71	DOWN	at	709512  
714606	[5094]	:	time Target is 714606
714888	[282]	:	Key	71	DOWN	at	714888  
719948	[5060]	:	time Target is 719948
720234	[286]	:	Key	71	DOWN	at	720234  
725288	[5054]	:	time Target is 725288
730610	[5322]	:	time Target is 730610
730920	[310]	:	Key	71	DOWN	at	730919  
735953	[5033]	:	time Target is 735953
736249	[296]	:	Key	71	DOWN	at	736248  
741286	[5037]	:	time Target is 741286
746606	[5320]	:	time Target is 746606
746936	[330]	:	Key	71	DOWN	at	746935  
751947	[5011]	:	time Target is 751947
752218	[271]	:	Key	71	DOWN	at	752217  
757288	[5070]	:	time Target is 757288
758169	[881]	:	Key	71	DOWN	at	758169  
762625	[4456]	:	time Target is 762625
763068	[443]	:	Key	71	DOWN	at	763068  
767970	[4902]	:	time Target is 767970
773290	[5320]	:	time Target is 773290
773817	[527]	:	Key	71	DOWN	at	773816  
778632	[4815]	:	time Target is 778632
778937	[305]	:	Key	71	DOWN	at	778937  
783977	[5040]	:	time Target is 783977
789303	[5326]	:	time Target is 789303
789562	[259]	:	Key	71	DOWN	at	789561  
794637	[5075]	:	time Target is 794637
794925	[288]	:	Key	71	DOWN	at	794924  
799995	[5070]	:	time Target is 799995
800250	[255]	:	Key	71	DOWN	at	800249  
805333	[5083]	:	time Target is 805333
805626	[293]	:	Key	71	DOWN	at	805625  
810673	[5047]	:	time Target is 810673
810957	[284]	:	Key	71	DOWN	at	810956  
816021	[5064]	:	time Target is 816021
816664	[643]	:	Key	71	DOWN	at	816664  
821355	[4691]	:	time Target is 821355
821657	[302]	:	Key	71	DOWN	at	821657  
826693	[5036]	:	time Target is 826693
841641	[14948]	:	Key	71	DOWN	at	841641  
842432	[791]	:	Key	71	UP	at	841754  
842701	[269]	:	time Target is 842701
843162	[461]	:	Key	71	DOWN	at	843162  
848037	[4875]	:	time Target is 848037
848314	[277]	:	Key	71	DOWN	at	848313  
853380	[5066]	:	time Target is 853380
858700	[5320]	:	time Target is 858700
858969	[269]	:	Key	71	DOWN	at	858968  
864048	[5079]	:	time Target is 864048
869371	[5323]	:	time Target is 869371
869608	[237]	:	Key	71	DOWN	at	869608  
874702	[5094]	:	time Target is 874702
874970	[268]	:	Key	71	DOWN	at	874970  
880041	[5071]	:	time Target is 880041
885378	[5337]	:	time Target is 885378
886124	[746]	:	Key	71	DOWN	at	886124  
890716	[4592]	:	time Target is 890716
890955	[239]	:	Key	71	DOWN	at	890954  
896057	[5102]	:	time Target is 896057
897032	[975]	:	Key	71	DOWN	at	897032  
901391	[4359]	:	time Target is 901391
901643	[252]	:	Key	71	DOWN	at	901642  
906727	[5084]	:	time Target is 906727
912058	[5331]	:	time Target is 912058
912301	[243]	:	Key	71	DOWN	at	912301  
917397	[5096]	:	time Target is 917397
917657	[260]	:	Key	71	DOWN	at	917657  
922735	[5078]	:	time Target is 922735
922775	[40]	:	Key	71	DOWN	at	922775  
928073	[5298]	:	time Target is 928073
928748	[675]	:	Key	71	DOWN	at	928747  
933414	[4666]	:	time Target is 933414
933660	[246]	:	Key	71	DOWN	at	933659  
938766	[5106]	:	time Target is 938766
939016	[250]	:	Key	71	DOWN	at	939016  
944100	[5084]	:	time Target is 944100
949426	[5326]	:	time Target is 949426
949770	[344]	:	Key	71	DOWN	at	949770  
954765	[4995]	:	time Target is 954765
960081	[5316]	:	time Target is 960081
965408	[5327]	:	time Target is 965408
965832	[424]	:	Key	71	DOWN	at	965832  
970747	[4915]	:	time Target is 970747
976069	[5322]	:	time Target is 976069
981391	[5322]	:	time Target is 981391
981673	[282]	:	Key	71	DOWN	at	981673  
986733	[5060]	:	time Target is 986733
992060	[5327]	:	time Target is 992060
992267	[207]	:	Key	71	DOWN	at	992267  
997407	[5140]	:	time Target is 997407
997626	[219]	:	Key	71	DOWN	at	997626  
1002740	[5114]	:	time Target is 1002740
1008063	[5323]	:	time Target is 1008063
1013381	[5318]	:	time Target is 1013381
1013657	[276]	:	Key	71	DOWN	at	1013656 
1018717	[5060]	:	time Target is 1018717
1024040	[5323]	:	time Target is 1024040
1024267	[227]	:	Key	71	DOWN	at	1024267 
1029380	[5113]	:	time Target is 1029380
1029897	[517]	:	Key	71	DOWN	at	1029896 
1034721	[4824]	:	time Target is 1034721
1035051	[330]	:	Key	71	DOWN	at	1035050 
1040074	[5023]	:	time Target is 1040074
1045394	[5320]	:	time Target is 1045394
1045656	[262]	:	Key	71	DOWN	at	1045656 
1050740	[5084]	:	time Target is 1050740
1050989	[249]	:	Key	71	DOWN	at	1050988 
1056074	[5085]	:	time Target is 1056074
1056218	[144]	:	Key	71	DOWN	at	1056217 
1061410	[5192]	:	time Target is 1061410
1066731	[5321]	:	time Target is 1066731
1072051	[5320]	:	time Target is 1072051
1077378	[5327]	:	time Target is 1077378
1077674	[296]	:	Key	71	DOWN	at	1077674 
1082713	[5039]	:	time Target is 1082713
1088037	[5324]	:	time Target is 1088037
1093355	[5318]	:	time Target is 1093355
1098677	[5322]	:	time Target is 1098677
1098951	[274]	:	Key	71	DOWN	at	1098951 
1104012	[5061]	:	time Target is 1104012
1109334	[5322]	:	time Target is 1109334
1109611	[277]	:	Key	71	DOWN	at	1109611 
1114666	[5055]	:	time Target is 1114666
1114777	[111]	:	Key	71	DOWN	at	1114777 
1120003	[5226]	:	time Target is 1120003
1125328	[5325]	:	time Target is 1125328
1125579	[251]	:	Key	71	DOWN	at	1125578 
1130670	[5091]	:	time Target is 1130670
1135991	[5321]	:	time Target is 1135991
1136252	[261]	:	Key	71	DOWN	at	1136251 
1141333	[5081]	:	time Target is 1141333
1146666	[5333]	:	time Target is 1146666
1146730	[64]	:	Key	71	DOWN	at	1146729 
1152001	[5271]	:	time Target is 1152001
1157325	[5324]	:	time Target is 1157325
1162658	[5333]	:	time Target is 1162658
1162891	[233]	:	Key	71	DOWN	at	1162890 
1168002	[5111]	:	time Target is 1168002
1173322	[5320]	:	time Target is 1173322
1178653	[5331]	:	time Target is 1178653
1183981	[5328]	:	time Target is 1183981
1184234	[253]	:	Key	71	DOWN	at	1184234 
1189316	[5082]	:	time Target is 1189316
1194635	[5319]	:	time Target is 1194635
1194732	[97]	:	Key	71	DOWN	at	1194731 
1199969	[5237]	:	time Target is 1199969
1200188	[219]	:	Key	71	DOWN	at	1200188 
1205313	[5125]	:	time Target is 1205313
1205528	[215]	:	Key	71	DOWN	at	1205528 
1210641	[5113]	:	time Target is 1210641
1215961	[5320]	:	time Target is 1215961
1221283	[5322]	:	time Target is 1221283
1226604	[5321]	:	time Target is 1226604
1231934	[5330]	:	time Target is 1231934
1232105	[171]	:	Key	71	DOWN	at	1232105 
1237274	[5169]	:	time Target is 1237274
1237528	[254]	:	Key	71	DOWN	at	1237527 
1242614	[5086]	:	time Target is 1242614
1247941	[5327]	:	time Target is 1247941
1253264	[5323]	:	time Target is 1253264
1253739	[475]	:	Key	71	DOWN	at	1253738 
1258605	[4866]	:	time Target is 1258605
1263932	[5327]	:	time Target is 1263932
1269257	[5325]	:	time Target is 1269257
1274582	[5325]	:	time Target is 1274582
1279910	[5328]	:	time Target is 1279910
1280151	[241]	:	Key	71	DOWN	at	1280151 
1285246	[5095]	:	time Target is 1285246
1285355	[109]	:	Key	71	DOWN	at	1285354 
1290585	[5230]	:	time Target is 1290585
1290731	[146]	:	Key	71	DOWN	at	1290731 
1295923	[5192]	:	time Target is 1295923
1301247	[5324]	:	time Target is 1301247
1301531	[284]	:	Key	71	DOWN	at	1301531 
1306584	[5053]	:	time Target is 1306584
1306685	[101]	:	Key	71	DOWN	at	1306684 
1311921	[5236]	:	time Target is 1311921
1317244	[5323]	:	time Target is 1317244
1317611	[367]	:	Key	71	DOWN	at	1317610 
1321544	[3933]	:	Key	71	UP	at	1317769 
1341082	[19538]	:	Key	71	DOWN	at	1341082 
1341228	[146]	:	Key	71	UP	at	1341227 
1343723	[2495]	:	Key	71	DOWN	at	1343722 
1344511	[788]	:	Key	71	UP	at	1343834 
1344783	[272]	:	time Target is 1344782
1345179	[396]	:	Key	71	DOWN	at	1345178 
1350118	[4939]	:	time Target is 1350118
1350347	[229]	:	Key	71	DOWN	at	1350347 
1355456	[5109]	:	time Target is 1355456
1360780	[5324]	:	time Target is 1360780
1361050	[270]	:	Key	71	DOWN	at	1361050 
1366123	[5073]	:	time Target is 1366123
1366300	[177]	:	Key	71	DOWN	at	1366300 
1371457	[5157]	:	time Target is 1371457
1371932	[475]	:	Key	71	DOWN	at	1371932 
1376792	[4860]	:	time Target is 1376792
1377064	[272]	:	Key	71	DOWN	at	1377063 
1382127	[5063]	:	time Target is 1382127
1382363	[236]	:	Key	71	DOWN	at	1382363 
1387464	[5101]	:	time Target is 1387464
1392787	[5323]	:	time Target is 1392787
1398108	[5321]	:	time Target is 1398108
1403428	[5320]	:	time Target is 1403428
1404167	[739]	:	Key	71	DOWN	at	1404167 
1408764	[4597]	:	time Target is 1408764
1414090	[5326]	:	time Target is 1414090
1414380	[290]	:	Key	71	DOWN	at	1414379 
1419431	[5051]	:	time Target is 1419431
1419689	[258]	:	Key	71	DOWN	at	1419689 
1424765	[5076]	:	time Target is 1424765
1430097	[5332]	:	time Target is 1430097
1435418	[5321]	:	time Target is 1435418
1440736	[5318]	:	time Target is 1440736
1440972	[236]	:	Key	71	DOWN	at	1440972 
1446080	[5108]	:	time Target is 1446080
1446284	[204]	:	Key	71	DOWN	at	1446283 
1451416	[5132]	:	time Target is 1451416
1456739	[5323]	:	time Target is 1456739
1462063	[5324]	:	time Target is 1462063
1462441	[378]	:	Key	71	DOWN	at	1462441 
1467405	[4964]	:	time Target is 1467405
1467432	[27]	:	Key	71	DOWN	at	1467432 
1472739	[5307]	:	time Target is 1472739
1478068	[5329]	:	time Target is 1478068
1478089	[21]	:	Key	71	DOWN	at	1478088 
1483399	[5310]	:	time Target is 1483399
1488725	[5326]	:	time Target is 1488725
1489068	[343]	:	Key	71	DOWN	at	1489068 
1494063	[4995]	:	time Target is 1494063
1494268	[205]	:	Key	71	DOWN	at	1494266 
1499401	[5133]	:	time Target is 1499401
1504723	[5322]	:	time Target is 1504723
1504841	[118]	:	Key	71	DOWN	at	1504840 
1510066	[5225]	:	time Target is 1510066
1510120	[54]	:	Key	71	DOWN	at	1510120 
1515398	[5278]	:	time Target is 1515398
1520729	[5331]	:	time Target is 1520729
1520730	[1]	:	Key	71	DOWN	at	1520730 
1526059	[5329]	:	time Target is 1526059
1531381	[5322]	:	time Target is 1531381
1531466	[85]	:	Key	71	DOWN	at	1531465 
1536721	[5255]	:	time Target is 1536721
1542042	[5321]	:	time Target is 1542042
1542218	[176]	:	Key	71	DOWN	at	1542218 
1547379	[5161]	:	time Target is 1547379
1552699	[5320]	:	time Target is 1552699
1552763	[64]	:	Key	71	DOWN	at	1552763 
1558048	[5285]	:	time Target is 1558048
1563376	[5328]	:	time Target is 1563376
1564137	[761]	:	Key	71	DOWN	at	1564136 
1568719	[4582]	:	time Target is 1568719
1568860	[141]	:	Key	71	DOWN	at	1568859 
1574054	[5194]	:	time Target is 1574054
1579386	[5332]	:	time Target is 1579386
1584709	[5323]	:	time Target is 1584709
1585228	[519]	:	Key	71	DOWN	at	1585228 
1590040	[4812]	:	time Target is 1590040
1590216	[176]	:	Key	71	DOWN	at	1590216 
1595382	[5166]	:	time Target is 1595382
1595656	[274]	:	Key	71	DOWN	at	1595655 
1600720	[5064]	:	time Target is 1600720
1600986	[266]	:	Key	71	DOWN	at	1600986 
1606062	[5076]	:	time Target is 1606062
1606631	[569]	:	Key	71	DOWN	at	1606631 
1611400	[4769]	:	time Target is 1611400
1616723	[5323]	:	time Target is 1616723
1622046	[5323]	:	time Target is 1622046
1622073	[27]	:	Key	71	DOWN	at	1622073 
1627375	[5302]	:	time Target is 1627375
1628295	[920]	:	Key	71	DOWN	at	1628295 
1632710	[4415]	:	time Target is 1632710
1632936	[226]	:	Key	71	DOWN	at	1632935 
1638048	[5112]	:	time Target is 1638048
1638620	[572]	:	Key	71	DOWN	at	1638619 
1643386	[4766]	:	time Target is 1643386
1644378	[992]	:	Key	71	DOWN	at	1644378 
1648726	[4348]	:	time Target is 1648726
1654045	[5319]	:	time Target is 1654045
1654392	[347]	:	Key	71	DOWN	at	1654392 
1659377	[4985]	:	time Target is 1659377
1659514	[137]	:	Key	71	DOWN	at	1659514 
1664710	[5196]	:	time Target is 1664710
1670034	[5324]	:	time Target is 1670034
1675353	[5319]	:	time Target is 1675353
1675595	[242]	:	Key	71	DOWN	at	1675595 
1680698	[5103]	:	time Target is 1680698
1686023	[5325]	:	time Target is 1686023
1691345	[5322]	:	time Target is 1691345
1696668	[5323]	:	time Target is 1696668
1701989	[5321]	:	time Target is 1701989
1702201	[212]	:	Key	71	DOWN	at	1702201 
1707324	[5123]	:	time Target is 1707324
1712653	[5329]	:	time Target is 1712653
1713049	[396]	:	Key	71	DOWN	at	1713048 
1717990	[4941]	:	time Target is 1717990
1718124	[134]	:	Key	71	DOWN	at	1718124 
1723330	[5206]	:	time Target is 1723330
1723997	[667]	:	Key	71	DOWN	at	1723996 
1728679	[4682]	:	time Target is 1728679
1733999	[5320]	:	time Target is 1733999
1739323	[5324]	:	time Target is 1739323
1739532	[209]	:	Key	71	DOWN	at	1739532 
1744660	[5128]	:	time Target is 1744660
1745095	[435]	:	Key	71	DOWN	at	1745095 
1749997	[4902]	:	time Target is 1749997
1750107	[110]	:	Key	71	DOWN	at	1750107 
1755337	[5230]	:	time Target is 1755337
1760655	[5318]	:	time Target is 1760655
1760920	[265]	:	Key	71	DOWN	at	1760919 
1765997	[5077]	:	time Target is 1765997
1771314	[5317]	:	time Target is 1771314
1776639	[5325]	:	time Target is 1776639
1776940	[301]	:	Key	71	DOWN	at	1776940 
1781974	[5034]	:	time Target is 1781974
1787294	[5320]	:	time Target is 1787294
1792614	[5320]	:	time Target is 1792614
1792651	[37]	:	Key	71	DOWN	at	1792650 
1797947	[5296]	:	time Target is 1797947
1798476	[529]	:	Key	71	DOWN	at	1798475 
1803286	[4810]	:	time Target is 1803286
1803465	[179]	:	Key	71	DOWN	at	1803465 
1808623	[5158]	:	time Target is 1808623
1813945	[5322]	:	time Target is 1813945
1814298	[353]	:	Key	71	DOWN	at	1814297 
1819285	[4987]	:	time Target is 1819285
1819549	[264]	:	Key	71	DOWN	at	1819548 
1823590	[4041]	:	Key	71	UP	at	1819671 
1841383	[17793]	:	Key	71	DOWN	at	1841383 
1842173	[790]	:	Key	71	UP	at	1841482 
1842439	[266]	:	time Target is 1842439
1842844	[405]	:	Key	71	DOWN	at	1842844 
1847784	[4940]	:	time Target is 1847784
1853103	[5319]	:	time Target is 1853103
1853431	[328]	:	Key	71	DOWN	at	1853431 
1858441	[5010]	:	time Target is 1858441
1859226	[785]	:	Key	71	DOWN	at	1859226 
1863783	[4557]	:	time Target is 1863783
1869105	[5322]	:	time Target is 1869105
1874435	[5330]	:	time Target is 1874435
1879750	[5315]	:	time Target is 1879750
1879881	[131]	:	Key	71	DOWN	at	1879881 
1885090	[5209]	:	time Target is 1885090
1890410	[5320]	:	time Target is 1890410
1895733	[5323]	:	time Target is 1895733
1895864	[131]	:	Key	71	DOWN	at	1895864 
1901082	[5218]	:	time Target is 1901082
1901820	[738]	:	Key	71	DOWN	at	1901820 
1906420	[4600]	:	time Target is 1906420
1911743	[5323]	:	time Target is 1911743
1911915	[172]	:	Key	71	DOWN	at	1911915 
1917083	[5168]	:	time Target is 1917083
1917208	[125]	:	Key	71	DOWN	at	1917207 
1922422	[5214]	:	time Target is 1922422
1922729	[307]	:	Key	71	DOWN	at	1922728 
1927762	[5033]	:	time Target is 1927762
1933081	[5319]	:	time Target is 1933081
1933306	[225]	:	Key	71	DOWN	at	1933306 
1938423	[5117]	:	time Target is 1938423
1939165	[742]	:	Key	71	DOWN	at	1939164 
1943756	[4591]	:	time Target is 1943756
1944152	[396]	:	Key	71	DOWN	at	1944151 
1949100	[4948]	:	time Target is 1949100
1954425	[5325]	:	time Target is 1954425
1954537	[112]	:	Key	71	DOWN	at	1954537 
1959768	[5231]	:	time Target is 1959768
1965097	[5329]	:	time Target is 1965097
1965515	[418]	:	Key	71	DOWN	at	1965513 
1970434	[4919]	:	time Target is 1970434
1975755	[5321]	:	time Target is 1975755
1981076	[5321]	:	time Target is 1981076
1986399	[5323]	:	time Target is 1986399
1986665	[266]	:	Key	71	DOWN	at	1986665 
1991734	[5069]	:	time Target is 1991734
1997064	[5330]	:	time Target is 1997064
1997321	[257]	:	Key	71	DOWN	at	1997320 
2002396	[5075]	:	time Target is 2002396
2002697	[301]	:	Key	71	DOWN	at	2002697 
2007728	[5031]	:	time Target is 2007728
2008124	[396]	:	Key	71	DOWN	at	2008123 
2013074	[4950]	:	time Target is 2013074
2018396	[5322]	:	time Target is 2018396
2018619	[223]	:	Key	71	DOWN	at	2018619 
2023727	[5108]	:	time Target is 2023727
2024010	[283]	:	Key	71	DOWN	at	2024010 
2029069	[5059]	:	time Target is 2029069
2029866	[797]	:	Key	71	DOWN	at	2029866 
2034389	[4523]	:	time Target is 2034389
2039697	[5308]	:	time Target is 2039697
2045011	[5314]	:	time Target is 2045011
2050326	[5315]	:	time Target is 2050326
2055632	[5306]	:	time Target is 2055632
2055884	[252]	:	Key	71	DOWN	at	2055882 
2060949	[5065]	:	time Target is 2060949
2061944	[995]	:	Key	71	DOWN	at	2061944 
2066266	[4322]	:	time Target is 2066266
2071572	[5306]	:	time Target is 2071572
2076880	[5308]	:	time Target is 2076880
2077482	[602]	:	Key	71	DOWN	at	2077482 
2082204	[4722]	:	time Target is 2082204
2082283	[79]	:	Key	71	DOWN	at	2082282 
2087529	[5246]	:	time Target is 2087529
2092850	[5321]	:	time Target is 2092850
2093322	[472]	:	Key	71	DOWN	at	2093321 
2098202	[4880]	:	time Target is 2098202
2103527	[5325]	:	time Target is 2103527
2103961	[434]	:	Key	71	DOWN	at	2103961 
2108871	[4910]	:	time Target is 2108871
2114195	[5324]	:	time Target is 2114195
2119521	[5326]	:	time Target is 2119521
2119579	[58]	:	Key	71	DOWN	at	2119578 
2124854	[5275]	:	time Target is 2124854
2130184	[5330]	:	time Target is 2130184
2130536	[352]	:	Key	71	DOWN	at	2130536 
2135524	[4988]	:	time Target is 2135524
2135575	[51]	:	Key	71	DOWN	at	2135575 
2140862	[5287]	:	time Target is 2140862
2146192	[5330]	:	time Target is 2146192
2146538	[346]	:	Key	71	DOWN	at	2146537 
2151525	[4987]	:	time Target is 2151525
2151770	[245]	:	Key	71	DOWN	at	2151770 
2156862	[5092]	:	time Target is 2156862
2162188	[5326]	:	time Target is 2162188
2162395	[207]	:	Key	71	DOWN	at	2162394 
2167536	[5141]	:	time Target is 2167536
2172858	[5322]	:	time Target is 2172858
2172938	[80]	:	Key	71	DOWN	at	2172936 
2178193	[5255]	:	time Target is 2178193
2183523	[5330]	:	time Target is 2183523
2183785	[262]	:	Key	71	DOWN	at	2183785 
2188871	[5086]	:	time Target is 2188871
2189145	[274]	:	Key	71	DOWN	at	2189144 
2194214	[5069]	:	time Target is 2194214
2194315	[101]	:	Key	71	DOWN	at	2194315 
2199553	[5238]	:	time Target is 2199553
2204878	[5325]	:	time Target is 2204878
2205371	[493]	:	Key	71	DOWN	at	2205371 
2210218	[4847]	:	time Target is 2210218
2215543	[5325]	:	time Target is 2215543
2220862	[5319]	:	time Target is 2220862
2226186	[5324]	:	time Target is 2226186
2226473	[287]	:	Key	71	DOWN	at	2226473 
2231523	[5050]	:	time Target is 2231523
2236844	[5321]	:	time Target is 2236844
2242168	[5324]	:	time Target is 2242168
2242280	[112]	:	Key	71	DOWN	at	2242279 
2247505	[5225]	:	time Target is 2247505
2248170	[665]	:	Key	71	DOWN	at	2248170 
2252842	[4672]	:	time Target is 2252842
2252857	[15]	:	Key	71	DOWN	at	2252856 
2258172	[5315]	:	time Target is 2258172
2263500	[5328]	:	time Target is 2263500
2268830	[5330]	:	time Target is 2268830
2268905	[75]	:	Key	71	DOWN	at	2268905 
2274155	[5250]	:	time Target is 2274155
2274331	[176]	:	Key	71	DOWN	at	2274331 
2279492	[5161]	:	time Target is 2279492
2284815	[5323]	:	time Target is 2284815
2284874	[59]	:	Key	71	DOWN	at	2284874 
2290159	[5285]	:	time Target is 2290159
2290908	[749]	:	Key	71	DOWN	at	2290907 
2295489	[4581]	:	time Target is 2295489
2295816	[327]	:	Key	71	DOWN	at	2295816 
2300825	[5009]	:	time Target is 2300825
2306148	[5323]	:	time Target is 2306148
2306266	[118]	:	Key	71	DOWN	at	2306266 
2311490	[5224]	:	time Target is 2311490
2311994	[504]	:	Key	71	DOWN	at	2311993 
2316834	[4840]	:	time Target is 2316834
2317561	[727]	:	Key	71	DOWN	at	2317561 
2321151	[3590]	:	Key	71	UP	at	2317691 
2322745	[1594]	:	Key	71	DOWN	at	2322744 
2322888	[143]	:	Key	71	UP	at	2322887 
2329609	[6721]	:	Key	28	DOWN	at	2329609 
2329752	[143]	:	Key	28	UP	at	2329751 
2332457	[2705]	:	Key	28	DOWN	at	2332456 
2332632	[175]	:	Key	28	UP	at	2332631 
2335289	[2657]	:	Key	29	DOWN	at	2335289 
2335516	[227]	:	Key	29	UP	at	2335516 
2338203	[2687]	:	Key	29	DOWN	at	2338202 
2338392	[189]	:	Key	29	UP	at	2338391 
2341019	[2627]	:	Key	29	DOWN	at	2341019 
2341194	[175]	:	Key	29	UP	at	2341194 
2341995	[801]	:	Key	29	DOWN	at	2341994 
2342183	[188]	:	Key	29	UP	at	2342183 
2344204	[2021]	:	Key	28	DOWN	at	2344204 
2344393	[189]	:	Key	28	UP	at	2344392 
2345751	[1358]	:	Key	28	DOWN	at	2345751 
2345945	[194]	:	Key	28	UP	at	2345944 
2347031	[1086]	:	Key	28	DOWN	at	2347031 
2347211	[180]	:	Key	28	UP	at	2347211 
2347468	[257]	:	Key	28	DOWN	at	2347468 
2347607	[139]	:	Key	28	UP	at	2347607 
2348504	[897]	:	Key	29	DOWN	at	2348502 
2348717	[213]	:	Key	29	UP	at	2348716 
2348938	[221]	:	Key	29	DOWN	at	2348937 
2349101	[163]	:	Key	29	UP	at	2349100 
2350220	[1119]	:	Key	29	DOWN	at	2350219 
2350360	[140]	:	Key	29	UP	at	2350359 
2350488	[128]	:	Key	29	DOWN	at	2350488 
2350620	[132]	:	Key	29	UP	at	2350619 
2353319	[2699]	:	Key	28	DOWN	at	2353319 
2353480	[161]	:	Key	28	UP	at	2353480 
2354247	[767]	:	Key	28	DOWN	at	2354247 
2354262	[15]	:	COGENT STOP
