Cog2000 log file Tue Sep 10 10:48:39 2019
gprim v1.33 Compiled:Aug 12 2015 (GLib DirectDraw v7 DX12.0 Compiled:Aug 12 2015)
Display:1024x768x32 59.99Hz
Attaching C:\Program Files\Cogent2000v1.33\Toolbox\CogInput.mexw64
CogInput v1.05 Compiled: May 20 2010
7	[7]	:	COGENT START
7412	[7405]	:	Key	71	DOWN	at	7409    
7490	[78]	:	Key	71	UP	at	7489    
26290	[18800]	:	Key	71	DOWN	at	26289   
26383	[93]	:	Key	71	UP	at	26383   
30757	[4374]	:	Key	71	DOWN	at	30754   
30831	[74]	:	Key	71	UP	at	30831   
42002	[11171]	:	Key	71	DOWN	at	42001   
42078	[76]	:	Key	71	UP	at	42078   
57759	[15681]	:	Key	71	DOWN	at	57757   
57874	[115]	:	Key	71	UP	at	57874   
75969	[18095]	:	Key	71	DOWN	at	75969   
76871	[902]	:	time Target is 76854
77122	[251]	:	Key	71	DOWN	at	77121   
78802	[1680]	:	Key	71	UP	at	78801   
82985	[4183]	:	time Target is 82985
83391	[406]	:	Key	71	DOWN	at	83391   
89085	[5694]	:	time Target is 89084
89485	[400]	:	Key	71	DOWN	at	89485   
95188	[5703]	:	time Target is 95186
95585	[397]	:	Key	71	DOWN	at	95585   
105583	[9998]	:	Key	71	DOWN	at	105582  
106650	[1067]	:	time Target is 106646
112973	[6323]	:	time Target is 112973
119305	[6332]	:	time Target is 119304
125630	[6325]	:	time Target is 125630
146093	[20463]	:	Key	71	DOWN	at	146093  
146301	[208]	:	Key	71	UP	at	146301  
150514	[4213]	:	Key	71	DOWN	at	150514  
150703	[189]	:	Key	71	UP	at	150703  
155181	[4478]	:	Key	71	DOWN	at	155181  
155456	[275]	:	Key	71	UP	at	155456  
164349	[8893]	:	Key	71	DOWN	at	164349  
164531	[182]	:	Key	71	UP	at	164530  
168831	[4300]	:	Key	71	DOWN	at	168831  
169653	[822]	:	Key	71	UP	at	168961  
169681	[28]	:	time Target is 169681
170287	[606]	:	Key	71	DOWN	at	170286  
174789	[4502]	:	time Target is 174789
175299	[510]	:	Key	71	DOWN	at	175298  
179892	[4593]	:	time Target is 179892
180352	[460]	:	Key	71	DOWN	at	180352  
184993	[4641]	:	time Target is 184993
185582	[589]	:	Key	71	DOWN	at	185582  
190099	[4517]	:	time Target is 190098
190991	[892]	:	Key	71	DOWN	at	190990  
194419	[3428]	:	Key	71	UP	at	191138  
197024	[2605]	:	Key	71	DOWN	at	197024  
197810	[786]	:	Key	71	UP	at	197148  
197832	[22]	:	time Target is 197831
209918	[12086]	:	Key	71	DOWN	at	209917  
210161	[243]	:	Key	71	UP	at	210161  
213843	[3682]	:	Key	71	DOWN	at	213842  
214634	[791]	:	Key	71	UP	at	213997  
214654	[20]	:	time Target is 214654
215490	[836]	:	Key	71	DOWN	at	215489  
219737	[4247]	:	time Target is 219737
224808	[5071]	:	time Target is 224808
229888	[5080]	:	time Target is 229888
241998	[12110]	:	Key	71	DOWN	at	241998  
242256	[258]	:	Key	71	UP	at	242255  
245565	[3309]	:	Key	71	DOWN	at	245565  
246348	[783]	:	Key	71	UP	at	245759  
246371	[23]	:	time Target is 246371
247011	[640]	:	Key	71	DOWN	at	247010  
251457	[4446]	:	time Target is 251457
256533	[5076]	:	time Target is 256533
256865	[332]	:	Key	71	DOWN	at	256863  
261620	[4755]	:	time Target is 261620
262173	[553]	:	Key	71	DOWN	at	262173  
265909	[3736]	:	Key	71	UP	at	262306  
273630	[7721]	:	Key	71	DOWN	at	273629  
273826	[196]	:	Key	71	UP	at	273826  
277137	[3311]	:	Key	71	DOWN	at	277136  
277929	[792]	:	Key	71	UP	at	277330  
277951	[22]	:	time Target is 277951
278705	[754]	:	Key	71	DOWN	at	278705  
283035	[4330]	:	time Target is 283035
288109	[5074]	:	time Target is 288109
293187	[5078]	:	time Target is 293187
305074	[11887]	:	Key	71	DOWN	at	305073  
305264	[190]	:	Key	71	UP	at	305263  
320751	[15487]	:	Key	71	DOWN	at	320751  
320975	[224]	:	Key	71	UP	at	320975  
335315	[14340]	:	Key	71	DOWN	at	335314  
335473	[158]	:	Key	71	UP	at	335472  
347823	[12350]	:	Key	71	DOWN	at	347823  
348015	[192]	:	Key	71	UP	at	348014  
353391	[5376]	:	Key	71	DOWN	at	353391  
355955	[2564]	:	time Target is 355955
356141	[186]	:	Key	71	DOWN	at	356141  
361297	[5156]	:	time Target is 361297
361648	[351]	:	Key	71	DOWN	at	361647  
366647	[4999]	:	time Target is 366647
367023	[376]	:	Key	71	DOWN	at	367023  
371991	[4968]	:	time Target is 371991
372430	[439]	:	Key	71	DOWN	at	372430  
377349	[4919]	:	time Target is 377348
377678	[329]	:	Key	71	DOWN	at	377677  
382693	[5015]	:	time Target is 382693
383089	[396]	:	Key	71	DOWN	at	383089  
388032	[4943]	:	time Target is 388032
388610	[578]	:	Key	71	DOWN	at	388610  
393366	[4756]	:	time Target is 393366
398690	[5324]	:	time Target is 398690
404017	[5327]	:	time Target is 404017
404383	[366]	:	Key	71	DOWN	at	404383  
409352	[4969]	:	time Target is 409352
410193	[841]	:	Key	71	DOWN	at	410193  
414715	[4522]	:	time Target is 414715
415247	[532]	:	Key	71	DOWN	at	415247  
420052	[4805]	:	time Target is 420052
425373	[5321]	:	time Target is 425373
430700	[5327]	:	time Target is 430700
436027	[5327]	:	time Target is 436027
441371	[5344]	:	time Target is 441371
446696	[5325]	:	time Target is 446696
447104	[408]	:	Key	71	DOWN	at	447103  
452037	[4933]	:	time Target is 452037
452481	[444]	:	Key	71	DOWN	at	452480  
457370	[4889]	:	time Target is 457370
458558	[1188]	:	Key	71	DOWN	at	458557  
462716	[4158]	:	time Target is 462716
463279	[563]	:	Key	71	DOWN	at	463279  
468058	[4779]	:	time Target is 468058
473379	[5321]	:	time Target is 473379
473725	[346]	:	Key	71	DOWN	at	473725  
478724	[4999]	:	time Target is 478724
479474	[750]	:	Key	71	DOWN	at	479473  
484060	[4586]	:	time Target is 484060
489382	[5322]	:	time Target is 489382
494708	[5326]	:	time Target is 494708
500027	[5319]	:	time Target is 500027
505344	[5317]	:	time Target is 505344
510671	[5327]	:	time Target is 510671
515993	[5322]	:	time Target is 515993
521316	[5323]	:	time Target is 521316
526630	[5314]	:	time Target is 526630
531955	[5325]	:	time Target is 531955
537274	[5319]	:	time Target is 537274
542597	[5323]	:	time Target is 542597
547914	[5317]	:	time Target is 547914
548366	[452]	:	Key	71	DOWN	at	548365  
553260	[4894]	:	time Target is 553260
558579	[5319]	:	time Target is 558579
558973	[394]	:	Key	71	DOWN	at	558973  
563915	[4942]	:	time Target is 563915
569237	[5322]	:	time Target is 569237
574552	[5315]	:	time Target is 574552
579879	[5327]	:	time Target is 579879
585231	[5352]	:	time Target is 585231
590554	[5323]	:	time Target is 590554
591551	[997]	:	Key	71	DOWN	at	591551  
595889	[4338]	:	time Target is 595889
601210	[5321]	:	time Target is 601210
602542	[1332]	:	Key	71	DOWN	at	602542  
606550	[4008]	:	time Target is 606550
606849	[299]	:	Key	71	DOWN	at	606849  
611882	[5033]	:	time Target is 611882
617202	[5320]	:	time Target is 617202
617534	[332]	:	Key	71	DOWN	at	617534  
622537	[5003]	:	time Target is 622537
622829	[292]	:	Key	71	DOWN	at	622829  
627874	[5045]	:	time Target is 627874
628337	[463]	:	Key	71	DOWN	at	628337  
633214	[4877]	:	time Target is 633214
634096	[882]	:	Key	71	DOWN	at	634096  
638550	[4454]	:	time Target is 638550
638734	[184]	:	Key	71	DOWN	at	638734  
643890	[5156]	:	time Target is 643890
649214	[5324]	:	time Target is 649214
649582	[368]	:	Key	71	DOWN	at	649581  
654552	[4970]	:	time Target is 654552
659876	[5324]	:	time Target is 659876
660334	[458]	:	Key	71	DOWN	at	660334  
665219	[4885]	:	time Target is 665219
670541	[5322]	:	time Target is 670541
670865	[324]	:	Key	71	DOWN	at	670865  
675878	[5013]	:	time Target is 675878
681200	[5322]	:	time Target is 681200
681902	[702]	:	Key	71	DOWN	at	681902  
686535	[4633]	:	time Target is 686535
686801	[266]	:	Key	71	DOWN	at	686801  
691871	[5070]	:	time Target is 691871
692141	[270]	:	Key	71	DOWN	at	692141  
697213	[5072]	:	time Target is 697213
702537	[5324]	:	time Target is 702537
703570	[1033]	:	Key	71	DOWN	at	703570  
707867	[4297]	:	time Target is 707867
708977	[1110]	:	Key	71	DOWN	at	708976  
713208	[4231]	:	time Target is 713208
713618	[410]	:	Key	71	DOWN	at	713618  
718539	[4921]	:	time Target is 718539
719089	[550]	:	Key	71	DOWN	at	719089  
723869	[4780]	:	time Target is 723869
729193	[5324]	:	time Target is 729193
729741	[548]	:	Key	71	DOWN	at	729741  
734537	[4796]	:	time Target is 734537
734992	[455]	:	Key	71	DOWN	at	734992  
739872	[4880]	:	time Target is 739872
745195	[5323]	:	time Target is 745195
750517	[5322]	:	time Target is 750517
751201	[684]	:	Key	71	DOWN	at	751201  
755593	[4392]	:	Key	71	DOWN	at	755406  
755593	[0]	:	Key	71	UP	at	755552  
758407	[2814]	:	time Target is 758407
759073	[666]	:	Key	71	DOWN	at	759073  
763741	[4668]	:	time Target is 763741
765153	[1412]	:	Key	71	DOWN	at	765153  
769073	[3920]	:	time Target is 769073
769600	[527]	:	Key	71	DOWN	at	769599  
774413	[4813]	:	time Target is 774413
774721	[308]	:	Key	71	DOWN	at	774721  
779748	[5027]	:	time Target is 779748
780205	[457]	:	Key	71	DOWN	at	780205  
785081	[4876]	:	time Target is 785081
785361	[280]	:	Key	71	DOWN	at	785361  
790429	[5068]	:	time Target is 790429
795749	[5320]	:	time Target is 795749
801067	[5318]	:	time Target is 801067
801890	[823]	:	Key	71	DOWN	at	801890  
806411	[4521]	:	time Target is 806411
811731	[5320]	:	time Target is 811731
817052	[5321]	:	time Target is 817052
817630	[578]	:	Key	71	DOWN	at	817630  
822388	[4758]	:	time Target is 822388
827714	[5326]	:	time Target is 827714
828849	[1135]	:	Key	71	DOWN	at	828848  
832016	[3167]	:	Key	71	UP	at	828978  
841522	[9506]	:	Key	71	DOWN	at	841522  
842310	[788]	:	Key	71	UP	at	841585  
842583	[273]	:	time Target is 842583
847904	[5321]	:	time Target is 847904
848366	[462]	:	Key	71	DOWN	at	848366  
853243	[4877]	:	time Target is 853243
853565	[322]	:	Key	71	DOWN	at	853565  
858583	[5018]	:	time Target is 858583
863905	[5322]	:	time Target is 863905
864317	[412]	:	Key	71	DOWN	at	864317  
869240	[4923]	:	time Target is 869240
869727	[487]	:	Key	71	DOWN	at	869727  
874582	[4855]	:	time Target is 874582
875247	[665]	:	Key	71	DOWN	at	875247  
879923	[4676]	:	time Target is 879923
880190	[267]	:	Key	71	DOWN	at	880190  
885300	[5110]	:	time Target is 885300
885629	[329]	:	Key	71	DOWN	at	885629  
890640	[5011]	:	time Target is 890640
890994	[354]	:	Key	71	DOWN	at	890993  
895981	[4987]	:	time Target is 895981
901303	[5322]	:	time Target is 901303
902163	[860]	:	Key	71	DOWN	at	902162  
906643	[4480]	:	time Target is 906643
906928	[285]	:	Key	71	DOWN	at	906927  
911982	[5054]	:	time Target is 911982
912370	[388]	:	Key	71	DOWN	at	912370  
917317	[4947]	:	time Target is 917317
917613	[296]	:	Key	71	DOWN	at	917613  
922659	[5046]	:	time Target is 922659
927975	[5316]	:	time Target is 927975
933295	[5320]	:	time Target is 933295
933741	[446]	:	Key	71	DOWN	at	933741  
938643	[4902]	:	time Target is 938643
943962	[5319]	:	time Target is 943962
944270	[308]	:	Key	71	DOWN	at	944270  
949300	[5030]	:	time Target is 949300
949694	[394]	:	Key	71	DOWN	at	949693  
954633	[4939]	:	time Target is 954633
959957	[5324]	:	time Target is 959957
960832	[875]	:	Key	71	DOWN	at	960831  
965292	[4460]	:	time Target is 965292
970619	[5327]	:	time Target is 970619
970915	[296]	:	Key	71	DOWN	at	970914  
975955	[5040]	:	time Target is 975955
976738	[783]	:	Key	71	DOWN	at	976737  
981294	[4556]	:	time Target is 981294
981535	[241]	:	Key	71	DOWN	at	981534  
986630	[5095]	:	time Target is 986630
991960	[5330]	:	time Target is 991960
992225	[265]	:	Key	71	DOWN	at	992224  
997308	[5083]	:	time Target is 997308
997905	[597]	:	Key	71	DOWN	at	997904  
1002667	[4762]	:	time Target is 1002667
1002993	[326]	:	Key	71	DOWN	at	1002993 
1008003	[5010]	:	time Target is 1008003
1013324	[5321]	:	time Target is 1013324
1018646	[5322]	:	time Target is 1018646
1023975	[5329]	:	time Target is 1023975
1024305	[330]	:	Key	71	DOWN	at	1024305 
1029310	[5005]	:	time Target is 1029310
1029664	[354]	:	Key	71	DOWN	at	1029664 
1034642	[4978]	:	time Target is 1034642
1034941	[299]	:	Key	71	DOWN	at	1034941 
1039978	[5037]	:	time Target is 1039978
1045297	[5319]	:	time Target is 1045297
1050604	[5307]	:	Key	71	DOWN	at	1050354 
1050605	[1]	:	Key	71	UP	at	1050494 
1053414	[2809]	:	time Target is 1053414
1058741	[5327]	:	time Target is 1058741
1059197	[456]	:	Key	71	DOWN	at	1059197 
1064079	[4882]	:	time Target is 1064079
1064653	[574]	:	Key	71	DOWN	at	1064653 
1069412	[4759]	:	time Target is 1069412
1074744	[5332]	:	time Target is 1074744
1075374	[630]	:	Key	71	DOWN	at	1075374 
1080086	[4712]	:	time Target is 1080086
1080592	[506]	:	Key	71	DOWN	at	1080591 
1085420	[4828]	:	time Target is 1085420
1085810	[390]	:	Key	71	DOWN	at	1085809 
1090780	[4970]	:	time Target is 1090780
1096108	[5328]	:	time Target is 1096108
1101428	[5320]	:	time Target is 1101428
1106745	[5317]	:	time Target is 1106745
1107165	[420]	:	Key	71	DOWN	at	1107165 
1112088	[4923]	:	time Target is 1112088
1112498	[410]	:	Key	71	DOWN	at	1112497 
1117425	[4927]	:	time Target is 1117425
1122748	[5323]	:	time Target is 1122748
1123664	[916]	:	Key	71	DOWN	at	1123664 
1128090	[4426]	:	time Target is 1128090
1128430	[340]	:	Key	71	DOWN	at	1128430 
1133424	[4994]	:	time Target is 1133424
1133810	[386]	:	Key	71	DOWN	at	1133809 
1138771	[4961]	:	time Target is 1138771
1139758	[987]	:	Key	71	DOWN	at	1139757 
1144106	[4348]	:	time Target is 1144106
1144496	[390]	:	Key	71	DOWN	at	1144495 
1149443	[4947]	:	time Target is 1149443
1154766	[5323]	:	time Target is 1154766
1155120	[354]	:	Key	71	DOWN	at	1155120 
1160101	[4981]	:	time Target is 1160101
1165451	[5350]	:	time Target is 1165451
1165791	[340]	:	Key	71	DOWN	at	1165791 
1170787	[4996]	:	time Target is 1170787
1176117	[5330]	:	time Target is 1176117
1176445	[328]	:	Key	71	DOWN	at	1176444 
1181457	[5012]	:	time Target is 1181457
1186780	[5323]	:	time Target is 1186780
1192103	[5323]	:	time Target is 1192103
1192431	[328]	:	Key	71	DOWN	at	1192431 
1197437	[5006]	:	time Target is 1197437
1197693	[256]	:	Key	71	DOWN	at	1197693 
1202773	[5080]	:	time Target is 1202773
1208096	[5323]	:	time Target is 1208096
1208829	[733]	:	Key	71	DOWN	at	1208829 
1213437	[4608]	:	time Target is 1213437
1213790	[353]	:	Key	71	DOWN	at	1213789 
1218778	[4988]	:	time Target is 1218778
1220269	[1491]	:	Key	71	DOWN	at	1220269 
1224115	[3846]	:	time Target is 1224115
1224449	[334]	:	Key	71	DOWN	at	1224449 
1229452	[5003]	:	time Target is 1229452
1234780	[5328]	:	time Target is 1234780
1235104	[324]	:	Key	71	DOWN	at	1235104 
1240126	[5022]	:	time Target is 1240126
1240498	[372]	:	Key	71	DOWN	at	1240498 
1245459	[4961]	:	time Target is 1245459
1245826	[367]	:	Key	71	DOWN	at	1245826 
1250792	[4966]	:	time Target is 1250792
1251137	[345]	:	Key	71	DOWN	at	1251137 
1256131	[4994]	:	time Target is 1256131
1261458	[5327]	:	time Target is 1261458
1266788	[5330]	:	time Target is 1266788
1272106	[5318]	:	time Target is 1272106
1277430	[5324]	:	time Target is 1277430
1277708	[278]	:	Key	71	DOWN	at	1277708 
1282770	[5062]	:	time Target is 1282770
1283313	[543]	:	Key	71	DOWN	at	1283312 
1288103	[4790]	:	time Target is 1288103
1288560	[457]	:	Key	71	DOWN	at	1288559 
1293445	[4885]	:	time Target is 1293445
1298767	[5322]	:	time Target is 1298767
1304084	[5317]	:	time Target is 1304084
1304434	[350]	:	Key	71	DOWN	at	1304434 
1309422	[4988]	:	time Target is 1309422
1310045	[623]	:	Key	71	DOWN	at	1310045 
1314761	[4716]	:	time Target is 1314761
1315087	[326]	:	Key	71	DOWN	at	1315086 
1319055	[3968]	:	Key	71	UP	at	1315185 
1321920	[2865]	:	Key	71	DOWN	at	1321920 
1322032	[112]	:	Key	71	UP	at	1322031 
1330989	[8957]	:	Key	71	DOWN	at	1330988 
1331782	[793]	:	Key	71	UP	at	1331056 
1332052	[270]	:	time Target is 1332052
1332479	[427]	:	Key	71	DOWN	at	1332479 
1337395	[4916]	:	time Target is 1337395
1337713	[318]	:	Key	71	DOWN	at	1337713 
1342732	[5019]	:	time Target is 1342732
1343007	[275]	:	Key	71	DOWN	at	1343007 
1348078	[5071]	:	time Target is 1348078
1348384	[306]	:	Key	71	DOWN	at	1348384 
1353410	[5026]	:	time Target is 1353410
1353871	[461]	:	Key	71	DOWN	at	1353871 
1358746	[4875]	:	time Target is 1358746
1359004	[258]	:	Key	71	DOWN	at	1359004 
1364084	[5080]	:	time Target is 1364084
1364624	[540]	:	Key	71	DOWN	at	1364624 
1369418	[4794]	:	time Target is 1369418
1369725	[307]	:	Key	71	DOWN	at	1369725 
1374762	[5037]	:	time Target is 1374762
1375230	[468]	:	Key	71	DOWN	at	1375230 
1380100	[4870]	:	time Target is 1380100
1380751	[651]	:	Key	71	DOWN	at	1380751 
1385438	[4687]	:	time Target is 1385438
1385666	[228]	:	Key	71	DOWN	at	1385666 
1390783	[5117]	:	time Target is 1390783
1396112	[5329]	:	time Target is 1396112
1396638	[526]	:	Key	71	DOWN	at	1396637 
1401457	[4819]	:	time Target is 1401457
1401694	[237]	:	Key	71	DOWN	at	1401694 
1406791	[5097]	:	time Target is 1406791
1412112	[5321]	:	time Target is 1412112
1412449	[337]	:	Key	71	DOWN	at	1412449 
1417449	[5000]	:	time Target is 1417449
1422772	[5323]	:	time Target is 1422772
1428097	[5325]	:	time Target is 1428097
1428381	[284]	:	Key	71	DOWN	at	1428381 
1433437	[5056]	:	time Target is 1433437
1433677	[240]	:	Key	71	DOWN	at	1433677 
1438785	[5108]	:	time Target is 1438785
1439104	[319]	:	Key	71	DOWN	at	1439104 
1444119	[5015]	:	time Target is 1444119
1449440	[5321]	:	time Target is 1449440
1454771	[5331]	:	time Target is 1454771
1460097	[5326]	:	time Target is 1460097
1460781	[684]	:	Key	71	DOWN	at	1460781 
1465441	[4660]	:	time Target is 1465441
1466449	[1008]	:	Key	71	DOWN	at	1466448 
1470775	[4326]	:	time Target is 1470775
1471039	[264]	:	Key	71	DOWN	at	1471039 
1476114	[5075]	:	time Target is 1476114
1481432	[5318]	:	time Target is 1481432
1486752	[5320]	:	time Target is 1486752
1487025	[273]	:	Key	71	DOWN	at	1487024 
1492093	[5068]	:	time Target is 1492093
1492385	[292]	:	Key	71	DOWN	at	1492384 
1497427	[5042]	:	time Target is 1497427
1497678	[251]	:	Key	71	DOWN	at	1497678 
1502762	[5084]	:	time Target is 1502762
1508089	[5327]	:	time Target is 1508089
1508384	[295]	:	Key	71	DOWN	at	1508384 
1513427	[5043]	:	time Target is 1513427
1518752	[5325]	:	time Target is 1518752
1519057	[305]	:	Key	71	DOWN	at	1519057 
1524088	[5031]	:	time Target is 1524088
1524399	[311]	:	Key	71	DOWN	at	1524399 
1529427	[5028]	:	time Target is 1529427
1530190	[763]	:	Key	71	DOWN	at	1530189 
1534770	[4580]	:	time Target is 1534770
1540097	[5327]	:	time Target is 1540097
1545416	[5319]	:	time Target is 1545416
1545708	[292]	:	Key	71	DOWN	at	1545708 
1550754	[5046]	:	time Target is 1550754
1551026	[272]	:	Key	71	DOWN	at	1551026 
1556087	[5061]	:	time Target is 1556087
1561410	[5323]	:	time Target is 1561410
1561742	[332]	:	Key	71	DOWN	at	1561742 
1566749	[5007]	:	time Target is 1566749
1567649	[900]	:	Key	71	DOWN	at	1567649 
1572100	[4451]	:	time Target is 1572100
1577420	[5320]	:	time Target is 1577420
1582737	[5317]	:	time Target is 1582737
1588059	[5322]	:	time Target is 1588059
1593384	[5325]	:	time Target is 1593384
1593968	[584]	:	Key	71	DOWN	at	1593967 
1598711	[4743]	:	time Target is 1598711
1599005	[294]	:	Key	71	DOWN	at	1599004 
1604048	[5043]	:	time Target is 1604048
1609367	[5319]	:	time Target is 1609367
1610271	[904]	:	Key	71	DOWN	at	1610270 
1614703	[4432]	:	time Target is 1614703
1615326	[623]	:	Key	71	DOWN	at	1615325 
1620041	[4715]	:	time Target is 1620041
1620318	[277]	:	Key	71	DOWN	at	1620318 
1625390	[5072]	:	time Target is 1625390
1630715	[5325]	:	time Target is 1630715
1631088	[373]	:	Key	71	DOWN	at	1631087 
1636055	[4967]	:	time Target is 1636055
1636542	[487]	:	Key	71	DOWN	at	1636542 
1641395	[4853]	:	time Target is 1641395
1641630	[235]	:	Key	71	DOWN	at	1641630 
1646728	[5098]	:	time Target is 1646728
1647601	[873]	:	Key	71	DOWN	at	1647601 
1652069	[4468]	:	time Target is 1652069
1653135	[1066]	:	Key	71	DOWN	at	1653134 
1657414	[4279]	:	time Target is 1657414
1662737	[5323]	:	time Target is 1662737
1662976	[239]	:	Key	71	DOWN	at	1662976 
1667809	[4833]	:	Key	71	DOWN	at	1667789 
1670628	[2819]	:	time Target is 1670628
1671200	[572]	:	Key	71	DOWN	at	1671200 
1675956	[4756]	:	time Target is 1675956
1676658	[702]	:	Key	71	DOWN	at	1676657 
1681286	[4628]	:	time Target is 1681286
1686606	[5320]	:	time Target is 1686606
1687568	[962]	:	Key	71	DOWN	at	1687568 
1691946	[4378]	:	time Target is 1691946
1692354	[408]	:	Key	71	DOWN	at	1692354 
1697309	[4955]	:	time Target is 1697309
1702650	[5341]	:	time Target is 1702650
1707975	[5325]	:	time Target is 1707975
1713301	[5326]	:	time Target is 1713301
1718624	[5323]	:	time Target is 1718624
1719056	[432]	:	Key	71	DOWN	at	1719056 
1723963	[4907]	:	time Target is 1723963
1724284	[321]	:	Key	71	DOWN	at	1724284 
1729302	[5018]	:	time Target is 1729302
1734632	[5330]	:	time Target is 1734632
1739958	[5326]	:	time Target is 1739958
1740719	[761]	:	Key	71	DOWN	at	1740719 
1745293	[4574]	:	time Target is 1745293
1745601	[308]	:	Key	71	DOWN	at	1745601 
1750628	[5027]	:	time Target is 1750628
1751071	[443]	:	Key	71	DOWN	at	1751071 
1755960	[4889]	:	time Target is 1755960
1756435	[475]	:	Key	71	DOWN	at	1756434 
1761300	[4865]	:	time Target is 1761300
1761634	[334]	:	Key	71	DOWN	at	1761633 
1766632	[4998]	:	time Target is 1766632
1766927	[295]	:	Key	71	DOWN	at	1766927 
1771974	[5047]	:	time Target is 1771974
1772336	[362]	:	Key	71	DOWN	at	1772336 
1777312	[4976]	:	time Target is 1777312
1782639	[5327]	:	time Target is 1782639
1787966	[5327]	:	time Target is 1787966
1788268	[302]	:	Key	71	DOWN	at	1788268 
1793302	[5034]	:	time Target is 1793302
1798629	[5327]	:	time Target is 1798629
1799056	[427]	:	Key	71	DOWN	at	1799056 
1803963	[4907]	:	time Target is 1803963
1804319	[356]	:	Key	71	DOWN	at	1804319 
1808266	[3947]	:	Key	71	UP	at	1804479 
1837326	[29060]	:	Key	71	DOWN	at	1837326 
1838108	[782]	:	Key	71	UP	at	1837389 
1838375	[267]	:	time Target is 1838375
1843700	[5325]	:	time Target is 1843700
1849024	[5324]	:	time Target is 1849024
1849678	[654]	:	Key	71	DOWN	at	1849678 
1854362	[4684]	:	time Target is 1854362
1859682	[5320]	:	time Target is 1859682
1860353	[671]	:	Key	71	DOWN	at	1860353 
1865018	[4665]	:	time Target is 1865018
1865440	[422]	:	Key	71	DOWN	at	1865440 
1870356	[4916]	:	time Target is 1870356
1875676	[5320]	:	time Target is 1875676
1876782	[1106]	:	Key	71	DOWN	at	1876781 
1881013	[4231]	:	time Target is 1881013
1881328	[315]	:	Key	71	DOWN	at	1881328 
1886347	[5019]	:	time Target is 1886347
1886738	[391]	:	Key	71	DOWN	at	1886737 
1891685	[4947]	:	time Target is 1891685
1892290	[605]	:	Key	71	DOWN	at	1892290 
1897020	[4730]	:	time Target is 1897020
1902338	[5318]	:	time Target is 1902338
1907658	[5320]	:	time Target is 1907658
1908094	[436]	:	Key	71	DOWN	at	1908094 
1912995	[4901]	:	time Target is 1912995
1913343	[348]	:	Key	71	DOWN	at	1913343 
1918332	[4989]	:	time Target is 1918332
1923657	[5325]	:	time Target is 1923657
1928981	[5324]	:	time Target is 1928981
1934302	[5321]	:	time Target is 1934302
1934557	[255]	:	Key	71	DOWN	at	1934557 
1939643	[5086]	:	time Target is 1939643
1939985	[342]	:	Key	71	DOWN	at	1939985 
1944979	[4994]	:	time Target is 1944979
1945266	[287]	:	Key	71	DOWN	at	1945265 
1950319	[5053]	:	time Target is 1950319
1950574	[255]	:	Key	71	DOWN	at	1950574 
1955657	[5083]	:	time Target is 1955657
1960987	[5330]	:	time Target is 1960987
1966321	[5334]	:	time Target is 1966321
1971644	[5323]	:	time Target is 1971644
1976971	[5327]	:	time Target is 1976971
1977264	[293]	:	Key	71	DOWN	at	1977264 
1982309	[5045]	:	time Target is 1982309
1982575	[266]	:	Key	71	DOWN	at	1982575 
1987644	[5069]	:	time Target is 1987644
1987933	[289]	:	Key	71	DOWN	at	1987932 
1992979	[5046]	:	time Target is 1992979
1993230	[251]	:	Key	71	DOWN	at	1993229 
1998310	[5080]	:	time Target is 1998310
2003630	[5320]	:	time Target is 2003630
2003886	[256]	:	Key	71	DOWN	at	2003885 
2008974	[5088]	:	time Target is 2008974
2014297	[5323]	:	time Target is 2014297
2019621	[5324]	:	time Target is 2019621
2019934	[313]	:	Key	71	DOWN	at	2019933 
2024949	[5015]	:	Key	71	DOWN	at	2024813 
2027777	[2828]	:	time Target is 2027777
2028125	[348]	:	Key	71	DOWN	at	2028125 
2033115	[4990]	:	time Target is 2033115
2033886	[771]	:	Key	71	DOWN	at	2033885 
2038456	[4570]	:	time Target is 2038456
2038786	[330]	:	Key	71	DOWN	at	2038785 
2043783	[4997]	:	time Target is 2043783
2044211	[428]	:	Key	71	DOWN	at	2044210 
2049129	[4918]	:	time Target is 2049129
2054454	[5325]	:	time Target is 2054454
2055214	[760]	:	Key	71	DOWN	at	2055214 
2059793	[4579]	:	time Target is 2059793
2065119	[5326]	:	time Target is 2065119
2070437	[5318]	:	time Target is 2070437
2070753	[316]	:	Key	71	DOWN	at	2070752 
2075806	[5053]	:	time Target is 2075806
2077039	[1233]	:	Key	71	DOWN	at	2077038 
2081138	[4099]	:	time Target is 2081138
2081408	[270]	:	Key	71	DOWN	at	2081408 
2086478	[5070]	:	time Target is 2086478
2086799	[321]	:	Key	71	DOWN	at	2086799 
2091812	[5013]	:	time Target is 2091812
2092753	[941]	:	Key	71	DOWN	at	2092753 
2097146	[4393]	:	time Target is 2097146
2097408	[262]	:	Key	71	DOWN	at	2097408 
2102523	[5115]	:	time Target is 2102523
2102750	[227]	:	Key	71	DOWN	at	2102750 
2107860	[5110]	:	time Target is 2107860
2108110	[250]	:	Key	71	DOWN	at	2108109 
2113196	[5086]	:	time Target is 2113196
2113442	[246]	:	Key	71	DOWN	at	2113442 
2118532	[5090]	:	time Target is 2118532
2119486	[954]	:	Key	71	DOWN	at	2119486 
2123869	[4383]	:	time Target is 2123869
2129194	[5325]	:	time Target is 2129194
2129425	[231]	:	Key	71	DOWN	at	2129425 
2134535	[5110]	:	time Target is 2134535
2139862	[5327]	:	time Target is 2139862
2145183	[5321]	:	time Target is 2145183
2145533	[350]	:	Key	71	DOWN	at	2145532 
2150529	[4996]	:	time Target is 2150529
2150882	[353]	:	Key	71	DOWN	at	2150880 
2155866	[4984]	:	time Target is 2155866
2156290	[424]	:	Key	71	DOWN	at	2156289 
2161201	[4911]	:	time Target is 2161201
2162431	[1230]	:	Key	71	DOWN	at	2162430 
2166541	[4110]	:	time Target is 2166541
2166863	[322]	:	Key	71	DOWN	at	2166863 
2171878	[5015]	:	time Target is 2171878
2172160	[282]	:	Key	71	DOWN	at	2172159 
2177212	[5052]	:	time Target is 2177212
2177438	[226]	:	Key	71	DOWN	at	2177438 
2182546	[5108]	:	time Target is 2182546
2182817	[271]	:	Key	71	DOWN	at	2182817 
2187883	[5066]	:	time Target is 2187883
2188320	[437]	:	Key	71	DOWN	at	2188320 
2193215	[4895]	:	time Target is 2193215
2198535	[5320]	:	time Target is 2198535
2203857	[5322]	:	time Target is 2203857
2209177	[5320]	:	time Target is 2209177
2209421	[244]	:	Key	71	DOWN	at	2209421 
2214513	[5092]	:	time Target is 2214513
2215954	[1441]	:	Key	71	DOWN	at	2215953 
2219849	[3895]	:	time Target is 2219849
2219997	[148]	:	Key	71	DOWN	at	2219997 
2225185	[5188]	:	time Target is 2225185
2230502	[5317]	:	time Target is 2230502
2235824	[5322]	:	time Target is 2235824
2236173	[349]	:	Key	71	DOWN	at	2236173 
2241161	[4988]	:	time Target is 2241161
2241409	[248]	:	Key	71	DOWN	at	2241409 
2246504	[5095]	:	time Target is 2246504
2246799	[295]	:	Key	71	DOWN	at	2246799 
2251853	[5054]	:	time Target is 2251853
2257178	[5325]	:	time Target is 2257178
2257519	[341]	:	Key	71	DOWN	at	2257518 
2262521	[5002]	:	time Target is 2262521
2262786	[265]	:	Key	71	DOWN	at	2262786 
2267856	[5070]	:	time Target is 2267856
2268114	[258]	:	Key	71	DOWN	at	2268113 
2273198	[5084]	:	time Target is 2273198
2278518	[5320]	:	time Target is 2278518
2278737	[219]	:	Key	71	DOWN	at	2278737 
2283855	[5118]	:	time Target is 2283855
2284126	[271]	:	Key	71	DOWN	at	2284126 
2289192	[5066]	:	time Target is 2289192
2294512	[5320]	:	time Target is 2294512
2295314	[802]	:	Key	71	DOWN	at	2295313 
2299873	[4559]	:	time Target is 2299873
2300129	[256]	:	Key	71	DOWN	at	2300128 
2305216	[5087]	:	time Target is 2305216
2310536	[5320]	:	time Target is 2310536
2327743	[17207]	:	Key	71	DOWN	at	2327742 
2327889	[146]	:	Key	71	UP	at	2327888 
2343313	[15424]	:	Key	28	DOWN	at	2343313 
2343455	[142]	:	Key	28	UP	at	2343454 
2346416	[2961]	:	Key	28	DOWN	at	2346416 
2346509	[93]	:	Key	28	UP	at	2346508 
2361746	[15237]	:	Key	29	DOWN	at	2361745 
2361949	[203]	:	Key	29	UP	at	2361949 
2363810	[1861]	:	Key	29	DOWN	at	2363810 
2363968	[158]	:	Key	29	UP	at	2363967 
2366879	[2911]	:	Key	29	DOWN	at	2366879 
2367006	[127]	:	Key	29	UP	at	2367006 
2369070	[2064]	:	Key	29	DOWN	at	2369069 
2369152	[82]	:	Key	29	UP	at	2369151 
2377762	[8610]	:	Key	29	DOWN	at	2377762 
2377938	[176]	:	Key	29	UP	at	2377938 
2379311	[1373]	:	Key	29	DOWN	at	2379311 
2379441	[130]	:	Key	29	UP	at	2379440 
2384176	[4735]	:	Key	28	DOWN	at	2384176 
2384337	[161]	:	Key	28	UP	at	2384336 
2384909	[572]	:	Key	28	DOWN	at	2384909 
2385070	[161]	:	Key	28	UP	at	2385070 
2396545	[11475]	:	Key	28	DOWN	at	2396545 
2396738	[193]	:	Key	28	UP	at	2396738 
2399074	[2336]	:	Key	29	DOWN	at	2399073 
2399153	[79]	:	Key	29	UP	at	2399153 
2402767	[3614]	:	Key	29	DOWN	at	2402767 
2402896	[129]	:	Key	29	UP	at	2402895 
2404190	[1294]	:	Key	29	DOWN	at	2404190 
2404320	[130]	:	Key	29	UP	at	2404320 
2406560	[2240]	:	Key	28	DOWN	at	2406559 
2406670	[110]	:	Key	28	UP	at	2406669 
2407261	[591]	:	Key	28	DOWN	at	2407261 
2407321	[60]	:	COGENT STOP
