Cog2000 log file Wed Aug 21 13:50:56 2019
gprim v1.33 Compiled:Aug 12 2015 (GLib DirectDraw v7 DX12.0 Compiled:Aug 12 2015)
Display:1024x768x32 59.95Hz
CogInput v1.05 Compiled: May 20 2010
0	[0]	:	COGENT START
9176	[9176]	:	Key	71	DOWN	at	9176    
9252	[76]	:	Key	71	UP	at	9251    
29448	[20196]	:	Key	71	DOWN	at	29447   
29524	[76]	:	Key	71	UP	at	29524   
33972	[4448]	:	Key	71	DOWN	at	33972   
34054	[82]	:	Key	71	UP	at	34052   
44804	[10750]	:	Key	71	DOWN	at	44804   
44905	[101]	:	Key	71	UP	at	44904   
60356	[15451]	:	Key	71	DOWN	at	60356   
60439	[83]	:	Key	71	UP	at	60439   
81140	[20701]	:	Key	71	DOWN	at	81140   
81961	[821]	:	time Target is 81961
82681	[720]	:	Key	71	DOWN	at	82680   
88077	[5396]	:	time Target is 88077
88454	[377]	:	Key	71	DOWN	at	88453   
94185	[5731]	:	time Target is 94185
94327	[142]	:	Key	71	UP	at	94327   
95034	[707]	:	Key	71	DOWN	at	95032   
100275	[5241]	:	time Target is 100275
100933	[658]	:	Key	71	DOWN	at	100932  
110837	[9904]	:	Key	71	DOWN	at	110837  
111897	[1060]	:	time Target is 111897
118220	[6323]	:	time Target is 118220
124541	[6321]	:	time Target is 124541
130860	[6319]	:	time Target is 130859
151991	[21131]	:	Key	71	DOWN	at	151991  
152084	[93]	:	Key	71	UP	at	152084  
156646	[4562]	:	Key	71	DOWN	at	156646  
156804	[158]	:	Key	71	UP	at	156804  
165671	[8867]	:	Key	71	DOWN	at	165671  
165815	[144]	:	Key	71	UP	at	165815  
175625	[9810]	:	Key	71	DOWN	at	175624  
175782	[157]	:	Key	71	UP	at	175782  
180586	[4804]	:	Key	71	DOWN	at	180585  
181383	[797]	:	Key	71	UP	at	180758  
181407	[24]	:	time Target is 181407
182165	[758]	:	Key	71	DOWN	at	182165  
186501	[4336]	:	time Target is 186501
187188	[687]	:	Key	71	DOWN	at	187188  
191590	[4402]	:	time Target is 191589
192328	[738]	:	Key	71	DOWN	at	192328  
196679	[4351]	:	time Target is 196679
208277	[11598]	:	Key	71	DOWN	at	208276  
208441	[164]	:	Key	71	UP	at	208440  
212755	[4314]	:	Key	71	DOWN	at	212755  
213546	[791]	:	Key	71	UP	at	212873  
213567	[21]	:	time Target is 213567
214196	[629]	:	Key	71	DOWN	at	214196  
218648	[4452]	:	time Target is 218648
223722	[5074]	:	time Target is 223722
224934	[1212]	:	Key	71	DOWN	at	224933  
228805	[3871]	:	time Target is 228805
230244	[1439]	:	Key	71	DOWN	at	230244  
233099	[2855]	:	Key	71	UP	at	230356  
242614	[9515]	:	Key	71	DOWN	at	242614  
242808	[194]	:	Key	71	UP	at	242808  
246838	[4030]	:	Key	71	DOWN	at	246838  
247628	[790]	:	Key	71	UP	at	246998  
247652	[24]	:	time Target is 247652
248487	[835]	:	Key	71	DOWN	at	248487  
252741	[4254]	:	time Target is 252741
257812	[5071]	:	time Target is 257812
258760	[948]	:	Key	71	DOWN	at	258759  
262894	[4134]	:	time Target is 262893
275013	[12119]	:	Key	71	DOWN	at	275013  
275144	[131]	:	Key	71	UP	at	275143  
278227	[3083]	:	Key	71	DOWN	at	278227  
279018	[791]	:	Key	71	UP	at	278439  
279041	[23]	:	time Target is 279041
279655	[614]	:	Key	71	DOWN	at	279655  
284133	[4478]	:	time Target is 284133
289204	[5071]	:	time Target is 289204
289719	[515]	:	Key	71	DOWN	at	289718  
294294	[4575]	:	time Target is 294294
306327	[12033]	:	Key	71	DOWN	at	306327  
306456	[129]	:	Key	71	UP	at	306456  
321077	[14621]	:	Key	71	DOWN	at	321076  
321284	[207]	:	Key	71	UP	at	321284  
335541	[14257]	:	Key	71	DOWN	at	335541  
335721	[180]	:	Key	71	UP	at	335720  
347830	[12109]	:	Key	71	DOWN	at	347829  
347975	[145]	:	Key	71	UP	at	347975  
363637	[15662]	:	Key	71	DOWN	at	363637  
366195	[2558]	:	time Target is 366195
366648	[453]	:	Key	71	DOWN	at	366647  
371541	[4893]	:	time Target is 371541
371993	[452]	:	Key	71	DOWN	at	371993  
376883	[4890]	:	time Target is 376883
382209	[5326]	:	time Target is 382209
382629	[420]	:	Key	71	DOWN	at	382629  
387549	[4920]	:	time Target is 387549
392869	[5320]	:	time Target is 392869
393414	[545]	:	Key	71	DOWN	at	393414  
398209	[4795]	:	time Target is 398209
398918	[709]	:	Key	71	DOWN	at	398918  
403546	[4628]	:	time Target is 403546
408870	[5324]	:	time Target is 408870
409625	[755]	:	Key	71	DOWN	at	409624  
414209	[4584]	:	time Target is 414209
419529	[5320]	:	time Target is 419529
420071	[542]	:	Key	71	DOWN	at	420071  
424868	[4797]	:	time Target is 424868
425498	[630]	:	Key	71	DOWN	at	425497  
430199	[4701]	:	time Target is 430199
435520	[5321]	:	time Target is 435520
436120	[600]	:	Key	71	DOWN	at	436120  
440860	[4740]	:	time Target is 440860
446181	[5321]	:	time Target is 446181
446918	[737]	:	Key	71	DOWN	at	446917  
451523	[4605]	:	time Target is 451523
452244	[721]	:	Key	71	DOWN	at	452244  
456860	[4616]	:	time Target is 456860
457385	[525]	:	Key	71	DOWN	at	457384  
462196	[4811]	:	time Target is 462196
462808	[612]	:	Key	71	DOWN	at	462807  
467534	[4726]	:	time Target is 467534
468057	[523]	:	Key	71	DOWN	at	468057  
472870	[4813]	:	time Target is 472870
478183	[5313]	:	time Target is 478183
483504	[5321]	:	time Target is 483504
484231	[727]	:	Key	71	DOWN	at	484231  
488838	[4607]	:	time Target is 488838
489542	[704]	:	Key	71	DOWN	at	489542  
494177	[4635]	:	time Target is 494177
499497	[5320]	:	time Target is 499497
499927	[430]	:	Key	71	DOWN	at	499927  
504832	[4905]	:	time Target is 504832
505304	[472]	:	Key	71	DOWN	at	505304  
510167	[4863]	:	time Target is 510167
510631	[464]	:	Key	71	DOWN	at	510631  
515500	[4869]	:	time Target is 515500
516692	[1192]	:	Key	71	DOWN	at	516692  
520835	[4143]	:	time Target is 520835
521285	[450]	:	Key	71	DOWN	at	521284  
526172	[4887]	:	time Target is 526172
531493	[5321]	:	time Target is 531493
532055	[562]	:	Key	71	DOWN	at	532054  
536830	[4775]	:	time Target is 536830
537509	[679]	:	Key	71	DOWN	at	537508  
542168	[4659]	:	time Target is 542168
542452	[284]	:	Key	71	DOWN	at	542451  
547491	[5039]	:	time Target is 547491
547991	[500]	:	Key	71	DOWN	at	547990  
552859	[4868]	:	time Target is 552859
553752	[893]	:	Key	71	DOWN	at	553751  
558213	[4461]	:	time Target is 558213
563535	[5322]	:	time Target is 563535
563927	[392]	:	Key	71	DOWN	at	563926  
568872	[4945]	:	time Target is 568872
574191	[5319]	:	time Target is 574191
579523	[5332]	:	time Target is 579523
579941	[418]	:	Key	71	DOWN	at	579941  
584858	[4917]	:	time Target is 584858
585364	[506]	:	Key	71	DOWN	at	585364  
590194	[4830]	:	time Target is 590194
591012	[818]	:	Key	71	DOWN	at	591012  
595534	[4522]	:	time Target is 595534
600852	[5318]	:	time Target is 600852
601720	[868]	:	Key	71	DOWN	at	601720  
606188	[4468]	:	time Target is 606188
611508	[5320]	:	time Target is 611508
616832	[5324]	:	time Target is 616832
617254	[422]	:	Key	71	DOWN	at	617254  
622170	[4916]	:	time Target is 622170
622679	[509]	:	Key	71	DOWN	at	622679  
627508	[4829]	:	time Target is 627508
632835	[5327]	:	time Target is 632835
633321	[486]	:	Key	71	DOWN	at	633320  
638174	[4853]	:	time Target is 638174
638680	[506]	:	Key	71	DOWN	at	638680  
643511	[4831]	:	time Target is 643511
643925	[414]	:	Key	71	DOWN	at	643925  
648848	[4923]	:	time Target is 648848
649349	[501]	:	Key	71	DOWN	at	649349  
654185	[4836]	:	time Target is 654185
659506	[5321]	:	time Target is 659506
664828	[5322]	:	time Target is 664828
665287	[459]	:	Key	71	DOWN	at	665287  
670176	[4889]	:	time Target is 670176
670632	[456]	:	Key	71	DOWN	at	670632  
675507	[4875]	:	time Target is 675507
675910	[403]	:	Key	71	DOWN	at	675910  
680838	[4928]	:	time Target is 680838
681349	[511]	:	Key	71	DOWN	at	681349  
686176	[4827]	:	time Target is 686176
691482	[5306]	:	Key	71	DOWN	at	691268  
691482	[0]	:	Key	71	UP	at	691334  
694294	[2812]	:	time Target is 694294
694900	[606]	:	Key	71	DOWN	at	694900  
699661	[4761]	:	time Target is 699661
700392	[731]	:	Key	71	DOWN	at	700392  
704996	[4604]	:	time Target is 704996
710322	[5326]	:	time Target is 710322
711720	[1398]	:	Key	71	DOWN	at	711718  
715650	[3930]	:	time Target is 715650
720969	[5319]	:	time Target is 720969
721944	[975]	:	Key	71	DOWN	at	721944  
726309	[4365]	:	time Target is 726309
731622	[5313]	:	time Target is 731622
732166	[544]	:	Key	71	DOWN	at	732165  
736960	[4794]	:	time Target is 736960
737620	[660]	:	Key	71	DOWN	at	737620  
742295	[4675]	:	time Target is 742295
742804	[509]	:	Key	71	DOWN	at	742804  
747620	[4816]	:	time Target is 747620
748201	[581]	:	Key	71	DOWN	at	748201  
752958	[4757]	:	time Target is 752958
753701	[743]	:	Key	71	DOWN	at	753701  
758291	[4590]	:	time Target is 758291
758884	[593]	:	Key	71	DOWN	at	758884  
763624	[4740]	:	time Target is 763624
768945	[5321]	:	time Target is 768945
774266	[5321]	:	time Target is 774266
774870	[604]	:	Key	71	DOWN	at	774869  
779601	[4731]	:	time Target is 779601
780232	[631]	:	Key	71	DOWN	at	780232  
784931	[4699]	:	time Target is 784931
785396	[465]	:	Key	71	DOWN	at	785396  
790270	[4874]	:	time Target is 790270
795594	[5324]	:	time Target is 795594
796214	[620]	:	Key	71	DOWN	at	796214  
800928	[4714]	:	time Target is 800928
806263	[5335]	:	time Target is 806263
806932	[669]	:	Key	71	DOWN	at	806931  
811596	[4664]	:	time Target is 811596
812695	[1099]	:	Key	71	DOWN	at	812695  
816938	[4243]	:	time Target is 816938
822282	[5344]	:	time Target is 822282
823064	[782]	:	Key	71	DOWN	at	823064  
827620	[4556]	:	time Target is 827620
832935	[5315]	:	Key	71	DOWN	at	832758  
832936	[1]	:	Key	71	UP	at	832888  
835750	[2814]	:	time Target is 835750
836343	[593]	:	Key	71	DOWN	at	836343  
840051	[3708]	:	Key	71	UP	at	836519  
855332	[15281]	:	Key	71	DOWN	at	855332  
856122	[790]	:	Key	71	UP	at	855476  
856388	[266]	:	time Target is 856388
861707	[5319]	:	time Target is 861707
862473	[766]	:	Key	71	DOWN	at	862472  
867043	[4570]	:	time Target is 867043
867813	[770]	:	Key	71	DOWN	at	867812  
872383	[4570]	:	time Target is 872383
877709	[5326]	:	time Target is 877709
878248	[539]	:	Key	71	DOWN	at	878248  
883052	[4804]	:	time Target is 883052
883718	[666]	:	Key	71	DOWN	at	883717  
888386	[4668]	:	time Target is 888386
889028	[642]	:	Key	71	DOWN	at	889028  
893729	[4701]	:	time Target is 893729
895225	[1496]	:	Key	71	DOWN	at	895224  
899089	[3864]	:	time Target is 899089
899525	[436]	:	Key	71	DOWN	at	899524  
904442	[4917]	:	time Target is 904442
904950	[508]	:	Key	71	DOWN	at	904949  
909773	[4823]	:	Key	71	DOWN	at	909560  
909774	[1]	:	Key	71	UP	at	909656  
912606	[2832]	:	time Target is 912606
917924	[5318]	:	time Target is 917924
918647	[723]	:	Key	71	DOWN	at	918647  
923261	[4614]	:	time Target is 923261
924516	[1255]	:	Key	71	DOWN	at	924516  
928592	[4076]	:	time Target is 928592
933910	[5318]	:	time Target is 933910
934825	[915]	:	Key	71	DOWN	at	934824  
939246	[4421]	:	time Target is 939246
939832	[586]	:	Key	71	DOWN	at	939832  
944581	[4749]	:	time Target is 944581
949903	[5322]	:	time Target is 949903
950630	[727]	:	Key	71	DOWN	at	950630  
955238	[4608]	:	time Target is 955238
960562	[5324]	:	time Target is 960562
961480	[918]	:	Key	71	DOWN	at	961479  
965899	[4419]	:	time Target is 965899
966455	[556]	:	Key	71	DOWN	at	966455  
971234	[4779]	:	time Target is 971234
971673	[439]	:	Key	71	DOWN	at	971672  
976573	[4900]	:	time Target is 976573
981897	[5324]	:	time Target is 981897
987211	[5314]	:	time Target is 987211
987655	[444]	:	Key	71	DOWN	at	987655  
992552	[4897]	:	time Target is 992552
993190	[638]	:	Key	71	DOWN	at	993189  
997884	[4694]	:	time Target is 997884
1003205	[5321]	:	time Target is 1003205
1003976	[771]	:	Key	71	DOWN	at	1003976 
1008541	[4565]	:	time Target is 1008541
1009047	[506]	:	Key	71	DOWN	at	1009047 
1013882	[4835]	:	time Target is 1013882
1014618	[736]	:	Key	71	DOWN	at	1014617 
1019217	[4599]	:	time Target is 1019217
1020184	[967]	:	Key	71	DOWN	at	1020183 
1024558	[4374]	:	time Target is 1024558
1025175	[617]	:	Key	71	DOWN	at	1025175 
1029896	[4721]	:	time Target is 1029896
1035217	[5321]	:	time Target is 1035217
1035752	[535]	:	Key	71	DOWN	at	1035751 
1040549	[4797]	:	time Target is 1040549
1041029	[480]	:	Key	71	DOWN	at	1041029 
1045891	[4862]	:	time Target is 1045891
1051212	[5321]	:	time Target is 1051212
1051657	[445]	:	Key	71	DOWN	at	1051656 
1056551	[4894]	:	time Target is 1056551
1057045	[494]	:	Key	71	DOWN	at	1057045 
1061892	[4847]	:	time Target is 1061892
1067216	[5324]	:	time Target is 1067216
1067703	[487]	:	Key	71	DOWN	at	1067702 
1072554	[4851]	:	time Target is 1072554
1073625	[1071]	:	Key	71	DOWN	at	1073625 
1077897	[4272]	:	time Target is 1077897
1079125	[1228]	:	Key	71	DOWN	at	1079124 
1083234	[4109]	:	time Target is 1083234
1088555	[5321]	:	time Target is 1088555
1093881	[5326]	:	time Target is 1093881
1094310	[429]	:	Key	71	DOWN	at	1094309 
1099216	[4906]	:	time Target is 1099216
1099637	[421]	:	Key	71	DOWN	at	1099636 
1104554	[4917]	:	time Target is 1104554
1105353	[799]	:	Key	71	DOWN	at	1105352 
1109889	[4536]	:	time Target is 1109889
1115204	[5315]	:	time Target is 1115204
1120529	[5325]	:	time Target is 1120529
1125850	[5321]	:	time Target is 1125850
1126549	[699]	:	Key	71	DOWN	at	1126549 
1131220	[4671]	:	time Target is 1131220
1136543	[5323]	:	time Target is 1136543
1137204	[661]	:	Key	71	DOWN	at	1137204 
1141883	[4679]	:	time Target is 1141883
1143124	[1241]	:	Key	71	DOWN	at	1143124 
1147217	[4093]	:	time Target is 1147217
1147929	[712]	:	Key	71	DOWN	at	1147929 
1152551	[4622]	:	time Target is 1152551
1153302	[751]	:	Key	71	DOWN	at	1153302 
1157889	[4587]	:	time Target is 1157889
1159012	[1123]	:	Key	71	DOWN	at	1159012 
1163228	[4216]	:	time Target is 1163228
1168549	[5321]	:	time Target is 1168549
1169557	[1008]	:	Key	71	DOWN	at	1169556 
1173887	[4330]	:	time Target is 1173887
1175189	[1302]	:	Key	71	DOWN	at	1175189 
1179225	[4036]	:	time Target is 1179225
1179861	[636]	:	Key	71	DOWN	at	1179861 
1184580	[4719]	:	time Target is 1184580
1184997	[417]	:	Key	71	DOWN	at	1184997 
1189921	[4924]	:	time Target is 1189921
1195242	[5321]	:	time Target is 1195242
1195701	[459]	:	Key	71	DOWN	at	1195701 
1200572	[4871]	:	time Target is 1200572
1201655	[1083]	:	Key	71	DOWN	at	1201655 
1205913	[4258]	:	time Target is 1205913
1211231	[5318]	:	time Target is 1211231
1211959	[728]	:	Key	71	DOWN	at	1211958 
1216569	[4610]	:	time Target is 1216569
1221886	[5317]	:	time Target is 1221886
1227209	[5323]	:	time Target is 1227209
1227591	[382]	:	Key	71	DOWN	at	1227591 
1232545	[4954]	:	time Target is 1232545
1233274	[729]	:	Key	71	DOWN	at	1233273 
1237876	[4602]	:	time Target is 1237876
1238292	[416]	:	Key	71	DOWN	at	1238291 
1243205	[4913]	:	time Target is 1243205
1248525	[5320]	:	time Target is 1248525
1248855	[330]	:	Key	71	DOWN	at	1248854 
1253870	[5015]	:	time Target is 1253870
1259193	[5323]	:	time Target is 1259193
1259688	[495]	:	Key	71	DOWN	at	1259688 
1264526	[4838]	:	time Target is 1264526
1269851	[5325]	:	time Target is 1269851
1275179	[5328]	:	time Target is 1275179
1275543	[364]	:	Key	71	DOWN	at	1275542 
1280514	[4971]	:	time Target is 1280514
1280953	[439]	:	Key	71	DOWN	at	1280953 
1285851	[4898]	:	time Target is 1285851
1287336	[1485]	:	Key	71	DOWN	at	1287335 
1291190	[3854]	:	time Target is 1291190
1291687	[497]	:	Key	71	DOWN	at	1291687 
1296525	[4838]	:	time Target is 1296525
1297481	[956]	:	Key	71	DOWN	at	1297481 
1301861	[4380]	:	time Target is 1301861
1307180	[5319]	:	time Target is 1307180
1307621	[441]	:	Key	71	DOWN	at	1307620 
1312512	[4891]	:	time Target is 1312512
1313302	[790]	:	Key	71	DOWN	at	1313302 
1317842	[4540]	:	time Target is 1317842
1323162	[5320]	:	time Target is 1323162
1328484	[5322]	:	time Target is 1328484
1339049	[10565]	:	Key	71	DOWN	at	1339049 
1339161	[112]	:	Key	71	UP	at	1339160 
1343157	[3996]	:	Key	71	DOWN	at	1343157 
1343946	[789]	:	Key	71	UP	at	1343334 
1344215	[269]	:	time Target is 1344215
1344889	[674]	:	Key	71	DOWN	at	1344888 
1349554	[4665]	:	time Target is 1349554
1349976	[422]	:	Key	71	DOWN	at	1349976 
1354893	[4917]	:	time Target is 1354893
1360214	[5321]	:	time Target is 1360214
1365533	[5319]	:	time Target is 1365533
1366020	[487]	:	Key	71	DOWN	at	1366020 
1370871	[4851]	:	time Target is 1370871
1376195	[5324]	:	time Target is 1376195
1381518	[5323]	:	time Target is 1381518
1382456	[938]	:	Key	71	DOWN	at	1382456 
1386854	[4398]	:	time Target is 1386854
1392189	[5335]	:	time Target is 1392189
1392775	[586]	:	Key	71	DOWN	at	1392774 
1397526	[4751]	:	time Target is 1397526
1402851	[5325]	:	time Target is 1402851
1408163	[5312]	:	Key	71	DOWN	at	1407939 
1408163	[0]	:	Key	71	UP	at	1408085 
1410977	[2814]	:	time Target is 1410977
1416298	[5321]	:	time Target is 1416298
1416728	[430]	:	Key	71	DOWN	at	1416728 
1421634	[4906]	:	time Target is 1421634
1422408	[774]	:	Key	71	DOWN	at	1422408 
1426972	[4564]	:	time Target is 1426972
1428198	[1226]	:	Key	71	DOWN	at	1428197 
1432306	[4108]	:	time Target is 1432306
1437629	[5323]	:	time Target is 1437629
1442950	[5321]	:	time Target is 1442950
1448271	[5321]	:	time Target is 1448271
1448950	[679]	:	Key	71	DOWN	at	1448949 
1453610	[4660]	:	time Target is 1453610
1454665	[1055]	:	Key	71	DOWN	at	1454665 
1458947	[4282]	:	time Target is 1458947
1464265	[5318]	:	time Target is 1464265
1465321	[1056]	:	Key	71	DOWN	at	1465320 
1469600	[4279]	:	time Target is 1469600
1474937	[5337]	:	time Target is 1474937
1475674	[737]	:	Key	71	DOWN	at	1475672 
1480273	[4599]	:	time Target is 1480273
1480745	[472]	:	Key	71	DOWN	at	1480744 
1485608	[4863]	:	time Target is 1485608
1486390	[782]	:	Key	71	DOWN	at	1486390 
1490959	[4569]	:	time Target is 1490959
1496286	[5327]	:	time Target is 1496286
1496659	[373]	:	Key	71	DOWN	at	1496659 
1501627	[4968]	:	time Target is 1501627
1502677	[1050]	:	Key	71	DOWN	at	1502677 
1506961	[4284]	:	time Target is 1506961
1507447	[486]	:	Key	71	DOWN	at	1507447 
1512300	[4853]	:	time Target is 1512300
1517622	[5322]	:	time Target is 1517622
1517928	[306]	:	Key	71	DOWN	at	1517928 
1522957	[5029]	:	time Target is 1522957
1523413	[456]	:	Key	71	DOWN	at	1523412 
1528309	[4896]	:	time Target is 1528309
1529193	[884]	:	Key	71	DOWN	at	1529192 
1533648	[4455]	:	time Target is 1533648
1534056	[408]	:	Key	71	DOWN	at	1534056 
1538982	[4926]	:	time Target is 1538982
1539769	[787]	:	Key	71	DOWN	at	1539769 
1544315	[4546]	:	time Target is 1544315
1545625	[1310]	:	Key	71	DOWN	at	1545624 
1549653	[4028]	:	time Target is 1549653
1550325	[672]	:	Key	71	DOWN	at	1550325 
1554998	[4673]	:	time Target is 1554998
1560334	[5336]	:	time Target is 1560334
1560804	[470]	:	Key	71	DOWN	at	1560804 
1565666	[4862]	:	time Target is 1565666
1566054	[388]	:	Key	71	DOWN	at	1566054 
1571003	[4949]	:	time Target is 1571003
1572052	[1049]	:	Key	71	DOWN	at	1572052 
1576340	[4288]	:	time Target is 1576340
1577320	[980]	:	Key	71	DOWN	at	1577319 
1581673	[4353]	:	time Target is 1581673
1582357	[684]	:	Key	71	DOWN	at	1582357 
1587005	[4648]	:	time Target is 1587005
1592323	[5318]	:	time Target is 1592323
1592792	[469]	:	Key	71	DOWN	at	1592791 
1597661	[4869]	:	time Target is 1597661
1599157	[1496]	:	Key	71	DOWN	at	1599157 
1602999	[3842]	:	time Target is 1602999
1608320	[5321]	:	time Target is 1608320
1613641	[5321]	:	time Target is 1613641
1614104	[463]	:	Key	71	DOWN	at	1614104 
1618974	[4870]	:	time Target is 1618974
1619461	[487]	:	Key	71	DOWN	at	1619461 
1624302	[4841]	:	time Target is 1624302
1629624	[5322]	:	time Target is 1629624
1630297	[673]	:	Key	71	DOWN	at	1630297 
1634969	[4672]	:	time Target is 1634969
1640286	[5317]	:	time Target is 1640286
1640728	[442]	:	Key	71	DOWN	at	1640727 
1645623	[4895]	:	time Target is 1645623
1646231	[608]	:	Key	71	DOWN	at	1646231 
1650959	[4728]	:	time Target is 1650959
1651783	[824]	:	Key	71	DOWN	at	1651783 
1656286	[4503]	:	time Target is 1656286
1656825	[539]	:	Key	71	DOWN	at	1656825 
1661625	[4800]	:	time Target is 1661625
1666946	[5321]	:	time Target is 1666946
1667352	[406]	:	Key	71	DOWN	at	1667352 
1672286	[4934]	:	time Target is 1672286
1672648	[362]	:	Key	71	DOWN	at	1672648 
1677622	[4974]	:	time Target is 1677622
1678100	[478]	:	Key	71	DOWN	at	1678100 
1682960	[4860]	:	time Target is 1682960
1683401	[441]	:	Key	71	DOWN	at	1683401 
1688297	[4896]	:	time Target is 1688297
1689047	[750]	:	Key	71	DOWN	at	1689047 
1693635	[4588]	:	time Target is 1693635
1698953	[5318]	:	time Target is 1698953
1699385	[432]	:	Key	71	DOWN	at	1699384 
1704290	[4905]	:	time Target is 1704290
1704806	[516]	:	Key	71	DOWN	at	1704806 
1709623	[4817]	:	time Target is 1709623
1710039	[416]	:	Key	71	DOWN	at	1710038 
1714962	[4923]	:	time Target is 1714962
1716118	[1156]	:	Key	71	DOWN	at	1716118 
1720299	[4181]	:	time Target is 1720299
1720934	[635]	:	Key	71	DOWN	at	1720933 
1725633	[4699]	:	time Target is 1725633
1730951	[5318]	:	time Target is 1730951
1731493	[542]	:	Key	71	DOWN	at	1731492 
1736287	[4794]	:	time Target is 1736287
1737431	[1144]	:	Key	71	DOWN	at	1737431 
1741626	[4195]	:	time Target is 1741626
1742233	[607]	:	Key	71	DOWN	at	1742233 
1746959	[4726]	:	time Target is 1746959
1747525	[566]	:	Key	71	DOWN	at	1747525 
1752292	[4767]	:	time Target is 1752292
1753765	[1473]	:	Key	71	DOWN	at	1753765 
1757629	[3864]	:	time Target is 1757629
1762952	[5323]	:	time Target is 1762951
1763348	[396]	:	Key	71	DOWN	at	1763348 
1768292	[4944]	:	time Target is 1768291
1768821	[529]	:	Key	71	DOWN	at	1768820 
1773626	[4805]	:	time Target is 1773626
1778952	[5326]	:	time Target is 1778952
1779369	[417]	:	Key	71	DOWN	at	1779368 
1784293	[4924]	:	time Target is 1784293
1789613	[5320]	:	time Target is 1789613
1790165	[552]	:	Key	71	DOWN	at	1790165 
1794958	[4793]	:	time Target is 1794958
1795399	[441]	:	Key	71	DOWN	at	1795399 
1800299	[4900]	:	time Target is 1800299
1800741	[442]	:	Key	71	DOWN	at	1800740 
1805631	[4890]	:	time Target is 1805631
1806328	[697]	:	Key	71	DOWN	at	1806328 
1810969	[4641]	:	time Target is 1810969
1811336	[367]	:	Key	71	DOWN	at	1811336 
1816303	[4967]	:	time Target is 1816303
1817401	[1098]	:	Key	71	DOWN	at	1817400 
1820643	[3242]	:	Key	71	UP	at	1817556 
1836358	[15715]	:	Key	71	DOWN	at	1836358 
1837146	[788]	:	Key	71	UP	at	1836468 
1837414	[268]	:	time Target is 1837414
1837875	[461]	:	Key	71	DOWN	at	1837875 
1842753	[4878]	:	time Target is 1842753
1843748	[995]	:	Key	71	DOWN	at	1843748 
1848090	[4342]	:	time Target is 1848090
1853411	[5321]	:	time Target is 1853411
1853939	[528]	:	Key	71	DOWN	at	1853939 
1858759	[4820]	:	time Target is 1858758
1859336	[577]	:	Key	71	DOWN	at	1859335 
1864101	[4765]	:	time Target is 1864101
1869420	[5319]	:	time Target is 1869420
1870041	[621]	:	Key	71	DOWN	at	1870040 
1874757	[4716]	:	time Target is 1874757
1876039	[1282]	:	Key	71	DOWN	at	1876039 
1880096	[4057]	:	time Target is 1880096
1880742	[646]	:	Key	71	DOWN	at	1880742 
1885434	[4692]	:	time Target is 1885434
1886133	[699]	:	Key	71	DOWN	at	1886133 
1890773	[4640]	:	time Target is 1890773
1891190	[417]	:	Key	71	DOWN	at	1891189 
1896115	[4925]	:	time Target is 1896115
1896597	[482]	:	Key	71	DOWN	at	1896597 
1901452	[4855]	:	time Target is 1901452
1906776	[5324]	:	time Target is 1906776
1907094	[318]	:	Key	71	DOWN	at	1907093 
1912119	[5025]	:	time Target is 1912119
1912630	[511]	:	Key	71	DOWN	at	1912630 
1917460	[4830]	:	time Target is 1917460
1917784	[324]	:	Key	71	DOWN	at	1917783 
1922792	[5008]	:	time Target is 1922792
1928124	[5332]	:	time Target is 1928124
1928516	[392]	:	Key	71	DOWN	at	1928516 
1933480	[4964]	:	time Target is 1933480
1934648	[1168]	:	Key	71	DOWN	at	1934647 
1938821	[4173]	:	time Target is 1938821
1939508	[687]	:	Key	71	DOWN	at	1939508 
1944158	[4650]	:	time Target is 1944158
1949478	[5320]	:	time Target is 1949478
1954794	[5316]	:	time Target is 1954794
1955240	[446]	:	Key	71	DOWN	at	1955238 
1960130	[4890]	:	time Target is 1960130
1965455	[5325]	:	time Target is 1965455
1970777	[5322]	:	time Target is 1970777
1971237	[460]	:	Key	71	DOWN	at	1971237 
1976116	[4879]	:	time Target is 1976116
1981441	[5325]	:	time Target is 1981441
1982136	[695]	:	Key	71	DOWN	at	1982136 
1986780	[4644]	:	time Target is 1986780
1987125	[345]	:	Key	71	DOWN	at	1987125 
1992120	[4995]	:	time Target is 1992120
1997442	[5322]	:	time Target is 1997442
1997816	[374]	:	Key	71	DOWN	at	1997816 
2002782	[4966]	:	time Target is 2002782
2003336	[554]	:	Key	71	DOWN	at	2003336 
2008114	[4778]	:	time Target is 2008114
2008457	[343]	:	Key	71	DOWN	at	2008456 
2013454	[4997]	:	time Target is 2013454
2013768	[314]	:	Key	71	DOWN	at	2013768 
2018789	[5021]	:	time Target is 2018789
2019192	[403]	:	Key	71	DOWN	at	2019192 
2024119	[4927]	:	time Target is 2024119
2024550	[431]	:	Key	71	DOWN	at	2024550 
2029453	[4903]	:	time Target is 2029453
2029784	[331]	:	Key	71	DOWN	at	2029784 
2034792	[5008]	:	time Target is 2034792
2035108	[316]	:	Key	71	DOWN	at	2035108 
2040124	[5016]	:	time Target is 2040124
2040409	[285]	:	Key	71	DOWN	at	2040408 
2045462	[5053]	:	time Target is 2045462
2045830	[368]	:	Key	71	DOWN	at	2045829 
2050795	[4965]	:	time Target is 2050795
2056119	[5324]	:	time Target is 2056119
2057400	[1281]	:	Key	71	DOWN	at	2057399 
2061454	[4054]	:	time Target is 2061454
2061797	[343]	:	Key	71	DOWN	at	2061797 
2066790	[4993]	:	time Target is 2066790
2067753	[963]	:	Key	71	DOWN	at	2067752 
2072127	[4374]	:	time Target is 2072127
2072308	[181]	:	Key	71	DOWN	at	2072308 
2077463	[5155]	:	time Target is 2077463
2082781	[5318]	:	time Target is 2082781
2088100	[5319]	:	time Target is 2088100
2088454	[354]	:	Key	71	DOWN	at	2088454 
2093431	[4977]	:	time Target is 2093431
2093716	[285]	:	Key	71	DOWN	at	2093716 
2098768	[5052]	:	time Target is 2098768
2099221	[453]	:	Key	71	DOWN	at	2099221 
2104100	[4879]	:	time Target is 2104100
2104440	[340]	:	Key	71	DOWN	at	2104440 
2109436	[4996]	:	time Target is 2109436
2109848	[412]	:	Key	71	DOWN	at	2109847 
2114771	[4923]	:	time Target is 2114771
2115205	[434]	:	Key	71	DOWN	at	2115205 
2120101	[4896]	:	time Target is 2120101
2125425	[5324]	:	time Target is 2125425
2126776	[1351]	:	Key	71	DOWN	at	2126775 
2130765	[3989]	:	time Target is 2130765
2136081	[5316]	:	time Target is 2136081
2137049	[968]	:	Key	71	DOWN	at	2137048 
2141423	[4374]	:	time Target is 2141423
2141829	[406]	:	Key	71	DOWN	at	2141829 
2146757	[4928]	:	time Target is 2146757
2152081	[5324]	:	time Target is 2152081
2152360	[279]	:	Key	71	DOWN	at	2152360 
2157415	[5055]	:	time Target is 2157415
2162740	[5325]	:	time Target is 2162740
2168065	[5325]	:	time Target is 2168065
2173386	[5321]	:	time Target is 2173386
2173828	[442]	:	Key	71	DOWN	at	2173828 
2178727	[4899]	:	time Target is 2178727
2184054	[5327]	:	time Target is 2184054
2185448	[1394]	:	Key	71	DOWN	at	2185447 
2189397	[3949]	:	time Target is 2189397
2194718	[5321]	:	time Target is 2194718
2200040	[5322]	:	time Target is 2200040
2200487	[447]	:	Key	71	DOWN	at	2200487 
2205370	[4883]	:	time Target is 2205370
2210688	[5318]	:	time Target is 2210688
2216009	[5321]	:	time Target is 2216009
2216327	[318]	:	Key	71	DOWN	at	2216327 
2221350	[5023]	:	time Target is 2221350
2221704	[354]	:	Key	71	DOWN	at	2221703 
2226691	[4987]	:	time Target is 2226691
2227123	[432]	:	Key	71	DOWN	at	2227123 
2232029	[4906]	:	time Target is 2232029
2237358	[5329]	:	time Target is 2237358
2242684	[5326]	:	time Target is 2242684
2248006	[5322]	:	time Target is 2248006
2248389	[383]	:	Key	71	DOWN	at	2248389 
2253346	[4957]	:	time Target is 2253346
2258671	[5325]	:	time Target is 2258671
2258997	[326]	:	Key	71	DOWN	at	2258997 
2264006	[5009]	:	time Target is 2264006
2269329	[5323]	:	time Target is 2269329
2274652	[5323]	:	time Target is 2274652
2275175	[523]	:	Key	71	DOWN	at	2275175 
2280012	[4837]	:	time Target is 2280012
2280375	[363]	:	Key	71	DOWN	at	2280375 
2285342	[4967]	:	time Target is 2285342
2290662	[5320]	:	time Target is 2290662
2295983	[5321]	:	time Target is 2295983
2296548	[565]	:	Key	71	DOWN	at	2296548 
2301317	[4769]	:	time Target is 2301317
2306644	[5327]	:	time Target is 2306644
2307094	[450]	:	Key	71	DOWN	at	2307093 
2311983	[4889]	:	time Target is 2311983
2312808	[825]	:	Key	71	DOWN	at	2312808 
2316288	[3480]	:	Key	71	UP	at	2312984 
2324265	[7977]	:	Key	71	DOWN	at	2324264 
2324357	[92]	:	Key	71	UP	at	2324357 
2335078	[10721]	:	Key	29	DOWN	at	2335077 
2335188	[110]	:	Key	29	UP	at	2335188 
2339288	[4100]	:	Key	29	DOWN	at	2339287 
2339449	[161]	:	Key	29	UP	at	2339447 
2342201	[2752]	:	Key	28	DOWN	at	2342199 
2342341	[140]	:	Key	28	UP	at	2342341 
2346628	[4287]	:	Key	28	DOWN	at	2346628 
2346742	[114]	:	Key	28	UP	at	2346741 
2348948	[2206]	:	Key	28	DOWN	at	2348948 
2349079	[131]	:	Key	28	UP	at	2349078 
2350773	[1694]	:	Key	28	DOWN	at	2350773 
2350884	[111]	:	Key	28	UP	at	2350884 
2352999	[2115]	:	Key	28	DOWN	at	2352998 
2353092	[93]	:	Key	28	UP	at	2353092 
2356281	[3189]	:	Key	28	DOWN	at	2356280 
2356407	[126]	:	Key	28	UP	at	2356406 
2358151	[1744]	:	Key	28	DOWN	at	2358151 
2358295	[144]	:	Key	28	UP	at	2358295 
2359621	[1326]	:	Key	28	DOWN	at	2359621 
2359738	[117]	:	Key	28	UP	at	2359737 
2361561	[1823]	:	Key	28	DOWN	at	2361560 
2361690	[129]	:	Key	28	UP	at	2361689 
2362345	[655]	:	Key	28	DOWN	at	2362344 
2362422	[77]	:	Key	28	UP	at	2362421 
2365030	[2608]	:	Key	29	DOWN	at	2365029 
2365174	[144]	:	Key	29	UP	at	2365174 
2366277	[1103]	:	Key	29	DOWN	at	2366277 
2366393	[116]	:	Key	29	UP	at	2366392 
2368696	[2303]	:	Key	29	DOWN	at	2368695 
2368788	[92]	:	Key	29	UP	at	2368788 
2369480	[692]	:	Key	29	DOWN	at	2369480 
2369496	[16]	:	COGENT STOP
