Cog2000 log file Sat Jan 18 12:17:59 2020
gprim v1.33 Compiled:Aug 12 2015 (GLib DirectDraw v7 DX12.0 Compiled:Aug 12 2015)
Display:1024x768x32 59.95Hz
Attaching C:\Program Files\Cogent2000v1.33\Toolbox\CogInput.mexw64
CogInput v1.05 Compiled: May 20 2010
7	[7]	:	COGENT START
7484	[7477]	:	Key	71	DOWN	at	7478    
7576	[92]	:	Key	71	UP	at	7575    
25175	[17599]	:	Key	71	DOWN	at	25174   
25290	[115]	:	Key	71	UP	at	25290   
28763	[3473]	:	Key	71	DOWN	at	28759   
28870	[107]	:	Key	71	UP	at	28870   
39768	[10898]	:	Key	71	DOWN	at	39768   
39879	[111]	:	Key	71	UP	at	39878   
54682	[14803]	:	Key	71	DOWN	at	54681   
54763	[81]	:	Key	71	UP	at	54763   
73129	[18366]	:	Key	71	DOWN	at	73128   
74037	[908]	:	time Target is 74018
74507	[470]	:	Key	71	DOWN	at	74507   
80180	[5673]	:	time Target is 80179
80791	[611]	:	Key	71	DOWN	at	80791   
86301	[5510]	:	time Target is 86300
86695	[394]	:	Key	71	DOWN	at	86695   
92405	[5710]	:	time Target is 92404
92759	[354]	:	Key	71	DOWN	at	92758   
101098	[8339]	:	Key	71	DOWN	at	101098  
102168	[1070]	:	time Target is 102163
108501	[6333]	:	time Target is 108501
114832	[6331]	:	time Target is 114831
121157	[6325]	:	time Target is 121157
138954	[17797]	:	Key	71	DOWN	at	138954  
139083	[129]	:	Key	71	UP	at	139083  
142395	[3312]	:	Key	71	DOWN	at	142394  
142587	[192]	:	Key	71	UP	at	142586  
145958	[3371]	:	Key	71	DOWN	at	145958  
146105	[147]	:	Key	71	UP	at	146104  
152763	[6658]	:	Key	71	DOWN	at	152762  
152874	[111]	:	Key	71	UP	at	152874  
156502	[3628]	:	Key	71	DOWN	at	156502  
157326	[824]	:	Key	71	UP	at	156615  
157348	[22]	:	time Target is 157348
157928	[580]	:	Key	71	DOWN	at	157928  
162451	[4523]	:	time Target is 162450
162839	[388]	:	Key	71	DOWN	at	162838  
167555	[4716]	:	time Target is 167554
167911	[356]	:	Key	71	DOWN	at	167911  
172653	[4742]	:	time Target is 172653
173016	[363]	:	Key	71	DOWN	at	173016  
177758	[4742]	:	time Target is 177757
178135	[377]	:	Key	71	DOWN	at	178134  
182089	[3954]	:	Key	71	UP	at	178312  
185864	[3775]	:	Key	71	DOWN	at	185863  
186650	[786]	:	Key	71	UP	at	185977  
186675	[25]	:	time Target is 186675
197594	[10919]	:	Key	71	DOWN	at	197594  
197767	[173]	:	Key	71	UP	at	197767  
201337	[3570]	:	Key	71	DOWN	at	201337  
202123	[786]	:	Key	71	UP	at	201480  
202148	[25]	:	time Target is 202148
203127	[979]	:	Key	71	DOWN	at	203126  
207235	[4108]	:	time Target is 207235
207591	[356]	:	Key	71	DOWN	at	207591  
212323	[4732]	:	time Target is 212322
212619	[296]	:	Key	71	DOWN	at	212618  
217410	[4791]	:	time Target is 217409
217722	[312]	:	Key	71	DOWN	at	217722  
222478	[4756]	:	Key	71	DOWN	at	222118  
225048	[2570]	:	time Target is 225048
225499	[451]	:	Key	71	DOWN	at	225498  
229353	[3854]	:	Key	71	UP	at	225655  
233046	[3693]	:	Key	71	DOWN	at	233046  
233829	[783]	:	Key	71	UP	at	233205  
233849	[20]	:	time Target is 233849
245065	[11216]	:	Key	71	DOWN	at	245064  
245242	[177]	:	Key	71	UP	at	245242  
248395	[3153]	:	Key	71	DOWN	at	248394  
249187	[792]	:	Key	71	UP	at	248566  
249210	[23]	:	time Target is 249210
249927	[717]	:	Key	71	DOWN	at	249926  
254304	[4377]	:	time Target is 254304
254870	[566]	:	Key	71	DOWN	at	254870  
259391	[4521]	:	time Target is 259391
259910	[519]	:	Key	71	DOWN	at	259910  
264478	[4568]	:	time Target is 264478
265051	[573]	:	Key	71	DOWN	at	265050  
269571	[4520]	:	time Target is 269571
270535	[964]	:	Key	71	DOWN	at	270535  
274657	[4122]	:	time Target is 274657
275002	[345]	:	Key	71	DOWN	at	275001  
278959	[3957]	:	Key	71	UP	at	275207  
282392	[3433]	:	Key	71	DOWN	at	282391  
283183	[791]	:	Key	71	UP	at	282585  
283206	[23]	:	time Target is 283206
294266	[11060]	:	Key	71	DOWN	at	294265  
294455	[189]	:	Key	71	UP	at	294455  
297639	[3184]	:	Key	71	DOWN	at	297639  
298430	[791]	:	Key	71	UP	at	297769  
298454	[24]	:	time Target is 298454
299515	[1061]	:	Key	71	DOWN	at	299514  
303542	[4027]	:	time Target is 303542
308616	[5074]	:	time Target is 308616
313689	[5073]	:	time Target is 313689
323545	[9856]	:	Key	92	DOWN	at	323545  
323734	[189]	:	Key	92	UP	at	323734  
324443	[709]	:	Key	71	DOWN	at	324442  
324681	[238]	:	Key	71	UP	at	324681  
338407	[13726]	:	Key	71	DOWN	at	338407  
338583	[176]	:	Key	71	UP	at	338583  
351317	[12734]	:	Key	71	DOWN	at	351317  
351512	[195]	:	Key	71	UP	at	351512  
363207	[11695]	:	Key	71	DOWN	at	363207  
363399	[192]	:	Key	71	UP	at	363399  
370631	[7232]	:	Key	71	DOWN	at	370631  
373205	[2574]	:	time Target is 373205
373659	[454]	:	Key	71	DOWN	at	373659  
378548	[4889]	:	time Target is 378548
379145	[597]	:	Key	71	DOWN	at	379144  
383896	[4751]	:	time Target is 383896
389227	[5331]	:	time Target is 389227
394563	[5336]	:	time Target is 394562
399893	[5330]	:	time Target is 399893
405219	[5326]	:	time Target is 405219
410547	[5328]	:	time Target is 410547
415867	[5320]	:	time Target is 415867
416120	[253]	:	Key	71	DOWN	at	416120  
421211	[5091]	:	time Target is 421211
426538	[5327]	:	time Target is 426538
431864	[5326]	:	time Target is 431864
432969	[1105]	:	Key	71	DOWN	at	432968  
437201	[4232]	:	time Target is 437201
442521	[5320]	:	time Target is 442521
443272	[751]	:	Key	71	DOWN	at	443272  
447862	[4590]	:	time Target is 447862
448870	[1008]	:	Key	71	DOWN	at	448869  
453200	[4330]	:	time Target is 453200
458520	[5320]	:	time Target is 458520
463838	[5318]	:	time Target is 463838
464198	[360]	:	Key	71	DOWN	at	464198  
469178	[4980]	:	time Target is 469178
474502	[5324]	:	time Target is 474502
475097	[595]	:	Key	71	DOWN	at	475096  
479840	[4743]	:	time Target is 479840
485188	[5348]	:	time Target is 485188
485463	[275]	:	Key	71	DOWN	at	485463  
490520	[5057]	:	time Target is 490520
495842	[5322]	:	time Target is 495842
501165	[5323]	:	time Target is 501165
506487	[5322]	:	time Target is 506487
506632	[145]	:	Key	71	DOWN	at	506632  
511861	[5229]	:	time Target is 511861
517183	[5322]	:	time Target is 517183
522501	[5318]	:	time Target is 522501
522823	[322]	:	Key	71	DOWN	at	522823  
527846	[5023]	:	time Target is 527846
528153	[307]	:	Key	71	DOWN	at	528153  
533187	[5034]	:	time Target is 533187
533319	[132]	:	Key	71	DOWN	at	533319  
538547	[5228]	:	time Target is 538547
543868	[5321]	:	time Target is 543868
544168	[300]	:	Key	71	DOWN	at	544167  
549205	[5037]	:	time Target is 549205
549702	[497]	:	Key	71	DOWN	at	549701  
554546	[4844]	:	time Target is 554546
559871	[5325]	:	time Target is 559871
565190	[5319]	:	time Target is 565190
565496	[306]	:	Key	71	DOWN	at	565496  
570530	[5034]	:	time Target is 570530
575852	[5322]	:	time Target is 575852
581190	[5338]	:	time Target is 581190
581482	[292]	:	Key	71	DOWN	at	581480  
586530	[5048]	:	time Target is 586530
591853	[5323]	:	time Target is 591853
597172	[5319]	:	time Target is 597172
597607	[435]	:	Key	71	DOWN	at	597607  
602515	[4908]	:	time Target is 602515
603146	[631]	:	Key	71	DOWN	at	603146  
607855	[4709]	:	time Target is 607855
613173	[5318]	:	time Target is 613173
614279	[1106]	:	Key	71	DOWN	at	614278  
618513	[4234]	:	time Target is 618513
623839	[5326]	:	time Target is 623839
624247	[408]	:	Key	71	DOWN	at	624247  
629176	[4929]	:	time Target is 629176
634498	[5322]	:	time Target is 634498
634870	[372]	:	Key	71	DOWN	at	634869  
639840	[4970]	:	time Target is 639840
640218	[378]	:	Key	71	DOWN	at	640217  
645179	[4961]	:	time Target is 645179
645447	[268]	:	Key	71	DOWN	at	645447  
650516	[5069]	:	time Target is 650516
651001	[485]	:	Key	71	DOWN	at	651000  
655868	[4867]	:	time Target is 655868
656248	[380]	:	Key	71	DOWN	at	656248  
661203	[4955]	:	time Target is 661203
661238	[35]	:	Key	71	DOWN	at	661236  
666538	[5300]	:	time Target is 666538
666872	[334]	:	Key	71	DOWN	at	666872  
671879	[5007]	:	time Target is 671879
672345	[466]	:	Key	71	DOWN	at	672345  
677217	[4872]	:	time Target is 677217
677556	[339]	:	Key	71	DOWN	at	677556  
682556	[5000]	:	time Target is 682556
687878	[5322]	:	time Target is 687878
693203	[5325]	:	time Target is 693203
693560	[357]	:	Key	71	DOWN	at	693560  
698539	[4979]	:	time Target is 698539
699160	[621]	:	Key	71	DOWN	at	699160  
703881	[4721]	:	time Target is 703881
704150	[269]	:	Key	71	DOWN	at	704149  
709218	[5068]	:	time Target is 709218
714538	[5320]	:	time Target is 714538
719858	[5320]	:	time Target is 719858
725181	[5323]	:	time Target is 725181
725482	[301]	:	Key	71	DOWN	at	725481  
730515	[5033]	:	time Target is 730515
735835	[5320]	:	time Target is 735835
736136	[301]	:	Key	71	DOWN	at	736135  
741172	[5036]	:	time Target is 741172
742070	[898]	:	Key	71	DOWN	at	742070  
746500	[4430]	:	time Target is 746500
747080	[580]	:	Key	71	DOWN	at	747080  
751839	[4759]	:	time Target is 751839
757162	[5323]	:	time Target is 757162
762482	[5320]	:	time Target is 762482
767809	[5327]	:	time Target is 767809
773131	[5322]	:	time Target is 773131
778454	[5323]	:	time Target is 778454
783777	[5323]	:	time Target is 783777
784359	[582]	:	Key	71	DOWN	at	784357  
789156	[4797]	:	time Target is 789156
789496	[340]	:	Key	71	DOWN	at	789496  
794543	[5047]	:	time Target is 794543
799866	[5323]	:	time Target is 799866
805189	[5323]	:	time Target is 805189
806247	[1058]	:	Key	71	DOWN	at	806247  
810527	[4280]	:	time Target is 810527
810826	[299]	:	Key	71	DOWN	at	810826  
815858	[5032]	:	time Target is 815858
815988	[130]	:	Key	71	DOWN	at	815988  
821198	[5210]	:	time Target is 821198
821496	[298]	:	Key	71	DOWN	at	821496  
826536	[5040]	:	time Target is 826536
831862	[5326]	:	time Target is 831862
832185	[323]	:	Key	71	DOWN	at	832185  
837203	[5018]	:	time Target is 837203
837274	[71]	:	Key	71	DOWN	at	837274  
842547	[5273]	:	time Target is 842547
842821	[274]	:	Key	71	DOWN	at	842821  
847884	[5063]	:	time Target is 847884
848298	[414]	:	Key	71	DOWN	at	848297  
852185	[3887]	:	Key	71	UP	at	848521  
858118	[5933]	:	Key	71	DOWN	at	858118  
858902	[784]	:	Key	71	UP	at	858311  
859172	[270]	:	time Target is 859172
864497	[5325]	:	time Target is 864497
869818	[5321]	:	time Target is 869818
875143	[5325]	:	time Target is 875143
880464	[5321]	:	time Target is 880464
880774	[310]	:	Key	71	DOWN	at	880773  
885802	[5028]	:	time Target is 885802
886137	[335]	:	Key	71	DOWN	at	886137  
891142	[5005]	:	time Target is 891142
891414	[272]	:	Key	71	DOWN	at	891413  
896479	[5065]	:	time Target is 896479
901799	[5320]	:	time Target is 901799
902055	[256]	:	Key	71	DOWN	at	902053  
907137	[5082]	:	time Target is 907137
912463	[5326]	:	time Target is 912463
917783	[5320]	:	time Target is 917783
918153	[370]	:	Key	71	DOWN	at	918153  
923123	[4970]	:	time Target is 923123
923385	[262]	:	Key	71	DOWN	at	923385  
928460	[5075]	:	time Target is 928460
933780	[5320]	:	time Target is 933780
934393	[613]	:	Key	71	DOWN	at	934393  
939118	[4725]	:	time Target is 939118
944442	[5324]	:	time Target is 944442
944841	[399]	:	Key	71	DOWN	at	944840  
949783	[4942]	:	time Target is 949783
950137	[354]	:	Key	71	DOWN	at	950136  
955116	[4979]	:	time Target is 955116
955419	[303]	:	Key	71	DOWN	at	955418  
960493	[5074]	:	time Target is 960493
961016	[523]	:	Key	71	DOWN	at	961015  
965834	[4818]	:	time Target is 965834
971150	[5316]	:	time Target is 971150
976476	[5326]	:	time Target is 976476
981799	[5323]	:	time Target is 981799
987122	[5323]	:	time Target is 987122
992444	[5322]	:	time Target is 992444
992793	[349]	:	Key	71	DOWN	at	992793  
997797	[5004]	:	time Target is 997797
1003117	[5320]	:	time Target is 1003117
1008439	[5322]	:	time Target is 1008439
1008726	[287]	:	Key	71	DOWN	at	1008725 
1013775	[5049]	:	time Target is 1013775
1019098	[5323]	:	time Target is 1019098
1019703	[605]	:	Key	71	DOWN	at	1019703 
1024463	[4760]	:	time Target is 1024463
1029787	[5324]	:	time Target is 1029787
1035109	[5322]	:	time Target is 1035109
1035430	[321]	:	Key	71	DOWN	at	1035429 
1040451	[5021]	:	time Target is 1040451
1040837	[386]	:	Key	71	DOWN	at	1040837 
1045790	[4953]	:	time Target is 1045790
1051115	[5325]	:	time Target is 1051115
1051465	[350]	:	Key	71	DOWN	at	1051465 
1056451	[4986]	:	time Target is 1056451
1061773	[5322]	:	time Target is 1061773
1067099	[5326]	:	time Target is 1067099
1072419	[5320]	:	time Target is 1072419
1072693	[274]	:	Key	71	DOWN	at	1072693 
1077760	[5067]	:	time Target is 1077760
1078074	[314]	:	Key	71	DOWN	at	1078073 
1083098	[5024]	:	time Target is 1083098
1088418	[5320]	:	time Target is 1088418
1088709	[291]	:	Key	71	DOWN	at	1088708 
1093754	[5045]	:	time Target is 1093754
1099079	[5325]	:	time Target is 1099079
1099398	[319]	:	Key	71	DOWN	at	1099398 
1104423	[5025]	:	time Target is 1104423
1104713	[290]	:	Key	71	DOWN	at	1104712 
1109764	[5051]	:	time Target is 1109764
1115091	[5327]	:	time Target is 1115091
1115817	[726]	:	Key	71	DOWN	at	1115816 
1120431	[4614]	:	time Target is 1120431
1125751	[5320]	:	time Target is 1125751
1126377	[626]	:	Key	71	DOWN	at	1126376 
1131089	[4712]	:	time Target is 1131089
1136445	[5356]	:	time Target is 1136445
1141766	[5321]	:	time Target is 1141766
1142054	[288]	:	Key	71	DOWN	at	1142054 
1147110	[5056]	:	time Target is 1147110
1152432	[5322]	:	time Target is 1152432
1152838	[406]	:	Key	71	DOWN	at	1152838 
1157768	[4930]	:	time Target is 1157768
1163093	[5325]	:	time Target is 1163093
1168415	[5322]	:	time Target is 1168415
1168532	[117]	:	Key	71	DOWN	at	1168532 
1173753	[5221]	:	time Target is 1173753
1179089	[5336]	:	time Target is 1179089
1184409	[5320]	:	time Target is 1184409
1184807	[398]	:	Key	71	DOWN	at	1184806 
1189738	[4931]	:	time Target is 1189738
1190120	[382]	:	Key	71	DOWN	at	1190120 
1195078	[4958]	:	time Target is 1195078
1195525	[447]	:	Key	71	DOWN	at	1195525 
1200416	[4891]	:	time Target is 1200416
1200792	[376]	:	Key	71	DOWN	at	1200792 
1205748	[4956]	:	time Target is 1205748
1211070	[5322]	:	time Target is 1211070
1211399	[329]	:	Key	71	DOWN	at	1211399 
1216406	[5007]	:	time Target is 1216406
1217399	[993]	:	Key	71	DOWN	at	1217398 
1221736	[4337]	:	time Target is 1221736
1227060	[5324]	:	time Target is 1227060
1232384	[5324]	:	time Target is 1232384
1237704	[5320]	:	time Target is 1237704
1238074	[370]	:	Key	71	DOWN	at	1238073 
1243044	[4970]	:	time Target is 1243044
1248364	[5320]	:	time Target is 1248364
1253692	[5328]	:	time Target is 1253692
1254278	[586]	:	Key	71	DOWN	at	1254277 
1259032	[4754]	:	time Target is 1259032
1259431	[399]	:	Key	71	DOWN	at	1259430 
1264368	[4937]	:	time Target is 1264368
1269691	[5323]	:	time Target is 1269691
1270022	[331]	:	Key	71	DOWN	at	1270022 
1275027	[5005]	:	time Target is 1275027
1275398	[371]	:	Key	71	DOWN	at	1275398 
1280362	[4964]	:	time Target is 1280362
1280743	[381]	:	Key	71	DOWN	at	1280743 
1285726	[4983]	:	time Target is 1285726
1286136	[410]	:	Key	71	DOWN	at	1286135 
1291071	[4935]	:	time Target is 1291071
1291464	[393]	:	Key	71	DOWN	at	1291464 
1296407	[4943]	:	time Target is 1296407
1301730	[5323]	:	time Target is 1301730
1307051	[5321]	:	time Target is 1307051
1307349	[298]	:	Key	71	DOWN	at	1307349 
1312389	[5040]	:	time Target is 1312389
1317708	[5319]	:	time Target is 1317708
1317988	[280]	:	Key	71	DOWN	at	1317988 
1323038	[5050]	:	time Target is 1323038
1328358	[5320]	:	time Target is 1328358
1328808	[450]	:	Key	71	DOWN	at	1328807 
1333708	[4900]	:	time Target is 1333708
1347464	[13756]	:	Key	71	DOWN	at	1347464 
1347606	[142]	:	Key	71	UP	at	1347605 
1350727	[3121]	:	Key	71	DOWN	at	1350727 
1351521	[794]	:	Key	71	UP	at	1350904 
1351788	[267]	:	time Target is 1351788
1352744	[956]	:	Key	71	DOWN	at	1352744 
1357125	[4381]	:	time Target is 1357125
1357750	[625]	:	Key	71	DOWN	at	1357750 
1362462	[4712]	:	time Target is 1362462
1363208	[746]	:	Key	71	DOWN	at	1363208 
1367805	[4597]	:	time Target is 1367805
1367896	[91]	:	Key	71	DOWN	at	1367895 
1373141	[5245]	:	time Target is 1373141
1378466	[5325]	:	time Target is 1378466
1383792	[5326]	:	time Target is 1383792
1389112	[5320]	:	time Target is 1389112
1389639	[527]	:	Key	71	DOWN	at	1389639 
1394462	[4823]	:	time Target is 1394462
1394724	[262]	:	Key	71	DOWN	at	1394724 
1399797	[5073]	:	time Target is 1399797
1399894	[97]	:	Key	71	DOWN	at	1399893 
1405133	[5239]	:	time Target is 1405133
1405368	[235]	:	Key	71	DOWN	at	1405368 
1410465	[5097]	:	time Target is 1410465
1410515	[50]	:	Key	71	DOWN	at	1410515 
1415809	[5294]	:	time Target is 1415809
1421127	[5318]	:	time Target is 1421127
1421401	[274]	:	Key	71	DOWN	at	1421400 
1426465	[5064]	:	time Target is 1426465
1427364	[899]	:	Key	71	DOWN	at	1427363 
1431802	[4438]	:	time Target is 1431802
1437135	[5333]	:	time Target is 1437135
1437733	[598]	:	Key	71	DOWN	at	1437732 
1442469	[4736]	:	time Target is 1442469
1442725	[256]	:	Key	71	DOWN	at	1442725 
1447796	[5071]	:	time Target is 1447796
1448037	[241]	:	Key	71	DOWN	at	1448036 
1453136	[5099]	:	time Target is 1453136
1453444	[308]	:	Key	71	DOWN	at	1453444 
1458473	[5029]	:	time Target is 1458473
1458872	[399]	:	Key	71	DOWN	at	1458872 
1463809	[4937]	:	time Target is 1463809
1464104	[295]	:	Key	71	DOWN	at	1464104 
1469152	[5048]	:	time Target is 1469152
1469543	[391]	:	Key	71	DOWN	at	1469542 
1474487	[4944]	:	time Target is 1474487
1479816	[5329]	:	time Target is 1479816
1485179	[5363]	:	time Target is 1485179
1485188	[9]	:	Key	71	DOWN	at	1485187 
1490513	[5325]	:	time Target is 1490513
1495834	[5321]	:	time Target is 1495834
1496103	[269]	:	Key	71	DOWN	at	1496102 
1501172	[5069]	:	time Target is 1501172
1506495	[5323]	:	time Target is 1506495
1511824	[5329]	:	time Target is 1511824
1511878	[54]	:	Key	71	DOWN	at	1511878 
1517158	[5280]	:	time Target is 1517158
1517450	[292]	:	Key	71	DOWN	at	1517449 
1522492	[5042]	:	time Target is 1522492
1522789	[297]	:	Key	71	DOWN	at	1522788 
1527820	[5031]	:	Key	71	DOWN	at	1527685 
1530635	[2815]	:	time Target is 1530635
1530951	[316]	:	Key	71	DOWN	at	1530951 
1535971	[5020]	:	time Target is 1535971
1536311	[340]	:	Key	71	DOWN	at	1536310 
1541310	[4999]	:	time Target is 1541310
1546635	[5325]	:	time Target is 1546635
1551957	[5322]	:	time Target is 1551957
1552728	[771]	:	Key	71	DOWN	at	1552728 
1557301	[4573]	:	time Target is 1557301
1562623	[5322]	:	time Target is 1562623
1563161	[538]	:	Key	71	DOWN	at	1563160 
1567964	[4803]	:	time Target is 1567964
1573286	[5322]	:	time Target is 1573286
1578607	[5321]	:	time Target is 1578607
1583930	[5323]	:	time Target is 1583930
1589250	[5320]	:	time Target is 1589250
1589556	[306]	:	Key	71	DOWN	at	1589556 
1594590	[5034]	:	time Target is 1594590
1599916	[5326]	:	time Target is 1599916
1605238	[5322]	:	time Target is 1605238
1610563	[5325]	:	time Target is 1610563
1610935	[372]	:	Key	71	DOWN	at	1610935 
1615896	[4961]	:	time Target is 1615896
1621221	[5325]	:	time Target is 1621221
1621544	[323]	:	Key	71	DOWN	at	1621544 
1626563	[5019]	:	time Target is 1626563
1631891	[5328]	:	time Target is 1631891
1637217	[5326]	:	time Target is 1637217
1642538	[5321]	:	time Target is 1642538
1647860	[5322]	:	time Target is 1647860
1653186	[5326]	:	time Target is 1653186
1653528	[342]	:	Key	71	DOWN	at	1653528 
1658522	[4994]	:	time Target is 1658522
1659189	[667]	:	Key	71	DOWN	at	1659189 
1663900	[4711]	:	time Target is 1663900
1664233	[333]	:	Key	71	DOWN	at	1664232 
1669240	[5007]	:	time Target is 1669240
1674561	[5321]	:	time Target is 1674561
1679889	[5328]	:	time Target is 1679889
1680214	[325]	:	Key	71	DOWN	at	1680213 
1685225	[5011]	:	time Target is 1685225
1690557	[5332]	:	time Target is 1690557
1695878	[5321]	:	time Target is 1695878
1696312	[434]	:	Key	71	DOWN	at	1696312 
1701215	[4903]	:	time Target is 1701215
1701704	[489]	:	Key	71	DOWN	at	1701703 
1706558	[4854]	:	time Target is 1706558
1707158	[600]	:	Key	71	DOWN	at	1707158 
1711890	[4732]	:	time Target is 1711890
1712388	[498]	:	Key	71	DOWN	at	1712388 
1717227	[4839]	:	time Target is 1717227
1717526	[299]	:	Key	71	DOWN	at	1717526 
1722564	[5038]	:	time Target is 1722564
1727892	[5328]	:	time Target is 1727892
1733214	[5322]	:	time Target is 1733214
1738531	[5317]	:	time Target is 1738531
1743863	[5332]	:	time Target is 1743863
1749187	[5324]	:	time Target is 1749187
1749558	[371]	:	Key	71	DOWN	at	1749557 
1754525	[4967]	:	time Target is 1754525
1759852	[5327]	:	time Target is 1759852
1760164	[312]	:	Key	71	DOWN	at	1760164 
1765200	[5036]	:	time Target is 1765200
1770549	[5349]	:	time Target is 1770549
1775874	[5325]	:	time Target is 1775874
1776437	[563]	:	Key	71	DOWN	at	1776437 
1781203	[4766]	:	time Target is 1781203
1782088	[885]	:	Key	71	DOWN	at	1782087 
1786544	[4456]	:	time Target is 1786544
1787093	[549]	:	Key	71	DOWN	at	1787092 
1791881	[4788]	:	time Target is 1791881
1797205	[5324]	:	time Target is 1797205
1802531	[5326]	:	time Target is 1802531
1807853	[5322]	:	time Target is 1807853
1809188	[1335]	:	Key	71	DOWN	at	1809187 
1813231	[4043]	:	time Target is 1813231
1813510	[279]	:	Key	71	DOWN	at	1813509 
1818560	[5050]	:	time Target is 1818560
1818867	[307]	:	Key	71	DOWN	at	1818867 
1823899	[5032]	:	time Target is 1823899
1844707	[20808]	:	Key	71	DOWN	at	1844707 
1845499	[792]	:	Key	71	UP	at	1844851 
1845767	[268]	:	time Target is 1845767
1846084	[317]	:	Key	71	DOWN	at	1846083 
1851103	[5019]	:	time Target is 1851103
1856421	[5318]	:	time Target is 1856421
1861761	[5340]	:	time Target is 1861761
1867082	[5321]	:	time Target is 1867082
1872414	[5332]	:	time Target is 1872414
1872679	[265]	:	Key	71	DOWN	at	1872678 
1877748	[5069]	:	time Target is 1877748
1878072	[324]	:	Key	71	DOWN	at	1878072 
1883088	[5016]	:	time Target is 1883088
1888409	[5321]	:	time Target is 1888409
1893735	[5326]	:	time Target is 1893735
1899057	[5322]	:	time Target is 1899057
1899267	[210]	:	Key	71	DOWN	at	1899267 
1904394	[5127]	:	time Target is 1904394
1905110	[716]	:	Key	71	DOWN	at	1905109 
1909733	[4623]	:	time Target is 1909733
1910008	[275]	:	Key	71	DOWN	at	1910008 
1915070	[5062]	:	time Target is 1915070
1915301	[231]	:	Key	71	DOWN	at	1915301 
1920410	[5109]	:	time Target is 1920410
1920919	[509]	:	Key	71	DOWN	at	1920919 
1925751	[4832]	:	time Target is 1925751
1926008	[257]	:	Key	71	DOWN	at	1926008 
1931086	[5078]	:	time Target is 1931086
1931335	[249]	:	Key	71	DOWN	at	1931335 
1936418	[5083]	:	time Target is 1936418
1936660	[242]	:	Key	71	DOWN	at	1936660 
1941757	[5097]	:	time Target is 1941757
1941957	[200]	:	Key	71	DOWN	at	1941957 
1947100	[5143]	:	time Target is 1947100
1947398	[298]	:	Key	71	DOWN	at	1947397 
1952454	[5056]	:	time Target is 1952454
1952710	[256]	:	Key	71	DOWN	at	1952710 
1957790	[5080]	:	time Target is 1957790
1958404	[614]	:	Key	71	DOWN	at	1958404 
1963126	[4722]	:	time Target is 1963126
1963813	[687]	:	Key	71	DOWN	at	1963812 
1968464	[4651]	:	time Target is 1968464
1968468	[4]	:	Key	71	DOWN	at	1968468 
1973793	[5325]	:	time Target is 1973793
1973927	[134]	:	Key	71	DOWN	at	1973927 
1979137	[5210]	:	time Target is 1979137
1984463	[5326]	:	time Target is 1984463
1989783	[5320]	:	time Target is 1989783
1990596	[813]	:	Key	71	DOWN	at	1990596 
1995138	[4542]	:	time Target is 1995138
1995414	[276]	:	Key	71	DOWN	at	1995414 
2000476	[5062]	:	time Target is 2000476
2000549	[73]	:	Key	71	DOWN	at	2000549 
2005818	[5269]	:	time Target is 2005818
2011142	[5324]	:	time Target is 2011142
2016464	[5322]	:	time Target is 2016464
2021790	[5326]	:	time Target is 2021790
2022118	[328]	:	Key	71	DOWN	at	2022118 
2027121	[5003]	:	time Target is 2027121
2032445	[5324]	:	time Target is 2032445
2032757	[312]	:	Key	71	DOWN	at	2032757 
2037784	[5027]	:	time Target is 2037784
2043106	[5322]	:	time Target is 2043106
2043476	[370]	:	Key	71	DOWN	at	2043476 
2048440	[4964]	:	time Target is 2048440
2049158	[718]	:	Key	71	DOWN	at	2049158 
2053768	[4610]	:	time Target is 2053768
2059092	[5324]	:	time Target is 2059092
2064418	[5326]	:	time Target is 2064418
2064819	[401]	:	Key	71	DOWN	at	2064819 
2069755	[4936]	:	time Target is 2069755
2075074	[5319]	:	time Target is 2075074
2075286	[212]	:	Key	71	DOWN	at	2075286 
2080447	[5161]	:	time Target is 2080447
2085768	[5321]	:	time Target is 2085768
2091091	[5323]	:	time Target is 2091091
2091398	[307]	:	Key	71	DOWN	at	2091398 
2096426	[5028]	:	time Target is 2096426
2101762	[5336]	:	time Target is 2101762
2102067	[305]	:	Key	71	DOWN	at	2102067 
2107102	[5035]	:	time Target is 2107102
2107336	[234]	:	Key	71	DOWN	at	2107336 
2112440	[5104]	:	time Target is 2112440
2117775	[5335]	:	time Target is 2117775
2123098	[5323]	:	time Target is 2123098
2123442	[344]	:	Key	71	DOWN	at	2123442 
2128426	[4984]	:	time Target is 2128426
2128887	[461]	:	Key	71	DOWN	at	2128887 
2133765	[4878]	:	time Target is 2133765
2139085	[5320]	:	time Target is 2139085
2139382	[297]	:	Key	71	DOWN	at	2139381 
2144423	[5041]	:	time Target is 2144423
2149774	[5351]	:	time Target is 2149774
2155101	[5327]	:	time Target is 2155101
2155397	[296]	:	Key	71	DOWN	at	2155396 
2160440	[5043]	:	time Target is 2160440
2165762	[5322]	:	time Target is 2165762
2166374	[612]	:	Key	71	DOWN	at	2166374 
2171098	[4724]	:	time Target is 2171098
2176421	[5323]	:	time Target is 2176421
2181771	[5350]	:	time Target is 2181771
2182067	[296]	:	Key	71	DOWN	at	2182067 
2187110	[5043]	:	time Target is 2187110
2187271	[161]	:	Key	71	DOWN	at	2187271 
2192448	[5177]	:	time Target is 2192448
2192471	[23]	:	Key	71	DOWN	at	2192471 
2197779	[5308]	:	time Target is 2197779
2203099	[5320]	:	time Target is 2203099
2203235	[136]	:	Key	71	DOWN	at	2203235 
2208431	[5196]	:	time Target is 2208431
2213752	[5321]	:	time Target is 2213752
2219074	[5322]	:	time Target is 2219074
2219400	[326]	:	Key	71	DOWN	at	2219400 
2224405	[5005]	:	time Target is 2224405
2224454	[49]	:	Key	71	DOWN	at	2224453 
2229746	[5292]	:	time Target is 2229746
2229747	[1]	:	Key	71	DOWN	at	2229746 
2229990	[243]	:	Key	71	UP	at	2229990 
2230471	[481]	:	Key	71	DOWN	at	2230471 
2235079	[4608]	:	time Target is 2235079
2240422	[5343]	:	time Target is 2240422
2240870	[448]	:	Key	71	DOWN	at	2240869 
2245785	[4915]	:	time Target is 2245785
2246163	[378]	:	Key	71	DOWN	at	2246163 
2251123	[4960]	:	time Target is 2251123
2251637	[514]	:	Key	71	DOWN	at	2251636 
2256459	[4822]	:	time Target is 2256459
2256739	[280]	:	Key	71	DOWN	at	2256739 
2261788	[5049]	:	time Target is 2261788
2262232	[444]	:	Key	71	DOWN	at	2262232 
2267152	[4920]	:	time Target is 2267152
2272474	[5322]	:	time Target is 2272474
2272887	[413]	:	Key	71	DOWN	at	2272887 
2277850	[4963]	:	time Target is 2277850
2283175	[5325]	:	time Target is 2283175
2288500	[5325]	:	time Target is 2288500
2289604	[1104]	:	Key	71	DOWN	at	2289604 
2293837	[4233]	:	time Target is 2293837
2299205	[5368]	:	time Target is 2299205
2304556	[5351]	:	time Target is 2304556
2309883	[5327]	:	time Target is 2309883
2310179	[296]	:	Key	71	DOWN	at	2310179 
2315225	[5046]	:	time Target is 2315225
2315556	[331]	:	Key	71	DOWN	at	2315556 
2320566	[5010]	:	time Target is 2320566
2321304	[738]	:	Key	71	DOWN	at	2321303 
2324872	[3568]	:	Key	71	UP	at	2321510 
2327063	[2191]	:	Key	71	DOWN	at	2327063 
2327239	[176]	:	Key	71	UP	at	2327239 
2339927	[12688]	:	Key	29	DOWN	at	2339926 
2340115	[188]	:	Key	29	UP	at	2340115 
2342887	[2772]	:	Key	29	DOWN	at	2342887 
2343144	[257]	:	Key	29	UP	at	2343143 
2351426	[8282]	:	Key	29	DOWN	at	2351426 
2351623	[197]	:	Key	29	UP	at	2351623 
2352629	[1006]	:	Key	28	DOWN	at	2352628 
2352788	[159]	:	Key	28	UP	at	2352788 
2355671	[2883]	:	Key	28	DOWN	at	2355671 
2355831	[160]	:	Key	28	UP	at	2355830 
2356387	[556]	:	Key	29	DOWN	at	2356386 
2356580	[193]	:	Key	29	UP	at	2356579 
2359256	[2676]	:	Key	28	DOWN	at	2359255 
2359427	[171]	:	Key	28	UP	at	2359427 
2360389	[962]	:	Key	28	DOWN	at	2360388 
2360535	[146]	:	Key	28	UP	at	2360534 
2367043	[6508]	:	Key	29	DOWN	at	2367043 
2367221	[178]	:	Key	29	UP	at	2367220 
2370037	[2816]	:	Key	29	DOWN	at	2370037 
2370179	[142]	:	Key	29	UP	at	2370179 
2372756	[2577]	:	Key	28	DOWN	at	2372755 
2372934	[178]	:	Key	28	UP	at	2372933 
2373988	[1054]	:	Key	28	DOWN	at	2373988 
2374100	[112]	:	Key	28	UP	at	2374099 
2378038	[3938]	:	Key	29	DOWN	at	2378038 
2378227	[189]	:	Key	29	UP	at	2378227 
2380214	[1987]	:	Key	29	DOWN	at	2380214 
2380423	[209]	:	Key	29	UP	at	2380423 
2386054	[5631]	:	Key	28	DOWN	at	2386054 
2386212	[158]	:	Key	28	UP	at	2386211 
2386646	[434]	:	Key	28	DOWN	at	2386646 
2386687	[41]	:	COGENT STOP
