Cog2000 log file Mon Aug 19 17:05:20 2019
gprim v1.33 Compiled:Aug 12 2015 (GLib DirectDraw v7 DX12.0 Compiled:Aug 12 2015)
Display:1024x768x32 59.92Hz
CogInput v1.05 Compiled: May 20 2010
0	[0]	:	COGENT START
11986	[11986]	:	Key	71	DOWN	at	11986   
12080	[94]	:	Key	71	UP	at	12079   
34431	[22351]	:	Key	71	DOWN	at	34431   
34531	[100]	:	Key	71	UP	at	34530   
39088	[4557]	:	Key	71	DOWN	at	39088   
39200	[112]	:	Key	71	UP	at	39200   
50211	[11011]	:	Key	71	DOWN	at	50211   
50306	[95]	:	Key	71	UP	at	50305   
65857	[15551]	:	Key	71	DOWN	at	65857   
65935	[78]	:	Key	71	UP	at	65933   
83567	[17632]	:	Key	71	DOWN	at	83567   
84391	[824]	:	time Target is 84391
84783	[392]	:	Key	71	DOWN	at	84783   
86014	[1231]	:	Key	71	DOWN	at	86014   
89589	[3575]	:	time Target is 89589
95666	[6077]	:	time Target is 95666
96241	[575]	:	Key	71	DOWN	at	96240   
101755	[5514]	:	time Target is 101755
102259	[504]	:	Key	71	DOWN	at	102259  
107846	[5587]	:	time Target is 107846
108418	[572]	:	Key	71	DOWN	at	108417  
118161	[9743]	:	Key	71	DOWN	at	118161  
119218	[1057]	:	time Target is 119218
125539	[6321]	:	time Target is 125539
131861	[6322]	:	time Target is 131860
138182	[6321]	:	time Target is 138182
157598	[19416]	:	Key	71	DOWN	at	157598  
157698	[100]	:	Key	71	UP	at	157697  
161998	[4300]	:	Key	71	DOWN	at	161998  
162082	[84]	:	Key	71	UP	at	162081  
166546	[4464]	:	Key	71	DOWN	at	166545  
166627	[81]	:	Key	71	UP	at	166627  
175021	[8394]	:	Key	71	DOWN	at	175021  
175122	[101]	:	Key	71	UP	at	175121  
181919	[6797]	:	Key	71	DOWN	at	181919  
182718	[799]	:	Key	71	UP	at	182061  
182740	[22]	:	time Target is 182740
183423	[683]	:	Key	71	DOWN	at	183422  
187838	[4415]	:	time Target is 187837
192917	[5079]	:	time Target is 192917
193346	[429]	:	Key	71	DOWN	at	193346  
198016	[4670]	:	time Target is 198016
198722	[706]	:	Key	71	DOWN	at	198721  
202323	[3601]	:	Key	71	UP	at	198835  
210512	[8189]	:	Key	71	DOWN	at	210512  
210611	[99]	:	Key	71	UP	at	210611  
218335	[7724]	:	Key	71	DOWN	at	218334  
219127	[792]	:	Key	71	UP	at	218431  
219148	[21]	:	time Target is 219148
224232	[5084]	:	time Target is 224230
224817	[585]	:	Key	71	DOWN	at	224816  
229318	[4501]	:	time Target is 229318
234390	[5072]	:	time Target is 234389
234941	[551]	:	Key	71	DOWN	at	234941  
238689	[3748]	:	Key	71	UP	at	235072  
246382	[7693]	:	Key	71	DOWN	at	246382  
246482	[100]	:	Key	71	UP	at	246481  
250862	[4380]	:	Key	71	DOWN	at	250862  
251653	[791]	:	Key	71	UP	at	251011  
251676	[23]	:	time Target is 251676
256755	[5079]	:	time Target is 256755
257922	[1167]	:	Key	71	DOWN	at	257922  
261832	[3910]	:	time Target is 261832
266903	[5071]	:	time Target is 266903
278802	[11899]	:	Key	71	DOWN	at	278802  
278894	[92]	:	Key	71	UP	at	278894  
282417	[3523]	:	Key	71	DOWN	at	282417  
283209	[792]	:	Key	71	UP	at	282594  
283232	[23]	:	time Target is 283232
284258	[1026]	:	Key	71	DOWN	at	284258  
288308	[4050]	:	Key	71	DOWN	at	288304  
290875	[2567]	:	time Target is 290875
291520	[645]	:	Key	71	DOWN	at	291520  
295965	[4445]	:	time Target is 295965
296690	[725]	:	Key	71	DOWN	at	296689  
301057	[4367]	:	time Target is 301056
301585	[528]	:	Key	71	DOWN	at	301584  
306138	[4553]	:	time Target is 306138
306719	[581]	:	Key	71	DOWN	at	306718  
310442	[3723]	:	Key	71	UP	at	306866  
315505	[5063]	:	Key	71	DOWN	at	315505  
316300	[795]	:	Key	71	UP	at	315630  
316323	[23]	:	time Target is 316323
316879	[556]	:	Key	71	DOWN	at	316879  
320621	[3742]	:	Key	71	UP	at	317021  
321856	[1235]	:	Key	71	DOWN	at	321855  
322647	[791]	:	Key	71	UP	at	322015  
322667	[20]	:	time Target is 322667
333950	[11283]	:	Key	71	DOWN	at	333950  
334097	[147]	:	Key	71	UP	at	334096  
349281	[15184]	:	Key	71	DOWN	at	349281  
349471	[190]	:	Key	71	UP	at	349471  
363472	[14001]	:	Key	71	DOWN	at	363472  
363796	[324]	:	Key	71	UP	at	363795  
376147	[12351]	:	Key	71	DOWN	at	376147  
376258	[111]	:	Key	71	UP	at	376258  
417647	[41389]	:	Key	71	DOWN	at	417645  
420208	[2561]	:	time Target is 420208
421060	[852]	:	Key	71	DOWN	at	421059  
425547	[4487]	:	time Target is 425547
430873	[5326]	:	time Target is 430873
431763	[890]	:	Key	71	DOWN	at	431763  
436204	[4441]	:	time Target is 436204
441528	[5324]	:	time Target is 441528
442077	[549]	:	Key	71	DOWN	at	442077  
446862	[4785]	:	time Target is 446862
447937	[1075]	:	Key	71	DOWN	at	447937  
452201	[4264]	:	time Target is 452201
453296	[1095]	:	Key	71	DOWN	at	453296  
457537	[4241]	:	time Target is 457537
462855	[5318]	:	time Target is 462855
463215	[360]	:	Key	71	DOWN	at	463215  
468192	[4977]	:	time Target is 468192
468623	[431]	:	Key	71	DOWN	at	468622  
473531	[4908]	:	time Target is 473531
474161	[630]	:	Key	71	DOWN	at	474161  
478868	[4707]	:	time Target is 478868
484194	[5326]	:	time Target is 484194
484238	[44]	:	Key	71	DOWN	at	484238  
489512	[5274]	:	Key	71	DOWN	at	489487  
492322	[2810]	:	time Target is 492322
492739	[417]	:	Key	71	DOWN	at	492739  
497660	[4921]	:	time Target is 497660
498032	[372]	:	Key	71	DOWN	at	498032  
502994	[4962]	:	time Target is 502994
503554	[560]	:	Key	71	DOWN	at	503553  
508321	[4767]	:	time Target is 508321
513642	[5321]	:	time Target is 513642
518961	[5319]	:	time Target is 518961
519250	[289]	:	Key	71	DOWN	at	519250  
524300	[5050]	:	time Target is 524300
529622	[5322]	:	time Target is 529622
529792	[170]	:	Key	71	DOWN	at	529792  
534956	[5164]	:	time Target is 534956
535104	[148]	:	Key	71	DOWN	at	535103  
540027	[4923]	:	Key	71	DOWN	at	539794  
540028	[1]	:	Key	71	UP	at	539920  
542845	[2817]	:	time Target is 542845
548164	[5319]	:	time Target is 548164
553483	[5319]	:	time Target is 553483
553922	[439]	:	Key	71	DOWN	at	553921  
558823	[4901]	:	time Target is 558823
564144	[5321]	:	time Target is 564144
564992	[848]	:	Key	71	DOWN	at	564992  
569483	[4491]	:	time Target is 569483
570785	[1302]	:	Key	71	DOWN	at	570785  
574824	[4039]	:	time Target is 574824
575184	[360]	:	Key	71	DOWN	at	575184  
580159	[4975]	:	time Target is 580159
585474	[5315]	:	time Target is 585474
590798	[5324]	:	time Target is 590798
591122	[324]	:	Key	71	DOWN	at	591121  
596138	[5016]	:	time Target is 596138
596719	[581]	:	Key	71	DOWN	at	596718  
601473	[4754]	:	time Target is 601473
606794	[5321]	:	time Target is 606794
607218	[424]	:	Key	71	DOWN	at	607217  
612135	[4917]	:	time Target is 612135
617456	[5321]	:	time Target is 617456
622781	[5325]	:	time Target is 622781
622899	[118]	:	Key	71	DOWN	at	622899  
628116	[5217]	:	time Target is 628116
633433	[5317]	:	time Target is 633433
633743	[310]	:	Key	71	DOWN	at	633743  
638769	[5026]	:	time Target is 638769
639153	[384]	:	Key	71	DOWN	at	639152  
644114	[4961]	:	time Target is 644114
649437	[5323]	:	time Target is 649437
649822	[385]	:	Key	71	DOWN	at	649822  
654783	[4961]	:	time Target is 654783
655249	[466]	:	Key	71	DOWN	at	655248  
660116	[4867]	:	time Target is 660116
660529	[413]	:	Key	71	DOWN	at	660527  
665450	[4921]	:	time Target is 665450
670771	[5321]	:	time Target is 670771
671152	[381]	:	Key	71	DOWN	at	671151  
676108	[4956]	:	time Target is 676108
681429	[5321]	:	time Target is 681429
682707	[1278]	:	Key	71	DOWN	at	682707  
686764	[4057]	:	time Target is 686764
687119	[355]	:	Key	71	DOWN	at	687119  
692090	[4971]	:	time Target is 692090
692381	[291]	:	Key	71	DOWN	at	692381  
697425	[5044]	:	time Target is 697425
697875	[450]	:	Key	71	DOWN	at	697874  
702755	[4880]	:	time Target is 702755
703907	[1152]	:	Key	71	DOWN	at	703906  
708092	[4185]	:	time Target is 708092
708771	[679]	:	Key	71	DOWN	at	708770  
713425	[4654]	:	time Target is 713425
718747	[5322]	:	time Target is 718747
719202	[455]	:	Key	71	DOWN	at	719202  
724080	[4878]	:	time Target is 724080
725216	[1136]	:	Key	71	DOWN	at	725216  
729414	[4198]	:	time Target is 729414
734745	[5331]	:	time Target is 734745
735169	[424]	:	Key	71	DOWN	at	735169  
740079	[4910]	:	time Target is 740079
745408	[5329]	:	time Target is 745408
746547	[1139]	:	Key	71	DOWN	at	746545  
750741	[4194]	:	time Target is 750741
751151	[410]	:	Key	71	DOWN	at	751151  
756074	[4923]	:	time Target is 756074
761397	[5323]	:	time Target is 761397
766721	[5324]	:	time Target is 766721
767746	[1025]	:	Key	71	DOWN	at	767746  
772058	[4312]	:	time Target is 772058
777386	[5328]	:	time Target is 777386
782703	[5317]	:	time Target is 782703
783506	[803]	:	Key	71	DOWN	at	783506  
788040	[4534]	:	time Target is 788040
793360	[5320]	:	time Target is 793360
798683	[5323]	:	time Target is 798683
799617	[934]	:	Key	71	DOWN	at	799617  
804024	[4407]	:	time Target is 804024
809360	[5336]	:	time Target is 809360
814680	[5320]	:	time Target is 814680
820000	[5320]	:	time Target is 820000
825320	[5320]	:	time Target is 825320
825746	[426]	:	Key	71	DOWN	at	825746  
830658	[4912]	:	time Target is 830658
836005	[5347]	:	time Target is 836005
841329	[5324]	:	time Target is 841329
842111	[782]	:	Key	71	DOWN	at	842111  
846665	[4554]	:	time Target is 846665
851981	[5316]	:	time Target is 851981
857296	[5315]	:	time Target is 857296
858144	[848]	:	Key	71	DOWN	at	858144  
862630	[4486]	:	time Target is 862630
867956	[5326]	:	time Target is 867956
873283	[5327]	:	time Target is 873283
878608	[5325]	:	time Target is 878608
878813	[205]	:	Key	71	DOWN	at	878813  
883946	[5133]	:	time Target is 883946
889268	[5322]	:	time Target is 889268
895583	[6315]	:	Key	71	DOWN	at	895583  
896375	[792]	:	Key	71	UP	at	895743  
896641	[266]	:	time Target is 896641
901966	[5325]	:	time Target is 901966
902464	[498]	:	Key	71	DOWN	at	902464  
907304	[4840]	:	time Target is 907304
907761	[457]	:	Key	71	DOWN	at	907761  
912633	[4872]	:	time Target is 912633
913390	[757]	:	Key	71	DOWN	at	913390  
917968	[4578]	:	time Target is 917968
918482	[514]	:	Key	71	DOWN	at	918481  
923298	[4816]	:	time Target is 923298
924509	[1211]	:	Key	71	DOWN	at	924509  
928636	[4127]	:	time Target is 928636
929778	[1142]	:	Key	71	DOWN	at	929778  
933975	[4197]	:	time Target is 933975
939298	[5323]	:	time Target is 939298
939904	[606]	:	Key	71	DOWN	at	939904  
944634	[4730]	:	time Target is 944634
949965	[5331]	:	Key	71	DOWN	at	949918  
952783	[2818]	:	time Target is 952783
958104	[5321]	:	time Target is 958104
958593	[489]	:	Key	71	DOWN	at	958593  
963450	[4857]	:	time Target is 963450
963826	[376]	:	Key	71	DOWN	at	963826  
968792	[4966]	:	time Target is 968792
969536	[744]	:	Key	71	DOWN	at	969536  
974129	[4593]	:	time Target is 974129
974515	[386]	:	Key	71	DOWN	at	974514  
979470	[4955]	:	time Target is 979470
984793	[5323]	:	time Target is 984793
990110	[5317]	:	time Target is 990110
995169	[5059]	:	Key	71	DOWN	at	994833  
995170	[1]	:	Key	71	UP	at	994990  
997983	[2813]	:	time Target is 997983
998594	[611]	:	Key	71	DOWN	at	998593  
1003322	[4728]	:	time Target is 1003322
1004034	[712]	:	Key	71	DOWN	at	1004034 
1008655	[4621]	:	time Target is 1008655
1009037	[382]	:	Key	71	DOWN	at	1009037 
1013991	[4954]	:	time Target is 1013991
1014722	[731]	:	Key	71	DOWN	at	1014722 
1019332	[4610]	:	time Target is 1019332
1020243	[911]	:	Key	71	DOWN	at	1020242 
1024671	[4428]	:	time Target is 1024671
1025476	[805]	:	Key	71	DOWN	at	1025473 
1030009	[4533]	:	time Target is 1030009
1030482	[473]	:	Key	71	DOWN	at	1030482 
1035346	[4864]	:	time Target is 1035346
1035775	[429]	:	Key	71	DOWN	at	1035773 
1040675	[4900]	:	time Target is 1040675
1041395	[720]	:	Key	71	DOWN	at	1041395 
1046007	[4612]	:	time Target is 1046007
1046801	[794]	:	Key	71	DOWN	at	1046801 
1051346	[4545]	:	time Target is 1051346
1052003	[657]	:	Key	71	DOWN	at	1052003 
1056678	[4675]	:	time Target is 1056678
1056913	[235]	:	Key	71	DOWN	at	1056913 
1062006	[5093]	:	time Target is 1062006
1063235	[1229]	:	Key	71	DOWN	at	1063235 
1067342	[4107]	:	time Target is 1067342
1068815	[1473]	:	Key	71	DOWN	at	1068814 
1072681	[3866]	:	time Target is 1072681
1073410	[729]	:	Key	71	DOWN	at	1073410 
1078019	[4609]	:	time Target is 1078019
1078543	[524]	:	Key	71	DOWN	at	1078542 
1083355	[4812]	:	time Target is 1083355
1083871	[516]	:	Key	71	DOWN	at	1083870 
1088690	[4819]	:	time Target is 1088690
1088817	[127]	:	Key	71	DOWN	at	1088817 
1094034	[5217]	:	time Target is 1094034
1094961	[927]	:	Key	71	DOWN	at	1094961 
1099376	[4415]	:	time Target is 1099376
1104696	[5320]	:	time Target is 1104696
1104719	[23]	:	Key	71	DOWN	at	1104719 
1110029	[5310]	:	time Target is 1110029
1115350	[5321]	:	time Target is 1115350
1120671	[5321]	:	time Target is 1120671
1125990	[5319]	:	time Target is 1125990
1126463	[473]	:	Key	71	DOWN	at	1126463 
1131325	[4862]	:	time Target is 1131325
1132723	[1398]	:	Key	71	DOWN	at	1132722 
1136661	[3938]	:	time Target is 1136661
1141983	[5322]	:	time Target is 1141983
1142321	[338]	:	Key	71	DOWN	at	1142321 
1147327	[5006]	:	time Target is 1147327
1147777	[450]	:	Key	71	DOWN	at	1147777 
1152662	[4885]	:	time Target is 1152662
1153022	[360]	:	Key	71	DOWN	at	1153022 
1158002	[4980]	:	time Target is 1158002
1158847	[845]	:	Key	71	DOWN	at	1158847 
1163338	[4491]	:	time Target is 1163338
1164015	[677]	:	Key	71	DOWN	at	1164014 
1168672	[4657]	:	time Target is 1168672
1169364	[692]	:	Key	71	DOWN	at	1169363 
1174011	[4647]	:	time Target is 1174011
1174818	[807]	:	Key	71	DOWN	at	1174818 
1179086	[4268]	:	Key	71	DOWN	at	1179009 
1181631	[2545]	:	Key	71	DOWN	at	1181472 
1184444	[2813]	:	time Target is 1184444
1185137	[693]	:	Key	71	DOWN	at	1185136 
1189783	[4646]	:	time Target is 1189783
1195103	[5320]	:	time Target is 1195103
1200421	[5318]	:	time Target is 1200421
1205743	[5322]	:	time Target is 1205743
1207231	[1488]	:	Key	71	DOWN	at	1207231 
1211079	[3848]	:	time Target is 1211079
1211455	[376]	:	Key	71	DOWN	at	1211455 
1216413	[4958]	:	time Target is 1216413
1217346	[933]	:	Key	71	DOWN	at	1217345 
1221752	[4406]	:	time Target is 1221752
1222531	[779]	:	Key	71	DOWN	at	1222531 
1227089	[4558]	:	time Target is 1227089
1227523	[434]	:	Key	71	DOWN	at	1227523 
1232429	[4906]	:	time Target is 1232429
1233151	[722]	:	Key	71	DOWN	at	1233151 
1237768	[4617]	:	time Target is 1237768
1243121	[5353]	:	time Target is 1243121
1243729	[608]	:	Key	71	DOWN	at	1243729 
1248453	[4724]	:	time Target is 1248453
1248817	[364]	:	Key	71	DOWN	at	1248817 
1253790	[4973]	:	time Target is 1253790
1254914	[1124]	:	Key	71	DOWN	at	1254914 
1259126	[4212]	:	time Target is 1259126
1260017	[891]	:	Key	71	DOWN	at	1260017 
1264464	[4447]	:	time Target is 1264464
1264994	[530]	:	Key	71	DOWN	at	1264994 
1269803	[4809]	:	time Target is 1269803
1275127	[5324]	:	time Target is 1275127
1280456	[5329]	:	time Target is 1280456
1280592	[136]	:	Key	71	DOWN	at	1280591 
1285795	[5203]	:	time Target is 1285795
1286879	[1084]	:	Key	71	DOWN	at	1286879 
1291133	[4254]	:	time Target is 1291133
1296457	[5324]	:	time Target is 1296457
1297567	[1110]	:	Key	71	DOWN	at	1297565 
1301795	[4228]	:	time Target is 1301795
1302226	[431]	:	Key	71	DOWN	at	1302226 
1307132	[4906]	:	time Target is 1307132
1307952	[820]	:	Key	71	DOWN	at	1307951 
1312470	[4518]	:	time Target is 1312470
1317794	[5324]	:	time Target is 1317794
1318256	[462]	:	Key	71	DOWN	at	1318256 
1323129	[4873]	:	time Target is 1323129
1323808	[679]	:	Key	71	DOWN	at	1323808 
1328484	[4676]	:	time Target is 1328483
1329059	[575]	:	Key	71	DOWN	at	1329058 
1333816	[4757]	:	time Target is 1333816
1339138	[5322]	:	time Target is 1339138
1339552	[414]	:	Key	71	DOWN	at	1339552 
1344481	[4929]	:	time Target is 1344481
1349795	[5314]	:	Key	71	DOWN	at	1349791 
1352603	[2808]	:	time Target is 1352603
1357944	[5341]	:	time Target is 1357944
1369213	[11269]	:	Key	71	DOWN	at	1369213 
1369679	[466]	:	Key	71	UP	at	1369679 
1380270	[10591]	:	Key	71	DOWN	at	1380270 
1381053	[783]	:	Key	71	UP	at	1380382 
1381321	[268]	:	time Target is 1381321
1386673	[5352]	:	time Target is 1386673
1386991	[318]	:	Key	71	DOWN	at	1386991 
1392010	[5019]	:	time Target is 1392010
1392610	[600]	:	Key	71	DOWN	at	1392610 
1397338	[4728]	:	time Target is 1397338
1397952	[614]	:	Key	71	DOWN	at	1397952 
1402680	[4728]	:	time Target is 1402680
1403284	[604]	:	Key	71	DOWN	at	1403283 
1408021	[4737]	:	time Target is 1408021
1413345	[5324]	:	time Target is 1413345
1414783	[1438]	:	Key	71	DOWN	at	1414783 
1418680	[3897]	:	time Target is 1418680
1419486	[806]	:	Key	71	DOWN	at	1419486 
1424017	[4531]	:	time Target is 1424017
1424624	[607]	:	Key	71	DOWN	at	1424623 
1429352	[4728]	:	time Target is 1429352
1434664	[5312]	:	time Target is 1434664
1435171	[507]	:	Key	71	DOWN	at	1435170 
1440007	[4836]	:	time Target is 1440007
1440496	[489]	:	Key	71	DOWN	at	1440496 
1445346	[4850]	:	time Target is 1445346
1450666	[5320]	:	time Target is 1450666
1451553	[887]	:	Key	71	DOWN	at	1451553 
1456004	[4451]	:	time Target is 1456004
1461327	[5323]	:	time Target is 1461327
1462095	[768]	:	Key	71	DOWN	at	1462095 
1466660	[4565]	:	time Target is 1466660
1467793	[1133]	:	Key	71	DOWN	at	1467793 
1472007	[4214]	:	time Target is 1472007
1472611	[604]	:	Key	71	DOWN	at	1472611 
1477344	[4733]	:	time Target is 1477344
1477760	[416]	:	Key	71	DOWN	at	1477759 
1482675	[4915]	:	time Target is 1482675
1483492	[817]	:	Key	71	DOWN	at	1483490 
1488012	[4520]	:	time Target is 1488012
1488512	[500]	:	Key	71	DOWN	at	1488511 
1493352	[4840]	:	time Target is 1493352
1493888	[536]	:	Key	71	DOWN	at	1493887 
1498692	[4804]	:	time Target is 1498692
1504007	[5315]	:	Key	71	DOWN	at	1504002 
1506556	[2549]	:	Key	71	DOWN	at	1506290 
1509103	[2547]	:	Key	71	DOWN	at	1509070 
1511923	[2820]	:	time Target is 1511923
1512558	[635]	:	Key	71	DOWN	at	1512557 
1517259	[4701]	:	time Target is 1517259
1522584	[5325]	:	time Target is 1522584
1523138	[554]	:	Key	71	DOWN	at	1523138 
1527924	[4786]	:	time Target is 1527924
1533246	[5322]	:	time Target is 1533246
1538570	[5324]	:	time Target is 1538570
1543891	[5321]	:	time Target is 1543891
1544510	[619]	:	Key	71	DOWN	at	1544510 
1549227	[4717]	:	time Target is 1549227
1549633	[406]	:	Key	71	DOWN	at	1549633 
1554560	[4927]	:	time Target is 1554560
1559879	[5319]	:	time Target is 1559879
1565240	[5361]	:	time Target is 1565240
1565682	[442]	:	Key	71	DOWN	at	1565681 
1570580	[4898]	:	time Target is 1570580
1570993	[413]	:	Key	71	DOWN	at	1570993 
1575908	[4915]	:	time Target is 1575908
1576271	[363]	:	Key	71	DOWN	at	1576271 
1581237	[4966]	:	Key	71	DOWN	at	1581182 
1584048	[2811]	:	time Target is 1584048
1589390	[5342]	:	time Target is 1589390
1594713	[5323]	:	time Target is 1594713
1595854	[1141]	:	Key	71	DOWN	at	1595854 
1600051	[4197]	:	time Target is 1600051
1605369	[5318]	:	time Target is 1605369
1610719	[5350]	:	time Target is 1610719
1616035	[5316]	:	time Target is 1616035
1616912	[877]	:	Key	71	DOWN	at	1616911 
1621371	[4459]	:	time Target is 1621371
1626690	[5319]	:	time Target is 1626690
1632010	[5320]	:	time Target is 1632010
1632577	[567]	:	Key	71	DOWN	at	1632577 
1637350	[4773]	:	time Target is 1637350
1637808	[458]	:	Key	71	DOWN	at	1637808 
1642688	[4880]	:	time Target is 1642688
1643219	[531]	:	Key	71	DOWN	at	1643219 
1648023	[4804]	:	time Target is 1648023
1648880	[857]	:	Key	71	DOWN	at	1648879 
1653360	[4480]	:	time Target is 1653360
1654162	[802]	:	Key	71	DOWN	at	1654161 
1658738	[4576]	:	time Target is 1658738
1664052	[5314]	:	time Target is 1664052
1669373	[5321]	:	time Target is 1669373
1674696	[5323]	:	time Target is 1674696
1680034	[5338]	:	time Target is 1680034
1685357	[5323]	:	time Target is 1685357
1685698	[341]	:	Key	71	DOWN	at	1685698 
1690697	[4999]	:	time Target is 1690697
1691027	[330]	:	Key	71	DOWN	at	1691026 
1696034	[5007]	:	time Target is 1696034
1696414	[380]	:	Key	71	DOWN	at	1696414 
1701103	[4689]	:	Key	71	DOWN	at	1700752 
1701104	[1]	:	Key	71	UP	at	1700878 
1703920	[2816]	:	time Target is 1703920
1704258	[338]	:	Key	71	DOWN	at	1704257 
1709257	[4999]	:	time Target is 1709257
1714579	[5322]	:	time Target is 1714579
1715216	[637]	:	Key	71	DOWN	at	1715216 
1719914	[4698]	:	time Target is 1719914
1721233	[1319]	:	Key	71	DOWN	at	1721233 
1725251	[4018]	:	time Target is 1725251
1730581	[5330]	:	time Target is 1730581
1735903	[5322]	:	time Target is 1735903
1741224	[5321]	:	time Target is 1741224
1742639	[1415]	:	Key	71	DOWN	at	1742639 
1746579	[3940]	:	time Target is 1746579
1747392	[813]	:	Key	71	DOWN	at	1747392 
1751910	[4518]	:	time Target is 1751910
1752575	[665]	:	Key	71	DOWN	at	1752575 
1756980	[4405]	:	Key	71	DOWN	at	1756717 
1756981	[1]	:	Key	71	UP	at	1756863 
1759790	[2809]	:	time Target is 1759790
1765109	[5319]	:	time Target is 1765109
1770429	[5320]	:	time Target is 1770429
1775748	[5319]	:	time Target is 1775748
1781066	[5318]	:	time Target is 1781066
1786390	[5324]	:	time Target is 1786390
1791709	[5319]	:	time Target is 1791709
1792207	[498]	:	Key	71	DOWN	at	1792207 
1797047	[4840]	:	time Target is 1797047
1797617	[570]	:	Key	71	DOWN	at	1797616 
1802384	[4767]	:	time Target is 1802384
1807705	[5321]	:	time Target is 1807705
1809171	[1466]	:	Key	71	DOWN	at	1809171 
1813038	[3867]	:	time Target is 1813038
1818360	[5322]	:	time Target is 1818360
1818992	[632]	:	Key	71	DOWN	at	1818991 
1823698	[4706]	:	time Target is 1823698
1829039	[5341]	:	time Target is 1829039
1834353	[5314]	:	Key	71	DOWN	at	1834128 
1834353	[0]	:	Key	71	UP	at	1834259 
1836901	[2548]	:	Key	71	DOWN	at	1836240 
1842051	[5150]	:	Key	71	UP	at	1842050 
1856259	[14208]	:	Key	71	DOWN	at	1856259 
1857047	[788]	:	Key	71	UP	at	1856403 
1857315	[268]	:	time Target is 1857315
1858017	[702]	:	Key	71	DOWN	at	1858016 
1862651	[4634]	:	time Target is 1862651
1863121	[470]	:	Key	71	DOWN	at	1863120 
1867985	[4864]	:	time Target is 1867985
1873307	[5322]	:	time Target is 1873307
1873633	[326]	:	Key	71	DOWN	at	1873633 
1878645	[5012]	:	time Target is 1878645
1883969	[5324]	:	time Target is 1883969
1884290	[321]	:	Key	71	DOWN	at	1884290 
1889308	[5018]	:	time Target is 1889308
1889646	[338]	:	Key	71	DOWN	at	1889646 
1894644	[4998]	:	time Target is 1894644
1895039	[395]	:	Key	71	DOWN	at	1895038 
1899979	[4940]	:	time Target is 1899979
1900333	[354]	:	Key	71	DOWN	at	1900333 
1905316	[4983]	:	time Target is 1905316
1905856	[540]	:	Key	71	DOWN	at	1905856 
1910646	[4790]	:	time Target is 1910646
1911263	[617]	:	Key	71	DOWN	at	1911263 
1915989	[4726]	:	time Target is 1915989
1916847	[858]	:	Key	71	DOWN	at	1916847 
1921326	[4479]	:	time Target is 1921326
1921728	[402]	:	Key	71	DOWN	at	1921728 
1926653	[4925]	:	time Target is 1926653
1927059	[406]	:	Key	71	DOWN	at	1927058 
1931994	[4935]	:	time Target is 1931994
1932307	[313]	:	Key	71	DOWN	at	1932306 
1937331	[5024]	:	time Target is 1937331
1937857	[526]	:	Key	71	DOWN	at	1937856 
1942659	[4802]	:	time Target is 1942659
1943214	[555]	:	Key	71	DOWN	at	1943214 
1947998	[4784]	:	time Target is 1947998
1953337	[5339]	:	time Target is 1953337
1953809	[472]	:	Key	71	DOWN	at	1953808 
1958674	[4865]	:	time Target is 1958674
1959297	[623]	:	Key	71	DOWN	at	1959297 
1964008	[4711]	:	time Target is 1964008
1965055	[1047]	:	Key	71	DOWN	at	1965054 
1969351	[4296]	:	time Target is 1969351
1969635	[284]	:	Key	71	DOWN	at	1969634 
1974685	[5050]	:	time Target is 1974685
1980004	[5319]	:	time Target is 1980004
1980867	[863]	:	Key	71	DOWN	at	1980866 
1985345	[4478]	:	time Target is 1985345
1990664	[5319]	:	time Target is 1990664
1992063	[1399]	:	Key	71	DOWN	at	1992062 
1996002	[3939]	:	time Target is 1996002
2001324	[5322]	:	time Target is 2001324
2001763	[439]	:	Key	71	DOWN	at	2001762 
2006667	[4904]	:	time Target is 2006667
2011726	[5059]	:	Key	71	DOWN	at	2011294 
2011727	[1]	:	Key	71	UP	at	2011505 
2014542	[2815]	:	time Target is 2014542
2014960	[418]	:	Key	71	DOWN	at	2014959 
2019882	[4922]	:	time Target is 2019882
2020323	[441]	:	Key	71	DOWN	at	2020322 
2025216	[4893]	:	time Target is 2025216
2025537	[321]	:	Key	71	DOWN	at	2025537 
2030555	[5018]	:	time Target is 2030555
2030927	[372]	:	Key	71	DOWN	at	2030927 
2035624	[4697]	:	Key	71	DOWN	at	2035199 
2035625	[1]	:	Key	71	UP	at	2035390 
2038439	[2814]	:	time Target is 2038439
2039933	[1494]	:	Key	71	DOWN	at	2039933 
2043782	[3849]	:	time Target is 2043782
2044690	[908]	:	Key	71	DOWN	at	2044690 
2049118	[4428]	:	time Target is 2049118
2049858	[740]	:	Key	71	DOWN	at	2049858 
2054455	[4597]	:	time Target is 2054455
2054947	[492]	:	Key	71	DOWN	at	2054946 
2059793	[4846]	:	time Target is 2059793
2060609	[816]	:	Key	71	DOWN	at	2060608 
2065130	[4521]	:	time Target is 2065130
2065492	[362]	:	Key	71	DOWN	at	2065491 
2070469	[4977]	:	time Target is 2070469
2070766	[297]	:	Key	71	DOWN	at	2070764 
2075813	[5047]	:	time Target is 2075813
2081134	[5321]	:	time Target is 2081134
2086452	[5318]	:	time Target is 2086452
2087167	[715]	:	Key	71	DOWN	at	2087167 
2091792	[4625]	:	time Target is 2091792
2092177	[385]	:	Key	71	DOWN	at	2092177 
2097123	[4946]	:	time Target is 2097123
2102441	[5318]	:	time Target is 2102441
2107765	[5324]	:	time Target is 2107765
2108193	[428]	:	Key	71	DOWN	at	2108193 
2113098	[4905]	:	time Target is 2113098
2118421	[5323]	:	time Target is 2118421
2123744	[5323]	:	time Target is 2123744
2129066	[5322]	:	time Target is 2129066
2129677	[611]	:	Key	71	DOWN	at	2129677 
2134404	[4727]	:	time Target is 2134404
2134835	[431]	:	Key	71	DOWN	at	2134834 
2139742	[4907]	:	time Target is 2139742
2140205	[463]	:	Key	71	DOWN	at	2140205 
2145094	[4889]	:	time Target is 2145094
2145422	[328]	:	Key	90	DOWN	at	2145422 
2145616	[194]	:	Key	90	UP	at	2145616 
2146429	[813]	:	Key	71	DOWN	at	2146429 
2150432	[4003]	:	time Target is 2150432
2150785	[353]	:	Key	71	DOWN	at	2150785 
2155769	[4984]	:	time Target is 2155769
2156242	[473]	:	Key	71	DOWN	at	2156241 
2161111	[4869]	:	time Target is 2161111
2161683	[572]	:	Key	71	DOWN	at	2161682 
2166447	[4764]	:	time Target is 2166447
2171769	[5322]	:	time Target is 2171769
2177090	[5321]	:	time Target is 2177090
2177588	[498]	:	Key	71	DOWN	at	2177586 
2182430	[4842]	:	time Target is 2182430
2183123	[693]	:	Key	71	DOWN	at	2183122 
2187504	[4381]	:	Key	71	DOWN	at	2187439 
2190315	[2811]	:	time Target is 2190315
2195627	[5312]	:	Key	71	DOWN	at	2195505 
2198438	[2811]	:	time Target is 2198438
2203758	[5320]	:	time Target is 2203758
2204095	[337]	:	Key	71	DOWN	at	2204094 
2209095	[5000]	:	time Target is 2209095
2214418	[5323]	:	time Target is 2214418
2219737	[5319]	:	time Target is 2219737
2221010	[1273]	:	Key	35	DOWN	at	2221010 
2221186	[176]	:	Key	35	UP	at	2221186 
2225060	[3874]	:	time Target is 2225060
2225474	[414]	:	Key	25	DOWN	at	2225474 
2225503	[29]	:	Key	71	DOWN	at	2225503 
2230392	[4889]	:	time Target is 2230392
2230814	[422]	:	Key	71	DOWN	at	2230814 
2235731	[4917]	:	time Target is 2235731
2236413	[682]	:	Key	71	DOWN	at	2236413 
2241060	[4647]	:	time Target is 2241060
2241457	[397]	:	Key	71	DOWN	at	2241456 
2246397	[4940]	:	time Target is 2246397
2251720	[5323]	:	time Target is 2251720
2257043	[5323]	:	time Target is 2257043
2257934	[891]	:	Key	71	DOWN	at	2257934 
2262371	[4437]	:	time Target is 2262371
2267429	[5058]	:	Key	71	DOWN	at	2266993 
2267430	[1]	:	Key	71	UP	at	2267199 
2270003	[2573]	:	Key	71	DOWN	at	2269951 
2272836	[2833]	:	time Target is 2272836
2273298	[462]	:	Key	71	DOWN	at	2273298 
2278175	[4877]	:	time Target is 2278175
2278559	[384]	:	Key	71	DOWN	at	2278559 
2283245	[4686]	:	Key	71	DOWN	at	2282818 
2283246	[1]	:	Key	71	UP	at	2283089 
2285796	[2550]	:	Key	71	DOWN	at	2285442 
2285797	[1]	:	Key	71	UP	at	2285679 
2288613	[2816]	:	time Target is 2288613
2289027	[414]	:	Key	71	DOWN	at	2289026 
2293951	[4924]	:	time Target is 2293951
2294399	[448]	:	Key	71	DOWN	at	2294398 
2299291	[4892]	:	time Target is 2299291
2299874	[583]	:	Key	71	DOWN	at	2299874 
2304629	[4755]	:	time Target is 2304629
2305618	[989]	:	Key	71	DOWN	at	2305617 
2309963	[4345]	:	time Target is 2309963
2323632	[13669]	:	Key	71	DOWN	at	2323631 
2323714	[82]	:	Key	71	UP	at	2323713 
2335839	[12125]	:	Key	76	DOWN	at	2335839 
2335920	[81]	:	Key	76	UP	at	2335920 
2338640	[2720]	:	Key	28	DOWN	at	2338640 
2338787	[147]	:	Key	28	UP	at	2338786 
2349984	[11197]	:	Key	28	DOWN	at	2349984 
2350094	[110]	:	Key	28	UP	at	2350094 
2352832	[2738]	:	Key	28	DOWN	at	2352832 
2352947	[115]	:	Key	28	UP	at	2352946 
2354143	[1196]	:	Key	28	DOWN	at	2354142 
2354271	[128]	:	Key	28	UP	at	2354271 
2357903	[3632]	:	Key	29	DOWN	at	2357902 
2357999	[96]	:	Key	29	UP	at	2357999 
2359438	[1439]	:	Key	29	DOWN	at	2359438 
2359552	[114]	:	Key	29	UP	at	2359551 
2363458	[3906]	:	Key	28	DOWN	at	2363457 
2363550	[92]	:	Key	28	UP	at	2363550 
2364338	[788]	:	Key	29	DOWN	at	2364337 
2364429	[91]	:	Key	29	UP	at	2364429 
2375699	[11270]	:	Key	29	DOWN	at	2375698 
2375791	[92]	:	Key	29	UP	at	2375791 
2376691	[900]	:	Key	29	DOWN	at	2376691 
2376766	[75]	:	Key	29	UP	at	2376766 
2378324	[1558]	:	Key	28	DOWN	at	2378323 
2378467	[143]	:	Key	28	UP	at	2378466 
2378702	[235]	:	Key	28	DOWN	at	2378702 
2378815	[113]	:	Key	28	UP	at	2378814 
2381039	[2224]	:	Key	28	DOWN	at	2381039 
2381186	[147]	:	Key	28	UP	at	2381186 
2381395	[209]	:	Key	28	DOWN	at	2381394 
2381519	[124]	:	Key	28	UP	at	2381519 
2384481	[2962]	:	Key	29	DOWN	at	2384481 
2384627	[146]	:	Key	29	UP	at	2384626 
2384926	[299]	:	Key	28	DOWN	at	2384926 
2384943	[17]	:	COGENT STOP
