Cog2000 log file Wed Aug 21 10:21:03 2019
gprim v1.33 Compiled:Aug 12 2015 (GLib DirectDraw v7 DX12.0 Compiled:Aug 12 2015)
Display:1024x768x32 59.92Hz
Attaching C:\Program Files\Cogent2000v1.33\Toolbox\CogInput.mexw64
CogInput v1.05 Compiled: May 20 2010
7	[7]	:	COGENT START
8819	[8812]	:	Key	71	DOWN	at	8814    
8879	[60]	:	Key	71	UP	at	8879    
34782	[25903]	:	Key	71	DOWN	at	34780   
34859	[77]	:	Key	71	UP	at	34859   
39170	[4311]	:	Key	71	DOWN	at	39166   
39229	[59]	:	Key	71	UP	at	39229   
51228	[11999]	:	Key	71	DOWN	at	51228   
51310	[82]	:	Key	71	UP	at	51310   
67839	[16529]	:	Key	71	DOWN	at	67838   
67932	[93]	:	Key	71	UP	at	67932   
95518	[27586]	:	Key	71	DOWN	at	95518   
96418	[900]	:	time Target is 96401
97917	[1499]	:	Key	71	DOWN	at	97917   
98158	[241]	:	Key	71	UP	at	98158   
102523	[4365]	:	time Target is 102522
102842	[319]	:	Key	71	DOWN	at	102842  
108638	[5796]	:	time Target is 108636
108893	[255]	:	Key	71	DOWN	at	108892  
114733	[5840]	:	time Target is 114733
120835	[6102]	:	time Target is 120831
121070	[235]	:	Key	71	DOWN	at	121069  
126926	[5856]	:	time Target is 126926
127167	[241]	:	Key	71	DOWN	at	127166  
133791	[6624]	:	Key	89	DOWN	at	133790  
133822	[31]	:	Key	89	UP	at	133820  
133822	[0]	:	Key	90	DOWN	at	133820  
133838	[16]	:	Key	90	UP	at	133837  
136091	[2253]	:	Key	71	DOWN	at	136091  
137150	[1059]	:	time Target is 137150
143481	[6331]	:	time Target is 143480
149802	[6321]	:	time Target is 149801
156117	[6315]	:	time Target is 156116
206367	[50250]	:	Key	71	DOWN	at	206367  
206621	[254]	:	Key	71	UP	at	206621  
210271	[3650]	:	Key	71	DOWN	at	210271  
210508	[237]	:	Key	71	UP	at	210508  
212831	[2323]	:	Key	71	DOWN	at	212830  
214701	[1870]	:	Key	71	UP	at	214701  
225071	[10370]	:	Key	71	DOWN	at	225071  
225278	[207]	:	Key	71	UP	at	225278  
229964	[4686]	:	Key	71	DOWN	at	229964  
230789	[825]	:	Key	71	UP	at	230203  
230816	[27]	:	time Target is 230816
231119	[303]	:	Key	71	DOWN	at	231118  
235905	[4786]	:	time Target is 235905
240991	[5086]	:	time Target is 240990
241261	[270]	:	Key	71	DOWN	at	241259  
246093	[4832]	:	time Target is 246092
246363	[270]	:	Key	71	DOWN	at	246363  
250399	[4036]	:	Key	71	UP	at	246458  
266831	[16432]	:	Key	71	DOWN	at	266830  
266923	[92]	:	Key	71	UP	at	266923  
271084	[4161]	:	Key	71	DOWN	at	271083  
271878	[794]	:	Key	71	UP	at	271259  
271897	[19]	:	time Target is 271896
272687	[790]	:	Key	71	DOWN	at	272686  
276999	[4312]	:	time Target is 276998
282077	[5078]	:	time Target is 282077
287149	[5072]	:	time Target is 287149
312717	[25568]	:	Key	71	DOWN	at	312717  
312906	[189]	:	Key	71	UP	at	312906  
315998	[3092]	:	Key	71	DOWN	at	315998  
316787	[789]	:	Key	71	UP	at	316173  
316807	[20]	:	time Target is 316807
317165	[358]	:	Key	71	DOWN	at	317165  
321899	[4734]	:	time Target is 321899
326970	[5071]	:	time Target is 326970
327212	[242]	:	Key	71	DOWN	at	327212  
332058	[4846]	:	time Target is 332057
332383	[325]	:	Key	71	DOWN	at	332382  
336361	[3978]	:	Key	71	UP	at	332542  
352956	[16595]	:	Key	71	DOWN	at	352955  
353083	[127]	:	Key	71	UP	at	353083  
356380	[3297]	:	Key	71	DOWN	at	356380  
357171	[791]	:	Key	71	UP	at	356603  
357194	[23]	:	time Target is 357193
357755	[561]	:	Key	71	DOWN	at	357754  
362284	[4529]	:	time Target is 362284
367354	[5070]	:	time Target is 367354
372432	[5078]	:	time Target is 372432
384847	[12415]	:	Key	71	DOWN	at	384846  
384988	[141]	:	Key	71	UP	at	384988  
400335	[15347]	:	Key	71	DOWN	at	400334  
400490	[155]	:	Key	71	UP	at	400490  
417161	[16671]	:	Key	71	DOWN	at	417161  
417339	[178]	:	Key	71	UP	at	417339  
435134	[17795]	:	Key	71	DOWN	at	435134  
435263	[129]	:	Key	71	UP	at	435262  
435325	[62]	:	Key	71	DOWN	at	435324  
437900	[2575]	:	time Target is 437900
438218	[318]	:	Key	71	DOWN	at	438218  
443245	[5027]	:	time Target is 443245
448572	[5327]	:	time Target is 448572
449134	[562]	:	Key	71	DOWN	at	449133  
453915	[4781]	:	time Target is 453915
459294	[5379]	:	time Target is 459293
459583	[289]	:	Key	71	DOWN	at	459582  
464644	[5061]	:	time Target is 464644
465209	[565]	:	Key	71	DOWN	at	465209  
469980	[4771]	:	time Target is 469980
470526	[546]	:	Key	71	DOWN	at	470526  
475317	[4791]	:	time Target is 475317
475577	[260]	:	Key	71	DOWN	at	475577  
480653	[5076]	:	time Target is 480653
480698	[45]	:	Key	71	DOWN	at	480698  
485992	[5294]	:	time Target is 485992
486430	[438]	:	Key	71	DOWN	at	486429  
491330	[4900]	:	time Target is 491330
492062	[732]	:	Key	71	DOWN	at	492061  
496668	[4606]	:	time Target is 496668
501996	[5328]	:	time Target is 501996
502348	[352]	:	Key	71	DOWN	at	502348  
507334	[4986]	:	time Target is 507334
512647	[5313]	:	time Target is 512647
517972	[5325]	:	time Target is 517972
518188	[216]	:	Key	71	DOWN	at	518188  
523322	[5134]	:	time Target is 523322
523371	[49]	:	Key	71	DOWN	at	523371  
528658	[5287]	:	time Target is 528658
528719	[61]	:	Key	71	DOWN	at	528718  
533997	[5278]	:	time Target is 533997
534029	[32]	:	Key	71	DOWN	at	534029  
539331	[5302]	:	time Target is 539331
540172	[841]	:	Key	71	DOWN	at	540172  
544671	[4499]	:	time Target is 544671
544766	[95]	:	Key	71	DOWN	at	544765  
550006	[5240]	:	time Target is 550006
550095	[89]	:	Key	71	DOWN	at	550095  
555343	[5248]	:	time Target is 555343
555438	[95]	:	Key	71	DOWN	at	555438  
560679	[5241]	:	time Target is 560679
560734	[55]	:	Key	71	DOWN	at	560733  
566013	[5279]	:	time Target is 566013
566539	[526]	:	Key	71	DOWN	at	566539  
571351	[4812]	:	time Target is 571351
571423	[72]	:	Key	71	DOWN	at	571422  
576691	[5268]	:	time Target is 576691
576734	[43]	:	Key	71	DOWN	at	576733  
582020	[5286]	:	time Target is 582020
587352	[5332]	:	time Target is 587352
592673	[5321]	:	time Target is 592673
593452	[779]	:	Key	71	DOWN	at	593452  
598005	[4553]	:	time Target is 598005
603326	[5321]	:	time Target is 603326
603818	[492]	:	Key	71	DOWN	at	603817  
608699	[4881]	:	time Target is 608699
609227	[528]	:	Key	71	DOWN	at	609227  
614034	[4807]	:	time Target is 614034
614141	[107]	:	Key	71	DOWN	at	614141  
619370	[5229]	:	time Target is 619370
619421	[51]	:	Key	71	DOWN	at	619421  
624707	[5286]	:	time Target is 624707
625083	[376]	:	Key	71	DOWN	at	625083  
630042	[4959]	:	time Target is 630042
635364	[5322]	:	time Target is 635364
640682	[5318]	:	time Target is 640682
646004	[5322]	:	time Target is 646004
651326	[5322]	:	time Target is 651326
651680	[354]	:	Key	71	DOWN	at	651679  
656654	[4974]	:	time Target is 656654
656699	[45]	:	Key	71	DOWN	at	656699  
661984	[5285]	:	time Target is 661984
662059	[75]	:	Key	71	DOWN	at	662059  
667320	[5261]	:	time Target is 667320
667531	[211]	:	Key	71	DOWN	at	667531  
672655	[5124]	:	time Target is 672655
677999	[5344]	:	time Target is 677999
683320	[5321]	:	time Target is 683320
683455	[135]	:	Key	71	DOWN	at	683455  
688658	[5203]	:	time Target is 688658
688908	[250]	:	Key	71	DOWN	at	688907  
694001	[5093]	:	time Target is 694001
699321	[5320]	:	time Target is 699321
699563	[242]	:	Key	71	DOWN	at	699563  
704658	[5095]	:	time Target is 704658
709979	[5321]	:	time Target is 709979
715304	[5325]	:	time Target is 715304
716540	[1236]	:	Key	71	DOWN	at	716539  
720645	[4105]	:	time Target is 720645
725968	[5323]	:	time Target is 725968
731288	[5320]	:	time Target is 731288
731740	[452]	:	Key	71	DOWN	at	731740  
736626	[4886]	:	time Target is 736626
736894	[268]	:	Key	71	DOWN	at	736893  
741961	[5067]	:	time Target is 741961
742076	[115]	:	Key	71	DOWN	at	742076  
747294	[5218]	:	time Target is 747294
747579	[285]	:	Key	71	DOWN	at	747579  
752666	[5087]	:	time Target is 752666
757988	[5322]	:	time Target is 757988
763304	[5316]	:	time Target is 763304
768627	[5323]	:	time Target is 768627
773945	[5318]	:	time Target is 773945
779268	[5323]	:	time Target is 779268
779724	[456]	:	Key	71	DOWN	at	779723  
784607	[4883]	:	time Target is 784607
789929	[5322]	:	time Target is 789929
795246	[5317]	:	time Target is 795246
800573	[5327]	:	time Target is 800573
805884	[5311]	:	time Target is 805884
811207	[5323]	:	time Target is 811207
811309	[102]	:	Key	71	DOWN	at	811308  
816547	[5238]	:	time Target is 816547
821869	[5322]	:	time Target is 821869
821993	[124]	:	Key	71	DOWN	at	821993  
827198	[5205]	:	time Target is 827198
832537	[5339]	:	time Target is 832537
832606	[69]	:	Key	71	DOWN	at	832605  
837872	[5266]	:	time Target is 837872
838430	[558]	:	Key	71	DOWN	at	838430  
843211	[4781]	:	time Target is 843211
843245	[34]	:	Key	71	DOWN	at	843245  
848540	[5295]	:	time Target is 848540
853863	[5323]	:	time Target is 853863
859216	[5353]	:	time Target is 859216
859291	[75]	:	Key	71	DOWN	at	859290  
864545	[5254]	:	time Target is 864545
864729	[184]	:	Key	71	DOWN	at	864729  
869882	[5153]	:	time Target is 869882
875201	[5319]	:	time Target is 875201
875260	[59]	:	Key	71	DOWN	at	875260  
880563	[5303]	:	time Target is 880563
885881	[5318]	:	time Target is 885881
891203	[5322]	:	time Target is 891203
896523	[5320]	:	time Target is 896523
896574	[51]	:	Key	71	DOWN	at	896574  
901860	[5286]	:	time Target is 901860
903039	[1179]	:	Key	71	DOWN	at	903039  
907189	[4150]	:	Key	71	DOWN	at	906971  
907189	[0]	:	Key	71	UP	at	907070  
910009	[2820]	:	time Target is 910009
910316	[307]	:	Key	71	DOWN	at	910315  
914310	[3994]	:	Key	71	UP	at	910426  
947488	[33178]	:	Key	71	DOWN	at	947487  
948279	[791]	:	Key	71	UP	at	947646  
948545	[266]	:	time Target is 948545
953863	[5318]	:	time Target is 953863
954203	[340]	:	Key	71	DOWN	at	954203  
959193	[4990]	:	time Target is 959193
960441	[1248]	:	Key	71	DOWN	at	960441  
964532	[4091]	:	time Target is 964532
969867	[5335]	:	time Target is 969867
970046	[179]	:	Key	71	DOWN	at	970046  
975205	[5159]	:	time Target is 975205
980526	[5321]	:	time Target is 980526
985842	[5316]	:	time Target is 985842
986154	[312]	:	Key	71	DOWN	at	986154  
991175	[5021]	:	time Target is 991175
996496	[5321]	:	time Target is 996496
1001814	[5318]	:	time Target is 1001814
1007139	[5325]	:	time Target is 1007139
1007276	[137]	:	Key	71	DOWN	at	1007276 
1012472	[5196]	:	time Target is 1012472
1017795	[5323]	:	time Target is 1017795
1023117	[5322]	:	time Target is 1023117
1028451	[5334]	:	time Target is 1028451
1029772	[1321]	:	Key	71	DOWN	at	1029772 
1033785	[4013]	:	time Target is 1033785
1033999	[214]	:	Key	71	DOWN	at	1033998 
1039123	[5124]	:	time Target is 1039123
1044443	[5320]	:	time Target is 1044443
1049763	[5320]	:	time Target is 1049763
1050430	[667]	:	Key	71	DOWN	at	1050430 
1055098	[4668]	:	time Target is 1055098
1055983	[885]	:	Key	71	DOWN	at	1055982 
1060435	[4452]	:	time Target is 1060435
1060573	[138]	:	Key	71	DOWN	at	1060573 
1065764	[5191]	:	Key	71	DOWN	at	1065753 
1068566	[2802]	:	time Target is 1068566
1068858	[292]	:	Key	71	DOWN	at	1068858 
1073906	[5048]	:	time Target is 1073906
1074221	[315]	:	Key	71	DOWN	at	1074220 
1079245	[5024]	:	time Target is 1079245
1079295	[50]	:	Key	71	DOWN	at	1079294 
1084579	[5284]	:	time Target is 1084579
1084606	[27]	:	Key	71	DOWN	at	1084605 
1089902	[5296]	:	time Target is 1089902
1090220	[318]	:	Key	71	DOWN	at	1090219 
1095240	[5020]	:	time Target is 1095240
1095643	[403]	:	Key	71	DOWN	at	1095643 
1100570	[4927]	:	time Target is 1100570
1105892	[5322]	:	time Target is 1105892
1106619	[727]	:	Key	71	DOWN	at	1106619 
1111223	[4604]	:	Key	71	DOWN	at	1111195 
1114036	[2813]	:	time Target is 1114036
1119356	[5320]	:	time Target is 1119356
1119903	[547]	:	Key	71	DOWN	at	1119902 
1124694	[4791]	:	time Target is 1124694
1124989	[295]	:	Key	71	DOWN	at	1124989 
1130024	[5035]	:	time Target is 1130024
1135344	[5320]	:	time Target is 1135344
1135803	[459]	:	Key	71	DOWN	at	1135802 
1140683	[4880]	:	time Target is 1140683
1146010	[5327]	:	time Target is 1146010
1147228	[1218]	:	Key	71	DOWN	at	1147228 
1151345	[4117]	:	time Target is 1151345
1156690	[5345]	:	time Target is 1156690
1157853	[1163]	:	Key	71	DOWN	at	1157853 
1162018	[4165]	:	time Target is 1162018
1167339	[5321]	:	time Target is 1167339
1167902	[563]	:	Key	71	DOWN	at	1167902 
1172666	[4764]	:	time Target is 1172666
1173049	[383]	:	Key	71	DOWN	at	1173049 
1177999	[4950]	:	time Target is 1177999
1183322	[5323]	:	time Target is 1183322
1183486	[164]	:	Key	71	DOWN	at	1183486 
1188659	[5173]	:	time Target is 1188659
1188815	[156]	:	Key	71	DOWN	at	1188814 
1194026	[5211]	:	time Target is 1194026
1194510	[484]	:	Key	71	DOWN	at	1194509 
1199364	[4854]	:	time Target is 1199364
1204684	[5320]	:	time Target is 1204684
1210019	[5335]	:	time Target is 1210019
1215339	[5320]	:	time Target is 1215339
1220663	[5324]	:	time Target is 1220663
1221146	[483]	:	Key	71	DOWN	at	1221146 
1226002	[4856]	:	time Target is 1226002
1231321	[5319]	:	time Target is 1231321
1231353	[32]	:	Key	71	DOWN	at	1231353 
1236650	[5297]	:	time Target is 1236650
1241971	[5321]	:	time Target is 1241971
1247298	[5327]	:	time Target is 1247298
1248061	[763]	:	Key	71	DOWN	at	1248061 
1252635	[4574]	:	time Target is 1252635
1252636	[1]	:	Key	71	DOWN	at	1252635 
1252783	[147]	:	Key	71	UP	at	1252782 
1253259	[476]	:	Key	71	DOWN	at	1253259 
1257969	[4710]	:	time Target is 1257969
1263293	[5324]	:	time Target is 1263293
1268616	[5323]	:	time Target is 1268616
1273930	[5314]	:	time Target is 1273930
1279254	[5324]	:	time Target is 1279254
1279679	[425]	:	Key	71	DOWN	at	1279678 
1284589	[4910]	:	time Target is 1284589
1284702	[113]	:	Key	71	DOWN	at	1284700 
1289914	[5212]	:	time Target is 1289914
1295232	[5318]	:	time Target is 1295232
1295770	[538]	:	Key	71	DOWN	at	1295769 
1300565	[4795]	:	time Target is 1300565
1305891	[5326]	:	time Target is 1305891
1311211	[5320]	:	time Target is 1311211
1316528	[5317]	:	time Target is 1316528
1321852	[5324]	:	time Target is 1321852
1322970	[1118]	:	Key	71	DOWN	at	1322970 
1327189	[4219]	:	time Target is 1327189
1332526	[5337]	:	time Target is 1332526
1333181	[655]	:	Key	71	DOWN	at	1333181 
1337859	[4678]	:	time Target is 1337859
1338303	[444]	:	Key	71	DOWN	at	1338303 
1343187	[4884]	:	time Target is 1343187
1348539	[5352]	:	time Target is 1348539
1349164	[625]	:	Key	71	DOWN	at	1349164 
1353874	[4710]	:	time Target is 1353874
1359189	[5315]	:	time Target is 1359189
1359374	[185]	:	Key	71	DOWN	at	1359374 
1364519	[5145]	:	time Target is 1364519
1364606	[87]	:	Key	71	DOWN	at	1364605 
1369856	[5250]	:	time Target is 1369856
1370044	[188]	:	Key	71	DOWN	at	1370043 
1375186	[5142]	:	time Target is 1375186
1376351	[1165]	:	Key	71	DOWN	at	1376350 
1380553	[4202]	:	time Target is 1380553
1381196	[643]	:	Key	71	DOWN	at	1381196 
1385889	[4693]	:	time Target is 1385889
1386014	[125]	:	Key	71	DOWN	at	1386013 
1391235	[5221]	:	time Target is 1391235
1391453	[218]	:	Key	71	DOWN	at	1391453 
1396562	[5109]	:	time Target is 1396562
1397070	[508]	:	Key	71	DOWN	at	1397070 
1401900	[4830]	:	time Target is 1401900
1401998	[98]	:	Key	71	DOWN	at	1401998 
1407233	[5235]	:	time Target is 1407233
1407280	[47]	:	Key	71	DOWN	at	1407279 
1412570	[5290]	:	time Target is 1412570
1417892	[5322]	:	time Target is 1417892
1417931	[39]	:	Key	71	DOWN	at	1417930 
1422188	[4257]	:	Key	71	UP	at	1418110 
1428860	[6672]	:	Key	71	DOWN	at	1428859 
1428988	[128]	:	Key	71	UP	at	1428988 
1431454	[2466]	:	Key	71	DOWN	at	1431453 
1432238	[784]	:	Key	71	UP	at	1431582 
1432502	[264]	:	time Target is 1432502
1432938	[436]	:	Key	71	DOWN	at	1432938 
1437843	[4905]	:	time Target is 1437843
1443165	[5322]	:	time Target is 1443165
1443612	[447]	:	Key	71	DOWN	at	1443612 
1448506	[4894]	:	time Target is 1448506
1448603	[97]	:	Key	71	DOWN	at	1448602 
1453888	[5285]	:	time Target is 1453888
1459212	[5324]	:	time Target is 1459212
1460185	[973]	:	Key	71	DOWN	at	1460185 
1464548	[4363]	:	time Target is 1464548
1465244	[696]	:	Key	71	DOWN	at	1465243 
1469884	[4640]	:	time Target is 1469884
1475204	[5320]	:	time Target is 1475204
1480528	[5324]	:	time Target is 1480528
1481151	[623]	:	Key	71	DOWN	at	1481150 
1485866	[4715]	:	time Target is 1485866
1491207	[5341]	:	time Target is 1491207
1492414	[1207]	:	Key	71	DOWN	at	1492413 
1496548	[4134]	:	time Target is 1496548
1497195	[647]	:	Key	71	DOWN	at	1497195 
1501885	[4690]	:	time Target is 1501885
1507211	[5326]	:	time Target is 1507211
1508671	[1460]	:	Key	71	DOWN	at	1508670 
1512551	[3880]	:	time Target is 1512551
1513100	[549]	:	Key	71	DOWN	at	1513099 
1517888	[4788]	:	time Target is 1517888
1518523	[635]	:	Key	71	DOWN	at	1518522 
1523229	[4706]	:	time Target is 1523229
1523565	[336]	:	Key	71	DOWN	at	1523565 
1528567	[5002]	:	time Target is 1528567
1533892	[5325]	:	time Target is 1533892
1535323	[1431]	:	Key	71	DOWN	at	1535323 
1539261	[3938]	:	time Target is 1539261
1539567	[306]	:	Key	71	DOWN	at	1539566 
1544589	[5022]	:	Key	92	DOWN	at	1544510 
1544589	[0]	:	Key	92	UP	at	1544558 
1547402	[2813]	:	time Target is 1547402
1548860	[1458]	:	Key	71	DOWN	at	1548859 
1552730	[3870]	:	time Target is 1552730
1553085	[355]	:	Key	71	DOWN	at	1553083 
1558068	[4983]	:	time Target is 1558068
1558125	[57]	:	Key	71	DOWN	at	1558124 
1563404	[5279]	:	time Target is 1563404
1564331	[927]	:	Key	71	DOWN	at	1564329 
1568739	[4408]	:	time Target is 1568739
1574061	[5322]	:	time Target is 1574061
1574766	[705]	:	Key	71	DOWN	at	1574765 
1579138	[4372]	:	Key	66	UP	at	1578399 
1579404	[266]	:	time Target is 1579404
1584729	[5325]	:	time Target is 1584729
1590051	[5322]	:	time Target is 1590051
1595375	[5324]	:	time Target is 1595375
1595838	[463]	:	Key	71	DOWN	at	1595838 
1600710	[4872]	:	time Target is 1600710
1606037	[5327]	:	time Target is 1606037
1606686	[649]	:	Key	71	DOWN	at	1606686 
1611370	[4684]	:	time Target is 1611370
1616695	[5325]	:	time Target is 1616695
1617167	[472]	:	Key	71	DOWN	at	1617167 
1622035	[4868]	:	time Target is 1622035
1623386	[1351]	:	Key	71	DOWN	at	1623386 
1627372	[3986]	:	time Target is 1627372
1632694	[5322]	:	time Target is 1632694
1633180	[486]	:	Key	71	DOWN	at	1633180 
1638061	[4881]	:	time Target is 1638061
1638285	[224]	:	Key	71	DOWN	at	1638285 
1643397	[5112]	:	time Target is 1643397
1648723	[5326]	:	time Target is 1648723
1654045	[5322]	:	time Target is 1654045
1655242	[1197]	:	Key	71	DOWN	at	1655241 
1659386	[4144]	:	time Target is 1659386
1664710	[5324]	:	time Target is 1664710
1664876	[166]	:	Key	14	DOWN	at	1664875 
1664893	[17]	:	Key	71	DOWN	at	1664893 
1664894	[1]	:	Key	66	DOWN	at	1664893 
1670047	[5153]	:	time Target is 1670047
1670798	[751]	:	Key	71	DOWN	at	1670798 
1675381	[4583]	:	time Target is 1675381
1675965	[584]	:	Key	71	DOWN	at	1675965 
1680736	[4771]	:	time Target is 1680736
1681802	[1066]	:	Key	71	DOWN	at	1681802 
1686074	[4272]	:	time Target is 1686074
1687051	[977]	:	Key	71	DOWN	at	1687051 
1691408	[4357]	:	time Target is 1691408
1696730	[5322]	:	time Target is 1696730
1697229	[499]	:	Key	71	DOWN	at	1697228 
1702071	[4842]	:	time Target is 1702071
1703230	[1159]	:	Key	71	DOWN	at	1703230 
1707404	[4174]	:	time Target is 1707404
1708303	[899]	:	Key	71	DOWN	at	1708302 
1712742	[4439]	:	time Target is 1712742
1713309	[567]	:	Key	71	DOWN	at	1713308 
1718075	[4766]	:	time Target is 1718075
1718842	[767]	:	Key	71	DOWN	at	1718842 
1723419	[4577]	:	time Target is 1723419
1724285	[866]	:	Key	71	DOWN	at	1724285 
1728757	[4472]	:	time Target is 1728757
1729977	[1220]	:	Key	71	DOWN	at	1729977 
1734084	[4107]	:	time Target is 1734084
1739404	[5320]	:	time Target is 1739404
1740286	[882]	:	Key	71	DOWN	at	1740286 
1744740	[4454]	:	time Target is 1744740
1750065	[5325]	:	time Target is 1750065
1750605	[540]	:	Key	71	DOWN	at	1750604 
1755400	[4795]	:	time Target is 1755400
1760721	[5321]	:	time Target is 1760721
1766044	[5323]	:	time Target is 1766044
1767340	[1296]	:	Key	71	DOWN	at	1767340 
1771373	[4033]	:	time Target is 1771373
1776700	[5327]	:	time Target is 1776700
1777338	[638]	:	Key	71	DOWN	at	1777338 
1782029	[4691]	:	time Target is 1782029
1782528	[499]	:	Key	71	DOWN	at	1782527 
1787365	[4837]	:	time Target is 1787365
1787851	[486]	:	Key	71	DOWN	at	1787851 
1792704	[4853]	:	time Target is 1792704
1798028	[5324]	:	time Target is 1798028
1798825	[797]	:	Key	71	DOWN	at	1798825 
1803363	[4538]	:	time Target is 1803363
1803450	[87]	:	Key	71	DOWN	at	1803450 
1808696	[5246]	:	time Target is 1808696
1808733	[37]	:	Key	71	DOWN	at	1808733 
1814033	[5300]	:	time Target is 1814033
1814655	[622]	:	Key	71	DOWN	at	1814654 
1819383	[4728]	:	Key	71	DOWN	at	1819293 
1822203	[2820]	:	time Target is 1822203
1822510	[307]	:	Key	71	DOWN	at	1822510 
1827541	[5031]	:	time Target is 1827541
1828108	[567]	:	Key	71	DOWN	at	1828108 
1832875	[4767]	:	time Target is 1832875
1833273	[398]	:	Key	71	DOWN	at	1833273 
1838212	[4939]	:	time Target is 1838212
1838587	[375]	:	Key	71	DOWN	at	1838587 
1843556	[4969]	:	time Target is 1843556
1848869	[5313]	:	Key	71	DOWN	at	1848703 
1848869	[0]	:	Key	71	UP	at	1848846 
1851688	[2819]	:	time Target is 1851688
1852060	[372]	:	Key	71	DOWN	at	1852060 
1857026	[4966]	:	time Target is 1857026
1857869	[843]	:	Key	71	DOWN	at	1857869 
1862367	[4498]	:	time Target is 1862367
1867425	[5058]	:	Key	71	DOWN	at	1866877 
1870241	[2816]	:	time Target is 1870241
1870457	[216]	:	Key	71	DOWN	at	1870457 
1875315	[4858]	:	Key	71	DOWN	at	1875055 
1875316	[1]	:	Key	71	UP	at	1875213 
1878122	[2806]	:	Key	71	DOWN	at	1878058 
1880932	[2810]	:	time Target is 1880932
1881306	[374]	:	Key	71	DOWN	at	1881306 
1886007	[4701]	:	Key	71	DOWN	at	1885884 
1886008	[1]	:	Key	71	UP	at	1885930 
1888559	[2551]	:	Key	71	DOWN	at	1888476 
1890333	[1774]	:	Key	71	UP	at	1888606 
1892463	[2130]	:	Key	71	DOWN	at	1892463 
1893251	[788]	:	Key	71	UP	at	1892653 
1893509	[258]	:	Key	71	DOWN	at	1893374 
1893509	[0]	:	Key	71	UP	at	1893471 
1896062	[2553]	:	Key	71	DOWN	at	1895725 
1896063	[1]	:	Key	71	UP	at	1895806 
1898637	[2574]	:	Key	71	DOWN	at	1898605 
1901452	[2815]	:	time Target is 1901452
1902059	[607]	:	Key	71	DOWN	at	1902058 
1906529	[4470]	:	Key	71	DOWN	at	1906250 
1906529	[0]	:	Key	71	UP	at	1906348 
1909341	[2812]	:	Key	71	DOWN	at	1909114 
1909341	[0]	:	Key	71	UP	at	1909277 
1912142	[2801]	:	Key	71	DOWN	at	1912014 
1914955	[2813]	:	time Target is 1914955
1915292	[337]	:	Key	71	DOWN	at	1915292 
1920024	[4732]	:	Key	71	DOWN	at	1919773 
1920025	[1]	:	Key	71	UP	at	1919867 
1922842	[2817]	:	time Target is 1922842
1924336	[1494]	:	Key	71	DOWN	at	1924335 
1928178	[3842]	:	time Target is 1928178
1933500	[5322]	:	time Target is 1933500
1933625	[125]	:	Key	71	DOWN	at	1933625 
1938829	[5204]	:	Key	71	DOWN	at	1938650 
1938830	[1]	:	Key	71	UP	at	1938764 
1941381	[2551]	:	Key	71	DOWN	at	1941034 
1941382	[1]	:	Key	71	UP	at	1941183 
1943933	[2551]	:	Key	71	DOWN	at	1943850 
1946482	[2549]	:	Key	71	DOWN	at	1946379 
1949297	[2815]	:	time Target is 1949297
1949724	[427]	:	Key	71	DOWN	at	1949724 
1954632	[4908]	:	time Target is 1954632
1955406	[774]	:	Key	71	DOWN	at	1955406 
1959965	[4559]	:	Key	71	DOWN	at	1959881 
1962776	[2811]	:	time Target is 1962776
1967842	[5066]	:	Key	71	DOWN	at	1967737 
1970657	[2815]	:	time Target is 1970657
1970700	[43]	:	Key	71	DOWN	at	1970700 
1975992	[5292]	:	time Target is 1975992
1976845	[853]	:	Key	71	DOWN	at	1976844 
1981325	[4480]	:	time Target is 1981325
1981677	[352]	:	Key	71	DOWN	at	1981677 
1986650	[4973]	:	time Target is 1986650
1991708	[5058]	:	Key	71	DOWN	at	1991596 
1994514	[2806]	:	Key	71	DOWN	at	1994314 
1994515	[1]	:	Key	71	UP	at	1994508 
1997338	[2823]	:	time Target is 1997338
1997982	[644]	:	Key	71	DOWN	at	1997982 
2002671	[4689]	:	time Target is 2002671
2003038	[367]	:	Key	71	DOWN	at	2003038 
2008028	[4990]	:	time Target is 2008028
2008908	[880]	:	Key	71	DOWN	at	2008907 
2013368	[4460]	:	time Target is 2013368
2014861	[1493]	:	Key	71	DOWN	at	2014861 
2018698	[3837]	:	time Target is 2018698
2018731	[33]	:	Key	71	DOWN	at	2018731 
2024040	[5309]	:	time Target is 2024040
2024091	[51]	:	Key	71	DOWN	at	2024091 
2029109	[5018]	:	Key	71	DOWN	at	2028830 
2029110	[1]	:	Key	71	UP	at	2028956 
2031655	[2545]	:	Key	71	DOWN	at	2031436 
2031656	[1]	:	Key	71	UP	at	2031564 
2034486	[2830]	:	time Target is 2034486
2034910	[424]	:	Key	71	DOWN	at	2034909 
2039558	[4648]	:	Key	71	DOWN	at	2039550 
2042364	[2806]	:	Key	71	DOWN	at	2042137 
2045178	[2814]	:	time Target is 2045178
2045899	[721]	:	Key	71	DOWN	at	2045898 
2050509	[4610]	:	time Target is 2050509
2050891	[382]	:	Key	71	DOWN	at	2050889 
2055848	[4957]	:	time Target is 2055848
2061168	[5320]	:	time Target is 2061168
2062429	[1261]	:	Key	71	DOWN	at	2062429 
2066246	[3817]	:	Key	71	UP	at	2066029 
2066513	[267]	:	time Target is 2066513
2067309	[796]	:	Key	71	DOWN	at	2067308 
2071579	[4270]	:	Key	71	UP	at	2070927 
2071580	[1]	:	Key	71	DOWN	at	2071194 
2074400	[2820]	:	time Target is 2074400
2075259	[859]	:	Key	71	DOWN	at	2075259 
2079732	[4473]	:	time Target is 2079732
2080237	[505]	:	Key	71	DOWN	at	2080237 
2085069	[4832]	:	time Target is 2085069
2086110	[1041]	:	Key	71	DOWN	at	2086110 
2090407	[4297]	:	time Target is 2090407
2090956	[549]	:	Key	71	DOWN	at	2090956 
2095734	[4778]	:	Key	71	DOWN	at	2095690 
2098547	[2813]	:	time Target is 2098547
2099114	[567]	:	Key	71	DOWN	at	2099114 
2103878	[4764]	:	time Target is 2103878
2104891	[1013]	:	Key	71	DOWN	at	2104891 
2109218	[4327]	:	time Target is 2109218
2109930	[712]	:	Key	71	DOWN	at	2109930 
2114555	[4625]	:	time Target is 2114555
2115323	[768]	:	Key	71	DOWN	at	2115322 
2119893	[4570]	:	time Target is 2119893
2120942	[1049]	:	Key	71	DOWN	at	2120941 
2125231	[4289]	:	time Target is 2125231
2125358	[127]	:	Key	71	DOWN	at	2125357 
2130312	[4954]	:	Key	14	UP	at	2129870 
2130577	[265]	:	time Target is 2130577
2130590	[13]	:	Key	2	UP	at	2130589 
2132043	[1453]	:	Key	71	DOWN	at	2132042 
2135945	[3902]	:	time Target is 2135945
2137193	[1248]	:	Key	14	DOWN	at	2137193 
2141274	[4081]	:	time Target is 2141274
2146603	[5329]	:	time Target is 2146603
2147130	[527]	:	Key	71	DOWN	at	2147130 
2151934	[4804]	:	time Target is 2151934
2152012	[78]	:	Key	71	DOWN	at	2152011 
2157272	[5260]	:	time Target is 2157272
2158143	[871]	:	Key	71	DOWN	at	2158143 
2162611	[4468]	:	time Target is 2162611
2167935	[5324]	:	time Target is 2167935
2168921	[986]	:	Key	71	DOWN	at	2168921 
2173267	[4346]	:	time Target is 2173267
2173627	[360]	:	Key	71	DOWN	at	2173627 
2178602	[4975]	:	time Target is 2178602
2179578	[976]	:	Key	71	DOWN	at	2179578 
2183941	[4363]	:	time Target is 2183941
2184603	[662]	:	Key	71	DOWN	at	2184603 
2189274	[4671]	:	time Target is 2189274
2194596	[5322]	:	time Target is 2194596
2199924	[5328]	:	time Target is 2199924
2201118	[1194]	:	Key	71	DOWN	at	2201118 
2205295	[4177]	:	time Target is 2205295
2205775	[480]	:	Key	71	DOWN	at	2205775 
2210636	[4861]	:	time Target is 2210636
2211501	[865]	:	Key	71	DOWN	at	2211501 
2215963	[4462]	:	Key	71	DOWN	at	2215871 
2218509	[2546]	:	Key	71	DOWN	at	2218234 
2218510	[1]	:	Key	71	UP	at	2218380 
2221060	[2550]	:	Key	71	DOWN	at	2220830 
2221061	[1]	:	Key	71	UP	at	2221035 
2223875	[2814]	:	time Target is 2223875
2224670	[795]	:	Key	71	DOWN	at	2224670 
2229211	[4541]	:	time Target is 2229211
2234268	[5057]	:	Key	71	DOWN	at	2234090 
2237084	[2816]	:	time Target is 2237084
2237596	[512]	:	Key	71	DOWN	at	2237596 
2242416	[4820]	:	time Target is 2242416
2242749	[333]	:	Key	71	DOWN	at	2242749 
2247757	[5008]	:	time Target is 2247757
2247852	[95]	:	Key	71	DOWN	at	2247852 
2252833	[4981]	:	Key	71	DOWN	at	2252826 
2255647	[2814]	:	time Target is 2255647
2255965	[318]	:	Key	71	DOWN	at	2255964 
2260733	[4768]	:	Key	71	DOWN	at	2260682 
2263549	[2816]	:	time Target is 2263549
2263934	[385]	:	Key	71	DOWN	at	2263934 
2268888	[4954]	:	time Target is 2268888
2268939	[51]	:	Key	71	DOWN	at	2268938 
2274251	[5312]	:	time Target is 2274251
2274699	[448]	:	Key	71	DOWN	at	2274699 
2279590	[4891]	:	time Target is 2279590
2280844	[1254]	:	Key	71	DOWN	at	2280843 
2284930	[4086]	:	time Target is 2284930
2285183	[253]	:	Key	71	DOWN	at	2285182 
2290269	[5086]	:	time Target is 2290269
2290681	[412]	:	Key	71	DOWN	at	2290681 
2295602	[4921]	:	Key	71	DOWN	at	2295514 
2297381	[1779]	:	Key	71	UP	at	2295658 
2307468	[10087]	:	Key	71	DOWN	at	2307468 
2307725	[257]	:	Key	71	UP	at	2307724 
2322635	[14910]	:	Key	28	DOWN	at	2322634 
2322782	[147]	:	Key	28	UP	at	2322781 
2327306	[4524]	:	Key	29	DOWN	at	2327306 
2327467	[161]	:	Key	29	UP	at	2327467 
2331180	[3713]	:	Key	28	DOWN	at	2331179 
2331343	[163]	:	Key	28	UP	at	2331342 
2334015	[2672]	:	Key	28	DOWN	at	2334014 
2334190	[175]	:	Key	28	UP	at	2334188 
2338187	[3997]	:	Key	29	DOWN	at	2338187 
2338394	[207]	:	Key	29	UP	at	2338394 
2339643	[1249]	:	Key	28	DOWN	at	2339643 
2339821	[178]	:	Key	28	UP	at	2339820 
2344732	[4911]	:	Key	28	DOWN	at	2344731 
2344859	[127]	:	Key	28	UP	at	2344858 
2345741	[882]	:	Key	29	DOWN	at	2345741 
2345899	[158]	:	Key	29	UP	at	2345898 
2355660	[9761]	:	Key	28	DOWN	at	2355660 
2355818	[158]	:	Key	28	UP	at	2355818 
2356732	[914]	:	Key	29	DOWN	at	2356732 
2356910	[178]	:	Key	29	UP	at	2356910 
2363243	[6333]	:	Key	28	DOWN	at	2363243 
2363370	[127]	:	Key	28	UP	at	2363370 
2363548	[178]	:	Key	28	DOWN	at	2363548 
2363611	[63]	:	Key	28	UP	at	2363611 
2367545	[3934]	:	Key	29	DOWN	at	2367545 
2367709	[164]	:	Key	29	UP	at	2367708 
2367887	[178]	:	Key	29	DOWN	at	2367886 
2367981	[94]	:	Key	29	UP	at	2367980 
2372860	[4879]	:	Key	28	DOWN	at	2372860 
2373083	[223]	:	Key	28	UP	at	2373083 
2373194	[111]	:	Key	28	DOWN	at	2373194 
2373250	[56]	:	COGENT STOP
