Cog2000 log file Tue Sep 03 18:30:06 2019
gprim v1.33 Compiled:Aug 12 2015 (GLib DirectDraw v7 DX12.0 Compiled:Aug 12 2015)
Display:1024x768x32 59.99Hz
Attaching C:\Program Files\Cogent2000v1.33\Toolbox\CogInput.mexw64
CogInput v1.05 Compiled: May 20 2010
7	[7]	:	COGENT START
21957	[21950]	:	Key	71	DOWN	at	21952   
22065	[108]	:	Key	71	UP	at	22063   
43231	[21166]	:	Key	71	DOWN	at	43230   
43295	[64]	:	Key	71	UP	at	43295   
47639	[4344]	:	Key	71	DOWN	at	47634   
47757	[118]	:	Key	71	UP	at	47757   
59585	[11828]	:	Key	71	DOWN	at	59584   
59679	[94]	:	Key	71	UP	at	59679   
75699	[16020]	:	Key	71	DOWN	at	75698   
75777	[78]	:	Key	71	UP	at	75777   
97778	[22001]	:	Key	71	DOWN	at	97776   
98696	[918]	:	time Target is 98659
99360	[664]	:	Key	71	DOWN	at	99360   
104780	[5420]	:	time Target is 104780
105361	[581]	:	Key	71	DOWN	at	105361  
110888	[5527]	:	time Target is 110886
111552	[664]	:	Key	71	DOWN	at	111551  
116987	[5435]	:	time Target is 116986
117568	[581]	:	Key	71	DOWN	at	117568  
128509	[10941]	:	Key	71	DOWN	at	128509  
129572	[1063]	:	time Target is 129567
135906	[6334]	:	time Target is 135905
142228	[6322]	:	time Target is 142227
148552	[6324]	:	time Target is 148552
173823	[25271]	:	Key	71	DOWN	at	173823  
174050	[227]	:	Key	71	UP	at	174050  
179089	[5039]	:	Key	71	DOWN	at	179089  
179377	[288]	:	Key	71	UP	at	179377  
184307	[4930]	:	Key	71	DOWN	at	184307  
184607	[300]	:	Key	71	UP	at	184607  
194432	[9825]	:	Key	71	DOWN	at	194432  
194734	[302]	:	Key	71	UP	at	194734  
199668	[4934]	:	Key	71	DOWN	at	199667  
200489	[821]	:	Key	71	UP	at	199966  
200515	[26]	:	time Target is 200515
201715	[1200]	:	Key	71	DOWN	at	201715  
205613	[3898]	:	time Target is 205613
206435	[822]	:	Key	71	DOWN	at	206434  
210713	[4278]	:	time Target is 210712
215802	[5089]	:	time Target is 215801
228435	[12633]	:	Key	71	DOWN	at	228434  
228687	[252]	:	Key	71	UP	at	228687  
233248	[4561]	:	Key	71	DOWN	at	233247  
234043	[795]	:	Key	71	UP	at	233458  
234064	[21]	:	time Target is 234063
235168	[1104]	:	Key	71	DOWN	at	235168  
239161	[3993]	:	time Target is 239161
244238	[5077]	:	time Target is 244238
245168	[930]	:	Key	71	DOWN	at	245168  
249327	[4159]	:	time Target is 249326
261521	[12194]	:	Key	71	DOWN	at	261521  
261808	[287]	:	Key	71	UP	at	261807  
265565	[3757]	:	Key	71	DOWN	at	265565  
266346	[781]	:	Key	71	UP	at	265841  
266365	[19]	:	time Target is 266365
267027	[662]	:	Key	71	DOWN	at	267027  
271452	[4425]	:	time Target is 271452
276531	[5079]	:	time Target is 276530
277074	[543]	:	Key	71	DOWN	at	277073  
281624	[4550]	:	time Target is 281624
293777	[12153]	:	Key	71	DOWN	at	293777  
293935	[158]	:	Key	71	UP	at	293934  
297714	[3779]	:	Key	71	DOWN	at	297714  
298501	[787]	:	Key	71	UP	at	297904  
298523	[22]	:	time Target is 298523
303603	[5080]	:	time Target is 303603
304125	[522]	:	Key	71	DOWN	at	304125  
308688	[4563]	:	time Target is 308687
309186	[498]	:	Key	71	DOWN	at	309186  
313779	[4593]	:	time Target is 313779
325918	[12139]	:	Key	71	DOWN	at	325918  
326147	[229]	:	Key	71	UP	at	326147  
342190	[16043]	:	Key	71	DOWN	at	342190  
342386	[196]	:	Key	71	UP	at	342385  
357183	[14797]	:	Key	71	DOWN	at	357183  
357492	[309]	:	Key	71	UP	at	357491  
369663	[12171]	:	Key	71	DOWN	at	369663  
369934	[271]	:	Key	71	UP	at	369934  
384702	[14768]	:	Key	71	DOWN	at	384702  
387271	[2569]	:	time Target is 387271
387859	[588]	:	Key	71	DOWN	at	387859  
392613	[4754]	:	time Target is 392613
392959	[346]	:	Key	71	DOWN	at	392958  
397963	[5004]	:	time Target is 397963
398546	[583]	:	Key	71	DOWN	at	398546  
403311	[4765]	:	time Target is 403310
404655	[1344]	:	Key	71	DOWN	at	404655  
408661	[4006]	:	time Target is 408661
409615	[954]	:	Key	71	DOWN	at	409615  
414006	[4391]	:	time Target is 414006
415138	[1132]	:	Key	71	DOWN	at	415138  
419345	[4207]	:	time Target is 419345
424670	[5325]	:	time Target is 424670
429994	[5324]	:	time Target is 429994
430706	[712]	:	Key	71	DOWN	at	430706  
435328	[4622]	:	time Target is 435328
440657	[5329]	:	time Target is 440657
445979	[5322]	:	time Target is 445979
451303	[5324]	:	time Target is 451303
451727	[424]	:	Key	71	DOWN	at	451725  
456673	[4946]	:	time Target is 456673
457618	[945]	:	Key	71	DOWN	at	457617  
462012	[4394]	:	time Target is 462012
462814	[802]	:	Key	71	DOWN	at	462814  
467349	[4535]	:	time Target is 467349
472668	[5319]	:	time Target is 472668
473426	[758]	:	Key	71	DOWN	at	473425  
478007	[4581]	:	time Target is 478007
483329	[5322]	:	time Target is 483329
488658	[5329]	:	time Target is 488658
493975	[5317]	:	time Target is 493975
499299	[5324]	:	time Target is 499299
500272	[973]	:	Key	71	DOWN	at	500272  
504641	[4369]	:	time Target is 504641
505219	[578]	:	Key	71	DOWN	at	505218  
509984	[4765]	:	time Target is 509984
510946	[962]	:	Key	71	DOWN	at	510946  
515327	[4381]	:	time Target is 515327
516289	[962]	:	Key	71	DOWN	at	516289  
520671	[4382]	:	time Target is 520671
521822	[1151]	:	Key	71	DOWN	at	521822  
525999	[4177]	:	time Target is 525999
531319	[5320]	:	time Target is 531319
532468	[1149]	:	Key	71	DOWN	at	532467  
536659	[4191]	:	time Target is 536658
541984	[5325]	:	time Target is 541984
543155	[1171]	:	Key	71	DOWN	at	543154  
547329	[4174]	:	time Target is 547329
552648	[5319]	:	time Target is 552648
553635	[987]	:	Key	71	DOWN	at	553634  
557992	[4357]	:	time Target is 557992
558786	[794]	:	Key	71	DOWN	at	558785  
563330	[4544]	:	time Target is 563330
564271	[941]	:	Key	71	DOWN	at	564271  
568667	[4396]	:	time Target is 568667
569489	[822]	:	Key	71	DOWN	at	569489  
574001	[4512]	:	time Target is 574001
574671	[670]	:	Key	71	DOWN	at	574671  
579327	[4656]	:	time Target is 579327
580335	[1008]	:	Key	71	DOWN	at	580334  
584661	[4326]	:	time Target is 584661
589985	[5324]	:	time Target is 589985
590913	[928]	:	Key	71	DOWN	at	590913  
595320	[4407]	:	time Target is 595320
596131	[811]	:	Key	71	DOWN	at	596130  
600661	[4530]	:	time Target is 600661
601506	[845]	:	Key	71	DOWN	at	601506  
605993	[4487]	:	time Target is 605993
606846	[853]	:	Key	71	DOWN	at	606846  
611331	[4485]	:	time Target is 611331
612196	[865]	:	Key	71	DOWN	at	612194  
616676	[4480]	:	time Target is 616676
621997	[5321]	:	time Target is 621997
627324	[5327]	:	time Target is 627324
628049	[725]	:	Key	71	DOWN	at	628049  
632684	[4635]	:	time Target is 632684
638002	[5318]	:	time Target is 638002
638835	[833]	:	Key	71	DOWN	at	638833  
643344	[4509]	:	time Target is 643344
644209	[865]	:	Key	71	DOWN	at	644209  
648678	[4469]	:	time Target is 648678
654004	[5326]	:	time Target is 654004
659327	[5323]	:	time Target is 659327
664650	[5323]	:	time Target is 664650
665278	[628]	:	Key	71	DOWN	at	665278  
669986	[4708]	:	time Target is 669986
675303	[5317]	:	time Target is 675303
676128	[825]	:	Key	71	DOWN	at	676128  
680639	[4511]	:	time Target is 680639
681262	[623]	:	Key	71	DOWN	at	681262  
685976	[4714]	:	time Target is 685976
687215	[1239]	:	Key	71	DOWN	at	687214  
691314	[4099]	:	time Target is 691314
692223	[909]	:	Key	71	DOWN	at	692223  
696654	[4431]	:	time Target is 696654
697587	[933]	:	Key	71	DOWN	at	697586  
701992	[4405]	:	time Target is 701992
707311	[5319]	:	time Target is 707311
707854	[543]	:	Key	71	DOWN	at	707854  
712650	[4796]	:	time Target is 712650
713470	[820]	:	Key	71	DOWN	at	713470  
717980	[4510]	:	time Target is 717980
718610	[630]	:	Key	71	DOWN	at	718610  
723313	[4703]	:	time Target is 723313
724288	[975]	:	Key	71	DOWN	at	724288  
728650	[4362]	:	time Target is 728650
729411	[761]	:	Key	71	DOWN	at	729410  
733987	[4576]	:	time Target is 733987
734734	[747]	:	Key	71	DOWN	at	734734  
739325	[4591]	:	time Target is 739325
739790	[465]	:	Key	71	DOWN	at	739790  
744659	[4869]	:	time Target is 744659
745778	[1119]	:	Key	71	DOWN	at	745777  
750000	[4222]	:	time Target is 750000
750893	[893]	:	Key	71	DOWN	at	750893  
755337	[4444]	:	time Target is 755337
760661	[5324]	:	time Target is 760661
761475	[814]	:	Key	71	DOWN	at	761474  
765997	[4522]	:	time Target is 765997
771325	[5328]	:	time Target is 771325
776650	[5325]	:	time Target is 776650
777359	[709]	:	Key	71	DOWN	at	777358  
782004	[4645]	:	time Target is 782004
782784	[780]	:	Key	71	DOWN	at	782784  
787341	[4557]	:	time Target is 787341
788175	[834]	:	Key	71	DOWN	at	788174  
792678	[4503]	:	time Target is 792678
793969	[1291]	:	Key	71	DOWN	at	793969  
798016	[4047]	:	time Target is 798016
798612	[596]	:	Key	71	DOWN	at	798611  
803359	[4747]	:	time Target is 803359
804078	[719]	:	Key	71	DOWN	at	804078  
808692	[4614]	:	time Target is 808692
814012	[5320]	:	time Target is 814012
814643	[631]	:	Key	71	DOWN	at	814643  
819348	[4705]	:	time Target is 819348
824671	[5323]	:	time Target is 824671
825774	[1103]	:	Key	71	DOWN	at	825773  
830002	[4228]	:	time Target is 830002
835325	[5323]	:	time Target is 835325
836095	[770]	:	Key	71	DOWN	at	836094  
840658	[4563]	:	time Target is 840658
841474	[816]	:	Key	71	DOWN	at	841474  
845994	[4520]	:	time Target is 845994
847280	[1286]	:	Key	71	DOWN	at	847280  
851332	[4052]	:	time Target is 851332
852035	[703]	:	Key	71	DOWN	at	852034  
856661	[4626]	:	time Target is 856661
857472	[811]	:	Key	71	DOWN	at	857471  
861998	[4526]	:	time Target is 861998
862799	[801]	:	Key	71	DOWN	at	862799  
866300	[3501]	:	Key	71	UP	at	863105  
873070	[6770]	:	Key	71	DOWN	at	873070  
873860	[790]	:	Key	71	UP	at	873296  
874131	[271]	:	time Target is 874131
874816	[685]	:	Key	71	DOWN	at	874815  
879469	[4653]	:	time Target is 879469
884786	[5317]	:	time Target is 884786
885489	[703]	:	Key	71	DOWN	at	885489  
890122	[4633]	:	time Target is 890122
891025	[903]	:	Key	71	DOWN	at	891025  
895458	[4433]	:	time Target is 895458
896030	[572]	:	Key	71	DOWN	at	896029  
900790	[4760]	:	time Target is 900790
901762	[972]	:	Key	71	DOWN	at	901761  
906136	[4374]	:	time Target is 906136
911461	[5325]	:	time Target is 911461
912018	[557]	:	Key	71	DOWN	at	912018  
916794	[4776]	:	time Target is 916794
922114	[5320]	:	time Target is 922114
922815	[701]	:	Key	71	DOWN	at	922814  
927453	[4638]	:	time Target is 927453
928132	[679]	:	Key	71	DOWN	at	928131  
932790	[4658]	:	time Target is 932790
938116	[5326]	:	time Target is 938116
943438	[5322]	:	time Target is 943438
943984	[546]	:	Key	71	DOWN	at	943984  
948775	[4791]	:	time Target is 948775
954093	[5318]	:	time Target is 954093
955107	[1014]	:	Key	71	DOWN	at	955107  
959426	[4319]	:	time Target is 959426
960274	[848]	:	Key	71	DOWN	at	960274  
964766	[4492]	:	time Target is 964766
970087	[5321]	:	time Target is 970087
970960	[873]	:	Key	71	DOWN	at	970959  
975422	[4462]	:	time Target is 975422
980749	[5327]	:	time Target is 980749
981440	[691]	:	Key	71	DOWN	at	981439  
985826	[4386]	:	Key	71	DOWN	at	985791  
988649	[2823]	:	time Target is 988649
989682	[1033]	:	Key	71	DOWN	at	989681  
993984	[4302]	:	time Target is 993984
999311	[5327]	:	time Target is 999311
999952	[641]	:	Key	71	DOWN	at	999952  
1004644	[4692]	:	time Target is 1004644
1005551	[907]	:	Key	71	DOWN	at	1005551 
1009982	[4431]	:	time Target is 1009982
1010689	[707]	:	Key	71	DOWN	at	1010689 
1015339	[4650]	:	time Target is 1015338
1020663	[5324]	:	time Target is 1020663
1021167	[504]	:	Key	71	DOWN	at	1021167 
1025994	[4827]	:	time Target is 1025994
1026862	[868]	:	Key	71	DOWN	at	1026862 
1031329	[4467]	:	time Target is 1031329
1036656	[5327]	:	time Target is 1036656
1037281	[625]	:	Key	71	DOWN	at	1037281 
1041996	[4715]	:	time Target is 1041996
1043137	[1141]	:	Key	71	DOWN	at	1043137 
1047333	[4196]	:	time Target is 1047333
1047839	[506]	:	Key	71	DOWN	at	1047839 
1052673	[4834]	:	time Target is 1052673
1053666	[993]	:	Key	71	DOWN	at	1053666 
1058013	[4347]	:	time Target is 1058013
1063343	[5330]	:	time Target is 1063343
1068669	[5326]	:	time Target is 1068669
1069407	[738]	:	Key	71	DOWN	at	1069406 
1074006	[4599]	:	time Target is 1074006
1074639	[633]	:	Key	71	DOWN	at	1074639 
1079342	[4703]	:	time Target is 1079342
1080416	[1074]	:	Key	71	DOWN	at	1080416 
1084681	[4265]	:	time Target is 1084681
1085555	[874]	:	Key	71	DOWN	at	1085554 
1090019	[4464]	:	time Target is 1090019
1091458	[1439]	:	Key	71	DOWN	at	1091458 
1095354	[3896]	:	time Target is 1095354
1100674	[5320]	:	time Target is 1100674
1105996	[5322]	:	time Target is 1105996
1107166	[1170]	:	Key	71	DOWN	at	1107166 
1111328	[4162]	:	time Target is 1111328
1112240	[912]	:	Key	71	DOWN	at	1112240 
1116668	[4428]	:	time Target is 1116668
1117712	[1044]	:	Key	71	DOWN	at	1117712 
1122007	[4295]	:	time Target is 1122007
1122497	[490]	:	Key	71	DOWN	at	1122496 
1127345	[4848]	:	time Target is 1127345
1127810	[465]	:	Key	71	DOWN	at	1127810 
1132675	[4865]	:	time Target is 1132675
1133283	[608]	:	Key	71	DOWN	at	1133282 
1138022	[4739]	:	time Target is 1138022
1138578	[556]	:	Key	71	DOWN	at	1138578 
1143359	[4781]	:	time Target is 1143359
1143856	[497]	:	Key	71	DOWN	at	1143855 
1148739	[4883]	:	time Target is 1148739
1149458	[719]	:	Key	71	DOWN	at	1149457 
1154090	[4632]	:	time Target is 1154090
1154705	[615]	:	Key	71	DOWN	at	1154704 
1159424	[4719]	:	time Target is 1159424
1160803	[1379]	:	Key	71	DOWN	at	1160802 
1164760	[3957]	:	time Target is 1164760
1165296	[536]	:	Key	71	DOWN	at	1165296 
1170098	[4802]	:	time Target is 1170098
1170786	[688]	:	Key	71	DOWN	at	1170786 
1175431	[4645]	:	time Target is 1175431
1180754	[5323]	:	time Target is 1180754
1181554	[800]	:	Key	71	DOWN	at	1181553 
1186093	[4539]	:	time Target is 1186093
1191407	[5314]	:	time Target is 1191407
1192051	[644]	:	Key	71	DOWN	at	1192050 
1196748	[4697]	:	time Target is 1196748
1197217	[469]	:	Key	71	DOWN	at	1197217 
1202087	[4870]	:	time Target is 1202087
1202691	[604]	:	Key	71	DOWN	at	1202691 
1207419	[4728]	:	time Target is 1207419
1208000	[581]	:	Key	71	DOWN	at	1208000 
1212755	[4755]	:	time Target is 1212755
1213232	[477]	:	Key	71	DOWN	at	1213232 
1218099	[4867]	:	time Target is 1218099
1223421	[5322]	:	time Target is 1223421
1228746	[5325]	:	time Target is 1228746
1229166	[420]	:	Key	71	DOWN	at	1229166 
1234082	[4916]	:	time Target is 1234082
1234672	[590]	:	Key	71	DOWN	at	1234671 
1239415	[4743]	:	time Target is 1239415
1240753	[1338]	:	Key	71	DOWN	at	1240752 
1244752	[3999]	:	time Target is 1244752
1246176	[1424]	:	Key	71	DOWN	at	1246175 
1250089	[3913]	:	time Target is 1250089
1255408	[5319]	:	time Target is 1255408
1260730	[5322]	:	time Target is 1260730
1266050	[5320]	:	time Target is 1266050
1266769	[719]	:	Key	71	DOWN	at	1266769 
1271387	[4618]	:	time Target is 1271387
1271853	[466]	:	Key	71	DOWN	at	1271853 
1276724	[4871]	:	time Target is 1276724
1277107	[383]	:	Key	71	DOWN	at	1277106 
1282062	[4955]	:	time Target is 1282062
1287389	[5327]	:	time Target is 1287389
1287873	[484]	:	Key	71	DOWN	at	1287872 
1292725	[4852]	:	time Target is 1292725
1293327	[602]	:	Key	71	DOWN	at	1293327 
1298057	[4730]	:	time Target is 1298057
1298639	[582]	:	Key	71	DOWN	at	1298638 
1303395	[4756]	:	time Target is 1303395
1303984	[589]	:	Key	71	DOWN	at	1303984 
1308729	[4745]	:	time Target is 1308729
1309267	[538]	:	Key	71	DOWN	at	1309267 
1314062	[4795]	:	time Target is 1314062
1314515	[453]	:	Key	71	DOWN	at	1314515 
1319404	[4889]	:	time Target is 1319404
1324731	[5327]	:	time Target is 1324731
1330055	[5324]	:	time Target is 1330055
1335377	[5322]	:	time Target is 1335377
1340698	[5321]	:	time Target is 1340698
1341619	[921]	:	Key	71	DOWN	at	1341619 
1346037	[4418]	:	time Target is 1346037
1415475	[69438]	:	Key	71	DOWN	at	1415473 
1415536	[61]	:	Key	71	UP	at	1415536 
1420049	[4513]	:	Key	71	DOWN	at	1420049 
1420844	[795]	:	Key	71	UP	at	1420323 
1421113	[269]	:	time Target is 1421113
1421793	[680]	:	Key	71	DOWN	at	1421793 
1426454	[4661]	:	time Target is 1426454
1431780	[5326]	:	time Target is 1431780
1432303	[523]	:	Key	71	DOWN	at	1432302 
1437117	[4814]	:	time Target is 1437117
1438114	[997]	:	Key	71	DOWN	at	1438114 
1442451	[4337]	:	time Target is 1442451
1447771	[5320]	:	time Target is 1447771
1448273	[502]	:	Key	71	DOWN	at	1448273 
1453134	[4861]	:	time Target is 1453134
1458455	[5321]	:	time Target is 1458455
1458943	[488]	:	Key	71	DOWN	at	1458942 
1463820	[4877]	:	time Target is 1463820
1469143	[5323]	:	time Target is 1469143
1469761	[618]	:	Key	71	DOWN	at	1469761 
1474479	[4718]	:	time Target is 1474479
1475439	[960]	:	Key	71	DOWN	at	1475437 
1479818	[4379]	:	time Target is 1479818
1480991	[1173]	:	Key	71	DOWN	at	1480990 
1485161	[4170]	:	time Target is 1485161
1490484	[5323]	:	time Target is 1490484
1490944	[460]	:	Key	71	DOWN	at	1490944 
1495816	[4872]	:	time Target is 1495816
1501133	[5317]	:	time Target is 1501133
1501650	[517]	:	Key	71	DOWN	at	1501650 
1506471	[4821]	:	time Target is 1506471
1507825	[1354]	:	Key	71	DOWN	at	1507825 
1511810	[3985]	:	time Target is 1511810
1517129	[5319]	:	time Target is 1517129
1522452	[5323]	:	time Target is 1522452
1527776	[5324]	:	time Target is 1527776
1533097	[5321]	:	time Target is 1533097
1538429	[5332]	:	time Target is 1538429
1538992	[563]	:	Key	71	DOWN	at	1538992 
1543773	[4781]	:	time Target is 1543773
1549100	[5327]	:	time Target is 1549100
1554418	[5318]	:	time Target is 1554418
1554802	[384]	:	Key	71	DOWN	at	1554802 
1559760	[4958]	:	time Target is 1559760
1565085	[5325]	:	time Target is 1565085
1565937	[852]	:	Key	71	DOWN	at	1565937 
1570416	[4479]	:	time Target is 1570416
1571245	[829]	:	Key	71	DOWN	at	1571245 
1575750	[4505]	:	time Target is 1575750
1581070	[5320]	:	time Target is 1581070
1581855	[785]	:	Key	71	DOWN	at	1581855 
1586416	[4561]	:	time Target is 1586416
1591736	[5320]	:	time Target is 1591736
1591891	[155]	:	Key	71	DOWN	at	1591891 
1597067	[5176]	:	time Target is 1597067
1597633	[566]	:	Key	71	DOWN	at	1597633 
1602402	[4769]	:	time Target is 1602402
1607724	[5322]	:	time Target is 1607724
1613050	[5326]	:	time Target is 1613050
1613711	[661]	:	Key	71	DOWN	at	1613710 
1618392	[4681]	:	time Target is 1618392
1618769	[377]	:	Key	71	DOWN	at	1618769 
1623730	[4961]	:	time Target is 1623730
1629055	[5325]	:	time Target is 1629055
1629567	[512]	:	Key	71	DOWN	at	1629567 
1634392	[4825]	:	time Target is 1634392
1639716	[5324]	:	time Target is 1639716
1640094	[378]	:	Key	71	DOWN	at	1640093 
1645054	[4960]	:	time Target is 1645054
1646035	[981]	:	Key	71	DOWN	at	1646035 
1650386	[4351]	:	time Target is 1650386
1650865	[479]	:	Key	71	DOWN	at	1650865 
1655719	[4854]	:	time Target is 1655719
1656254	[535]	:	Key	71	DOWN	at	1656254 
1661056	[4802]	:	time Target is 1661056
1666375	[5319]	:	time Target is 1666375
1667475	[1100]	:	Key	71	DOWN	at	1667474 
1671707	[4232]	:	time Target is 1671707
1677030	[5323]	:	time Target is 1677030
1682352	[5322]	:	time Target is 1682352
1682720	[368]	:	Key	71	DOWN	at	1682720 
1687690	[4970]	:	time Target is 1687690
1688032	[342]	:	Key	71	DOWN	at	1688031 
1693030	[4998]	:	time Target is 1693030
1698350	[5320]	:	time Target is 1698350
1703671	[5321]	:	time Target is 1703671
1708996	[5325]	:	time Target is 1708996
1714316	[5320]	:	time Target is 1714316
1719637	[5321]	:	time Target is 1719637
1724963	[5326]	:	time Target is 1724963
1725344	[381]	:	Key	71	DOWN	at	1725344 
1730294	[4950]	:	time Target is 1730294
1735614	[5320]	:	time Target is 1735614
1736147	[533]	:	Key	71	DOWN	at	1736146 
1740955	[4808]	:	time Target is 1740955
1746272	[5317]	:	time Target is 1746272
1751595	[5323]	:	time Target is 1751595
1756919	[5324]	:	time Target is 1756919
1757376	[457]	:	Key	71	DOWN	at	1757375 
1762260	[4884]	:	time Target is 1762260
1767578	[5318]	:	time Target is 1767578
1772901	[5323]	:	time Target is 1772901
1773235	[334]	:	Key	71	DOWN	at	1773235 
1778239	[5004]	:	time Target is 1778239
1783563	[5324]	:	time Target is 1783563
1788896	[5333]	:	time Target is 1788896
1789408	[512]	:	Key	71	DOWN	at	1789407 
1794236	[4828]	:	time Target is 1794236
1799563	[5327]	:	time Target is 1799563
1804885	[5322]	:	time Target is 1804885
1810203	[5318]	:	time Target is 1810203
1810643	[440]	:	Key	71	DOWN	at	1810643 
1815536	[4893]	:	time Target is 1815536
1816176	[640]	:	Key	71	DOWN	at	1816176 
1820888	[4712]	:	time Target is 1820888
1826218	[5330]	:	time Target is 1826218
1826881	[663]	:	Key	71	DOWN	at	1826880 
1831558	[4677]	:	time Target is 1831558
1836881	[5323]	:	time Target is 1836881
1842204	[5323]	:	time Target is 1842204
1842448	[244]	:	Key	71	DOWN	at	1842448 
1847533	[5085]	:	time Target is 1847533
1852855	[5322]	:	time Target is 1852855
1853327	[472]	:	Key	71	DOWN	at	1853327 
1858189	[4862]	:	time Target is 1858189
1863503	[5314]	:	time Target is 1863503
1863950	[447]	:	Key	71	DOWN	at	1863950 
1868846	[4896]	:	time Target is 1868846
1869234	[388]	:	Key	71	DOWN	at	1869233 
1874183	[4949]	:	time Target is 1874183
1874687	[504]	:	Key	71	DOWN	at	1874687 
1879506	[4819]	:	time Target is 1879506
1880207	[701]	:	Key	71	DOWN	at	1880207 
1884847	[4640]	:	time Target is 1884847
1885458	[611]	:	Key	71	DOWN	at	1885458 
1890186	[4728]	:	time Target is 1890186
1890642	[456]	:	Key	71	DOWN	at	1890642 
1895522	[4880]	:	time Target is 1895522
1895906	[384]	:	Key	71	DOWN	at	1895906 
1899824	[3918]	:	Key	71	UP	at	1896096 
1970734	[70910]	:	Key	71	DOWN	at	1970733 
1971516	[782]	:	Key	71	UP	at	1970830 
1971786	[270]	:	time Target is 1971786
1972370	[584]	:	Key	71	DOWN	at	1972370 
1977125	[4755]	:	time Target is 1977125
1977760	[635]	:	Key	71	DOWN	at	1977759 
1982455	[4695]	:	time Target is 1982455
1987779	[5324]	:	time Target is 1987779
1993099	[5320]	:	time Target is 1993099
1998419	[5320]	:	time Target is 1998419
1999043	[624]	:	Key	71	DOWN	at	1999042 
2003757	[4714]	:	time Target is 2003757
2009078	[5321]	:	time Target is 2009078
2014399	[5321]	:	time Target is 2014399
2019725	[5326]	:	time Target is 2019725
2025049	[5324]	:	time Target is 2025049
2030371	[5322]	:	time Target is 2030371
2031856	[1485]	:	Key	71	DOWN	at	2031856 
2035700	[3844]	:	time Target is 2035700
2036179	[479]	:	Key	71	DOWN	at	2036179 
2041036	[4857]	:	time Target is 2041036
2046392	[5356]	:	time Target is 2046392
2051714	[5322]	:	time Target is 2051714
2052128	[414]	:	Key	71	DOWN	at	2052127 
2057056	[4928]	:	time Target is 2057056
2057789	[733]	:	Key	71	DOWN	at	2057789 
2062389	[4600]	:	time Target is 2062389
2062958	[569]	:	Key	71	DOWN	at	2062958 
2067717	[4759]	:	time Target is 2067717
2068206	[489]	:	Key	71	DOWN	at	2068205 
2073054	[4848]	:	time Target is 2073054
2073570	[516]	:	Key	71	DOWN	at	2073569 
2078389	[4819]	:	time Target is 2078389
2078751	[362]	:	Key	71	DOWN	at	2078751 
2083723	[4972]	:	time Target is 2083723
2084367	[644]	:	Key	71	DOWN	at	2084364 
2089070	[4703]	:	time Target is 2089070
2089454	[384]	:	Key	71	DOWN	at	2089454 
2094415	[4961]	:	time Target is 2094415
2094913	[498]	:	Key	71	DOWN	at	2094913 
2099765	[4852]	:	time Target is 2099765
2101023	[1258]	:	Key	71	DOWN	at	2101023 
2105094	[4071]	:	time Target is 2105094
2110415	[5321]	:	time Target is 2110415
2115735	[5320]	:	time Target is 2115735
2116914	[1179]	:	Key	71	DOWN	at	2116913 
2121068	[4154]	:	time Target is 2121068
2126389	[5321]	:	time Target is 2126389
2126755	[366]	:	Key	71	DOWN	at	2126754 
2131731	[4976]	:	time Target is 2131731
2137060	[5329]	:	time Target is 2137060
2138371	[1311]	:	Key	71	DOWN	at	2138370 
2142397	[4026]	:	time Target is 2142397
2143250	[853]	:	Key	71	DOWN	at	2143250 
2147734	[4484]	:	time Target is 2147734
2148290	[556]	:	Key	71	DOWN	at	2148290 
2153070	[4780]	:	time Target is 2153070
2153888	[818]	:	Key	71	DOWN	at	2153888 
2158405	[4517]	:	time Target is 2158405
2163725	[5320]	:	time Target is 2163725
2169055	[5330]	:	time Target is 2169055
2169698	[643]	:	Key	71	DOWN	at	2169698 
2174385	[4687]	:	time Target is 2174385
2179710	[5325]	:	time Target is 2179710
2185031	[5321]	:	time Target is 2185031
2190351	[5320]	:	time Target is 2190351
2191235	[884]	:	Key	71	DOWN	at	2191234 
2195686	[4451]	:	time Target is 2195686
2201012	[5326]	:	time Target is 2201012
2206332	[5320]	:	time Target is 2206332
2211656	[5324]	:	time Target is 2211656
2212239	[583]	:	Key	71	DOWN	at	2212239 
2216990	[4751]	:	time Target is 2216990
2217875	[885]	:	Key	71	DOWN	at	2217874 
2222331	[4456]	:	time Target is 2222331
2222707	[376]	:	Key	71	DOWN	at	2222706 
2227671	[4964]	:	time Target is 2227671
2232988	[5317]	:	time Target is 2232988
2233408	[420]	:	Key	71	DOWN	at	2233407 
2238332	[4924]	:	time Target is 2238332
2243654	[5322]	:	time Target is 2243654
2244096	[442]	:	Key	71	DOWN	at	2244096 
2248985	[4889]	:	time Target is 2248985
2254309	[5324]	:	time Target is 2254309
2259635	[5326]	:	time Target is 2259635
2264956	[5321]	:	time Target is 2264956
2270277	[5321]	:	time Target is 2270277
2270655	[378]	:	Key	71	DOWN	at	2270654 
2275615	[4960]	:	time Target is 2275615
2276160	[545]	:	Key	71	DOWN	at	2276160 
2280955	[4795]	:	time Target is 2280955
2286278	[5323]	:	time Target is 2286278
2286719	[441]	:	Key	71	DOWN	at	2286719 
2291617	[4898]	:	time Target is 2291617
2296936	[5319]	:	time Target is 2296936
2297506	[570]	:	Key	71	DOWN	at	2297505 
2302274	[4768]	:	time Target is 2302274
2307595	[5321]	:	time Target is 2307595
2312919	[5324]	:	time Target is 2312919
2313455	[536]	:	Key	71	DOWN	at	2313455 
2318263	[4808]	:	time Target is 2318263
2323591	[5328]	:	time Target is 2323591
2324001	[410]	:	Key	71	DOWN	at	2324001 
2328939	[4938]	:	time Target is 2328939
2334262	[5323]	:	time Target is 2334262
2334658	[396]	:	Key	71	DOWN	at	2334658 
2339630	[4972]	:	time Target is 2339630
2344953	[5323]	:	time Target is 2344953
2345743	[790]	:	Key	71	DOWN	at	2345742 
2350292	[4549]	:	time Target is 2350292
2355615	[5323]	:	time Target is 2355614
2360932	[5317]	:	time Target is 2360932
2361396	[464]	:	Key	71	DOWN	at	2361395 
2366259	[4863]	:	time Target is 2366259
2371591	[5332]	:	time Target is 2371591
2376912	[5321]	:	time Target is 2376912
2377054	[142]	:	Key	71	DOWN	at	2377054 
2382250	[5196]	:	time Target is 2382250
2382767	[517]	:	Key	71	DOWN	at	2382766 
2387594	[4827]	:	time Target is 2387594
2388034	[440]	:	Key	71	DOWN	at	2388033 
2392930	[4896]	:	time Target is 2392930
2393425	[495]	:	Key	71	DOWN	at	2393425 
2398269	[4844]	:	time Target is 2398269
2398643	[374]	:	Key	71	DOWN	at	2398642 
2403613	[4970]	:	time Target is 2403613
2403757	[144]	:	Key	71	DOWN	at	2403757 
2408952	[5195]	:	time Target is 2408952
2409858	[906]	:	Key	71	DOWN	at	2409857 
2414290	[4432]	:	time Target is 2414290
2414848	[558]	:	Key	71	DOWN	at	2414847 
2419638	[4790]	:	time Target is 2419638
2424958	[5320]	:	time Target is 2424958
2425585	[627]	:	Key	71	DOWN	at	2425585 
2430297	[4712]	:	time Target is 2430297
2430737	[440]	:	Key	71	DOWN	at	2430737 
2435640	[4903]	:	time Target is 2435640
2440965	[5325]	:	time Target is 2440965
2446285	[5320]	:	time Target is 2446285
2446863	[578]	:	Key	71	DOWN	at	2446862 
2450590	[3727]	:	Key	71	UP	at	2447023 
2462912	[12322]	:	Key	71	DOWN	at	2462912 
2463235	[323]	:	Key	71	UP	at	2463235 
2480210	[16975]	:	Key	28	DOWN	at	2480209 
2480431	[221]	:	Key	28	UP	at	2480431 
2484607	[4176]	:	Key	28	DOWN	at	2484607 
2484831	[224]	:	Key	28	UP	at	2484831 
2488575	[3744]	:	Key	29	DOWN	at	2488575 
2488896	[321]	:	Key	29	UP	at	2488896 
2490094	[1198]	:	Key	29	DOWN	at	2490094 
2490367	[273]	:	Key	29	UP	at	2490367 
2491776	[1409]	:	Key	28	DOWN	at	2491776 
2492014	[238]	:	Key	28	UP	at	2492014 
2493374	[1360]	:	Key	28	DOWN	at	2493374 
2493634	[260]	:	Key	28	UP	at	2493633 
2497424	[3790]	:	Key	29	DOWN	at	2497423 
2497667	[243]	:	Key	29	UP	at	2497667 
2499155	[1488]	:	Key	29	DOWN	at	2499155 
2499361	[206]	:	Key	29	UP	at	2499361 
2502465	[3104]	:	Key	28	DOWN	at	2502465 
2502654	[189]	:	Key	28	UP	at	2502653 
2503678	[1024]	:	Key	29	DOWN	at	2503678 
2503987	[309]	:	Key	29	UP	at	2503986 
2506495	[2508]	:	Key	28	DOWN	at	2506494 
2506704	[209]	:	Key	28	UP	at	2506704 
2507310	[606]	:	Key	28	DOWN	at	2507310 
2507533	[223]	:	Key	28	UP	at	2507533 
2509678	[2145]	:	Key	29	DOWN	at	2509678 
2510017	[339]	:	Key	29	UP	at	2510015 
2510658	[641]	:	Key	28	DOWN	at	2510657 
2510913	[255]	:	Key	28	UP	at	2510912 
2512959	[2046]	:	Key	29	DOWN	at	2512959 
2513183	[224]	:	Key	29	UP	at	2513183 
2513680	[497]	:	Key	29	DOWN	at	2513679 
2513736	[56]	:	COGENT STOP
