Cog2000 log file Wed Oct 23 16:10:12 2019
gprim v1.33 Compiled:Aug 12 2015 (GLib DirectDraw v7 DX12.0 Compiled:Aug 12 2015)
Display:1024x768x32 59.92Hz
Attaching C:\Program Files\Cogent2000v1.33\Toolbox\CogInput.mexw64
CogInput v1.05 Compiled: May 20 2010
7	[7]	:	COGENT START
15689	[15682]	:	Key	71	DOWN	at	15685   
15749	[60]	:	Key	71	UP	at	15749   
34885	[19136]	:	Key	71	DOWN	at	34884   
34949	[64]	:	Key	71	UP	at	34948   
38773	[3824]	:	Key	71	DOWN	at	38770   
38807	[34]	:	Key	71	UP	at	38805   
49153	[10346]	:	Key	71	DOWN	at	49153   
49220	[67]	:	Key	71	UP	at	49220   
62610	[13390]	:	Key	71	DOWN	at	62609   
62660	[50]	:	Key	71	UP	at	62660   
87572	[24912]	:	Key	71	DOWN	at	87572   
88468	[896]	:	time Target is 88450
94581	[6113]	:	time Target is 94579
95011	[430]	:	Key	71	DOWN	at	95011   
100690	[5679]	:	time Target is 100687
101298	[608]	:	Key	71	DOWN	at	101297  
106789	[5491]	:	time Target is 106788
107089	[300]	:	Key	71	DOWN	at	107089  
112896	[5807]	:	time Target is 112891
113185	[289]	:	Key	71	DOWN	at	113185  
122597	[9412]	:	Key	71	DOWN	at	122596  
123663	[1066]	:	time Target is 123663
129994	[6331]	:	time Target is 129993
136316	[6322]	:	time Target is 136315
142640	[6324]	:	time Target is 142640
160770	[18130]	:	Key	71	DOWN	at	160770  
160901	[131]	:	Key	71	UP	at	160900  
165073	[4172]	:	Key	71	DOWN	at	165072  
165237	[164]	:	Key	71	UP	at	165236  
169254	[4017]	:	Key	71	DOWN	at	169253  
169346	[92]	:	Key	71	UP	at	169345  
197249	[27903]	:	Key	71	DOWN	at	197249  
197395	[146]	:	Key	71	UP	at	197395  
200434	[3039]	:	Key	71	DOWN	at	200434  
201262	[828]	:	Key	71	UP	at	200548  
201289	[27]	:	time Target is 201289
201939	[650]	:	Key	71	DOWN	at	201939  
206412	[4473]	:	time Target is 206412
206853	[441]	:	Key	71	DOWN	at	206853  
211506	[4653]	:	time Target is 211505
211811	[305]	:	Key	71	DOWN	at	211810  
216582	[4771]	:	Key	71	DOWN	at	216357  
216582	[0]	:	Key	71	UP	at	216481  
219166	[2584]	:	time Target is 219165
220354	[1188]	:	Key	71	DOWN	at	220354  
223475	[3121]	:	Key	71	UP	at	220449  
226852	[3377]	:	Key	71	DOWN	at	226852  
227636	[784]	:	Key	71	UP	at	226994  
227661	[25]	:	time Target is 227661
238754	[11093]	:	Key	71	DOWN	at	238754  
238883	[129]	:	Key	71	UP	at	238883  
243252	[4369]	:	Key	71	DOWN	at	243251  
244043	[791]	:	Key	71	UP	at	243380  
244064	[21]	:	time Target is 244064
244436	[372]	:	Key	71	DOWN	at	244436  
249155	[4719]	:	time Target is 249155
254231	[5076]	:	time Target is 254231
254643	[412]	:	Key	71	DOWN	at	254643  
259319	[4676]	:	time Target is 259319
273013	[13694]	:	Key	71	DOWN	at	273012  
273124	[111]	:	Key	71	UP	at	273124  
276834	[3710]	:	Key	71	DOWN	at	276833  
277616	[782]	:	Key	71	UP	at	276929  
277639	[23]	:	time Target is 277639
282715	[5076]	:	time Target is 282715
283092	[377]	:	Key	71	DOWN	at	283091  
287801	[4709]	:	time Target is 287801
288114	[313]	:	Key	71	DOWN	at	288114  
292885	[4771]	:	time Target is 292884
318515	[25630]	:	Key	71	DOWN	at	318515  
318627	[112]	:	Key	71	UP	at	318626  
321825	[3198]	:	Key	71	DOWN	at	321824  
322617	[792]	:	Key	71	UP	at	321922  
322641	[24]	:	time Target is 322640
323764	[1123]	:	Key	71	DOWN	at	323763  
327727	[3963]	:	time Target is 327727
332802	[5075]	:	time Target is 332802
337874	[5072]	:	time Target is 337874
358918	[21044]	:	Key	71	DOWN	at	358917  
359057	[139]	:	Key	71	UP	at	359057  
373985	[14928]	:	Key	71	DOWN	at	373985  
374084	[99]	:	Key	71	UP	at	374084  
394100	[20016]	:	Key	71	DOWN	at	394099  
394195	[95]	:	Key	71	UP	at	394195  
452166	[57971]	:	Key	71	DOWN	at	452165  
452307	[141]	:	Key	71	UP	at	452307  
453908	[1601]	:	Key	71	DOWN	at	453907  
456489	[2581]	:	time Target is 456489
456819	[330]	:	Key	71	DOWN	at	456818  
461834	[5015]	:	time Target is 461834
462675	[841]	:	Key	71	DOWN	at	462674  
467181	[4506]	:	time Target is 467181
472508	[5327]	:	time Target is 472508
472950	[442]	:	Key	71	DOWN	at	472949  
477850	[4900]	:	time Target is 477849
483172	[5322]	:	time Target is 483172
483588	[416]	:	Key	71	DOWN	at	483587  
488511	[4923]	:	time Target is 488511
489509	[998]	:	Key	71	DOWN	at	489509  
493852	[4343]	:	time Target is 493852
499175	[5323]	:	time Target is 499175
500357	[1182]	:	Key	71	DOWN	at	500357  
504516	[4159]	:	time Target is 504516
509832	[5316]	:	time Target is 509832
515158	[5326]	:	time Target is 515158
515557	[399]	:	Key	71	DOWN	at	515557  
520491	[4934]	:	time Target is 520491
525824	[5333]	:	time Target is 525824
531148	[5324]	:	time Target is 531148
536478	[5330]	:	time Target is 536478
537856	[1378]	:	Key	71	DOWN	at	537856  
541815	[3959]	:	time Target is 541815
542802	[987]	:	Key	71	DOWN	at	542802  
547154	[4352]	:	time Target is 547154
552471	[5317]	:	time Target is 552471
553605	[1134]	:	Key	71	DOWN	at	553604  
557808	[4203]	:	time Target is 557808
563130	[5322]	:	time Target is 563130
568449	[5319]	:	time Target is 568449
568849	[400]	:	Key	71	DOWN	at	568849  
573784	[4935]	:	time Target is 573784
574562	[778]	:	Key	71	DOWN	at	574562  
579175	[4613]	:	time Target is 579175
584492	[5317]	:	time Target is 584492
589810	[5318]	:	time Target is 589810
590147	[337]	:	Key	71	DOWN	at	590146  
595151	[5004]	:	time Target is 595151
596160	[1009]	:	Key	71	DOWN	at	596160  
600484	[4324]	:	time Target is 600484
605853	[5369]	:	time Target is 605853
606564	[711]	:	Key	71	DOWN	at	606563  
611187	[4623]	:	time Target is 611187
616511	[5324]	:	time Target is 616511
617699	[1188]	:	Key	71	DOWN	at	617698  
621851	[4152]	:	time Target is 621851
627168	[5317]	:	time Target is 627168
632552	[5384]	:	time Target is 632552
637869	[5317]	:	time Target is 637869
638661	[792]	:	Key	71	DOWN	at	638660  
643205	[4544]	:	time Target is 643205
648525	[5320]	:	time Target is 648525
649700	[1175]	:	Key	71	DOWN	at	649700  
653858	[4158]	:	time Target is 653858
659179	[5321]	:	time Target is 659179
660065	[886]	:	Key	71	DOWN	at	660064  
664517	[4452]	:	time Target is 664517
665777	[1260]	:	Key	71	DOWN	at	665776  
669851	[4074]	:	time Target is 669851
675175	[5324]	:	time Target is 675175
680534	[5359]	:	time Target is 680534
685853	[5319]	:	time Target is 685853
687014	[1161]	:	Key	71	DOWN	at	687013  
691191	[4177]	:	time Target is 691191
691887	[696]	:	Key	71	DOWN	at	691887  
696523	[4636]	:	time Target is 696523
701843	[5320]	:	time Target is 701843
707162	[5319]	:	time Target is 707162
712482	[5320]	:	time Target is 712482
717836	[5354]	:	time Target is 717836
723155	[5319]	:	time Target is 723155
724146	[991]	:	Key	71	DOWN	at	724145  
728494	[4348]	:	time Target is 728494
729283	[789]	:	Key	71	DOWN	at	729282  
733829	[4546]	:	time Target is 733829
739148	[5319]	:	time Target is 739148
739522	[374]	:	Key	71	DOWN	at	739522  
744486	[4964]	:	time Target is 744486
749807	[5321]	:	time Target is 749807
750274	[467]	:	Key	71	DOWN	at	750273  
755149	[4875]	:	time Target is 755149
760465	[5316]	:	time Target is 760465
761408	[943]	:	Key	71	DOWN	at	761408  
765800	[4392]	:	time Target is 765800
771121	[5321]	:	time Target is 771121
771732	[611]	:	Key	71	DOWN	at	771732  
776453	[4721]	:	time Target is 776453
781781	[5328]	:	time Target is 781781
782596	[815]	:	Key	71	DOWN	at	782595  
787120	[4524]	:	time Target is 787120
792439	[5319]	:	time Target is 792439
793249	[810]	:	Key	71	DOWN	at	793249  
797787	[4538]	:	time Target is 797787
803108	[5321]	:	time Target is 803108
808430	[5322]	:	time Target is 808430
809026	[596]	:	Key	71	DOWN	at	809025  
813763	[4737]	:	time Target is 813763
819084	[5321]	:	time Target is 819084
824408	[5324]	:	time Target is 824408
825142	[734]	:	Key	71	DOWN	at	825141  
829744	[4602]	:	time Target is 829744
830916	[1172]	:	Key	71	DOWN	at	830915  
835085	[4169]	:	time Target is 835085
835247	[162]	:	Key	71	DOWN	at	835247  
840425	[5178]	:	time Target is 840425
845751	[5326]	:	time Target is 845751
845988	[237]	:	Key	71	DOWN	at	845987  
851105	[5117]	:	time Target is 851105
852305	[1200]	:	Key	71	DOWN	at	852304  
856440	[4135]	:	time Target is 856440
861761	[5321]	:	time Target is 861761
862883	[1122]	:	Key	71	DOWN	at	862882  
867091	[4208]	:	time Target is 867091
872411	[5320]	:	time Target is 872411
877729	[5318]	:	time Target is 877729
883050	[5321]	:	time Target is 883050
883377	[327]	:	Key	71	DOWN	at	883376  
888389	[5012]	:	time Target is 888389
889535	[1146]	:	Key	71	DOWN	at	889535  
893718	[4183]	:	Key	71	DOWN	at	893715  
896535	[2817]	:	time Target is 896535
897843	[1308]	:	Key	71	DOWN	at	897842  
901870	[4027]	:	time Target is 901870
902212	[342]	:	Key	71	DOWN	at	902211  
907201	[4989]	:	time Target is 907201
907860	[659]	:	Key	71	DOWN	at	907859  
912537	[4677]	:	time Target is 912537
917854	[5317]	:	time Target is 917854
923175	[5321]	:	time Target is 923175
928552	[5377]	:	time Target is 928552
929540	[988]	:	Key	71	DOWN	at	929540  
932853	[3313]	:	Key	71	UP	at	929618  
994833	[61980]	:	Key	71	DOWN	at	994832  
995624	[791]	:	Key	71	UP	at	994929  
995896	[272]	:	time Target is 995896
996563	[667]	:	Key	71	DOWN	at	996562  
1001237	[4674]	:	time Target is 1001237
1001523	[286]	:	Key	71	DOWN	at	1001523 
1006579	[5056]	:	time Target is 1006579
1011902	[5323]	:	time Target is 1011902
1017238	[5336]	:	time Target is 1017238
1022561	[5323]	:	time Target is 1022561
1022850	[289]	:	Key	71	DOWN	at	1022850 
1027896	[5046]	:	time Target is 1027896
1028689	[793]	:	Key	71	DOWN	at	1028689 
1033231	[4542]	:	time Target is 1033231
1033604	[373]	:	Key	71	DOWN	at	1033603 
1038561	[4957]	:	time Target is 1038561
1038866	[305]	:	Key	71	DOWN	at	1038866 
1043900	[5034]	:	time Target is 1043900
1049219	[5319]	:	time Target is 1049219
1050272	[1053]	:	Key	71	DOWN	at	1050271 
1054557	[4285]	:	time Target is 1054557
1055249	[692]	:	Key	71	DOWN	at	1055249 
1059885	[4636]	:	time Target is 1059885
1065209	[5324]	:	time Target is 1065209
1065573	[364]	:	Key	71	DOWN	at	1065572 
1070543	[4970]	:	time Target is 1070543
1070865	[322]	:	Key	71	DOWN	at	1070865 
1075882	[5017]	:	time Target is 1075882
1076561	[679]	:	Key	71	DOWN	at	1076560 
1081217	[4656]	:	time Target is 1081217
1081759	[542]	:	Key	71	DOWN	at	1081759 
1086555	[4796]	:	time Target is 1086555
1086931	[376]	:	Key	71	DOWN	at	1086931 
1091890	[4959]	:	time Target is 1091890
1092337	[447]	:	Key	71	DOWN	at	1092336 
1097216	[4879]	:	time Target is 1097216
1102537	[5321]	:	time Target is 1102537
1107866	[5329]	:	time Target is 1107866
1108163	[297]	:	Key	71	DOWN	at	1108162 
1113204	[5041]	:	time Target is 1113204
1113603	[399]	:	Key	71	DOWN	at	1113603 
1118542	[4939]	:	time Target is 1118542
1119573	[1031]	:	Key	71	DOWN	at	1119572 
1123874	[4301]	:	time Target is 1123874
1124481	[607]	:	Key	71	DOWN	at	1124481 
1129206	[4725]	:	time Target is 1129206
1129666	[460]	:	Key	71	DOWN	at	1129665 
1134539	[4873]	:	time Target is 1134539
1135459	[920]	:	Key	71	DOWN	at	1135459 
1139870	[4411]	:	time Target is 1139870
1140224	[354]	:	Key	71	DOWN	at	1140224 
1145203	[4979]	:	time Target is 1145203
1146163	[960]	:	Key	71	DOWN	at	1146163 
1150543	[4380]	:	time Target is 1150543
1151571	[1028]	:	Key	71	DOWN	at	1151571 
1155882	[4311]	:	time Target is 1155882
1156834	[952]	:	Key	71	DOWN	at	1156834 
1161218	[4384]	:	time Target is 1161218
1166540	[5322]	:	time Target is 1166540
1171858	[5318]	:	time Target is 1171858
1177180	[5322]	:	time Target is 1177180
1177536	[356]	:	Key	71	DOWN	at	1177535 
1182517	[4981]	:	time Target is 1182517
1182801	[284]	:	Key	71	DOWN	at	1182801 
1187854	[5053]	:	time Target is 1187854
1188193	[339]	:	Key	71	DOWN	at	1188193 
1193190	[4997]	:	time Target is 1193190
1193780	[590]	:	Key	71	DOWN	at	1193779 
1198525	[4745]	:	time Target is 1198525
1199604	[1079]	:	Key	71	DOWN	at	1199604 
1203851	[4247]	:	time Target is 1203851
1204371	[520]	:	Key	71	DOWN	at	1204371 
1209189	[4818]	:	time Target is 1209189
1214508	[5319]	:	time Target is 1214508
1215217	[709]	:	Key	71	DOWN	at	1215217 
1219839	[4622]	:	time Target is 1219839
1220148	[309]	:	Key	71	DOWN	at	1220147 
1225175	[5027]	:	time Target is 1225175
1225760	[585]	:	Key	71	DOWN	at	1225759 
1230513	[4753]	:	time Target is 1230513
1231073	[560]	:	Key	71	DOWN	at	1231073 
1235848	[4775]	:	time Target is 1235848
1236164	[316]	:	Key	71	DOWN	at	1236163 
1241183	[5019]	:	time Target is 1241183
1241541	[358]	:	Key	71	DOWN	at	1241540 
1246515	[4974]	:	time Target is 1246515
1247089	[574]	:	Key	71	DOWN	at	1247088 
1251881	[4792]	:	time Target is 1251881
1252799	[918]	:	Key	71	DOWN	at	1252799 
1257216	[4417]	:	time Target is 1257216
1257620	[404]	:	Key	71	DOWN	at	1257618 
1262630	[5010]	:	time Target is 1262630
1262962	[332]	:	Key	71	DOWN	at	1262962 
1267970	[5008]	:	time Target is 1267970
1268400	[430]	:	Key	71	DOWN	at	1268400 
1273307	[4907]	:	time Target is 1273307
1278626	[5319]	:	time Target is 1278626
1279039	[413]	:	Key	71	DOWN	at	1279039 
1283960	[4921]	:	time Target is 1283960
1289282	[5322]	:	time Target is 1289282
1290131	[849]	:	Key	71	DOWN	at	1290131 
1294617	[4486]	:	time Target is 1294617
1295681	[1064]	:	Key	71	DOWN	at	1295681 
1299958	[4277]	:	time Target is 1299958
1305313	[5355]	:	time Target is 1305313
1310632	[5319]	:	time Target is 1310632
1311363	[731]	:	Key	71	DOWN	at	1311363 
1315970	[4607]	:	time Target is 1315970
1317200	[1230]	:	Key	71	DOWN	at	1317200 
1321304	[4104]	:	time Target is 1321304
1322771	[1467]	:	Key	71	DOWN	at	1322770 
1326641	[3870]	:	time Target is 1326641
1331963	[5322]	:	time Target is 1331963
1332436	[473]	:	Key	71	DOWN	at	1332435 
1337298	[4862]	:	time Target is 1337298
1338180	[882]	:	Key	71	DOWN	at	1338180 
1342631	[4451]	:	time Target is 1342631
1342912	[281]	:	Key	71	DOWN	at	1342911 
1347969	[5057]	:	time Target is 1347969
1348304	[335]	:	Key	71	DOWN	at	1348304 
1353302	[4998]	:	time Target is 1353302
1354401	[1099]	:	Key	71	DOWN	at	1354400 
1358646	[4245]	:	time Target is 1358646
1358913	[267]	:	Key	71	DOWN	at	1358913 
1363982	[5069]	:	time Target is 1363982
1365311	[1329]	:	Key	71	DOWN	at	1365311 
1369322	[4011]	:	time Target is 1369322
1369632	[310]	:	Key	71	DOWN	at	1369632 
1374656	[5024]	:	time Target is 1374656
1375315	[659]	:	Key	71	DOWN	at	1375314 
1379993	[4678]	:	time Target is 1379993
1385314	[5321]	:	time Target is 1385314
1386051	[737]	:	Key	71	DOWN	at	1386050 
1390642	[4591]	:	time Target is 1390642
1391731	[1089]	:	Key	71	DOWN	at	1391730 
1396031	[4300]	:	time Target is 1396031
1396917	[886]	:	Key	71	DOWN	at	1396916 
1401369	[4452]	:	time Target is 1401369
1401730	[361]	:	Key	71	DOWN	at	1401729 
1406701	[4971]	:	time Target is 1406701
1407013	[312]	:	Key	71	DOWN	at	1407012 
1412033	[5020]	:	time Target is 1412033
1412565	[532]	:	Key	71	DOWN	at	1412564 
1417378	[4813]	:	time Target is 1417378
1417618	[240]	:	Key	71	DOWN	at	1417617 
1422721	[5103]	:	time Target is 1422721
1423311	[590]	:	Key	71	DOWN	at	1423311 
1428052	[4741]	:	time Target is 1428052
1428755	[703]	:	Key	71	DOWN	at	1428754 
1433386	[4631]	:	time Target is 1433386
1433667	[281]	:	Key	71	DOWN	at	1433666 
1438723	[5056]	:	time Target is 1438723
1444045	[5322]	:	time Target is 1444045
1449369	[5324]	:	time Target is 1449369
1449682	[313]	:	Key	71	DOWN	at	1449681 
1454705	[5023]	:	time Target is 1454705
1455348	[643]	:	Key	71	DOWN	at	1455348 
1460037	[4689]	:	time Target is 1460037
1465359	[5322]	:	time Target is 1465359
1470684	[5325]	:	time Target is 1470684
1470959	[275]	:	Key	71	DOWN	at	1470959 
1474990	[4031]	:	Key	71	UP	at	1471122 
1551297	[76307]	:	Key	71	DOWN	at	1551296 
1551390	[93]	:	Key	71	UP	at	1551390 
1555379	[3989]	:	Key	71	DOWN	at	1555378 
1556160	[781]	:	Key	71	UP	at	1555475 
1556426	[266]	:	time Target is 1556426
1556848	[422]	:	Key	71	DOWN	at	1556848 
1561765	[4917]	:	time Target is 1561765
1561778	[13]	:	Key	71	DOWN	at	1561777 
1567093	[5315]	:	time Target is 1567093
1568163	[1070]	:	Key	71	DOWN	at	1568163 
1572479	[4316]	:	time Target is 1572479
1573043	[564]	:	Key	71	DOWN	at	1573042 
1577815	[4772]	:	time Target is 1577815
1578129	[314]	:	Key	71	DOWN	at	1578129 
1583153	[5024]	:	time Target is 1583153
1584018	[865]	:	Key	71	DOWN	at	1584018 
1588482	[4464]	:	time Target is 1588482
1589137	[655]	:	Key	71	DOWN	at	1589137 
1593824	[4687]	:	time Target is 1593824
1599144	[5320]	:	time Target is 1599144
1600224	[1080]	:	Key	71	DOWN	at	1600224 
1604486	[4262]	:	time Target is 1604486
1609804	[5318]	:	time Target is 1609804
1610432	[628]	:	Key	71	DOWN	at	1610432 
1615141	[4709]	:	time Target is 1615141
1620464	[5323]	:	time Target is 1620464
1621135	[671]	:	Key	71	DOWN	at	1621135 
1625797	[4662]	:	time Target is 1625797
1626671	[874]	:	Key	71	DOWN	at	1626671 
1631139	[4468]	:	time Target is 1631139
1631716	[577]	:	Key	71	DOWN	at	1631715 
1636482	[4766]	:	time Target is 1636482
1637683	[1201]	:	Key	71	DOWN	at	1637683 
1641818	[4135]	:	time Target is 1641818
1643059	[1241]	:	Key	71	DOWN	at	1643058 
1647214	[4155]	:	time Target is 1647214
1647987	[773]	:	Key	71	DOWN	at	1647986 
1652548	[4561]	:	time Target is 1652548
1657861	[5313]	:	time Target is 1657861
1663237	[5376]	:	time Target is 1663237
1664260	[1023]	:	Key	71	DOWN	at	1664259 
1668579	[4319]	:	time Target is 1668579
1669410	[831]	:	Key	71	DOWN	at	1669409 
1673921	[4511]	:	time Target is 1673921
1679246	[5325]	:	time Target is 1679246
1679746	[500]	:	Key	71	DOWN	at	1679746 
1684582	[4836]	:	time Target is 1684582
1685427	[845]	:	Key	71	DOWN	at	1685427 
1689916	[4489]	:	time Target is 1689916
1695237	[5321]	:	time Target is 1695237
1695620	[383]	:	Key	71	DOWN	at	1695618 
1700578	[4958]	:	time Target is 1700578
1701362	[784]	:	Key	71	DOWN	at	1701361 
1705917	[4555]	:	time Target is 1705917
1706193	[276]	:	Key	71	DOWN	at	1706193 
1711248	[5055]	:	time Target is 1711248
1716569	[5321]	:	time Target is 1716569
1717375	[806]	:	Key	71	DOWN	at	1717375 
1721906	[4531]	:	time Target is 1721906
1727229	[5323]	:	time Target is 1727229
1727987	[758]	:	Key	71	DOWN	at	1727987 
1732567	[4580]	:	time Target is 1732567
1737885	[5318]	:	time Target is 1737885
1738418	[533]	:	Key	71	DOWN	at	1738417 
1743224	[4806]	:	time Target is 1743224
1744083	[859]	:	Key	71	DOWN	at	1744083 
1748555	[4472]	:	time Target is 1748555
1749232	[677]	:	Key	71	DOWN	at	1749231 
1753885	[4653]	:	time Target is 1753885
1754097	[212]	:	Key	71	DOWN	at	1754097 
1759217	[5120]	:	time Target is 1759217
1760016	[799]	:	Key	71	DOWN	at	1760016 
1764557	[4541]	:	time Target is 1764557
1769879	[5322]	:	time Target is 1769879
1770772	[893]	:	Key	71	DOWN	at	1770772 
1775216	[4444]	:	time Target is 1775216
1780541	[5325]	:	time Target is 1780541
1781217	[676]	:	Key	71	DOWN	at	1781217 
1785870	[4653]	:	time Target is 1785870
1786721	[851]	:	Key	71	DOWN	at	1786721 
1791205	[4484]	:	time Target is 1791205
1796527	[5322]	:	time Target is 1796527
1797349	[822]	:	Key	71	DOWN	at	1797348 
1801863	[4514]	:	time Target is 1801863
1807231	[5368]	:	time Target is 1807231
1807587	[356]	:	Key	71	DOWN	at	1807587 
1812565	[4978]	:	time Target is 1812565
1813458	[893]	:	Key	71	DOWN	at	1813458 
1817902	[4444]	:	time Target is 1817902
1823225	[5323]	:	time Target is 1823225
1824225	[1000]	:	Key	71	DOWN	at	1824225 
1828553	[4328]	:	time Target is 1828553
1829524	[971]	:	Key	71	DOWN	at	1829524 
1833886	[4362]	:	time Target is 1833886
1839207	[5321]	:	time Target is 1839207
1844525	[5318]	:	time Target is 1844525
1845364	[839]	:	Key	71	DOWN	at	1845363 
1849897	[4533]	:	time Target is 1849897
1850625	[728]	:	Key	71	DOWN	at	1850625 
1855241	[4616]	:	time Target is 1855241
1856129	[888]	:	Key	71	DOWN	at	1856129 
1860576	[4447]	:	time Target is 1860576
1865902	[5326]	:	time Target is 1865902
1866304	[402]	:	Key	71	DOWN	at	1866303 
1871244	[4940]	:	time Target is 1871244
1876566	[5322]	:	time Target is 1876566
1877472	[906]	:	Key	71	DOWN	at	1877472 
1881904	[4432]	:	time Target is 1881904
1882788	[884]	:	Key	71	DOWN	at	1882787 
1887241	[4453]	:	time Target is 1887241
1887395	[154]	:	Key	71	DOWN	at	1887395 
1892578	[5183]	:	time Target is 1892578
1893456	[878]	:	Key	71	DOWN	at	1893456 
1897914	[4458]	:	time Target is 1897914
1903254	[5340]	:	time Target is 1903254
1904273	[1019]	:	Key	71	DOWN	at	1904272 
1908590	[4317]	:	time Target is 1908590
1913911	[5321]	:	time Target is 1913911
1914544	[633]	:	Key	71	DOWN	at	1914544 
1919252	[4708]	:	time Target is 1919252
1920224	[972]	:	Key	71	DOWN	at	1920224 
1924584	[4360]	:	time Target is 1924584
1929906	[5322]	:	time Target is 1929906
1930144	[238]	:	Key	71	DOWN	at	1930143 
1935243	[5099]	:	time Target is 1935243
1936032	[789]	:	Key	71	DOWN	at	1936032 
1940582	[4550]	:	time Target is 1940582
1945906	[5324]	:	time Target is 1945906
1951224	[5318]	:	time Target is 1951224
1952195	[971]	:	Key	71	DOWN	at	1952195 
1956567	[4372]	:	time Target is 1956567
1956996	[429]	:	Key	71	DOWN	at	1956995 
1961906	[4910]	:	time Target is 1961906
1962899	[993]	:	Key	71	DOWN	at	1962899 
1967237	[4338]	:	time Target is 1967237
1968178	[941]	:	Key	71	DOWN	at	1968178 
1972578	[4400]	:	time Target is 1972578
1972916	[338]	:	Key	71	DOWN	at	1972915 
1977919	[5003]	:	time Target is 1977919
1983239	[5320]	:	time Target is 1983239
1984099	[860]	:	Key	71	DOWN	at	1984099 
1988581	[4482]	:	time Target is 1988581
1989428	[847]	:	Key	71	DOWN	at	1989427 
1993920	[4492]	:	time Target is 1993920
1999243	[5323]	:	time Target is 1999243
1999519	[276]	:	Key	71	DOWN	at	1999518 
2004580	[5061]	:	time Target is 2004580
2009907	[5327]	:	time Target is 2009907
2010593	[686]	:	Key	71	DOWN	at	2010593 
2015239	[4646]	:	time Target is 2015239
2015536	[297]	:	Key	71	DOWN	at	2015535 
2020581	[5045]	:	time Target is 2020581
2020927	[346]	:	Key	71	DOWN	at	2020927 
2025920	[4993]	:	time Target is 2025920
2026372	[452]	:	Key	71	DOWN	at	2026371 
2031264	[4892]	:	time Target is 2031264
2084530	[53266]	:	Key	71	DOWN	at	2084530 
2085319	[789]	:	Key	71	UP	at	2084659 
2085587	[268]	:	time Target is 2085587
2085904	[317]	:	Key	71	DOWN	at	2085904 
2090936	[5032]	:	time Target is 2090936
2091391	[455]	:	Key	71	DOWN	at	2091391 
2096271	[4880]	:	time Target is 2096271
2096543	[272]	:	Key	71	DOWN	at	2096542 
2101610	[5067]	:	time Target is 2101610
2101839	[229]	:	Key	71	DOWN	at	2101838 
2106949	[5110]	:	time Target is 2106949
2112276	[5327]	:	time Target is 2112276
2112498	[222]	:	Key	71	DOWN	at	2112498 
2117615	[5117]	:	time Target is 2117615
2122936	[5321]	:	time Target is 2122936
2124324	[1388]	:	Key	71	DOWN	at	2124323 
2128271	[3947]	:	time Target is 2128271
2129265	[994]	:	Key	71	DOWN	at	2129265 
2133610	[4345]	:	time Target is 2133610
2134577	[967]	:	Key	71	DOWN	at	2134577 
2138944	[4367]	:	time Target is 2138944
2139652	[708]	:	Key	71	DOWN	at	2139651 
2144281	[4629]	:	time Target is 2144281
2145171	[890]	:	Key	71	DOWN	at	2145170 
2149623	[4452]	:	time Target is 2149623
2150483	[860]	:	Key	71	DOWN	at	2150483 
2155004	[4521]	:	time Target is 2155004
2155506	[502]	:	Key	71	DOWN	at	2155506 
2160343	[4837]	:	time Target is 2160343
2165670	[5327]	:	time Target is 2165670
2166146	[476]	:	Key	71	DOWN	at	2166146 
2171012	[4866]	:	time Target is 2171012
2171619	[607]	:	Key	71	DOWN	at	2171619 
2176349	[4730]	:	time Target is 2176349
2176879	[530]	:	Key	71	DOWN	at	2176879 
2181721	[4842]	:	time Target is 2181721
2182116	[395]	:	Key	71	DOWN	at	2182115 
2187059	[4943]	:	time Target is 2187059
2192380	[5321]	:	time Target is 2192380
2193426	[1046]	:	Key	71	DOWN	at	2193425 
2197725	[4299]	:	time Target is 2197725
2203044	[5319]	:	time Target is 2203044
2203600	[556]	:	Key	71	DOWN	at	2203600 
2208380	[4780]	:	time Target is 2208380
2208690	[310]	:	Key	71	DOWN	at	2208689 
2213720	[5030]	:	time Target is 2213720
2214051	[331]	:	Key	71	DOWN	at	2214050 
2219059	[5008]	:	time Target is 2219059
2219376	[317]	:	Key	71	DOWN	at	2219375 
2224396	[5020]	:	time Target is 2224396
2229714	[5318]	:	time Target is 2229714
2230048	[334]	:	Key	71	DOWN	at	2230047 
2235053	[5005]	:	time Target is 2235053
2235458	[405]	:	Key	71	DOWN	at	2235458 
2240388	[4930]	:	time Target is 2240388
2241329	[941]	:	Key	71	DOWN	at	2241328 
2245727	[4398]	:	time Target is 2245727
2246032	[305]	:	Key	71	DOWN	at	2246032 
2251062	[5030]	:	time Target is 2251062
2251426	[364]	:	Key	71	DOWN	at	2251425 
2256400	[4974]	:	time Target is 2256400
2256721	[321]	:	Key	71	DOWN	at	2256721 
2261736	[5015]	:	time Target is 2261736
2262066	[330]	:	Key	71	DOWN	at	2262066 
2267078	[5012]	:	time Target is 2267078
2272409	[5331]	:	time Target is 2272409
2273248	[839]	:	Key	71	DOWN	at	2273247 
2277747	[4499]	:	time Target is 2277747
2278048	[301]	:	Key	71	DOWN	at	2278048 
2283086	[5038]	:	time Target is 2283086
2288409	[5323]	:	time Target is 2288409
2288703	[294]	:	Key	71	DOWN	at	2288703 
2293752	[5049]	:	time Target is 2293752
2294063	[311]	:	Key	71	DOWN	at	2294062 
2299079	[5016]	:	time Target is 2299079
2299440	[361]	:	Key	71	DOWN	at	2299439 
2304416	[4976]	:	time Target is 2304416
2304752	[336]	:	Key	71	DOWN	at	2304752 
2309752	[5000]	:	time Target is 2309752
2315113	[5361]	:	time Target is 2315113
2315504	[391]	:	Key	71	DOWN	at	2315503 
2320449	[4945]	:	time Target is 2320449
2320641	[192]	:	Key	71	DOWN	at	2320640 
2325780	[5139]	:	time Target is 2325780
2326050	[270]	:	Key	71	DOWN	at	2326050 
2331114	[5064]	:	time Target is 2331114
2331348	[234]	:	Key	71	DOWN	at	2331347 
2336454	[5106]	:	time Target is 2336454
2336705	[251]	:	Key	71	DOWN	at	2336704 
2341794	[5089]	:	time Target is 2341794
2347117	[5323]	:	time Target is 2347117
2347487	[370]	:	Key	71	DOWN	at	2347485 
2352453	[4966]	:	time Target is 2352453
2357785	[5332]	:	time Target is 2357785
2363114	[5329]	:	time Target is 2363114
2363554	[440]	:	Key	71	DOWN	at	2363553 
2368450	[4896]	:	time Target is 2368450
2373769	[5319]	:	time Target is 2373769
2374563	[794]	:	Key	71	DOWN	at	2374563 
2379106	[4543]	:	time Target is 2379106
2384425	[5319]	:	time Target is 2384425
2385201	[776]	:	Key	71	DOWN	at	2385200 
2389762	[4561]	:	time Target is 2389762
2390687	[925]	:	Key	71	DOWN	at	2390687 
2395096	[4409]	:	time Target is 2395096
2400417	[5321]	:	time Target is 2400417
2401298	[881]	:	Key	71	DOWN	at	2401297 
2405754	[4456]	:	time Target is 2405754
2406063	[309]	:	Key	71	DOWN	at	2406061 
2411093	[5030]	:	time Target is 2411093
2416417	[5324]	:	time Target is 2416417
2416692	[275]	:	Key	71	DOWN	at	2416690 
2421759	[5067]	:	time Target is 2421759
2427078	[5319]	:	time Target is 2427078
2427267	[189]	:	Key	71	DOWN	at	2427266 
2432412	[5145]	:	time Target is 2432412
2432929	[517]	:	Key	71	DOWN	at	2432929 
2437751	[4822]	:	time Target is 2437751
2443070	[5319]	:	time Target is 2443070
2448396	[5326]	:	time Target is 2448396
2448752	[356]	:	Key	71	DOWN	at	2448752 
2453733	[4981]	:	time Target is 2453733
2454449	[716]	:	Key	71	DOWN	at	2454448 
2459071	[4622]	:	time Target is 2459071
2459362	[291]	:	Key	71	DOWN	at	2459362 
2464400	[5038]	:	time Target is 2464400
2469722	[5322]	:	time Target is 2469722
2470142	[420]	:	Key	71	DOWN	at	2470142 
2475063	[4921]	:	time Target is 2475063
2475711	[648]	:	Key	71	DOWN	at	2475711 
2480404	[4693]	:	time Target is 2480404
2480642	[238]	:	Key	71	DOWN	at	2480642 
2485749	[5107]	:	time Target is 2485749
2491073	[5324]	:	time Target is 2491073
2496395	[5322]	:	time Target is 2496395
2501717	[5322]	:	time Target is 2501717
2502095	[378]	:	Key	71	DOWN	at	2502094 
2507052	[4957]	:	time Target is 2507052
2507171	[119]	:	Key	71	DOWN	at	2507170 
2512388	[5217]	:	time Target is 2512388
2513137	[749]	:	Key	71	DOWN	at	2513136 
2517733	[4596]	:	time Target is 2517733
2518418	[685]	:	Key	71	DOWN	at	2518418 
2523069	[4651]	:	time Target is 2523069
2528393	[5324]	:	time Target is 2528393
2533720	[5327]	:	time Target is 2533720
2534034	[314]	:	Key	71	DOWN	at	2534034 
2539058	[5024]	:	time Target is 2539058
2539440	[382]	:	Key	71	DOWN	at	2539440 
2544390	[4950]	:	time Target is 2544390
2545055	[665]	:	Key	71	DOWN	at	2545054 
2549736	[4681]	:	time Target is 2549736
2554792	[5056]	:	Key	71	DOWN	at	2554643 
2557613	[2821]	:	time Target is 2557613
2558608	[995]	:	Key	71	DOWN	at	2558608 
2561913	[3305]	:	Key	71	UP	at	2558721 
2584737	[22824]	:	Key	71	DOWN	at	2584737 
2584802	[65]	:	Key	71	UP	at	2584802 
2600545	[15743]	:	Key	28	DOWN	at	2600545 
2600673	[128]	:	Key	28	UP	at	2600673 
2603937	[3264]	:	Key	28	DOWN	at	2603937 
2604018	[81]	:	Key	28	UP	at	2604018 
2608209	[4191]	:	Key	28	DOWN	at	2608209 
2608292	[83]	:	Key	28	UP	at	2608291 
2610527	[2235]	:	Key	28	DOWN	at	2610526 
2610608	[81]	:	Key	28	UP	at	2610608 
2615475	[4867]	:	Key	29	DOWN	at	2615474 
2615566	[91]	:	Key	29	UP	at	2615566 
2617711	[2145]	:	Key	29	DOWN	at	2617711 
2617795	[84]	:	Key	29	UP	at	2617794 
2631281	[13486]	:	Key	28	DOWN	at	2631281 
2631394	[113]	:	Key	28	UP	at	2631393 
2635649	[4255]	:	Key	28	DOWN	at	2635649 
2635726	[77]	:	Key	28	UP	at	2635726 
2643984	[8258]	:	Key	29	DOWN	at	2643984 
2644095	[111]	:	Key	29	UP	at	2644095 
2645247	[1152]	:	Key	29	DOWN	at	2645247 
2645342	[95]	:	Key	29	UP	at	2645341 
2673858	[28516]	:	Key	28	DOWN	at	2673858 
2674016	[158]	:	Key	28	UP	at	2674016 
2675105	[1089]	:	Key	28	DOWN	at	2675105 
2675234	[129]	:	Key	28	UP	at	2675234 
2682718	[7484]	:	Key	29	DOWN	at	2682718 
2682864	[146]	:	Key	29	UP	at	2682862 
2684352	[1488]	:	Key	29	DOWN	at	2684352 
2684445	[93]	:	Key	29	UP	at	2684445 
2688082	[3637]	:	Key	28	DOWN	at	2688082 
2688145	[63]	:	Key	28	UP	at	2688144 
2689327	[1182]	:	Key	28	DOWN	at	2689327 
2689385	[58]	:	COGENT STOP
