Cog2000 log file Wed Aug 21 18:58:33 2019
gprim v1.33 Compiled:Aug 12 2015 (GLib DirectDraw v7 DX12.0 Compiled:Aug 12 2015)
Display:1024x768x32 59.92Hz
CogInput v1.05 Compiled: May 20 2010
0	[0]	:	COGENT START
10391	[10391]	:	Key	71	DOWN	at	10391   
10467	[76]	:	Key	71	UP	at	10466   
29477	[19010]	:	Key	71	DOWN	at	29477   
29542	[65]	:	Key	71	UP	at	29542   
33350	[3808]	:	Key	71	DOWN	at	33350   
33462	[112]	:	Key	71	UP	at	33461   
44067	[10605]	:	Key	71	DOWN	at	44067   
44115	[48]	:	Key	71	UP	at	44114   
59652	[15537]	:	Key	71	DOWN	at	59652   
59748	[96]	:	Key	71	UP	at	59747   
79669	[19921]	:	Key	71	DOWN	at	79669   
80522	[853]	:	time Target is 80522
81427	[905]	:	Key	71	DOWN	at	81427   
86611	[5184]	:	time Target is 86611
86614	[3]	:	Key	71	DOWN	at	86613   
92697	[6083]	:	time Target is 92697
93634	[937]	:	Key	71	DOWN	at	93634   
98783	[5149]	:	time Target is 98783
99444	[661]	:	Key	71	DOWN	at	99443   
111428	[11984]	:	Key	71	DOWN	at	111428  
112488	[1060]	:	time Target is 112488
118812	[6324]	:	time Target is 118811
125131	[6319]	:	time Target is 125131
131447	[6316]	:	time Target is 131447
150551	[19104]	:	Key	71	DOWN	at	150550  
150663	[112]	:	Key	71	UP	at	150662  
154882	[4219]	:	Key	71	DOWN	at	154882  
154964	[82]	:	Key	71	UP	at	154964  
159493	[4529]	:	Key	71	DOWN	at	159493  
159559	[66]	:	Key	71	UP	at	159558  
167941	[8382]	:	Key	71	DOWN	at	167940  
168023	[82]	:	Key	71	UP	at	168023  
173223	[5200]	:	Key	71	DOWN	at	173223  
174024	[801]	:	Key	71	UP	at	173347  
174045	[21]	:	time Target is 174045
174659	[614]	:	Key	71	DOWN	at	174659  
179131	[4472]	:	time Target is 179131
184210	[5079]	:	time Target is 184210
184805	[595]	:	Key	71	DOWN	at	184805  
189303	[4498]	:	time Target is 189303
189970	[667]	:	Key	71	DOWN	at	189970  
193611	[3641]	:	Key	71	UP	at	190231  
201073	[7462]	:	Key	71	DOWN	at	201073  
201186	[113]	:	Key	71	UP	at	201186  
209235	[8049]	:	Key	71	DOWN	at	209234  
210026	[791]	:	Key	71	UP	at	209315  
210051	[25]	:	time Target is 210051
210646	[595]	:	Key	71	DOWN	at	210646  
215141	[4495]	:	time Target is 215141
220209	[5068]	:	time Target is 220209
225280	[5071]	:	time Target is 225280
237269	[11989]	:	Key	71	DOWN	at	237269  
237347	[78]	:	Key	71	UP	at	237347  
241446	[4099]	:	Key	71	DOWN	at	241446  
242236	[790]	:	Key	71	UP	at	241650  
242259	[23]	:	time Target is 242259
242631	[372]	:	Key	71	DOWN	at	242631  
247347	[4716]	:	time Target is 247347
252399	[5052]	:	Key	71	DOWN	at	252356  
254958	[2559]	:	time Target is 254958
255383	[425]	:	Key	71	DOWN	at	255382  
259265	[3882]	:	Key	71	UP	at	255682  
266788	[7523]	:	Key	71	DOWN	at	266788  
266869	[81]	:	Key	71	UP	at	266869  
274664	[7795]	:	Key	71	DOWN	at	274663  
275456	[792]	:	Key	71	UP	at	274834  
275470	[14]	:	time Target is 275470
280541	[5071]	:	time Target is 280541
281316	[775]	:	Key	71	DOWN	at	281315  
285628	[4312]	:	time Target is 285628
290701	[5073]	:	time Target is 290701
303332	[12631]	:	Key	71	DOWN	at	303332  
303444	[112]	:	Key	71	UP	at	303444  
318485	[15041]	:	Key	71	DOWN	at	318484  
318615	[130]	:	Key	71	UP	at	318615  
332931	[14316]	:	Key	71	DOWN	at	332931  
333032	[101]	:	Key	71	UP	at	333031  
344756	[11724]	:	Key	71	DOWN	at	344756  
344851	[95]	:	Key	71	UP	at	344850  
372468	[27617]	:	Key	71	DOWN	at	372468  
375024	[2556]	:	time Target is 375024
375428	[404]	:	Key	71	DOWN	at	375428  
380362	[4934]	:	time Target is 380362
380774	[412]	:	Key	71	DOWN	at	380774  
385704	[4930]	:	time Target is 385703
386086	[382]	:	Key	71	DOWN	at	386086  
391040	[4954]	:	time Target is 391040
391463	[423]	:	Key	71	DOWN	at	391463  
396375	[4912]	:	time Target is 396375
396899	[524]	:	Key	71	DOWN	at	396898  
401708	[4809]	:	time Target is 401708
407028	[5320]	:	time Target is 407028
412343	[5315]	:	time Target is 412343
417665	[5322]	:	time Target is 417665
422986	[5321]	:	time Target is 422986
423527	[541]	:	Key	71	DOWN	at	423526  
428322	[4795]	:	time Target is 428322
428739	[417]	:	Key	71	DOWN	at	428739  
433661	[4922]	:	time Target is 433661
434307	[646]	:	Key	71	DOWN	at	434306  
438999	[4692]	:	time Target is 438999
444321	[5322]	:	time Target is 444321
445158	[837]	:	Key	71	DOWN	at	445158  
449656	[4498]	:	time Target is 449656
454975	[5319]	:	time Target is 454975
455350	[375]	:	Key	71	DOWN	at	455350  
460313	[4963]	:	time Target is 460313
460643	[330]	:	Key	71	DOWN	at	460642  
465639	[4996]	:	time Target is 465639
466022	[383]	:	Key	71	DOWN	at	466022  
470973	[4951]	:	time Target is 470973
471256	[283]	:	Key	71	DOWN	at	471255  
476311	[5055]	:	time Target is 476311
476611	[300]	:	Key	71	DOWN	at	476611  
481649	[5038]	:	time Target is 481649
486971	[5322]	:	time Target is 486971
487348	[377]	:	Key	71	DOWN	at	487347  
492327	[4979]	:	time Target is 492327
497649	[5322]	:	time Target is 497649
498484	[835]	:	Key	71	DOWN	at	498483  
502984	[4500]	:	time Target is 502984
503780	[796]	:	Key	71	DOWN	at	503779  
508322	[4542]	:	time Target is 508322
513647	[5325]	:	time Target is 513647
514370	[723]	:	Key	71	DOWN	at	514370  
518980	[4610]	:	time Target is 518980
519265	[285]	:	Key	71	DOWN	at	519265  
524315	[5050]	:	time Target is 524315
529635	[5320]	:	time Target is 529635
534957	[5322]	:	time Target is 534957
535286	[329]	:	Key	71	DOWN	at	535286  
540294	[5008]	:	time Target is 540294
541062	[768]	:	Key	71	DOWN	at	541061  
545631	[4569]	:	time Target is 545631
545955	[324]	:	Key	71	DOWN	at	545955  
550965	[5010]	:	time Target is 550965
556284	[5319]	:	time Target is 556284
556583	[299]	:	Key	71	DOWN	at	556582  
561622	[5039]	:	time Target is 561622
562294	[672]	:	Key	71	DOWN	at	562293  
566960	[4666]	:	time Target is 566960
568002	[1042]	:	Key	71	DOWN	at	568002  
572324	[4322]	:	time Target is 572324
572615	[291]	:	Key	71	DOWN	at	572614  
577660	[5045]	:	time Target is 577660
577957	[297]	:	Key	71	DOWN	at	577957  
583001	[5044]	:	time Target is 583001
588350	[5349]	:	time Target is 588350
588646	[296]	:	Key	71	DOWN	at	588646  
593686	[5040]	:	time Target is 593686
594003	[317]	:	Key	71	DOWN	at	594003  
599028	[5025]	:	time Target is 599028
599334	[306]	:	Key	71	DOWN	at	599334  
604371	[5037]	:	time Target is 604371
609692	[5321]	:	time Target is 609692
611026	[1334]	:	Key	71	DOWN	at	611026  
615029	[4003]	:	time Target is 615029
615415	[386]	:	Key	71	DOWN	at	615414  
620366	[4951]	:	time Target is 620366
620820	[454]	:	Key	71	DOWN	at	620819  
625703	[4883]	:	time Target is 625703
631019	[5316]	:	time Target is 631019
631336	[317]	:	Key	71	DOWN	at	631335  
636357	[5021]	:	time Target is 636357
637044	[687]	:	Key	71	DOWN	at	637044  
641691	[4647]	:	time Target is 641691
642182	[491]	:	Key	71	DOWN	at	642181  
647029	[4847]	:	time Target is 647029
647526	[497]	:	Key	71	DOWN	at	647526  
652369	[4843]	:	time Target is 652369
652917	[548]	:	Key	71	DOWN	at	652917  
657705	[4788]	:	time Target is 657705
658934	[1229]	:	Key	71	DOWN	at	658934  
663033	[4099]	:	time Target is 663033
663635	[602]	:	Key	71	DOWN	at	663635  
668370	[4735]	:	time Target is 668370
668759	[389]	:	Key	71	DOWN	at	668758  
673709	[4950]	:	time Target is 673709
674119	[410]	:	Key	71	DOWN	at	674119  
679038	[4919]	:	time Target is 679038
679894	[856]	:	Key	71	DOWN	at	679893  
684373	[4479]	:	time Target is 684373
684759	[386]	:	Key	71	DOWN	at	684759  
689707	[4948]	:	time Target is 689707
689942	[235]	:	Key	71	DOWN	at	689942  
695042	[5100]	:	time Target is 695042
700360	[5318]	:	time Target is 700360
705684	[5324]	:	time Target is 705684
711004	[5320]	:	time Target is 711004
711555	[551]	:	Key	71	DOWN	at	711555  
716344	[4789]	:	time Target is 716344
721663	[5319]	:	time Target is 721663
726982	[5319]	:	time Target is 726982
727266	[284]	:	Key	71	DOWN	at	727266  
732320	[5054]	:	time Target is 732320
732598	[278]	:	Key	71	DOWN	at	732597  
737655	[5057]	:	time Target is 737655
742974	[5319]	:	time Target is 742974
743333	[359]	:	Key	71	DOWN	at	743332  
748346	[5013]	:	time Target is 748346
748551	[205]	:	Key	71	DOWN	at	748551  
753676	[5125]	:	time Target is 753676
753985	[309]	:	Key	71	DOWN	at	753985  
759012	[5027]	:	time Target is 759012
764332	[5320]	:	time Target is 764332
764596	[264]	:	Key	71	DOWN	at	764595  
769669	[5073]	:	time Target is 769669
770102	[433]	:	Key	71	DOWN	at	770101  
775007	[4905]	:	time Target is 775007
775442	[435]	:	Key	71	DOWN	at	775442  
780345	[4903]	:	time Target is 780345
780644	[299]	:	Key	71	DOWN	at	780644  
785687	[5043]	:	time Target is 785687
791009	[5322]	:	time Target is 791009
791412	[403]	:	Key	71	DOWN	at	791412  
796345	[4933]	:	time Target is 796345
801679	[5334]	:	time Target is 801679
802498	[819]	:	Key	71	DOWN	at	802498  
807019	[4521]	:	time Target is 807019
807601	[582]	:	Key	71	DOWN	at	807601  
812369	[4768]	:	time Target is 812369
817689	[5320]	:	time Target is 817689
823014	[5325]	:	time Target is 823014
823329	[315]	:	Key	71	DOWN	at	823329  
828352	[5023]	:	time Target is 828352
828919	[567]	:	Key	71	DOWN	at	828919  
833692	[4773]	:	time Target is 833692
839009	[5317]	:	time Target is 839009
839875	[866]	:	Key	71	DOWN	at	839874  
844345	[4470]	:	time Target is 844345
844645	[300]	:	Key	71	DOWN	at	844645  
849686	[5041]	:	time Target is 849686
849989	[303]	:	Key	71	DOWN	at	849989  
853985	[3996]	:	Key	71	UP	at	850165  
855734	[1749]	:	Key	71	DOWN	at	855733  
856524	[790]	:	Key	71	UP	at	855876  
856793	[269]	:	time Target is 856793
857555	[762]	:	Key	71	DOWN	at	857555  
862123	[4568]	:	time Target is 862123
862773	[650]	:	Key	71	DOWN	at	862773  
867460	[4687]	:	time Target is 867460
872781	[5321]	:	time Target is 872781
878102	[5321]	:	time Target is 878102
883442	[5340]	:	time Target is 883442
883766	[324]	:	Key	71	DOWN	at	883766  
888812	[5046]	:	time Target is 888812
889058	[246]	:	Key	71	DOWN	at	889058  
894150	[5092]	:	time Target is 894150
894470	[320]	:	Key	71	DOWN	at	894470  
899482	[5012]	:	time Target is 899482
899878	[396]	:	Key	71	DOWN	at	899877  
904828	[4950]	:	time Target is 904828
910147	[5319]	:	time Target is 910147
911364	[1217]	:	Key	71	DOWN	at	911364  
915521	[4157]	:	time Target is 915521
915813	[292]	:	Key	71	DOWN	at	915812  
920599	[4786]	:	Key	71	DOWN	at	920486  
923414	[2815]	:	time Target is 923414
923858	[444]	:	Key	71	DOWN	at	923858  
928749	[4891]	:	time Target is 928749
934068	[5319]	:	time Target is 934068
939391	[5323]	:	time Target is 939391
939702	[311]	:	Key	71	DOWN	at	939701  
944733	[5031]	:	time Target is 944733
945078	[345]	:	Key	71	DOWN	at	945077  
950073	[4995]	:	time Target is 950073
955397	[5324]	:	time Target is 955397
955687	[290]	:	Key	71	DOWN	at	955686  
960738	[5051]	:	time Target is 960738
966060	[5322]	:	time Target is 966060
971380	[5320]	:	time Target is 971380
971717	[337]	:	Key	71	DOWN	at	971716  
976718	[5001]	:	time Target is 976718
982036	[5318]	:	time Target is 982036
982326	[290]	:	Key	71	DOWN	at	982325  
987372	[5046]	:	time Target is 987371
987686	[314]	:	Key	71	DOWN	at	987686  
992705	[5019]	:	time Target is 992705
998030	[5325]	:	time Target is 998030
1003349	[5319]	:	time Target is 1003349
1008668	[5319]	:	time Target is 1008668
1013988	[5320]	:	time Target is 1013988
1019310	[5322]	:	time Target is 1019310
1019683	[373]	:	Key	71	DOWN	at	1019683 
1024638	[4955]	:	time Target is 1024638
1025190	[552]	:	Key	71	DOWN	at	1025190 
1029973	[4783]	:	time Target is 1029973
1035296	[5323]	:	time Target is 1035296
1040623	[5327]	:	time Target is 1040623
1045955	[5332]	:	time Target is 1045955
1051279	[5324]	:	time Target is 1051279
1056600	[5321]	:	time Target is 1056600
1061918	[5318]	:	time Target is 1061918
1062374	[456]	:	Key	71	DOWN	at	1062374 
1067254	[4880]	:	time Target is 1067254
1067700	[446]	:	Key	71	DOWN	at	1067700 
1072593	[4893]	:	time Target is 1072593
1077909	[5316]	:	time Target is 1077909
1083234	[5325]	:	time Target is 1083234
1083491	[257]	:	Key	71	DOWN	at	1083490 
1088574	[5083]	:	time Target is 1088574
1093918	[5344]	:	time Target is 1093918
1094244	[326]	:	Key	71	DOWN	at	1094244 
1099255	[5011]	:	time Target is 1099255
1100214	[959]	:	Key	71	DOWN	at	1100213 
1104591	[4377]	:	time Target is 1104591
1104839	[248]	:	Key	71	DOWN	at	1104838 
1109926	[5087]	:	time Target is 1109926
1110083	[157]	:	Key	71	DOWN	at	1110082 
1115265	[5182]	:	time Target is 1115265
1120585	[5320]	:	time Target is 1120585
1121025	[440]	:	Key	71	DOWN	at	1121025 
1125920	[4895]	:	time Target is 1125920
1126422	[502]	:	Key	71	DOWN	at	1126422 
1131258	[4836]	:	time Target is 1131258
1136581	[5323]	:	time Target is 1136581
1141903	[5322]	:	time Target is 1141903
1142675	[772]	:	Key	71	DOWN	at	1142674 
1147235	[4560]	:	time Target is 1147235
1147492	[257]	:	Key	71	DOWN	at	1147492 
1152570	[5078]	:	time Target is 1152570
1157893	[5323]	:	time Target is 1157893
1158209	[316]	:	Key	71	DOWN	at	1158209 
1163230	[5021]	:	time Target is 1163230
1168553	[5323]	:	time Target is 1168553
1169076	[523]	:	Key	71	DOWN	at	1169076 
1173885	[4809]	:	time Target is 1173885
1174210	[325]	:	Key	71	DOWN	at	1174210 
1179224	[5014]	:	time Target is 1179224
1184546	[5322]	:	time Target is 1184546
1189865	[5319]	:	time Target is 1189865
1195187	[5322]	:	time Target is 1195187
1200513	[5326]	:	time Target is 1200513
1205839	[5326]	:	time Target is 1205839
1211162	[5323]	:	time Target is 1211162
1211508	[346]	:	Key	71	DOWN	at	1211508 
1216497	[4989]	:	time Target is 1216497
1217654	[1157]	:	Key	71	DOWN	at	1217654 
1221831	[4177]	:	time Target is 1221831
1222115	[284]	:	Key	71	DOWN	at	1222115 
1227154	[5039]	:	time Target is 1227154
1227495	[341]	:	Key	71	DOWN	at	1227494 
1232496	[5001]	:	time Target is 1232496
1237814	[5318]	:	time Target is 1237814
1243133	[5319]	:	time Target is 1243133
1243798	[665]	:	Key	71	DOWN	at	1243798 
1248468	[4670]	:	time Target is 1248468
1248806	[338]	:	Key	71	DOWN	at	1248805 
1253805	[4999]	:	time Target is 1253805
1254115	[310]	:	Key	71	DOWN	at	1254114 
1259141	[5026]	:	time Target is 1259141
1264462	[5321]	:	time Target is 1264462
1264743	[281]	:	Key	71	DOWN	at	1264743 
1269801	[5058]	:	time Target is 1269801
1270083	[282]	:	Key	71	DOWN	at	1270083 
1275136	[5053]	:	time Target is 1275136
1280456	[5320]	:	time Target is 1280456
1285779	[5323]	:	time Target is 1285779
1286434	[655]	:	Key	71	DOWN	at	1286434 
1291116	[4682]	:	time Target is 1291116
1296436	[5320]	:	time Target is 1296436
1297350	[914]	:	Key	71	DOWN	at	1297350 
1301773	[4423]	:	time Target is 1301773
1302084	[311]	:	Key	71	DOWN	at	1302084 
1307112	[5028]	:	time Target is 1307112
1307364	[252]	:	Key	71	DOWN	at	1307363 
1312454	[5090]	:	time Target is 1312454
1313142	[688]	:	Key	71	DOWN	at	1313141 
1317796	[4654]	:	time Target is 1317796
1318787	[991]	:	Key	71	DOWN	at	1318787 
1323137	[4350]	:	time Target is 1323137
1328457	[5320]	:	time Target is 1328457
1328758	[301]	:	Key	71	DOWN	at	1328758 
1332758	[4000]	:	Key	71	UP	at	1328915 
1358550	[25792]	:	Key	71	DOWN	at	1358549 
1358742	[192]	:	Key	71	UP	at	1358742 
1363717	[4975]	:	Key	71	DOWN	at	1363717 
1364507	[790]	:	Key	71	UP	at	1363876 
1364774	[267]	:	time Target is 1364774
1365812	[1038]	:	Key	71	DOWN	at	1365811 
1370105	[4293]	:	time Target is 1370105
1370565	[460]	:	Key	71	DOWN	at	1370564 
1375440	[4875]	:	time Target is 1375440
1376501	[1061]	:	Key	71	DOWN	at	1376500 
1380781	[4280]	:	Key	71	DOWN	at	1380722 
1383590	[2809]	:	time Target is 1383590
1388913	[5323]	:	time Target is 1388913
1394235	[5322]	:	time Target is 1394235
1394615	[380]	:	Key	71	DOWN	at	1394614 
1399575	[4960]	:	time Target is 1399575
1404897	[5322]	:	time Target is 1404897
1410241	[5344]	:	time Target is 1410241
1415562	[5321]	:	time Target is 1415562
1415908	[346]	:	Key	71	DOWN	at	1415908 
1420900	[4992]	:	time Target is 1420900
1426216	[5316]	:	time Target is 1426216
1426902	[686]	:	Key	71	DOWN	at	1426901 
1431561	[4659]	:	time Target is 1431561
1431873	[312]	:	Key	71	DOWN	at	1431873 
1436899	[5026]	:	time Target is 1436899
1442221	[5322]	:	time Target is 1442221
1447544	[5323]	:	time Target is 1447544
1447924	[380]	:	Key	71	DOWN	at	1447924 
1452882	[4958]	:	time Target is 1452882
1458201	[5319]	:	time Target is 1458201
1458497	[296]	:	Key	71	DOWN	at	1458497 
1463532	[5035]	:	time Target is 1463532
1463846	[314]	:	Key	71	DOWN	at	1463846 
1468868	[5022]	:	time Target is 1468868
1474192	[5324]	:	time Target is 1474192
1479512	[5320]	:	time Target is 1479512
1484834	[5322]	:	time Target is 1484834
1490155	[5321]	:	time Target is 1490155
1495475	[5320]	:	time Target is 1495475
1495762	[287]	:	Key	71	DOWN	at	1495762 
1500813	[5051]	:	time Target is 1500813
1501156	[343]	:	Key	71	DOWN	at	1501155 
1506151	[4995]	:	time Target is 1506151
1511475	[5324]	:	time Target is 1511475
1511767	[292]	:	Key	71	DOWN	at	1511766 
1516809	[5042]	:	time Target is 1516809
1517092	[283]	:	Key	71	DOWN	at	1517091 
1522147	[5055]	:	time Target is 1522147
1522451	[304]	:	Key	71	DOWN	at	1522450 
1527484	[5033]	:	time Target is 1527484
1532801	[5317]	:	time Target is 1532801
1538124	[5323]	:	time Target is 1538124
1538404	[280]	:	Key	71	DOWN	at	1538404 
1543461	[5057]	:	time Target is 1543461
1548781	[5320]	:	time Target is 1548781
1549060	[279]	:	Key	71	DOWN	at	1549059 
1554122	[5062]	:	time Target is 1554122
1554532	[410]	:	Key	71	DOWN	at	1554532 
1559459	[4927]	:	time Target is 1559459
1564779	[5320]	:	time Target is 1564779
1570102	[5323]	:	time Target is 1570102
1570422	[320]	:	Key	71	DOWN	at	1570422 
1575429	[5007]	:	time Target is 1575429
1580759	[5330]	:	time Target is 1580759
1581043	[284]	:	Key	71	DOWN	at	1581042 
1586100	[5057]	:	time Target is 1586100
1586422	[322]	:	Key	71	DOWN	at	1586422 
1591455	[5033]	:	time Target is 1591455
1591702	[247]	:	Key	71	DOWN	at	1591701 
1596791	[5089]	:	time Target is 1596791
1597031	[240]	:	Key	71	DOWN	at	1597031 
1602127	[5096]	:	time Target is 1602127
1607448	[5321]	:	time Target is 1607448
1607843	[395]	:	Key	71	DOWN	at	1607843 
1612783	[4940]	:	time Target is 1612783
1613063	[280]	:	Key	71	DOWN	at	1613062 
1618145	[5082]	:	time Target is 1618145
1623464	[5319]	:	time Target is 1623464
1628786	[5322]	:	time Target is 1628786
1629139	[353]	:	Key	71	DOWN	at	1629138 
1634125	[4986]	:	time Target is 1634125
1639447	[5322]	:	time Target is 1639447
1644805	[5358]	:	time Target is 1644805
1650131	[5326]	:	time Target is 1650131
1655483	[5352]	:	time Target is 1655483
1660801	[5318]	:	time Target is 1660801
1666121	[5320]	:	time Target is 1666121
1666434	[313]	:	Key	71	DOWN	at	1666434 
1671452	[5018]	:	time Target is 1671452
1671958	[506]	:	Key	71	DOWN	at	1671957 
1676786	[4828]	:	time Target is 1676786
1677125	[339]	:	Key	71	DOWN	at	1677125 
1682121	[4996]	:	time Target is 1682121
1682452	[331]	:	Key	71	DOWN	at	1682452 
1687456	[5004]	:	time Target is 1687456
1692779	[5323]	:	time Target is 1692779
1698101	[5322]	:	time Target is 1698101
1698387	[286]	:	Key	71	DOWN	at	1698386 
1703435	[5048]	:	time Target is 1703435
1703748	[313]	:	Key	71	DOWN	at	1703747 
1708776	[5028]	:	time Target is 1708776
1714100	[5324]	:	time Target is 1714100
1714403	[303]	:	Key	71	DOWN	at	1714403 
1719440	[5037]	:	time Target is 1719440
1724763	[5323]	:	time Target is 1724763
1725189	[426]	:	Key	71	DOWN	at	1725188 
1730102	[4913]	:	time Target is 1730102
1735422	[5320]	:	time Target is 1735422
1740744	[5322]	:	time Target is 1740744
1740998	[254]	:	Key	71	DOWN	at	1740997 
1746081	[5083]	:	time Target is 1746081
1746357	[276]	:	Key	71	DOWN	at	1746356 
1751419	[5062]	:	time Target is 1751419
1751924	[505]	:	Key	71	DOWN	at	1751922 
1756746	[4822]	:	time Target is 1756746
1756887	[141]	:	Key	71	DOWN	at	1756886 
1762082	[5195]	:	time Target is 1762082
1767407	[5325]	:	time Target is 1767407
1767764	[357]	:	Key	71	DOWN	at	1767764 
1772748	[4984]	:	time Target is 1772748
1773011	[263]	:	Key	71	DOWN	at	1773011 
1778082	[5071]	:	time Target is 1778082
1783405	[5323]	:	time Target is 1783405
1788730	[5325]	:	time Target is 1788730
1794052	[5322]	:	time Target is 1794052
1794694	[642]	:	Key	71	DOWN	at	1794694 
1799389	[4695]	:	time Target is 1799389
1799893	[504]	:	Key	71	DOWN	at	1799891 
1804726	[4833]	:	time Target is 1804726
1805175	[449]	:	Key	71	DOWN	at	1805175 
1810063	[4888]	:	time Target is 1810063
1810215	[152]	:	Key	71	DOWN	at	1810215 
1815395	[5180]	:	time Target is 1815395
1820726	[5331]	:	time Target is 1820726
1826043	[5317]	:	time Target is 1826043
1831372	[5329]	:	time Target is 1831372
1836692	[5320]	:	time Target is 1836692
1842401	[5709]	:	Key	71	DOWN	at	1842401 
1843190	[789]	:	Key	71	UP	at	1842547 
1843457	[267]	:	time Target is 1843457
1848781	[5324]	:	time Target is 1848781
1854103	[5322]	:	time Target is 1854103
1854390	[287]	:	Key	71	DOWN	at	1854390 
1859439	[5049]	:	time Target is 1859439
1864761	[5322]	:	time Target is 1864761
1865143	[382]	:	Key	71	DOWN	at	1865142 
1870095	[4952]	:	time Target is 1870095
1875433	[5338]	:	time Target is 1875433
1875746	[313]	:	Key	71	DOWN	at	1875746 
1880769	[5023]	:	time Target is 1880769
1881299	[530]	:	Key	71	DOWN	at	1881299 
1886104	[4805]	:	time Target is 1886104
1886453	[349]	:	Key	71	DOWN	at	1886452 
1891441	[4988]	:	time Target is 1891441
1896763	[5322]	:	time Target is 1896763
1902081	[5318]	:	time Target is 1902081
1902436	[355]	:	Key	71	DOWN	at	1902436 
1907418	[4982]	:	time Target is 1907418
1907797	[379]	:	Key	71	DOWN	at	1907796 
1912756	[4959]	:	time Target is 1912756
1918082	[5326]	:	time Target is 1918082
1918740	[658]	:	Key	71	DOWN	at	1918740 
1923423	[4683]	:	time Target is 1923423
1928747	[5324]	:	time Target is 1928747
1929028	[281]	:	Key	71	DOWN	at	1929028 
1934080	[5052]	:	time Target is 1934080
1939405	[5325]	:	time Target is 1939405
1944725	[5320]	:	time Target is 1944725
1945271	[546]	:	Key	71	DOWN	at	1945271 
1950059	[4788]	:	time Target is 1950059
1955379	[5320]	:	time Target is 1955379
1955656	[277]	:	Key	71	DOWN	at	1955655 
1960726	[5070]	:	time Target is 1960726
1961174	[448]	:	Key	71	DOWN	at	1961173 
1966062	[4888]	:	time Target is 1966062
1966644	[582]	:	Key	71	DOWN	at	1966644 
1971400	[4756]	:	time Target is 1971400
1976718	[5318]	:	time Target is 1976718
1982036	[5318]	:	time Target is 1982036
1982294	[258]	:	Key	71	DOWN	at	1982293 
1987374	[5080]	:	time Target is 1987374
1992694	[5320]	:	time Target is 1992694
1998019	[5325]	:	time Target is 1998019
1998341	[322]	:	Key	71	DOWN	at	1998340 
2003355	[5014]	:	time Target is 2003355
2008674	[5319]	:	time Target is 2008674
2008980	[306]	:	Key	71	DOWN	at	2008980 
2014011	[5031]	:	time Target is 2014011
2019325	[5314]	:	time Target is 2019325
2019718	[393]	:	Key	71	DOWN	at	2019717 
2024666	[4948]	:	time Target is 2024666
2025062	[396]	:	Key	71	DOWN	at	2025062 
2030000	[4938]	:	time Target is 2030000
2035326	[5326]	:	time Target is 2035326
2040667	[5341]	:	time Target is 2040667
2045991	[5324]	:	time Target is 2045991
2046341	[350]	:	Key	71	DOWN	at	2046341 
2051328	[4987]	:	time Target is 2051328
2051635	[307]	:	Key	71	DOWN	at	2051635 
2056659	[5024]	:	time Target is 2056659
2056981	[322]	:	Key	71	DOWN	at	2056980 
2061998	[5017]	:	time Target is 2061998
2062389	[391]	:	Key	71	DOWN	at	2062389 
2067337	[4948]	:	time Target is 2067337
2068242	[905]	:	Key	71	DOWN	at	2068242 
2072672	[4430]	:	time Target is 2072672
2077993	[5321]	:	time Target is 2077993
2078309	[316]	:	Key	71	DOWN	at	2078309 
2083326	[5017]	:	time Target is 2083326
2088645	[5319]	:	time Target is 2088645
2088933	[288]	:	Key	71	DOWN	at	2088933 
2093983	[5050]	:	time Target is 2093983
2094275	[292]	:	Key	71	DOWN	at	2094275 
2099323	[5048]	:	time Target is 2099323
2099828	[505]	:	Key	71	DOWN	at	2099827 
2104657	[4829]	:	time Target is 2104657
2109986	[5329]	:	time Target is 2109986
2115306	[5320]	:	time Target is 2115306
2115605	[299]	:	Key	71	DOWN	at	2115604 
2120649	[5044]	:	time Target is 2120649
2120932	[283]	:	Key	71	DOWN	at	2120931 
2125985	[5053]	:	time Target is 2125985
2126245	[260]	:	Key	71	DOWN	at	2126245 
2131318	[5073]	:	time Target is 2131318
2131557	[239]	:	Key	71	DOWN	at	2131557 
2136654	[5097]	:	time Target is 2136654
2136979	[325]	:	Key	71	DOWN	at	2136978 
2142013	[5034]	:	time Target is 2142013
2147335	[5322]	:	time Target is 2147335
2152655	[5320]	:	time Target is 2152655
2157970	[5315]	:	time Target is 2157970
2158390	[420]	:	Key	71	DOWN	at	2158390 
2163298	[4908]	:	time Target is 2163298
2168620	[5322]	:	time Target is 2168620
2173935	[5315]	:	time Target is 2173935
2174072	[137]	:	Key	71	DOWN	at	2174071 
2179267	[5195]	:	time Target is 2179267
2184589	[5322]	:	time Target is 2184589
2184885	[296]	:	Key	71	DOWN	at	2184885 
2189923	[5038]	:	time Target is 2189923
2195243	[5320]	:	time Target is 2195243
2200565	[5322]	:	time Target is 2200565
2205885	[5320]	:	time Target is 2205885
2211205	[5320]	:	time Target is 2211205
2211733	[528]	:	Key	71	DOWN	at	2211733 
2216541	[4808]	:	time Target is 2216541
2221861	[5320]	:	time Target is 2221861
2222166	[305]	:	Key	71	DOWN	at	2222166 
2227198	[5032]	:	time Target is 2227198
2232521	[5323]	:	time Target is 2232521
2237841	[5320]	:	time Target is 2237841
2238356	[515]	:	Key	71	DOWN	at	2238356 
2243182	[4826]	:	time Target is 2243182
2243476	[294]	:	Key	71	DOWN	at	2243476 
2248516	[5040]	:	time Target is 2248516
2248743	[227]	:	Key	71	DOWN	at	2248742 
2253846	[5103]	:	time Target is 2253846
2259169	[5323]	:	time Target is 2259169
2264490	[5321]	:	time Target is 2264490
2264802	[312]	:	Key	71	DOWN	at	2264802 
2269822	[5020]	:	time Target is 2269822
2275145	[5323]	:	time Target is 2275145
2280468	[5323]	:	time Target is 2280468
2285788	[5320]	:	time Target is 2285788
2291100	[5312]	:	time Target is 2291100
2291399	[299]	:	Key	71	DOWN	at	2291398 
2296438	[5039]	:	time Target is 2296438
2296790	[352]	:	Key	71	DOWN	at	2296790 
2301773	[4983]	:	time Target is 2301773
2307094	[5321]	:	time Target is 2307094
2307510	[416]	:	Key	71	DOWN	at	2307510 
2312431	[4921]	:	time Target is 2312431
2312726	[295]	:	Key	71	DOWN	at	2312726 
2317764	[5038]	:	time Target is 2317764
2330005	[12241]	:	Key	71	DOWN	at	2330005 
2330182	[177]	:	Key	71	UP	at	2330181 
2349139	[18957]	:	Key	29	DOWN	at	2349138 
2349299	[160]	:	Key	29	UP	at	2349298 
2353300	[4001]	:	Key	28	DOWN	at	2353300 
2353479	[179]	:	Key	28	UP	at	2353478 
2368482	[15003]	:	Key	28	DOWN	at	2368482 
2368628	[146]	:	Key	28	UP	at	2368628 
2370819	[2191]	:	Key	29	DOWN	at	2370819 
2370967	[148]	:	Key	29	UP	at	2370967 
2374402	[3435]	:	Key	28	DOWN	at	2374402 
2374564	[162]	:	Key	28	UP	at	2374563 
2375574	[1010]	:	Key	28	DOWN	at	2375574 
2375698	[124]	:	Key	28	UP	at	2375697 
2384039	[8341]	:	Key	28	DOWN	at	2384037 
2384161	[122]	:	Key	28	UP	at	2384161 
2385329	[1168]	:	Key	29	DOWN	at	2385329 
2385462	[133]	:	Key	29	UP	at	2385462 
2389046	[3584]	:	Key	28	DOWN	at	2389046 
2389202	[156]	:	Key	28	UP	at	2389202 
2391938	[2736]	:	Key	29	DOWN	at	2391938 
2392054	[116]	:	Key	29	UP	at	2392054 
2393490	[1436]	:	Key	28	DOWN	at	2393490 
2393618	[128]	:	Key	28	UP	at	2393618 
2394740	[1122]	:	Key	28	DOWN	at	2394739 
2394837	[97]	:	Key	28	UP	at	2394837 
2397207	[2370]	:	Key	29	DOWN	at	2397207 
2397318	[111]	:	Key	29	UP	at	2397318 
2399669	[2351]	:	Key	29	DOWN	at	2399669 
2399783	[114]	:	Key	29	UP	at	2399782 
2402229	[2446]	:	Key	29	DOWN	at	2402228 
2402406	[177]	:	Key	29	UP	at	2402405 
2402850	[444]	:	Key	28	DOWN	at	2402849 
2402867	[17]	:	COGENT STOP
