Cog2000 log file Tue Aug 13 16:28:21 2019
gprim v1.33 Compiled:Aug 12 2015 (GLib DirectDraw v7 DX12.0 Compiled:Aug 12 2015)
Display:1024x768x32 59.92Hz
CogInput v1.05 Compiled: May 20 2010
0	[0]	:	COGENT START
9543	[9543]	:	Key	71	DOWN	at	9542    
9636	[93]	:	Key	71	UP	at	9635    
28086	[18450]	:	Key	71	DOWN	at	28086   
28169	[83]	:	Key	71	UP	at	28168   
32201	[4032]	:	Key	71	DOWN	at	32201   
32276	[75]	:	Key	71	UP	at	32276   
42774	[10498]	:	Key	71	DOWN	at	42774   
42872	[98]	:	Key	71	UP	at	42872   
58454	[15582]	:	Key	71	DOWN	at	58454   
58551	[97]	:	Key	71	UP	at	58550   
83813	[25262]	:	Key	71	DOWN	at	83813   
84628	[815]	:	time Target is 84627
84777	[149]	:	Key	71	DOWN	at	84777   
90726	[5949]	:	time Target is 90726
91144	[418]	:	Key	71	DOWN	at	91144   
96811	[5667]	:	time Target is 96811
98004	[1193]	:	Key	71	DOWN	at	98004   
102909	[4905]	:	time Target is 102908
103415	[506]	:	Key	71	DOWN	at	103414  
112599	[9184]	:	Key	71	DOWN	at	112599  
113667	[1068]	:	time Target is 113666
120004	[6337]	:	time Target is 120004
126327	[6323]	:	time Target is 126326
132648	[6321]	:	time Target is 132648
152500	[19852]	:	Key	71	DOWN	at	152500  
152630	[130]	:	Key	71	UP	at	152629  
156948	[4318]	:	Key	71	DOWN	at	156947  
157012	[64]	:	Key	71	UP	at	157012  
161764	[4752]	:	Key	71	DOWN	at	161764  
161864	[100]	:	Key	71	UP	at	161864  
171989	[10125]	:	Key	71	DOWN	at	171989  
172056	[67]	:	Key	71	UP	at	172054  
180246	[8190]	:	Key	71	DOWN	at	180245  
181045	[799]	:	Key	71	UP	at	180358  
181069	[24]	:	time Target is 181069
181527	[458]	:	Key	71	DOWN	at	181526  
186162	[4635]	:	time Target is 186162
186598	[436]	:	Key	71	DOWN	at	186597  
191259	[4661]	:	time Target is 191259
192616	[1357]	:	Key	71	DOWN	at	192616  
196350	[3734]	:	time Target is 196350
197111	[761]	:	Key	71	DOWN	at	197111  
201444	[4333]	:	time Target is 201444
201763	[319]	:	Key	71	DOWN	at	201763  
205737	[3974]	:	Key	71	UP	at	201847  
210357	[4620]	:	Key	71	DOWN	at	210357  
211141	[784]	:	Key	71	UP	at	210500  
211162	[21]	:	time Target is 211162
223400	[12238]	:	Key	71	DOWN	at	223400  
223512	[112]	:	Key	71	UP	at	223512  
227815	[4303]	:	Key	71	DOWN	at	227815  
228609	[794]	:	Key	71	UP	at	228004  
228631	[22]	:	time Target is 228631
229126	[495]	:	Key	71	DOWN	at	229126  
233720	[4594]	:	time Target is 233720
238796	[5076]	:	time Target is 238795
243869	[5073]	:	time Target is 243869
255958	[12089]	:	Key	71	DOWN	at	255958  
256084	[126]	:	Key	71	UP	at	256083  
260101	[4017]	:	Key	71	DOWN	at	260101  
260892	[791]	:	Key	71	UP	at	260214  
260916	[24]	:	time Target is 260916
261524	[608]	:	Key	71	DOWN	at	261524  
266000	[4476]	:	time Target is 266000
271070	[5070]	:	time Target is 271070
271577	[507]	:	Key	71	DOWN	at	271576  
276158	[4581]	:	time Target is 276158
276676	[518]	:	Key	71	DOWN	at	276676  
280456	[3780]	:	Key	71	UP	at	276824  
287860	[7404]	:	Key	71	DOWN	at	287859  
288009	[149]	:	Key	71	UP	at	288008  
291399	[3390]	:	Key	71	DOWN	at	291399  
292191	[792]	:	Key	71	UP	at	291511  
292210	[19]	:	time Target is 292210
292789	[579]	:	Key	71	DOWN	at	292789  
297307	[4518]	:	time Target is 297307
302377	[5070]	:	time Target is 302377
307447	[5070]	:	time Target is 307447
321001	[13554]	:	Key	71	DOWN	at	321001  
321113	[112]	:	Key	71	UP	at	321112  
336341	[15228]	:	Key	71	DOWN	at	336341  
336470	[129]	:	Key	71	UP	at	336470  
350726	[14256]	:	Key	71	DOWN	at	350725  
350808	[82]	:	Key	71	UP	at	350808  
363223	[12415]	:	Key	71	DOWN	at	363223  
363300	[77]	:	Key	71	UP	at	363300  
372916	[9616]	:	Key	71	DOWN	at	372916  
375481	[2565]	:	time Target is 375481
376084	[603]	:	Key	71	DOWN	at	376084  
380813	[4729]	:	time Target is 380813
386138	[5325]	:	time Target is 386138
387031	[893]	:	Key	71	DOWN	at	387030  
391476	[4445]	:	time Target is 391476
391991	[515]	:	Key	71	DOWN	at	391990  
396815	[4824]	:	time Target is 396815
402135	[5320]	:	time Target is 402135
403560	[1425]	:	Key	71	DOWN	at	403559  
407474	[3914]	:	time Target is 407474
408500	[1026]	:	Key	71	DOWN	at	408500  
412811	[4311]	:	time Target is 412811
418129	[5318]	:	time Target is 418129
418532	[403]	:	Key	71	DOWN	at	418532  
423471	[4939]	:	time Target is 423471
423909	[438]	:	Key	71	DOWN	at	423909  
428807	[4898]	:	time Target is 428807
434129	[5322]	:	time Target is 434129
434725	[596]	:	Key	71	DOWN	at	434724  
439463	[4738]	:	time Target is 439463
444787	[5324]	:	time Target is 444787
445735	[948]	:	Key	71	DOWN	at	445734  
450127	[4392]	:	time Target is 450127
450409	[282]	:	Key	71	DOWN	at	450408  
455466	[5057]	:	time Target is 455466
460787	[5321]	:	time Target is 460787
466106	[5319]	:	time Target is 466106
471434	[5328]	:	time Target is 471434
472135	[701]	:	Key	71	DOWN	at	472135  
476776	[4641]	:	time Target is 476776
482091	[5315]	:	time Target is 482091
487412	[5321]	:	time Target is 487412
492734	[5322]	:	time Target is 492734
493000	[266]	:	Key	71	DOWN	at	493000  
498072	[5072]	:	time Target is 498072
498342	[270]	:	Key	71	DOWN	at	498342  
503406	[5064]	:	time Target is 503406
504630	[1224]	:	Key	71	DOWN	at	504630  
508746	[4116]	:	time Target is 508746
514083	[5337]	:	time Target is 514083
519405	[5322]	:	time Target is 519405
524726	[5321]	:	time Target is 524726
530046	[5320]	:	time Target is 530046
535368	[5322]	:	time Target is 535368
535656	[288]	:	Key	71	DOWN	at	535655  
540705	[5049]	:	time Target is 540705
546028	[5323]	:	time Target is 546028
551347	[5319]	:	time Target is 551347
551593	[246]	:	Key	71	DOWN	at	551592  
556685	[5092]	:	time Target is 556685
556949	[264]	:	Key	71	DOWN	at	556949  
562022	[5073]	:	time Target is 562022
567341	[5319]	:	time Target is 567341
568120	[779]	:	Key	71	DOWN	at	568120  
572678	[4558]	:	time Target is 572678
572984	[306]	:	Key	71	DOWN	at	572984  
578013	[5029]	:	time Target is 578013
583333	[5320]	:	time Target is 583333
588645	[5312]	:	time Target is 588645
593966	[5321]	:	time Target is 593966
599286	[5320]	:	time Target is 599286
604604	[5318]	:	time Target is 604604
605064	[460]	:	Key	71	DOWN	at	605064  
609943	[4879]	:	time Target is 609943
610230	[287]	:	Key	71	DOWN	at	610230  
615281	[5051]	:	time Target is 615281
615544	[263]	:	Key	71	DOWN	at	615543  
620621	[5077]	:	time Target is 620621
620885	[264]	:	Key	71	DOWN	at	620884  
625958	[5073]	:	time Target is 625958
631276	[5318]	:	time Target is 631276
631539	[263]	:	Key	71	DOWN	at	631539  
636613	[5074]	:	time Target is 636613
636902	[289]	:	Key	71	DOWN	at	636902  
641948	[5046]	:	time Target is 641948
642152	[204]	:	Key	71	DOWN	at	642152  
647282	[5130]	:	time Target is 647282
647639	[357]	:	Key	71	DOWN	at	647638  
652616	[4977]	:	time Target is 652616
652884	[268]	:	Key	71	DOWN	at	652883  
657969	[5085]	:	time Target is 657969
663294	[5325]	:	time Target is 663294
668623	[5329]	:	time Target is 668623
668935	[312]	:	Key	71	DOWN	at	668935  
673985	[5050]	:	time Target is 673985
679307	[5322]	:	time Target is 679307
684627	[5320]	:	time Target is 684627
689955	[5328]	:	time Target is 689955
690232	[277]	:	Key	71	DOWN	at	690231  
695296	[5064]	:	time Target is 695296
695557	[261]	:	Key	71	DOWN	at	695557  
700645	[5088]	:	time Target is 700645
705963	[5318]	:	time Target is 705963
706502	[539]	:	Key	71	DOWN	at	706502  
711301	[4799]	:	time Target is 711301
716641	[5340]	:	time Target is 716641
721963	[5322]	:	time Target is 721963
722280	[317]	:	Key	71	DOWN	at	722279  
727303	[5023]	:	time Target is 727303
732625	[5322]	:	time Target is 732625
737940	[5315]	:	time Target is 737940
743264	[5324]	:	time Target is 743264
743509	[245]	:	Key	71	DOWN	at	743508  
748602	[5093]	:	time Target is 748602
748836	[234]	:	Key	71	DOWN	at	748836  
753943	[5107]	:	time Target is 753943
759289	[5346]	:	time Target is 759289
759459	[170]	:	Key	71	DOWN	at	759459  
764628	[5169]	:	time Target is 764628
764840	[212]	:	Key	71	DOWN	at	764840  
769967	[5127]	:	time Target is 769967
775288	[5321]	:	time Target is 775288
780613	[5325]	:	time Target is 780613
785935	[5322]	:	time Target is 785935
791269	[5334]	:	time Target is 791269
796591	[5322]	:	time Target is 796591
801916	[5325]	:	time Target is 801916
802152	[236]	:	Key	71	DOWN	at	802151  
807257	[5105]	:	time Target is 807257
812582	[5325]	:	time Target is 812582
817901	[5319]	:	time Target is 817901
823221	[5320]	:	time Target is 823221
823512	[291]	:	Key	71	DOWN	at	823512  
828562	[5050]	:	time Target is 828561
833883	[5321]	:	time Target is 833883
839201	[5318]	:	time Target is 839201
839461	[260]	:	Key	71	DOWN	at	839460  
844539	[5078]	:	time Target is 844539
844758	[219]	:	Key	71	DOWN	at	844758  
849871	[5113]	:	time Target is 849871
850117	[246]	:	Key	71	DOWN	at	850116  
854170	[4053]	:	Key	71	UP	at	850277  
866824	[12654]	:	Key	71	DOWN	at	866823  
867615	[791]	:	Key	71	UP	at	866853  
867884	[269]	:	time Target is 867884
868136	[252]	:	Key	71	DOWN	at	868136  
873220	[5084]	:	time Target is 873220
873412	[192]	:	Key	71	DOWN	at	873412  
878552	[5140]	:	time Target is 878552
878855	[303]	:	Key	71	DOWN	at	878855  
883890	[5035]	:	time Target is 883890
884198	[308]	:	Key	71	DOWN	at	884198  
889223	[5025]	:	time Target is 889223
889655	[432]	:	Key	71	DOWN	at	889654  
894563	[4908]	:	time Target is 894563
894805	[242]	:	Key	71	DOWN	at	894805  
899906	[5101]	:	time Target is 899906
905226	[5320]	:	time Target is 905226
910547	[5321]	:	time Target is 910547
910869	[322]	:	Key	71	DOWN	at	910869  
915884	[5015]	:	time Target is 915884
921206	[5322]	:	time Target is 921206
926530	[5324]	:	time Target is 926530
926868	[338]	:	Key	71	DOWN	at	926867  
931869	[5001]	:	time Target is 931869
932442	[573]	:	Key	71	DOWN	at	932441  
937206	[4764]	:	time Target is 937206
942528	[5322]	:	time Target is 942528
942760	[232]	:	Key	71	DOWN	at	942759  
947863	[5103]	:	time Target is 947863
948152	[289]	:	Key	71	DOWN	at	948152  
953197	[5045]	:	time Target is 953197
958519	[5322]	:	time Target is 958519
963841	[5322]	:	time Target is 963841
969170	[5329]	:	time Target is 969170
969764	[594]	:	Key	71	DOWN	at	969764  
974507	[4743]	:	time Target is 974507
974825	[318]	:	Key	71	DOWN	at	974824  
979841	[5016]	:	time Target is 979841
980056	[215]	:	Key	71	DOWN	at	980055  
985176	[5120]	:	time Target is 985176
990509	[5333]	:	time Target is 990509
995834	[5325]	:	time Target is 995834
996036	[202]	:	Key	71	DOWN	at	996036  
1001174	[5138]	:	time Target is 1001174
1006502	[5328]	:	time Target is 1006502
1011827	[5325]	:	time Target is 1011827
1011990	[163]	:	Key	71	DOWN	at	1011990 
1016898	[4908]	:	Key	71	DOWN	at	1016887 
1019710	[2812]	:	time Target is 1019710
1020136	[426]	:	Key	71	DOWN	at	1020136 
1025045	[4909]	:	time Target is 1025045
1030367	[5322]	:	time Target is 1030367
1035684	[5317]	:	time Target is 1035684
1041005	[5321]	:	time Target is 1041005
1041174	[169]	:	Key	71	DOWN	at	1041173 
1046347	[5173]	:	time Target is 1046347
1051675	[5328]	:	time Target is 1051675
1056997	[5322]	:	time Target is 1056997
1062323	[5326]	:	time Target is 1062323
1067641	[5318]	:	time Target is 1067641
1067861	[220]	:	Key	71	DOWN	at	1067860 
1072974	[5113]	:	time Target is 1072974
1078292	[5318]	:	time Target is 1078292
1083610	[5318]	:	time Target is 1083610
1083925	[315]	:	Key	71	DOWN	at	1083923 
1088964	[5039]	:	time Target is 1088964
1089510	[546]	:	Key	71	DOWN	at	1089510 
1094306	[4796]	:	time Target is 1094306
1094583	[277]	:	Key	71	DOWN	at	1094582 
1099641	[5058]	:	time Target is 1099641
1104957	[5316]	:	time Target is 1104957
1105174	[217]	:	Key	71	DOWN	at	1105174 
1110294	[5120]	:	time Target is 1110294
1115616	[5322]	:	time Target is 1115616
1120943	[5327]	:	time Target is 1120943
1126264	[5321]	:	time Target is 1126264
1126538	[274]	:	Key	71	DOWN	at	1126537 
1131606	[5068]	:	time Target is 1131606
1136929	[5323]	:	time Target is 1136929
1142248	[5319]	:	time Target is 1142248
1147570	[5322]	:	time Target is 1147570
1152886	[5316]	:	time Target is 1152886
1153304	[418]	:	Key	71	DOWN	at	1153304 
1158233	[4929]	:	time Target is 1158233
1158519	[286]	:	Key	71	DOWN	at	1158518 
1163568	[5049]	:	time Target is 1163568
1168887	[5319]	:	time Target is 1168887
1169045	[158]	:	Key	71	DOWN	at	1169045 
1174257	[5212]	:	time Target is 1174257
1179590	[5333]	:	time Target is 1179590
1184915	[5325]	:	time Target is 1184915
1185141	[226]	:	Key	71	DOWN	at	1185140 
1190246	[5105]	:	time Target is 1190246
1190649	[403]	:	Key	71	DOWN	at	1190649 
1195586	[4937]	:	time Target is 1195586
1195668	[82]	:	Key	71	DOWN	at	1195668 
1200914	[5246]	:	time Target is 1200914
1200952	[38]	:	Key	71	DOWN	at	1200951 
1206239	[5287]	:	time Target is 1206239
1206280	[41]	:	Key	71	DOWN	at	1206280 
1211573	[5293]	:	time Target is 1211573
1211737	[164]	:	Key	71	DOWN	at	1211736 
1216899	[5162]	:	Key	71	DOWN	at	1216885 
1219709	[2810]	:	time Target is 1219709
1219975	[266]	:	Key	71	DOWN	at	1219974 
1225042	[5067]	:	time Target is 1225042
1230366	[5324]	:	time Target is 1230365
1235687	[5321]	:	time Target is 1235687
1240745	[5058]	:	Key	71	DOWN	at	1240631 
1243556	[2811]	:	time Target is 1243556
1248878	[5322]	:	time Target is 1248878
1249145	[267]	:	Key	71	DOWN	at	1249144 
1254215	[5070]	:	time Target is 1254215
1259542	[5327]	:	time Target is 1259542
1259816	[274]	:	Key	71	DOWN	at	1259816 
1264878	[5062]	:	time Target is 1264878
1265096	[218]	:	Key	71	DOWN	at	1265095 
1270218	[5122]	:	time Target is 1270218
1270441	[223]	:	Key	71	DOWN	at	1270441 
1275546	[5105]	:	time Target is 1275546
1275796	[250]	:	Key	71	DOWN	at	1275796 
1280884	[5088]	:	time Target is 1280884
1281111	[227]	:	Key	71	DOWN	at	1281110 
1286220	[5109]	:	time Target is 1286220
1291538	[5318]	:	time Target is 1291538
1291816	[278]	:	Key	71	DOWN	at	1291816 
1296871	[5055]	:	time Target is 1296871
1297047	[176]	:	Key	71	DOWN	at	1297046 
1302236	[5189]	:	time Target is 1302236
1307560	[5324]	:	time Target is 1307560
1312876	[5316]	:	time Target is 1312876
1313127	[251]	:	Key	71	DOWN	at	1313126 
1318217	[5090]	:	time Target is 1318217
1318455	[238]	:	Key	71	DOWN	at	1318454 
1323554	[5099]	:	time Target is 1323554
1328872	[5318]	:	time Target is 1328872
1329080	[208]	:	Key	71	DOWN	at	1329080 
1334209	[5129]	:	time Target is 1334209
1349896	[15687]	:	Key	71	DOWN	at	1349895 
1349978	[82]	:	Key	71	UP	at	1349976 
1357318	[7340]	:	Key	71	DOWN	at	1357318 
1358108	[790]	:	Key	71	UP	at	1357398 
1358377	[269]	:	time Target is 1358377
1358613	[236]	:	Key	71	DOWN	at	1358613 
1363702	[5089]	:	time Target is 1363702
1364004	[302]	:	Key	71	DOWN	at	1364003 
1369043	[5039]	:	time Target is 1369043
1369318	[275]	:	Key	71	DOWN	at	1369317 
1374375	[5057]	:	Key	71	DOWN	at	1374149 
1374375	[0]	:	Key	71	UP	at	1374264 
1377200	[2825]	:	time Target is 1377200
1377479	[279]	:	Key	71	DOWN	at	1377479 
1382529	[5050]	:	time Target is 1382529
1387854	[5325]	:	time Target is 1387854
1388134	[280]	:	Key	71	DOWN	at	1388133 
1393193	[5059]	:	time Target is 1393193
1398515	[5322]	:	time Target is 1398515
1403837	[5322]	:	time Target is 1403837
1404131	[294]	:	Key	71	DOWN	at	1404131 
1409177	[5046]	:	time Target is 1409177
1414502	[5325]	:	time Target is 1414502
1419828	[5326]	:	time Target is 1419828
1420101	[273]	:	Key	71	DOWN	at	1420101 
1425165	[5064]	:	time Target is 1425165
1430480	[5315]	:	time Target is 1430480
1435801	[5321]	:	time Target is 1435801
1436024	[223]	:	Key	71	DOWN	at	1436023 
1441136	[5112]	:	time Target is 1441136
1441352	[216]	:	Key	71	DOWN	at	1441351 
1446473	[5121]	:	time Target is 1446473
1446883	[410]	:	Key	71	DOWN	at	1446883 
1451818	[4935]	:	time Target is 1451818
1451975	[157]	:	Key	71	DOWN	at	1451975 
1457158	[5183]	:	time Target is 1457158
1462476	[5318]	:	time Target is 1462476
1467796	[5320]	:	time Target is 1467796
1468057	[261]	:	Key	71	DOWN	at	1468056 
1473130	[5073]	:	time Target is 1473130
1478452	[5322]	:	time Target is 1478452
1479269	[817]	:	Key	71	DOWN	at	1479269 
1483789	[4520]	:	time Target is 1483789
1484052	[263]	:	Key	71	DOWN	at	1484052 
1489125	[5073]	:	time Target is 1489125
1489337	[212]	:	Key	71	DOWN	at	1489337 
1494460	[5123]	:	time Target is 1494460
1499781	[5321]	:	time Target is 1499781
1500021	[240]	:	Key	71	DOWN	at	1500021 
1505109	[5088]	:	time Target is 1505109
1505354	[245]	:	Key	71	DOWN	at	1505353 
1510441	[5087]	:	time Target is 1510441
1510710	[269]	:	Key	71	DOWN	at	1510709 
1515782	[5072]	:	time Target is 1515782
1515971	[189]	:	Key	71	DOWN	at	1515971 
1521153	[5182]	:	time Target is 1521153
1526478	[5325]	:	time Target is 1526478
1526679	[201]	:	Key	71	DOWN	at	1526678 
1531819	[5140]	:	time Target is 1531819
1531990	[171]	:	Key	71	DOWN	at	1531990 
1537157	[5167]	:	time Target is 1537157
1542474	[5317]	:	time Target is 1542474
1547825	[5351]	:	time Target is 1547825
1548057	[232]	:	Key	71	DOWN	at	1548056 
1553217	[5160]	:	time Target is 1553217
1553493	[276]	:	Key	71	DOWN	at	1553493 
1558554	[5061]	:	time Target is 1558554
1558856	[302]	:	Key	71	DOWN	at	1558855 
1563889	[5033]	:	time Target is 1563889
1569213	[5324]	:	time Target is 1569213
1574538	[5325]	:	time Target is 1574538
1579862	[5324]	:	time Target is 1579862
1585184	[5322]	:	time Target is 1585184
1585463	[279]	:	Key	71	DOWN	at	1585462 
1590521	[5058]	:	time Target is 1590521
1590806	[285]	:	Key	71	DOWN	at	1590805 
1595857	[5051]	:	time Target is 1595857
1596131	[274]	:	Key	71	DOWN	at	1596131 
1601193	[5062]	:	time Target is 1601193
1601446	[253]	:	Key	71	DOWN	at	1601445 
1606531	[5085]	:	time Target is 1606531
1611856	[5325]	:	time Target is 1611856
1612169	[313]	:	Key	71	DOWN	at	1612169 
1617195	[5026]	:	time Target is 1617195
1617686	[491]	:	Key	71	DOWN	at	1617686 
1622527	[4841]	:	time Target is 1622527
1622775	[248]	:	Key	71	DOWN	at	1622775 
1627861	[5086]	:	time Target is 1627861
1628326	[465]	:	Key	71	DOWN	at	1628326 
1633189	[4863]	:	time Target is 1633189
1633415	[226]	:	Key	71	DOWN	at	1633414 
1638538	[5123]	:	time Target is 1638538
1643860	[5322]	:	time Target is 1643860
1649173	[5313]	:	time Target is 1649173
1654502	[5329]	:	time Target is 1654502
1659824	[5322]	:	time Target is 1659824
1665142	[5318]	:	time Target is 1665142
1670462	[5320]	:	time Target is 1670462
1675787	[5325]	:	time Target is 1675787
1681110	[5323]	:	time Target is 1681110
1681337	[227]	:	Key	71	DOWN	at	1681336 
1686463	[5126]	:	time Target is 1686463
1691787	[5324]	:	time Target is 1691787
1692005	[218]	:	Key	71	DOWN	at	1692005 
1697163	[5158]	:	time Target is 1697163
1697316	[153]	:	Key	71	DOWN	at	1697316 
1702501	[5185]	:	time Target is 1702501
1702729	[228]	:	Key	71	DOWN	at	1702729 
1707843	[5114]	:	time Target is 1707843
1713169	[5326]	:	time Target is 1713169
1718497	[5328]	:	time Target is 1718497
1719188	[691]	:	Key	71	DOWN	at	1719188 
1723836	[4648]	:	time Target is 1723836
1729155	[5319]	:	time Target is 1729155
1729927	[772]	:	Key	71	DOWN	at	1729927 
1734489	[4562]	:	time Target is 1734489
1739808	[5319]	:	time Target is 1739808
1740740	[932]	:	Key	71	DOWN	at	1740740 
1745145	[4405]	:	time Target is 1745145
1745909	[764]	:	Key	71	DOWN	at	1745909 
1750482	[4573]	:	time Target is 1750482
1755804	[5322]	:	time Target is 1755804
1756618	[814]	:	Key	71	DOWN	at	1756617 
1761141	[4523]	:	time Target is 1761141
1762229	[1088]	:	Key	71	DOWN	at	1762229 
1766476	[4247]	:	time Target is 1766476
1766761	[285]	:	Key	71	DOWN	at	1766761 
1771815	[5054]	:	time Target is 1771815
1771975	[160]	:	Key	71	DOWN	at	1771974 
1777152	[5177]	:	time Target is 1777152
1782477	[5325]	:	time Target is 1782477
1787802	[5325]	:	time Target is 1787802
1788057	[255]	:	Key	71	DOWN	at	1788056 
1793139	[5082]	:	time Target is 1793139
1793398	[259]	:	Key	71	DOWN	at	1793397 
1798475	[5077]	:	time Target is 1798475
1798647	[172]	:	Key	71	DOWN	at	1798647 
1803820	[5173]	:	time Target is 1803820
1809142	[5322]	:	time Target is 1809142
1814467	[5325]	:	time Target is 1814467
1819783	[5316]	:	time Target is 1819783
1820056	[273]	:	Key	71	DOWN	at	1820056 
1825119	[5063]	:	time Target is 1825119
1830444	[5325]	:	time Target is 1830444
1845063	[14619]	:	Key	71	DOWN	at	1845063 
1845853	[790]	:	Key	71	UP	at	1845141 
1846122	[269]	:	time Target is 1846122
1846373	[251]	:	Key	71	DOWN	at	1846371 
1851458	[5085]	:	time Target is 1851458
1851577	[119]	:	Key	71	DOWN	at	1851576 
1856821	[5244]	:	time Target is 1856821
1857109	[288]	:	Key	71	DOWN	at	1857109 
1862162	[5053]	:	time Target is 1862162
1862404	[242]	:	Key	71	DOWN	at	1862403 
1867499	[5095]	:	time Target is 1867499
1867751	[252]	:	Key	71	DOWN	at	1867751 
1872832	[5081]	:	time Target is 1872832
1873172	[340]	:	Key	71	DOWN	at	1873172 
1878167	[4995]	:	time Target is 1878167
1883493	[5326]	:	time Target is 1883493
1888815	[5322]	:	time Target is 1888815
1889060	[245]	:	Key	71	DOWN	at	1889060 
1894155	[5095]	:	time Target is 1894155
1894406	[251]	:	Key	71	DOWN	at	1894406 
1899488	[5082]	:	time Target is 1899488
1904807	[5319]	:	time Target is 1904807
1910131	[5324]	:	time Target is 1910131
1910373	[242]	:	Key	71	DOWN	at	1910373 
1915468	[5095]	:	time Target is 1915468
1915670	[202]	:	Key	71	DOWN	at	1915670 
1920802	[5132]	:	time Target is 1920802
1921624	[822]	:	Key	71	DOWN	at	1921623 
1926139	[4515]	:	time Target is 1926139
1926345	[206]	:	Key	71	DOWN	at	1926345 
1931473	[5128]	:	time Target is 1931473
1936791	[5318]	:	time Target is 1936791
1942116	[5325]	:	time Target is 1942116
1947438	[5322]	:	time Target is 1947438
1952760	[5322]	:	time Target is 1952760
1958092	[5332]	:	time Target is 1958092
1958537	[445]	:	Key	71	DOWN	at	1958536 
1963443	[4906]	:	time Target is 1963443
1968766	[5323]	:	time Target is 1968766
1974091	[5325]	:	time Target is 1974091
1979409	[5318]	:	time Target is 1979409
1984732	[5323]	:	time Target is 1984732
1984982	[250]	:	Key	71	DOWN	at	1984982 
1990067	[5085]	:	time Target is 1990067
1995388	[5321]	:	time Target is 1995388
2000708	[5320]	:	time Target is 2000708
2000934	[226]	:	Key	71	DOWN	at	2000933 
2006046	[5112]	:	time Target is 2006046
2006280	[234]	:	Key	71	DOWN	at	2006280 
2011387	[5107]	:	time Target is 2011387
2011607	[220]	:	Key	71	DOWN	at	2011607 
2016722	[5115]	:	time Target is 2016722
2022075	[5353]	:	time Target is 2022075
2022406	[331]	:	Key	71	DOWN	at	2022406 
2027408	[5002]	:	time Target is 2027408
2032734	[5326]	:	time Target is 2032734
2032889	[155]	:	Key	71	DOWN	at	2032888 
2038074	[5185]	:	time Target is 2038074
2043409	[5335]	:	time Target is 2043409
2048731	[5322]	:	time Target is 2048731
2054052	[5321]	:	time Target is 2054052
2054165	[113]	:	Key	71	DOWN	at	2054164 
2059404	[5239]	:	time Target is 2059404
2064753	[5349]	:	time Target is 2064753
2064888	[135]	:	Key	71	DOWN	at	2064887 
2070087	[5199]	:	time Target is 2070087
2075409	[5322]	:	time Target is 2075409
2080732	[5323]	:	time Target is 2080732
2086056	[5324]	:	time Target is 2086056
2086199	[143]	:	Key	71	DOWN	at	2086199 
2091400	[5201]	:	time Target is 2091400
2091670	[270]	:	Key	71	DOWN	at	2091670 
2096734	[5064]	:	time Target is 2096734
2096870	[136]	:	Key	71	DOWN	at	2096870 
2102070	[5200]	:	time Target is 2102070
2102294	[224]	:	Key	71	DOWN	at	2102294 
2107406	[5112]	:	time Target is 2107406
2112724	[5318]	:	time Target is 2112724
2112949	[225]	:	Key	71	DOWN	at	2112949 
2118062	[5113]	:	time Target is 2118062
2123384	[5322]	:	time Target is 2123384
2128703	[5319]	:	time Target is 2128703
2134031	[5328]	:	time Target is 2134031
2134151	[120]	:	Key	71	DOWN	at	2134151 
2139363	[5212]	:	time Target is 2139363
2139481	[118]	:	Key	71	DOWN	at	2139480 
2144714	[5233]	:	time Target is 2144714
2150037	[5323]	:	time Target is 2150037
2155363	[5326]	:	time Target is 2155363
2155525	[162]	:	Key	71	DOWN	at	2155523 
2160716	[5191]	:	time Target is 2160716
2166037	[5321]	:	time Target is 2166037
2166260	[223]	:	Key	71	DOWN	at	2166260 
2171374	[5114]	:	time Target is 2171374
2176702	[5328]	:	time Target is 2176702
2182021	[5319]	:	time Target is 2182021
2182152	[131]	:	Key	71	DOWN	at	2182152 
2187353	[5201]	:	time Target is 2187353
2187652	[299]	:	Key	71	DOWN	at	2187652 
2192682	[5030]	:	time Target is 2192682
2198009	[5327]	:	time Target is 2198009
2203329	[5320]	:	time Target is 2203329
2203478	[149]	:	Key	71	DOWN	at	2203477 
2208666	[5188]	:	time Target is 2208666
2208807	[141]	:	Key	71	DOWN	at	2208807 
2214003	[5196]	:	time Target is 2214003
2219324	[5321]	:	time Target is 2219324
2224665	[5341]	:	time Target is 2224665
2229983	[5318]	:	time Target is 2229983
2235305	[5322]	:	time Target is 2235305
2235494	[189]	:	Key	71	DOWN	at	2235494 
2240644	[5150]	:	time Target is 2240644
2240773	[129]	:	Key	71	DOWN	at	2240772 
2245979	[5206]	:	time Target is 2245979
2246101	[122]	:	Key	71	DOWN	at	2246101 
2251311	[5210]	:	time Target is 2251311
2256634	[5323]	:	time Target is 2256634
2256774	[140]	:	Key	71	DOWN	at	2256773 
2261971	[5197]	:	time Target is 2261971
2262199	[228]	:	Key	71	DOWN	at	2262199 
2267308	[5109]	:	time Target is 2267308
2267449	[141]	:	Key	71	DOWN	at	2267448 
2272641	[5192]	:	time Target is 2272641
2277965	[5324]	:	time Target is 2277965
2278133	[168]	:	Key	71	DOWN	at	2278132 
2283302	[5169]	:	time Target is 2283302
2283447	[145]	:	Key	71	DOWN	at	2283446 
2288633	[5186]	:	time Target is 2288633
2293956	[5323]	:	time Target is 2293956
2294376	[420]	:	Key	71	DOWN	at	2294376 
2299296	[4920]	:	time Target is 2299296
2304616	[5320]	:	time Target is 2304616
2309938	[5322]	:	time Target is 2309938
2310213	[275]	:	Key	71	DOWN	at	2310211 
2315274	[5061]	:	time Target is 2315274
2320597	[5323]	:	time Target is 2320597
2320710	[113]	:	Key	71	DOWN	at	2320709 
2324899	[4189]	:	Key	71	UP	at	2320791 
2334329	[9430]	:	Key	71	DOWN	at	2334328 
2334441	[112]	:	Key	71	UP	at	2334440 
2350164	[15723]	:	Key	29	DOWN	at	2350164 
2350294	[130]	:	Key	29	UP	at	2350294 
2353609	[3315]	:	Key	28	DOWN	at	2353608 
2353731	[122]	:	Key	28	UP	at	2353731 
2375765	[22034]	:	Key	28	DOWN	at	2375764 
2375910	[145]	:	Key	28	UP	at	2375909 
2377095	[1185]	:	Key	28	DOWN	at	2377095 
2377205	[110]	:	Key	28	UP	at	2377205 
2387236	[10031]	:	Key	28	DOWN	at	2387236 
2387364	[128]	:	Key	28	UP	at	2387364 
2391381	[4017]	:	Key	29	DOWN	at	2391379 
2391559	[178]	:	Key	29	UP	at	2391558 
2394421	[2862]	:	Key	29	DOWN	at	2394421 
2394565	[144]	:	Key	29	UP	at	2394565 
2395495	[930]	:	Key	29	DOWN	at	2395495 
2395620	[125]	:	Key	29	UP	at	2395620 
2400421	[4801]	:	Key	29	DOWN	at	2400420 
2400534	[113]	:	Key	29	UP	at	2400534 
2401801	[1267]	:	Key	29	DOWN	at	2401801 
2401927	[126]	:	Key	29	UP	at	2401927 
2403717	[1790]	:	Key	28	DOWN	at	2403717 
2403816	[99]	:	Key	28	UP	at	2403815 
2405735	[1919]	:	Key	28	DOWN	at	2405735 
2405801	[66]	:	Key	28	UP	at	2405800 
2409510	[3709]	:	Key	29	DOWN	at	2409510 
2409626	[116]	:	Key	29	UP	at	2409625 
2410922	[1296]	:	Key	29	DOWN	at	2410921 
2411033	[111]	:	Key	29	UP	at	2411032 
2413221	[2188]	:	Key	28	DOWN	at	2413220 
2413319	[98]	:	Key	28	UP	at	2413319 
2414008	[689]	:	Key	28	DOWN	at	2414008 
2414025	[17]	:	COGENT STOP
