Cog2000 log file Wed Nov 20 16:03:12 2019
gprim v1.33 Compiled:Aug 12 2015 (GLib DirectDraw v7 DX12.0 Compiled:Aug 12 2015)
Display:1024x768x32 59.88Hz
Attaching C:\Program Files\Cogent2000v1.33\Toolbox\CogInput.mexw64
CogInput v1.05 Compiled: May 20 2010
4	[4]	:	COGENT START
11749	[11745]	:	Key	71	DOWN	at	11743   
11807	[58]	:	Key	71	UP	at	11807   
28382	[16575]	:	Key	71	DOWN	at	28380   
28513	[131]	:	Key	71	UP	at	28511   
32433	[3920]	:	Key	71	DOWN	at	32430   
32496	[63]	:	Key	71	UP	at	32494   
42641	[10145]	:	Key	71	DOWN	at	42641   
42716	[75]	:	Key	71	UP	at	42716   
56226	[13510]	:	Key	71	DOWN	at	56224   
56285	[59]	:	Key	71	UP	at	56284   
76543	[20258]	:	Key	71	DOWN	at	76542   
77409	[866]	:	time Target is 77401
77921	[512]	:	Key	71	DOWN	at	77920   
83525	[5604]	:	time Target is 83525
83901	[376]	:	Key	71	DOWN	at	83901   
89617	[5716]	:	time Target is 89615
90157	[540]	:	Key	71	DOWN	at	90157   
95715	[5558]	:	time Target is 95714
96704	[989]	:	Key	71	DOWN	at	96704   
104605	[7901]	:	Key	71	DOWN	at	104604  
105672	[1067]	:	time Target is 105668
112008	[6336]	:	time Target is 112007
118329	[6321]	:	time Target is 118329
124660	[6331]	:	time Target is 124659
144096	[19436]	:	Key	71	DOWN	at	144094  
144208	[112]	:	Key	71	UP	at	144207  
148111	[3903]	:	Key	71	DOWN	at	148110  
148254	[143]	:	Key	71	UP	at	148253  
151884	[3630]	:	Key	71	DOWN	at	151884  
151996	[112]	:	Key	71	UP	at	151995  
159932	[7936]	:	Key	71	DOWN	at	159932  
159997	[65]	:	Key	71	UP	at	159997  
164816	[4819]	:	Key	71	DOWN	at	164815  
165625	[809]	:	Key	71	UP	at	164958  
165651	[26]	:	time Target is 165651
166989	[1338]	:	Key	71	DOWN	at	166989  
170752	[3763]	:	time Target is 170752
172171	[1419]	:	Key	71	DOWN	at	172171  
175843	[3672]	:	time Target is 175843
180928	[5085]	:	time Target is 180928
181839	[911]	:	Key	71	DOWN	at	181838  
185242	[3403]	:	Key	71	UP	at	182048  
192973	[7731]	:	Key	71	DOWN	at	192972  
193067	[94]	:	Key	71	UP	at	193067  
197564	[4497]	:	Key	71	DOWN	at	197563  
198358	[794]	:	Key	71	UP	at	197756  
198382	[24]	:	time Target is 198381
199661	[1279]	:	Key	71	DOWN	at	199661  
203480	[3819]	:	time Target is 203480
208557	[5077]	:	time Target is 208556
209372	[815]	:	Key	71	DOWN	at	209372  
213646	[4274]	:	time Target is 213646
226720	[13074]	:	Key	71	DOWN	at	226720  
226828	[108]	:	Key	71	UP	at	226828  
230609	[3781]	:	Key	71	DOWN	at	230608  
231402	[793]	:	Key	71	UP	at	230750  
231423	[21]	:	time Target is 231423
232862	[1439]	:	Key	71	DOWN	at	232862  
236511	[3649]	:	time Target is 236511
241583	[5072]	:	time Target is 241583
242257	[674]	:	Key	71	DOWN	at	242256  
246669	[4412]	:	time Target is 246669
247756	[1087]	:	Key	71	DOWN	at	247756  
250969	[3213]	:	Key	71	UP	at	247952  
259038	[8069]	:	Key	71	DOWN	at	259038  
259103	[65]	:	Key	71	UP	at	259103  
262783	[3680]	:	Key	71	DOWN	at	262782  
263574	[791]	:	Key	71	UP	at	262877  
263598	[24]	:	time Target is 263598
264974	[1376]	:	Key	71	DOWN	at	264974  
268676	[3702]	:	time Target is 268676
273756	[5080]	:	time Target is 273756
274656	[900]	:	Key	71	DOWN	at	274655  
278848	[4192]	:	time Target is 278848
290604	[11756]	:	Key	71	DOWN	at	290604  
290734	[130]	:	Key	71	UP	at	290734  
304845	[14111]	:	Key	71	DOWN	at	304845  
304940	[95]	:	Key	71	UP	at	304939  
318112	[13172]	:	Key	71	DOWN	at	318111  
318205	[93]	:	Key	71	UP	at	318205  
329695	[11490]	:	Key	71	DOWN	at	329694  
329824	[129]	:	Key	71	UP	at	329824  
336523	[6699]	:	Key	71	DOWN	at	336523  
339091	[2568]	:	time Target is 339091
340336	[1245]	:	Key	71	DOWN	at	340336  
344431	[4095]	:	time Target is 344431
345580	[1149]	:	Key	71	DOWN	at	345579  
349780	[4200]	:	time Target is 349780
355107	[5327]	:	time Target is 355107
355772	[665]	:	Key	71	DOWN	at	355772  
360462	[4690]	:	time Target is 360461
361419	[957]	:	Key	71	DOWN	at	361419  
365804	[4385]	:	time Target is 365804
371121	[5317]	:	time Target is 371121
376444	[5323]	:	time Target is 376444
377149	[705]	:	Key	71	DOWN	at	377149  
381781	[4632]	:	time Target is 381781
382348	[567]	:	Key	71	DOWN	at	382347  
387118	[4770]	:	time Target is 387118
392442	[5324]	:	time Target is 392442
397761	[5319]	:	Key	71	DOWN	at	397677  
400576	[2815]	:	time Target is 400576
401868	[1292]	:	Key	71	DOWN	at	401868  
405914	[4046]	:	time Target is 405914
406606	[692]	:	Key	71	DOWN	at	406605  
411252	[4646]	:	time Target is 411252
412222	[970]	:	Key	71	DOWN	at	412222  
416591	[4369]	:	time Target is 416591
421913	[5322]	:	time Target is 421913
422509	[596]	:	Key	71	DOWN	at	422508  
427254	[4745]	:	time Target is 427254
428428	[1174]	:	Key	71	DOWN	at	428428  
432594	[4166]	:	time Target is 432594
437916	[5322]	:	time Target is 437916
443232	[5316]	:	time Target is 443232
443997	[765]	:	Key	71	DOWN	at	443997  
448570	[4573]	:	time Target is 448570
453891	[5321]	:	time Target is 453891
454412	[521]	:	Key	71	DOWN	at	454412  
459235	[4823]	:	time Target is 459235
460126	[891]	:	Key	71	DOWN	at	460125  
464575	[4449]	:	time Target is 464575
469900	[5325]	:	time Target is 469900
470768	[868]	:	Key	71	DOWN	at	470768  
475245	[4477]	:	time Target is 475245
480568	[5323]	:	time Target is 480568
481118	[550]	:	Key	71	DOWN	at	481118  
485902	[4784]	:	time Target is 485902
486721	[819]	:	Key	71	DOWN	at	486720  
491248	[4527]	:	time Target is 491248
492127	[879]	:	Key	71	DOWN	at	492127  
496580	[4453]	:	time Target is 496580
501905	[5325]	:	time Target is 501905
502943	[1038]	:	Key	71	DOWN	at	502942  
507241	[4298]	:	time Target is 507241
508124	[883]	:	Key	71	DOWN	at	508123  
512577	[4453]	:	time Target is 512577
517900	[5323]	:	time Target is 517900
518926	[1026]	:	Key	71	DOWN	at	518924  
523243	[4317]	:	time Target is 523243
524668	[1425]	:	Key	71	DOWN	at	524668  
528581	[3913]	:	time Target is 528581
529548	[967]	:	Key	71	DOWN	at	529548  
533962	[4414]	:	time Target is 533962
539281	[5319]	:	time Target is 539281
544602	[5321]	:	time Target is 544602
549924	[5322]	:	time Target is 549924
550044	[120]	:	Key	71	DOWN	at	550044  
554993	[4949]	:	Key	71	DOWN	at	554924  
557808	[2815]	:	time Target is 557808
558685	[877]	:	Key	71	DOWN	at	558685  
563149	[4464]	:	time Target is 563149
563887	[738]	:	Key	71	DOWN	at	563887  
568486	[4599]	:	time Target is 568486
569502	[1016]	:	Key	71	DOWN	at	569501  
573839	[4337]	:	time Target is 573839
574684	[845]	:	Key	71	DOWN	at	574684  
579174	[4490]	:	time Target is 579174
584492	[5318]	:	time Target is 584492
585358	[866]	:	Key	71	DOWN	at	585358  
589826	[4468]	:	time Target is 589826
590541	[715]	:	Key	71	DOWN	at	590540  
595161	[4620]	:	time Target is 595161
600480	[5319]	:	time Target is 600480
605802	[5322]	:	time Target is 605802
606911	[1109]	:	Key	71	DOWN	at	606910  
611144	[4233]	:	time Target is 611144
616464	[5320]	:	time Target is 616464
617050	[586]	:	Key	71	DOWN	at	617050  
621802	[4752]	:	time Target is 621802
622893	[1091]	:	Key	71	DOWN	at	622892  
627138	[4245]	:	time Target is 627138
632452	[5314]	:	time Target is 632452
633404	[952]	:	Key	71	DOWN	at	633403  
637787	[4383]	:	time Target is 637787
643108	[5321]	:	time Target is 643108
643949	[841]	:	Key	71	DOWN	at	643948  
648446	[4497]	:	time Target is 648446
648955	[509]	:	Key	71	DOWN	at	648955  
653783	[4828]	:	time Target is 653783
659109	[5326]	:	time Target is 659109
664429	[5320]	:	time Target is 664429
669749	[5320]	:	time Target is 669749
670574	[825]	:	Key	71	DOWN	at	670574  
675089	[4515]	:	time Target is 675089
680410	[5321]	:	time Target is 680410
681136	[726]	:	Key	71	DOWN	at	681135  
685740	[4604]	:	time Target is 685740
686719	[979]	:	Key	71	DOWN	at	686719  
691071	[4352]	:	time Target is 691071
696392	[5321]	:	time Target is 696392
697039	[647]	:	Key	71	DOWN	at	697039  
701732	[4693]	:	time Target is 701732
707053	[5321]	:	time Target is 707053
708347	[1294]	:	Key	71	DOWN	at	708347  
712394	[4047]	:	time Target is 712394
717715	[5321]	:	time Target is 717715
723037	[5322]	:	time Target is 723037
728357	[5320]	:	time Target is 728357
729504	[1147]	:	Key	71	DOWN	at	729502  
733715	[4211]	:	time Target is 733715
735050	[1335]	:	Key	71	DOWN	at	735050  
739057	[4007]	:	time Target is 739057
740298	[1241]	:	Key	71	DOWN	at	740298  
744393	[4095]	:	time Target is 744393
749711	[5318]	:	time Target is 749711
750703	[992]	:	Key	71	DOWN	at	750701  
755049	[4346]	:	time Target is 755049
760375	[5326]	:	time Target is 760375
765692	[5317]	:	time Target is 765692
766382	[690]	:	Key	71	DOWN	at	766380  
771028	[4646]	:	time Target is 771028
776343	[5315]	:	time Target is 776343
777213	[870]	:	Key	71	DOWN	at	777212  
781679	[4466]	:	time Target is 781679
787002	[5323]	:	time Target is 787002
792324	[5322]	:	time Target is 792324
797666	[5342]	:	time Target is 797666
798283	[617]	:	Key	71	DOWN	at	798283  
803001	[4718]	:	time Target is 803001
808359	[5358]	:	time Target is 808359
809691	[1332]	:	Key	71	DOWN	at	809691  
812662	[2971]	:	Key	71	UP	at	809787  
816718	[4056]	:	Key	71	DOWN	at	816718  
817509	[791]	:	Key	71	UP	at	816957  
817779	[270]	:	time Target is 817779
823104	[5325]	:	time Target is 823104
828428	[5324]	:	time Target is 828428
829068	[640]	:	Key	71	DOWN	at	829068  
833765	[4697]	:	time Target is 833765
839084	[5319]	:	time Target is 839084
844402	[5318]	:	time Target is 844402
845806	[1404]	:	Key	71	DOWN	at	845806  
849740	[3934]	:	time Target is 849740
855060	[5320]	:	time Target is 855060
860385	[5325]	:	time Target is 860385
861247	[862]	:	Key	71	DOWN	at	861246  
865725	[4478]	:	time Target is 865725
867118	[1393]	:	Key	71	DOWN	at	867117  
871064	[3946]	:	time Target is 871064
876382	[5318]	:	time Target is 876382
881704	[5322]	:	time Target is 881704
887020	[5316]	:	time Target is 887020
892407	[5387]	:	time Target is 892407
897731	[5324]	:	time Target is 897731
903054	[5323]	:	time Target is 903054
904494	[1440]	:	Key	71	DOWN	at	904494  
908394	[3900]	:	time Target is 908394
913714	[5320]	:	time Target is 913714
919033	[5319]	:	time Target is 919033
924353	[5320]	:	time Target is 924353
925050	[697]	:	Key	71	DOWN	at	925050  
929687	[4637]	:	time Target is 929687
935006	[5319]	:	time Target is 935006
936063	[1057]	:	Key	71	DOWN	at	936063  
940339	[4276]	:	time Target is 940339
945657	[5318]	:	time Target is 945657
946253	[596]	:	Key	71	DOWN	at	946253  
950994	[4741]	:	time Target is 950994
956319	[5325]	:	time Target is 956319
956959	[640]	:	Key	71	DOWN	at	956959  
961656	[4697]	:	time Target is 961656
962524	[868]	:	Key	71	DOWN	at	962524  
966994	[4470]	:	time Target is 966994
972317	[5323]	:	time Target is 972317
972894	[577]	:	Key	71	DOWN	at	972894  
977655	[4761]	:	time Target is 977655
983035	[5380]	:	time Target is 983035
983674	[639]	:	Key	71	DOWN	at	983673  
988377	[4703]	:	time Target is 988377
993694	[5317]	:	time Target is 993694
999018	[5324]	:	time Target is 999018
999660	[642]	:	Key	71	DOWN	at	999660  
1004359	[4699]	:	time Target is 1004359
1009679	[5320]	:	time Target is 1009679
1010301	[622]	:	Key	71	DOWN	at	1010300 
1015019	[4718]	:	time Target is 1015019
1020335	[5316]	:	time Target is 1020335
1021052	[717]	:	Key	71	DOWN	at	1021051 
1025674	[4622]	:	time Target is 1025674
1026398	[724]	:	Key	71	DOWN	at	1026397 
1031011	[4613]	:	time Target is 1031011
1031757	[746]	:	Key	71	DOWN	at	1031757 
1036345	[4588]	:	time Target is 1036345
1041665	[5320]	:	time Target is 1041665
1042334	[669]	:	Key	71	DOWN	at	1042334 
1047002	[4668]	:	time Target is 1047002
1052321	[5319]	:	time Target is 1052321
1053036	[715]	:	Key	71	DOWN	at	1053036 
1057674	[4638]	:	time Target is 1057674
1058569	[895]	:	Key	71	DOWN	at	1058569 
1063004	[4435]	:	time Target is 1063004
1068323	[5319]	:	time Target is 1068323
1073641	[5318]	:	time Target is 1073641
1074492	[851]	:	Key	71	DOWN	at	1074492 
1078980	[4488]	:	time Target is 1078980
1079982	[1002]	:	Key	71	DOWN	at	1079982 
1084329	[4347]	:	time Target is 1084329
1089651	[5322]	:	time Target is 1089651
1090270	[619]	:	Key	71	DOWN	at	1090270 
1094984	[4714]	:	time Target is 1094984
1100305	[5321]	:	time Target is 1100305
1105627	[5322]	:	time Target is 1105627
1110945	[5318]	:	time Target is 1110945
1112043	[1098]	:	Key	71	DOWN	at	1112043 
1116287	[4244]	:	time Target is 1116287
1121605	[5318]	:	time Target is 1121605
1122303	[698]	:	Key	71	DOWN	at	1122301 
1126944	[4641]	:	time Target is 1126944
1132266	[5322]	:	time Target is 1132266
1137586	[5320]	:	time Target is 1137586
1138413	[827]	:	Key	71	DOWN	at	1138413 
1142920	[4507]	:	time Target is 1142920
1148242	[5322]	:	time Target is 1148242
1149084	[842]	:	Key	71	DOWN	at	1149084 
1153578	[4494]	:	time Target is 1153578
1154255	[677]	:	Key	71	DOWN	at	1154254 
1158917	[4662]	:	time Target is 1158917
1164237	[5320]	:	time Target is 1164237
1165563	[1326]	:	Key	71	DOWN	at	1165562 
1169569	[4006]	:	time Target is 1169569
1170207	[638]	:	Key	71	DOWN	at	1170206 
1174903	[4696]	:	time Target is 1174903
1180226	[5323]	:	time Target is 1180226
1185548	[5322]	:	time Target is 1185548
1186894	[1346]	:	Key	71	DOWN	at	1186893 
1190884	[3990]	:	time Target is 1190884
1196202	[5318]	:	time Target is 1196202
1201519	[5317]	:	time Target is 1201519
1206840	[5321]	:	time Target is 1206840
1212167	[5327]	:	time Target is 1212167
1217489	[5322]	:	time Target is 1217489
1222809	[5320]	:	time Target is 1222809
1228128	[5319]	:	time Target is 1228128
1228748	[620]	:	Key	71	DOWN	at	1228748 
1233471	[4723]	:	time Target is 1233471
1234749	[1278]	:	Key	71	DOWN	at	1234748 
1238812	[4063]	:	time Target is 1238812
1239549	[737]	:	Key	71	DOWN	at	1239549 
1244155	[4606]	:	time Target is 1244155
1245565	[1410]	:	Key	71	DOWN	at	1245564 
1249491	[3926]	:	time Target is 1249491
1254813	[5322]	:	time Target is 1254813
1255737	[924]	:	Key	71	DOWN	at	1255737 
1260145	[4408]	:	time Target is 1260145
1265464	[5319]	:	time Target is 1265464
1266187	[723]	:	Key	71	DOWN	at	1266186 
1270803	[4616]	:	time Target is 1270803
1276122	[5319]	:	time Target is 1276122
1276797	[675]	:	Key	71	DOWN	at	1276796 
1281463	[4666]	:	time Target is 1281463
1286774	[5311]	:	Key	71	DOWN	at	1286635 
1289583	[2809]	:	time Target is 1289583
1290346	[763]	:	Key	71	DOWN	at	1290346 
1293927	[3581]	:	Key	71	UP	at	1290556 
1297884	[3957]	:	Key	71	DOWN	at	1297883 
1298589	[705]	:	Key	71	UP	at	1298589 
1301277	[2688]	:	Key	71	DOWN	at	1301276 
1302068	[791]	:	Key	71	UP	at	1301465 
1302337	[269]	:	time Target is 1302337
1307657	[5320]	:	time Target is 1307657
1308394	[737]	:	Key	71	DOWN	at	1308393 
1312995	[4601]	:	time Target is 1312995
1313964	[969]	:	Key	71	DOWN	at	1313963 
1318334	[4370]	:	time Target is 1318334
1323659	[5325]	:	time Target is 1323659
1328981	[5322]	:	time Target is 1328981
1334302	[5321]	:	time Target is 1334302
1335113	[811]	:	Key	71	DOWN	at	1335113 
1339635	[4522]	:	time Target is 1339635
1344954	[5319]	:	time Target is 1344954
1345788	[834]	:	Key	71	DOWN	at	1345787 
1350293	[4505]	:	time Target is 1350293
1355620	[5327]	:	time Target is 1355620
1360944	[5324]	:	Key	71	DOWN	at	1360907 
1363756	[2812]	:	time Target is 1363756
1369074	[5318]	:	time Target is 1369074
1374396	[5322]	:	time Target is 1374396
1375069	[673]	:	Key	71	DOWN	at	1375069 
1379732	[4663]	:	time Target is 1379732
1380443	[711]	:	Key	71	DOWN	at	1380443 
1385062	[4619]	:	time Target is 1385062
1385833	[771]	:	Key	71	DOWN	at	1385833 
1390400	[4567]	:	time Target is 1390400
1395721	[5321]	:	time Target is 1395721
1401040	[5319]	:	time Target is 1401040
1401694	[654]	:	Key	71	DOWN	at	1401693 
1406377	[4683]	:	time Target is 1406377
1407436	[1059]	:	Key	71	DOWN	at	1407435 
1411715	[4279]	:	time Target is 1411715
1417034	[5319]	:	time Target is 1417034
1422381	[5347]	:	time Target is 1422381
1423724	[1343]	:	Key	71	DOWN	at	1423724 
1427717	[3993]	:	time Target is 1427717
1428750	[1033]	:	Key	71	DOWN	at	1428749 
1433053	[4303]	:	time Target is 1433053
1438368	[5315]	:	time Target is 1438368
1438953	[585]	:	Key	71	DOWN	at	1438953 
1443701	[4748]	:	time Target is 1443701
1444506	[805]	:	Key	71	DOWN	at	1444505 
1449043	[4537]	:	time Target is 1449043
1454355	[5312]	:	time Target is 1454355
1459673	[5318]	:	time Target is 1459673
1460797	[1124]	:	Key	71	DOWN	at	1460796 
1465004	[4207]	:	time Target is 1465004
1466235	[1231]	:	Key	71	DOWN	at	1466234 
1470349	[4114]	:	time Target is 1470349
1475674	[5325]	:	time Target is 1475674
1476765	[1091]	:	Key	71	DOWN	at	1476765 
1481028	[4263]	:	time Target is 1481028
1486349	[5321]	:	time Target is 1486349
1487245	[896]	:	Key	71	DOWN	at	1487245 
1491693	[4448]	:	time Target is 1491693
1497013	[5320]	:	time Target is 1497013
1502336	[5323]	:	time Target is 1502336
1507658	[5322]	:	time Target is 1507658
1512714	[5056]	:	Key	71	DOWN	at	1512634 
1515577	[2863]	:	time Target is 1515577
1516444	[867]	:	Key	71	DOWN	at	1516444 
1520913	[4469]	:	time Target is 1520913
1522091	[1178]	:	Key	71	DOWN	at	1522091 
1526250	[4159]	:	time Target is 1526250
1527692	[1442]	:	Key	71	DOWN	at	1527692 
1531579	[3887]	:	time Target is 1531579
1536901	[5322]	:	time Target is 1536901
1542221	[5320]	:	time Target is 1542221
1547539	[5318]	:	time Target is 1547539
1552859	[5320]	:	time Target is 1552859
1553468	[609]	:	Key	71	DOWN	at	1553467 
1558197	[4729]	:	time Target is 1558197
1563517	[5320]	:	time Target is 1563517
1564249	[732]	:	Key	71	DOWN	at	1564249 
1568871	[4622]	:	time Target is 1568871
1574191	[5320]	:	time Target is 1574191
1574972	[781]	:	Key	71	DOWN	at	1574971 
1579528	[4556]	:	time Target is 1579528
1580345	[817]	:	Key	71	DOWN	at	1580345 
1584864	[4519]	:	time Target is 1584864
1585723	[859]	:	Key	71	DOWN	at	1585723 
1590196	[4473]	:	time Target is 1590196
1595518	[5322]	:	time Target is 1595518
1596205	[687]	:	Key	71	DOWN	at	1596204 
1600852	[4647]	:	time Target is 1600852
1606175	[5323]	:	time Target is 1606175
1606908	[733]	:	Key	71	DOWN	at	1606908 
1611511	[4603]	:	time Target is 1611511
1616830	[5319]	:	time Target is 1616830
1618218	[1388]	:	Key	71	DOWN	at	1618217 
1622168	[3950]	:	time Target is 1622168
1622907	[739]	:	Key	71	DOWN	at	1622906 
1627509	[4602]	:	time Target is 1627509
1628236	[727]	:	Key	71	DOWN	at	1628236 
1632843	[4607]	:	time Target is 1632843
1633516	[673]	:	Key	71	DOWN	at	1633516 
1638195	[4679]	:	time Target is 1638195
1643515	[5320]	:	time Target is 1643515
1648834	[5319]	:	time Target is 1648834
1649691	[857]	:	Key	71	DOWN	at	1649691 
1654166	[4475]	:	Key	71	DOWN	at	1653917 
1654167	[1]	:	Key	71	UP	at	1654140 
1656987	[2820]	:	time Target is 1656987
1657992	[1005]	:	Key	71	DOWN	at	1657992 
1662322	[4330]	:	time Target is 1662322
1662893	[571]	:	Key	71	DOWN	at	1662893 
1667660	[4767]	:	time Target is 1667660
1672985	[5325]	:	time Target is 1672985
1673642	[657]	:	Key	71	DOWN	at	1673642 
1678316	[4674]	:	time Target is 1678316
1683640	[5324]	:	time Target is 1683640
1684156	[516]	:	Key	71	DOWN	at	1684156 
1688974	[4818]	:	time Target is 1688974
1690106	[1132]	:	Key	71	DOWN	at	1690106 
1694309	[4203]	:	time Target is 1694309
1695387	[1078]	:	Key	71	DOWN	at	1695386 
1699646	[4259]	:	time Target is 1699646
1700555	[909]	:	Key	71	DOWN	at	1700554 
1705028	[4473]	:	time Target is 1705028
1710348	[5320]	:	time Target is 1710348
1715674	[5326]	:	time Target is 1715674
1720995	[5321]	:	time Target is 1720995
1726320	[5325]	:	time Target is 1726320
1727067	[747]	:	Key	71	DOWN	at	1727066 
1731660	[4593]	:	time Target is 1731660
1732557	[897]	:	Key	71	DOWN	at	1732557 
1736997	[4440]	:	time Target is 1736997
1737753	[756]	:	Key	71	DOWN	at	1737753 
1742336	[4583]	:	time Target is 1742336
1747660	[5324]	:	time Target is 1747660
1748587	[927]	:	Key	71	DOWN	at	1748586 
1752996	[4409]	:	time Target is 1752996
1754076	[1080]	:	Key	71	DOWN	at	1754076 
1758334	[4258]	:	time Target is 1758334
1759230	[896]	:	Key	71	DOWN	at	1759229 
1763672	[4442]	:	time Target is 1763672
1764249	[577]	:	Key	71	DOWN	at	1764249 
1769003	[4754]	:	time Target is 1769003
1769932	[929]	:	Key	71	DOWN	at	1769932 
1773302	[3370]	:	Key	71	UP	at	1770252 
1778765	[5463]	:	Key	71	DOWN	at	1778765 
1779549	[784]	:	Key	71	UP	at	1779114 
1779818	[269]	:	time Target is 1779818
1785139	[5321]	:	time Target is 1785139
1790460	[5321]	:	time Target is 1790460
1795783	[5323]	:	time Target is 1795783
1796588	[805]	:	Key	71	DOWN	at	1796588 
1801120	[4532]	:	time Target is 1801120
1806442	[5322]	:	time Target is 1806442
1807195	[753]	:	Key	71	DOWN	at	1807195 
1811776	[4581]	:	time Target is 1811776
1817092	[5316]	:	time Target is 1817092
1822417	[5325]	:	time Target is 1822417
1823787	[1370]	:	Key	71	DOWN	at	1823786 
1827758	[3971]	:	time Target is 1827758
1833075	[5317]	:	time Target is 1833075
1833722	[647]	:	Key	71	DOWN	at	1833721 
1838414	[4692]	:	time Target is 1838414
1843735	[5321]	:	time Target is 1843735
1849069	[5334]	:	time Target is 1849069
1854395	[5326]	:	time Target is 1854395
1855096	[701]	:	Key	71	DOWN	at	1855096 
1859731	[4635]	:	time Target is 1859731
1860412	[681]	:	Key	71	DOWN	at	1860411 
1865061	[4649]	:	time Target is 1865061
1865689	[628]	:	Key	71	DOWN	at	1865689 
1870393	[4704]	:	time Target is 1870393
1875712	[5319]	:	time Target is 1875712
1881033	[5321]	:	time Target is 1881033
1881768	[735]	:	Key	71	DOWN	at	1881768 
1886372	[4604]	:	time Target is 1886372
1887384	[1012]	:	Key	71	DOWN	at	1887383 
1891707	[4323]	:	time Target is 1891707
1892459	[752]	:	Key	71	DOWN	at	1892459 
1897042	[4583]	:	time Target is 1897042
1902360	[5318]	:	time Target is 1902360
1903642	[1282]	:	Key	71	DOWN	at	1903642 
1907698	[4056]	:	time Target is 1907698
1908570	[872]	:	Key	71	DOWN	at	1908570 
1913039	[4469]	:	time Target is 1913039
1918367	[5328]	:	time Target is 1918367
1923689	[5322]	:	time Target is 1923689
1924348	[659]	:	Key	71	DOWN	at	1924347 
1929024	[4676]	:	time Target is 1929024
1930040	[1016]	:	Key	71	DOWN	at	1930040 
1934361	[4321]	:	time Target is 1934361
1939684	[5323]	:	time Target is 1939684
1945006	[5322]	:	time Target is 1945006
1950322	[5316]	:	time Target is 1950322
1951643	[1321]	:	Key	71	DOWN	at	1951642 
1955661	[4018]	:	time Target is 1955661
1960980	[5319]	:	time Target is 1960980
1966301	[5321]	:	time Target is 1966301
1967066	[765]	:	Key	71	DOWN	at	1967066 
1971640	[4574]	:	time Target is 1971640
1976970	[5330]	:	time Target is 1976970
1982292	[5322]	:	time Target is 1982292
1983084	[792]	:	Key	71	DOWN	at	1983084 
1987631	[4547]	:	time Target is 1987631
1988333	[702]	:	Key	71	DOWN	at	1988333 
1992966	[4633]	:	time Target is 1992966
1998289	[5323]	:	time Target is 1998289
2003612	[5323]	:	time Target is 2003612
2004345	[733]	:	Key	71	DOWN	at	2004345 
2008953	[4608]	:	time Target is 2008953
2014270	[5317]	:	time Target is 2014270
2014807	[537]	:	Key	71	DOWN	at	2014807 
2019604	[4797]	:	time Target is 2019604
2024925	[5321]	:	time Target is 2024925
2030255	[5330]	:	time Target is 2030255
2030808	[553]	:	Key	71	DOWN	at	2030808 
2035594	[4786]	:	time Target is 2035594
2040910	[5316]	:	time Target is 2040910
2046232	[5322]	:	time Target is 2046232
2047353	[1121]	:	Key	71	DOWN	at	2047353 
2051570	[4217]	:	time Target is 2051570
2052619	[1049]	:	Key	71	DOWN	at	2052619 
2056904	[4285]	:	time Target is 2056904
2062224	[5320]	:	time Target is 2062224
2067536	[5312]	:	time Target is 2067536
2072855	[5319]	:	time Target is 2072855
2073659	[804]	:	Key	71	DOWN	at	2073659 
2078188	[4529]	:	time Target is 2078188
2083505	[5317]	:	time Target is 2083505
2084170	[665]	:	Key	71	DOWN	at	2084168 
2088842	[4672]	:	time Target is 2088842
2094164	[5322]	:	time Target is 2094164
2099481	[5317]	:	time Target is 2099481
2104801	[5320]	:	time Target is 2104801
2110123	[5322]	:	time Target is 2110123
2115446	[5323]	:	time Target is 2115446
2120765	[5319]	:	time Target is 2120765
2121629	[864]	:	Key	71	DOWN	at	2121628 
2126102	[4473]	:	time Target is 2126102
2131423	[5321]	:	time Target is 2131423
2136745	[5322]	:	time Target is 2136745
2137516	[771]	:	Key	71	DOWN	at	2137516 
2142135	[4619]	:	time Target is 2142135
2142844	[709]	:	Key	71	DOWN	at	2142843 
2147474	[4630]	:	time Target is 2147474
2152792	[5318]	:	time Target is 2152792
2153335	[543]	:	Key	71	DOWN	at	2153335 
2158130	[4795]	:	time Target is 2158130
2159067	[937]	:	Key	71	DOWN	at	2159067 
2163469	[4402]	:	time Target is 2163469
2164280	[811]	:	Key	71	DOWN	at	2164280 
2168806	[4526]	:	time Target is 2168806
2169515	[709]	:	Key	71	DOWN	at	2169514 
2174145	[4630]	:	time Target is 2174145
2179467	[5322]	:	time Target is 2179467
2184788	[5321]	:	time Target is 2184788
2190109	[5321]	:	time Target is 2190109
2190810	[701]	:	Key	71	DOWN	at	2190810 
2195449	[4639]	:	time Target is 2195449
2200770	[5321]	:	time Target is 2200770
2206090	[5320]	:	time Target is 2206090
2211410	[5320]	:	time Target is 2211410
2212796	[1386]	:	Key	71	DOWN	at	2212795 
2216746	[3950]	:	time Target is 2216746
2217452	[706]	:	Key	71	DOWN	at	2217452 
2222084	[4632]	:	time Target is 2222084
2227407	[5323]	:	time Target is 2227407
2232728	[5321]	:	time Target is 2232728
2238046	[5318]	:	time Target is 2238046
2238971	[925]	:	Key	71	DOWN	at	2238971 
2243384	[4413]	:	time Target is 2243384
2244840	[1456]	:	Key	71	DOWN	at	2244840 
2248728	[3888]	:	time Target is 2248728
2249624	[896]	:	Key	71	DOWN	at	2249623 
2254071	[4447]	:	time Target is 2254071
2268440	[14369]	:	Key	71	DOWN	at	2268440 
2268616	[176]	:	Key	71	UP	at	2268616 
2276328	[7712]	:	Key	29	DOWN	at	2276328 
2276457	[129]	:	Key	29	UP	at	2276456 
2280988	[4531]	:	Key	28	DOWN	at	2280987 
2281164	[176]	:	Key	28	UP	at	2281163 
2290122	[8958]	:	Key	28	DOWN	at	2290122 
2290280	[158]	:	Key	28	UP	at	2290280 
2292648	[2368]	:	Key	28	DOWN	at	2292647 
2292794	[146]	:	Key	28	UP	at	2292793 
2296986	[4192]	:	Key	29	DOWN	at	2296985 
2297112	[126]	:	Key	29	UP	at	2297111 
2299323	[2211]	:	Key	29	DOWN	at	2299323 
2299417	[94]	:	Key	29	UP	at	2299416 
2307915	[8498]	:	Key	28	DOWN	at	2307913 
2308059	[144]	:	Key	28	UP	at	2308058 
2309306	[1247]	:	Key	29	DOWN	at	2309305 
2309386	[80]	:	Key	29	UP	at	2309386 
2313852	[4466]	:	Key	28	DOWN	at	2313851 
2313962	[110]	:	Key	28	UP	at	2313961 
2315484	[1522]	:	Key	28	DOWN	at	2315483 
2315611	[127]	:	Key	28	UP	at	2315611 
2321528	[5917]	:	Key	28	DOWN	at	2321528 
2321607	[79]	:	Key	28	UP	at	2321607 
2323164	[1557]	:	Key	29	DOWN	at	2323164 
2323288	[124]	:	Key	29	UP	at	2323287 
2335000	[11712]	:	Key	29	DOWN	at	2335000 
2335211	[211]	:	Key	29	UP	at	2335210 
2337575	[2364]	:	Key	29	DOWN	at	2337575 
2337641	[66]	:	Key	29	UP	at	2337640 
2340506	[2865]	:	Key	28	DOWN	at	2340506 
2340632	[126]	:	Key	28	UP	at	2340632 
2342317	[1685]	:	Key	29	DOWN	at	2342316 
2342348	[31]	:	COGENT STOP
