Cog2000 log file Sat Jan 18 11:03:26 2020
gprim v1.33 Compiled:Aug 12 2015 (GLib DirectDraw v7 DX12.0 Compiled:Aug 12 2015)
Display:1024x768x32 59.99Hz
Attaching C:\Program Files\Cogent2000v1.33\Toolbox\CogInput.mexw64
CogInput v1.05 Compiled: May 20 2010
7	[7]	:	COGENT START
9136	[9129]	:	Key	71	DOWN	at	9131    
9230	[94]	:	Key	71	UP	at	9229    
26223	[16993]	:	Key	71	DOWN	at	26221   
26319	[96]	:	Key	71	UP	at	26286   
29457	[3138]	:	Key	71	DOWN	at	29453   
29546	[89]	:	Key	71	UP	at	29546   
39389	[9843]	:	Key	71	DOWN	at	39389   
39469	[80]	:	Key	71	UP	at	39469   
53467	[13998]	:	Key	71	DOWN	at	53466   
53566	[99]	:	Key	71	UP	at	53565   
71243	[17677]	:	Key	71	DOWN	at	71242   
72865	[1622]	:	time Target is 72492
73162	[297]	:	Key	71	DOWN	at	73161   
78684	[5522]	:	time Target is 78682
79292	[608]	:	Key	71	DOWN	at	79291   
84836	[5544]	:	time Target is 84835
85358	[522]	:	Key	71	DOWN	at	85357   
90974	[5616]	:	time Target is 90973
91438	[464]	:	Key	71	DOWN	at	91437   
97962	[6524]	:	Key	71	DOWN	at	97962   
99101	[1139]	:	time Target is 99021
105440	[6339]	:	time Target is 105440
111867	[6427]	:	time Target is 111867
118202	[6335]	:	time Target is 118201
135740	[17538]	:	Key	71	DOWN	at	135740  
135868	[128]	:	Key	71	UP	at	135868  
139643	[3775]	:	Key	71	DOWN	at	139643  
139741	[98]	:	Key	71	UP	at	139741  
143180	[3439]	:	Key	71	DOWN	at	143179  
143261	[81]	:	Key	71	UP	at	143260  
150441	[7180]	:	Key	71	DOWN	at	150441  
150522	[81]	:	Key	71	UP	at	150522  
152122	[1600]	:	Key	71	DOWN	at	152122  
153504	[1382]	:	time Target is 153503
154030	[526]	:	Key	71	DOWN	at	154030  
158610	[4580]	:	time Target is 158610
159163	[553]	:	Key	71	DOWN	at	159162  
163698	[4535]	:	time Target is 163698
164173	[475]	:	Key	71	DOWN	at	164172  
168799	[4626]	:	time Target is 168798
169165	[366]	:	Key	71	DOWN	at	169164  
173902	[4737]	:	time Target is 173901
174393	[491]	:	Key	71	DOWN	at	174393  
178200	[3807]	:	Key	71	UP	at	174540  
179531	[1331]	:	Key	71	DOWN	at	179530  
180318	[787]	:	Key	71	UP	at	179643  
180341	[23]	:	time Target is 180340
190283	[9942]	:	Key	71	DOWN	at	190282  
190462	[179]	:	Key	71	UP	at	190461  
193165	[2703]	:	Key	71	DOWN	at	193165  
193949	[784]	:	Key	71	UP	at	193305  
193968	[19]	:	time Target is 193967
194938	[970]	:	Key	71	DOWN	at	194937  
199043	[4105]	:	time Target is 199043
204126	[5083]	:	time Target is 204125
209203	[5077]	:	time Target is 209203
219483	[10280]	:	Key	71	DOWN	at	219483  
219663	[180]	:	Key	71	UP	at	219662  
220794	[1131]	:	Key	71	DOWN	at	220793  
221588	[794]	:	Key	71	UP	at	220906  
221611	[23]	:	time Target is 221611
222361	[750]	:	Key	71	DOWN	at	222361  
226693	[4332]	:	time Target is 226692
231775	[5082]	:	time Target is 231775
232237	[462]	:	Key	71	DOWN	at	232237  
236853	[4616]	:	time Target is 236853
237294	[441]	:	Key	71	DOWN	at	237294  
241154	[3860]	:	Key	71	UP	at	237485  
246622	[5468]	:	Key	71	DOWN	at	246622  
246747	[125]	:	Key	71	UP	at	246746  
248315	[1568]	:	Key	71	DOWN	at	248314  
249110	[795]	:	Key	71	UP	at	248474  
249127	[17]	:	time Target is 249126
249868	[741]	:	Key	71	DOWN	at	249867  
254217	[4349]	:	time Target is 254217
259288	[5071]	:	time Target is 259288
264373	[5085]	:	time Target is 264373
274254	[9881]	:	Key	71	DOWN	at	274254  
274393	[139]	:	Key	71	UP	at	274393  
287386	[12993]	:	Key	71	DOWN	at	287386  
287582	[196]	:	Key	71	UP	at	287581  
298730	[11148]	:	Key	71	DOWN	at	298729  
298888	[158]	:	Key	71	UP	at	298888  
310040	[11152]	:	Key	71	DOWN	at	310040  
310169	[129]	:	Key	71	UP	at	310169  
314765	[4596]	:	Key	71	DOWN	at	314763  
319866	[5101]	:	time Target is 319866
320221	[355]	:	Key	71	DOWN	at	320221  
325192	[4971]	:	time Target is 325192
325562	[370]	:	Key	71	DOWN	at	325561  
330528	[4966]	:	time Target is 330528
335852	[5324]	:	time Target is 335852
336202	[350]	:	Key	71	DOWN	at	336202  
341180	[4978]	:	time Target is 341179
341535	[355]	:	Key	71	DOWN	at	341534  
346503	[4968]	:	time Target is 346503
346780	[277]	:	Key	71	DOWN	at	346779  
351842	[5062]	:	time Target is 351842
352234	[392]	:	Key	71	DOWN	at	352234  
357182	[4948]	:	time Target is 357182
357469	[287]	:	Key	71	DOWN	at	357469  
362528	[5059]	:	time Target is 362528
362890	[362]	:	Key	71	DOWN	at	362890  
367859	[4969]	:	time Target is 367859
373178	[5319]	:	time Target is 373178
378492	[5314]	:	time Target is 378492
383817	[5325]	:	time Target is 383817
384223	[406]	:	Key	71	DOWN	at	384222  
389141	[4918]	:	time Target is 389141
389547	[406]	:	Key	71	DOWN	at	389546  
394481	[4934]	:	time Target is 394481
399801	[5320]	:	time Target is 399801
400088	[287]	:	Key	71	DOWN	at	400088  
405137	[5049]	:	time Target is 405137
410454	[5317]	:	time Target is 410454
410699	[245]	:	Key	71	DOWN	at	410698  
415791	[5092]	:	time Target is 415791
421111	[5320]	:	time Target is 421111
421306	[195]	:	Key	71	DOWN	at	421305  
426452	[5146]	:	time Target is 426452
431788	[5336]	:	time Target is 431788
432187	[399]	:	Key	71	DOWN	at	432187  
437119	[4932]	:	time Target is 437119
437513	[394]	:	Key	71	DOWN	at	437513  
442444	[4931]	:	time Target is 442444
442620	[176]	:	Key	71	DOWN	at	442620  
447779	[5159]	:	time Target is 447779
447838	[59]	:	Key	71	DOWN	at	447837  
453108	[5270]	:	time Target is 453108
453726	[618]	:	Key	71	DOWN	at	453726  
458882	[5156]	:	time Target is 458882
459149	[267]	:	Key	71	DOWN	at	459149  
464200	[5051]	:	time Target is 464200
464538	[338]	:	Key	71	DOWN	at	464538  
469527	[4989]	:	time Target is 469527
469788	[261]	:	Key	71	DOWN	at	469787  
475778	[5990]	:	time Target is 475778
476076	[298]	:	Key	71	DOWN	at	476075  
481103	[5027]	:	time Target is 481103
481421	[318]	:	Key	71	DOWN	at	481420  
486428	[5007]	:	time Target is 486428
486649	[221]	:	Key	71	DOWN	at	486648  
491763	[5114]	:	time Target is 491763
492041	[278]	:	Key	71	DOWN	at	492040  
497102	[5061]	:	time Target is 497102
502425	[5323]	:	time Target is 502425
503051	[626]	:	Key	71	DOWN	at	503051  
507762	[4711]	:	time Target is 507762
513083	[5321]	:	time Target is 513083
513400	[317]	:	Key	71	DOWN	at	513400  
518409	[5009]	:	time Target is 518409
518779	[370]	:	Key	71	DOWN	at	518778  
523736	[4957]	:	time Target is 523736
523803	[67]	:	Key	71	DOWN	at	523802  
529059	[5256]	:	time Target is 529059
534372	[5313]	:	time Target is 534372
534700	[328]	:	Key	71	DOWN	at	534699  
539698	[4998]	:	time Target is 539698
545105	[5407]	:	time Target is 545105
550432	[5327]	:	time Target is 550432
550700	[268]	:	Key	71	DOWN	at	550699  
555833	[5133]	:	time Target is 555833
561147	[5314]	:	time Target is 561147
566769	[5622]	:	time Target is 566769
572094	[5325]	:	time Target is 572094
572424	[330]	:	Key	71	DOWN	at	572424  
577422	[4998]	:	time Target is 577422
582737	[5315]	:	time Target is 582737
588053	[5316]	:	time Target is 588053
588365	[312]	:	Key	71	DOWN	at	588365  
593381	[5016]	:	time Target is 593381
593630	[249]	:	Key	71	DOWN	at	593629  
598704	[5074]	:	time Target is 598704
598939	[235]	:	Key	71	DOWN	at	598938  
604027	[5088]	:	time Target is 604027
604302	[275]	:	Key	71	DOWN	at	604301  
609353	[5051]	:	time Target is 609353
609643	[290]	:	Key	71	DOWN	at	609642  
614692	[5049]	:	time Target is 614692
620050	[5358]	:	time Target is 620050
620331	[281]	:	Key	71	DOWN	at	620331  
625402	[5071]	:	time Target is 625402
626265	[863]	:	Key	71	DOWN	at	626265  
630746	[4481]	:	time Target is 630746
631037	[291]	:	Key	71	DOWN	at	631037  
636078	[5041]	:	time Target is 636078
636172	[94]	:	Key	71	DOWN	at	636172  
641409	[5237]	:	time Target is 641409
646738	[5329]	:	time Target is 646738
652061	[5323]	:	time Target is 652060
652653	[592]	:	Key	71	DOWN	at	652652  
657407	[4754]	:	time Target is 657407
657594	[187]	:	Key	71	DOWN	at	657593  
662729	[5135]	:	time Target is 662729
662862	[133]	:	Key	71	DOWN	at	662861  
668054	[5192]	:	time Target is 668054
673375	[5321]	:	time Target is 673375
678690	[5315]	:	time Target is 678690
678940	[250]	:	Key	71	DOWN	at	678940  
688027	[9087]	:	time Target is 688027
693396	[5369]	:	time Target is 693396
693769	[373]	:	Key	71	DOWN	at	693769  
698737	[4968]	:	time Target is 698737
698828	[91]	:	Key	71	DOWN	at	698828  
704056	[5228]	:	time Target is 704056
709439	[5383]	:	time Target is 709439
709580	[141]	:	Key	71	UP	at	709580  
709915	[335]	:	Key	71	DOWN	at	709915  
714765	[4850]	:	time Target is 714765
714990	[225]	:	Key	71	DOWN	at	714989  
720093	[5103]	:	time Target is 720093
725408	[5315]	:	time Target is 725408
725870	[462]	:	Key	71	DOWN	at	725869  
730750	[4880]	:	time Target is 730750
736062	[5312]	:	time Target is 736062
736173	[111]	:	Key	71	DOWN	at	736172  
741390	[5217]	:	time Target is 741390
741581	[191]	:	Key	71	DOWN	at	741581  
746709	[5128]	:	time Target is 746709
747353	[644]	:	Key	71	DOWN	at	747353  
752028	[4675]	:	time Target is 752028
757354	[5326]	:	time Target is 757354
757833	[479]	:	Key	71	DOWN	at	757833  
762690	[4857]	:	time Target is 762690
763227	[537]	:	Key	71	DOWN	at	763227  
768012	[4785]	:	time Target is 768012
773335	[5323]	:	time Target is 773335
773660	[325]	:	Key	71	DOWN	at	773659  
778674	[5014]	:	time Target is 778674
779213	[539]	:	Key	71	DOWN	at	779213  
784011	[4798]	:	time Target is 784011
784700	[689]	:	Key	71	DOWN	at	784699  
789353	[4653]	:	time Target is 789353
794706	[5353]	:	time Target is 794706
795001	[295]	:	Key	71	DOWN	at	795000  
800047	[5046]	:	time Target is 800047
805672	[5625]	:	Key	71	DOWN	at	805672  
806461	[789]	:	Key	71	UP	at	805867  
806730	[269]	:	time Target is 806730
807323	[593]	:	Key	71	DOWN	at	807322  
812098	[4775]	:	time Target is 812098
817421	[5323]	:	time Target is 817421
822741	[5320]	:	time Target is 822741
823017	[276]	:	Key	71	DOWN	at	823017  
828092	[5075]	:	time Target is 828092
828360	[268]	:	Key	71	DOWN	at	828360  
833463	[5103]	:	time Target is 833463
834347	[884]	:	Key	71	DOWN	at	834347  
838806	[4459]	:	time Target is 838806
839160	[354]	:	Key	71	DOWN	at	839160  
844139	[4979]	:	time Target is 844139
849463	[5324]	:	time Target is 849463
854780	[5317]	:	Key	71	DOWN	at	854699  
857604	[2824]	:	time Target is 857604
857962	[358]	:	Key	71	DOWN	at	857961  
862938	[4976]	:	time Target is 862938
868260	[5322]	:	time Target is 868260
868809	[549]	:	Key	71	DOWN	at	868809  
873595	[4786]	:	time Target is 873595
878915	[5320]	:	time Target is 878915
884235	[5320]	:	time Target is 884235
884505	[270]	:	Key	71	DOWN	at	884505  
889571	[5066]	:	time Target is 889571
890281	[710]	:	Key	71	DOWN	at	890281  
894908	[4627]	:	time Target is 894908
895532	[624]	:	Key	71	DOWN	at	895531  
900244	[4712]	:	time Target is 900244
905564	[5320]	:	time Target is 905564
910885	[5321]	:	time Target is 910885
911339	[454]	:	Key	71	DOWN	at	911338  
916223	[4884]	:	time Target is 916223
921546	[5323]	:	time Target is 921546
921978	[432]	:	Key	71	DOWN	at	921978  
926878	[4900]	:	time Target is 926878
932201	[5323]	:	time Target is 932201
937524	[5323]	:	time Target is 937524
938363	[839]	:	Key	71	DOWN	at	938363  
942884	[4521]	:	time Target is 942884
943163	[279]	:	Key	71	DOWN	at	943163  
948221	[5058]	:	time Target is 948221
948760	[539]	:	Key	71	DOWN	at	948759  
953550	[4790]	:	time Target is 953550
958873	[5323]	:	time Target is 958873
964199	[5326]	:	time Target is 964199
964524	[325]	:	Key	71	DOWN	at	964524  
969535	[5011]	:	time Target is 969535
974856	[5321]	:	time Target is 974856
975529	[673]	:	Key	71	DOWN	at	975528  
980195	[4666]	:	time Target is 980195
985516	[5321]	:	time Target is 985516
990841	[5325]	:	time Target is 990841
996209	[5368]	:	time Target is 996209
996584	[375]	:	Key	71	DOWN	at	996583  
1001548	[4964]	:	time Target is 1001548
1001756	[208]	:	Key	71	DOWN	at	1001755 
1006889	[5133]	:	time Target is 1006889
1007224	[335]	:	Key	71	DOWN	at	1007224 
1012232	[5008]	:	time Target is 1012232
1012506	[274]	:	Key	71	DOWN	at	1012506 
1017567	[5061]	:	time Target is 1017567
1022890	[5323]	:	time Target is 1022890
1023399	[509]	:	Key	71	DOWN	at	1023399 
1028229	[4830]	:	time Target is 1028229
1028329	[100]	:	Key	71	DOWN	at	1028329 
1033565	[5236]	:	time Target is 1033565
1033949	[384]	:	Key	71	DOWN	at	1033949 
1038909	[4960]	:	time Target is 1038909
1039178	[269]	:	Key	71	DOWN	at	1039178 
1044243	[5065]	:	time Target is 1044243
1049566	[5323]	:	time Target is 1049566
1049612	[46]	:	Key	71	DOWN	at	1049612 
1054894	[5282]	:	time Target is 1054894
1055453	[559]	:	Key	71	DOWN	at	1055452 
1060233	[4780]	:	time Target is 1060233
1065554	[5321]	:	time Target is 1065554
1070878	[5324]	:	time Target is 1070878
1071802	[924]	:	Key	71	DOWN	at	1071801 
1076216	[4414]	:	time Target is 1076216
1076572	[356]	:	Key	71	DOWN	at	1076571 
1081554	[4982]	:	time Target is 1081554
1086876	[5322]	:	time Target is 1086876
1087018	[142]	:	Key	71	DOWN	at	1087018 
1092212	[5194]	:	time Target is 1092212
1092475	[263]	:	Key	71	DOWN	at	1092474 
1097549	[5074]	:	time Target is 1097549
1097788	[239]	:	Key	71	DOWN	at	1097788 
1102888	[5100]	:	time Target is 1102888
1103404	[516]	:	Key	71	DOWN	at	1103403 
1108214	[4810]	:	Key	71	DOWN	at	1108091 
1111026	[2812]	:	time Target is 1111026
1111610	[584]	:	Key	71	DOWN	at	1111610 
1116364	[4754]	:	time Target is 1116364
1121688	[5324]	:	time Target is 1121688
1127012	[5324]	:	time Target is 1127012
1132334	[5322]	:	time Target is 1132334
1137659	[5325]	:	time Target is 1137659
1142982	[5323]	:	time Target is 1142982
1144092	[1110]	:	Key	71	DOWN	at	1144091 
1148327	[4235]	:	time Target is 1148327
1148392	[65]	:	Key	71	DOWN	at	1148392 
1153663	[5271]	:	time Target is 1153663
1158989	[5326]	:	time Target is 1158989
1164308	[5319]	:	time Target is 1164308
1164635	[327]	:	Key	71	DOWN	at	1164634 
1169658	[5023]	:	time Target is 1169658
1174978	[5320]	:	time Target is 1174978
1180295	[5317]	:	Key	71	DOWN	at	1180167 
1182844	[2549]	:	Key	71	DOWN	at	1182748 
1185662	[2818]	:	time Target is 1185662
1186281	[619]	:	Key	71	DOWN	at	1186281 
1190999	[4718]	:	time Target is 1190999
1191304	[305]	:	Key	71	DOWN	at	1191304 
1196335	[5031]	:	time Target is 1196335
1196599	[264]	:	Key	71	DOWN	at	1196599 
1201675	[5076]	:	time Target is 1201675
1201976	[301]	:	Key	71	DOWN	at	1201975 
1207009	[5033]	:	time Target is 1207009
1207288	[279]	:	Key	71	DOWN	at	1207288 
1212372	[5084]	:	time Target is 1212372
1217692	[5320]	:	time Target is 1217692
1219115	[1423]	:	Key	71	DOWN	at	1219115 
1223029	[3914]	:	time Target is 1223029
1223401	[372]	:	Key	71	DOWN	at	1223401 
1228370	[4969]	:	time Target is 1228370
1233710	[5340]	:	Key	71	DOWN	at	1233704 
1236524	[2814]	:	time Target is 1236524
1241845	[5321]	:	time Target is 1241845
1242281	[436]	:	Key	71	DOWN	at	1242281 
1247182	[4901]	:	time Target is 1247182
1247561	[379]	:	Key	71	DOWN	at	1247561 
1252517	[4956]	:	time Target is 1252517
1253000	[483]	:	Key	71	DOWN	at	1252999 
1257859	[4859]	:	time Target is 1257859
1263186	[5327]	:	time Target is 1263186
1268512	[5326]	:	time Target is 1268512
1268969	[457]	:	Key	71	DOWN	at	1268969 
1272817	[3848]	:	Key	71	UP	at	1269113 
1274875	[2058]	:	Key	71	DOWN	at	1274874 
1275049	[174]	:	Key	71	UP	at	1275049 
1278552	[3503]	:	Key	71	DOWN	at	1278551 
1279345	[793]	:	Key	71	UP	at	1278743 
1279612	[267]	:	time Target is 1279612
1280091	[479]	:	Key	71	DOWN	at	1280091 
1284950	[4859]	:	time Target is 1284950
1290273	[5323]	:	time Target is 1290273
1290599	[326]	:	Key	71	DOWN	at	1290599 
1295606	[5007]	:	time Target is 1295606
1300928	[5322]	:	time Target is 1300928
1306252	[5324]	:	time Target is 1306252
1311572	[5320]	:	time Target is 1311572
1312379	[807]	:	Key	71	DOWN	at	1312378 
1316909	[4530]	:	time Target is 1316909
1322231	[5322]	:	time Target is 1322231
1327556	[5325]	:	time Target is 1327556
1327864	[308]	:	Key	71	DOWN	at	1327864 
1332902	[5038]	:	time Target is 1332902
1333513	[611]	:	Key	71	DOWN	at	1333513 
1338240	[4727]	:	time Target is 1338240
1343563	[5323]	:	time Target is 1343563
1348887	[5324]	:	time Target is 1348887
1354210	[5323]	:	time Target is 1354210
1359529	[5319]	:	time Target is 1359529
1364851	[5322]	:	time Target is 1364851
1365163	[312]	:	Key	71	DOWN	at	1365163 
1370190	[5027]	:	time Target is 1370190
1370860	[670]	:	Key	71	DOWN	at	1370860 
1375530	[4670]	:	time Target is 1375530
1376026	[496]	:	Key	71	DOWN	at	1376025 
1380876	[4850]	:	time Target is 1380876
1386201	[5325]	:	time Target is 1386201
1391522	[5321]	:	time Target is 1391522
1396842	[5320]	:	time Target is 1396842
1402165	[5323]	:	time Target is 1402165
1402504	[339]	:	Key	71	DOWN	at	1402503 
1407506	[5002]	:	time Target is 1407506
1412826	[5320]	:	time Target is 1412826
1414026	[1200]	:	Key	71	DOWN	at	1414026 
1418161	[4135]	:	time Target is 1418161
1423486	[5325]	:	time Target is 1423486
1428812	[5326]	:	time Target is 1428812
1434134	[5322]	:	time Target is 1434134
1434440	[306]	:	Key	71	DOWN	at	1434440 
1439470	[5030]	:	time Target is 1439470
1439706	[236]	:	Key	71	DOWN	at	1439705 
1444813	[5107]	:	time Target is 1444813
1445225	[412]	:	Key	71	DOWN	at	1445224 
1450151	[4926]	:	time Target is 1450151
1450345	[194]	:	Key	71	DOWN	at	1450345 
1455485	[5140]	:	time Target is 1455485
1455706	[221]	:	Key	71	DOWN	at	1455705 
1460824	[5118]	:	time Target is 1460824
1461082	[258]	:	Key	71	DOWN	at	1461082 
1466164	[5082]	:	time Target is 1466164
1466603	[439]	:	Key	71	DOWN	at	1466603 
1471500	[4897]	:	time Target is 1471500
1471819	[319]	:	Key	71	DOWN	at	1471819 
1476833	[5014]	:	time Target is 1476833
1482146	[5313]	:	time Target is 1482146
1482535	[389]	:	Key	71	DOWN	at	1482535 
1487489	[4954]	:	time Target is 1487489
1492811	[5322]	:	time Target is 1492811
1492955	[144]	:	Key	71	DOWN	at	1492954 
1498152	[5197]	:	time Target is 1498152
1503478	[5326]	:	time Target is 1503478
1503579	[101]	:	Key	71	DOWN	at	1503579 
1508814	[5235]	:	time Target is 1508814
1509511	[697]	:	Key	71	DOWN	at	1509511 
1514146	[4635]	:	time Target is 1514146
1514502	[356]	:	Key	71	DOWN	at	1514502 
1519483	[4981]	:	time Target is 1519483
1519611	[128]	:	Key	71	DOWN	at	1519610 
1524819	[5208]	:	time Target is 1524819
1530137	[5318]	:	time Target is 1530137
1535461	[5324]	:	time Target is 1535461
1540781	[5320]	:	time Target is 1540781
1540875	[94]	:	Key	71	DOWN	at	1540875 
1546119	[5244]	:	time Target is 1546119
1551441	[5322]	:	time Target is 1551441
1551658	[217]	:	Key	71	DOWN	at	1551657 
1556779	[5121]	:	time Target is 1556779
1562104	[5325]	:	time Target is 1562104
1562264	[160]	:	Key	71	DOWN	at	1562264 
1567444	[5180]	:	time Target is 1567444
1572769	[5325]	:	time Target is 1572769
1578095	[5326]	:	time Target is 1578095
1578376	[281]	:	Key	71	DOWN	at	1578376 
1583430	[5054]	:	time Target is 1583430
1583640	[210]	:	Key	71	DOWN	at	1583639 
1588765	[5125]	:	time Target is 1588765
1594125	[5360]	:	time Target is 1594125
1594251	[126]	:	Key	71	DOWN	at	1594251 
1599461	[5210]	:	time Target is 1599461
1604783	[5322]	:	time Target is 1604783
1605020	[237]	:	Key	71	DOWN	at	1605020 
1610118	[5098]	:	time Target is 1610118
1610650	[532]	:	Key	71	DOWN	at	1610650 
1615455	[4805]	:	time Target is 1615455
1620774	[5319]	:	time Target is 1620774
1626097	[5323]	:	time Target is 1626097
1626362	[265]	:	Key	71	DOWN	at	1626362 
1631431	[5069]	:	time Target is 1631431
1631692	[261]	:	Key	71	DOWN	at	1631691 
1636795	[5103]	:	time Target is 1636795
1642118	[5323]	:	time Target is 1642118
1642550	[432]	:	Key	71	DOWN	at	1642550 
1647447	[4897]	:	time Target is 1647447
1647802	[355]	:	Key	71	DOWN	at	1647802 
1652783	[4981]	:	time Target is 1652783
1658102	[5319]	:	time Target is 1658102
1658251	[149]	:	Key	71	DOWN	at	1658251 
1663473	[5222]	:	time Target is 1663473
1663819	[346]	:	Key	71	DOWN	at	1663818 
1668805	[4986]	:	time Target is 1668805
1669066	[261]	:	Key	71	DOWN	at	1669066 
1674146	[5080]	:	time Target is 1674146
1674458	[312]	:	Key	71	DOWN	at	1674458 
1679483	[5025]	:	time Target is 1679483
1679769	[286]	:	Key	71	DOWN	at	1679769 
1684817	[5048]	:	time Target is 1684817
1685164	[347]	:	Key	71	DOWN	at	1685163 
1690155	[4991]	:	time Target is 1690155
1695510	[5355]	:	time Target is 1695510
1700838	[5328]	:	time Target is 1700838
1701096	[258]	:	Key	71	DOWN	at	1701096 
1706179	[5083]	:	time Target is 1706179
1711497	[5318]	:	time Target is 1711497
1711739	[242]	:	Key	71	DOWN	at	1711739 
1716855	[5116]	:	time Target is 1716855
1722175	[5320]	:	time Target is 1722175
1727495	[5320]	:	time Target is 1727495
1727755	[260]	:	Key	71	DOWN	at	1727755 
1732847	[5092]	:	time Target is 1732847
1733223	[376]	:	Key	71	DOWN	at	1733222 
1738186	[4963]	:	time Target is 1738186
1743505	[5319]	:	time Target is 1743505
1748826	[5321]	:	time Target is 1748826
1749144	[318]	:	Key	71	DOWN	at	1749144 
1754167	[5023]	:	time Target is 1754167
1754730	[563]	:	Key	71	DOWN	at	1754730 
1758463	[3733]	:	Key	71	UP	at	1754857 
1761578	[3115]	:	Key	71	DOWN	at	1761578 
1762369	[791]	:	Key	71	UP	at	1761704 
1762636	[267]	:	time Target is 1762636
1762809	[173]	:	Key	71	DOWN	at	1762809 
1767978	[5169]	:	time Target is 1767978
1768183	[205]	:	Key	71	DOWN	at	1768182 
1773317	[5134]	:	time Target is 1773317
1773386	[69]	:	Key	71	DOWN	at	1773386 
1778684	[5298]	:	time Target is 1778684
1784009	[5325]	:	time Target is 1784009
1784282	[273]	:	Key	71	DOWN	at	1784282 
1789373	[5091]	:	time Target is 1789373
1794694	[5321]	:	time Target is 1794694
1794954	[260]	:	Key	71	DOWN	at	1794954 
1800032	[5078]	:	time Target is 1800032
1805384	[5352]	:	time Target is 1805384
1810700	[5316]	:	time Target is 1810700
1816042	[5342]	:	time Target is 1816042
1816300	[258]	:	Key	71	DOWN	at	1816300 
1821378	[5078]	:	time Target is 1821378
1826700	[5322]	:	time Target is 1826700
1826810	[110]	:	Key	71	DOWN	at	1826810 
1832037	[5227]	:	time Target is 1832037
1832555	[518]	:	Key	71	DOWN	at	1832555 
1837373	[4818]	:	time Target is 1837373
1842691	[5318]	:	time Target is 1842691
1848010	[5319]	:	time Target is 1848010
1848472	[462]	:	Key	71	DOWN	at	1848472 
1853341	[4869]	:	time Target is 1853341
1853478	[137]	:	Key	71	DOWN	at	1853478 
1858676	[5198]	:	time Target is 1858676
1863995	[5319]	:	time Target is 1863995
1864137	[142]	:	Key	71	DOWN	at	1864137 
1869335	[5198]	:	time Target is 1869335
1874661	[5326]	:	time Target is 1874661
1879988	[5327]	:	time Target is 1879988
1880328	[340]	:	Key	71	DOWN	at	1880327 
1885333	[5005]	:	time Target is 1885333
1890670	[5337]	:	time Target is 1890670
1896043	[5373]	:	time Target is 1896043
1896377	[334]	:	Key	71	DOWN	at	1896377 
1901390	[5013]	:	time Target is 1901390
1906712	[5322]	:	time Target is 1906712
1912036	[5324]	:	time Target is 1912036
1917359	[5323]	:	time Target is 1917359
1917657	[298]	:	Key	71	DOWN	at	1917657 
1922696	[5039]	:	time Target is 1922696
1922777	[81]	:	Key	71	DOWN	at	1922777 
1928040	[5263]	:	time Target is 1928040
1928135	[95]	:	Key	71	DOWN	at	1928134 
1933380	[5245]	:	time Target is 1933380
1938710	[5330]	:	time Target is 1938710
1939274	[564]	:	Key	71	DOWN	at	1939273 
1944047	[4773]	:	time Target is 1944047
1949374	[5327]	:	time Target is 1949374
1954699	[5325]	:	time Target is 1954699
1954747	[48]	:	Key	71	DOWN	at	1954747 
1960035	[5288]	:	time Target is 1960035
1960459	[424]	:	Key	71	DOWN	at	1960458 
1965377	[4918]	:	time Target is 1965377
1970704	[5327]	:	time Target is 1970704
1976027	[5323]	:	time Target is 1976027
1976152	[125]	:	Key	71	DOWN	at	1976151 
1981372	[5220]	:	time Target is 1981372
1981640	[268]	:	Key	71	DOWN	at	1981640 
1986713	[5073]	:	time Target is 1986713
1992036	[5323]	:	time Target is 1992036
1992103	[67]	:	Key	71	DOWN	at	1992102 
1997372	[5269]	:	time Target is 1997372
1997494	[122]	:	Key	71	DOWN	at	1997494 
2002711	[5217]	:	time Target is 2002711
2002872	[161]	:	Key	71	DOWN	at	2002872 
2008067	[5195]	:	time Target is 2008067
2013390	[5323]	:	time Target is 2013390
2018715	[5325]	:	time Target is 2018715
2019033	[318]	:	Key	71	DOWN	at	2019032 
2024055	[5022]	:	time Target is 2024055
2029379	[5324]	:	time Target is 2029379
2034701	[5322]	:	time Target is 2034701
2040021	[5320]	:	time Target is 2040021
2045339	[5318]	:	time Target is 2045339
2050661	[5322]	:	time Target is 2050661
2050839	[178]	:	Key	71	DOWN	at	2050838 
2055993	[5154]	:	time Target is 2055993
2056011	[18]	:	Key	71	DOWN	at	2056010 
2061328	[5317]	:	time Target is 2061328
2066649	[5321]	:	time Target is 2066649
2067098	[449]	:	Key	71	DOWN	at	2067098 
2072002	[4904]	:	time Target is 2072002
2072054	[52]	:	Key	71	DOWN	at	2072054 
2077335	[5281]	:	time Target is 2077335
2082661	[5326]	:	time Target is 2082661
2082906	[245]	:	Key	71	DOWN	at	2082905 
2088004	[5098]	:	time Target is 2088004
2093329	[5325]	:	time Target is 2093329
2093511	[182]	:	Key	71	DOWN	at	2093511 
2098669	[5158]	:	time Target is 2098669
2103993	[5324]	:	time Target is 2103993
2109307	[5314]	:	time Target is 2109307
2114660	[5353]	:	time Target is 2114660
2115050	[390]	:	Key	71	DOWN	at	2115050 
2120004	[4954]	:	time Target is 2120004
2125327	[5323]	:	time Target is 2125327
2125446	[119]	:	Key	71	DOWN	at	2125446 
2130664	[5218]	:	time Target is 2130664
2135990	[5326]	:	time Target is 2135990
2141313	[5323]	:	time Target is 2141313
2141640	[327]	:	Key	71	DOWN	at	2141640 
2146659	[5019]	:	time Target is 2146659
2147019	[360]	:	Key	71	DOWN	at	2147019 
2151732	[4713]	:	Key	71	DOWN	at	2151575 
2154553	[2821]	:	time Target is 2154553
2154730	[177]	:	Key	71	DOWN	at	2154730 
2159937	[5207]	:	time Target is 2159937
2160107	[170]	:	Key	71	DOWN	at	2160106 
2165273	[5166]	:	time Target is 2165273
2165432	[159]	:	Key	71	DOWN	at	2165431 
2170612	[5180]	:	time Target is 2170612
2175934	[5322]	:	time Target is 2175934
2181256	[5322]	:	time Target is 2181256
2186580	[5324]	:	time Target is 2186580
2191909	[5329]	:	time Target is 2191909
2192215	[306]	:	Key	71	DOWN	at	2192215 
2197251	[5036]	:	time Target is 2197251
2202573	[5322]	:	time Target is 2202573
2203032	[459]	:	Key	71	DOWN	at	2203032 
2207910	[4878]	:	time Target is 2207910
2208076	[166]	:	Key	71	DOWN	at	2208075 
2213246	[5170]	:	time Target is 2213246
2218573	[5327]	:	time Target is 2218573
2219095	[522]	:	Key	71	DOWN	at	2219095 
2223911	[4816]	:	time Target is 2223911
2229235	[5324]	:	time Target is 2229235
2229547	[312]	:	Key	71	DOWN	at	2229547 
2234572	[5025]	:	time Target is 2234572
2242230	[7658]	:	Key	71	DOWN	at	2242230 
2242424	[194]	:	Key	71	UP	at	2242424 
2250167	[7743]	:	Key	29	DOWN	at	2250166 
2250283	[116]	:	Key	29	UP	at	2250282 
2251915	[1632]	:	Key	29	DOWN	at	2251914 
2251979	[64]	:	Key	29	UP	at	2251979 
2256874	[4895]	:	Key	29	DOWN	at	2256874 
2256968	[94]	:	Key	29	UP	at	2256967 
2258919	[1951]	:	Key	29	DOWN	at	2258918 
2259030	[111]	:	Key	29	UP	at	2259029 
2261817	[2787]	:	Key	28	DOWN	at	2261817 
2261974	[157]	:	Key	28	UP	at	2261973 
2262600	[626]	:	Key	28	DOWN	at	2262600 
2262746	[146]	:	Key	28	UP	at	2262746 
2265512	[2766]	:	Key	28	DOWN	at	2265511 
2265594	[82]	:	Key	28	UP	at	2265593 
2266459	[865]	:	Key	28	DOWN	at	2266459 
2266587	[128]	:	Key	28	UP	at	2266587 
2268534	[1947]	:	Key	28	DOWN	at	2268533 
2268632	[98]	:	Key	28	UP	at	2268631 
2269590	[958]	:	Key	28	DOWN	at	2269589 
2269689	[99]	:	Key	28	UP	at	2269689 
2272409	[2720]	:	Key	29	DOWN	at	2272409 
2272520	[111]	:	Key	29	UP	at	2272519 
2273480	[960]	:	Key	28	DOWN	at	2273480 
2273637	[157]	:	Key	28	UP	at	2273637 
2276553	[2916]	:	Key	28	DOWN	at	2276553 
2276651	[98]	:	Key	28	UP	at	2276650 
2278313	[1662]	:	Key	29	DOWN	at	2278313 
2278389	[76]	:	Key	29	UP	at	2278375 
2280421	[2032]	:	Key	29	DOWN	at	2280421 
2280520	[99]	:	Key	29	UP	at	2280520 
2283800	[3280]	:	Key	29	DOWN	at	2283799 
2283898	[98]	:	COGENT STOP
