Cog2000 log file Fri Nov 01 15:21:50 2019
gprim v1.33 Compiled:Aug 12 2015 (GLib DirectDraw v7 DX12.0 Compiled:Aug 12 2015)
Display:1024x768x32 59.95Hz
Attaching C:\Program Files\Cogent2000v1.33\Toolbox\CogInput.mexw64
CogInput v1.05 Compiled: May 20 2010
7	[7]	:	COGENT START
10245	[10238]	:	Key	86	DOWN	at	10241   
10317	[72]	:	Key	86	UP	at	10316   
10461	[144]	:	Key	60	DOWN	at	10459   
10735	[274]	:	Key	60	UP	at	10732   
19026	[8291]	:	Key	71	DOWN	at	19024   
19100	[74]	:	Key	71	UP	at	19099   
36719	[17619]	:	Key	71	DOWN	at	36718   
36799	[80]	:	Key	71	UP	at	36799   
41118	[4319]	:	Key	71	DOWN	at	41116   
41181	[63]	:	Key	71	UP	at	41181   
51919	[10738]	:	Key	71	DOWN	at	51919   
52011	[92]	:	Key	71	UP	at	52011   
66831	[14820]	:	Key	71	DOWN	at	66830   
66896	[65]	:	Key	71	UP	at	66896   
87597	[20701]	:	Key	71	DOWN	at	87596   
88502	[905]	:	time Target is 88484
89789	[1287]	:	Key	71	DOWN	at	89789   
94594	[4805]	:	time Target is 94593
94603	[9]	:	Key	71	UP	at	94603   
100688	[6085]	:	time Target is 100687
101662	[974]	:	Key	71	DOWN	at	101662  
106783	[5121]	:	time Target is 106783
112874	[6091]	:	time Target is 112870
113422	[548]	:	Key	71	DOWN	at	113421  
118991	[5569]	:	time Target is 118991
119629	[638]	:	Key	71	DOWN	at	119629  
127405	[7776]	:	Key	71	DOWN	at	127405  
128472	[1067]	:	time Target is 128471
134797	[6325]	:	time Target is 134797
141116	[6319]	:	time Target is 141115
147436	[6320]	:	time Target is 147435
167724	[20288]	:	Key	71	DOWN	at	167724  
167777	[53]	:	Key	71	UP	at	167776  
172527	[4750]	:	Key	71	DOWN	at	172526  
172573	[46]	:	Key	71	UP	at	172573  
177086	[4513]	:	Key	71	DOWN	at	177085  
177137	[51]	:	Key	71	UP	at	177136  
185612	[8475]	:	Key	71	DOWN	at	185612  
185773	[161]	:	Key	71	UP	at	185773  
191324	[5551]	:	Key	71	DOWN	at	191324  
192153	[829]	:	Key	71	UP	at	191451  
192181	[28]	:	time Target is 192181
193021	[840]	:	Key	71	DOWN	at	193021  
197284	[4263]	:	time Target is 197284
202367	[5083]	:	time Target is 202367
203168	[801]	:	Key	71	DOWN	at	203167  
207467	[4299]	:	time Target is 207467
208108	[641]	:	Key	71	DOWN	at	208108  
211776	[3668]	:	Key	71	UP	at	208286  
219325	[7549]	:	Key	71	DOWN	at	219325  
219486	[161]	:	Key	71	UP	at	219485  
223263	[3777]	:	Key	71	DOWN	at	223263  
224057	[794]	:	Key	71	UP	at	223391  
224078	[21]	:	time Target is 224077
224685	[607]	:	Key	71	DOWN	at	224685  
229169	[4484]	:	time Target is 229169
234245	[5076]	:	time Target is 234245
239317	[5072]	:	time Target is 239317
239904	[587]	:	Key	71	DOWN	at	239904  
243613	[3709]	:	Key	71	UP	at	240078  
251281	[7668]	:	Key	71	DOWN	at	251280  
251388	[107]	:	Key	71	UP	at	251387  
254732	[3344]	:	Key	71	DOWN	at	254732  
255523	[791]	:	Key	71	UP	at	254928  
255541	[18]	:	time Target is 255541
256159	[618]	:	Key	71	DOWN	at	256158  
260623	[4464]	:	time Target is 260623
265700	[5077]	:	time Target is 265700
266493	[793]	:	Key	71	DOWN	at	266493  
270781	[4288]	:	time Target is 270781
282511	[11730]	:	Key	71	DOWN	at	282510  
282655	[144]	:	Key	71	UP	at	282655  
284797	[2142]	:	Key	71	DOWN	at	284796  
285588	[791]	:	Key	71	UP	at	284924  
285610	[22]	:	time Target is 285610
286202	[592]	:	Key	71	DOWN	at	286202  
290701	[4499]	:	time Target is 290701
295772	[5071]	:	time Target is 295772
297232	[1460]	:	Key	71	DOWN	at	297232  
300857	[3625]	:	time Target is 300857
311581	[10724]	:	Key	71	DOWN	at	311581  
311757	[176]	:	Key	71	UP	at	311757  
326028	[14271]	:	Key	71	DOWN	at	326027  
326174	[146]	:	Key	71	UP	at	326173  
336090	[9916]	:	Key	71	DOWN	at	336090  
336333	[243]	:	Key	71	UP	at	336333  
358030	[21697]	:	Key	71	DOWN	at	358029  
358191	[161]	:	Key	71	UP	at	358190  
364796	[6605]	:	Key	71	DOWN	at	364795  
367368	[2572]	:	time Target is 367368
367709	[341]	:	Key	71	DOWN	at	367709  
372703	[4994]	:	Key	71	DOWN	at	372495  
372703	[0]	:	Key	71	UP	at	372623  
375543	[2840]	:	time Target is 375543
375994	[451]	:	Key	71	DOWN	at	375994  
380877	[4883]	:	Key	71	DOWN	at	380735  
383701	[2824]	:	time Target is 383701
389031	[5330]	:	time Target is 389031
389693	[662]	:	Key	71	DOWN	at	389693  
394370	[4677]	:	time Target is 394370
394974	[604]	:	Key	71	DOWN	at	394973  
399710	[4736]	:	time Target is 399710
405038	[5328]	:	time Target is 405038
405503	[465]	:	Key	71	DOWN	at	405502  
410385	[4882]	:	time Target is 410385
411133	[748]	:	Key	71	DOWN	at	411132  
415726	[4593]	:	time Target is 415726
416352	[626]	:	Key	71	DOWN	at	416352  
421061	[4709]	:	time Target is 421061
422154	[1093]	:	Key	71	DOWN	at	422154  
426400	[4246]	:	time Target is 426400
431722	[5322]	:	time Target is 431722
437050	[5328]	:	time Target is 437050
437900	[850]	:	Key	71	DOWN	at	437900  
442393	[4493]	:	time Target is 442393
447718	[5325]	:	time Target is 447718
448335	[617]	:	Key	71	DOWN	at	448335  
453058	[4723]	:	time Target is 453058
453596	[538]	:	Key	71	DOWN	at	453596  
458393	[4797]	:	time Target is 458393
458974	[581]	:	Key	71	DOWN	at	458973  
463740	[4766]	:	time Target is 463740
464333	[593]	:	Key	71	DOWN	at	464333  
469076	[4743]	:	time Target is 469076
469821	[745]	:	Key	71	DOWN	at	469820  
474418	[4597]	:	time Target is 474418
474796	[378]	:	Key	71	DOWN	at	474796  
479788	[4992]	:	time Target is 479788
485108	[5320]	:	time Target is 485108
486078	[970]	:	Key	71	DOWN	at	486077  
490448	[4370]	:	time Target is 490448
491055	[607]	:	Key	71	DOWN	at	491055  
495802	[4747]	:	time Target is 495802
496524	[722]	:	Key	71	DOWN	at	496523  
501143	[4619]	:	time Target is 501143
501549	[406]	:	Key	71	DOWN	at	501549  
506484	[4935]	:	time Target is 506484
507243	[759]	:	Key	71	DOWN	at	507243  
511820	[4577]	:	time Target is 511820
512445	[625]	:	Key	71	DOWN	at	512443  
517159	[4714]	:	time Target is 517159
522475	[5316]	:	time Target is 522475
527800	[5325]	:	time Target is 527800
528704	[904]	:	Key	71	DOWN	at	528703  
533144	[4440]	:	time Target is 533144
533803	[659]	:	Key	71	DOWN	at	533803  
538475	[4672]	:	time Target is 538475
543801	[5326]	:	time Target is 543801
544300	[499]	:	Key	71	DOWN	at	544299  
549142	[4842]	:	time Target is 549142
549487	[345]	:	Key	71	DOWN	at	549487  
554476	[4989]	:	time Target is 554476
555375	[899]	:	Key	71	DOWN	at	555374  
559814	[4439]	:	time Target is 559814
560495	[681]	:	Key	71	DOWN	at	560495  
565152	[4657]	:	time Target is 565152
565949	[797]	:	Key	71	DOWN	at	565948  
570486	[4537]	:	time Target is 570486
575812	[5326]	:	time Target is 575812
581132	[5320]	:	time Target is 581132
586454	[5322]	:	time Target is 586454
591793	[5339]	:	time Target is 591793
592526	[733]	:	Key	71	DOWN	at	592526  
597119	[4593]	:	time Target is 597119
597822	[703]	:	Key	71	DOWN	at	597822  
602452	[4630]	:	time Target is 602452
602910	[458]	:	Key	71	DOWN	at	602909  
607787	[4877]	:	time Target is 607787
608187	[400]	:	Key	71	DOWN	at	608186  
613128	[4941]	:	time Target is 613128
618450	[5322]	:	time Target is 618450
618991	[541]	:	Key	71	DOWN	at	618991  
623792	[4801]	:	time Target is 623792
624526	[734]	:	Key	71	DOWN	at	624526  
629125	[4599]	:	time Target is 629125
629868	[743]	:	Key	71	DOWN	at	629867  
634461	[4593]	:	time Target is 634461
635803	[1342]	:	Key	71	DOWN	at	635803  
639824	[4021]	:	time Target is 639824
640892	[1068]	:	Key	71	DOWN	at	640891  
645161	[4269]	:	time Target is 645161
645948	[787]	:	Key	71	DOWN	at	645948  
650503	[4555]	:	time Target is 650503
655832	[5329]	:	time Target is 655832
661154	[5322]	:	time Target is 661154
661712	[558]	:	Key	71	DOWN	at	661711  
666490	[4778]	:	time Target is 666490
667151	[661]	:	Key	71	DOWN	at	667151  
671818	[4667]	:	time Target is 671818
672685	[867]	:	Key	71	DOWN	at	672684  
677161	[4476]	:	time Target is 677161
677517	[356]	:	Key	71	DOWN	at	677517  
682501	[4984]	:	time Target is 682501
683148	[647]	:	Key	71	DOWN	at	683147  
687832	[4684]	:	time Target is 687832
689296	[1464]	:	Key	71	DOWN	at	689294  
693184	[3888]	:	time Target is 693184
693503	[319]	:	Key	71	DOWN	at	693503  
698520	[5017]	:	time Target is 698520
699644	[1124]	:	Key	71	DOWN	at	699644  
703848	[4204]	:	time Target is 703848
704639	[791]	:	Key	71	DOWN	at	704639  
708925	[4286]	:	Key	71	DOWN	at	708894  
711762	[2837]	:	time Target is 711762
712140	[378]	:	Key	71	DOWN	at	712140  
717096	[4956]	:	time Target is 717096
717501	[405]	:	Key	71	DOWN	at	717500  
722437	[4936]	:	time Target is 722437
723120	[683]	:	Key	71	DOWN	at	723119  
727796	[4676]	:	time Target is 727796
733118	[5322]	:	time Target is 733118
733709	[591]	:	Key	71	DOWN	at	733709  
738456	[4747]	:	time Target is 738456
738922	[466]	:	Key	71	DOWN	at	738922  
743792	[4870]	:	time Target is 743792
744142	[350]	:	Key	71	DOWN	at	744141  
749124	[4982]	:	time Target is 749124
749661	[537]	:	Key	71	DOWN	at	749661  
754464	[4803]	:	time Target is 754464
759783	[5319]	:	time Target is 759783
760347	[564]	:	Key	71	DOWN	at	760347  
765113	[4766]	:	time Target is 765113
765580	[467]	:	Key	71	DOWN	at	765579  
770450	[4870]	:	time Target is 770450
770990	[540]	:	Key	71	DOWN	at	770990  
775787	[4797]	:	time Target is 775787
781115	[5328]	:	time Target is 781115
781661	[546]	:	Key	71	DOWN	at	781661  
786450	[4789]	:	time Target is 786450
786812	[362]	:	Key	71	DOWN	at	786811  
791802	[4990]	:	time Target is 791802
792271	[469]	:	Key	71	DOWN	at	792271  
797140	[4869]	:	time Target is 797140
797920	[780]	:	Key	71	DOWN	at	797919  
802499	[4579]	:	time Target is 802499
803262	[763]	:	Key	71	DOWN	at	803262  
807829	[4567]	:	time Target is 807829
808219	[390]	:	Key	71	DOWN	at	808219  
813163	[4944]	:	time Target is 813163
813709	[546]	:	Key	71	DOWN	at	813708  
818505	[4796]	:	time Target is 818505
818910	[405]	:	Key	71	DOWN	at	818909  
823842	[4932]	:	time Target is 823842
824285	[443]	:	Key	71	DOWN	at	824284  
829174	[4889]	:	time Target is 829174
829756	[582]	:	Key	71	DOWN	at	829756  
834503	[4747]	:	time Target is 834503
834875	[372]	:	Key	71	DOWN	at	834874  
838802	[3927]	:	Key	71	UP	at	835036  
842029	[3227]	:	Key	71	DOWN	at	842029  
842819	[790]	:	Key	71	UP	at	842125  
843089	[270]	:	time Target is 843089
843724	[635]	:	Key	71	DOWN	at	843724  
848429	[4705]	:	time Target is 848429
849037	[608]	:	Key	71	DOWN	at	849036  
853764	[4727]	:	time Target is 853764
854109	[345]	:	Key	71	DOWN	at	854109  
859102	[4993]	:	time Target is 859102
864427	[5325]	:	time Target is 864427
865419	[992]	:	Key	71	DOWN	at	865419  
869758	[4339]	:	time Target is 869758
870506	[748]	:	Key	71	DOWN	at	870506  
875097	[4591]	:	time Target is 875097
875499	[402]	:	Key	71	DOWN	at	875499  
880439	[4940]	:	time Target is 880439
880876	[437]	:	Key	71	DOWN	at	880876  
885778	[4902]	:	time Target is 885778
891101	[5323]	:	time Target is 891101
891597	[496]	:	Key	71	DOWN	at	891596  
896438	[4841]	:	time Target is 896438
897038	[600]	:	Key	71	DOWN	at	897038  
901771	[4733]	:	time Target is 901771
902239	[468]	:	Key	71	DOWN	at	902239  
907107	[4868]	:	time Target is 907107
912431	[5324]	:	time Target is 912431
912863	[432]	:	Key	71	DOWN	at	912863  
917765	[4902]	:	time Target is 917765
923085	[5320]	:	time Target is 923085
923582	[497]	:	Key	71	DOWN	at	923582  
928420	[4838]	:	time Target is 928420
929052	[632]	:	Key	71	DOWN	at	929052  
933759	[4707]	:	time Target is 933759
934091	[332]	:	Key	71	DOWN	at	934091  
939098	[5007]	:	time Target is 939098
939915	[817]	:	Key	71	DOWN	at	939915  
944439	[4524]	:	time Target is 944439
944846	[407]	:	Key	71	DOWN	at	944846  
949782	[4936]	:	time Target is 949782
955100	[5318]	:	time Target is 955100
960423	[5323]	:	time Target is 960423
960748	[325]	:	Key	71	DOWN	at	960747  
965764	[5016]	:	time Target is 965764
971085	[5321]	:	time Target is 971085
976399	[5314]	:	time Target is 976399
977197	[798]	:	Key	71	DOWN	at	977196  
981752	[4555]	:	time Target is 981752
982122	[370]	:	Key	71	DOWN	at	982122  
987091	[4969]	:	time Target is 987091
988364	[1273]	:	Key	71	DOWN	at	988363  
992428	[4064]	:	time Target is 992428
993839	[1411]	:	Key	71	DOWN	at	993838  
997765	[3926]	:	time Target is 997765
998125	[360]	:	Key	71	DOWN	at	998125  
1003102	[4977]	:	time Target is 1003102
1003549	[447]	:	Key	71	DOWN	at	1003549 
1008436	[4887]	:	time Target is 1008436
1009486	[1050]	:	Key	71	DOWN	at	1009486 
1013782	[4296]	:	time Target is 1013782
1014026	[244]	:	Key	71	DOWN	at	1014026 
1019116	[5090]	:	time Target is 1019116
1019596	[480]	:	Key	71	DOWN	at	1019596 
1024453	[4857]	:	time Target is 1024453
1029780	[5327]	:	time Target is 1029780
1030348	[568]	:	Key	71	DOWN	at	1030347 
1035126	[4778]	:	time Target is 1035126
1040445	[5319]	:	time Target is 1040445
1040891	[446]	:	Key	71	DOWN	at	1040891 
1045780	[4889]	:	time Target is 1045780
1051098	[5318]	:	time Target is 1051098
1056420	[5322]	:	time Target is 1056420
1057262	[842]	:	Key	71	DOWN	at	1057262 
1061760	[4498]	:	time Target is 1061760
1062221	[461]	:	Key	71	DOWN	at	1062221 
1067102	[4881]	:	time Target is 1067102
1067645	[543]	:	Key	71	DOWN	at	1067645 
1072436	[4791]	:	time Target is 1072436
1077762	[5326]	:	time Target is 1077762
1078096	[334]	:	Key	71	DOWN	at	1078095 
1083097	[5001]	:	time Target is 1083097
1084204	[1107]	:	Key	71	DOWN	at	1084204 
1088438	[4234]	:	time Target is 1088438
1088798	[360]	:	Key	71	DOWN	at	1088797 
1093774	[4976]	:	time Target is 1093774
1094368	[594]	:	Key	71	DOWN	at	1094367 
1099113	[4745]	:	time Target is 1099113
1099757	[644]	:	Key	71	DOWN	at	1099757 
1104447	[4690]	:	time Target is 1104447
1105261	[814]	:	Key	71	DOWN	at	1105261 
1109810	[4549]	:	time Target is 1109810
1115134	[5324]	:	time Target is 1115134
1115692	[558]	:	Key	71	DOWN	at	1115692 
1120474	[4782]	:	time Target is 1120474
1120938	[464]	:	Key	71	DOWN	at	1120938 
1125811	[4873]	:	time Target is 1125811
1131134	[5323]	:	time Target is 1131134
1131806	[672]	:	Key	71	DOWN	at	1131806 
1136474	[4668]	:	time Target is 1136474
1136958	[484]	:	Key	71	DOWN	at	1136957 
1141804	[4846]	:	time Target is 1141804
1147121	[5317]	:	time Target is 1147121
1147581	[460]	:	Key	71	DOWN	at	1147581 
1152456	[4875]	:	time Target is 1152456
1152923	[467]	:	Key	71	DOWN	at	1152922 
1157786	[4863]	:	time Target is 1157786
1163112	[5326]	:	time Target is 1163112
1168473	[5361]	:	time Target is 1168473
1169133	[660]	:	Key	71	DOWN	at	1169132 
1173814	[4681]	:	time Target is 1173814
1179137	[5323]	:	time Target is 1179137
1184460	[5323]	:	time Target is 1184460
1184958	[498]	:	Key	71	DOWN	at	1184958 
1189796	[4838]	:	time Target is 1189796
1190236	[440]	:	Key	71	DOWN	at	1190236 
1195132	[4896]	:	time Target is 1195132
1195726	[594]	:	Key	71	DOWN	at	1195726 
1200470	[4744]	:	time Target is 1200470
1201132	[662]	:	Key	71	DOWN	at	1201132 
1205805	[4673]	:	time Target is 1205805
1206234	[429]	:	Key	71	DOWN	at	1206234 
1211138	[4904]	:	time Target is 1211138
1211529	[391]	:	Key	71	DOWN	at	1211529 
1216474	[4945]	:	time Target is 1216474
1216795	[321]	:	Key	71	DOWN	at	1216794 
1221813	[5018]	:	time Target is 1221813
1222270	[457]	:	Key	71	DOWN	at	1222269 
1227151	[4881]	:	time Target is 1227151
1227517	[366]	:	Key	71	DOWN	at	1227517 
1232493	[4976]	:	time Target is 1232493
1233181	[688]	:	Key	71	DOWN	at	1233181 
1237825	[4644]	:	time Target is 1237825
1238349	[524]	:	Key	71	DOWN	at	1238348 
1243163	[4814]	:	time Target is 1243163
1243914	[751]	:	Key	71	DOWN	at	1243914 
1248501	[4587]	:	time Target is 1248501
1249035	[534]	:	Key	71	DOWN	at	1249034 
1253840	[4805]	:	time Target is 1253840
1254700	[860]	:	Key	71	DOWN	at	1254700 
1259176	[4476]	:	time Target is 1259176
1264502	[5326]	:	time Target is 1264502
1269824	[5322]	:	time Target is 1269824
1269915	[91]	:	Key	71	DOWN	at	1269915 
1275167	[5252]	:	time Target is 1275167
1275790	[623]	:	Key	71	DOWN	at	1275790 
1280514	[4724]	:	time Target is 1280514
1281613	[1099]	:	Key	71	DOWN	at	1281613 
1285847	[4234]	:	time Target is 1285847
1291176	[5329]	:	time Target is 1291176
1296494	[5318]	:	time Target is 1296494
1296972	[478]	:	Key	71	DOWN	at	1296971 
1301846	[4874]	:	time Target is 1301846
1302110	[264]	:	Key	71	DOWN	at	1302110 
1307195	[5085]	:	time Target is 1307195
1307530	[335]	:	Key	71	DOWN	at	1307529 
1312536	[5006]	:	time Target is 1312536
1312844	[308]	:	Key	71	DOWN	at	1312844 
1317870	[5026]	:	time Target is 1317870
1318590	[720]	:	Key	71	DOWN	at	1318589 
1322165	[3575]	:	Key	71	UP	at	1318703 
1327227	[5062]	:	Key	71	DOWN	at	1327226 
1327385	[158]	:	Key	71	UP	at	1327385 
1331722	[4337]	:	Key	71	DOWN	at	1331722 
1332514	[792]	:	Key	71	UP	at	1331837 
1332783	[269]	:	time Target is 1332783
1333646	[863]	:	Key	71	DOWN	at	1333646 
1338114	[4468]	:	Key	71	DOWN	at	1337901 
1338114	[0]	:	Key	71	UP	at	1338026 
1340917	[2803]	:	Key	71	DOWN	at	1340698 
1340917	[0]	:	Key	71	UP	at	1340811 
1343733	[2816]	:	time Target is 1343733
1344318	[585]	:	Key	71	DOWN	at	1344317 
1349074	[4756]	:	time Target is 1349074
1349612	[538]	:	Key	71	DOWN	at	1349612 
1354457	[4845]	:	time Target is 1354457
1354892	[435]	:	Key	71	DOWN	at	1354892 
1359794	[4902]	:	time Target is 1359794
1360365	[571]	:	Key	71	DOWN	at	1360364 
1365132	[4767]	:	time Target is 1365132
1365627	[495]	:	Key	71	DOWN	at	1365627 
1370467	[4840]	:	time Target is 1370467
1371450	[983]	:	Key	71	DOWN	at	1371450 
1375806	[4356]	:	time Target is 1375806
1381131	[5325]	:	time Target is 1381131
1386445	[5314]	:	time Target is 1386445
1386974	[529]	:	Key	71	DOWN	at	1386974 
1391784	[4810]	:	time Target is 1391784
1392622	[838]	:	Key	71	DOWN	at	1392621 
1397120	[4498]	:	time Target is 1397120
1402444	[5324]	:	time Target is 1402444
1402890	[446]	:	Key	71	DOWN	at	1402890 
1407789	[4899]	:	time Target is 1407789
1408287	[498]	:	Key	71	DOWN	at	1408286 
1413125	[4838]	:	time Target is 1413125
1413822	[697]	:	Key	71	DOWN	at	1413822 
1418470	[4648]	:	time Target is 1418470
1423790	[5320]	:	time Target is 1423790
1424110	[320]	:	Key	71	DOWN	at	1424110 
1429129	[5019]	:	time Target is 1429129
1429567	[438]	:	Key	71	DOWN	at	1429566 
1434459	[4892]	:	time Target is 1434459
1434921	[462]	:	Key	71	DOWN	at	1434921 
1439795	[4874]	:	time Target is 1439795
1441087	[1292]	:	Key	71	DOWN	at	1441085 
1445138	[4051]	:	time Target is 1445138
1445645	[507]	:	Key	71	DOWN	at	1445645 
1450477	[4832]	:	time Target is 1450477
1455809	[5332]	:	time Target is 1455809
1456221	[412]	:	Key	71	DOWN	at	1456221 
1461148	[4927]	:	time Target is 1461148
1461566	[418]	:	Key	71	DOWN	at	1461566 
1466484	[4918]	:	time Target is 1466484
1466890	[406]	:	Key	71	DOWN	at	1466890 
1471820	[4930]	:	time Target is 1471820
1472523	[703]	:	Key	71	DOWN	at	1472522 
1477157	[4634]	:	time Target is 1477157
1482476	[5319]	:	time Target is 1482476
1487801	[5325]	:	time Target is 1487801
1493128	[5327]	:	time Target is 1493128
1493470	[342]	:	Key	71	DOWN	at	1493470 
1498461	[4991]	:	time Target is 1498461
1498987	[526]	:	Key	71	DOWN	at	1498987 
1503796	[4809]	:	time Target is 1503796
1509148	[5352]	:	time Target is 1509148
1514473	[5325]	:	time Target is 1514473
1515690	[1217]	:	Key	71	DOWN	at	1515690 
1519808	[4118]	:	time Target is 1519808
1520188	[380]	:	Key	71	DOWN	at	1520187 
1525142	[4954]	:	time Target is 1525142
1525871	[729]	:	Key	71	DOWN	at	1525870 
1530482	[4611]	:	time Target is 1530482
1531790	[1308]	:	Key	71	DOWN	at	1531790 
1535821	[4031]	:	time Target is 1535821
1536268	[447]	:	Key	71	DOWN	at	1536267 
1541166	[4898]	:	time Target is 1541166
1541583	[417]	:	Key	71	DOWN	at	1541582 
1546506	[4923]	:	time Target is 1546506
1551836	[5330]	:	time Target is 1551836
1557163	[5327]	:	time Target is 1557163
1562483	[5320]	:	time Target is 1562483
1563354	[871]	:	Key	71	DOWN	at	1563354 
1567813	[4459]	:	time Target is 1567813
1573128	[5315]	:	time Target is 1573128
1573644	[516]	:	Key	71	DOWN	at	1573643 
1578469	[4825]	:	time Target is 1578469
1579020	[551]	:	Key	71	DOWN	at	1579020 
1583803	[4783]	:	time Target is 1583803
1589125	[5322]	:	time Target is 1589125
1589723	[598]	:	Key	71	DOWN	at	1589722 
1594455	[4732]	:	time Target is 1594455
1599780	[5325]	:	time Target is 1599780
1605099	[5319]	:	time Target is 1605099
1605886	[787]	:	Key	71	DOWN	at	1605885 
1610427	[4541]	:	time Target is 1610427
1611034	[607]	:	Key	71	DOWN	at	1611034 
1615760	[4726]	:	time Target is 1615760
1621083	[5323]	:	time Target is 1621083
1626404	[5321]	:	time Target is 1626404
1626794	[390]	:	Key	71	DOWN	at	1626794 
1631743	[4949]	:	time Target is 1631743
1637077	[5334]	:	time Target is 1637077
1642406	[5329]	:	time Target is 1642406
1643177	[771]	:	Key	71	DOWN	at	1643177 
1647737	[4560]	:	time Target is 1647737
1648126	[389]	:	Key	71	DOWN	at	1648126 
1653072	[4946]	:	time Target is 1653072
1653486	[414]	:	Key	71	DOWN	at	1653485 
1658418	[4932]	:	time Target is 1658418
1663741	[5323]	:	time Target is 1663741
1664346	[605]	:	Key	71	DOWN	at	1664346 
1669079	[4733]	:	time Target is 1669079
1670207	[1128]	:	Key	71	DOWN	at	1670206 
1674418	[4211]	:	time Target is 1674418
1675870	[1452]	:	Key	71	DOWN	at	1675870 
1679756	[3886]	:	time Target is 1679756
1680572	[816]	:	Key	71	DOWN	at	1680571 
1685086	[4514]	:	time Target is 1685086
1685580	[494]	:	Key	71	DOWN	at	1685580 
1690431	[4851]	:	time Target is 1690431
1695760	[5329]	:	time Target is 1695760
1701081	[5321]	:	time Target is 1701081
1706408	[5327]	:	time Target is 1706408
1711729	[5321]	:	time Target is 1711729
1717047	[5318]	:	time Target is 1717047
1717882	[835]	:	Key	71	DOWN	at	1717882 
1722379	[4497]	:	time Target is 1722379
1727703	[5324]	:	time Target is 1727703
1728828	[1125]	:	Key	71	DOWN	at	1728828 
1733037	[4209]	:	time Target is 1733037
1734158	[1121]	:	Key	71	DOWN	at	1734157 
1738366	[4208]	:	time Target is 1738366
1739739	[1373]	:	Key	71	DOWN	at	1739739 
1743704	[3965]	:	time Target is 1743704
1749027	[5323]	:	time Target is 1749027
1754349	[5322]	:	time Target is 1754349
1755116	[767]	:	Key	71	DOWN	at	1755116 
1759686	[4570]	:	time Target is 1759686
1765007	[5321]	:	time Target is 1765007
1770325	[5318]	:	time Target is 1770325
1771226	[901]	:	Key	71	DOWN	at	1771225 
1775668	[4442]	:	time Target is 1775668
1780984	[5316]	:	time Target is 1780984
1786304	[5320]	:	time Target is 1786304
1786989	[685]	:	Key	71	DOWN	at	1786988 
1791652	[4663]	:	time Target is 1791652
1796973	[5321]	:	time Target is 1796973
1797950	[977]	:	Key	71	DOWN	at	1797949 
1802309	[4359]	:	time Target is 1802309
1803198	[889]	:	Key	71	DOWN	at	1803197 
1806617	[3419]	:	Key	71	UP	at	1803322 
1811452	[4835]	:	Key	71	DOWN	at	1811451 
1812241	[789]	:	Key	71	UP	at	1811592 
1812510	[269]	:	time Target is 1812510
1817833	[5323]	:	time Target is 1817833
1818203	[370]	:	Key	71	DOWN	at	1818203 
1823176	[4973]	:	time Target is 1823176
1824364	[1188]	:	Key	71	DOWN	at	1824364 
1828518	[4154]	:	time Target is 1828518
1829277	[759]	:	Key	71	DOWN	at	1829277 
1833852	[4575]	:	time Target is 1833852
1839174	[5322]	:	time Target is 1839174
1844492	[5318]	:	time Target is 1844492
1845131	[639]	:	Key	71	DOWN	at	1845130 
1849831	[4700]	:	time Target is 1849831
1851067	[1236]	:	Key	71	DOWN	at	1851067 
1855168	[4101]	:	time Target is 1855168
1855531	[363]	:	Key	71	DOWN	at	1855530 
1860507	[4976]	:	time Target is 1860507
1865837	[5330]	:	time Target is 1865837
1871157	[5320]	:	time Target is 1871157
1872061	[904]	:	Key	71	DOWN	at	1872060 
1876495	[4434]	:	time Target is 1876495
1877241	[746]	:	Key	71	DOWN	at	1877241 
1881830	[4589]	:	time Target is 1881830
1883034	[1204]	:	Key	71	DOWN	at	1883034 
1887166	[4132]	:	time Target is 1887166
1887965	[799]	:	Key	71	DOWN	at	1887965 
1892501	[4536]	:	time Target is 1892501
1893148	[647]	:	Key	71	DOWN	at	1893147 
1897847	[4699]	:	time Target is 1897847
1898169	[322]	:	Key	71	DOWN	at	1898169 
1903183	[5014]	:	time Target is 1903183
1903660	[477]	:	Key	71	DOWN	at	1903660 
1908519	[4859]	:	time Target is 1908519
1908937	[418]	:	Key	71	DOWN	at	1908937 
1913852	[4915]	:	time Target is 1913852
1914190	[338]	:	Key	71	DOWN	at	1914190 
1919194	[5004]	:	time Target is 1919194
1924519	[5325]	:	time Target is 1924519
1929840	[5321]	:	time Target is 1929840
1929932	[92]	:	Key	71	DOWN	at	1929931 
1935176	[5244]	:	time Target is 1935176
1936604	[1428]	:	Key	71	DOWN	at	1936604 
1940509	[3905]	:	time Target is 1940509
1941483	[974]	:	Key	71	DOWN	at	1941482 
1945854	[4371]	:	time Target is 1945854
1946335	[481]	:	Key	71	DOWN	at	1946334 
1951197	[4862]	:	time Target is 1951197
1951612	[415]	:	Key	71	DOWN	at	1951612 
1956536	[4924]	:	time Target is 1956536
1961860	[5324]	:	time Target is 1961860
1967184	[5324]	:	time Target is 1967184
1967502	[318]	:	Key	71	DOWN	at	1967502 
1972520	[5018]	:	time Target is 1972520
1977842	[5322]	:	time Target is 1977842
1983170	[5328]	:	time Target is 1983170
1988495	[5325]	:	time Target is 1988495
1993816	[5321]	:	time Target is 1993816
1994234	[418]	:	Key	71	DOWN	at	1994234 
1999171	[4937]	:	time Target is 1999171
2004497	[5326]	:	time Target is 2004497
2009837	[5340]	:	time Target is 2009837
2015158	[5321]	:	time Target is 2015158
2015529	[371]	:	Key	71	DOWN	at	2015529 
2020495	[4966]	:	time Target is 2020495
2021018	[523]	:	Key	71	DOWN	at	2021017 
2025836	[4818]	:	time Target is 2025836
2026234	[398]	:	Key	71	DOWN	at	2026233 
2031179	[4945]	:	time Target is 2031179
2031593	[414]	:	Key	71	DOWN	at	2031593 
2036532	[4939]	:	time Target is 2036532
2041854	[5322]	:	time Target is 2041854
2042491	[637]	:	Key	71	DOWN	at	2042491 
2047194	[4703]	:	time Target is 2047194
2047786	[592]	:	Key	71	DOWN	at	2047785 
2052527	[4741]	:	time Target is 2052527
2053003	[476]	:	Key	71	DOWN	at	2053003 
2057853	[4850]	:	time Target is 2057853
2063201	[5348]	:	time Target is 2063201
2063580	[379]	:	Key	71	DOWN	at	2063580 
2068536	[4956]	:	time Target is 2068536
2073859	[5323]	:	time Target is 2073859
2079174	[5315]	:	time Target is 2079174
2084498	[5324]	:	time Target is 2084498
2084847	[349]	:	Key	71	DOWN	at	2084846 
2089833	[4986]	:	time Target is 2089833
2095150	[5317]	:	time Target is 2095150
2100474	[5324]	:	time Target is 2100474
2101150	[676]	:	Key	71	DOWN	at	2101149 
2105806	[4656]	:	time Target is 2105806
2111127	[5321]	:	time Target is 2111127
2111337	[210]	:	Key	71	DOWN	at	2111337 
2116471	[5134]	:	time Target is 2116471
2121808	[5337]	:	time Target is 2121808
2122812	[1004]	:	Key	71	DOWN	at	2122812 
2127141	[4329]	:	time Target is 2127141
2127884	[743]	:	Key	71	DOWN	at	2127884 
2132487	[4603]	:	time Target is 2132487
2137809	[5322]	:	time Target is 2137809
2143164	[5355]	:	time Target is 2143164
2148485	[5321]	:	time Target is 2148485
2153800	[5315]	:	time Target is 2153800
2159119	[5319]	:	time Target is 2159119
2164437	[5318]	:	time Target is 2164437
2169762	[5325]	:	time Target is 2169762
2175081	[5319]	:	time Target is 2175081
2175517	[436]	:	Key	71	DOWN	at	2175517 
2180416	[4899]	:	time Target is 2180416
2185739	[5323]	:	time Target is 2185739
2191060	[5321]	:	time Target is 2191060
2196383	[5323]	:	time Target is 2196383
2201703	[5320]	:	time Target is 2201703
2202392	[689]	:	Key	71	DOWN	at	2202392 
2207039	[4647]	:	time Target is 2207039
2207502	[463]	:	Key	71	DOWN	at	2207501 
2212379	[4877]	:	time Target is 2212379
2217701	[5322]	:	time Target is 2217701
2218349	[648]	:	Key	71	DOWN	at	2218349 
2223039	[4690]	:	time Target is 2223039
2223293	[254]	:	Key	71	DOWN	at	2223292 
2228377	[5084]	:	time Target is 2228377
2228665	[288]	:	Key	71	DOWN	at	2228664 
2233721	[5056]	:	time Target is 2233721
2239045	[5324]	:	time Target is 2239045
2244365	[5320]	:	time Target is 2244365
2244810	[445]	:	Key	71	DOWN	at	2244809 
2249699	[4889]	:	time Target is 2249699
2250923	[1224]	:	Key	71	DOWN	at	2250923 
2255045	[4122]	:	time Target is 2255045
2256024	[979]	:	Key	71	DOWN	at	2256024 
2260380	[4356]	:	time Target is 2260380
2261274	[894]	:	Key	71	DOWN	at	2261273 
2265725	[4451]	:	time Target is 2265725
2271080	[5355]	:	time Target is 2271080
2276402	[5322]	:	time Target is 2276402
2281724	[5322]	:	time Target is 2281724
2287038	[5314]	:	time Target is 2287038
2288154	[1116]	:	Key	71	DOWN	at	2288154 
2291335	[3181]	:	Key	71	UP	at	2288395 
2310521	[19186]	:	Key	71	DOWN	at	2310521 
2310605	[84]	:	Key	71	UP	at	2310604 
2320443	[9838]	:	Key	29	DOWN	at	2320443 
2320539	[96]	:	Key	29	UP	at	2320538 
2325065	[4526]	:	Key	29	DOWN	at	2325065 
2325225	[160]	:	Key	29	UP	at	2325225 
2335257	[10032]	:	Key	29	DOWN	at	2335257 
2335373	[116]	:	Key	29	UP	at	2335373 
2336668	[1295]	:	Key	29	DOWN	at	2336668 
2336808	[140]	:	Key	29	UP	at	2336808 
2339768	[2960]	:	Key	28	DOWN	at	2339768 
2339945	[177]	:	Key	28	UP	at	2339945 
2340971	[1026]	:	Key	28	DOWN	at	2340971 
2341084	[113]	:	Key	28	UP	at	2341083 
2343675	[2591]	:	Key	29	DOWN	at	2343675 
2343787	[112]	:	Key	29	UP	at	2343787 
2344792	[1005]	:	Key	28	DOWN	at	2344792 
2344874	[82]	:	Key	28	UP	at	2344873 
2353565	[8691]	:	Key	29	DOWN	at	2353565 
2353706	[141]	:	Key	29	UP	at	2353705 
2354829	[1123]	:	Key	29	DOWN	at	2354829 
2354986	[157]	:	Key	29	UP	at	2354986 
2357673	[2687]	:	Key	28	DOWN	at	2357672 
2357753	[80]	:	Key	28	UP	at	2357753 
2360220	[2467]	:	Key	28	DOWN	at	2360220 
2360349	[129]	:	Key	28	UP	at	2360348 
2364701	[4352]	:	Key	28	DOWN	at	2364700 
2364795	[94]	:	Key	28	UP	at	2364795 
2365513	[718]	:	Key	28	DOWN	at	2365513 
2365688	[175]	:	Key	28	UP	at	2365688 
2373483	[7795]	:	Key	29	DOWN	at	2373483 
2373609	[126]	:	Key	29	UP	at	2373609 
2374525	[916]	:	Key	29	DOWN	at	2374524 
2374581	[56]	:	COGENT STOP
