Cog2000 log file Thu Aug 15 16:23:18 2019
gprim v1.33 Compiled:Aug 12 2015 (GLib DirectDraw v7 DX12.0 Compiled:Aug 12 2015)
Display:1024x768x32 59.95Hz
CogInput v1.05 Compiled: May 20 2010
0	[0]	:	COGENT START
8295	[8295]	:	Key	71	DOWN	at	8294    
8393	[98]	:	Key	71	UP	at	8392    
28457	[20064]	:	Key	71	DOWN	at	28457   
28504	[47]	:	Key	71	UP	at	28504   
32872	[4368]	:	Key	71	DOWN	at	32872   
32954	[82]	:	Key	71	UP	at	32953   
44964	[12010]	:	Key	71	DOWN	at	44964   
45093	[129]	:	Key	71	UP	at	45093   
61704	[16611]	:	Key	71	DOWN	at	61704   
61815	[111]	:	Key	71	UP	at	61815   
82136	[20321]	:	Key	71	DOWN	at	82136   
82955	[819]	:	time Target is 82954
83989	[1034]	:	Key	71	DOWN	at	83988   
89042	[5053]	:	time Target is 89042
89238	[196]	:	Key	71	DOWN	at	89238   
95130	[5892]	:	time Target is 95129
95158	[28]	:	Key	71	DOWN	at	95158   
101207	[6049]	:	time Target is 101207
101462	[255]	:	Key	71	UP	at	101461  
102375	[913]	:	Key	71	DOWN	at	102374  
102759	[384]	:	Key	71	UP	at	102759  
111927	[9168]	:	Key	71	DOWN	at	111927  
112993	[1066]	:	time Target is 112993
119316	[6323]	:	time Target is 119314
125637	[6321]	:	time Target is 125637
131963	[6326]	:	time Target is 131963
152602	[20639]	:	Key	71	DOWN	at	152601  
152679	[77]	:	Key	71	UP	at	152678  
157529	[4850]	:	Key	71	DOWN	at	157529  
157642	[113]	:	Key	71	UP	at	157641  
163270	[5628]	:	Key	71	DOWN	at	163269  
163368	[98]	:	Key	71	UP	at	163367  
172838	[9470]	:	Key	71	DOWN	at	172837  
172950	[112]	:	Key	71	UP	at	172950  
177941	[4991]	:	Key	71	DOWN	at	177941  
178736	[795]	:	Key	71	UP	at	178088  
178761	[25]	:	time Target is 178760
180090	[1329]	:	Key	71	DOWN	at	180089  
183851	[3761]	:	time Target is 183851
188925	[5074]	:	time Target is 188925
189800	[875]	:	Key	71	DOWN	at	189799  
194021	[4221]	:	time Target is 194021
206869	[12848]	:	Key	71	DOWN	at	206869  
206969	[100]	:	Key	71	UP	at	206968  
211079	[4110]	:	Key	71	DOWN	at	211079  
211869	[790]	:	Key	71	UP	at	211204  
211892	[23]	:	time Target is 211892
213096	[1204]	:	Key	71	DOWN	at	213095  
216979	[3883]	:	time Target is 216979
217717	[738]	:	Key	71	DOWN	at	217716  
222064	[4347]	:	time Target is 222064
227138	[5074]	:	time Target is 227138
239417	[12279]	:	Key	71	DOWN	at	239417  
239593	[176]	:	Key	71	UP	at	239593  
243253	[3660]	:	Key	71	DOWN	at	243252  
244044	[791]	:	Key	71	UP	at	243417  
244066	[22]	:	time Target is 244066
249141	[5075]	:	time Target is 249141
249543	[402]	:	Key	71	DOWN	at	249543  
254225	[4682]	:	time Target is 254225
254424	[199]	:	Key	71	DOWN	at	254424  
259309	[4885]	:	time Target is 259309
271220	[11911]	:	Key	71	DOWN	at	271220  
271287	[67]	:	Key	71	UP	at	271286  
274746	[3459]	:	Key	71	DOWN	at	274745  
275532	[786]	:	Key	71	UP	at	274969  
275552	[20]	:	time Target is 275552
276373	[821]	:	Key	71	DOWN	at	276372  
280638	[4265]	:	time Target is 280638
285709	[5071]	:	time Target is 285709
290786	[5077]	:	time Target is 290786
291095	[309]	:	Key	71	DOWN	at	291095  
295092	[3997]	:	Key	71	UP	at	291366  
303112	[8020]	:	Key	71	DOWN	at	303112  
303189	[77]	:	Key	71	UP	at	303189  
320344	[17155]	:	Key	71	DOWN	at	320344  
320421	[77]	:	Key	71	UP	at	320420  
335463	[15042]	:	Key	71	DOWN	at	335463  
335559	[96]	:	Key	71	UP	at	335558  
349178	[13619]	:	Key	71	DOWN	at	349177  
349289	[111]	:	Key	71	UP	at	349288  
356629	[7340]	:	Key	71	DOWN	at	356629  
359196	[2567]	:	time Target is 359196
359466	[270]	:	Key	71	DOWN	at	359465  
364537	[5071]	:	time Target is 364537
365817	[1280]	:	Key	71	DOWN	at	365816  
369879	[4062]	:	time Target is 369879
370185	[306]	:	Key	71	DOWN	at	370185  
374951	[4766]	:	Key	71	DOWN	at	374841  
377755	[2804]	:	Key	71	DOWN	at	377573  
380564	[2809]	:	time Target is 380564
381161	[597]	:	Key	71	DOWN	at	381160  
385898	[4737]	:	time Target is 385898
386424	[526]	:	Key	71	DOWN	at	386424  
391240	[4816]	:	time Target is 391240
391717	[477]	:	Key	71	DOWN	at	391716  
396584	[4867]	:	time Target is 396584
397833	[1249]	:	Key	71	DOWN	at	397833  
401920	[4087]	:	time Target is 401920
406973	[5053]	:	Key	71	DOWN	at	406279  
406974	[1]	:	Key	71	UP	at	406455  
409787	[2813]	:	time Target is 409787
415111	[5324]	:	time Target is 415111
415273	[162]	:	Key	71	DOWN	at	415273  
420449	[5176]	:	time Target is 420449
420968	[519]	:	Key	71	DOWN	at	420967  
425786	[4818]	:	time Target is 425786
426356	[570]	:	Key	71	DOWN	at	426356  
431124	[4768]	:	time Target is 431124
436459	[5335]	:	time Target is 436459
436997	[538]	:	Key	71	DOWN	at	436997  
441798	[4801]	:	time Target is 441798
442440	[642]	:	Key	71	DOWN	at	442439  
447136	[4696]	:	time Target is 447136
452463	[5327]	:	time Target is 452463
457783	[5320]	:	time Target is 457783
458968	[1185]	:	Key	71	DOWN	at	458968  
463123	[4155]	:	time Target is 463123
464425	[1302]	:	Key	71	DOWN	at	464424  
468466	[4041]	:	time Target is 468466
468521	[55]	:	Key	71	DOWN	at	468521  
473792	[5271]	:	time Target is 473792
474313	[521]	:	Key	71	DOWN	at	474313  
479129	[4816]	:	time Target is 479129
479524	[395]	:	Key	71	DOWN	at	479524  
484207	[4683]	:	Key	71	DOWN	at	484119  
487020	[2813]	:	time Target is 487020
488329	[1309]	:	Key	71	DOWN	at	488328  
492101	[3772]	:	Key	71	DOWN	at	492084  
494913	[2812]	:	time Target is 494913
496137	[1224]	:	Key	71	DOWN	at	496137  
500247	[4110]	:	time Target is 500247
505572	[5325]	:	time Target is 505572
506822	[1250]	:	Key	71	DOWN	at	506821  
510909	[4087]	:	time Target is 510909
511764	[855]	:	Key	71	DOWN	at	511764  
516241	[4477]	:	time Target is 516241
517525	[1284]	:	Key	71	DOWN	at	517525  
521578	[4053]	:	time Target is 521578
522311	[733]	:	Key	71	DOWN	at	522311  
526912	[4601]	:	time Target is 526912
532240	[5328]	:	time Target is 532240
537575	[5335]	:	time Target is 537575
537656	[81]	:	Key	71	DOWN	at	537655  
542910	[5254]	:	time Target is 542910
543945	[1035]	:	Key	71	DOWN	at	543945  
548250	[4305]	:	time Target is 548250
548837	[587]	:	Key	71	DOWN	at	548837  
553589	[4752]	:	time Target is 553589
554597	[1008]	:	Key	71	DOWN	at	554596  
558928	[4331]	:	time Target is 558928
559913	[985]	:	Key	71	DOWN	at	559913  
564269	[4356]	:	time Target is 564269
564601	[332]	:	Key	71	DOWN	at	564601  
569610	[5009]	:	time Target is 569610
574936	[5326]	:	time Target is 574936
575464	[528]	:	Key	71	DOWN	at	575464  
580271	[4807]	:	time Target is 580271
580362	[91]	:	Key	71	DOWN	at	580361  
585617	[5255]	:	time Target is 585617
590942	[5325]	:	time Target is 590942
596272	[5330]	:	time Target is 596272
596550	[278]	:	Key	71	DOWN	at	596549  
601615	[5065]	:	time Target is 601615
602484	[869]	:	Key	71	DOWN	at	602484  
606950	[4466]	:	time Target is 606950
607239	[289]	:	Key	71	DOWN	at	607238  
612282	[5043]	:	time Target is 612282
613221	[939]	:	Key	71	DOWN	at	613221  
617628	[4407]	:	time Target is 617628
618518	[890]	:	Key	71	DOWN	at	618517  
622963	[4445]	:	time Target is 622963
628281	[5318]	:	Key	71	DOWN	at	628054  
631091	[2810]	:	time Target is 631091
631700	[609]	:	Key	71	DOWN	at	631700  
636417	[4717]	:	Key	71	DOWN	at	636232  
639231	[2814]	:	time Target is 639231
639722	[491]	:	Key	71	DOWN	at	639721  
644576	[4854]	:	time Target is 644576
645252	[676]	:	Key	71	DOWN	at	645252  
649917	[4665]	:	time Target is 649917
651285	[1368]	:	Key	71	DOWN	at	651285  
655262	[3977]	:	time Target is 655262
655749	[487]	:	Key	71	DOWN	at	655749  
660595	[4846]	:	time Target is 660595
665673	[5078]	:	Key	71	DOWN	at	665575  
668482	[2809]	:	time Target is 668482
673809	[5327]	:	time Target is 673809
674584	[775]	:	Key	71	DOWN	at	674583  
679152	[4568]	:	time Target is 679152
679626	[474]	:	Key	71	DOWN	at	679625  
684487	[4861]	:	time Target is 684487
685032	[545]	:	Key	71	DOWN	at	685032  
689835	[4803]	:	time Target is 689835
689912	[77]	:	Key	71	DOWN	at	689912  
695174	[5262]	:	time Target is 695174
700493	[5319]	:	Key	71	DOWN	at	700279  
703305	[2812]	:	time Target is 703305
704582	[1277]	:	Key	71	DOWN	at	704582  
708641	[4059]	:	time Target is 708641
713973	[5332]	:	Key	71	DOWN	at	713765  
713974	[1]	:	Key	71	UP	at	713958  
716788	[2814]	:	time Target is 716788
717094	[306]	:	Key	71	DOWN	at	717093  
721872	[4778]	:	Key	71	DOWN	at	721718  
724682	[2810]	:	time Target is 724682
725561	[879]	:	Key	71	DOWN	at	725561  
730016	[4455]	:	time Target is 730016
731367	[1351]	:	Key	71	DOWN	at	731367  
735355	[3988]	:	time Target is 735355
736405	[1050]	:	Key	71	DOWN	at	736405  
740694	[4289]	:	time Target is 740694
741526	[832]	:	Key	71	DOWN	at	741525  
746038	[4512]	:	time Target is 746038
751356	[5318]	:	time Target is 751356
756678	[5322]	:	time Target is 756678
757591	[913]	:	Key	71	DOWN	at	757590  
761747	[4156]	:	Key	71	DOWN	at	761188  
761748	[1]	:	Key	71	UP	at	761338  
764563	[2815]	:	time Target is 764563
765352	[789]	:	Key	71	DOWN	at	765351  
769901	[4549]	:	time Target is 769901
770216	[315]	:	Key	71	DOWN	at	770215  
775245	[5029]	:	time Target is 775245
775848	[603]	:	Key	71	DOWN	at	775847  
780584	[4736]	:	time Target is 780584
781063	[479]	:	Key	71	DOWN	at	781063  
785921	[4858]	:	time Target is 785921
791253	[5332]	:	time Target is 791253
791766	[513]	:	Key	71	DOWN	at	791765  
796594	[4828]	:	time Target is 796594
801917	[5323]	:	time Target is 801917
802932	[1015]	:	Key	71	DOWN	at	802932  
806217	[3285]	:	Key	71	UP	at	803062  
818854	[12637]	:	Key	71	DOWN	at	818853  
819644	[790]	:	Key	71	UP	at	818997  
819912	[268]	:	time Target is 819912
825235	[5323]	:	time Target is 825235
826229	[994]	:	Key	71	DOWN	at	826228  
830572	[4343]	:	time Target is 830572
835884	[5312]	:	Key	71	DOWN	at	835833  
838697	[2813]	:	time Target is 838697
838997	[300]	:	Key	71	DOWN	at	838997  
844038	[5041]	:	time Target is 844038
844341	[303]	:	Key	71	DOWN	at	844340  
849378	[5037]	:	time Target is 849378
850645	[1267]	:	Key	71	DOWN	at	850645  
854752	[4107]	:	time Target is 854752
856234	[1482]	:	Key	71	DOWN	at	856234  
860085	[3851]	:	time Target is 860085
865419	[5334]	:	time Target is 865419
866408	[989]	:	Key	71	DOWN	at	866407  
870756	[4348]	:	time Target is 870756
871334	[578]	:	Key	71	DOWN	at	871333  
876086	[4752]	:	time Target is 876086
881413	[5327]	:	time Target is 881413
886735	[5322]	:	time Target is 886735
892051	[5316]	:	Key	71	DOWN	at	891913  
894863	[2812]	:	time Target is 894863
895625	[762]	:	Key	71	DOWN	at	895623  
900203	[4578]	:	time Target is 900203
905526	[5323]	:	time Target is 905526
905527	[1]	:	Key	71	DOWN	at	905526  
905769	[242]	:	Key	71	UP	at	905769  
906203	[434]	:	Key	71	DOWN	at	906202  
910866	[4663]	:	time Target is 910866
911607	[741]	:	Key	71	DOWN	at	911607  
916219	[4612]	:	time Target is 916219
917624	[1405]	:	Key	71	DOWN	at	917624  
921558	[3934]	:	time Target is 921558
926615	[5057]	:	Key	71	DOWN	at	926391  
929432	[2817]	:	time Target is 929432
930423	[991]	:	Key	71	DOWN	at	930422  
934779	[4356]	:	time Target is 934779
935237	[458]	:	Key	71	DOWN	at	935237  
940107	[4870]	:	Key	71	DOWN	at	940056  
942916	[2809]	:	time Target is 942916
944073	[1157]	:	Key	71	DOWN	at	944072  
948272	[4199]	:	time Target is 948272
948569	[297]	:	Key	71	DOWN	at	948569  
953606	[5037]	:	time Target is 953606
953782	[176]	:	Key	71	DOWN	at	953782  
958936	[5154]	:	Key	71	DOWN	at	958919  
961749	[2813]	:	time Target is 961749
962409	[660]	:	Key	71	DOWN	at	962409  
966820	[4411]	:	Key	71	DOWN	at	966420  
969629	[2809]	:	time Target is 969629
970404	[775]	:	Key	71	DOWN	at	970404  
974966	[4562]	:	time Target is 974966
976183	[1217]	:	Key	71	DOWN	at	976182  
980311	[4128]	:	time Target is 980311
985632	[5321]	:	time Target is 985632
986280	[648]	:	Key	71	DOWN	at	986279  
990970	[4690]	:	time Target is 990970
991670	[700]	:	Key	71	DOWN	at	991669  
996308	[4638]	:	time Target is 996308
996341	[33]	:	Key	71	DOWN	at	996341  
1001636	[5295]	:	time Target is 1001636
1002054	[418]	:	Key	71	DOWN	at	1002054 
1006977	[4923]	:	time Target is 1006977
1012301	[5324]	:	time Target is 1012301
1013047	[746]	:	Key	71	DOWN	at	1013046 
1017628	[4581]	:	Key	71	DOWN	at	1017497 
1020437	[2809]	:	time Target is 1020437
1020948	[511]	:	Key	71	DOWN	at	1020948 
1025781	[4833]	:	time Target is 1025781
1031101	[5320]	:	time Target is 1031101
1031497	[396]	:	Key	71	DOWN	at	1031497 
1036435	[4938]	:	time Target is 1036435
1037304	[869]	:	Key	71	DOWN	at	1037304 
1041770	[4466]	:	time Target is 1041770
1047088	[5318]	:	time Target is 1047088
1047540	[452]	:	Key	71	DOWN	at	1047540 
1052426	[4886]	:	time Target is 1052426
1057768	[5342]	:	time Target is 1057768
1058806	[1038]	:	Key	71	DOWN	at	1058805 
1063129	[4323]	:	time Target is 1063129
1068465	[5336]	:	time Target is 1068465
1069512	[1047]	:	Key	71	DOWN	at	1069511 
1073803	[4291]	:	time Target is 1073803
1074247	[444]	:	Key	71	DOWN	at	1074246 
1079148	[4901]	:	time Target is 1079148
1079399	[251]	:	Key	71	DOWN	at	1079398 
1084488	[5089]	:	time Target is 1084488
1089818	[5330]	:	time Target is 1089818
1091094	[1276]	:	Key	71	DOWN	at	1091094 
1095156	[4062]	:	time Target is 1095156
1096165	[1009]	:	Key	71	DOWN	at	1096164 
1100494	[4329]	:	time Target is 1100494
1101305	[811]	:	Key	71	DOWN	at	1101304 
1105600	[4295]	:	Key	71	DOWN	at	1105430 
1105601	[1]	:	Key	71	UP	at	1105577 
1108435	[2834]	:	time Target is 1108435
1113760	[5325]	:	time Target is 1113760
1119072	[5312]	:	time Target is 1119072
1119785	[713]	:	Key	71	DOWN	at	1119785 
1124407	[4622]	:	time Target is 1124407
1125415	[1008]	:	Key	71	DOWN	at	1125415 
1129748	[4333]	:	time Target is 1129748
1135093	[5345]	:	time Target is 1135093
1136470	[1377]	:	Key	71	DOWN	at	1136470 
1140423	[3953]	:	time Target is 1140423
1145743	[5320]	:	time Target is 1145743
1151062	[5319]	:	time Target is 1151062
1152282	[1220]	:	Key	71	DOWN	at	1152281 
1156409	[4127]	:	time Target is 1156409
1161734	[5325]	:	time Target is 1161734
1167052	[5318]	:	time Target is 1167052
1172374	[5322]	:	time Target is 1172374
1177698	[5324]	:	time Target is 1177698
1183018	[5320]	:	time Target is 1183018
1184279	[1261]	:	Key	71	DOWN	at	1184277 
1188360	[4081]	:	time Target is 1188360
1193683	[5323]	:	time Target is 1193683
1198741	[5058]	:	Key	71	DOWN	at	1198644 
1201557	[2816]	:	time Target is 1201557
1206881	[5324]	:	time Target is 1206881
1211938	[5057]	:	Key	71	DOWN	at	1211737 
1211938	[0]	:	Key	71	UP	at	1211910 
1214755	[2817]	:	time Target is 1214755
1215288	[533]	:	Key	71	DOWN	at	1215287 
1220091	[4803]	:	time Target is 1220091
1221049	[958]	:	Key	71	DOWN	at	1221049 
1225458	[4409]	:	time Target is 1225458
1230779	[5321]	:	time Target is 1230779
1236101	[5322]	:	time Target is 1236101
1237382	[1281]	:	Key	71	DOWN	at	1237382 
1241171	[3789]	:	Key	71	DOWN	at	1241078 
1243982	[2811]	:	time Target is 1243982
1245033	[1051]	:	Key	71	DOWN	at	1245033 
1249315	[4282]	:	time Target is 1249315
1249640	[325]	:	Key	71	DOWN	at	1249640 
1254658	[5018]	:	time Target is 1254658
1259980	[5322]	:	time Target is 1259980
1265301	[5321]	:	time Target is 1265301
1273285	[7984]	:	Key	71	DOWN	at	1273285 
1273445	[160]	:	Key	71	UP	at	1273444 
1292709	[19264]	:	Key	71	DOWN	at	1292709 
1293500	[791]	:	Key	71	UP	at	1293111 
1293767	[267]	:	time Target is 1293767
1299095	[5328]	:	time Target is 1299095
1304417	[5322]	:	time Target is 1304417
1309739	[5322]	:	time Target is 1309739
1310057	[318]	:	Key	71	UP	at	1310057 
1310633	[576]	:	Key	71	DOWN	at	1310633 
1315076	[4443]	:	time Target is 1315076
1315593	[517]	:	Key	71	DOWN	at	1315593 
1320413	[4820]	:	time Target is 1320413
1321861	[1448]	:	Key	71	DOWN	at	1321861 
1325753	[3892]	:	time Target is 1325753
1326377	[624]	:	Key	71	DOWN	at	1326377 
1331093	[4716]	:	time Target is 1331093
1336415	[5322]	:	time Target is 1336415
1337562	[1147]	:	Key	71	DOWN	at	1337561 
1341760	[4198]	:	time Target is 1341760
1342774	[1014]	:	Key	71	DOWN	at	1342774 
1346830	[4056]	:	Key	71	DOWN	at	1346647 
1349646	[2816]	:	time Target is 1349646
1350488	[842]	:	Key	71	DOWN	at	1350488 
1354985	[4497]	:	time Target is 1354985
1355765	[780]	:	Key	71	UP	at	1355764 
1356359	[594]	:	Key	71	DOWN	at	1356359 
1360317	[3958]	:	Key	71	UP	at	1360149 
1360327	[10]	:	time Target is 1360327
1361114	[787]	:	Key	71	DOWN	at	1361113 
1365431	[4317]	:	Key	71	UP	at	1365301 
1365699	[268]	:	time Target is 1365699
1366554	[855]	:	Key	71	DOWN	at	1366554 
1371037	[4483]	:	time Target is 1371037
1371592	[555]	:	Key	71	DOWN	at	1371592 
1376375	[4783]	:	time Target is 1376375
1377114	[739]	:	Key	71	DOWN	at	1377113 
1381759	[4645]	:	time Target is 1381759
1382373	[614]	:	Key	71	DOWN	at	1382373 
1387095	[4722]	:	time Target is 1387095
1387622	[527]	:	Key	71	DOWN	at	1387621 
1392433	[4811]	:	time Target is 1392433
1393081	[648]	:	Key	71	DOWN	at	1393080 
1397772	[4691]	:	time Target is 1397772
1402836	[5064]	:	Key	71	DOWN	at	1402503 
1405652	[2816]	:	time Target is 1405652
1406631	[979]	:	Key	71	DOWN	at	1406631 
1410990	[4359]	:	time Target is 1410990
1412357	[1367]	:	Key	71	DOWN	at	1412357 
1416327	[3970]	:	time Target is 1416327
1421660	[5333]	:	time Target is 1421660
1422454	[794]	:	Key	71	DOWN	at	1422453 
1427000	[4546]	:	time Target is 1427000
1432322	[5322]	:	time Target is 1432322
1437681	[5359]	:	time Target is 1437681
1439016	[1335]	:	Key	71	DOWN	at	1439015 
1443009	[3993]	:	Key	71	DOWN	at	1442869 
1445825	[2816]	:	time Target is 1445825
1451162	[5337]	:	time Target is 1451162
1456482	[5320]	:	time Target is 1456482
1461806	[5324]	:	time Target is 1461806
1467133	[5327]	:	time Target is 1467133
1467753	[620]	:	Key	71	DOWN	at	1467752 
1472465	[4712]	:	time Target is 1472465
1477787	[5322]	:	time Target is 1477787
1478392	[605]	:	Key	71	DOWN	at	1478392 
1483126	[4734]	:	time Target is 1483126
1488448	[5322]	:	time Target is 1488448
1489017	[569]	:	Key	71	DOWN	at	1489017 
1493792	[4775]	:	time Target is 1493792
1499149	[5357]	:	time Target is 1499149
1504472	[5323]	:	time Target is 1504472
1504775	[303]	:	Key	71	DOWN	at	1504774 
1509801	[5026]	:	time Target is 1509801
1511224	[1423]	:	Key	71	DOWN	at	1511224 
1515136	[3912]	:	time Target is 1515136
1515689	[553]	:	Key	71	DOWN	at	1515688 
1520207	[4518]	:	Key	71	DOWN	at	1520105 
1523022	[2815]	:	time Target is 1523022
1523621	[599]	:	Key	71	UP	at	1523621 
1528081	[4460]	:	Key	71	UP	at	1527705 
1528347	[266]	:	time Target is 1528347
1528661	[314]	:	Key	71	DOWN	at	1528661 
1533421	[4760]	:	Key	71	DOWN	at	1533108 
1533421	[0]	:	Key	71	UP	at	1533354 
1536237	[2816]	:	time Target is 1536237
1536583	[346]	:	Key	71	DOWN	at	1536582 
1541317	[4734]	:	Key	71	DOWN	at	1541189 
1544127	[2810]	:	time Target is 1544127
1544248	[121]	:	Key	71	DOWN	at	1544248 
1549204	[4956]	:	Key	71	DOWN	at	1549172 
1552028	[2824]	:	time Target is 1552028
1552553	[525]	:	Key	71	DOWN	at	1552553 
1557099	[4546]	:	Key	71	UP	at	1556377 
1557364	[265]	:	time Target is 1557364
1557704	[340]	:	Key	71	DOWN	at	1557704 
1562692	[4988]	:	Key	71	DOWN	at	1562503 
1562692	[0]	:	Key	71	UP	at	1562650 
1565506	[2814]	:	time Target is 1565506
1566137	[631]	:	Key	71	DOWN	at	1566137 
1570844	[4707]	:	time Target is 1570844
1571653	[809]	:	Key	71	DOWN	at	1571653 
1575922	[4269]	:	Key	71	DOWN	at	1575753 
1578731	[2809]	:	time Target is 1578731
1579397	[666]	:	Key	71	DOWN	at	1579397 
1584072	[4675]	:	time Target is 1584072
1584437	[365]	:	Key	71	DOWN	at	1584437 
1589402	[4965]	:	Key	71	DOWN	at	1589236 
1592221	[2819]	:	time Target is 1592221
1597541	[5320]	:	time Target is 1597541
1598278	[737]	:	Key	71	DOWN	at	1598278 
1602879	[4601]	:	time Target is 1602879
1603176	[297]	:	Key	71	DOWN	at	1603176 
1608224	[5048]	:	time Target is 1608224
1608598	[374]	:	Key	71	DOWN	at	1608598 
1613564	[4966]	:	time Target is 1613564
1618889	[5325]	:	time Target is 1618889
1618937	[48]	:	Key	71	DOWN	at	1618936 
1623957	[5020]	:	Key	71	UP	at	1623416 
1624223	[266]	:	time Target is 1624223
1624792	[569]	:	Key	71	DOWN	at	1624792 
1629558	[4766]	:	time Target is 1629558
1630213	[655]	:	Key	71	DOWN	at	1630213 
1634632	[4419]	:	Key	71	DOWN	at	1634598 
1637449	[2817]	:	time Target is 1637449
1642770	[5321]	:	time Target is 1642770
1643129	[359]	:	Key	71	DOWN	at	1643129 
1648109	[4980]	:	time Target is 1648109
1653431	[5322]	:	time Target is 1653431
1658754	[5323]	:	time Target is 1658754
1664079	[5325]	:	time Target is 1664079
1669411	[5332]	:	time Target is 1669411
1669769	[358]	:	Key	71	DOWN	at	1669768 
1674748	[4979]	:	time Target is 1674748
1680070	[5322]	:	time Target is 1680070
1685398	[5328]	:	time Target is 1685398
1686568	[1170]	:	Key	71	DOWN	at	1686568 
1690736	[4168]	:	time Target is 1690736
1696060	[5324]	:	time Target is 1696060
1697430	[1370]	:	Key	71	DOWN	at	1697429 
1701407	[3977]	:	time Target is 1701407
1706724	[5317]	:	Key	71	DOWN	at	1706487 
1709538	[2814]	:	time Target is 1709538
1710346	[808]	:	Key	71	DOWN	at	1710346 
1714867	[4521]	:	time Target is 1714867
1716182	[1315]	:	Key	71	DOWN	at	1716181 
1720198	[4016]	:	Key	71	DOWN	at	1720057 
1723014	[2816]	:	time Target is 1723014
1723206	[192]	:	Key	71	DOWN	at	1723204 
1728361	[5155]	:	time Target is 1728361
1729369	[1008]	:	Key	71	DOWN	at	1729369 
1733695	[4326]	:	time Target is 1733695
1734825	[1130]	:	Key	71	DOWN	at	1734824 
1737996	[3171]	:	Key	71	UP	at	1735336 
1742490	[4494]	:	Key	71	DOWN	at	1742490 
1743546	[1056]	:	time Target is 1743546
1744377	[831]	:	Key	71	UP	at	1744376 
1748870	[4493]	:	time Target is 1748869
1754193	[5323]	:	time Target is 1754192
1754759	[566]	:	Key	71	DOWN	at	1754758 
1759528	[4769]	:	time Target is 1759528
1764848	[5320]	:	time Target is 1764848
1770177	[5329]	:	time Target is 1770177
1771254	[1077]	:	Key	71	DOWN	at	1771254 
1775252	[3998]	:	Key	71	UP	at	1774581 
1775517	[265]	:	time Target is 1775517
1776904	[1387]	:	Key	71	DOWN	at	1776904 
1780858	[3954]	:	time Target is 1780858
1781830	[972]	:	Key	71	DOWN	at	1781829 
1786186	[4356]	:	time Target is 1786186
1787033	[847]	:	Key	71	DOWN	at	1787033 
1791530	[4497]	:	time Target is 1791530
1792006	[476]	:	Key	71	DOWN	at	1792006 
1796869	[4863]	:	time Target is 1796869
1802191	[5322]	:	time Target is 1802191
1803380	[1189]	:	Key	71	DOWN	at	1803380 
1807305	[3925]	:	Key	71	UP	at	1807285 
1807571	[266]	:	time Target is 1807571
1812896	[5325]	:	time Target is 1812896
1818221	[5325]	:	time Target is 1818221
1823541	[5320]	:	time Target is 1823541
1828866	[5325]	:	time Target is 1828866
1829766	[900]	:	Key	71	DOWN	at	1829765 
1834201	[4435]	:	time Target is 1834201
1835335	[1134]	:	Key	71	DOWN	at	1835335 
1839536	[4201]	:	time Target is 1839536
1840535	[999]	:	Key	71	DOWN	at	1840534 
1844871	[4336]	:	time Target is 1844871
1846089	[1218]	:	Key	71	DOWN	at	1846088 
1850211	[4122]	:	time Target is 1850211
1850713	[502]	:	Key	71	DOWN	at	1850713 
1855538	[4825]	:	Key	71	DOWN	at	1855414 
1858351	[2813]	:	time Target is 1858351
1863399	[5048]	:	Key	71	DOWN	at	1863220 
1866214	[2815]	:	time Target is 1866214
1866874	[660]	:	Key	71	DOWN	at	1866873 
1871554	[4680]	:	time Target is 1871554
1872507	[953]	:	Key	71	DOWN	at	1872506 
1876893	[4386]	:	time Target is 1876893
1882212	[5319]	:	time Target is 1882212
1887541	[5329]	:	time Target is 1887541
1887867	[326]	:	Key	71	DOWN	at	1887866 
1892882	[5015]	:	time Target is 1892882
1893559	[677]	:	Key	71	DOWN	at	1893558 
1898220	[4661]	:	time Target is 1898220
1903543	[5323]	:	time Target is 1903543
1908868	[5325]	:	time Target is 1908868
1909559	[691]	:	Key	71	DOWN	at	1909559 
1914206	[4647]	:	time Target is 1914206
1919529	[5323]	:	time Target is 1919529
1919941	[412]	:	Key	71	DOWN	at	1919941 
1924876	[4935]	:	time Target is 1924876
1930195	[5319]	:	time Target is 1930195
1935521	[5326]	:	time Target is 1935521
1936904	[1383]	:	Key	71	DOWN	at	1936904 
1940881	[3977]	:	time Target is 1940881
1946208	[5327]	:	time Target is 1946208
1947144	[936]	:	Key	71	DOWN	at	1947144 
1951544	[4400]	:	time Target is 1951544
1956602	[5058]	:	Key	1	DOWN	at	1955879 
1959416	[2814]	:	time Target is 1959416
1959447	[31]	:	Key	71	UP	at	1959446 
1960614	[1167]	:	Key	71	DOWN	at	1960613 
1964753	[4139]	:	time Target is 1964753
1970081	[5328]	:	time Target is 1970081
1975401	[5320]	:	time Target is 1975401
1976711	[1310]	:	Key	71	DOWN	at	1976711 
1980737	[4026]	:	time Target is 1980737
1980821	[84]	:	Key	71	DOWN	at	1980821 
1986086	[5265]	:	time Target is 1986086
1986472	[386]	:	Key	71	DOWN	at	1986471 
1991414	[4942]	:	Key	71	DOWN	at	1991238 
1994231	[2817]	:	time Target is 1994231
1999557	[5326]	:	time Target is 1999557
2004881	[5324]	:	time Target is 2004881
2010201	[5320]	:	time Target is 2010201
2015520	[5319]	:	time Target is 2015520
2015802	[282]	:	Key	71	DOWN	at	2015801 
2020856	[5054]	:	time Target is 2020856
2026186	[5330]	:	time Target is 2026186
2026967	[781]	:	Key	71	DOWN	at	2026967 
2031522	[4555]	:	time Target is 2031522
2036835	[5313]	:	time Target is 2036835
2041905	[5070]	:	Key	71	DOWN	at	2041626 
2044721	[2816]	:	time Target is 2044721
2050052	[5331]	:	time Target is 2050052
2055371	[5319]	:	time Target is 2055371
2056568	[1197]	:	Key	71	DOWN	at	2056568 
2060710	[4142]	:	time Target is 2060710
2066034	[5324]	:	time Target is 2066034
2071353	[5319]	:	time Target is 2071353
2076664	[5311]	:	Key	71	DOWN	at	2076599 
2079471	[2807]	:	time Target is 2079471
2084525	[5054]	:	Key	71	DOWN	at	2084425 
2087340	[2815]	:	time Target is 2087340
2087656	[316]	:	Key	71	DOWN	at	2087655 
2087658	[2]	:	Key	14	DOWN	at	2087655 
2092686	[5028]	:	time Target is 2092686
2093097	[411]	:	Key	14	DOWN	at	2093096 
2093290	[193]	:	Key	14	UP	at	2093289 
2097742	[4452]	:	Key	71	DOWN	at	2097289 
2097742	[0]	:	Key	71	UP	at	2097495 
2100291	[2549]	:	Key	71	DOWN	at	2099960 
2103101	[2810]	:	time Target is 2103101
2103718	[617]	:	Key	71	DOWN	at	2103717 
2108437	[4719]	:	time Target is 2108437
2108919	[482]	:	Key	71	DOWN	at	2108919 
2113769	[4850]	:	time Target is 2113769
2114504	[735]	:	Key	71	DOWN	at	2114504 
2119110	[4606]	:	time Target is 2119110
2120006	[896]	:	Key	71	DOWN	at	2120005 
2124466	[4460]	:	time Target is 2124466
2125158	[692]	:	Key	71	DOWN	at	2125157 
2129802	[4644]	:	time Target is 2129802
2130871	[1069]	:	Key	71	DOWN	at	2130870 
2135140	[4269]	:	time Target is 2135140
2140466	[5326]	:	time Target is 2140466
2141432	[966]	:	Key	71	DOWN	at	2141431 
2145801	[4369]	:	Key	71	DOWN	at	2145784 
2148621	[2820]	:	time Target is 2148621
2148968	[347]	:	Key	71	DOWN	at	2148967 
2153957	[4989]	:	time Target is 2153957
2155065	[1108]	:	Key	71	DOWN	at	2155065 
2159292	[4227]	:	time Target is 2159292
2164634	[5342]	:	time Target is 2164634
2165369	[735]	:	Key	71	DOWN	at	2165368 
2169974	[4605]	:	time Target is 2169974
2175035	[5061]	:	Key	71	UP	at	2174569 
2175300	[265]	:	time Target is 2175300
2180622	[5322]	:	time Target is 2180622
2185947	[5325]	:	time Target is 2185947
2186901	[954]	:	Key	71	DOWN	at	2186901 
2191280	[4379]	:	time Target is 2191280
2202314	[11034]	:	Key	71	DOWN	at	2202313 
2202424	[110]	:	Key	71	UP	at	2202423 
2221574	[19150]	:	Key	28	DOWN	at	2221573 
2221719	[145]	:	Key	28	UP	at	2221719 
2230326	[8607]	:	Key	28	DOWN	at	2230326 
2230454	[128]	:	Key	28	UP	at	2230453 
2234247	[3793]	:	Key	28	DOWN	at	2234246 
2234421	[174]	:	Key	28	UP	at	2234421 
2238072	[3651]	:	Key	29	DOWN	at	2238072 
2238215	[143]	:	Key	29	UP	at	2238215 
2240616	[2401]	:	Key	28	DOWN	at	2240616 
2240743	[127]	:	Key	28	UP	at	2240743 
2244871	[4128]	:	Key	29	DOWN	at	2244871 
2244934	[63]	:	Key	29	UP	at	2244933 
2249813	[4879]	:	Key	29	DOWN	at	2249813 
2249994	[181]	:	Key	29	UP	at	2249993 
2251144	[1150]	:	Key	29	DOWN	at	2251144 
2251304	[160]	:	Key	29	UP	at	2251303 
2254507	[3203]	:	Key	29	DOWN	at	2254506 
2254695	[188]	:	Key	29	UP	at	2254693 
2255479	[784]	:	Key	29	DOWN	at	2255478 
2255689	[210]	:	Key	29	UP	at	2255688 
2257561	[1872]	:	Key	28	DOWN	at	2257560 
2257798	[237]	:	Key	28	UP	at	2257796 
2259530	[1732]	:	Key	28	DOWN	at	2259529 
2259686	[156]	:	Key	28	UP	at	2259686 
2261765	[2079]	:	Key	29	DOWN	at	2261765 
2261910	[145]	:	Key	29	UP	at	2261910 
2263162	[1252]	:	Key	29	DOWN	at	2263161 
2263336	[174]	:	Key	29	UP	at	2263336 
2264886	[1550]	:	Key	28	DOWN	at	2264885 
2265112	[226]	:	Key	28	UP	at	2265112 
2266632	[1520]	:	Key	29	DOWN	at	2266631 
2266648	[16]	:	COGENT STOP
