Cog2000 log file Thu Aug 22 10:30:32 2019
gprim v1.33 Compiled:Aug 12 2015 (GLib DirectDraw v7 DX12.0 Compiled:Aug 12 2015)
Display:1024x768x32 59.95Hz
Attaching C:\Program Files\Cogent2000v1.33\Toolbox\CogInput.mexw64
CogInput v1.05 Compiled: May 20 2010
5	[5]	:	COGENT START
9828	[9823]	:	Key	71	DOWN	at	9827    
9926	[98]	:	Key	71	UP	at	9925    
28917	[18991]	:	Key	71	DOWN	at	28915   
28980	[63]	:	Key	71	UP	at	28979   
33192	[4212]	:	Key	71	DOWN	at	33188   
33288	[96]	:	Key	71	UP	at	33287   
44183	[10895]	:	Key	71	DOWN	at	44182   
44278	[95]	:	Key	71	UP	at	44278   
58918	[14640]	:	Key	71	DOWN	at	58918   
58980	[62]	:	Key	71	UP	at	58980   
79045	[20065]	:	Key	71	DOWN	at	79045   
79943	[898]	:	time Target is 79925
80436	[493]	:	Key	71	DOWN	at	80436   
86054	[5618]	:	time Target is 86053
86648	[594]	:	Key	71	DOWN	at	86647   
92161	[5513]	:	time Target is 92161
92712	[551]	:	Key	71	DOWN	at	92711   
98265	[5553]	:	time Target is 98264
98792	[527]	:	Key	71	DOWN	at	98792   
108405	[9613]	:	Key	71	DOWN	at	108405  
109473	[1068]	:	time Target is 109468
115806	[6333]	:	time Target is 115806
122139	[6333]	:	time Target is 122138
128463	[6324]	:	time Target is 128463
147526	[19063]	:	Key	71	DOWN	at	147525  
147636	[110]	:	Key	71	UP	at	147636  
151767	[4131]	:	Key	71	DOWN	at	151766  
151861	[94]	:	Key	71	UP	at	151861  
156356	[4495]	:	Key	71	DOWN	at	156355  
156438	[82]	:	Key	71	UP	at	156437  
164868	[8430]	:	Key	71	DOWN	at	164868  
164969	[101]	:	Key	71	UP	at	164967  
170484	[5515]	:	Key	71	DOWN	at	170484  
171307	[823]	:	Key	71	UP	at	170612  
171333	[26]	:	time Target is 171333
172036	[703]	:	Key	71	DOWN	at	172036  
176433	[4397]	:	time Target is 176433
181512	[5079]	:	time Target is 181512
182212	[700]	:	Key	71	DOWN	at	182211  
186612	[4400]	:	time Target is 186612
187301	[689]	:	Key	71	DOWN	at	187301  
190918	[3617]	:	Key	71	UP	at	187445  
198263	[7345]	:	Key	71	DOWN	at	198263  
198355	[92]	:	Key	71	UP	at	198355  
202468	[4113]	:	Key	71	DOWN	at	202468  
203261	[793]	:	Key	71	UP	at	202788  
203291	[30]	:	time Target is 203290
208373	[5082]	:	time Target is 208373
208867	[494]	:	Key	71	DOWN	at	208866  
213460	[4593]	:	time Target is 213459
214036	[576]	:	Key	71	DOWN	at	214035  
218548	[4512]	:	time Target is 218548
230659	[12111]	:	Key	71	DOWN	at	230658  
230758	[99]	:	Key	71	UP	at	230758  
234804	[4046]	:	Key	71	DOWN	at	234803  
235593	[789]	:	Key	71	UP	at	234981  
235610	[17]	:	time Target is 235609
236484	[874]	:	Key	71	DOWN	at	236483  
240697	[4213]	:	time Target is 240697
245770	[5073]	:	time Target is 245770
246419	[649]	:	Key	71	DOWN	at	246419  
250860	[4441]	:	time Target is 250860
262358	[11498]	:	Key	71	DOWN	at	262358  
262406	[48]	:	Key	71	UP	at	262405  
266580	[4174]	:	Key	71	DOWN	at	266580  
267370	[790]	:	Key	71	UP	at	266773  
267392	[22]	:	time Target is 267392
267956	[564]	:	Key	71	DOWN	at	267955  
272471	[4515]	:	time Target is 272470
277541	[5070]	:	time Target is 277540
282612	[5071]	:	time Target is 282611
283268	[656]	:	Key	71	DOWN	at	283268  
286921	[3653]	:	Key	71	UP	at	283446  
294213	[7292]	:	Key	71	DOWN	at	294213  
294311	[98]	:	Key	71	UP	at	294311  
309828	[15517]	:	Key	71	DOWN	at	309828  
309959	[131]	:	Key	71	UP	at	309958  
323797	[13838]	:	Key	71	DOWN	at	323797  
323891	[94]	:	Key	71	UP	at	323891  
336423	[12532]	:	Key	71	DOWN	at	336422  
336503	[80]	:	Key	71	UP	at	336503  
343592	[7089]	:	Key	71	DOWN	at	343591  
346175	[2583]	:	time Target is 346174
346629	[454]	:	Key	71	DOWN	at	346628  
351520	[4891]	:	time Target is 351520
356841	[5321]	:	time Target is 356841
357572	[731]	:	Key	71	DOWN	at	357572  
362194	[4622]	:	time Target is 362194
362598	[404]	:	Key	71	DOWN	at	362597  
367546	[4948]	:	time Target is 367545
367957	[411]	:	Key	71	DOWN	at	367957  
372620	[4663]	:	Key	71	DOWN	at	372515  
375439	[2819]	:	time Target is 375439
375907	[468]	:	Key	71	DOWN	at	375906  
380782	[4875]	:	time Target is 380782
381477	[695]	:	Key	71	DOWN	at	381477  
386123	[4646]	:	time Target is 386123
386823	[700]	:	Key	71	DOWN	at	386822  
391461	[4638]	:	time Target is 391461
396787	[5326]	:	time Target is 396787
397782	[995]	:	Key	71	DOWN	at	397782  
402126	[4344]	:	time Target is 402126
402932	[806]	:	Key	71	DOWN	at	402931  
407464	[4532]	:	time Target is 407464
408166	[702]	:	Key	71	DOWN	at	408166  
412803	[4637]	:	time Target is 412803
413319	[516]	:	Key	71	DOWN	at	413319  
418186	[4867]	:	time Target is 418186
418580	[394]	:	Key	71	DOWN	at	418579  
423525	[4945]	:	time Target is 423525
428848	[5323]	:	time Target is 428848
429460	[612]	:	Key	71	DOWN	at	429459  
434186	[4726]	:	time Target is 434186
434533	[347]	:	Key	71	DOWN	at	434533  
439517	[4984]	:	time Target is 439517
440179	[662]	:	Key	71	DOWN	at	440179  
444850	[4671]	:	time Target is 444850
450172	[5322]	:	time Target is 450172
450662	[490]	:	Key	71	DOWN	at	450662  
455245	[4583]	:	Key	71	DOWN	at	455155  
455247	[2]	:	Key	71	UP	at	455222  
458057	[2810]	:	time Target is 458057
458725	[668]	:	Key	71	DOWN	at	458725  
463394	[4669]	:	time Target is 463394
464468	[1074]	:	Key	71	DOWN	at	464467  
468731	[4263]	:	time Target is 468731
474054	[5323]	:	time Target is 474054
474836	[782]	:	Key	71	DOWN	at	474836  
479401	[4565]	:	time Target is 479401
479991	[590]	:	Key	71	DOWN	at	479991  
484736	[4745]	:	time Target is 484736
485172	[436]	:	Key	71	DOWN	at	485171  
490070	[4898]	:	time Target is 490070
490498	[428]	:	Key	71	DOWN	at	490498  
495404	[4906]	:	Key	71	DOWN	at	495301  
498227	[2823]	:	time Target is 498227
499348	[1121]	:	Key	71	DOWN	at	499347  
503570	[4222]	:	time Target is 503570
504087	[517]	:	Key	71	DOWN	at	504086  
508904	[4817]	:	time Target is 508904
509990	[1086]	:	Key	71	DOWN	at	509989  
514244	[4254]	:	time Target is 514244
514707	[463]	:	Key	71	DOWN	at	514707  
519587	[4880]	:	time Target is 519587
524909	[5322]	:	time Target is 524909
525508	[599]	:	Key	71	DOWN	at	525508  
530255	[4747]	:	time Target is 530255
530772	[517]	:	Key	71	DOWN	at	530771  
535604	[4832]	:	time Target is 535604
536389	[785]	:	Key	71	DOWN	at	536388  
540943	[4554]	:	time Target is 540943
546273	[5330]	:	time Target is 546273
547107	[834]	:	Key	71	DOWN	at	547107  
551617	[4510]	:	time Target is 551617
552467	[850]	:	Key	71	DOWN	at	552467  
556952	[4485]	:	time Target is 556952
557381	[429]	:	Key	71	DOWN	at	557381  
562283	[4902]	:	time Target is 562283
563476	[1193]	:	Key	71	DOWN	at	563476  
567624	[4148]	:	time Target is 567624
572943	[5319]	:	time Target is 572943
573605	[662]	:	Key	71	DOWN	at	573605  
578282	[4677]	:	time Target is 578282
579145	[863]	:	Key	71	DOWN	at	579144  
583611	[4466]	:	Key	71	DOWN	at	583524  
586422	[2811]	:	time Target is 586422
587365	[943]	:	Key	71	DOWN	at	587365  
591760	[4395]	:	time Target is 591760
592531	[771]	:	Key	71	DOWN	at	592531  
597100	[4569]	:	time Target is 597100
602424	[5324]	:	time Target is 602424
603319	[895]	:	Key	71	DOWN	at	603319  
607760	[4441]	:	time Target is 607760
608373	[613]	:	Key	71	DOWN	at	608373  
613089	[4716]	:	time Target is 613089
613880	[791]	:	Key	71	DOWN	at	613879  
618424	[4544]	:	time Target is 618424
623743	[5319]	:	time Target is 623743
624278	[535]	:	Key	71	DOWN	at	624278  
629080	[4802]	:	time Target is 629080
629526	[446]	:	Key	71	DOWN	at	629526  
634407	[4881]	:	time Target is 634407
634869	[462]	:	Key	71	DOWN	at	634868  
639749	[4880]	:	time Target is 639749
640757	[1008]	:	Key	71	DOWN	at	640757  
645086	[4329]	:	time Target is 645086
650414	[5328]	:	time Target is 650414
655728	[5314]	:	time Target is 655728
661053	[5325]	:	time Target is 661053
661650	[597]	:	Key	71	DOWN	at	661650  
666389	[4739]	:	time Target is 666389
666997	[608]	:	Key	71	DOWN	at	666997  
671731	[4734]	:	time Target is 671731
672245	[514]	:	Key	71	DOWN	at	672245  
677073	[4828]	:	time Target is 677073
677591	[518]	:	Key	71	DOWN	at	677590  
682411	[4820]	:	time Target is 682411
682824	[413]	:	Key	71	DOWN	at	682823  
687748	[4924]	:	time Target is 687748
688342	[594]	:	Key	71	DOWN	at	688342  
693086	[4744]	:	time Target is 693086
693848	[762]	:	Key	71	DOWN	at	693847  
698425	[4577]	:	time Target is 698425
699107	[682]	:	Key	71	DOWN	at	699106  
703759	[4652]	:	time Target is 703759
709081	[5322]	:	time Target is 709081
709509	[428]	:	Key	71	DOWN	at	709508  
714416	[4907]	:	time Target is 714416
719742	[5326]	:	time Target is 719742
720340	[598]	:	Key	71	DOWN	at	720339  
725077	[4737]	:	time Target is 725077
725639	[562]	:	Key	71	DOWN	at	725638  
730413	[4774]	:	time Target is 730413
731048	[635]	:	Key	71	DOWN	at	731047  
735744	[4696]	:	time Target is 735744
736291	[547]	:	Key	71	DOWN	at	736290  
741084	[4793]	:	time Target is 741084
746407	[5323]	:	time Target is 746407
747174	[767]	:	Key	71	DOWN	at	747174  
751743	[4569]	:	time Target is 751743
757070	[5327]	:	time Target is 757070
757800	[730]	:	Key	71	DOWN	at	757799  
762411	[4611]	:	time Target is 762411
763061	[650]	:	Key	71	DOWN	at	763061  
767742	[4681]	:	time Target is 767742
773064	[5322]	:	time Target is 773064
773686	[622]	:	Key	71	DOWN	at	773685  
778399	[4713]	:	time Target is 778399
779735	[1336]	:	Key	71	DOWN	at	779735  
783729	[3994]	:	time Target is 783729
784470	[741]	:	Key	71	DOWN	at	784470  
789064	[4594]	:	time Target is 789064
789829	[765]	:	Key	71	DOWN	at	789828  
794401	[4572]	:	time Target is 794401
799731	[5330]	:	time Target is 799731
800275	[544]	:	Key	71	DOWN	at	800275  
805071	[4796]	:	time Target is 805071
805687	[616]	:	Key	71	DOWN	at	805687  
810410	[4723]	:	time Target is 810410
810853	[443]	:	Key	71	DOWN	at	810853  
814710	[3857]	:	Key	71	UP	at	811028  
828597	[13887]	:	Key	71	DOWN	at	828596  
829387	[790]	:	Key	71	UP	at	828738  
829659	[272]	:	time Target is 829659
830278	[619]	:	Key	71	DOWN	at	830277  
834997	[4719]	:	time Target is 834997
835812	[815]	:	Key	71	DOWN	at	835811  
840329	[4517]	:	time Target is 840329
845650	[5321]	:	time Target is 845650
846473	[823]	:	Key	71	DOWN	at	846472  
850990	[4517]	:	time Target is 850990
852037	[1047]	:	Key	71	DOWN	at	852037  
856330	[4293]	:	time Target is 856330
861654	[5324]	:	time Target is 861654
862392	[738]	:	Key	71	DOWN	at	862391  
866991	[4599]	:	time Target is 866991
867716	[725]	:	Key	71	DOWN	at	867716  
872335	[4619]	:	time Target is 872335
873250	[915]	:	Key	71	DOWN	at	873250  
877670	[4420]	:	time Target is 877670
878435	[765]	:	Key	71	DOWN	at	878435  
883008	[4573]	:	time Target is 883008
888329	[5321]	:	time Target is 888329
888952	[623]	:	Key	71	DOWN	at	888951  
893668	[4716]	:	time Target is 893668
898984	[5316]	:	time Target is 898984
899573	[589]	:	Key	71	DOWN	at	899572  
904326	[4753]	:	time Target is 904326
909652	[5326]	:	time Target is 909652
910003	[351]	:	Key	71	DOWN	at	910003  
914995	[4992]	:	time Target is 914995
915700	[705]	:	Key	71	DOWN	at	915699  
920335	[4635]	:	time Target is 920335
925650	[5315]	:	time Target is 925650
926071	[421]	:	Key	71	DOWN	at	926071  
930985	[4914]	:	time Target is 930985
931575	[590]	:	Key	71	DOWN	at	931574  
936323	[4748]	:	time Target is 936323
936708	[385]	:	Key	71	DOWN	at	936708  
941657	[4949]	:	time Target is 941657
946976	[5319]	:	time Target is 946976
947494	[518]	:	Key	71	DOWN	at	947494  
952318	[4824]	:	time Target is 952318
953574	[1256]	:	Key	71	DOWN	at	953573  
957656	[4082]	:	time Target is 957656
962975	[5319]	:	time Target is 962975
963831	[856]	:	Key	71	DOWN	at	963831  
968312	[4481]	:	time Target is 968312
969555	[1243]	:	Key	71	DOWN	at	969555  
973650	[4095]	:	time Target is 973650
978970	[5320]	:	time Target is 978970
979991	[1021]	:	Key	71	DOWN	at	979990  
984309	[4318]	:	time Target is 984309
984824	[515]	:	Key	71	DOWN	at	984823  
989648	[4824]	:	time Target is 989648
990742	[1094]	:	Key	71	DOWN	at	990742  
994988	[4246]	:	time Target is 994988
995571	[583]	:	Key	71	DOWN	at	995571  
1000326	[4755]	:	time Target is 1000326
1005650	[5324]	:	time Target is 1005650
1006151	[501]	:	Key	71	DOWN	at	1006151 
1010988	[4837]	:	time Target is 1010988
1011556	[568]	:	Key	71	DOWN	at	1011555 
1016327	[4771]	:	time Target is 1016327
1016965	[638]	:	Key	71	DOWN	at	1016965 
1021665	[4700]	:	time Target is 1021665
1022213	[548]	:	Key	71	DOWN	at	1022213 
1027003	[4790]	:	time Target is 1027003
1027522	[519]	:	Key	71	DOWN	at	1027522 
1032344	[4822]	:	time Target is 1032344
1032933	[589]	:	Key	71	DOWN	at	1032933 
1037679	[4746]	:	time Target is 1037679
1038887	[1208]	:	Key	71	DOWN	at	1038887 
1043012	[4125]	:	time Target is 1043012
1048335	[5323]	:	time Target is 1048335
1049111	[776]	:	Key	71	DOWN	at	1049111 
1053671	[4560]	:	time Target is 1053671
1054740	[1069]	:	Key	71	DOWN	at	1054739 
1059004	[4264]	:	time Target is 1059004
1064322	[5318]	:	time Target is 1064322
1064696	[374]	:	Key	71	DOWN	at	1064695 
1069662	[4966]	:	time Target is 1069662
1070533	[871]	:	Key	71	DOWN	at	1070533 
1074996	[4463]	:	time Target is 1074996
1075732	[736]	:	Key	71	DOWN	at	1075732 
1080334	[4602]	:	time Target is 1080334
1080711	[377]	:	Key	71	DOWN	at	1080711 
1085682	[4971]	:	time Target is 1085682
1091006	[5324]	:	time Target is 1091006
1091378	[372]	:	Key	71	DOWN	at	1091378 
1096343	[4965]	:	time Target is 1096343
1101673	[5330]	:	time Target is 1101673
1102086	[413]	:	Key	71	DOWN	at	1102086 
1107011	[4925]	:	time Target is 1107011
1112326	[5315]	:	time Target is 1112326
1113815	[1489]	:	Key	71	DOWN	at	1113815 
1117663	[3848]	:	time Target is 1117663
1118711	[1048]	:	Key	71	DOWN	at	1118710 
1123003	[4292]	:	time Target is 1123003
1123671	[668]	:	Key	71	DOWN	at	1123671 
1128338	[4667]	:	time Target is 1128338
1133665	[5327]	:	time Target is 1133665
1138985	[5320]	:	time Target is 1138985
1139142	[157]	:	Key	71	DOWN	at	1139142 
1144324	[5182]	:	time Target is 1144324
1145015	[691]	:	Key	71	DOWN	at	1145015 
1149648	[4633]	:	Key	71	DOWN	at	1149458 
1149648	[0]	:	Key	71	UP	at	1149558 
1152462	[2814]	:	time Target is 1152462
1152870	[408]	:	Key	71	DOWN	at	1152870 
1157797	[4927]	:	time Target is 1157797
1163125	[5328]	:	time Target is 1163125
1163654	[529]	:	Key	71	DOWN	at	1163654 
1168453	[4799]	:	time Target is 1168453
1169220	[767]	:	Key	71	DOWN	at	1169220 
1173790	[4570]	:	time Target is 1173790
1174278	[488]	:	Key	71	DOWN	at	1174277 
1179130	[4852]	:	time Target is 1179130
1179895	[765]	:	Key	71	DOWN	at	1179894 
1184461	[4566]	:	time Target is 1184461
1189780	[5319]	:	time Target is 1189780
1191157	[1377]	:	Key	71	DOWN	at	1191156 
1195119	[3962]	:	time Target is 1195119
1196040	[921]	:	Key	71	DOWN	at	1196040 
1200449	[4409]	:	time Target is 1200449
1205770	[5321]	:	time Target is 1205770
1206661	[891]	:	Key	71	DOWN	at	1206660 
1211108	[4447]	:	time Target is 1211108
1211991	[883]	:	Key	71	DOWN	at	1211991 
1216446	[4455]	:	time Target is 1216446
1216883	[437]	:	Key	71	DOWN	at	1216883 
1221786	[4903]	:	time Target is 1221786
1222083	[297]	:	Key	71	DOWN	at	1222083 
1227129	[5046]	:	time Target is 1227129
1227464	[335]	:	Key	71	DOWN	at	1227463 
1232478	[5014]	:	time Target is 1232478
1232998	[520]	:	Key	71	DOWN	at	1232998 
1237816	[4818]	:	time Target is 1237816
1238659	[843]	:	Key	71	DOWN	at	1238659 
1243152	[4493]	:	time Target is 1243152
1248475	[5323]	:	time Target is 1248475
1249026	[551]	:	Key	71	DOWN	at	1249026 
1253811	[4785]	:	time Target is 1253811
1254151	[340]	:	Key	71	DOWN	at	1254151 
1259147	[4996]	:	time Target is 1259147
1259960	[813]	:	Key	71	DOWN	at	1259960 
1264485	[4525]	:	time Target is 1264485
1265285	[800]	:	Key	71	DOWN	at	1265284 
1269812	[4527]	:	Key	71	DOWN	at	1269746 
1272624	[2812]	:	Key	71	DOWN	at	1272387 
1272624	[0]	:	Key	71	UP	at	1272547 
1275438	[2814]	:	time Target is 1275438
1276087	[649]	:	Key	71	DOWN	at	1276087 
1280779	[4692]	:	time Target is 1280779
1286104	[5325]	:	time Target is 1286104
1286468	[364]	:	Key	71	DOWN	at	1286468 
1291446	[4978]	:	time Target is 1291446
1291912	[466]	:	Key	71	DOWN	at	1291911 
1296785	[4873]	:	time Target is 1296785
1301080	[4295]	:	Key	71	DOWN	at	1298340 
1301080	[0]	:	Key	71	UP	at	1298453 
1337800	[36720]	:	Key	71	DOWN	at	1337799 
1337911	[111]	:	Key	71	UP	at	1337911 
1345448	[7537]	:	Key	71	DOWN	at	1345447 
1346243	[795]	:	Key	71	UP	at	1345575 
1346511	[268]	:	time Target is 1346511
1347605	[1094]	:	Key	70	DOWN	at	1347605 
1347752	[147]	:	Key	70	UP	at	1347751 
1351568	[3816]	:	Key	71	DOWN	at	1351459 
1351569	[1]	:	Key	71	UP	at	1351524 
1354385	[2816]	:	time Target is 1354385
1354872	[487]	:	Key	71	DOWN	at	1354871 
1359720	[4848]	:	time Target is 1359720
1360342	[622]	:	Key	71	DOWN	at	1360342 
1365065	[4723]	:	time Target is 1365065
1365381	[316]	:	Key	71	DOWN	at	1365380 
1370402	[5021]	:	time Target is 1370402
1370851	[449]	:	Key	71	DOWN	at	1370850 
1375741	[4890]	:	time Target is 1375741
1376582	[841]	:	Key	71	DOWN	at	1376582 
1381079	[4497]	:	time Target is 1381079
1386398	[5319]	:	time Target is 1386398
1386738	[340]	:	Key	71	DOWN	at	1386738 
1391732	[4994]	:	time Target is 1391732
1392118	[386]	:	Key	71	DOWN	at	1392117 
1397073	[4955]	:	time Target is 1397073
1397479	[406]	:	Key	71	DOWN	at	1397479 
1402412	[4933]	:	time Target is 1402412
1407735	[5323]	:	time Target is 1407735
1408504	[769]	:	Key	71	DOWN	at	1408503 
1413077	[4573]	:	time Target is 1413077
1413268	[191]	:	Key	71	DOWN	at	1413268 
1418412	[5144]	:	time Target is 1418412
1423727	[5315]	:	time Target is 1423727
1424198	[471]	:	Key	71	DOWN	at	1424198 
1429069	[4871]	:	time Target is 1429069
1434388	[5319]	:	time Target is 1434388
1434967	[579]	:	Key	71	DOWN	at	1434966 
1439727	[4760]	:	time Target is 1439727
1445046	[5319]	:	time Target is 1445046
1445396	[350]	:	Key	71	DOWN	at	1445396 
1450383	[4987]	:	time Target is 1450383
1450965	[582]	:	Key	71	DOWN	at	1450964 
1455717	[4752]	:	time Target is 1455717
1461049	[5332]	:	time Target is 1461049
1462404	[1355]	:	Key	71	DOWN	at	1462404 
1466382	[3978]	:	time Target is 1466382
1467363	[981]	:	Key	71	DOWN	at	1467363 
1471716	[4353]	:	time Target is 1471716
1472344	[628]	:	Key	71	DOWN	at	1472343 
1477048	[4704]	:	time Target is 1477048
1482368	[5320]	:	time Target is 1482368
1482804	[436]	:	Key	71	DOWN	at	1482804 
1487710	[4906]	:	time Target is 1487710
1488885	[1175]	:	Key	71	DOWN	at	1488884 
1493050	[4165]	:	time Target is 1493050
1493654	[604]	:	Key	71	DOWN	at	1493654 
1498388	[4734]	:	time Target is 1498388
1498711	[323]	:	Key	71	DOWN	at	1498710 
1503726	[5015]	:	time Target is 1503726
1504083	[357]	:	Key	71	DOWN	at	1504083 
1509059	[4976]	:	time Target is 1509059
1514375	[5316]	:	Key	71	DOWN	at	1514324 
1517194	[2819]	:	time Target is 1517194
1517590	[396]	:	Key	71	DOWN	at	1517589 
1522541	[4951]	:	time Target is 1522541
1523685	[1144]	:	Key	71	DOWN	at	1523685 
1527873	[4188]	:	time Target is 1527873
1533198	[5325]	:	time Target is 1533198
1534116	[918]	:	Key	71	DOWN	at	1534116 
1538529	[4413]	:	time Target is 1538529
1543852	[5323]	:	time Target is 1543852
1544450	[598]	:	Key	71	DOWN	at	1544450 
1549190	[4740]	:	time Target is 1549190
1554502	[5312]	:	time Target is 1554502
1555187	[685]	:	Key	71	DOWN	at	1555187 
1559827	[4640]	:	time Target is 1559827
1565139	[5312]	:	time Target is 1565139
1565970	[831]	:	Key	71	DOWN	at	1565970 
1570467	[4497]	:	time Target is 1570467
1575789	[5322]	:	time Target is 1575789
1576439	[650]	:	Key	71	DOWN	at	1576439 
1581121	[4682]	:	time Target is 1581121
1586442	[5321]	:	time Target is 1586442
1587619	[1177]	:	Key	71	DOWN	at	1587619 
1591779	[4160]	:	time Target is 1591779
1592676	[897]	:	Key	71	DOWN	at	1592676 
1597117	[4441]	:	time Target is 1597117
1602436	[5319]	:	time Target is 1602436
1602995	[559]	:	Key	71	DOWN	at	1602995 
1607774	[4779]	:	time Target is 1607774
1613106	[5332]	:	time Target is 1613106
1613812	[706]	:	Key	71	DOWN	at	1613812 
1618446	[4634]	:	time Target is 1618446
1623769	[5323]	:	time Target is 1623769
1624356	[587]	:	Key	71	DOWN	at	1624356 
1629114	[4758]	:	time Target is 1629114
1634442	[5328]	:	time Target is 1634442
1635672	[1230]	:	Key	71	DOWN	at	1635672 
1639778	[4106]	:	time Target is 1639778
1640212	[434]	:	Key	71	DOWN	at	1640212 
1645115	[4903]	:	time Target is 1645115
1645555	[440]	:	Key	71	DOWN	at	1645554 
1650459	[4904]	:	time Target is 1650459
1650836	[377]	:	Key	71	DOWN	at	1650836 
1655798	[4962]	:	time Target is 1655798
1661119	[5321]	:	time Target is 1661119
1661702	[583]	:	Key	71	DOWN	at	1661701 
1666458	[4756]	:	time Target is 1666458
1671778	[5320]	:	time Target is 1671778
1672419	[641]	:	Key	71	DOWN	at	1672419 
1677112	[4693]	:	time Target is 1677112
1682437	[5325]	:	time Target is 1682437
1683252	[815]	:	Key	71	DOWN	at	1683251 
1687772	[4520]	:	time Target is 1687772
1693094	[5322]	:	time Target is 1693094
1694118	[1024]	:	Key	71	DOWN	at	1694118 
1698436	[4318]	:	time Target is 1698436
1703759	[5323]	:	time Target is 1703759
1709083	[5324]	:	time Target is 1709083
1709461	[378]	:	Key	71	DOWN	at	1709460 
1714418	[4957]	:	time Target is 1714418
1714820	[402]	:	Key	71	DOWN	at	1714820 
1719756	[4936]	:	time Target is 1719756
1720420	[664]	:	Key	71	DOWN	at	1720419 
1725097	[4677]	:	time Target is 1725097
1725779	[682]	:	Key	71	DOWN	at	1725779 
1730436	[4657]	:	time Target is 1730436
1735762	[5326]	:	time Target is 1735762
1736391	[629]	:	Key	71	DOWN	at	1736390 
1741103	[4712]	:	time Target is 1741103
1746426	[5323]	:	time Target is 1746426
1746852	[426]	:	Key	71	DOWN	at	1746852 
1751765	[4913]	:	time Target is 1751765
1752708	[943]	:	Key	71	DOWN	at	1752707 
1757102	[4394]	:	time Target is 1757102
1762430	[5328]	:	time Target is 1762430
1767755	[5325]	:	time Target is 1767755
1773078	[5323]	:	time Target is 1773078
1773365	[287]	:	Key	71	DOWN	at	1773364 
1778417	[5052]	:	time Target is 1778417
1783743	[5326]	:	time Target is 1783743
1784376	[633]	:	Key	71	DOWN	at	1784375 
1789080	[4704]	:	time Target is 1789080
1794396	[5316]	:	time Target is 1794396
1794837	[441]	:	Key	71	DOWN	at	1794837 
1799734	[4897]	:	time Target is 1799734
1800262	[528]	:	Key	71	DOWN	at	1800261 
1805071	[4809]	:	time Target is 1805071
1810390	[5319]	:	time Target is 1810390
1811605	[1215]	:	Key	71	DOWN	at	1811605 
1815731	[4126]	:	time Target is 1815731
1846981	[31250]	:	Key	71	DOWN	at	1846980 
1847770	[789]	:	Key	71	UP	at	1847187 
1848037	[267]	:	time Target is 1848037
1849043	[1006]	:	Key	71	DOWN	at	1849043 
1853376	[4333]	:	time Target is 1853376
1853956	[580]	:	Key	71	DOWN	at	1853955 
1858712	[4756]	:	time Target is 1858712
1858853	[141]	:	Key	71	DOWN	at	1858853 
1864042	[5189]	:	time Target is 1864042
1864838	[796]	:	Key	71	DOWN	at	1864838 
1869382	[4544]	:	time Target is 1869382
1874704	[5322]	:	time Target is 1874704
1880026	[5322]	:	time Target is 1880026
1880488	[462]	:	Key	71	DOWN	at	1880487 
1885360	[4872]	:	time Target is 1885360
1890683	[5323]	:	time Target is 1890683
1891302	[619]	:	Key	71	DOWN	at	1891301 
1896018	[4716]	:	time Target is 1896018
1901340	[5322]	:	time Target is 1901340
1901688	[348]	:	Key	71	DOWN	at	1901688 
1906678	[4990]	:	time Target is 1906678
1907587	[909]	:	Key	71	DOWN	at	1907587 
1912016	[4429]	:	time Target is 1912016
1917335	[5319]	:	time Target is 1917335
1918450	[1115]	:	Key	71	DOWN	at	1918450 
1922670	[4220]	:	time Target is 1922670
1927996	[5326]	:	time Target is 1927996
1928486	[490]	:	Key	71	DOWN	at	1928486 
1933337	[4851]	:	time Target is 1933337
1934231	[894]	:	Key	71	DOWN	at	1934231 
1938664	[4433]	:	time Target is 1938664
1939474	[810]	:	Key	71	DOWN	at	1939474 
1943999	[4525]	:	time Target is 1943999
1949326	[5327]	:	time Target is 1949326
1949653	[327]	:	Key	71	DOWN	at	1949653 
1954657	[5004]	:	time Target is 1954657
1959980	[5323]	:	time Target is 1959980
1960372	[392]	:	Key	71	DOWN	at	1960371 
1965319	[4947]	:	time Target is 1965319
1970637	[5318]	:	time Target is 1970637
1971110	[473]	:	Key	71	DOWN	at	1971110 
1975970	[4860]	:	time Target is 1975970
1981289	[5319]	:	time Target is 1981289
1986610	[5321]	:	time Target is 1986610
1986919	[309]	:	Key	71	DOWN	at	1986919 
1991946	[5027]	:	time Target is 1991946
1992276	[330]	:	Key	71	DOWN	at	1992276 
1997278	[5002]	:	time Target is 1997278
2002597	[5319]	:	time Target is 2002597
2003734	[1137]	:	Key	71	DOWN	at	2003734 
2007929	[4195]	:	time Target is 2007929
2013238	[5309]	:	Key	71	DOWN	at	2013109 
2016044	[2806]	:	time Target is 2016044
2016486	[442]	:	Key	71	DOWN	at	2016485 
2021385	[4899]	:	time Target is 2021385
2026708	[5323]	:	time Target is 2026708
2032029	[5321]	:	time Target is 2032029
2033223	[1194]	:	Key	71	DOWN	at	2033223 
2037367	[4144]	:	time Target is 2037367
2038246	[879]	:	Key	71	DOWN	at	2038246 
2042704	[4458]	:	time Target is 2042704
2044039	[1335]	:	Key	71	DOWN	at	2044038 
2048042	[4003]	:	time Target is 2048042
2048984	[942]	:	Key	71	DOWN	at	2048983 
2053379	[4395]	:	time Target is 2053379
2054071	[692]	:	Key	71	DOWN	at	2054071 
2058710	[4639]	:	time Target is 2058710
2064034	[5324]	:	time Target is 2064034
2064471	[437]	:	Key	71	DOWN	at	2064471 
2069380	[4909]	:	time Target is 2069380
2069701	[321]	:	Key	71	DOWN	at	2069699 
2074723	[5022]	:	time Target is 2074723
2080047	[5324]	:	time Target is 2080047
2081458	[1411]	:	Key	71	DOWN	at	2081458 
2085388	[3930]	:	time Target is 2085388
2086275	[887]	:	Key	71	DOWN	at	2086275 
2090717	[4442]	:	time Target is 2090717
2096040	[5323]	:	time Target is 2096040
2096965	[925]	:	Key	71	DOWN	at	2096964 
2101388	[4423]	:	time Target is 2101388
2102053	[665]	:	Key	71	DOWN	at	2102053 
2106728	[4675]	:	time Target is 2106728
2112048	[5320]	:	time Target is 2112048
2117371	[5323]	:	time Target is 2117371
2122692	[5321]	:	time Target is 2122692
2123397	[705]	:	Key	71	DOWN	at	2123397 
2128034	[4637]	:	time Target is 2128034
2129045	[1011]	:	Key	71	DOWN	at	2129044 
2133370	[4325]	:	time Target is 2133370
2138694	[5324]	:	time Target is 2138694
2144019	[5325]	:	time Target is 2144019
2149340	[5321]	:	time Target is 2149340
2150406	[1066]	:	Key	71	DOWN	at	2150406 
2154677	[4271]	:	time Target is 2154677
2160001	[5324]	:	time Target is 2160001
2160503	[502]	:	Key	71	DOWN	at	2160503 
2165337	[4834]	:	time Target is 2165337
2166082	[745]	:	Key	71	DOWN	at	2166082 
2170681	[4599]	:	time Target is 2170681
2170995	[314]	:	Key	71	DOWN	at	2170995 
2176018	[5023]	:	time Target is 2176018
2181340	[5322]	:	time Target is 2181340
2186669	[5329]	:	time Target is 2186669
2191993	[5324]	:	time Target is 2191993
2197313	[5320]	:	time Target is 2197313
2197798	[485]	:	Key	71	DOWN	at	2197798 
2202656	[4858]	:	time Target is 2202656
2207980	[5324]	:	time Target is 2207980
2213301	[5321]	:	time Target is 2213301
2213960	[659]	:	Key	71	DOWN	at	2213959 
2218648	[4688]	:	time Target is 2218648
2223971	[5323]	:	time Target is 2223971
2229286	[5315]	:	time Target is 2229286
2229590	[304]	:	Key	71	DOWN	at	2229590 
2234629	[5039]	:	time Target is 2234629
2239949	[5320]	:	time Target is 2239949
2240743	[794]	:	Key	71	DOWN	at	2240742 
2245286	[4543]	:	time Target is 2245286
2245670	[384]	:	Key	71	DOWN	at	2245669 
2250619	[4949]	:	time Target is 2250619
2255939	[5320]	:	time Target is 2255939
2256327	[388]	:	Key	71	DOWN	at	2256327 
2261276	[4949]	:	time Target is 2261276
2261942	[666]	:	Key	71	DOWN	at	2261942 
2266608	[4666]	:	time Target is 2266608
2266935	[327]	:	Key	71	DOWN	at	2266935 
2271947	[5012]	:	time Target is 2271947
2277273	[5326]	:	time Target is 2277273
2278148	[875]	:	Key	71	DOWN	at	2278147 
2282612	[4464]	:	time Target is 2282612
2287930	[5318]	:	time Target is 2287930
2288290	[360]	:	Key	71	DOWN	at	2288290 
2293269	[4979]	:	time Target is 2293269
2294183	[914]	:	Key	71	DOWN	at	2294183 
2298610	[4427]	:	time Target is 2298610
2303944	[5334]	:	time Target is 2303944
2309268	[5324]	:	time Target is 2309268
2310325	[1057]	:	Key	71	DOWN	at	2310325 
2314607	[4282]	:	time Target is 2314607
2319936	[5329]	:	time Target is 2319936
2320885	[949]	:	Key	71	DOWN	at	2320885 
2324243	[3358]	:	Key	71	UP	at	2321045 
2332118	[7875]	:	Key	71	DOWN	at	2332118 
2332292	[174]	:	Key	71	UP	at	2332292 
2343700	[11408]	:	Key	28	DOWN	at	2343699 
2343810	[110]	:	Key	28	UP	at	2343810 
2347686	[3876]	:	Key	29	DOWN	at	2347685 
2347780	[94]	:	Key	29	UP	at	2347779 
2351783	[4003]	:	Key	29	DOWN	at	2351783 
2351927	[144]	:	Key	29	UP	at	2351926 
2354356	[2429]	:	Key	29	DOWN	at	2354356 
2354467	[111]	:	Key	29	UP	at	2354467 
2361940	[7473]	:	Key	28	DOWN	at	2361940 
2362099	[159]	:	Key	28	UP	at	2362098 
2363206	[1107]	:	Key	28	DOWN	at	2363206 
2363383	[177]	:	Key	28	UP	at	2363383 
2366196	[2813]	:	Key	29	DOWN	at	2366196 
2366326	[130]	:	Key	29	UP	at	2366325 
2366756	[430]	:	Key	28	DOWN	at	2366755 
2366885	[129]	:	Key	28	UP	at	2366883 
2381015	[14130]	:	Key	29	DOWN	at	2381015 
2381188	[173]	:	Key	29	UP	at	2381188 
2383058	[1870]	:	Key	28	DOWN	at	2383058 
2383203	[145]	:	Key	28	UP	at	2383202 
2392148	[8945]	:	Key	29	DOWN	at	2392147 
2392307	[159]	:	Key	29	UP	at	2392307 
2395412	[3105]	:	Key	29	DOWN	at	2395411 
2395588	[176]	:	Key	29	UP	at	2395588 
2402134	[6546]	:	Key	28	DOWN	at	2402134 
2402291	[157]	:	Key	28	UP	at	2402291 
2403525	[1234]	:	Key	28	DOWN	at	2403524 
2403685	[160]	:	Key	28	UP	at	2403684 
2410151	[6466]	:	Key	28	DOWN	at	2410151 
2410294	[143]	:	Key	28	UP	at	2410294 
2410663	[369]	:	Key	29	DOWN	at	2410662 
2410712	[49]	:	COGENT STOP
