Cog2000 log file Mon Sep 02 13:22:02 2019
gprim v1.33 Compiled:Aug 12 2015 (GLib DirectDraw v7 DX12.0 Compiled:Aug 12 2015)
Display:1024x768x32 59.95Hz
CogInput v1.05 Compiled: May 20 2010
0	[0]	:	COGENT START
13270	[13270]	:	Key	71	DOWN	at	13270   
13334	[64]	:	Key	71	UP	at	13334   
33047	[19713]	:	Key	71	DOWN	at	33047   
33141	[94]	:	Key	71	UP	at	33141   
37702	[4561]	:	Key	71	DOWN	at	37702   
37782	[80]	:	Key	71	UP	at	37782   
49767	[11985]	:	Key	71	DOWN	at	49767   
49849	[82]	:	Key	71	UP	at	49848   
66742	[16893]	:	Key	71	DOWN	at	66742   
66824	[82]	:	Key	71	UP	at	66824   
86710	[19886]	:	Key	71	DOWN	at	86709   
87527	[817]	:	time Target is 87527
88280	[753]	:	Key	71	DOWN	at	88280   
93621	[5341]	:	time Target is 93621
94649	[1028]	:	Key	71	DOWN	at	94649   
99710	[5061]	:	time Target is 99710
100806	[1096]	:	Key	71	DOWN	at	100806  
105792	[4986]	:	time Target is 105792
106182	[390]	:	Key	71	DOWN	at	106182  
115621	[9439]	:	Key	71	DOWN	at	115621  
116681	[1060]	:	time Target is 116680
123005	[6324]	:	time Target is 123005
129323	[6318]	:	time Target is 129323
135645	[6322]	:	time Target is 135644
156694	[21049]	:	Key	71	DOWN	at	156693  
156857	[163]	:	Key	71	UP	at	156857  
160362	[3505]	:	Key	71	DOWN	at	160362  
160567	[205]	:	Key	71	UP	at	160566  
165383	[4816]	:	Key	71	DOWN	at	165383  
165557	[174]	:	Key	71	UP	at	165557  
175275	[9718]	:	Key	71	DOWN	at	175273  
175463	[188]	:	Key	71	UP	at	175463  
180393	[4930]	:	Key	71	DOWN	at	180391  
181191	[798]	:	Key	71	UP	at	180567  
181212	[21]	:	time Target is 181212
181735	[523]	:	Key	71	DOWN	at	181734  
186305	[4570]	:	time Target is 186305
191387	[5082]	:	time Target is 191386
191464	[77]	:	Key	71	DOWN	at	191464  
196474	[5010]	:	time Target is 196473
208986	[12512]	:	Key	71	DOWN	at	208986  
209144	[158]	:	Key	71	UP	at	209143  
213450	[4306]	:	Key	71	DOWN	at	213449  
214240	[790]	:	Key	71	UP	at	213621  
214262	[22]	:	time Target is 214262
214890	[628]	:	Key	71	DOWN	at	214889  
219342	[4452]	:	time Target is 219342
224413	[5071]	:	time Target is 224412
224634	[221]	:	Key	71	DOWN	at	224634  
229499	[4865]	:	time Target is 229499
229640	[141]	:	Key	71	UP	at	229640  
264008	[34368]	:	Key	71	DOWN	at	264007  
264182	[174]	:	Key	71	UP	at	264182  
268632	[4450]	:	Key	71	DOWN	at	268632  
269421	[789]	:	Key	71	UP	at	268790  
269446	[25]	:	time Target is 269446
270280	[834]	:	Key	71	DOWN	at	270280  
274536	[4256]	:	time Target is 274536
279606	[5070]	:	time Target is 279606
280213	[607]	:	Key	71	DOWN	at	280213  
284691	[4478]	:	time Target is 284691
288975	[4284]	:	Key	71	DOWN	at	286506  
288976	[1]	:	Key	71	UP	at	286725  
297239	[8263]	:	Key	71	DOWN	at	297239  
297417	[178]	:	Key	71	UP	at	297417  
301112	[3695]	:	Key	71	DOWN	at	301112  
301899	[787]	:	Key	71	UP	at	301306  
301923	[24]	:	time Target is 301923
302632	[709]	:	Key	71	DOWN	at	302632  
307008	[4376]	:	time Target is 307007
312079	[5071]	:	time Target is 312078
317149	[5070]	:	time Target is 317149
317624	[475]	:	Key	71	DOWN	at	317624  
321455	[3831]	:	Key	71	UP	at	317800  
329689	[8234]	:	Key	71	DOWN	at	329689  
329896	[207]	:	Key	71	UP	at	329895  
349784	[19888]	:	Key	71	DOWN	at	349784  
349961	[177]	:	Key	71	UP	at	349960  
365271	[15310]	:	Key	71	DOWN	at	365271  
365483	[212]	:	Key	71	UP	at	365482  
378074	[12591]	:	Key	71	DOWN	at	378073  
378231	[157]	:	Key	71	UP	at	378231  
387605	[9374]	:	Key	71	DOWN	at	387605  
390161	[2556]	:	time Target is 390161
390790	[629]	:	Key	71	DOWN	at	390789  
395500	[4710]	:	time Target is 395500
400816	[5316]	:	time Target is 400816
401927	[1111]	:	Key	71	DOWN	at	401927  
406152	[4225]	:	time Target is 406152
406839	[687]	:	Key	71	DOWN	at	406839  
411490	[4651]	:	time Target is 411490
411909	[419]	:	Key	71	DOWN	at	411909  
416819	[4910]	:	time Target is 416819
417270	[451]	:	Key	71	DOWN	at	417270  
421912	[4642]	:	Key	71	DOWN	at	421831  
424725	[2813]	:	time Target is 424725
425270	[545]	:	Key	71	DOWN	at	425270  
430062	[4792]	:	time Target is 430062
430281	[219]	:	Key	71	DOWN	at	430281  
435414	[5133]	:	time Target is 435414
440729	[5315]	:	Key	71	DOWN	at	440553  
440729	[0]	:	Key	71	UP	at	440617  
443540	[2811]	:	time Target is 443540
444440	[900]	:	Key	71	DOWN	at	444440  
448876	[4436]	:	time Target is 448876
449626	[750]	:	Key	71	DOWN	at	449625  
454234	[4608]	:	time Target is 454234
459551	[5317]	:	time Target is 459551
460603	[1052]	:	Key	71	DOWN	at	460602  
464888	[4285]	:	time Target is 464888
470209	[5321]	:	time Target is 470209
470888	[679]	:	Key	71	DOWN	at	470887  
475544	[4656]	:	time Target is 475544
475864	[320]	:	Key	71	DOWN	at	475864  
480879	[5015]	:	time Target is 480879
481384	[505]	:	Key	71	DOWN	at	481384  
486216	[4832]	:	time Target is 486216
486842	[626]	:	Key	71	DOWN	at	486842  
491553	[4711]	:	time Target is 491553
496883	[5330]	:	time Target is 496883
497192	[309]	:	Key	71	DOWN	at	497191  
502214	[5022]	:	time Target is 502214
502695	[481]	:	Key	71	DOWN	at	502695  
507552	[4857]	:	time Target is 507552
512870	[5318]	:	time Target is 512870
518188	[5318]	:	time Target is 518188
518727	[539]	:	Key	71	DOWN	at	518727  
523523	[4796]	:	time Target is 523523
524522	[999]	:	Key	71	DOWN	at	524522  
528860	[4338]	:	time Target is 528860
534179	[5319]	:	time Target is 534179
539496	[5317]	:	time Target is 539496
540839	[1343]	:	Key	71	DOWN	at	540839  
544829	[3990]	:	time Target is 544829
549887	[5058]	:	Key	71	DOWN	at	549879  
552434	[2547]	:	Key	71	DOWN	at	552279  
555247	[2813]	:	time Target is 555247
555673	[426]	:	Key	71	DOWN	at	555673  
560587	[4914]	:	time Target is 560587
561351	[764]	:	Key	71	DOWN	at	561351  
565924	[4573]	:	time Target is 565924
567112	[1188]	:	Key	71	DOWN	at	567112  
571261	[4149]	:	time Target is 571261
576593	[5332]	:	time Target is 576593
577206	[613]	:	Key	71	DOWN	at	577205  
581930	[4724]	:	time Target is 581930
587250	[5320]	:	time Target is 587250
587721	[471]	:	Key	71	DOWN	at	587721  
592591	[4870]	:	time Target is 592591
593366	[775]	:	Key	71	DOWN	at	593366  
597917	[4551]	:	time Target is 597917
598552	[635]	:	Key	71	DOWN	at	598552  
603255	[4703]	:	time Target is 603255
608578	[5323]	:	time Target is 608578
609050	[472]	:	Key	71	DOWN	at	609049  
613918	[4868]	:	time Target is 613918
614456	[538]	:	Key	71	DOWN	at	614456  
619255	[4799]	:	time Target is 619255
624612	[5357]	:	time Target is 624612
625879	[1267]	:	Key	71	DOWN	at	625878  
629951	[4072]	:	time Target is 629951
630377	[426]	:	Key	71	DOWN	at	630376  
635289	[4912]	:	time Target is 635289
635993	[704]	:	Key	71	DOWN	at	635993  
640626	[4633]	:	time Target is 640626
641833	[1207]	:	Key	71	DOWN	at	641833  
645957	[4124]	:	time Target is 645957
651281	[5324]	:	time Target is 651281
651626	[345]	:	Key	71	DOWN	at	651626  
656609	[4983]	:	Key	71	DOWN	at	656520  
659425	[2816]	:	time Target is 659425
664747	[5322]	:	time Target is 664747
665161	[414]	:	Key	71	DOWN	at	665160  
670084	[4923]	:	time Target is 670084
670613	[529]	:	Key	71	DOWN	at	670613  
675417	[4804]	:	time Target is 675417
680737	[5320]	:	time Target is 680737
681384	[647]	:	Key	71	DOWN	at	681383  
686072	[4688]	:	time Target is 686072
686569	[497]	:	Key	71	DOWN	at	686569  
691411	[4842]	:	time Target is 691411
691978	[567]	:	Key	71	DOWN	at	691978  
696751	[4773]	:	time Target is 696751
702072	[5321]	:	time Target is 702072
703080	[1008]	:	Key	71	DOWN	at	703080  
707407	[4327]	:	time Target is 707407
712732	[5325]	:	time Target is 712732
713401	[669]	:	Key	71	DOWN	at	713401  
718079	[4678]	:	time Target is 718079
718826	[747]	:	Key	71	DOWN	at	718825  
723414	[4588]	:	time Target is 723414
728736	[5322]	:	time Target is 728736
734048	[5312]	:	time Target is 734048
734391	[343]	:	Key	71	DOWN	at	734391  
739381	[4990]	:	time Target is 739381
740662	[1281]	:	Key	71	DOWN	at	740662  
744707	[4045]	:	Key	71	DOWN	at	744551  
747522	[2815]	:	time Target is 747522
752840	[5318]	:	time Target is 752840
753239	[399]	:	Key	71	DOWN	at	753238  
758217	[4978]	:	time Target is 758217
759319	[1102]	:	Key	71	DOWN	at	759319  
763551	[4232]	:	time Target is 763551
768872	[5321]	:	time Target is 768872
769444	[572]	:	Key	71	DOWN	at	769444  
774216	[4772]	:	time Target is 774216
775000	[784]	:	Key	71	DOWN	at	775000  
779550	[4550]	:	time Target is 779550
784876	[5326]	:	time Target is 784876
786042	[1166]	:	Key	71	DOWN	at	786042  
790216	[4174]	:	time Target is 790215
790904	[688]	:	Key	71	DOWN	at	790903  
795578	[4674]	:	time Target is 795578
796633	[1055]	:	Key	71	DOWN	at	796633  
800912	[4279]	:	time Target is 800912
806226	[5314]	:	Key	71	DOWN	at	806202  
809038	[2812]	:	time Target is 809038
809718	[680]	:	Key	71	DOWN	at	809718  
814376	[4658]	:	time Target is 814376
814757	[381]	:	Key	71	DOWN	at	814757  
819712	[4955]	:	time Target is 819712
820277	[565]	:	Key	71	DOWN	at	820277  
825048	[4771]	:	time Target is 825048
825655	[607]	:	Key	71	DOWN	at	825654  
830410	[4755]	:	time Target is 830410
831529	[1119]	:	Key	71	DOWN	at	831529  
835748	[4219]	:	time Target is 835748
836633	[885]	:	Key	71	DOWN	at	836633  
841093	[4460]	:	time Target is 841093
841834	[741]	:	Key	71	DOWN	at	841834  
846426	[4592]	:	time Target is 846426
856586	[10160]	:	Key	71	DOWN	at	856585  
857375	[789]	:	Key	71	UP	at	856726  
857642	[267]	:	time Target is 857642
858374	[732]	:	Key	71	DOWN	at	858373  
862978	[4604]	:	time Target is 862978
868301	[5323]	:	time Target is 868301
868923	[622]	:	Key	71	DOWN	at	868922  
873634	[4711]	:	time Target is 873634
874170	[536]	:	Key	71	DOWN	at	874169  
878976	[4806]	:	time Target is 878976
879703	[727]	:	Key	71	DOWN	at	879703  
884312	[4609]	:	time Target is 884312
889641	[5329]	:	time Target is 889641
890137	[496]	:	Key	71	DOWN	at	890137  
894977	[4840]	:	time Target is 894977
895574	[597]	:	Key	71	DOWN	at	895574  
900313	[4739]	:	time Target is 900313
900920	[607]	:	Key	71	DOWN	at	900920  
905649	[4729]	:	time Target is 905649
910971	[5322]	:	time Target is 910971
911430	[459]	:	Key	71	DOWN	at	911428  
916311	[4881]	:	time Target is 916311
921631	[5320]	:	time Target is 921631
922327	[696]	:	Key	71	DOWN	at	922327  
926966	[4639]	:	time Target is 926966
932285	[5319]	:	time Target is 932285
937608	[5323]	:	time Target is 937608
938054	[446]	:	Key	71	DOWN	at	938053  
942944	[4890]	:	time Target is 942944
943369	[425]	:	Key	71	DOWN	at	943368  
948279	[4910]	:	time Target is 948279
953600	[5321]	:	time Target is 953600
958924	[5324]	:	time Target is 958924
959450	[526]	:	Key	71	DOWN	at	959450  
964259	[4809]	:	time Target is 964259
969318	[5059]	:	Key	71	DOWN	at	969269  
972130	[2812]	:	time Target is 972130
972550	[420]	:	Key	71	DOWN	at	972549  
977471	[4921]	:	time Target is 977471
982793	[5322]	:	time Target is 982793
983142	[349]	:	Key	71	DOWN	at	983140  
988130	[4988]	:	time Target is 988130
988727	[597]	:	Key	71	DOWN	at	988727  
993467	[4740]	:	time Target is 993467
994262	[795]	:	Key	71	DOWN	at	994262  
998816	[4554]	:	time Target is 998816
999604	[788]	:	Key	71	DOWN	at	999604  
1004154	[4550]	:	time Target is 1004154
1004936	[782]	:	Key	71	DOWN	at	1004935 
1009490	[4554]	:	time Target is 1009490
1010026	[536]	:	Key	71	DOWN	at	1010026 
1014830	[4804]	:	time Target is 1014830
1015431	[601]	:	Key	71	DOWN	at	1015430 
1020172	[4741]	:	time Target is 1020172
1020647	[475]	:	Key	71	DOWN	at	1020646 
1025517	[4870]	:	time Target is 1025517
1025913	[396]	:	Key	71	DOWN	at	1025913 
1030856	[4943]	:	time Target is 1030856
1031289	[433]	:	Key	71	DOWN	at	1031289 
1036192	[4903]	:	time Target is 1036192
1041515	[5323]	:	time Target is 1041515
1042040	[525]	:	Key	71	DOWN	at	1042040 
1046852	[4812]	:	time Target is 1046852
1047416	[564]	:	Key	71	DOWN	at	1047416 
1052191	[4775]	:	time Target is 1052191
1052632	[441]	:	Key	71	DOWN	at	1052631 
1057526	[4894]	:	time Target is 1057526
1058053	[527]	:	Key	71	DOWN	at	1058053 
1062863	[4810]	:	time Target is 1062863
1063590	[727]	:	Key	71	DOWN	at	1063589 
1068198	[4608]	:	time Target is 1068198
1068873	[675]	:	Key	71	DOWN	at	1068873 
1073533	[4660]	:	time Target is 1073533
1078856	[5323]	:	time Target is 1078856
1079353	[497]	:	Key	71	DOWN	at	1079352 
1084190	[4837]	:	time Target is 1084190
1084805	[615]	:	Key	71	DOWN	at	1084805 
1089532	[4727]	:	time Target is 1089532
1090009	[477]	:	Key	71	DOWN	at	1090008 
1094868	[4859]	:	time Target is 1094868
1095382	[514]	:	Key	71	DOWN	at	1095381 
1100207	[4825]	:	time Target is 1100207
1105527	[5320]	:	time Target is 1105527
1106090	[563]	:	Key	71	DOWN	at	1106089 
1110869	[4779]	:	time Target is 1110869
1111911	[1042]	:	Key	71	DOWN	at	1111911 
1116205	[4294]	:	time Target is 1116205
1116761	[556]	:	Key	71	DOWN	at	1116760 
1121574	[4813]	:	time Target is 1121574
1126917	[5343]	:	time Target is 1126917
1127382	[465]	:	Key	71	DOWN	at	1127382 
1132242	[4860]	:	time Target is 1132242
1133127	[885]	:	Key	71	DOWN	at	1133127 
1137595	[4468]	:	time Target is 1137595
1138260	[665]	:	Key	71	DOWN	at	1138260 
1142936	[4676]	:	time Target is 1142936
1148253	[5317]	:	time Target is 1148253
1153579	[5326]	:	time Target is 1153579
1158902	[5323]	:	time Target is 1158902
1159559	[657]	:	Key	71	DOWN	at	1159559 
1164238	[4679]	:	time Target is 1164238
1164725	[487]	:	Key	71	DOWN	at	1164725 
1169571	[4846]	:	time Target is 1169571
1170007	[436]	:	Key	71	DOWN	at	1170007 
1174910	[4903]	:	time Target is 1174910
1175305	[395]	:	Key	71	DOWN	at	1175304 
1180246	[4941]	:	time Target is 1180246
1185566	[5320]	:	time Target is 1185566
1186058	[492]	:	Key	71	DOWN	at	1186057 
1190900	[4842]	:	time Target is 1190900
1191509	[609]	:	Key	71	DOWN	at	1191509 
1196228	[4719]	:	time Target is 1196228
1196729	[501]	:	Key	71	DOWN	at	1196729 
1201566	[4837]	:	time Target is 1201566
1201658	[92]	:	Key	71	DOWN	at	1201657 
1206903	[5245]	:	time Target is 1206903
1212229	[5326]	:	time Target is 1212229
1217551	[5322]	:	time Target is 1217551
1218088	[537]	:	Key	71	DOWN	at	1218088 
1222891	[4803]	:	time Target is 1222891
1223317	[426]	:	Key	71	DOWN	at	1223317 
1228226	[4909]	:	time Target is 1228226
1233550	[5324]	:	time Target is 1233550
1234233	[683]	:	Key	71	DOWN	at	1234232 
1238916	[4683]	:	time Target is 1238916
1239558	[642]	:	Key	71	DOWN	at	1239556 
1244252	[4694]	:	time Target is 1244252
1245191	[939]	:	Key	71	DOWN	at	1245190 
1249592	[4401]	:	time Target is 1249592
1250582	[990]	:	Key	71	DOWN	at	1250582 
1254935	[4353]	:	time Target is 1254935
1260255	[5320]	:	time Target is 1260255
1265576	[5321]	:	time Target is 1265576
1266297	[721]	:	Key	71	DOWN	at	1266297 
1270925	[4628]	:	time Target is 1270925
1276248	[5323]	:	time Target is 1276248
1276698	[450]	:	Key	71	DOWN	at	1276698 
1281580	[4882]	:	time Target is 1281580
1282021	[441]	:	Key	71	DOWN	at	1282021 
1286923	[4902]	:	time Target is 1286923
1287446	[523]	:	Key	71	DOWN	at	1287445 
1292286	[4840]	:	time Target is 1292286
1292789	[503]	:	Key	71	DOWN	at	1292789 
1297611	[4822]	:	time Target is 1297611
1298262	[651]	:	Key	71	DOWN	at	1298262 
1302949	[4687]	:	time Target is 1302949
1308272	[5323]	:	time Target is 1308272
1313596	[5324]	:	time Target is 1313596
1314105	[509]	:	Key	71	DOWN	at	1314105 
1318933	[4828]	:	time Target is 1318933
1319798	[865]	:	Key	71	DOWN	at	1319797 
1324267	[4469]	:	time Target is 1324267
1324889	[622]	:	Key	71	DOWN	at	1324889 
1329620	[4731]	:	time Target is 1329620
1330856	[1236]	:	Key	71	DOWN	at	1330856 
1333919	[3063]	:	Key	71	UP	at	1331465 
1340149	[6230]	:	Key	71	DOWN	at	1340149 
1340347	[198]	:	Key	71	UP	at	1340346 
1343733	[3386]	:	Key	71	DOWN	at	1343733 
1344522	[789]	:	Key	71	UP	at	1343926 
1344788	[266]	:	time Target is 1344788
1345434	[646]	:	Key	71	DOWN	at	1345432 
1350123	[4689]	:	time Target is 1350123
1350906	[783]	:	Key	71	DOWN	at	1350906 
1355452	[4546]	:	time Target is 1355452
1356137	[685]	:	Key	71	DOWN	at	1356137 
1360792	[4655]	:	time Target is 1360792
1361242	[450]	:	Key	71	DOWN	at	1361242 
1366126	[4884]	:	time Target is 1366126
1366682	[556]	:	Key	71	DOWN	at	1366682 
1371465	[4783]	:	time Target is 1371465
1372218	[753]	:	Key	71	DOWN	at	1372217 
1376796	[4578]	:	time Target is 1376796
1377226	[430]	:	Key	71	DOWN	at	1377226 
1382114	[4888]	:	Key	71	DOWN	at	1381992 
1384926	[2812]	:	time Target is 1384926
1385990	[1064]	:	Key	71	DOWN	at	1385989 
1390257	[4267]	:	time Target is 1390257
1390711	[454]	:	Key	71	DOWN	at	1390710 
1395590	[4879]	:	time Target is 1395590
1400915	[5325]	:	time Target is 1400915
1401400	[485]	:	Key	71	DOWN	at	1401400 
1406252	[4852]	:	time Target is 1406252
1406646	[394]	:	Key	71	DOWN	at	1406646 
1411595	[4949]	:	time Target is 1411595
1416937	[5342]	:	time Target is 1416937
1422257	[5320]	:	time Target is 1422257
1422566	[309]	:	Key	71	DOWN	at	1422566 
1427598	[5032]	:	time Target is 1427598
1427976	[378]	:	Key	71	DOWN	at	1427976 
1432939	[4963]	:	time Target is 1432939
1438263	[5324]	:	time Target is 1438263
1438601	[338]	:	Key	71	DOWN	at	1438600 
1443604	[5003]	:	time Target is 1443604
1448922	[5318]	:	time Target is 1448922
1449529	[607]	:	Key	71	DOWN	at	1449529 
1454266	[4737]	:	time Target is 1454266
1454806	[540]	:	Key	71	DOWN	at	1454805 
1459602	[4796]	:	time Target is 1459602
1460042	[440]	:	Key	71	DOWN	at	1460041 
1464940	[4898]	:	time Target is 1464940
1466218	[1278]	:	Key	71	DOWN	at	1466217 
1470276	[4058]	:	time Target is 1470276
1475597	[5321]	:	time Target is 1475597
1480660	[5063]	:	Key	71	DOWN	at	1480309 
1480661	[1]	:	Key	71	UP	at	1480502 
1483476	[2815]	:	time Target is 1483476
1484165	[689]	:	Key	71	DOWN	at	1484164 
1488814	[4649]	:	time Target is 1488814
1489305	[491]	:	Key	71	DOWN	at	1489305 
1494163	[4858]	:	time Target is 1494163
1499486	[5323]	:	time Target is 1499486
1499867	[381]	:	Key	71	DOWN	at	1499866 
1504824	[4957]	:	time Target is 1504824
1505290	[466]	:	Key	71	DOWN	at	1505289 
1510158	[4868]	:	time Target is 1510158
1515485	[5327]	:	time Target is 1515485
1520810	[5325]	:	time Target is 1520810
1521110	[300]	:	Key	71	DOWN	at	1521110 
1526146	[5036]	:	time Target is 1526146
1527112	[966]	:	Key	71	DOWN	at	1527111 
1531485	[4373]	:	time Target is 1531485
1531782	[297]	:	Key	71	DOWN	at	1531782 
1536823	[5041]	:	time Target is 1536823
1537157	[334]	:	Key	71	DOWN	at	1537157 
1542158	[5001]	:	time Target is 1542158
1543206	[1048]	:	Key	71	DOWN	at	1543206 
1547495	[4289]	:	time Target is 1547495
1552814	[5319]	:	time Target is 1552814
1553656	[842]	:	Key	71	DOWN	at	1553655 
1558157	[4501]	:	time Target is 1558157
1563210	[5053]	:	Key	71	DOWN	at	1563143 
1566023	[2813]	:	time Target is 1566023
1566807	[784]	:	Key	71	DOWN	at	1566807 
1571354	[4547]	:	time Target is 1571354
1572758	[1404]	:	Key	71	DOWN	at	1572756 
1576689	[3931]	:	time Target is 1576689
1582010	[5321]	:	time Target is 1582010
1582427	[417]	:	Key	71	DOWN	at	1582426 
1587342	[4915]	:	time Target is 1587342
1588218	[876]	:	Key	71	DOWN	at	1588217 
1592677	[4459]	:	time Target is 1592677
1597999	[5322]	:	time Target is 1597999
1603317	[5318]	:	time Target is 1603317
1603976	[659]	:	Key	71	DOWN	at	1603976 
1608650	[4674]	:	time Target is 1608650
1609194	[544]	:	Key	71	DOWN	at	1609194 
1613992	[4798]	:	time Target is 1613992
1619333	[5341]	:	time Target is 1619333
1619818	[485]	:	Key	71	DOWN	at	1619817 
1624673	[4855]	:	time Target is 1624673
1625077	[404]	:	Key	71	DOWN	at	1625077 
1630009	[4932]	:	time Target is 1630009
1630968	[959]	:	Key	71	DOWN	at	1630967 
1635336	[4368]	:	time Target is 1635336
1635862	[526]	:	Key	71	DOWN	at	1635862 
1640675	[4813]	:	time Target is 1640675
1645997	[5322]	:	time Target is 1645997
1651320	[5323]	:	time Target is 1651320
1652025	[705]	:	Key	71	DOWN	at	1652024 
1656751	[4726]	:	time Target is 1656751
1657590	[839]	:	Key	71	DOWN	at	1657589 
1662090	[4500]	:	time Target is 1662090
1667411	[5321]	:	time Target is 1667411
1672733	[5322]	:	time Target is 1672733
1673416	[683]	:	Key	71	DOWN	at	1673416 
1678068	[4652]	:	time Target is 1678068
1678632	[564]	:	Key	71	DOWN	at	1678631 
1683400	[4768]	:	time Target is 1683400
1683942	[542]	:	Key	71	DOWN	at	1683941 
1688750	[4808]	:	time Target is 1688750
1694102	[5352]	:	time Target is 1694102
1694522	[420]	:	Key	71	DOWN	at	1694522 
1699441	[4919]	:	time Target is 1699441
1704759	[5318]	:	time Target is 1704759
1705206	[447]	:	Key	71	DOWN	at	1705206 
1710093	[4887]	:	time Target is 1710093
1715409	[5316]	:	time Target is 1715409
1715818	[409]	:	Key	71	DOWN	at	1715817 
1720739	[4921]	:	time Target is 1720739
1726063	[5324]	:	time Target is 1726063
1726842	[779]	:	Key	71	DOWN	at	1726841 
1731393	[4551]	:	time Target is 1731393
1736711	[5318]	:	Key	71	DOWN	at	1736470 
1736711	[0]	:	Key	71	UP	at	1736633 
1739523	[2812]	:	time Target is 1739523
1744844	[5321]	:	time Target is 1744844
1750167	[5323]	:	time Target is 1750167
1750503	[336]	:	Key	92	DOWN	at	1750503 
1750710	[207]	:	Key	92	UP	at	1750710 
1751207	[497]	:	Key	71	DOWN	at	1751206 
1755497	[4290]	:	time Target is 1755497
1756296	[799]	:	Key	71	DOWN	at	1756296 
1760835	[4539]	:	time Target is 1760835
1761268	[433]	:	Key	71	DOWN	at	1761268 
1766169	[4901]	:	time Target is 1766169
1766502	[333]	:	Key	71	DOWN	at	1766502 
1771507	[5005]	:	time Target is 1771507
1772025	[518]	:	Key	71	DOWN	at	1772025 
1776844	[4819]	:	time Target is 1776844
1777236	[392]	:	Key	71	DOWN	at	1777236 
1782179	[4943]	:	time Target is 1782179
1782807	[628]	:	Key	71	DOWN	at	1782806 
1787511	[4704]	:	time Target is 1787511
1787961	[450]	:	Key	71	DOWN	at	1787961 
1792847	[4886]	:	time Target is 1792847
1793768	[921]	:	Key	71	DOWN	at	1793768 
1798171	[4403]	:	time Target is 1798171
1803495	[5324]	:	time Target is 1803495
1808814	[5319]	:	time Target is 1808814
1809354	[540]	:	Key	71	DOWN	at	1809353 
1813128	[3774]	:	Key	71	UP	at	1809558 
1815542	[2414]	:	Key	71	DOWN	at	1815541 
1816325	[783]	:	Key	71	UP	at	1815752 
1816593	[268]	:	time Target is 1816593
1817353	[760]	:	Key	71	DOWN	at	1817353 
1821923	[4570]	:	time Target is 1821923
1827244	[5321]	:	time Target is 1827244
1827752	[508]	:	Key	71	DOWN	at	1827751 
1832581	[4829]	:	time Target is 1832581
1833001	[420]	:	Key	71	DOWN	at	1833001 
1837652	[4651]	:	Key	71	DOWN	at	1837445 
1837653	[1]	:	Key	71	UP	at	1837575 
1840459	[2806]	:	Key	71	DOWN	at	1840310 
1843270	[2811]	:	time Target is 1843270
1843769	[499]	:	Key	71	DOWN	at	1843768 
1848607	[4838]	:	time Target is 1848607
1849222	[615]	:	Key	71	DOWN	at	1849222 
1853941	[4719]	:	time Target is 1853941
1854378	[437]	:	Key	71	DOWN	at	1854377 
1859277	[4899]	:	time Target is 1859277
1859637	[360]	:	Key	71	DOWN	at	1859637 
1864618	[4981]	:	time Target is 1864618
1869942	[5324]	:	time Target is 1869942
1870473	[531]	:	Key	71	DOWN	at	1870473 
1875279	[4806]	:	time Target is 1875279
1875720	[441]	:	Key	71	DOWN	at	1875719 
1880616	[4896]	:	time Target is 1880616
1881045	[429]	:	Key	71	DOWN	at	1881045 
1885950	[4905]	:	time Target is 1885950
1891272	[5322]	:	time Target is 1891272
1896601	[5329]	:	time Target is 1896601
1896981	[380]	:	Key	71	DOWN	at	1896981 
1901931	[4950]	:	time Target is 1901931
1902376	[445]	:	Key	71	DOWN	at	1902375 
1907266	[4890]	:	time Target is 1907266
1912587	[5321]	:	time Target is 1912587
1917909	[5322]	:	time Target is 1917909
1923234	[5325]	:	time Target is 1923234
1923625	[391]	:	Key	71	DOWN	at	1923625 
1928566	[4941]	:	time Target is 1928566
1929206	[640]	:	Key	71	DOWN	at	1929205 
1933898	[4692]	:	time Target is 1933898
1934520	[622]	:	Key	71	DOWN	at	1934520 
1939232	[4712]	:	time Target is 1939232
1944552	[5320]	:	time Target is 1944552
1945064	[512]	:	Key	71	DOWN	at	1945064 
1949888	[4824]	:	time Target is 1949888
1950393	[505]	:	Key	71	DOWN	at	1950393 
1955222	[4829]	:	time Target is 1955222
1955334	[112]	:	Key	71	DOWN	at	1955334 
1960559	[5225]	:	time Target is 1960559
1965880	[5321]	:	time Target is 1965880
1966617	[737]	:	Key	71	DOWN	at	1966617 
1971213	[4596]	:	time Target is 1971213
1976537	[5324]	:	time Target is 1976537
1981862	[5325]	:	time Target is 1981862
1987183	[5321]	:	time Target is 1987183
1987783	[600]	:	Key	71	DOWN	at	1987783 
1992520	[4737]	:	time Target is 1992520
1993018	[498]	:	Key	71	DOWN	at	1993018 
1997863	[4845]	:	time Target is 1997863
1998119	[256]	:	Key	71	DOWN	at	1998118 
2003203	[5084]	:	time Target is 2003203
2008526	[5323]	:	time Target is 2008526
2013847	[5321]	:	time Target is 2013847
2019162	[5315]	:	time Target is 2019162
2024483	[5321]	:	time Target is 2024483
2024853	[370]	:	Key	71	DOWN	at	2024853 
2029820	[4967]	:	time Target is 2029820
2030248	[428]	:	Key	71	DOWN	at	2030248 
2035170	[4922]	:	time Target is 2035170
2040490	[5320]	:	time Target is 2040490
2045821	[5331]	:	time Target is 2045821
2047272	[1451]	:	Key	71	DOWN	at	2047272 
2050891	[3619]	:	Key	71	DOWN	at	2050853 
2053704	[2813]	:	time Target is 2053704
2059024	[5320]	:	time Target is 2059024
2064340	[5316]	:	time Target is 2064340
2069657	[5317]	:	time Target is 2069657
2070043	[386]	:	Key	71	DOWN	at	2070042 
2074998	[4955]	:	time Target is 2074998
2075844	[846]	:	Key	71	DOWN	at	2075844 
2080344	[4500]	:	time Target is 2080344
2080821	[477]	:	Key	71	DOWN	at	2080821 
2085679	[4858]	:	time Target is 2085679
2086853	[1174]	:	Key	71	DOWN	at	2086853 
2091014	[4161]	:	time Target is 2091014
2091433	[419]	:	Key	71	DOWN	at	2091431 
2096360	[4927]	:	time Target is 2096360
2096904	[544]	:	Key	71	DOWN	at	2096904 
2101694	[4790]	:	time Target is 2101694
2102104	[410]	:	Key	71	DOWN	at	2102104 
2107032	[4928]	:	time Target is 2107032
2107911	[879]	:	Key	71	DOWN	at	2107911 
2112361	[4450]	:	time Target is 2112361
2112922	[561]	:	Key	71	DOWN	at	2112921 
2117699	[4777]	:	time Target is 2117699
2118328	[629]	:	Key	71	DOWN	at	2118327 
2123033	[4705]	:	time Target is 2123033
2128349	[5316]	:	time Target is 2128349
2129015	[666]	:	Key	71	DOWN	at	2129014 
2133689	[4674]	:	time Target is 2133689
2134119	[430]	:	Key	71	DOWN	at	2134119 
2139022	[4903]	:	time Target is 2139022
2139498	[476]	:	Key	71	DOWN	at	2139497 
2144355	[4857]	:	time Target is 2144355
2144727	[372]	:	Key	71	DOWN	at	2144727 
2149698	[4971]	:	time Target is 2149698
2149990	[292]	:	Key	71	DOWN	at	2149988 
2155041	[5051]	:	time Target is 2155041
2155449	[408]	:	Key	71	DOWN	at	2155449 
2160380	[4931]	:	time Target is 2160380
2160824	[444]	:	Key	71	DOWN	at	2160823 
2165712	[4888]	:	time Target is 2165712
2167050	[1338]	:	Key	71	DOWN	at	2167049 
2171048	[3998]	:	time Target is 2171048
2176369	[5321]	:	time Target is 2176369
2181685	[5316]	:	time Target is 2181685
2182202	[517]	:	Key	71	DOWN	at	2182201 
2187020	[4818]	:	time Target is 2187020
2187862	[842]	:	Key	71	DOWN	at	2187862 
2192360	[4498]	:	time Target is 2192360
2192693	[333]	:	Key	71	DOWN	at	2192693 
2197699	[5006]	:	time Target is 2197699
2198442	[743]	:	Key	71	DOWN	at	2198442 
2203035	[4593]	:	time Target is 2203035
2203689	[654]	:	Key	71	DOWN	at	2203689 
2208373	[4684]	:	time Target is 2208373
2209067	[694]	:	Key	71	DOWN	at	2209066 
2213716	[4649]	:	time Target is 2213716
2214552	[836]	:	Key	71	DOWN	at	2214552 
2219054	[4502]	:	time Target is 2219054
2224374	[5320]	:	time Target is 2224374
2229693	[5319]	:	time Target is 2229693
2230036	[343]	:	Key	71	DOWN	at	2230036 
2235029	[4993]	:	time Target is 2235029
2240354	[5325]	:	time Target is 2240354
2240697	[343]	:	Key	71	DOWN	at	2240697 
2245687	[4990]	:	time Target is 2245687
2246087	[400]	:	Key	71	DOWN	at	2246086 
2251021	[4934]	:	time Target is 2251021
2251413	[392]	:	Key	71	DOWN	at	2251413 
2256359	[4946]	:	time Target is 2256359
2261677	[5318]	:	time Target is 2261677
2262165	[488]	:	Key	71	DOWN	at	2262165 
2267005	[4840]	:	time Target is 2267005
2272329	[5324]	:	time Target is 2272329
2273529	[1200]	:	Key	71	DOWN	at	2273528 
2277668	[4139]	:	time Target is 2277668
2282991	[5323]	:	time Target is 2282991
2290996	[8005]	:	Key	71	DOWN	at	2290996 
2291288	[292]	:	Key	71	UP	at	2291288 
2298359	[7071]	:	Key	28	DOWN	at	2298359 
2298518	[159]	:	Key	28	UP	at	2298517 
2303785	[5267]	:	Key	28	DOWN	at	2303785 
2303944	[159]	:	Key	28	UP	at	2303943 
2307973	[4029]	:	Key	29	DOWN	at	2307973 
2308137	[164]	:	Key	29	UP	at	2308137 
2310024	[1887]	:	Key	29	DOWN	at	2310024 
2310217	[193]	:	Key	29	UP	at	2310217 
2312376	[2159]	:	Key	29	DOWN	at	2312376 
2312551	[175]	:	Key	29	UP	at	2312551 
2313369	[818]	:	Key	29	DOWN	at	2313369 
2313527	[158]	:	Key	29	UP	at	2313527 
2314005	[478]	:	Key	28	DOWN	at	2314005 
2314137	[132]	:	Key	28	UP	at	2314137 
2314567	[430]	:	Key	28	DOWN	at	2314566 
2314711	[144]	:	Key	28	UP	at	2314710 
2318248	[3537]	:	Key	29	DOWN	at	2318248 
2318407	[159]	:	Key	29	UP	at	2318406 
2319061	[654]	:	Key	29	DOWN	at	2319060 
2319257	[196]	:	Key	29	UP	at	2319257 
2320089	[832]	:	Key	28	DOWN	at	2320089 
2320280	[191]	:	Key	28	UP	at	2320279 
2320664	[384]	:	Key	28	DOWN	at	2320664 
2320826	[162]	:	Key	28	UP	at	2320826 
2322068	[1242]	:	Key	28	DOWN	at	2322068 
2322279	[211]	:	Key	28	UP	at	2322278 
2322613	[334]	:	Key	28	DOWN	at	2322613 
2322855	[242]	:	Key	28	UP	at	2322855 
2323767	[912]	:	Key	29	DOWN	at	2323767 
2323914	[147]	:	Key	29	UP	at	2323913 
2324677	[763]	:	Key	29	DOWN	at	2324676 
2324693	[16]	:	COGENT STOP
