Cog2000 log file Tue Aug 20 10:01:04 2019
gprim v1.33 Compiled:Aug 12 2015 (GLib DirectDraw v7 DX12.0 Compiled:Aug 12 2015)
Display:1024x768x32 59.95Hz
Attaching C:\Program Files\Cogent2000v1.33\Toolbox\CogInput.mexw64
CogInput v1.05 Compiled: May 20 2010
6	[6]	:	COGENT START
6740	[6734]	:	Key	71	DOWN	at	6734    
6857	[117]	:	Key	71	UP	at	6857    
25134	[18277]	:	Key	71	DOWN	at	25133   
25247	[113]	:	Key	71	UP	at	25246   
29644	[4397]	:	Key	71	DOWN	at	29642   
29725	[81]	:	Key	71	UP	at	29724   
40447	[10722]	:	Key	71	DOWN	at	40446   
40522	[75]	:	Key	71	UP	at	40522   
55355	[14833]	:	Key	71	DOWN	at	55354   
55467	[112]	:	Key	71	UP	at	55466   
70091	[14624]	:	Key	52	DOWN	at	70091   
70269	[178]	:	Key	52	UP	at	70268   
73723	[3454]	:	Key	71	DOWN	at	73723   
74616	[893]	:	time Target is 74598
75852	[1236]	:	Key	71	DOWN	at	75852   
80718	[4866]	:	time Target is 80717
81771	[1053]	:	Key	71	DOWN	at	81771   
86816	[5045]	:	time Target is 86815
87420	[604]	:	Key	71	DOWN	at	87420   
92917	[5497]	:	time Target is 92915
93423	[506]	:	Key	71	DOWN	at	93423   
102315	[8892]	:	Key	71	DOWN	at	102313  
103381	[1066]	:	time Target is 103375
109712	[6331]	:	time Target is 109711
116041	[6329]	:	time Target is 116040
122372	[6331]	:	time Target is 122371
141420	[19048]	:	Key	71	DOWN	at	141420  
141515	[95]	:	Key	71	UP	at	141515  
145391	[3876]	:	Key	71	DOWN	at	145390  
145467	[76]	:	Key	71	UP	at	145467  
149886	[4419]	:	Key	71	DOWN	at	149886  
149946	[60]	:	Key	71	UP	at	149946  
158172	[8226]	:	Key	71	DOWN	at	158172  
158267	[95]	:	Key	71	UP	at	158265  
163118	[4851]	:	Key	71	DOWN	at	163118  
163942	[824]	:	Key	71	UP	at	163243  
163966	[24]	:	time Target is 163965
164830	[864]	:	Key	71	DOWN	at	164830  
169057	[4227]	:	time Target is 169056
174138	[5081]	:	time Target is 174138
174906	[768]	:	Key	71	DOWN	at	174905  
179238	[4332]	:	time Target is 179238
180284	[1046]	:	Key	71	DOWN	at	180284  
183553	[3269]	:	Key	71	UP	at	181083  
190733	[7180]	:	Key	71	DOWN	at	190733  
190797	[64]	:	Key	71	UP	at	190796  
194638	[3841]	:	Key	71	DOWN	at	194638  
195433	[795]	:	Key	71	UP	at	194746  
195464	[31]	:	time Target is 195463
196060	[596]	:	Key	71	DOWN	at	196059  
200559	[4499]	:	time Target is 200559
205638	[5079]	:	time Target is 205638
210706	[5068]	:	time Target is 210705
211660	[954]	:	Key	71	DOWN	at	211659  
215010	[3350]	:	Key	71	UP	at	212251  
254094	[39084]	:	Key	71	DOWN	at	254093  
254175	[81]	:	Key	71	UP	at	254174  
259630	[5455]	:	Key	71	DOWN	at	259630  
260414	[784]	:	Key	71	UP	at	259737  
260437	[23]	:	time Target is 260437
261386	[949]	:	Key	71	DOWN	at	261385  
265531	[4145]	:	time Target is 265530
270602	[5071]	:	time Target is 270602
271370	[768]	:	Key	71	DOWN	at	271370  
275683	[4313]	:	time Target is 275683
276522	[839]	:	Key	71	DOWN	at	276522  
279983	[3461]	:	Key	71	UP	at	277342  
288491	[8508]	:	Key	71	DOWN	at	288491  
288574	[83]	:	Key	71	UP	at	288574  
292298	[3724]	:	Key	71	DOWN	at	292298  
293090	[792]	:	Key	71	UP	at	292522  
293112	[22]	:	time Target is 293112
293934	[822]	:	Key	71	DOWN	at	293934  
298206	[4272]	:	time Target is 298205
303276	[5070]	:	time Target is 303276
308347	[5071]	:	time Target is 308346
320075	[11728]	:	Key	71	DOWN	at	320075  
320158	[83]	:	Key	71	UP	at	320157  
334429	[14271]	:	Key	71	DOWN	at	334428  
334510	[81]	:	Key	71	UP	at	334510  
348157	[13647]	:	Key	71	DOWN	at	348157  
348251	[94]	:	Key	71	UP	at	348250  
360366	[12115]	:	Key	71	DOWN	at	360366  
360431	[65]	:	Key	71	UP	at	360430  
369740	[9309]	:	Key	71	DOWN	at	369740  
372319	[2579]	:	time Target is 372318
372958	[639]	:	Key	71	DOWN	at	372958  
377662	[4704]	:	time Target is 377662
378316	[654]	:	Key	71	DOWN	at	378316  
383005	[4689]	:	time Target is 383005
383643	[638]	:	Key	71	DOWN	at	383643  
388348	[4705]	:	time Target is 388348
393682	[5334]	:	time Target is 393682
394187	[505]	:	Key	71	DOWN	at	394187  
399036	[4849]	:	time Target is 399036
404363	[5327]	:	time Target is 404363
409690	[5327]	:	time Target is 409690
410271	[581]	:	Key	71	DOWN	at	410270  
415023	[4752]	:	time Target is 415023
415565	[542]	:	Key	71	DOWN	at	415565  
420393	[4828]	:	time Target is 420393
421150	[757]	:	Key	71	DOWN	at	421149  
425734	[4584]	:	time Target is 425734
425998	[264]	:	Key	71	DOWN	at	425998  
431075	[5077]	:	time Target is 431075
431981	[906]	:	Key	71	DOWN	at	431980  
436415	[4434]	:	time Target is 436415
437598	[1183]	:	Key	71	DOWN	at	437598  
441750	[4152]	:	time Target is 441750
447072	[5322]	:	time Target is 447072
447389	[317]	:	Key	71	DOWN	at	447389  
452401	[5012]	:	time Target is 452401
457725	[5324]	:	time Target is 457725
459066	[1341]	:	Key	71	DOWN	at	459066  
463066	[4000]	:	time Target is 463066
463743	[677]	:	Key	71	DOWN	at	463742  
468400	[4657]	:	time Target is 468400
473720	[5320]	:	time Target is 473720
479042	[5322]	:	time Target is 479042
484363	[5321]	:	time Target is 484363
484655	[292]	:	Key	71	DOWN	at	484654  
489700	[5045]	:	time Target is 489700
490091	[391]	:	Key	71	DOWN	at	490090  
495039	[4948]	:	time Target is 495039
500360	[5321]	:	time Target is 500360
505678	[5318]	:	time Target is 505678
506521	[843]	:	Key	71	DOWN	at	506521  
511012	[4491]	:	time Target is 511012
516331	[5319]	:	time Target is 516331
516717	[386]	:	Key	71	DOWN	at	516717  
521667	[4950]	:	time Target is 521667
526988	[5321]	:	time Target is 526988
532310	[5322]	:	time Target is 532310
537633	[5323]	:	time Target is 537633
542952	[5319]	:	time Target is 542952
543694	[742]	:	Key	71	DOWN	at	543694  
548272	[4578]	:	time Target is 548272
553601	[5329]	:	time Target is 553601
558920	[5319]	:	time Target is 558920
564238	[5318]	:	time Target is 564238
569559	[5321]	:	time Target is 569559
570841	[1282]	:	Key	71	DOWN	at	570841  
574891	[4050]	:	time Target is 574891
580210	[5319]	:	time Target is 580210
585533	[5323]	:	time Target is 585533
586299	[766]	:	Key	71	DOWN	at	586299  
590858	[4559]	:	Key	71	DOWN	at	590701  
593684	[2826]	:	time Target is 593684
594349	[665]	:	Key	71	DOWN	at	594349  
599020	[4671]	:	time Target is 599020
599660	[640]	:	Key	71	DOWN	at	599659  
604358	[4698]	:	time Target is 604358
605067	[709]	:	Key	71	DOWN	at	605066  
609695	[4628]	:	time Target is 609695
615019	[5324]	:	time Target is 615019
620339	[5320]	:	time Target is 620339
621007	[668]	:	Key	71	DOWN	at	621006  
625677	[4670]	:	time Target is 625677
630995	[5318]	:	time Target is 630995
631533	[538]	:	Key	71	DOWN	at	631533  
636328	[4795]	:	time Target is 636328
637068	[740]	:	Key	71	DOWN	at	637068  
641666	[4598]	:	time Target is 641666
642331	[665]	:	Key	71	DOWN	at	642330  
647001	[4670]	:	time Target is 647001
647582	[581]	:	Key	71	DOWN	at	647582  
652334	[4752]	:	time Target is 652334
652798	[464]	:	Key	71	DOWN	at	652798  
657671	[4873]	:	time Target is 657671
662994	[5323]	:	time Target is 662994
668316	[5322]	:	time Target is 668316
668702	[386]	:	Key	71	DOWN	at	668702  
673645	[4943]	:	time Target is 673645
673998	[353]	:	Key	71	DOWN	at	673998  
678987	[4989]	:	time Target is 678987
684305	[5318]	:	time Target is 684305
689627	[5322]	:	time Target is 689627
690250	[623]	:	Key	71	DOWN	at	690250  
694965	[4715]	:	time Target is 694965
700287	[5322]	:	time Target is 700287
705609	[5322]	:	time Target is 705609
706382	[773]	:	Key	71	DOWN	at	706382  
710943	[4561]	:	time Target is 710943
711675	[732]	:	Key	71	DOWN	at	711675  
716281	[4606]	:	time Target is 716281
721603	[5322]	:	time Target is 721603
726926	[5323]	:	time Target is 726926
727343	[417]	:	Key	71	DOWN	at	727342  
732263	[4920]	:	time Target is 732263
737582	[5319]	:	time Target is 737582
742904	[5322]	:	time Target is 742904
748243	[5339]	:	time Target is 748243
748783	[540]	:	Key	71	DOWN	at	748783  
753578	[4795]	:	time Target is 753578
758899	[5321]	:	time Target is 758899
764220	[5321]	:	time Target is 764220
764687	[467]	:	Key	71	DOWN	at	764686  
769557	[4870]	:	time Target is 769557
770123	[566]	:	Key	71	DOWN	at	770123  
774889	[4766]	:	time Target is 774889
780213	[5324]	:	time Target is 780213
785536	[5323]	:	time Target is 785536
786111	[575]	:	Key	71	DOWN	at	786110  
790871	[4760]	:	time Target is 790871
796192	[5321]	:	time Target is 796192
801517	[5325]	:	time Target is 801517
802172	[655]	:	Key	71	DOWN	at	802171  
806858	[4686]	:	time Target is 806858
808267	[1409]	:	Key	71	DOWN	at	808267  
812195	[3928]	:	time Target is 812195
817516	[5321]	:	time Target is 817516
822835	[5319]	:	time Target is 822835
823451	[616]	:	Key	71	DOWN	at	823451  
828170	[4719]	:	time Target is 828170
833492	[5322]	:	time Target is 833492
834494	[1002]	:	Key	71	DOWN	at	834493  
838830	[4336]	:	time Target is 838830
844152	[5322]	:	time Target is 844152
844764	[612]	:	Key	71	DOWN	at	844764  
848455	[3691]	:	Key	71	UP	at	844954  
860204	[11749]	:	Key	71	DOWN	at	860204  
860993	[789]	:	Key	71	UP	at	860347  
861262	[269]	:	time Target is 861262
861980	[718]	:	Key	71	DOWN	at	861979  
866600	[4620]	:	time Target is 866600
871923	[5323]	:	time Target is 871923
872874	[951]	:	Key	71	DOWN	at	872874  
877258	[4384]	:	time Target is 877258
882576	[5318]	:	time Target is 882576
883019	[443]	:	Key	71	DOWN	at	883018  
887913	[4894]	:	time Target is 887913
888426	[513]	:	Key	71	DOWN	at	888426  
893248	[4822]	:	time Target is 893248
898573	[5325]	:	time Target is 898573
899019	[446]	:	Key	71	DOWN	at	899018  
903914	[4895]	:	time Target is 903914
904652	[738]	:	Key	71	DOWN	at	904652  
909250	[4598]	:	time Target is 909250
910314	[1064]	:	Key	71	DOWN	at	910314  
914577	[4263]	:	time Target is 914577
919902	[5325]	:	time Target is 919902
925224	[5322]	:	time Target is 925224
930544	[5320]	:	time Target is 930544
931310	[766]	:	Key	71	DOWN	at	931309  
935897	[4587]	:	time Target is 935897
936687	[790]	:	Key	71	DOWN	at	936687  
941229	[4542]	:	time Target is 941229
946549	[5320]	:	time Target is 946549
947182	[633]	:	Key	71	DOWN	at	947182  
951888	[4706]	:	time Target is 951888
952445	[557]	:	Key	71	DOWN	at	952445  
957215	[4770]	:	time Target is 957215
962541	[5326]	:	time Target is 962541
967862	[5321]	:	time Target is 967862
968540	[678]	:	Key	71	DOWN	at	968540  
973199	[4659]	:	time Target is 973199
978521	[5322]	:	time Target is 978521
983843	[5322]	:	time Target is 983843
984365	[522]	:	Key	71	DOWN	at	984365  
989182	[4817]	:	time Target is 989182
990030	[848]	:	Key	71	DOWN	at	990030  
994518	[4488]	:	time Target is 994518
999838	[5320]	:	time Target is 999838
1005153	[5315]	:	time Target is 1005153
1006508	[1355]	:	Key	71	DOWN	at	1006508 
1010499	[3991]	:	time Target is 1010499
1011754	[1255]	:	Key	71	DOWN	at	1011754 
1015844	[4090]	:	time Target is 1015844
1021167	[5323]	:	time Target is 1021167
1021692	[525]	:	Key	71	DOWN	at	1021692 
1026501	[4809]	:	time Target is 1026501
1031825	[5324]	:	time Target is 1031825
1037143	[5318]	:	time Target is 1037143
1037903	[760]	:	Key	71	DOWN	at	1037902 
1042491	[4588]	:	time Target is 1042491
1047816	[5325]	:	time Target is 1047816
1048750	[934]	:	Key	71	DOWN	at	1048749 
1053147	[4397]	:	time Target is 1053147
1058469	[5322]	:	time Target is 1058469
1058812	[343]	:	Key	71	DOWN	at	1058812 
1063810	[4998]	:	time Target is 1063810
1069130	[5320]	:	time Target is 1069130
1074447	[5317]	:	time Target is 1074447
1075151	[704]	:	Key	71	DOWN	at	1075150 
1079782	[4631]	:	time Target is 1079782
1085105	[5323]	:	time Target is 1085105
1090425	[5320]	:	time Target is 1090425
1095750	[5325]	:	time Target is 1095750
1101076	[5326]	:	time Target is 1101076
1106403	[5327]	:	time Target is 1106403
1106783	[380]	:	Key	71	DOWN	at	1106782 
1111741	[4958]	:	time Target is 1111741
1112254	[513]	:	Key	71	DOWN	at	1112253 
1117079	[4825]	:	time Target is 1117079
1117774	[695]	:	Key	71	DOWN	at	1117773 
1122419	[4645]	:	time Target is 1122419
1127736	[5317]	:	time Target is 1127736
1128108	[372]	:	Key	71	DOWN	at	1128108 
1133073	[4965]	:	time Target is 1133073
1133772	[699]	:	Key	71	DOWN	at	1133772 
1138412	[4640]	:	time Target is 1138412
1143726	[5314]	:	time Target is 1143726
1149046	[5320]	:	time Target is 1149046
1149434	[388]	:	Key	71	DOWN	at	1149433 
1154387	[4953]	:	time Target is 1154387
1154798	[411]	:	Key	71	DOWN	at	1154796 
1159720	[4922]	:	time Target is 1159720
1160187	[467]	:	Key	71	DOWN	at	1160187 
1165060	[4873]	:	time Target is 1165060
1170383	[5323]	:	time Target is 1170383
1175719	[5336]	:	time Target is 1175719
1176671	[952]	:	Key	71	DOWN	at	1176671 
1181056	[4385]	:	time Target is 1181056
1186381	[5325]	:	time Target is 1186381
1191703	[5322]	:	time Target is 1191703
1197024	[5321]	:	time Target is 1197024
1202347	[5323]	:	time Target is 1202347
1207665	[5318]	:	time Target is 1207665
1208525	[860]	:	Key	71	DOWN	at	1208524 
1213001	[4476]	:	time Target is 1213001
1213405	[404]	:	Key	71	DOWN	at	1213404 
1218335	[4930]	:	time Target is 1218335
1223659	[5324]	:	time Target is 1223659
1224650	[991]	:	Key	71	DOWN	at	1224650 
1228999	[4349]	:	time Target is 1228999
1234323	[5324]	:	time Target is 1234323
1239642	[5319]	:	time Target is 1239642
1244958	[5316]	:	time Target is 1244958
1250284	[5326]	:	time Target is 1250284
1255603	[5319]	:	time Target is 1255603
1260924	[5321]	:	time Target is 1260924
1261611	[687]	:	Key	71	DOWN	at	1261611 
1266262	[4651]	:	time Target is 1266262
1266667	[405]	:	Key	71	DOWN	at	1266666 
1271601	[4934]	:	time Target is 1271601
1272270	[669]	:	Key	71	DOWN	at	1272270 
1276936	[4666]	:	time Target is 1276936
1277454	[518]	:	Key	71	DOWN	at	1277453 
1282281	[4827]	:	time Target is 1282281
1287606	[5325]	:	time Target is 1287606
1292931	[5325]	:	time Target is 1292931
1293342	[411]	:	Key	71	DOWN	at	1293342 
1298272	[4930]	:	time Target is 1298272
1298782	[510]	:	Key	71	DOWN	at	1298781 
1303607	[4825]	:	time Target is 1303607
1304345	[738]	:	Key	71	DOWN	at	1304345 
1308944	[4599]	:	time Target is 1308944
1314270	[5326]	:	time Target is 1314270
1314571	[301]	:	Key	71	DOWN	at	1314570 
1319605	[5034]	:	time Target is 1319605
1324927	[5322]	:	time Target is 1324927
1325754	[827]	:	Key	71	DOWN	at	1325754 
1330265	[4511]	:	time Target is 1330265
1335584	[5319]	:	time Target is 1335584
1336077	[493]	:	Key	71	DOWN	at	1336077 
1339885	[3808]	:	Key	71	UP	at	1336138 
1346363	[6478]	:	Key	71	DOWN	at	1346362 
1346474	[111]	:	Key	71	UP	at	1346473 
1376282	[29808]	:	Key	71	DOWN	at	1376282 
1377074	[792]	:	Key	71	UP	at	1376477 
1377340	[266]	:	time Target is 1377340
1378251	[911]	:	Key	71	DOWN	at	1378251 
1382711	[4460]	:	time Target is 1382711
1383198	[487]	:	Key	71	DOWN	at	1383198 
1388052	[4854]	:	time Target is 1388052
1388426	[374]	:	Key	71	DOWN	at	1388426 
1393385	[4959]	:	time Target is 1393385
1393981	[596]	:	Key	71	DOWN	at	1393981 
1398725	[4744]	:	time Target is 1398725
1399113	[388]	:	Key	71	DOWN	at	1399113 
1404076	[4963]	:	time Target is 1404076
1409396	[5320]	:	time Target is 1409396
1410074	[678]	:	Key	71	DOWN	at	1410074 
1414739	[4665]	:	time Target is 1414739
1420062	[5323]	:	time Target is 1420062
1420174	[112]	:	Key	71	DOWN	at	1420174 
1425401	[5227]	:	time Target is 1425401
1426170	[769]	:	Key	71	DOWN	at	1426169 
1430740	[4570]	:	time Target is 1430740
1431401	[661]	:	Key	71	DOWN	at	1431401 
1436080	[4679]	:	time Target is 1436080
1441394	[5314]	:	Key	71	DOWN	at	1441258 
1444195	[2801]	:	Key	71	DOWN	at	1444012 
1447012	[2817]	:	time Target is 1447012
1452333	[5321]	:	time Target is 1452333
1457676	[5343]	:	Key	71	DOWN	at	1457566 
1460490	[2814]	:	time Target is 1460490
1460970	[480]	:	Key	71	DOWN	at	1460970 
1465826	[4856]	:	time Target is 1465826
1466331	[505]	:	Key	71	DOWN	at	1466331 
1471163	[4832]	:	time Target is 1471163
1476485	[5322]	:	time Target is 1476485
1481796	[5311]	:	Key	71	DOWN	at	1481706 
1484612	[2816]	:	time Target is 1484612
1489925	[5313]	:	Key	71	DOWN	at	1489770 
1492736	[2811]	:	time Target is 1492736
1493310	[574]	:	Key	71	DOWN	at	1493310 
1498070	[4760]	:	time Target is 1498070
1499134	[1064]	:	Key	71	DOWN	at	1499134 
1503405	[4271]	:	time Target is 1503405
1508730	[5325]	:	time Target is 1508730
1509423	[693]	:	Key	71	DOWN	at	1509422 
1514071	[4648]	:	time Target is 1514071
1515081	[1010]	:	Key	71	DOWN	at	1515081 
1519411	[4330]	:	time Target is 1519411
1524742	[5331]	:	time Target is 1524742
1530067	[5325]	:	time Target is 1530067
1535391	[5324]	:	time Target is 1535391
1536059	[668]	:	Key	71	DOWN	at	1536058 
1540720	[4661]	:	time Target is 1540720
1541291	[571]	:	Key	71	DOWN	at	1541290 
1546057	[4766]	:	time Target is 1546057
1551366	[5309]	:	Key	71	DOWN	at	1551229 
1554180	[2814]	:	time Target is 1554180
1559504	[5324]	:	time Target is 1559504
1564825	[5321]	:	time Target is 1564825
1570158	[5333]	:	time Target is 1570158
1570859	[701]	:	Key	71	DOWN	at	1570858 
1575491	[4632]	:	time Target is 1575491
1580812	[5321]	:	time Target is 1580812
1586132	[5320]	:	time Target is 1586132
1586508	[376]	:	Key	71	DOWN	at	1586508 
1591468	[4960]	:	time Target is 1591468
1592059	[591]	:	Key	71	DOWN	at	1592059 
1596802	[4743]	:	time Target is 1596802
1602123	[5321]	:	time Target is 1602123
1602655	[532]	:	Key	71	DOWN	at	1602654 
1607466	[4811]	:	time Target is 1607466
1607902	[436]	:	Key	71	DOWN	at	1607902 
1612796	[4894]	:	time Target is 1612796
1613166	[370]	:	Key	71	DOWN	at	1613165 
1618134	[4968]	:	time Target is 1618134
1623453	[5319]	:	time Target is 1623453
1628770	[5317]	:	time Target is 1628770
1629390	[620]	:	Key	71	DOWN	at	1629390 
1634115	[4725]	:	time Target is 1634115
1639439	[5324]	:	time Target is 1639439
1644753	[5314]	:	time Target is 1644753
1645212	[459]	:	Key	71	DOWN	at	1645211 
1650092	[4880]	:	time Target is 1650092
1651439	[1347]	:	Key	71	DOWN	at	1651439 
1655444	[4005]	:	time Target is 1655444
1655869	[425]	:	Key	71	DOWN	at	1655868 
1660779	[4910]	:	time Target is 1660779
1666104	[5325]	:	time Target is 1666104
1671426	[5322]	:	time Target is 1671426
1671870	[444]	:	Key	71	DOWN	at	1671870 
1676768	[4898]	:	time Target is 1676768
1682082	[5314]	:	time Target is 1682082
1687403	[5321]	:	time Target is 1687403
1692730	[5327]	:	time Target is 1692730
1698052	[5322]	:	time Target is 1698052
1703373	[5321]	:	time Target is 1703373
1704249	[876]	:	Key	71	DOWN	at	1704249 
1708710	[4461]	:	time Target is 1708710
1714029	[5319]	:	time Target is 1714029
1714523	[494]	:	Key	71	DOWN	at	1714522 
1719366	[4843]	:	time Target is 1719366
1719692	[326]	:	Key	71	DOWN	at	1719692 
1724704	[5012]	:	time Target is 1724704
1725068	[364]	:	Key	71	DOWN	at	1725068 
1730041	[4973]	:	time Target is 1730041
1735363	[5322]	:	time Target is 1735363
1735804	[441]	:	Key	71	DOWN	at	1735804 
1740700	[4896]	:	time Target is 1740700
1741516	[816]	:	Key	71	DOWN	at	1741516 
1746036	[4520]	:	time Target is 1746036
1751355	[5319]	:	time Target is 1751355
1751771	[416]	:	Key	71	DOWN	at	1751770 
1756696	[4925]	:	time Target is 1756696
1757205	[509]	:	Key	71	DOWN	at	1757199 
1757208	[3]	:	Key	14	DOWN	at	1757199 
1762046	[4838]	:	time Target is 1762046
1767369	[5323]	:	time Target is 1767369
1772690	[5321]	:	time Target is 1772690
1773181	[491]	:	Key	71	DOWN	at	1773180 
1778031	[4850]	:	time Target is 1778031
1783354	[5323]	:	time Target is 1783354
1783849	[495]	:	Key	71	DOWN	at	1783849 
1788694	[4845]	:	time Target is 1788694
1789164	[470]	:	Key	71	DOWN	at	1789163 
1794034	[4870]	:	time Target is 1794034
1799361	[5327]	:	time Target is 1799361
1799902	[541]	:	Key	71	DOWN	at	1799901 
1804699	[4797]	:	time Target is 1804699
1805371	[672]	:	Key	71	DOWN	at	1805371 
1810034	[4663]	:	time Target is 1810034
1815361	[5327]	:	time Target is 1815361
1816207	[846]	:	Key	71	DOWN	at	1816206 
1820700	[4493]	:	time Target is 1820700
1821163	[463]	:	Key	71	DOWN	at	1821162 
1826041	[4878]	:	time Target is 1826041
1831366	[5325]	:	time Target is 1831366
1836691	[5325]	:	time Target is 1836691
1842591	[5900]	:	Key	71	DOWN	at	1842590 
1843377	[786]	:	Key	71	UP	at	1842749 
1843377	[0]	:	Key	71	DOWN	at	1843340 
1846193	[2816]	:	time Target is 1846193
1846860	[667]	:	Key	71	DOWN	at	1846860 
1851526	[4666]	:	time Target is 1851526
1856840	[5314]	:	Key	71	DOWN	at	1856652 
1859658	[2818]	:	time Target is 1859658
1864974	[5316]	:	Key	71	DOWN	at	1864763 
1867788	[2814]	:	time Target is 1867788
1868586	[798]	:	Key	71	DOWN	at	1868585 
1873170	[4584]	:	time Target is 1873170
1878488	[5318]	:	time Target is 1878488
1878889	[401]	:	Key	71	DOWN	at	1878889 
1883827	[4938]	:	time Target is 1883827
1889152	[5325]	:	time Target is 1889152
1894474	[5322]	:	time Target is 1894474
1899792	[5318]	:	time Target is 1899792
1905112	[5320]	:	time Target is 1905112
1910437	[5325]	:	time Target is 1910437
1910857	[420]	:	Key	71	DOWN	at	1910857 
1915776	[4919]	:	time Target is 1915776
1921087	[5311]	:	Key	71	DOWN	at	1920878 
1923900	[2813]	:	time Target is 1923900
1929221	[5321]	:	time Target is 1929221
1929770	[549]	:	Key	71	DOWN	at	1929770 
1934560	[4790]	:	time Target is 1934560
1939880	[5320]	:	time Target is 1939880
1940809	[929]	:	Key	71	DOWN	at	1940809 
1945214	[4405]	:	time Target is 1945214
1945834	[620]	:	Key	71	DOWN	at	1945834 
1950544	[4710]	:	time Target is 1950544
1955873	[5329]	:	time Target is 1955873
1956237	[364]	:	Key	71	DOWN	at	1956237 
1961217	[4980]	:	time Target is 1961217
1962540	[1323]	:	Key	71	DOWN	at	1962540 
1966557	[4017]	:	time Target is 1966557
1966830	[273]	:	Key	71	DOWN	at	1966829 
1971895	[5065]	:	time Target is 1971895
1977223	[5328]	:	time Target is 1977223
1977738	[515]	:	Key	71	DOWN	at	1977738 
1982556	[4818]	:	time Target is 1982556
1983818	[1262]	:	Key	71	DOWN	at	1983817 
1987880	[4062]	:	time Target is 1987880
1988254	[374]	:	Key	71	DOWN	at	1988254 
1993218	[4964]	:	time Target is 1993218
1998544	[5326]	:	time Target is 1998544
2003873	[5329]	:	time Target is 2003873
2009192	[5319]	:	time Target is 2009192
2009754	[562]	:	Key	71	DOWN	at	2009753 
2014527	[4773]	:	time Target is 2014527
2019852	[5325]	:	time Target is 2019852
2025171	[5319]	:	time Target is 2025171
2030501	[5330]	:	time Target is 2030501
2035825	[5324]	:	time Target is 2035825
2041144	[5319]	:	time Target is 2041144
2041629	[485]	:	Key	71	DOWN	at	2041629 
2046482	[4853]	:	time Target is 2046482
2051806	[5324]	:	time Target is 2051806
2052813	[1007]	:	Key	71	DOWN	at	2052813 
2057143	[4330]	:	time Target is 2057143
2057723	[580]	:	Key	71	DOWN	at	2057723 
2062480	[4757]	:	time Target is 2062480
2063274	[794]	:	Key	71	DOWN	at	2063273 
2067813	[4539]	:	time Target is 2067813
2068509	[696]	:	Key	71	DOWN	at	2068509 
2073150	[4641]	:	time Target is 2073150
2073498	[348]	:	Key	71	DOWN	at	2073498 
2078485	[4987]	:	time Target is 2078485
2079036	[551]	:	Key	71	DOWN	at	2079036 
2083824	[4788]	:	time Target is 2083824
2089152	[5328]	:	time Target is 2089152
2094473	[5321]	:	time Target is 2094473
2099787	[5314]	:	time Target is 2099787
2105124	[5337]	:	time Target is 2105124
2105775	[651]	:	Key	71	DOWN	at	2105774 
2110461	[4686]	:	time Target is 2110461
2110973	[512]	:	Key	71	DOWN	at	2110972 
2115799	[4826]	:	time Target is 2115799
2121124	[5325]	:	time Target is 2121124
2121710	[586]	:	Key	71	DOWN	at	2121709 
2126460	[4750]	:	time Target is 2126460
2131780	[5320]	:	time Target is 2131780
2137101	[5321]	:	time Target is 2137101
2142426	[5325]	:	time Target is 2142426
2142796	[370]	:	Key	71	DOWN	at	2142795 
2147767	[4971]	:	time Target is 2147767
2148185	[418]	:	Key	71	DOWN	at	2148185 
2153106	[4921]	:	time Target is 2153106
2153402	[296]	:	Key	71	DOWN	at	2153401 
2158442	[5040]	:	time Target is 2158442
2163772	[5330]	:	time Target is 2163772
2169092	[5320]	:	time Target is 2169092
2169517	[425]	:	Key	71	DOWN	at	2169517 
2174428	[4911]	:	time Target is 2174428
2179743	[5315]	:	Key	71	DOWN	at	2179677 
2182559	[2816]	:	time Target is 2182559
2182926	[367]	:	Key	71	DOWN	at	2182925 
2187901	[4975]	:	time Target is 2187901
2193222	[5321]	:	time Target is 2193222
2198541	[5319]	:	time Target is 2198541
2198938	[397]	:	Key	71	DOWN	at	2198937 
2203878	[4940]	:	time Target is 2203878
2204346	[468]	:	Key	71	DOWN	at	2204346 
2209220	[4874]	:	time Target is 2209220
2209516	[296]	:	Key	71	DOWN	at	2209515 
2214549	[5033]	:	time Target is 2214549
2219870	[5321]	:	time Target is 2219870
2225193	[5323]	:	time Target is 2225193
2225787	[594]	:	Key	71	DOWN	at	2225787 
2230545	[4758]	:	time Target is 2230545
2231021	[476]	:	Key	71	DOWN	at	2231021 
2235881	[4860]	:	time Target is 2235881
2241202	[5321]	:	time Target is 2241202
2246531	[5329]	:	time Target is 2246531
2251853	[5322]	:	time Target is 2251853
2257176	[5323]	:	time Target is 2257176
2258668	[1492]	:	Key	71	DOWN	at	2258666 
2262518	[3850]	:	time Target is 2262518
2262892	[374]	:	Key	71	DOWN	at	2262892 
2267854	[4962]	:	time Target is 2267854
2268667	[813]	:	Key	71	DOWN	at	2268667 
2273188	[4521]	:	time Target is 2273188
2273534	[346]	:	Key	71	DOWN	at	2273533 
2278528	[4994]	:	time Target is 2278528
2278974	[446]	:	Key	71	DOWN	at	2278974 
2283862	[4888]	:	time Target is 2283862
2289191	[5329]	:	time Target is 2289191
2289977	[786]	:	Key	71	DOWN	at	2289977 
2294521	[4544]	:	time Target is 2294521
2299843	[5322]	:	time Target is 2299843
2300268	[425]	:	Key	71	DOWN	at	2300267 
2305182	[4914]	:	time Target is 2305182
2317086	[11904]	:	Key	71	DOWN	at	2317086 
2317339	[253]	:	Key	71	UP	at	2317338 
2355757	[38418]	:	Key	29	DOWN	at	2355756 
2355951	[194]	:	Key	29	UP	at	2355950 
2363421	[7470]	:	Key	29	DOWN	at	2363420 
2363643	[222]	:	Key	29	UP	at	2363642 
2366490	[2847]	:	Key	28	DOWN	at	2366490 
2366687	[197]	:	Key	28	UP	at	2366686 
2369261	[2574]	:	Key	28	DOWN	at	2369261 
2369371	[110]	:	Key	28	UP	at	2369370 
2372109	[2738]	:	Key	28	DOWN	at	2372108 
2372234	[125]	:	Key	28	UP	at	2372234 
2372941	[707]	:	Key	29	DOWN	at	2372941 
2373099	[158]	:	Key	29	UP	at	2373099 
2377481	[4382]	:	Key	29	DOWN	at	2377481 
2377614	[133]	:	Key	29	UP	at	2377613 
2378893	[1279]	:	Key	28	DOWN	at	2378891 
2379069	[176]	:	Key	28	UP	at	2379068 
2383758	[4689]	:	Key	28	DOWN	at	2383757 
2383915	[157]	:	Key	28	UP	at	2383914 
2384653	[738]	:	Key	28	DOWN	at	2384652 
2384860	[207]	:	Key	28	UP	at	2384859 
2390395	[5535]	:	Key	28	DOWN	at	2390394 
2390556	[161]	:	Key	28	UP	at	2390556 
2390875	[319]	:	Key	29	DOWN	at	2390875 
2391069	[194]	:	Key	29	UP	at	2391069 
2392538	[1469]	:	Key	29	DOWN	at	2392537 
2392716	[178]	:	Key	29	UP	at	2392715 
2393419	[703]	:	Key	28	DOWN	at	2393418 
2393579	[160]	:	Key	28	UP	at	2393578 
2396108	[2529]	:	Key	29	DOWN	at	2396108 
2396266	[158]	:	Key	29	UP	at	2396265 
2396554	[288]	:	Key	29	DOWN	at	2396554 
2396607	[53]	:	COGENT STOP
