Cog2000 log file Mon Aug 26 12:56:53 2019
gprim v1.33 Compiled:Aug 12 2015 (GLib DirectDraw v7 DX12.0 Compiled:Aug 12 2015)
Display:1024x768x32 59.95Hz
CogInput v1.05 Compiled: May 20 2010
0	[0]	:	COGENT START
8575	[8575]	:	Key	71	DOWN	at	8575    
8676	[101]	:	Key	71	UP	at	8675    
26964	[18288]	:	Key	71	DOWN	at	26964   
27060	[96]	:	Key	71	UP	at	27059   
31141	[4081]	:	Key	71	DOWN	at	31140   
31205	[64]	:	Key	71	UP	at	31205   
42499	[11294]	:	Key	71	DOWN	at	42498   
42596	[97]	:	Key	71	UP	at	42595   
57536	[14940]	:	Key	71	DOWN	at	57535   
57618	[82]	:	Key	71	UP	at	57618   
72501	[14883]	:	Key	37	DOWN	at	72499   
72611	[110]	:	Key	37	UP	at	72610   
76223	[3612]	:	Key	71	DOWN	at	76223   
77038	[815]	:	time Target is 77037
77812	[774]	:	Key	71	DOWN	at	77811   
83137	[5325]	:	time Target is 83137
83569	[432]	:	Key	71	DOWN	at	83568   
89227	[5658]	:	time Target is 89226
89781	[554]	:	Key	71	DOWN	at	89780   
95316	[5535]	:	time Target is 95316
95843	[527]	:	Key	71	DOWN	at	95842   
105331	[9488]	:	Key	71	DOWN	at	105331  
106407	[1076]	:	time Target is 106405
112733	[6326]	:	time Target is 112733
119059	[6326]	:	time Target is 119059
125387	[6328]	:	time Target is 125386
144786	[19399]	:	Key	71	DOWN	at	144785  
144880	[94]	:	Key	71	UP	at	144880  
148594	[3714]	:	Key	71	DOWN	at	148594  
148671	[77]	:	Key	71	UP	at	148671  
152947	[4276]	:	Key	71	DOWN	at	152946  
153025	[78]	:	Key	71	UP	at	153024  
161267	[8242]	:	Key	71	DOWN	at	161266  
161347	[80]	:	Key	71	UP	at	161347  
165795	[4448]	:	Key	71	DOWN	at	165795  
166594	[799]	:	Key	71	UP	at	165875  
166618	[24]	:	time Target is 166617
167296	[678]	:	Key	71	DOWN	at	167296  
171705	[4409]	:	time Target is 171705
172580	[875]	:	Key	71	DOWN	at	172580  
176802	[4222]	:	time Target is 176802
177316	[514]	:	Key	71	DOWN	at	177315  
181896	[4580]	:	time Target is 181896
183203	[1307]	:	Key	71	DOWN	at	183202  
186987	[3784]	:	time Target is 186987
187540	[553]	:	Key	71	DOWN	at	187539  
191290	[3750]	:	Key	71	UP	at	187600  
194050	[2760]	:	Key	71	DOWN	at	194050  
194836	[786]	:	Key	71	UP	at	194175  
194860	[24]	:	time Target is 194860
207220	[12360]	:	Key	71	DOWN	at	207220  
207314	[94]	:	Key	71	UP	at	207314  
210517	[3203]	:	Key	71	DOWN	at	210516  
211308	[791]	:	Key	71	UP	at	210640  
211330	[22]	:	time Target is 211330
216402	[5072]	:	time Target is 216402
221476	[5074]	:	time Target is 221476
226550	[5074]	:	time Target is 226550
231619	[5069]	:	time Target is 231619
236695	[5076]	:	time Target is 236695
243028	[6333]	:	Key	71	DOWN	at	243027  
243818	[790]	:	Key	71	UP	at	243156  
243840	[22]	:	time Target is 243840
244356	[516]	:	Key	71	DOWN	at	244355  
248126	[3770]	:	Key	71	UP	at	244480  
256321	[8195]	:	Key	71	DOWN	at	256319  
256468	[147]	:	Key	71	UP	at	256468  
257461	[993]	:	Key	71	DOWN	at	257459  
258250	[789]	:	Key	71	UP	at	257584  
258274	[24]	:	time Target is 258274
258866	[592]	:	Key	71	DOWN	at	258865  
263364	[4498]	:	time Target is 263364
268434	[5070]	:	time Target is 268434
269825	[1391]	:	Key	71	DOWN	at	269825  
273520	[3695]	:	time Target is 273520
274051	[531]	:	Key	71	DOWN	at	274050  
277817	[3766]	:	Key	71	UP	at	274145  
285828	[8011]	:	Key	71	DOWN	at	285828  
285922	[94]	:	Key	71	UP	at	285921  
287664	[1742]	:	Key	71	DOWN	at	287663  
288454	[790]	:	Key	71	UP	at	287794  
288470	[16]	:	time Target is 288470
289008	[538]	:	Key	71	DOWN	at	289008  
293564	[4556]	:	time Target is 293564
298636	[5072]	:	time Target is 298635
303707	[5071]	:	time Target is 303707
316770	[13063]	:	Key	71	DOWN	at	316770  
316915	[145]	:	Key	71	UP	at	316915  
332722	[15807]	:	Key	71	DOWN	at	332722  
332866	[144]	:	Key	71	UP	at	332866  
348021	[15155]	:	Key	71	DOWN	at	348020  
348133	[112]	:	Key	71	UP	at	348132  
360144	[12011]	:	Key	71	DOWN	at	360143  
360323	[179]	:	Key	71	UP	at	360322  
368576	[8253]	:	Key	71	DOWN	at	368576  
371135	[2559]	:	time Target is 371135
371600	[465]	:	Key	71	DOWN	at	371599  
376466	[4866]	:	time Target is 376466
381790	[5324]	:	time Target is 381790
387117	[5327]	:	time Target is 387117
387685	[568]	:	Key	71	DOWN	at	387684  
392452	[4767]	:	time Target is 392452
397765	[5313]	:	Key	71	DOWN	at	397727  
400575	[2810]	:	Key	71	DOWN	at	400434  
400575	[0]	:	Key	71	UP	at	400514  
403387	[2812]	:	time Target is 403387
404001	[614]	:	Key	71	DOWN	at	404000  
408730	[4729]	:	time Target is 408730
414051	[5321]	:	time Target is 414051
414545	[494]	:	Key	71	DOWN	at	414545  
419388	[4843]	:	time Target is 419388
419903	[515]	:	Key	71	DOWN	at	419903  
424760	[4857]	:	time Target is 424760
425668	[908]	:	Key	71	DOWN	at	425667  
430100	[4432]	:	time Target is 430100
435446	[5346]	:	time Target is 435446
440770	[5324]	:	time Target is 440770
441489	[719]	:	Key	71	DOWN	at	441488  
446114	[4625]	:	time Target is 446114
451437	[5323]	:	time Target is 451437
456757	[5320]	:	time Target is 456757
462078	[5321]	:	time Target is 462078
467400	[5322]	:	time Target is 467400
472726	[5326]	:	time Target is 472726
478046	[5320]	:	time Target is 478046
483369	[5323]	:	time Target is 483369
488693	[5324]	:	time Target is 488693
494017	[5324]	:	time Target is 494017
499339	[5322]	:	time Target is 499339
499876	[537]	:	Key	71	DOWN	at	499875  
504677	[4801]	:	time Target is 504677
510001	[5324]	:	time Target is 510001
515323	[5322]	:	time Target is 515323
516130	[807]	:	Key	71	DOWN	at	516129  
520659	[4529]	:	time Target is 520659
525981	[5322]	:	time Target is 525981
531299	[5318]	:	time Target is 531299
536621	[5322]	:	time Target is 536621
537104	[483]	:	Key	71	DOWN	at	537103  
541961	[4857]	:	time Target is 541961
547283	[5322]	:	time Target is 547283
548292	[1009]	:	Key	71	DOWN	at	548292  
552614	[4322]	:	time Target is 552614
553107	[493]	:	Key	71	DOWN	at	553106  
557951	[4844]	:	time Target is 557951
563271	[5320]	:	time Target is 563271
568601	[5330]	:	time Target is 568601
573920	[5319]	:	time Target is 573920
579241	[5321]	:	time Target is 579241
579701	[460]	:	Key	71	DOWN	at	579701  
584577	[4876]	:	time Target is 584577
585488	[911]	:	Key	71	DOWN	at	585488  
589910	[4422]	:	time Target is 589910
590415	[505]	:	Key	71	DOWN	at	590415  
595246	[4831]	:	time Target is 595246
595650	[404]	:	Key	71	DOWN	at	595650  
600612	[4962]	:	time Target is 600612
600992	[380]	:	Key	71	DOWN	at	600992  
605952	[4960]	:	time Target is 605952
611276	[5324]	:	time Target is 611276
616596	[5320]	:	time Target is 616596
621917	[5321]	:	time Target is 621917
627238	[5321]	:	time Target is 627238
632565	[5327]	:	time Target is 632565
637884	[5319]	:	time Target is 637884
643212	[5328]	:	time Target is 643212
648533	[5321]	:	time Target is 648533
653855	[5322]	:	time Target is 653855
654579	[724]	:	Key	71	DOWN	at	654579  
659210	[4631]	:	time Target is 659210
664541	[5331]	:	time Target is 664541
669859	[5318]	:	time Target is 669859
675184	[5325]	:	time Target is 675184
680502	[5318]	:	time Target is 680502
680916	[414]	:	Key	71	DOWN	at	680916  
685831	[4915]	:	time Target is 685831
691171	[5340]	:	time Target is 691171
696232	[5061]	:	Key	71	DOWN	at	696113  
696233	[1]	:	Key	71	UP	at	696163  
699052	[2819]	:	time Target is 699052
704373	[5321]	:	time Target is 704373
709696	[5323]	:	time Target is 709696
715018	[5322]	:	time Target is 715018
715777	[759]	:	Key	71	DOWN	at	715777  
720372	[4595]	:	time Target is 720372
720884	[512]	:	Key	71	DOWN	at	720883  
725710	[4826]	:	time Target is 725710
731016	[5306]	:	time Target is 731016
736327	[5311]	:	time Target is 736327
741644	[5317]	:	time Target is 741644
742165	[521]	:	Key	71	DOWN	at	742164  
746965	[4800]	:	time Target is 746965
752276	[5311]	:	time Target is 752276
757593	[5317]	:	time Target is 757593
762902	[5309]	:	time Target is 762902
768210	[5308]	:	time Target is 768210
773517	[5307]	:	time Target is 773517
778821	[5304]	:	time Target is 778821
779314	[493]	:	Key	71	DOWN	at	779314  
784140	[4826]	:	time Target is 784140
784642	[502]	:	Key	71	DOWN	at	784642  
789479	[4837]	:	time Target is 789479
789957	[478]	:	Key	71	DOWN	at	789956  
794816	[4859]	:	time Target is 794816
800138	[5322]	:	time Target is 800138
805460	[5322]	:	time Target is 805460
806001	[541]	:	Key	71	DOWN	at	806001  
810793	[4792]	:	time Target is 810793
816132	[5339]	:	time Target is 816132
816610	[478]	:	Key	71	DOWN	at	816609  
821473	[4863]	:	time Target is 821473
826794	[5321]	:	time Target is 826794
832113	[5319]	:	time Target is 832113
837437	[5324]	:	time Target is 837437
845457	[8020]	:	Key	71	DOWN	at	845457  
846247	[790]	:	Key	71	UP	at	845604  
846515	[268]	:	time Target is 846515
847009	[494]	:	Key	71	DOWN	at	847008  
851856	[4847]	:	time Target is 851856
857181	[5325]	:	time Target is 857181
857569	[388]	:	Key	71	DOWN	at	857568  
862517	[4948]	:	time Target is 862517
867838	[5321]	:	time Target is 867838
872902	[5064]	:	Key	71	DOWN	at	872608  
872903	[1]	:	Key	71	UP	at	872754  
875714	[2811]	:	time Target is 875714
876257	[543]	:	Key	71	DOWN	at	876257  
881050	[4793]	:	time Target is 881050
886376	[5326]	:	time Target is 886376
891700	[5324]	:	time Target is 891700
897021	[5321]	:	time Target is 897021
902344	[5323]	:	time Target is 902344
907668	[5324]	:	time Target is 907668
912992	[5324]	:	time Target is 912992
918313	[5321]	:	time Target is 918313
923630	[5317]	:	time Target is 923630
928953	[5323]	:	time Target is 928953
934274	[5321]	:	time Target is 934274
939594	[5320]	:	time Target is 939594
944915	[5321]	:	time Target is 944915
950238	[5323]	:	time Target is 950238
955560	[5322]	:	time Target is 955560
956287	[727]	:	Key	71	DOWN	at	956287  
960911	[4624]	:	time Target is 960911
961345	[434]	:	Key	71	DOWN	at	961345  
966242	[4897]	:	time Target is 966242
971566	[5324]	:	time Target is 971566
976886	[5320]	:	time Target is 976886
982209	[5323]	:	time Target is 982209
987555	[5346]	:	time Target is 987555
992881	[5326]	:	time Target is 992881
993378	[497]	:	Key	71	DOWN	at	993378  
998216	[4838]	:	time Target is 998216
1003532	[5316]	:	time Target is 1003532
1008851	[5319]	:	time Target is 1008851
1009344	[493]	:	Key	71	DOWN	at	1009344 
1014185	[4841]	:	time Target is 1014185
1019507	[5322]	:	time Target is 1019507
1024829	[5322]	:	time Target is 1024829
1025742	[913]	:	Key	71	DOWN	at	1025742 
1030167	[4425]	:	time Target is 1030167
1030816	[649]	:	Key	71	DOWN	at	1030816 
1035508	[4692]	:	time Target is 1035508
1035925	[417]	:	Key	71	DOWN	at	1035923 
1040844	[4919]	:	time Target is 1040844
1046165	[5321]	:	time Target is 1046165
1051487	[5322]	:	time Target is 1051487
1056808	[5321]	:	time Target is 1056808
1057682	[874]	:	Key	71	DOWN	at	1057682 
1062147	[4465]	:	time Target is 1062147
1067470	[5323]	:	time Target is 1067470
1072793	[5323]	:	time Target is 1072793
1078112	[5319]	:	time Target is 1078112
1083435	[5323]	:	time Target is 1083435
1084051	[616]	:	Key	71	DOWN	at	1084051 
1088777	[4726]	:	time Target is 1088777
1094100	[5323]	:	time Target is 1094100
1099420	[5320]	:	time Target is 1099420
1104744	[5324]	:	time Target is 1104744
1110068	[5324]	:	time Target is 1110068
1115389	[5321]	:	time Target is 1115389
1120712	[5323]	:	time Target is 1120712
1126032	[5320]	:	time Target is 1126032
1131355	[5323]	:	time Target is 1131355
1136675	[5320]	:	time Target is 1136675
1141999	[5324]	:	time Target is 1141999
1147323	[5324]	:	time Target is 1147323
1152648	[5325]	:	time Target is 1152648
1153219	[571]	:	Key	71	DOWN	at	1153218 
1157987	[4768]	:	time Target is 1157987
1163313	[5326]	:	time Target is 1163313
1168633	[5320]	:	time Target is 1168633
1169153	[520]	:	Key	71	DOWN	at	1169153 
1173972	[4819]	:	time Target is 1173972
1179295	[5323]	:	time Target is 1179295
1179855	[560]	:	Key	71	DOWN	at	1179855 
1184625	[4770]	:	time Target is 1184625
1189952	[5327]	:	time Target is 1189952
1195284	[5332]	:	time Target is 1195284
1200608	[5324]	:	time Target is 1200608
1205931	[5323]	:	time Target is 1205931
1206511	[580]	:	Key	71	DOWN	at	1206511 
1211270	[4759]	:	time Target is 1211270
1216593	[5323]	:	time Target is 1216593
1221922	[5329]	:	time Target is 1221922
1222337	[415]	:	Key	71	DOWN	at	1222336 
1227262	[4925]	:	time Target is 1227262
1227651	[389]	:	Key	71	DOWN	at	1227651 
1232600	[4949]	:	time Target is 1232600
1233266	[666]	:	Key	71	DOWN	at	1233264 
1237933	[4667]	:	time Target is 1237933
1243256	[5323]	:	time Target is 1243256
1248578	[5322]	:	time Target is 1248578
1253907	[5329]	:	time Target is 1253907
1259227	[5320]	:	time Target is 1259227
1264561	[5334]	:	time Target is 1264561
1269885	[5324]	:	time Target is 1269885
1275235	[5350]	:	time Target is 1275235
1280558	[5323]	:	time Target is 1280558
1285879	[5321]	:	time Target is 1285879
1286592	[713]	:	Key	71	DOWN	at	1286592 
1291221	[4629]	:	time Target is 1291221
1296540	[5319]	:	time Target is 1296540
1301863	[5323]	:	time Target is 1301863
1302289	[426]	:	Key	71	DOWN	at	1302289 
1307201	[4912]	:	time Target is 1307201
1312526	[5325]	:	time Target is 1312526
1317842	[5316]	:	time Target is 1317842
1325521	[7679]	:	Key	71	DOWN	at	1325521 
1325650	[129]	:	Key	71	UP	at	1325650 
1328448	[2798]	:	Key	71	DOWN	at	1328448 
1329238	[790]	:	Key	71	UP	at	1328592 
1329506	[268]	:	time Target is 1329506
1330144	[638]	:	Key	71	DOWN	at	1330143 
1334843	[4699]	:	time Target is 1334843
1335347	[504]	:	Key	71	DOWN	at	1335347 
1340174	[4827]	:	Key	71	DOWN	at	1340115 
1342986	[2812]	:	time Target is 1342986
1343360	[374]	:	Key	71	DOWN	at	1343360 
1348325	[4965]	:	time Target is 1348325
1348900	[575]	:	Key	71	DOWN	at	1348900 
1353668	[4768]	:	time Target is 1353668
1358996	[5328]	:	time Target is 1358996
1359394	[398]	:	Key	71	DOWN	at	1359394 
1364335	[4941]	:	time Target is 1364335
1369662	[5327]	:	time Target is 1369662
1370305	[643]	:	Key	71	DOWN	at	1370304 
1374998	[4693]	:	time Target is 1374998
1375424	[426]	:	Key	71	DOWN	at	1375423 
1380336	[4912]	:	time Target is 1380336
1381139	[803]	:	Key	71	DOWN	at	1381139 
1385670	[4531]	:	time Target is 1385670
1386164	[494]	:	Key	71	DOWN	at	1386163 
1391011	[4847]	:	time Target is 1391011
1391539	[528]	:	Key	71	DOWN	at	1391539 
1396353	[4814]	:	time Target is 1396353
1401678	[5325]	:	time Target is 1401678
1406996	[5318]	:	time Target is 1406996
1407776	[780]	:	Key	71	DOWN	at	1407776 
1412337	[4561]	:	time Target is 1412337
1417660	[5323]	:	time Target is 1417660
1422981	[5321]	:	time Target is 1422981
1423488	[507]	:	Key	71	DOWN	at	1423488 
1428319	[4831]	:	time Target is 1428319
1428818	[499]	:	Key	71	DOWN	at	1428817 
1433659	[4841]	:	time Target is 1433659
1434128	[469]	:	Key	71	DOWN	at	1434128 
1438990	[4862]	:	time Target is 1438990
1439504	[514]	:	Key	71	DOWN	at	1439504 
1444328	[4824]	:	time Target is 1444328
1449649	[5321]	:	time Target is 1449649
1450194	[545]	:	Key	71	DOWN	at	1450194 
1454975	[4781]	:	time Target is 1454975
1455473	[498]	:	Key	71	DOWN	at	1455472 
1460321	[4848]	:	time Target is 1460321
1461264	[943]	:	Key	71	DOWN	at	1461264 
1465657	[4393]	:	time Target is 1465657
1466083	[426]	:	Key	71	DOWN	at	1466083 
1470994	[4911]	:	time Target is 1470994
1471409	[415]	:	Key	71	DOWN	at	1471408 
1476348	[4939]	:	time Target is 1476348
1481701	[5353]	:	time Target is 1481701
1487022	[5321]	:	time Target is 1487022
1487474	[452]	:	Key	71	DOWN	at	1487474 
1492361	[4887]	:	time Target is 1492361
1492930	[569]	:	Key	71	DOWN	at	1492929 
1497728	[4798]	:	time Target is 1497728
1498114	[386]	:	Key	71	DOWN	at	1498114 
1503061	[4947]	:	time Target is 1503061
1503393	[332]	:	Key	71	DOWN	at	1503393 
1508396	[5003]	:	time Target is 1508396
1513720	[5324]	:	time Target is 1513720
1514111	[391]	:	Key	71	DOWN	at	1514111 
1519063	[4952]	:	time Target is 1519063
1519439	[376]	:	Key	71	DOWN	at	1519439 
1524406	[4967]	:	time Target is 1524406
1524770	[364]	:	Key	71	DOWN	at	1524770 
1529746	[4976]	:	time Target is 1529746
1530322	[576]	:	Key	71	DOWN	at	1530321 
1535082	[4760]	:	time Target is 1535082
1535555	[473]	:	Key	71	DOWN	at	1535555 
1540420	[4865]	:	time Target is 1540420
1541056	[636]	:	Key	71	DOWN	at	1541056 
1545757	[4701]	:	time Target is 1545757
1546275	[518]	:	Key	71	DOWN	at	1546275 
1551096	[4821]	:	time Target is 1551096
1551491	[395]	:	Key	71	DOWN	at	1551491 
1556434	[4943]	:	time Target is 1556434
1556960	[526]	:	Key	71	DOWN	at	1556960 
1561777	[4817]	:	time Target is 1561777
1567095	[5318]	:	time Target is 1567095
1567520	[425]	:	Key	71	DOWN	at	1567520 
1572435	[4915]	:	time Target is 1572435
1577760	[5325]	:	time Target is 1577760
1578192	[432]	:	Key	71	DOWN	at	1578191 
1583095	[4903]	:	time Target is 1583095
1583539	[444]	:	Key	71	DOWN	at	1583538 
1588434	[4895]	:	time Target is 1588434
1588784	[350]	:	Key	71	DOWN	at	1588784 
1593770	[4986]	:	time Target is 1593770
1594130	[360]	:	Key	71	DOWN	at	1594130 
1599105	[4975]	:	time Target is 1599105
1599571	[466]	:	Key	71	DOWN	at	1599570 
1604443	[4872]	:	time Target is 1604443
1604835	[392]	:	Key	71	DOWN	at	1604835 
1609777	[4942]	:	time Target is 1609777
1610097	[320]	:	Key	71	DOWN	at	1610097 
1615112	[5015]	:	time Target is 1615112
1615537	[425]	:	Key	71	DOWN	at	1615537 
1620450	[4913]	:	time Target is 1620450
1620867	[417]	:	Key	71	DOWN	at	1620867 
1625785	[4918]	:	time Target is 1625785
1626178	[393]	:	Key	71	DOWN	at	1626178 
1631124	[4946]	:	time Target is 1631124
1631492	[368]	:	Key	71	DOWN	at	1631492 
1636454	[4962]	:	time Target is 1636454
1636772	[318]	:	Key	71	DOWN	at	1636771 
1641795	[5023]	:	time Target is 1641795
1642356	[561]	:	Key	71	DOWN	at	1642355 
1647136	[4780]	:	time Target is 1647136
1647571	[435]	:	Key	71	DOWN	at	1647571 
1652477	[4906]	:	time Target is 1652477
1653105	[628]	:	Key	71	DOWN	at	1653104 
1657819	[4714]	:	time Target is 1657819
1658242	[423]	:	Key	71	DOWN	at	1658241 
1663157	[4915]	:	time Target is 1663157
1663505	[348]	:	Key	71	DOWN	at	1663505 
1668491	[4986]	:	time Target is 1668491
1668897	[406]	:	Key	71	DOWN	at	1668897 
1673830	[4933]	:	time Target is 1673830
1674596	[766]	:	Key	71	DOWN	at	1674596 
1679167	[4571]	:	time Target is 1679167
1679504	[337]	:	Key	71	DOWN	at	1679503 
1684509	[5005]	:	time Target is 1684509
1684849	[340]	:	Key	71	DOWN	at	1684849 
1689854	[5005]	:	time Target is 1689854
1690367	[513]	:	Key	71	DOWN	at	1690367 
1695191	[4824]	:	time Target is 1695191
1696161	[970]	:	Key	71	DOWN	at	1696160 
1700532	[4371]	:	time Target is 1700532
1701808	[1276]	:	Key	71	DOWN	at	1701808 
1705872	[4064]	:	time Target is 1705872
1711196	[5324]	:	time Target is 1711196
1716513	[5317]	:	time Target is 1716513
1721835	[5322]	:	time Target is 1721835
1727156	[5321]	:	time Target is 1727156
1727679	[523]	:	Key	71	DOWN	at	1727679 
1732491	[4812]	:	time Target is 1732491
1732992	[501]	:	Key	71	DOWN	at	1732991 
1737831	[4839]	:	time Target is 1737831
1738576	[745]	:	Key	71	DOWN	at	1738575 
1743169	[4593]	:	time Target is 1743169
1743649	[480]	:	Key	71	DOWN	at	1743648 
1748512	[4863]	:	time Target is 1748512
1748850	[338]	:	Key	71	DOWN	at	1748850 
1753845	[4995]	:	time Target is 1753845
1759166	[5321]	:	time Target is 1759166
1759999	[833]	:	Key	71	DOWN	at	1759999 
1764501	[4502]	:	time Target is 1764501
1765025	[524]	:	Key	71	DOWN	at	1765024 
1769839	[4814]	:	time Target is 1769839
1770192	[353]	:	Key	71	DOWN	at	1770192 
1775177	[4985]	:	time Target is 1775177
1780501	[5324]	:	time Target is 1780501
1785859	[5358]	:	time Target is 1785859
1786209	[350]	:	Key	71	DOWN	at	1786208 
1791193	[4984]	:	time Target is 1791193
1791572	[379]	:	Key	71	DOWN	at	1791572 
1796524	[4952]	:	time Target is 1796524
1801848	[5324]	:	time Target is 1801848
1809042	[7194]	:	Key	71	DOWN	at	1809041 
1809831	[789]	:	Key	71	UP	at	1809154 
1810101	[270]	:	time Target is 1810101
1810626	[525]	:	Key	71	DOWN	at	1810626 
1815435	[4809]	:	time Target is 1815435
1816049	[614]	:	Key	71	DOWN	at	1816048 
1820792	[4743]	:	time Target is 1820792
1821265	[473]	:	Key	71	DOWN	at	1821265 
1826132	[4867]	:	time Target is 1826132
1826465	[333]	:	Key	71	DOWN	at	1826464 
1831465	[5000]	:	time Target is 1831465
1831924	[459]	:	Key	71	DOWN	at	1831924 
1836802	[4878]	:	time Target is 1836802
1837187	[385]	:	Key	71	DOWN	at	1837187 
1842139	[4952]	:	time Target is 1842139
1842577	[438]	:	Key	71	DOWN	at	1842577 
1847475	[4898]	:	time Target is 1847475
1847971	[496]	:	Key	71	DOWN	at	1847971 
1852811	[4840]	:	time Target is 1852811
1853299	[488]	:	Key	71	DOWN	at	1853298 
1858146	[4847]	:	time Target is 1858146
1858611	[465]	:	Key	71	DOWN	at	1858611 
1863480	[4869]	:	time Target is 1863480
1868802	[5322]	:	time Target is 1868802
1874119	[5317]	:	time Target is 1874119
1874674	[555]	:	Key	71	DOWN	at	1874674 
1879459	[4785]	:	time Target is 1879459
1880032	[573]	:	Key	71	DOWN	at	1880032 
1884791	[4759]	:	time Target is 1884791
1885395	[604]	:	Key	71	DOWN	at	1885395 
1890125	[4730]	:	time Target is 1890125
1890643	[518]	:	Key	71	DOWN	at	1890643 
1895459	[4816]	:	time Target is 1895459
1896561	[1102]	:	Key	71	DOWN	at	1896560 
1900795	[4234]	:	time Target is 1900795
1901183	[388]	:	Key	71	DOWN	at	1901183 
1906130	[4947]	:	time Target is 1906130
1906592	[462]	:	Key	71	DOWN	at	1906592 
1911465	[4873]	:	time Target is 1911465
1911937	[472]	:	Key	71	DOWN	at	1911937 
1916799	[4862]	:	time Target is 1916799
1917236	[437]	:	Key	71	DOWN	at	1917236 
1922131	[4895]	:	time Target is 1922131
1922514	[383]	:	Key	71	DOWN	at	1922513 
1927471	[4957]	:	time Target is 1927471
1932794	[5323]	:	time Target is 1932794
1933231	[437]	:	Key	71	DOWN	at	1933231 
1938126	[4895]	:	time Target is 1938126
1938591	[465]	:	Key	71	DOWN	at	1938591 
1943465	[4874]	:	time Target is 1943465
1948790	[5325]	:	time Target is 1948790
1949187	[397]	:	Key	71	DOWN	at	1949186 
1954131	[4944]	:	time Target is 1954131
1959454	[5323]	:	time Target is 1959454
1960162	[708]	:	Key	71	DOWN	at	1960161 
1964789	[4627]	:	time Target is 1964789
1965459	[670]	:	Key	71	DOWN	at	1965458 
1970125	[4666]	:	time Target is 1970125
1971172	[1047]	:	Key	71	DOWN	at	1971171 
1975465	[4293]	:	time Target is 1975465
1980787	[5322]	:	time Target is 1980787
1981189	[402]	:	Key	71	DOWN	at	1981188 
1986120	[4931]	:	time Target is 1986120
1986863	[743]	:	Key	71	DOWN	at	1986863 
1991456	[4593]	:	time Target is 1991456
1996778	[5322]	:	time Target is 1996778
1997540	[762]	:	Key	71	DOWN	at	1997540 
2002120	[4580]	:	time Target is 2002120
2002451	[331]	:	Key	71	DOWN	at	2002451 
2007456	[5005]	:	time Target is 2007456
2012778	[5322]	:	time Target is 2012778
2013220	[442]	:	Key	71	DOWN	at	2013219 
2018116	[4896]	:	time Target is 2018116
2018772	[656]	:	Key	71	DOWN	at	2018772 
2023457	[4685]	:	time Target is 2023457
2028783	[5326]	:	time Target is 2028783
2034104	[5321]	:	time Target is 2034104
2034723	[619]	:	Key	71	DOWN	at	2034723 
2039440	[4717]	:	time Target is 2039440
2039794	[354]	:	Key	71	DOWN	at	2039793 
2044776	[4982]	:	time Target is 2044776
2045074	[298]	:	Key	71	DOWN	at	2045073 
2050114	[5040]	:	time Target is 2050114
2050737	[623]	:	Key	71	DOWN	at	2050735 
2055453	[4716]	:	time Target is 2055453
2056128	[675]	:	Key	71	DOWN	at	2056127 
2060791	[4663]	:	time Target is 2060791
2061203	[412]	:	Key	71	DOWN	at	2061202 
2066127	[4924]	:	time Target is 2066127
2066514	[387]	:	Key	71	DOWN	at	2066514 
2071489	[4975]	:	time Target is 2071489
2071809	[320]	:	Key	71	DOWN	at	2071809 
2076821	[5012]	:	time Target is 2076821
2077505	[684]	:	Key	71	DOWN	at	2077504 
2082176	[4671]	:	time Target is 2082176
2082579	[403]	:	Key	71	DOWN	at	2082578 
2087543	[4964]	:	time Target is 2087543
2088578	[1035]	:	Key	71	DOWN	at	2088577 
2092876	[4298]	:	time Target is 2092876
2093393	[517]	:	Key	71	DOWN	at	2093393 
2098210	[4817]	:	Key	71	DOWN	at	2097956 
2098210	[0]	:	Key	71	UP	at	2098051 
2101024	[2814]	:	time Target is 2101024
2102178	[1154]	:	Key	71	DOWN	at	2102177 
2106350	[4172]	:	time Target is 2106350
2111672	[5322]	:	time Target is 2111672
2112160	[488]	:	Key	71	DOWN	at	2112160 
2117011	[4851]	:	time Target is 2117011
2117586	[575]	:	Key	71	DOWN	at	2117586 
2122344	[4758]	:	time Target is 2122344
2123506	[1162]	:	Key	71	DOWN	at	2123506 
2127682	[4176]	:	time Target is 2127682
2128272	[590]	:	Key	71	DOWN	at	2128272 
2133015	[4743]	:	time Target is 2133015
2133585	[570]	:	Key	71	DOWN	at	2133585 
2138351	[4766]	:	time Target is 2138351
2138786	[435]	:	Key	71	DOWN	at	2138786 
2143685	[4899]	:	time Target is 2143685
2144769	[1084]	:	Key	71	DOWN	at	2144769 
2149022	[4253]	:	time Target is 2149022
2149473	[451]	:	Key	71	DOWN	at	2149473 
2154355	[4882]	:	time Target is 2154355
2155072	[717]	:	Key	71	DOWN	at	2155072 
2159688	[4616]	:	time Target is 2159688
2165009	[5321]	:	time Target is 2165009
2165680	[671]	:	Key	71	DOWN	at	2165680 
2170349	[4669]	:	time Target is 2170349
2170708	[359]	:	Key	71	DOWN	at	2170707 
2175688	[4980]	:	time Target is 2175688
2176127	[439]	:	Key	71	DOWN	at	2176127 
2181021	[4894]	:	time Target is 2181021
2186342	[5321]	:	time Target is 2186342
2191666	[5324]	:	time Target is 2191666
2192401	[735]	:	Key	71	DOWN	at	2192400 
2197010	[4609]	:	time Target is 2197010
2198081	[1071]	:	Key	71	DOWN	at	2198081 
2202348	[4267]	:	time Target is 2202348
2203472	[1124]	:	Key	71	DOWN	at	2203472 
2207682	[4210]	:	time Target is 2207682
2213009	[5327]	:	time Target is 2213009
2213568	[559]	:	Key	71	DOWN	at	2213567 
2218353	[4785]	:	time Target is 2218353
2218723	[370]	:	Key	71	DOWN	at	2218722 
2223685	[4962]	:	time Target is 2223685
2229004	[5319]	:	time Target is 2229004
2234323	[5319]	:	time Target is 2234323
2235585	[1262]	:	Key	71	DOWN	at	2235585 
2239659	[4074]	:	time Target is 2239659
2244984	[5325]	:	time Target is 2244984
2245440	[456]	:	Key	71	DOWN	at	2245440 
2250324	[4884]	:	time Target is 2250324
2251119	[795]	:	Key	71	DOWN	at	2251119 
2255650	[4531]	:	time Target is 2255650
2256350	[700]	:	Key	71	DOWN	at	2256350 
2261000	[4650]	:	time Target is 2261000
2261636	[636]	:	Key	71	DOWN	at	2261635 
2266341	[4705]	:	time Target is 2266341
2266755	[414]	:	Key	71	DOWN	at	2266755 
2271672	[4917]	:	time Target is 2271672
2276996	[5324]	:	time Target is 2276996
2277747	[751]	:	Key	71	DOWN	at	2277746 
2282335	[4588]	:	time Target is 2282335
2292913	[10578]	:	Key	71	DOWN	at	2292913 
2292976	[63]	:	Key	71	UP	at	2292976 
2300752	[7776]	:	Key	29	DOWN	at	2300752 
2300928	[176]	:	Key	29	UP	at	2300928 
2304209	[3281]	:	Key	29	DOWN	at	2304209 
2304320	[111]	:	Key	29	UP	at	2304320 
2306608	[2288]	:	Key	28	DOWN	at	2306608 
2306769	[161]	:	Key	28	UP	at	2306769 
2307763	[994]	:	Key	28	DOWN	at	2307763 
2307859	[96]	:	Key	28	UP	at	2307858 
2312723	[4864]	:	Key	28	DOWN	at	2312722 
2312883	[160]	:	Key	28	UP	at	2312882 
2314356	[1473]	:	Key	28	DOWN	at	2314355 
2314498	[142]	:	Key	28	UP	at	2314498 
2316962	[2464]	:	Key	28	DOWN	at	2316961 
2317104	[142]	:	Key	28	UP	at	2317104 
2317601	[497]	:	Key	28	DOWN	at	2317601 
2317711	[110]	:	Key	28	UP	at	2317711 
2325073	[7362]	:	Key	29	DOWN	at	2325073 
2325200	[127]	:	Key	29	UP	at	2325199 
2326689	[1489]	:	Key	29	DOWN	at	2326688 
2326864	[175]	:	Key	29	UP	at	2326863 
2328129	[1265]	:	Key	28	DOWN	at	2328128 
2328255	[126]	:	Key	28	UP	at	2328255 
2328911	[656]	:	Key	28	DOWN	at	2328911 
2329058	[147]	:	Key	28	UP	at	2329058 
2330736	[1678]	:	Key	28	DOWN	at	2330735 
2330869	[133]	:	Key	28	UP	at	2330868 
2331315	[446]	:	Key	28	DOWN	at	2331314 
2331445	[130]	:	Key	28	UP	at	2331444 
2333794	[2349]	:	Key	29	DOWN	at	2333794 
2333920	[126]	:	Key	29	UP	at	2333919 
2334752	[832]	:	Key	29	DOWN	at	2334752 
2334767	[15]	:	COGENT STOP
