Cog2000 log file Wed Aug 28 11:36:00 2019
gprim v1.33 Compiled:Aug 12 2015 (GLib DirectDraw v7 DX12.0 Compiled:Aug 12 2015)
Display:1024x768x32 59.95Hz
Attaching C:\Program Files\Cogent2000v1.33\Toolbox\CogInput.mexw64
CogInput v1.05 Compiled: May 20 2010
6	[6]	:	COGENT START
7098	[7092]	:	Key	71	DOWN	at	7093    
7206	[108]	:	Key	71	UP	at	7205    
31193	[23987]	:	Key	71	DOWN	at	31192   
31307	[114]	:	Key	71	UP	at	31304   
35576	[4269]	:	Key	71	DOWN	at	35573   
35655	[79]	:	Key	71	UP	at	35654   
45780	[10125]	:	Key	71	DOWN	at	45780   
45847	[67]	:	Key	71	UP	at	45847   
60280	[14433]	:	Key	71	DOWN	at	60279   
60406	[126]	:	Key	71	UP	at	60405   
78388	[17982]	:	Key	71	DOWN	at	78388   
79317	[929]	:	time Target is 79278
79717	[400]	:	Key	71	DOWN	at	79716   
85405	[5688]	:	time Target is 85404
85960	[555]	:	Key	71	DOWN	at	85960   
91499	[5539]	:	time Target is 91497
92198	[699]	:	Key	71	DOWN	at	92198   
97597	[5399]	:	time Target is 97596
97957	[360]	:	Key	71	DOWN	at	97957   
107560	[9603]	:	Key	71	DOWN	at	107560  
108632	[1072]	:	time Target is 108627
114966	[6334]	:	time Target is 114965
121295	[6329]	:	time Target is 121295
127636	[6341]	:	time Target is 127635
146629	[18993]	:	Key	71	DOWN	at	146628  
146727	[98]	:	Key	71	UP	at	146727  
150581	[3854]	:	Key	71	DOWN	at	150581  
150758	[177]	:	Key	71	UP	at	150757  
155173	[4415]	:	Key	71	DOWN	at	155172  
155273	[100]	:	Key	71	UP	at	155272  
163751	[8478]	:	Key	71	DOWN	at	163751  
163894	[143]	:	Key	71	UP	at	163894  
168133	[4239]	:	Key	71	DOWN	at	168133  
168957	[824]	:	Key	71	UP	at	168232  
168984	[27]	:	time Target is 168984
169416	[432]	:	Key	71	DOWN	at	169415  
174084	[4668]	:	time Target is 174084
174773	[689]	:	Key	71	DOWN	at	174773  
179185	[4412]	:	time Target is 179185
179589	[404]	:	Key	71	DOWN	at	179588  
184261	[4672]	:	Key	71	DOWN	at	184216  
186850	[2589]	:	time Target is 186850
187354	[504]	:	Key	71	DOWN	at	187353  
191166	[3812]	:	Key	71	UP	at	187559  
194470	[3304]	:	Key	71	DOWN	at	194469  
195254	[784]	:	Key	71	UP	at	194659  
195280	[26]	:	time Target is 195280
207015	[11735]	:	Key	71	DOWN	at	207014  
207159	[144]	:	Key	71	UP	at	207158  
210695	[3536]	:	Key	71	DOWN	at	210695  
211484	[789]	:	Key	71	UP	at	210836  
211506	[22]	:	time Target is 211506
212169	[663]	:	Key	71	DOWN	at	212169  
216586	[4417]	:	time Target is 216586
221658	[5072]	:	time Target is 221658
222470	[812]	:	Key	71	DOWN	at	222470  
226737	[4267]	:	time Target is 226737
238711	[11974]	:	Key	71	DOWN	at	238711  
238806	[95]	:	Key	71	UP	at	238806  
242613	[3807]	:	Key	71	DOWN	at	242613  
243404	[791]	:	Key	71	UP	at	242726  
243427	[23]	:	time Target is 243427
248501	[5074]	:	time Target is 248501
249032	[531]	:	Key	71	DOWN	at	249032  
253593	[4561]	:	time Target is 253593
254099	[506]	:	Key	71	DOWN	at	254099  
258678	[4579]	:	time Target is 258678
259348	[670]	:	Key	71	DOWN	at	259348  
262970	[3622]	:	Key	71	UP	at	259476  
270596	[7626]	:	Key	71	DOWN	at	270596  
270709	[113]	:	Key	71	UP	at	270708  
273864	[3155]	:	Key	71	DOWN	at	273864  
274655	[791]	:	Key	71	UP	at	274023  
274677	[22]	:	time Target is 274677
275478	[801]	:	Key	71	DOWN	at	275478  
279766	[4288]	:	time Target is 279766
284845	[5079]	:	time Target is 284845
289916	[5071]	:	time Target is 289915
302660	[12744]	:	Key	71	DOWN	at	302660  
302762	[102]	:	Key	71	UP	at	302761  
317383	[14621]	:	Key	71	DOWN	at	317383  
317460	[77]	:	Key	71	UP	at	317460  
331556	[14096]	:	Key	71	DOWN	at	331556  
331639	[83]	:	Key	71	UP	at	331638  
343817	[12178]	:	Key	71	DOWN	at	343816  
343910	[93]	:	Key	71	UP	at	343909  
349219	[5309]	:	Key	71	DOWN	at	349219  
351790	[2571]	:	time Target is 351790
352151	[361]	:	Key	71	DOWN	at	352149  
357134	[4983]	:	time Target is 357134
362471	[5337]	:	time Target is 362471
362904	[433]	:	Key	71	DOWN	at	362904  
367816	[4912]	:	time Target is 367816
368182	[366]	:	Key	71	DOWN	at	368181  
373164	[4982]	:	time Target is 373164
378493	[5329]	:	time Target is 378493
379242	[749]	:	Key	71	DOWN	at	379241  
383834	[4592]	:	time Target is 383834
389150	[5316]	:	time Target is 389150
389604	[454]	:	Key	71	DOWN	at	389604  
394502	[4898]	:	time Target is 394502
395269	[767]	:	Key	71	DOWN	at	395268  
399847	[4578]	:	time Target is 399847
400694	[847]	:	Key	71	DOWN	at	400693  
405180	[4486]	:	time Target is 405180
405733	[553]	:	Key	71	DOWN	at	405733  
410514	[4781]	:	time Target is 410514
410854	[340]	:	Key	71	DOWN	at	410854  
415859	[5005]	:	time Target is 415859
421181	[5322]	:	time Target is 421181
421783	[602]	:	Key	71	DOWN	at	421782  
426523	[4740]	:	time Target is 426523
427145	[622]	:	Key	71	DOWN	at	427145  
431856	[4711]	:	time Target is 431856
437180	[5324]	:	time Target is 437180
437542	[362]	:	Key	71	DOWN	at	437542  
442511	[4969]	:	time Target is 442511
442998	[487]	:	Key	71	DOWN	at	442998  
447840	[4842]	:	time Target is 447840
453163	[5323]	:	time Target is 453163
458488	[5325]	:	time Target is 458488
459028	[540]	:	Key	71	DOWN	at	459028  
463826	[4798]	:	time Target is 463826
464486	[660]	:	Key	71	DOWN	at	464486  
469159	[4673]	:	time Target is 469159
470023	[864]	:	Key	71	DOWN	at	470023  
474494	[4471]	:	time Target is 474494
474903	[409]	:	Key	71	DOWN	at	474903  
479834	[4931]	:	time Target is 479834
480294	[460]	:	Key	71	DOWN	at	480294  
485176	[4882]	:	time Target is 485176
485510	[334]	:	Key	71	DOWN	at	485509  
490518	[5008]	:	time Target is 490518
490851	[333]	:	Key	71	DOWN	at	490851  
495856	[5005]	:	time Target is 495856
496326	[470]	:	Key	71	DOWN	at	496326  
501199	[4873]	:	time Target is 501199
501768	[569]	:	Key	71	DOWN	at	501767  
506535	[4767]	:	time Target is 506535
506905	[370]	:	Key	71	DOWN	at	506904  
511879	[4974]	:	time Target is 511879
512360	[481]	:	Key	71	DOWN	at	512359  
517212	[4852]	:	time Target is 517212
522530	[5318]	:	time Target is 522530
522869	[339]	:	Key	71	DOWN	at	522868  
527872	[5003]	:	time Target is 527872
528469	[597]	:	Key	71	DOWN	at	528468  
533210	[4741]	:	time Target is 533210
538525	[5315]	:	time Target is 538525
543842	[5317]	:	time Target is 543842
544327	[485]	:	Key	71	DOWN	at	544326  
549172	[4845]	:	time Target is 549172
549638	[466]	:	Key	71	DOWN	at	549638  
554508	[4870]	:	time Target is 554508
559834	[5326]	:	time Target is 559834
559958	[124]	:	Key	71	DOWN	at	559957  
565172	[5214]	:	time Target is 565172
565337	[165]	:	Key	71	DOWN	at	565337  
570512	[5175]	:	time Target is 570512
571049	[537]	:	Key	71	DOWN	at	571048  
575848	[4799]	:	time Target is 575848
576198	[350]	:	Key	71	DOWN	at	576198  
581184	[4986]	:	time Target is 581184
581493	[309]	:	Key	71	DOWN	at	581493  
586524	[5031]	:	time Target is 586524
586870	[346]	:	Key	71	DOWN	at	586870  
591851	[4981]	:	time Target is 591851
597173	[5322]	:	time Target is 597173
597511	[338]	:	Key	71	DOWN	at	597511  
602508	[4997]	:	time Target is 602508
607829	[5321]	:	time Target is 607829
613155	[5326]	:	time Target is 613155
618478	[5323]	:	time Target is 618478
618947	[469]	:	Key	71	DOWN	at	618947  
623818	[4871]	:	time Target is 623818
624259	[441]	:	Key	71	DOWN	at	624259  
629156	[4897]	:	time Target is 629156
629797	[641]	:	Key	71	DOWN	at	629797  
634494	[4697]	:	time Target is 634494
634981	[487]	:	Key	71	DOWN	at	634981  
639830	[4849]	:	time Target is 639830
640374	[544]	:	Key	71	DOWN	at	640374  
645172	[4798]	:	time Target is 645172
650492	[5320]	:	time Target is 650492
650870	[378]	:	Key	71	DOWN	at	650869  
655820	[4950]	:	time Target is 655820
661146	[5326]	:	time Target is 661146
661894	[748]	:	Key	71	DOWN	at	661894  
666479	[4585]	:	time Target is 666479
666805	[326]	:	Key	71	DOWN	at	666805  
671815	[5010]	:	time Target is 671815
677133	[5318]	:	time Target is 677133
677545	[412]	:	Key	71	DOWN	at	677545  
682470	[4925]	:	time Target is 682470
687797	[5327]	:	time Target is 687797
688230	[433]	:	Key	71	DOWN	at	688229  
693136	[4906]	:	time Target is 693136
693783	[647]	:	Key	71	DOWN	at	693783  
698521	[4738]	:	time Target is 698521
703835	[5314]	:	time Target is 703835
704263	[428]	:	Key	71	DOWN	at	704262  
709175	[4912]	:	time Target is 709175
714498	[5323]	:	time Target is 714498
719816	[5318]	:	time Target is 719816
720309	[493]	:	Key	71	DOWN	at	720309  
725153	[4844]	:	time Target is 725153
725796	[643]	:	Key	71	DOWN	at	725796  
730490	[4694]	:	time Target is 730490
730840	[350]	:	Key	71	DOWN	at	730840  
735820	[4980]	:	time Target is 735820
741143	[5323]	:	time Target is 741143
746466	[5323]	:	time Target is 746466
751787	[5321]	:	time Target is 751787
752328	[541]	:	Key	71	DOWN	at	752327  
757131	[4803]	:	time Target is 757131
757589	[458]	:	Key	71	DOWN	at	757589  
762472	[4883]	:	time Target is 762472
767793	[5321]	:	time Target is 767793
773119	[5326]	:	time Target is 773119
778441	[5322]	:	time Target is 778441
783764	[5323]	:	time Target is 783764
789090	[5326]	:	time Target is 789090
789317	[227]	:	Key	71	DOWN	at	789317  
794424	[5107]	:	time Target is 794424
794662	[238]	:	Key	71	DOWN	at	794661  
799768	[5106]	:	time Target is 799768
800488	[720]	:	Key	71	DOWN	at	800487  
805108	[4620]	:	time Target is 805108
805541	[433]	:	Key	71	DOWN	at	805541  
810445	[4904]	:	time Target is 810445
810835	[390]	:	Key	71	DOWN	at	810835  
815782	[4947]	:	time Target is 815782
816151	[369]	:	Key	71	DOWN	at	816150  
821120	[4969]	:	time Target is 821120
821414	[294]	:	Key	71	DOWN	at	821414  
826457	[5043]	:	time Target is 826457
827031	[574]	:	Key	71	DOWN	at	827031  
830757	[3726]	:	Key	71	UP	at	827160  
835577	[4820]	:	Key	71	DOWN	at	835576  
836368	[791]	:	Key	71	UP	at	835719  
836638	[270]	:	time Target is 836638
841960	[5322]	:	time Target is 841960
842516	[556]	:	Key	71	DOWN	at	842516  
847035	[4519]	:	Key	71	DOWN	at	846790  
847036	[1]	:	Key	71	UP	at	846904  
849849	[2813]	:	time Target is 849849
850294	[445]	:	Key	71	DOWN	at	850293  
855181	[4887]	:	time Target is 855181
855525	[344]	:	Key	71	DOWN	at	855525  
860517	[4992]	:	time Target is 860517
860568	[51]	:	Key	71	DOWN	at	860568  
865874	[5306]	:	time Target is 865874
871193	[5319]	:	time Target is 871193
876249	[5056]	:	Key	71	DOWN	at	875990  
876250	[1]	:	Key	71	UP	at	876085  
879065	[2815]	:	time Target is 879065
879189	[124]	:	Key	71	DOWN	at	879188  
884406	[5217]	:	time Target is 884406
884821	[415]	:	Key	71	DOWN	at	884821  
889744	[4923]	:	time Target is 889744
890279	[535]	:	Key	71	DOWN	at	890279  
895088	[4809]	:	time Target is 895088
900421	[5333]	:	time Target is 900421
901094	[673]	:	Key	71	DOWN	at	901093  
905762	[4668]	:	time Target is 905762
906836	[1074]	:	Key	71	DOWN	at	906836  
911100	[4264]	:	time Target is 911100
916422	[5322]	:	time Target is 916422
917654	[1232]	:	Key	71	DOWN	at	917653  
921759	[4105]	:	time Target is 921759
921849	[90]	:	Key	71	DOWN	at	921848  
927095	[5246]	:	time Target is 927095
927573	[478]	:	Key	71	DOWN	at	927573  
932429	[4856]	:	time Target is 932429
937752	[5323]	:	time Target is 937752
943072	[5320]	:	time Target is 943072
948386	[5314]	:	time Target is 948386
949380	[994]	:	Key	71	DOWN	at	949380  
953724	[4344]	:	time Target is 953724
954296	[572]	:	Key	71	DOWN	at	954296  
959060	[4764]	:	time Target is 959060
959418	[358]	:	Key	71	DOWN	at	959417  
964396	[4978]	:	time Target is 964396
969716	[5320]	:	time Target is 969716
970181	[465]	:	Key	71	DOWN	at	970180  
975057	[4876]	:	time Target is 975057
980381	[5324]	:	time Target is 980381
980757	[376]	:	Key	71	DOWN	at	980757  
985719	[4962]	:	time Target is 985719
991045	[5326]	:	time Target is 991045
996368	[5323]	:	time Target is 996368
1001695	[5327]	:	time Target is 1001695
1007013	[5318]	:	time Target is 1007013
1007413	[400]	:	Key	71	DOWN	at	1007413 
1012351	[4938]	:	time Target is 1012351
1012726	[375]	:	Key	71	DOWN	at	1012726 
1017688	[4962]	:	time Target is 1017688
1018040	[352]	:	Key	71	DOWN	at	1018040 
1023023	[4983]	:	time Target is 1023023
1023304	[281]	:	Key	71	DOWN	at	1023304 
1028362	[5058]	:	time Target is 1028362
1028824	[462]	:	Key	71	DOWN	at	1028823 
1033704	[4880]	:	time Target is 1033704
1034231	[527]	:	Key	71	DOWN	at	1034231 
1039045	[4814]	:	time Target is 1039045
1039540	[495]	:	Key	71	DOWN	at	1039540 
1044382	[4842]	:	time Target is 1044382
1049700	[5318]	:	time Target is 1049700
1049909	[209]	:	Key	71	DOWN	at	1049908 
1055025	[5116]	:	time Target is 1055025
1055800	[775]	:	Key	71	DOWN	at	1055800 
1060357	[4557]	:	time Target is 1060357
1065678	[5321]	:	time Target is 1065678
1071010	[5332]	:	time Target is 1071010
1076330	[5320]	:	time Target is 1076330
1081650	[5320]	:	time Target is 1081650
1081767	[117]	:	Key	71	DOWN	at	1081767 
1086991	[5224]	:	time Target is 1086991
1092313	[5322]	:	time Target is 1092313
1097637	[5324]	:	time Target is 1097637
1102965	[5328]	:	time Target is 1102965
1103030	[65]	:	Key	71	DOWN	at	1103030 
1108303	[5273]	:	time Target is 1108303
1109031	[728]	:	Key	71	DOWN	at	1109031 
1113647	[4616]	:	time Target is 1113647
1118973	[5326]	:	time Target is 1118973
1119285	[312]	:	Key	71	DOWN	at	1119285 
1124308	[5023]	:	time Target is 1124308
1124580	[272]	:	Key	71	DOWN	at	1124580 
1129641	[5061]	:	time Target is 1129641
1134971	[5330]	:	time Target is 1134971
1140293	[5322]	:	time Target is 1140293
1140645	[352]	:	Key	71	DOWN	at	1140644 
1145625	[4980]	:	time Target is 1145625
1150952	[5327]	:	time Target is 1150952
1156272	[5320]	:	time Target is 1156272
1161598	[5326]	:	time Target is 1161598
1161941	[343]	:	Key	71	DOWN	at	1161941 
1166938	[4997]	:	time Target is 1166938
1167779	[841]	:	Key	71	DOWN	at	1167779 
1172273	[4494]	:	time Target is 1172273
1177591	[5318]	:	time Target is 1177591
1177897	[306]	:	Key	71	DOWN	at	1177896 
1182927	[5030]	:	time Target is 1182927
1183289	[362]	:	Key	71	DOWN	at	1183288 
1188265	[4976]	:	time Target is 1188265
1193586	[5321]	:	time Target is 1193586
1198910	[5324]	:	time Target is 1198910
1198982	[72]	:	Key	71	DOWN	at	1198982 
1204250	[5268]	:	time Target is 1204250
1204600	[350]	:	Key	71	DOWN	at	1204599 
1209597	[4997]	:	time Target is 1209597
1214914	[5317]	:	time Target is 1214914
1220255	[5341]	:	time Target is 1220255
1220632	[377]	:	Key	71	DOWN	at	1220631 
1225593	[4961]	:	time Target is 1225593
1226217	[624]	:	Key	71	DOWN	at	1226216 
1230934	[4717]	:	time Target is 1230934
1231318	[384]	:	Key	71	DOWN	at	1231318 
1236268	[4950]	:	time Target is 1236268
1236904	[636]	:	Key	71	DOWN	at	1236904 
1241601	[4697]	:	time Target is 1241601
1241881	[280]	:	Key	71	DOWN	at	1241880 
1246941	[5060]	:	time Target is 1246941
1247270	[329]	:	Key	71	DOWN	at	1247270 
1252274	[5004]	:	time Target is 1252274
1257628	[5354]	:	time Target is 1257628
1258788	[1160]	:	Key	71	DOWN	at	1258788 
1262962	[4174]	:	time Target is 1262962
1268281	[5319]	:	time Target is 1268281
1273602	[5321]	:	time Target is 1273602
1273908	[306]	:	Key	71	DOWN	at	1273908 
1278935	[5027]	:	time Target is 1278935
1279896	[961]	:	Key	71	DOWN	at	1279896 
1284278	[4382]	:	time Target is 1284278
1284486	[208]	:	Key	71	DOWN	at	1284485 
1289615	[5129]	:	time Target is 1289615
1289719	[104]	:	Key	71	DOWN	at	1289718 
1294943	[5224]	:	time Target is 1294943
1296181	[1238]	:	Key	71	DOWN	at	1296181 
1300279	[4098]	:	time Target is 1300279
1305595	[5316]	:	time Target is 1305595
1306569	[974]	:	Key	71	DOWN	at	1306568 
1309898	[3329]	:	Key	71	UP	at	1306744 
1311625	[1727]	:	Key	71	DOWN	at	1311624 
1311765	[140]	:	Key	71	UP	at	1311764 
1315893	[4128]	:	Key	71	DOWN	at	1315892 
1316686	[793]	:	Key	71	UP	at	1316004 
1316955	[269]	:	time Target is 1316955
1317525	[570]	:	Key	71	DOWN	at	1317525 
1322289	[4764]	:	time Target is 1322289
1322614	[325]	:	Key	71	DOWN	at	1322614 
1327623	[5009]	:	time Target is 1327623
1328118	[495]	:	Key	71	DOWN	at	1328117 
1332959	[4841]	:	time Target is 1332959
1333429	[470]	:	Key	71	DOWN	at	1333428 
1338298	[4869]	:	time Target is 1338298
1343619	[5321]	:	time Target is 1343619
1348938	[5319]	:	time Target is 1348938
1349640	[702]	:	Key	71	DOWN	at	1349640 
1354274	[4634]	:	time Target is 1354274
1355368	[1094]	:	Key	71	DOWN	at	1355368 
1359612	[4244]	:	time Target is 1359612
1360070	[458]	:	Key	71	DOWN	at	1360070 
1364953	[4883]	:	time Target is 1364953
1365462	[509]	:	Key	71	DOWN	at	1365462 
1370290	[4828]	:	time Target is 1370290
1375613	[5323]	:	time Target is 1375613
1380937	[5324]	:	time Target is 1380937
1386257	[5320]	:	time Target is 1386257
1387351	[1094]	:	Key	71	DOWN	at	1387351 
1391592	[4241]	:	time Target is 1391592
1391719	[127]	:	Key	71	DOWN	at	1391718 
1396930	[5211]	:	time Target is 1396930
1402255	[5325]	:	time Target is 1402255
1402534	[279]	:	Key	71	DOWN	at	1402533 
1407603	[5069]	:	time Target is 1407603
1412923	[5320]	:	time Target is 1412923
1414057	[1134]	:	Key	71	DOWN	at	1414057 
1418260	[4203]	:	time Target is 1418260
1423578	[5318]	:	time Target is 1423578
1424522	[944]	:	Key	71	DOWN	at	1424520 
1428919	[4397]	:	time Target is 1428919
1434245	[5326]	:	time Target is 1434245
1435095	[850]	:	Key	71	DOWN	at	1435094 
1439590	[4495]	:	time Target is 1439590
1440596	[1006]	:	Key	71	DOWN	at	1440596 
1444928	[4332]	:	time Target is 1444928
1450259	[5331]	:	Key	71	DOWN	at	1450055 
1450260	[1]	:	Key	71	UP	at	1450167 
1453075	[2815]	:	time Target is 1453075
1458403	[5328]	:	time Target is 1458403
1463724	[5321]	:	time Target is 1463724
1469047	[5323]	:	time Target is 1469047
1474366	[5319]	:	time Target is 1474366
1479693	[5327]	:	time Target is 1479693
1485014	[5321]	:	time Target is 1485014
1490335	[5321]	:	time Target is 1490335
1490451	[116]	:	Key	71	DOWN	at	1490451 
1495677	[5226]	:	time Target is 1495677
1501002	[5325]	:	time Target is 1501002
1501364	[362]	:	Key	71	DOWN	at	1501364 
1506342	[4978]	:	time Target is 1506342
1507126	[784]	:	Key	71	DOWN	at	1507126 
1511687	[4561]	:	time Target is 1511687
1512185	[498]	:	Key	71	DOWN	at	1512184 
1517027	[4842]	:	time Target is 1517027
1517206	[179]	:	Key	71	DOWN	at	1517206 
1522366	[5160]	:	time Target is 1522366
1527688	[5322]	:	time Target is 1527688
1527860	[172]	:	Key	71	DOWN	at	1527859 
1533024	[5164]	:	time Target is 1533024
1538330	[5306]	:	Key	71	DOWN	at	1538311 
1541141	[2811]	:	time Target is 1541141
1546462	[5321]	:	time Target is 1546462
1546870	[408]	:	Key	71	DOWN	at	1546870 
1551798	[4928]	:	time Target is 1551798
1557126	[5328]	:	time Target is 1557126
1557254	[128]	:	Key	71	DOWN	at	1557254 
1562465	[5211]	:	time Target is 1562465
1563655	[1190]	:	Key	71	DOWN	at	1563655 
1567810	[4155]	:	time Target is 1567810
1568419	[609]	:	Key	71	DOWN	at	1568419 
1573147	[4728]	:	time Target is 1573147
1578464	[5317]	:	time Target is 1578464
1583794	[5330]	:	time Target is 1583794
1584376	[582]	:	Key	71	DOWN	at	1584376 
1589133	[4757]	:	time Target is 1589133
1589558	[425]	:	Key	71	DOWN	at	1589558 
1594463	[4905]	:	time Target is 1594463
1595176	[713]	:	Key	71	DOWN	at	1595176 
1599799	[4623]	:	time Target is 1599799
1600422	[623]	:	Key	71	DOWN	at	1600421 
1605132	[4710]	:	time Target is 1605132
1605255	[123]	:	Key	71	DOWN	at	1605254 
1610463	[5208]	:	time Target is 1610463
1610533	[70]	:	Key	71	DOWN	at	1610533 
1615807	[5274]	:	time Target is 1615807
1617011	[1204]	:	Key	71	DOWN	at	1617011 
1621149	[4138]	:	time Target is 1621149
1626475	[5326]	:	time Target is 1626475
1631792	[5317]	:	time Target is 1631792
1637112	[5320]	:	time Target is 1637112
1642442	[5330]	:	time Target is 1642442
1642520	[78]	:	Key	71	DOWN	at	1642520 
1647778	[5258]	:	time Target is 1647778
1653110	[5332]	:	time Target is 1653110
1658429	[5319]	:	time Target is 1658429
1658678	[249]	:	Key	71	DOWN	at	1658678 
1663767	[5089]	:	time Target is 1663767
1664037	[270]	:	Key	71	DOWN	at	1664036 
1669102	[5065]	:	time Target is 1669102
1674425	[5323]	:	time Target is 1674425
1674725	[300]	:	Key	71	DOWN	at	1674725 
1679761	[5036]	:	time Target is 1679761
1685091	[5330]	:	time Target is 1685091
1685269	[178]	:	Key	71	DOWN	at	1685269 
1690428	[5159]	:	time Target is 1690428
1690678	[250]	:	Key	71	DOWN	at	1690678 
1695779	[5101]	:	time Target is 1695779
1701117	[5338]	:	time Target is 1701117
1701396	[279]	:	Key	71	DOWN	at	1701396 
1706449	[5053]	:	time Target is 1706449
1706886	[437]	:	Key	71	DOWN	at	1706886 
1711778	[4892]	:	time Target is 1711778
1717110	[5332]	:	time Target is 1717110
1722436	[5326]	:	time Target is 1722436
1722601	[165]	:	Key	71	DOWN	at	1722600 
1727774	[5173]	:	time Target is 1727774
1733094	[5320]	:	time Target is 1733094
1733476	[382]	:	Key	71	DOWN	at	1733476 
1738432	[4956]	:	time Target is 1738432
1739175	[743]	:	Key	71	DOWN	at	1739175 
1743762	[4587]	:	time Target is 1743762
1749084	[5322]	:	time Target is 1749084
1754406	[5322]	:	time Target is 1754406
1759728	[5322]	:	time Target is 1759728
1760057	[329]	:	Key	71	DOWN	at	1760056 
1765069	[5012]	:	time Target is 1765069
1765316	[247]	:	Key	71	DOWN	at	1765316 
1770411	[5095]	:	time Target is 1770410
1775731	[5320]	:	time Target is 1775731
1776340	[609]	:	Key	71	DOWN	at	1776340 
1781070	[4730]	:	time Target is 1781070
1786407	[5337]	:	time Target is 1786407
1792424	[6017]	:	Key	71	DOWN	at	1792424 
1793209	[785]	:	Key	71	UP	at	1792565 
1793477	[268]	:	time Target is 1793477
1798801	[5324]	:	time Target is 1798801
1804132	[5331]	:	time Target is 1804132
1804856	[724]	:	Key	71	DOWN	at	1804856 
1809475	[4619]	:	time Target is 1809475
1814797	[5322]	:	time Target is 1814797
1815397	[600]	:	Key	71	DOWN	at	1815396 
1820131	[4734]	:	time Target is 1820131
1820568	[437]	:	Key	71	DOWN	at	1820568 
1825469	[4901]	:	time Target is 1825469
1830791	[5322]	:	time Target is 1830791
1831108	[317]	:	Key	71	DOWN	at	1831108 
1836133	[5025]	:	time Target is 1836133
1841453	[5320]	:	time Target is 1841453
1842009	[556]	:	Key	71	DOWN	at	1842008 
1846792	[4783]	:	time Target is 1846792
1847254	[462]	:	Key	71	DOWN	at	1847254 
1852125	[4871]	:	time Target is 1852125
1857451	[5326]	:	time Target is 1857451
1858168	[717]	:	Key	71	DOWN	at	1858168 
1862789	[4621]	:	time Target is 1862789
1868106	[5317]	:	time Target is 1868106
1873431	[5325]	:	time Target is 1873431
1873875	[444]	:	Key	71	DOWN	at	1873875 
1878773	[4898]	:	time Target is 1878773
1879237	[464]	:	Key	71	DOWN	at	1879236 
1884110	[4873]	:	time Target is 1884110
1884340	[230]	:	Key	71	DOWN	at	1884340 
1889440	[5100]	:	time Target is 1889440
1889925	[485]	:	Key	71	DOWN	at	1889925 
1894776	[4851]	:	time Target is 1894776
1900100	[5324]	:	time Target is 1900100
1900760	[660]	:	Key	71	DOWN	at	1900760 
1905438	[4678]	:	time Target is 1905438
1910761	[5323]	:	time Target is 1910761
1916083	[5322]	:	time Target is 1916083
1921408	[5325]	:	time Target is 1921408
1926725	[5317]	:	time Target is 1926725
1932042	[5317]	:	time Target is 1932042
1932104	[62]	:	Key	71	DOWN	at	1932104 
1937388	[5284]	:	time Target is 1937388
1942719	[5331]	:	time Target is 1942719
1943559	[840]	:	Key	71	DOWN	at	1943558 
1948058	[4499]	:	time Target is 1948058
1953381	[5323]	:	time Target is 1953381
1953540	[159]	:	Key	71	DOWN	at	1953540 
1958718	[5178]	:	time Target is 1958718
1964041	[5323]	:	time Target is 1964041
1969358	[5317]	:	time Target is 1969358
1969431	[73]	:	Key	71	DOWN	at	1969431 
1974705	[5274]	:	time Target is 1974705
1980025	[5320]	:	time Target is 1980025
1980264	[239]	:	Key	71	DOWN	at	1980264 
1985359	[5095]	:	time Target is 1985359
1985703	[344]	:	Key	71	DOWN	at	1985703 
1990696	[4993]	:	time Target is 1990696
1996017	[5321]	:	time Target is 1996017
2001340	[5323]	:	time Target is 2001340
2006671	[5331]	:	time Target is 2006671
2011998	[5327]	:	time Target is 2011998
2012200	[202]	:	Key	71	DOWN	at	2012200 
2017334	[5134]	:	time Target is 2017334
2022649	[5315]	:	time Target is 2022649
2027968	[5319]	:	time Target is 2027968
2028228	[260]	:	Key	71	DOWN	at	2028228 
2033306	[5078]	:	time Target is 2033306
2038631	[5325]	:	time Target is 2038631
2038774	[143]	:	Key	71	DOWN	at	2038774 
2043976	[5202]	:	time Target is 2043976
2049299	[5323]	:	time Target is 2049299
2054620	[5321]	:	time Target is 2054620
2059942	[5322]	:	time Target is 2059942
2060183	[241]	:	Key	71	DOWN	at	2060181 
2065283	[5100]	:	time Target is 2065283
2065719	[436]	:	Key	71	DOWN	at	2065719 
2070664	[4945]	:	time Target is 2070664
2075984	[5320]	:	time Target is 2075984
2076746	[762]	:	Key	71	DOWN	at	2076744 
2081326	[4580]	:	time Target is 2081326
2086638	[5312]	:	time Target is 2086638
2091958	[5320]	:	time Target is 2091958
2097281	[5323]	:	time Target is 2097281
2097413	[132]	:	Key	71	DOWN	at	2097412 
2102619	[5206]	:	time Target is 2102619
2102856	[237]	:	Key	71	DOWN	at	2102856 
2107960	[5104]	:	time Target is 2107960
2109223	[1263]	:	Key	71	DOWN	at	2109223 
2113294	[4071]	:	time Target is 2113294
2118624	[5330]	:	time Target is 2118624
2123947	[5323]	:	time Target is 2123947
2129270	[5323]	:	time Target is 2129270
2129863	[593]	:	Key	71	DOWN	at	2129862 
2134609	[4746]	:	time Target is 2134609
2134900	[291]	:	Key	71	DOWN	at	2134900 
2139947	[5047]	:	time Target is 2139947
2145272	[5325]	:	time Target is 2145272
2145370	[98]	:	Key	71	DOWN	at	2145369 
2150611	[5241]	:	time Target is 2150611
2155931	[5320]	:	time Target is 2155931
2161254	[5323]	:	time Target is 2161254
2161699	[445]	:	Key	71	DOWN	at	2161699 
2166594	[4895]	:	time Target is 2166594
2167815	[1221]	:	Key	71	DOWN	at	2167814 
2171933	[4118]	:	time Target is 2171933
2172051	[118]	:	Key	71	DOWN	at	2172051 
2177300	[5249]	:	time Target is 2177300
2182621	[5321]	:	time Target is 2182621
2183062	[441]	:	Key	71	DOWN	at	2183062 
2187960	[4898]	:	time Target is 2187960
2188291	[331]	:	Key	71	DOWN	at	2188291 
2193296	[5005]	:	time Target is 2193296
2198616	[5320]	:	time Target is 2198616
2203951	[5335]	:	time Target is 2203951
2204324	[373]	:	Key	71	DOWN	at	2204323 
2209287	[4963]	:	time Target is 2209287
2214605	[5318]	:	time Target is 2214605
2219926	[5321]	:	time Target is 2219926
2220357	[431]	:	Key	71	DOWN	at	2220357 
2225261	[4904]	:	time Target is 2225261
2225605	[344]	:	Key	71	DOWN	at	2225605 
2230596	[4991]	:	time Target is 2230596
2231335	[739]	:	Key	71	DOWN	at	2231335 
2235927	[4592]	:	time Target is 2235927
2241245	[5318]	:	time Target is 2241245
2241625	[380]	:	Key	71	DOWN	at	2241624 
2246587	[4962]	:	time Target is 2246587
2251909	[5322]	:	time Target is 2251909
2252054	[145]	:	Key	71	DOWN	at	2252054 
2257245	[5191]	:	time Target is 2257245
2262568	[5323]	:	time Target is 2262568
2267908	[5340]	:	time Target is 2267908
2268180	[272]	:	Key	71	DOWN	at	2268180 
2272202	[4022]	:	Key	71	UP	at	2268312 
2281540	[9338]	:	Key	71	DOWN	at	2281540 
2281687	[147]	:	Key	71	UP	at	2281687 
2294467	[12780]	:	Key	28	DOWN	at	2294467 
2294617	[150]	:	Key	28	UP	at	2294615 
2299011	[4394]	:	Key	28	DOWN	at	2299011 
2299142	[131]	:	Key	28	UP	at	2299141 
2316085	[16943]	:	Key	29	DOWN	at	2316085 
2316296	[211]	:	Key	29	UP	at	2316296 
2318213	[1917]	:	Key	29	DOWN	at	2318213 
2318343	[130]	:	Key	29	UP	at	2318342 
2322116	[3773]	:	Key	28	DOWN	at	2322115 
2322297	[181]	:	Key	28	UP	at	2322296 
2323430	[1133]	:	Key	28	DOWN	at	2323429 
2323573	[143]	:	Key	28	UP	at	2323572 
2336403	[12830]	:	Key	28	DOWN	at	2336403 
2336503	[100]	:	Key	28	UP	at	2336502 
2338035	[1532]	:	Key	29	DOWN	at	2338035 
2338180	[145]	:	Key	29	UP	at	2338180 
2340937	[2757]	:	Key	28	DOWN	at	2340936 
2341078	[141]	:	Key	28	UP	at	2341077 
2342184	[1106]	:	Key	28	DOWN	at	2342184 
2342312	[128]	:	Key	28	UP	at	2342312 
2345655	[3343]	:	Key	29	DOWN	at	2345654 
2345829	[174]	:	Key	29	UP	at	2345829 
2349910	[4081]	:	Key	28	DOWN	at	2349909 
2350116	[206]	:	Key	28	UP	at	2350115 
2354421	[4305]	:	Key	29	DOWN	at	2354420 
2354537	[116]	:	Key	29	UP	at	2354536 
2355381	[844]	:	Key	29	DOWN	at	2355381 
2355540	[159]	:	Key	29	UP	at	2355540 
2360759	[5219]	:	Key	28	DOWN	at	2360759 
2360886	[127]	:	Key	28	UP	at	2360885 
2362775	[1889]	:	Key	29	DOWN	at	2362775 
2362834	[59]	:	COGENT STOP
