Cog2000 log file Sat Jan 18 16:02:49 2020
gprim v1.33 Compiled:Aug 12 2015 (GLib DirectDraw v7 DX12.0 Compiled:Aug 12 2015)
Display:1024x768x32 59.95Hz
Attaching C:\Program Files\Cogent2000v1.33\Toolbox\CogInput.mexw64
CogInput v1.05 Compiled: May 20 2010
3	[3]	:	COGENT START
550053	[550050]	:	Key	71	DOWN	at	550047  
550194	[141]	:	Key	71	UP	at	550192  
567680	[17486]	:	Key	71	DOWN	at	567678  
567726	[46]	:	Key	71	UP	at	567724  
571540	[3814]	:	Key	71	DOWN	at	571536  
571630	[90]	:	Key	71	UP	at	571630  
583005	[11375]	:	Key	71	DOWN	at	583005  
583088	[83]	:	Key	71	UP	at	583087  
598129	[15041]	:	Key	71	DOWN	at	598128  
598225	[96]	:	Key	71	UP	at	598224  
615084	[16859]	:	Key	71	DOWN	at	615084  
615956	[872]	:	time Target is 615949
616399	[443]	:	Key	71	DOWN	at	616399  
622079	[5680]	:	time Target is 622078
622383	[304]	:	Key	71	DOWN	at	622383  
628193	[5810]	:	time Target is 628192
628493	[300]	:	Key	71	DOWN	at	628492  
634297	[5804]	:	time Target is 634297
634653	[356]	:	Key	71	DOWN	at	634653  
643150	[8497]	:	Key	71	DOWN	at	643150  
644224	[1074]	:	time Target is 644218
650558	[6334]	:	time Target is 650556
656882	[6324]	:	time Target is 656882
663206	[6324]	:	time Target is 663206
682109	[18903]	:	Key	71	DOWN	at	682109  
682174	[65]	:	Key	71	UP	at	682173  
686141	[3967]	:	Key	71	DOWN	at	686140  
686224	[83]	:	Key	71	UP	at	686224  
690337	[4113]	:	Key	71	DOWN	at	690337  
690433	[96]	:	Key	71	UP	at	690432  
752205	[61772]	:	Key	71	DOWN	at	752205  
752335	[130]	:	Key	71	UP	at	752335  
754240	[1905]	:	Key	71	DOWN	at	754239  
755057	[817]	:	Key	71	UP	at	754365  
755084	[27]	:	time Target is 755084
755522	[438]	:	Key	71	DOWN	at	755521  
760180	[4658]	:	time Target is 760180
760833	[653]	:	Key	71	DOWN	at	760832  
765285	[4452]	:	time Target is 765285
770370	[5085]	:	time Target is 770370
770958	[588]	:	Key	71	DOWN	at	770958  
774682	[3724]	:	Key	71	UP	at	771052  
780656	[5974]	:	Key	71	DOWN	at	780656  
780734	[78]	:	Key	71	UP	at	780733  
781855	[1121]	:	Key	71	DOWN	at	781854  
782646	[791]	:	Key	71	UP	at	781980  
782672	[26]	:	time Target is 782672
783070	[398]	:	Key	71	DOWN	at	783070  
787770	[4700]	:	time Target is 787770
792849	[5079]	:	time Target is 792848
797920	[5071]	:	time Target is 797920
818352	[20432]	:	Key	71	DOWN	at	818351  
818513	[161]	:	Key	71	UP	at	818512  
820620	[2107]	:	Key	71	DOWN	at	820620  
821411	[791]	:	Key	71	UP	at	820747  
821438	[27]	:	time Target is 821436
821808	[370]	:	Key	71	DOWN	at	821807  
826528	[4720]	:	time Target is 826528
831605	[5077]	:	time Target is 831605
831853	[248]	:	Key	71	DOWN	at	831853  
836698	[4845]	:	time Target is 836698
837021	[323]	:	Key	71	DOWN	at	837020  
841000	[3979]	:	Key	71	UP	at	837134  
854929	[13929]	:	Key	71	DOWN	at	854929  
855023	[94]	:	Key	71	UP	at	855023  
858862	[3839]	:	Key	71	DOWN	at	858862  
859657	[795]	:	Key	71	UP	at	858974  
859671	[14]	:	time Target is 859671
860047	[376]	:	Key	71	DOWN	at	860047  
864765	[4718]	:	time Target is 864765
869841	[5076]	:	time Target is 869840
874916	[5075]	:	time Target is 874916
896206	[21290]	:	Key	71	DOWN	at	896205  
896348	[142]	:	Key	71	UP	at	896347  
909596	[13248]	:	Key	71	DOWN	at	909596  
909697	[101]	:	Key	71	UP	at	909696  
923025	[13328]	:	Key	71	DOWN	at	923024  
923149	[124]	:	Key	71	UP	at	923149  
938444	[15295]	:	Key	71	DOWN	at	938444  
938557	[113]	:	Key	71	UP	at	938557  
942239	[3682]	:	Key	71	DOWN	at	942239  
944808	[2569]	:	time Target is 944808
945199	[391]	:	Key	71	DOWN	at	945198  
950156	[4957]	:	time Target is 950156
950464	[308]	:	Key	71	DOWN	at	950463  
955508	[5044]	:	time Target is 955508
960838	[5330]	:	time Target is 960838
961296	[458]	:	Key	71	DOWN	at	961296  
966183	[4887]	:	time Target is 966182
966509	[326]	:	Key	71	DOWN	at	966509  
971531	[5022]	:	time Target is 971531
971949	[418]	:	Key	71	DOWN	at	971948  
976879	[4930]	:	time Target is 976879
977551	[672]	:	Key	71	DOWN	at	977550  
982215	[4664]	:	time Target is 982215
982637	[422]	:	Key	71	DOWN	at	982636  
987601	[4964]	:	time Target is 987601
987884	[283]	:	Key	71	DOWN	at	987883  
992939	[5055]	:	time Target is 992939
993231	[292]	:	Key	71	DOWN	at	993230  
998277	[5046]	:	time Target is 998277
1003600	[5323]	:	time Target is 1003600
1008925	[5325]	:	time Target is 1008925
1009260	[335]	:	Key	71	DOWN	at	1009260 
1014267	[5007]	:	time Target is 1014267
1014560	[293]	:	Key	71	DOWN	at	1014560 
1019605	[5045]	:	time Target is 1019605
1020012	[407]	:	Key	71	DOWN	at	1020012 
1024946	[4934]	:	time Target is 1024946
1025343	[397]	:	Key	71	DOWN	at	1025342 
1030290	[4947]	:	time Target is 1030290
1035617	[5327]	:	time Target is 1035617
1040944	[5327]	:	time Target is 1040944
1041645	[701]	:	Key	71	DOWN	at	1041644 
1046290	[4645]	:	time Target is 1046290
1046592	[302]	:	Key	71	DOWN	at	1046592 
1051628	[5036]	:	time Target is 1051628
1052637	[1009]	:	Key	71	DOWN	at	1052636 
1056968	[4331]	:	time Target is 1056968
1062296	[5328]	:	time Target is 1062296
1063003	[707]	:	Key	71	DOWN	at	1063003 
1067633	[4630]	:	time Target is 1067633
1067934	[301]	:	Key	71	DOWN	at	1067933 
1072971	[5037]	:	time Target is 1072971
1078292	[5321]	:	time Target is 1078292
1078798	[506]	:	Key	71	DOWN	at	1078798 
1083652	[4854]	:	time Target is 1083652
1088967	[5315]	:	time Target is 1088967
1094290	[5323]	:	time Target is 1094290
1099611	[5321]	:	time Target is 1099611
1104931	[5320]	:	time Target is 1104931
1105392	[461]	:	Key	71	DOWN	at	1105391 
1110273	[4881]	:	time Target is 1110273
1115595	[5322]	:	time Target is 1115595
1116267	[672]	:	Key	71	DOWN	at	1116267 
1120933	[4666]	:	time Target is 1120933
1126258	[5325]	:	time Target is 1126258
1127404	[1146]	:	Key	71	DOWN	at	1127404 
1131598	[4194]	:	time Target is 1131598
1136922	[5324]	:	time Target is 1136922
1142242	[5320]	:	time Target is 1142242
1147555	[5313]	:	time Target is 1147555
1148029	[474]	:	Key	71	DOWN	at	1148029 
1152893	[4864]	:	time Target is 1152893
1154174	[1281]	:	Key	71	DOWN	at	1154174 
1158233	[4059]	:	time Target is 1158233
1159307	[1074]	:	Key	71	DOWN	at	1159307 
1163570	[4263]	:	time Target is 1163570
1163850	[280]	:	Key	71	DOWN	at	1163850 
1168935	[5085]	:	time Target is 1168935
1174256	[5321]	:	time Target is 1174256
1174767	[511]	:	Key	71	DOWN	at	1174767 
1179592	[4825]	:	time Target is 1179592
1184913	[5321]	:	time Target is 1184913
1190228	[5315]	:	time Target is 1190228
1190544	[316]	:	Key	71	DOWN	at	1190543 
1195564	[5020]	:	time Target is 1195564
1200887	[5323]	:	time Target is 1200887
1206215	[5328]	:	time Target is 1206215
1206635	[420]	:	Key	71	DOWN	at	1206635 
1211552	[4917]	:	time Target is 1211552
1216875	[5323]	:	time Target is 1216875
1217311	[436]	:	Key	71	DOWN	at	1217311 
1222214	[4903]	:	time Target is 1222214
1222541	[327]	:	Key	71	DOWN	at	1222540 
1227550	[5009]	:	time Target is 1227550
1227935	[385]	:	Key	71	DOWN	at	1227935 
1232890	[4955]	:	time Target is 1232890
1233261	[371]	:	Key	71	DOWN	at	1233261 
1238231	[4970]	:	time Target is 1238231
1238861	[630]	:	Key	71	DOWN	at	1238861 
1243568	[4707]	:	time Target is 1243568
1244384	[816]	:	Key	71	DOWN	at	1244384 
1248909	[4525]	:	time Target is 1248909
1254257	[5348]	:	time Target is 1254257
1254639	[382]	:	Key	71	DOWN	at	1254638 
1259597	[4958]	:	time Target is 1259597
1259932	[335]	:	Key	71	DOWN	at	1259930 
1264941	[5009]	:	time Target is 1264941
1265263	[322]	:	Key	71	DOWN	at	1265263 
1270280	[5017]	:	time Target is 1270280
1271229	[949]	:	Key	71	DOWN	at	1271229 
1275618	[4389]	:	time Target is 1275618
1280939	[5321]	:	time Target is 1280939
1281309	[370]	:	Key	71	DOWN	at	1281309 
1286275	[4966]	:	time Target is 1286275
1286684	[409]	:	Key	71	DOWN	at	1286684 
1291640	[4956]	:	time Target is 1291640
1296958	[5318]	:	time Target is 1296958
1302280	[5322]	:	time Target is 1302280
1302542	[262]	:	Key	71	DOWN	at	1302541 
1307624	[5082]	:	time Target is 1307623
1312942	[5318]	:	time Target is 1312942
1314108	[1166]	:	Key	71	DOWN	at	1314108 
1318281	[4173]	:	time Target is 1318281
1323604	[5323]	:	time Target is 1323604
1328926	[5322]	:	time Target is 1328926
1334246	[5320]	:	time Target is 1334246
1339565	[5319]	:	time Target is 1339565
1339968	[403]	:	Key	71	DOWN	at	1339967 
1344906	[4938]	:	time Target is 1344906
1350224	[5318]	:	time Target is 1350224
1355548	[5324]	:	time Target is 1355548
1356079	[531]	:	Key	71	DOWN	at	1356079 
1360883	[4804]	:	time Target is 1360883
1361947	[1064]	:	Key	71	DOWN	at	1361947 
1366217	[4270]	:	time Target is 1366217
1371542	[5325]	:	time Target is 1371542
1371866	[324]	:	Key	71	DOWN	at	1371866 
1376897	[5031]	:	time Target is 1376897
1377628	[731]	:	Key	71	DOWN	at	1377628 
1382234	[4606]	:	time Target is 1382234
1387560	[5326]	:	time Target is 1387560
1392894	[5334]	:	time Target is 1392894
1393149	[255]	:	Key	71	DOWN	at	1393149 
1398229	[5080]	:	time Target is 1398229
1398542	[313]	:	Key	71	DOWN	at	1398542 
1403568	[5026]	:	time Target is 1403568
1403995	[427]	:	Key	71	DOWN	at	1403995 
1408907	[4912]	:	time Target is 1408907
1409232	[325]	:	Key	71	DOWN	at	1409231 
1414246	[5014]	:	time Target is 1414246
1414588	[342]	:	Key	71	DOWN	at	1414588 
1419585	[4997]	:	time Target is 1419585
1419871	[286]	:	Key	71	DOWN	at	1419870 
1423888	[4017]	:	Key	71	UP	at	1419996 
1448058	[24170]	:	Key	71	DOWN	at	1448058 
1448848	[790]	:	Key	71	UP	at	1448189 
1449118	[270]	:	time Target is 1449118
1449565	[447]	:	Key	71	DOWN	at	1449564 
1454456	[4891]	:	time Target is 1454456
1454765	[309]	:	Key	71	DOWN	at	1454765 
1459787	[5022]	:	time Target is 1459787
1465114	[5327]	:	time Target is 1465114
1465418	[304]	:	Key	71	DOWN	at	1465418 
1470451	[5033]	:	time Target is 1470451
1475772	[5321]	:	time Target is 1475772
1476239	[467]	:	Key	71	DOWN	at	1476239 
1481113	[4874]	:	time Target is 1481113
1481422	[309]	:	Key	71	DOWN	at	1481422 
1486449	[5027]	:	time Target is 1486449
1486621	[172]	:	Key	71	DOWN	at	1486621 
1491783	[5162]	:	time Target is 1491783
1497102	[5319]	:	time Target is 1497102
1497519	[417]	:	Key	71	DOWN	at	1497519 
1502435	[4916]	:	time Target is 1502435
1502780	[345]	:	Key	71	DOWN	at	1502780 
1507780	[5000]	:	time Target is 1507780
1513102	[5322]	:	time Target is 1513102
1518440	[5338]	:	time Target is 1518440
1519263	[823]	:	Key	71	DOWN	at	1519262 
1523777	[4514]	:	time Target is 1523777
1524557	[780]	:	Key	71	DOWN	at	1524557 
1529112	[4555]	:	time Target is 1529112
1534438	[5326]	:	time Target is 1534438
1534846	[408]	:	Key	71	DOWN	at	1534846 
1539783	[4937]	:	time Target is 1539782
1545108	[5325]	:	time Target is 1545108
1545404	[296]	:	Key	71	DOWN	at	1545404 
1550466	[5062]	:	time Target is 1550466
1555789	[5323]	:	time Target is 1555789
1556143	[354]	:	Key	71	DOWN	at	1556143 
1561121	[4978]	:	time Target is 1561121
1561438	[317]	:	Key	71	DOWN	at	1561438 
1566454	[5016]	:	time Target is 1566454
1571777	[5323]	:	time Target is 1571777
1572093	[316]	:	Key	71	DOWN	at	1572093 
1577111	[5018]	:	time Target is 1577111
1582434	[5323]	:	time Target is 1582434
1582750	[316]	:	Key	71	DOWN	at	1582750 
1587770	[5020]	:	time Target is 1587770
1593127	[5357]	:	time Target is 1593127
1594430	[1303]	:	Key	71	DOWN	at	1594429 
1598466	[4036]	:	time Target is 1598466
1599085	[619]	:	Key	71	DOWN	at	1599085 
1603804	[4719]	:	time Target is 1603804
1609126	[5322]	:	time Target is 1609126
1614454	[5328]	:	time Target is 1614454
1615630	[1176]	:	Key	71	DOWN	at	1615629 
1619799	[4169]	:	time Target is 1619799
1625130	[5331]	:	time Target is 1625130
1625469	[339]	:	Key	71	DOWN	at	1625468 
1630488	[5019]	:	time Target is 1630488
1635807	[5319]	:	time Target is 1635807
1641131	[5324]	:	time Target is 1641131
1641402	[271]	:	Key	71	DOWN	at	1641402 
1646464	[5062]	:	time Target is 1646464
1646523	[59]	:	Key	71	DOWN	at	1646523 
1651806	[5283]	:	time Target is 1651806
1657128	[5322]	:	time Target is 1657128
1657452	[324]	:	Key	71	DOWN	at	1657452 
1662457	[5005]	:	time Target is 1662457
1667775	[5318]	:	time Target is 1667775
1668157	[382]	:	Key	71	DOWN	at	1668157 
1673107	[4950]	:	time Target is 1673107
1673483	[376]	:	Key	71	DOWN	at	1673483 
1678441	[4958]	:	time Target is 1678441
1683766	[5325]	:	time Target is 1683766
1684459	[693]	:	Key	71	DOWN	at	1684459 
1689112	[4653]	:	time Target is 1689112
1690111	[999]	:	Key	71	DOWN	at	1690111 
1694452	[4341]	:	time Target is 1694452
1695306	[854]	:	Key	71	DOWN	at	1695306 
1699797	[4491]	:	time Target is 1699797
1705122	[5325]	:	time Target is 1705122
1710441	[5319]	:	time Target is 1710441
1715764	[5323]	:	time Target is 1715764
1721100	[5336]	:	time Target is 1721100
1721456	[356]	:	Key	71	DOWN	at	1721455 
1726443	[4987]	:	time Target is 1726443
1726830	[387]	:	Key	71	DOWN	at	1726830 
1731780	[4950]	:	time Target is 1731780
1737114	[5334]	:	time Target is 1737114
1742439	[5325]	:	time Target is 1742439
1743085	[646]	:	Key	71	DOWN	at	1743085 
1747773	[4688]	:	time Target is 1747773
1753100	[5327]	:	time Target is 1753100
1758423	[5323]	:	time Target is 1758423
1758829	[406]	:	Key	71	DOWN	at	1758829 
1763767	[4938]	:	time Target is 1763767
1769092	[5325]	:	time Target is 1769092
1774415	[5323]	:	time Target is 1774415
1779739	[5324]	:	time Target is 1779739
1780572	[833]	:	Key	71	DOWN	at	1780571 
1785076	[4504]	:	time Target is 1785076
1790395	[5319]	:	time Target is 1790395
1790894	[499]	:	Key	71	DOWN	at	1790894 
1795728	[4834]	:	time Target is 1795728
1801052	[5324]	:	time Target is 1801052
1806371	[5319]	:	time Target is 1806371
1806765	[394]	:	Key	71	DOWN	at	1806764 
1811705	[4940]	:	time Target is 1811705
1817025	[5320]	:	time Target is 1817025
1817322	[297]	:	Key	71	DOWN	at	1817322 
1822370	[5048]	:	time Target is 1822370
1827688	[5318]	:	time Target is 1827688
1833013	[5325]	:	time Target is 1833013
1838380	[5367]	:	time Target is 1838380
1839004	[624]	:	Key	71	DOWN	at	1839003 
1843723	[4719]	:	time Target is 1843723
1844444	[721]	:	Key	71	DOWN	at	1844443 
1849063	[4619]	:	time Target is 1849063
1849788	[725]	:	Key	71	DOWN	at	1849788 
1854407	[4619]	:	time Target is 1854407
1859730	[5323]	:	time Target is 1859730
1860220	[490]	:	Key	71	DOWN	at	1860220 
1865065	[4845]	:	time Target is 1865065
1865885	[820]	:	Key	71	DOWN	at	1865885 
1870401	[4516]	:	time Target is 1870401
1875722	[5321]	:	time Target is 1875722
1876175	[453]	:	Key	71	DOWN	at	1876174 
1881062	[4887]	:	time Target is 1881062
1886382	[5320]	:	time Target is 1886382
1886686	[304]	:	Key	71	DOWN	at	1886686 
1891717	[5031]	:	time Target is 1891717
1897040	[5323]	:	time Target is 1897040
1902364	[5324]	:	time Target is 1902364
1907688	[5324]	:	time Target is 1907688
1908175	[487]	:	Key	71	DOWN	at	1908174 
1912760	[4585]	:	Key	71	DOWN	at	1912444 
1912761	[1]	:	Key	71	UP	at	1912491 
1912761	[0]	:	Key	71	DOWN	at	1912539 
1915571	[2810]	:	time Target is 1915571
1916602	[1031]	:	Key	71	DOWN	at	1916602 
1920904	[4302]	:	time Target is 1920904
1921999	[1095]	:	Key	71	DOWN	at	1921999 
1925204	[3205]	:	Key	71	UP	at	1922538 
1964891	[39687]	:	Key	71	DOWN	at	1964890 
1965020	[129]	:	Key	71	UP	at	1965020 
1966156	[1136]	:	Key	71	DOWN	at	1966155 
1966940	[784]	:	Key	71	UP	at	1966252 
1967209	[269]	:	time Target is 1967209
1968030	[821]	:	Key	71	DOWN	at	1968029 
1972551	[4521]	:	time Target is 1972551
1973451	[900]	:	Key	71	DOWN	at	1973451 
1977885	[4434]	:	time Target is 1977885
1978173	[288]	:	Key	71	DOWN	at	1978173 
1983218	[5045]	:	time Target is 1983218
1988542	[5324]	:	time Target is 1988542
1988557	[15]	:	Key	71	DOWN	at	1988556 
1993874	[5317]	:	time Target is 1993874
1999194	[5320]	:	time Target is 1999194
2004523	[5329]	:	time Target is 2004523
2004957	[434]	:	Key	71	DOWN	at	2004957 
2009859	[4902]	:	time Target is 2009859
2010298	[439]	:	Key	71	DOWN	at	2010298 
2015187	[4889]	:	time Target is 2015187
2020514	[5327]	:	time Target is 2020514
2021723	[1209]	:	Key	71	DOWN	at	2021722 
2025857	[4134]	:	time Target is 2025857
2031179	[5322]	:	time Target is 2031179
2032094	[915]	:	Key	71	DOWN	at	2032094 
2036518	[4424]	:	time Target is 2036518
2036589	[71]	:	Key	71	DOWN	at	2036589 
2041856	[5267]	:	time Target is 2041856
2042283	[427]	:	Key	71	DOWN	at	2042283 
2047186	[4903]	:	time Target is 2047186
2047965	[779]	:	Key	71	DOWN	at	2047965 
2052520	[4555]	:	time Target is 2052520
2057842	[5322]	:	time Target is 2057842
2058462	[620]	:	Key	71	DOWN	at	2058462 
2063183	[4721]	:	time Target is 2063183
2063933	[750]	:	Key	71	DOWN	at	2063931 
2068545	[4612]	:	time Target is 2068545
2068942	[397]	:	Key	71	DOWN	at	2068942 
2073880	[4938]	:	time Target is 2073880
2079203	[5323]	:	time Target is 2079203
2084525	[5322]	:	time Target is 2084525
2089846	[5321]	:	time Target is 2089846
2090701	[855]	:	Key	71	DOWN	at	2090701 
2095184	[4483]	:	time Target is 2095184
2100507	[5323]	:	time Target is 2100507
2105825	[5318]	:	time Target is 2105825
2111146	[5321]	:	time Target is 2111146
2116470	[5324]	:	time Target is 2116470
2117086	[616]	:	Key	71	DOWN	at	2117086 
2121812	[4726]	:	time Target is 2121812
2122303	[491]	:	Key	71	DOWN	at	2122303 
2127150	[4847]	:	time Target is 2127150
2132470	[5320]	:	time Target is 2132470
2137800	[5330]	:	time Target is 2137800
2138286	[486]	:	Key	71	DOWN	at	2138286 
2143136	[4850]	:	time Target is 2143136
2148485	[5349]	:	time Target is 2148485
2149007	[522]	:	Key	71	DOWN	at	2149006 
2153825	[4818]	:	time Target is 2153825
2154155	[330]	:	Key	71	DOWN	at	2154155 
2159156	[5001]	:	Key	71	DOWN	at	2159132 
2161970	[2814]	:	time Target is 2161970
2162782	[812]	:	Key	71	DOWN	at	2162781 
2167310	[4528]	:	time Target is 2167310
2167851	[541]	:	Key	71	DOWN	at	2167850 
2172647	[4796]	:	time Target is 2172647
2173308	[661]	:	Key	71	DOWN	at	2173308 
2177984	[4676]	:	time Target is 2177984
2178924	[940]	:	Key	71	DOWN	at	2178924 
2183322	[4398]	:	time Target is 2183322
2188645	[5323]	:	time Target is 2188645
2189228	[583]	:	Key	71	DOWN	at	2189227 
2193986	[4758]	:	time Target is 2193986
2199311	[5325]	:	time Target is 2199311
2199695	[384]	:	Key	71	DOWN	at	2199694 
2204655	[4960]	:	time Target is 2204655
2205098	[443]	:	Key	71	DOWN	at	2205098 
2209993	[4895]	:	time Target is 2209993
2211390	[1397]	:	Key	71	DOWN	at	2211390 
2215364	[3974]	:	time Target is 2215364
2220683	[5319]	:	time Target is 2220683
2221070	[387]	:	Key	71	DOWN	at	2221070 
2226028	[4958]	:	time Target is 2226028
2226619	[591]	:	Key	71	DOWN	at	2226618 
2231368	[4749]	:	time Target is 2231368
2236689	[5321]	:	time Target is 2236689
2242011	[5322]	:	time Target is 2242011
2242764	[753]	:	Key	71	DOWN	at	2242764 
2247348	[4584]	:	time Target is 2247348
2252670	[5322]	:	time Target is 2252670
2253035	[365]	:	Key	71	DOWN	at	2253035 
2258034	[4999]	:	time Target is 2258034
2263351	[5317]	:	time Target is 2263351
2268678	[5327]	:	time Target is 2268678
2274000	[5322]	:	time Target is 2274000
2274635	[635]	:	Key	71	DOWN	at	2274635 
2279341	[4706]	:	time Target is 2279341
2284662	[5321]	:	time Target is 2284662
2285197	[535]	:	Key	71	DOWN	at	2285196 
2290033	[4836]	:	time Target is 2290033
2295356	[5323]	:	time Target is 2295356
2295853	[497]	:	Key	71	DOWN	at	2295853 
2300699	[4846]	:	time Target is 2300699
2306018	[5319]	:	time Target is 2306018
2307212	[1194]	:	Key	71	DOWN	at	2307211 
2311359	[4147]	:	time Target is 2311359
2316679	[5320]	:	time Target is 2316679
2317259	[580]	:	Key	71	DOWN	at	2317259 
2322022	[4763]	:	time Target is 2322022
2327343	[5321]	:	time Target is 2327343
2332664	[5321]	:	time Target is 2332664
2333738	[1074]	:	Key	71	DOWN	at	2333737 
2337990	[4252]	:	time Target is 2337990
2338617	[627]	:	Key	71	DOWN	at	2338617 
2343332	[4715]	:	time Target is 2343332
2348659	[5327]	:	time Target is 2348659
2349308	[649]	:	Key	71	DOWN	at	2349308 
2353996	[4688]	:	time Target is 2353996
2354334	[338]	:	Key	71	DOWN	at	2354333 
2359336	[5002]	:	time Target is 2359336
2364658	[5322]	:	time Target is 2364658
2369998	[5340]	:	time Target is 2369998
2370332	[334]	:	Key	71	DOWN	at	2370332 
2375329	[4997]	:	time Target is 2375329
2376509	[1180]	:	Key	71	DOWN	at	2376509 
2380668	[4159]	:	time Target is 2380668
2385992	[5324]	:	time Target is 2385992
2391314	[5322]	:	time Target is 2391314
2396642	[5328]	:	time Target is 2396642
2397243	[601]	:	Key	71	DOWN	at	2397242 
2401982	[4739]	:	time Target is 2401982
2407309	[5327]	:	time Target is 2407309
2407917	[608]	:	Key	71	DOWN	at	2407916 
2412647	[4730]	:	time Target is 2412647
2417973	[5326]	:	time Target is 2417973
2423295	[5322]	:	time Target is 2423295
2428617	[5322]	:	time Target is 2428617
2429307	[690]	:	Key	71	DOWN	at	2429307 
2433953	[4646]	:	time Target is 2433953
2439274	[5321]	:	time Target is 2439274
2719819	[280545]	:	Key	71	DOWN	at	2719819 
2720613	[794]	:	Key	71	UP	at	2719933 
2720879	[266]	:	time Target is 2720879
2726201	[5322]	:	time Target is 2726201
2731527	[5326]	:	time Target is 2731527
2731901	[374]	:	Key	71	DOWN	at	2731901 
2736867	[4966]	:	time Target is 2736867
2742190	[5323]	:	time Target is 2742190
2742762	[572]	:	Key	71	DOWN	at	2742761 
2747530	[4768]	:	time Target is 2747530
2748074	[544]	:	Key	71	DOWN	at	2748074 
2752867	[4793]	:	time Target is 2752867
2753753	[886]	:	Key	71	DOWN	at	2753753 
2758202	[4449]	:	time Target is 2758202
2758537	[335]	:	Key	71	DOWN	at	2758537 
2763557	[5020]	:	time Target is 2763557
2768876	[5319]	:	time Target is 2768876
2774200	[5324]	:	time Target is 2774200
2775020	[820]	:	Key	71	DOWN	at	2775020 
2779551	[4531]	:	time Target is 2779551
2784876	[5325]	:	time Target is 2784876
2785626	[750]	:	Key	71	DOWN	at	2785625 
2790223	[4597]	:	time Target is 2790223
2795559	[5336]	:	time Target is 2795559
2800886	[5327]	:	time Target is 2800886
2801421	[535]	:	Key	71	DOWN	at	2801421 
2806227	[4806]	:	time Target is 2806227
2811548	[5321]	:	time Target is 2811548
2812280	[732]	:	Key	71	DOWN	at	2812280 
2816877	[4597]	:	time Target is 2816877
2822199	[5322]	:	time Target is 2822199
2827523	[5324]	:	time Target is 2827523
2828090	[567]	:	Key	71	DOWN	at	2828089 
2832859	[4769]	:	time Target is 2832859
2838183	[5324]	:	time Target is 2838183
2838733	[550]	:	Key	71	DOWN	at	2838733 
2843519	[4786]	:	time Target is 2843519
2843773	[254]	:	Key	71	DOWN	at	2843773 
2848864	[5091]	:	time Target is 2848864
2854185	[5321]	:	time Target is 2854185
2859524	[5339]	:	time Target is 2859524
2864846	[5322]	:	time Target is 2864846
2865226	[380]	:	Key	71	DOWN	at	2865225 
2870186	[4960]	:	time Target is 2870186
2875505	[5319]	:	time Target is 2875505
2875835	[330]	:	Key	71	DOWN	at	2875835 
2880838	[5003]	:	time Target is 2880838
2886167	[5329]	:	time Target is 2886167
2891488	[5321]	:	time Target is 2891488
2896819	[5331]	:	time Target is 2896819
2902144	[5325]	:	time Target is 2902144
2903582	[1438]	:	Key	71	DOWN	at	2903581 
2907483	[3901]	:	time Target is 2907483
2912805	[5322]	:	time Target is 2912805
2913406	[601]	:	Key	71	DOWN	at	2913405 
2918147	[4741]	:	time Target is 2918147
2918444	[297]	:	Key	71	DOWN	at	2918443 
2923486	[5042]	:	time Target is 2923486
2923740	[254]	:	Key	71	DOWN	at	2923740 
2928822	[5082]	:	time Target is 2928822
2929117	[295]	:	Key	71	DOWN	at	2929116 
2934169	[5052]	:	time Target is 2934169
2934395	[226]	:	Key	71	DOWN	at	2934395 
2939503	[5108]	:	time Target is 2939503
2940126	[623]	:	Key	71	DOWN	at	2940125 
2944842	[4716]	:	time Target is 2944842
2945464	[622]	:	Key	71	DOWN	at	2945464 
2950181	[4717]	:	time Target is 2950181
2950491	[310]	:	Key	71	DOWN	at	2950491 
2955517	[5026]	:	time Target is 2955517
2960837	[5320]	:	time Target is 2960837
2961193	[356]	:	Key	71	DOWN	at	2961193 
2966176	[4983]	:	time Target is 2966176
2971501	[5325]	:	time Target is 2971501
2972636	[1135]	:	Key	71	DOWN	at	2972636 
2976832	[4196]	:	time Target is 2976832
2977242	[410]	:	Key	71	DOWN	at	2977242 
2982173	[4931]	:	time Target is 2982173
2982603	[430]	:	Key	71	DOWN	at	2982603 
2987518	[4915]	:	time Target is 2987518
2988077	[559]	:	Key	71	DOWN	at	2988076 
2992870	[4793]	:	time Target is 2992870
2993595	[725]	:	Key	71	DOWN	at	2993595 
2998206	[4611]	:	time Target is 2998206
3003533	[5327]	:	time Target is 3003533
3004459	[926]	:	Key	71	DOWN	at	3004459 
3008869	[4410]	:	time Target is 3008869
3009149	[280]	:	Key	71	DOWN	at	3009149 
3014196	[5047]	:	time Target is 3014196
3019516	[5320]	:	time Target is 3019516
3024835	[5319]	:	time Target is 3024835
3030153	[5318]	:	time Target is 3030153
3035474	[5321]	:	time Target is 3035474
3040797	[5323]	:	time Target is 3040797
3046121	[5324]	:	time Target is 3046121
3046440	[319]	:	Key	71	DOWN	at	3046440 
3051463	[5023]	:	time Target is 3051463
3056781	[5318]	:	time Target is 3056781
3062104	[5323]	:	time Target is 3062104
3062666	[562]	:	Key	71	DOWN	at	3062665 
3067444	[4778]	:	time Target is 3067444
3072766	[5322]	:	time Target is 3072766
3073128	[362]	:	Key	71	DOWN	at	3073127 
3078104	[4976]	:	time Target is 3078104
3079065	[961]	:	Key	71	DOWN	at	3079065 
3083439	[4374]	:	time Target is 3083439
3083724	[285]	:	Key	71	DOWN	at	3083724 
3088782	[5058]	:	time Target is 3088782
3090233	[1451]	:	Key	71	DOWN	at	3090233 
3094112	[3879]	:	time Target is 3094112
3094379	[267]	:	Key	71	DOWN	at	3094379 
3099450	[5071]	:	time Target is 3099450
3099754	[304]	:	Key	71	DOWN	at	3099753 
3104789	[5035]	:	time Target is 3104789
3105930	[1141]	:	Key	71	DOWN	at	3105929 
3110125	[4195]	:	time Target is 3110125
3110604	[479]	:	Key	71	DOWN	at	3110604 
3115463	[4859]	:	time Target is 3115463
3120789	[5326]	:	time Target is 3120789
3121116	[327]	:	Key	71	DOWN	at	3121116 
3126125	[5009]	:	time Target is 3126125
3131452	[5327]	:	time Target is 3131452
3131912	[460]	:	Key	71	DOWN	at	3131912 
3136791	[4879]	:	time Target is 3136791
3142115	[5324]	:	time Target is 3142115
3147448	[5333]	:	time Target is 3147448
3152770	[5322]	:	time Target is 3152770
3158093	[5323]	:	time Target is 3158093
3163418	[5325]	:	time Target is 3163418
3168744	[5326]	:	time Target is 3168744
3174065	[5321]	:	time Target is 3174065
3179388	[5323]	:	time Target is 3179388
3184707	[5319]	:	time Target is 3184707
3190029	[5322]	:	time Target is 3190029
3190508	[479]	:	Key	71	DOWN	at	3190508 
3195387	[4879]	:	time Target is 3195387
3205785	[10398]	:	Key	71	DOWN	at	3205784 
3205884	[99]	:	Key	71	UP	at	3205884 
3215996	[10112]	:	Key	38	DOWN	at	3215996 
3216089	[93]	:	Key	38	UP	at	3216089 
3221080	[4991]	:	Key	29	DOWN	at	3221080 
3221228	[148]	:	Key	29	UP	at	3221228 
3227595	[6367]	:	Key	28	DOWN	at	3227595 
3227756	[161]	:	Key	28	UP	at	3227755 
3229880	[2124]	:	Key	29	DOWN	at	3229880 
3230009	[129]	:	Key	29	UP	at	3230008 
3230393	[384]	:	Key	29	DOWN	at	3230392 
3230540	[147]	:	Key	29	UP	at	3230539 
3231931	[1391]	:	Key	29	DOWN	at	3231931 
3232040	[109]	:	Key	29	UP	at	3232040 
3232906	[866]	:	Key	29	DOWN	at	3232906 
3233017	[111]	:	Key	29	UP	at	3233017 
3234139	[1122]	:	Key	29	DOWN	at	3234139 
3234268	[129]	:	Key	29	UP	at	3234268 
3234395	[127]	:	Key	28	DOWN	at	3234394 
3234523	[128]	:	Key	28	UP	at	3234522 
3238025	[3502]	:	Key	29	DOWN	at	3238025 
3238140	[115]	:	Key	29	UP	at	3238140 
3238491	[351]	:	Key	29	DOWN	at	3238491 
3238572	[81]	:	Key	29	UP	at	3238571 
3239915	[1343]	:	Key	29	DOWN	at	3239915 
3240025	[110]	:	Key	29	UP	at	3240025 
3240155	[130]	:	Key	29	DOWN	at	3240155 
3240249	[94]	:	Key	29	UP	at	3240249 
3244107	[3858]	:	Key	28	DOWN	at	3244107 
3244219	[112]	:	Key	28	UP	at	3244218 
3244602	[383]	:	Key	28	DOWN	at	3244602 
3244684	[82]	:	Key	28	UP	at	3244684 
3246829	[2145]	:	Key	29	DOWN	at	3246828 
3246908	[79]	:	Key	29	UP	at	3246908 
3247051	[143]	:	Key	29	DOWN	at	3247051 
3247078	[27]	:	COGENT STOP
