Cog2000 log file Sat Jan 18 14:31:38 2020
gprim v1.33 Compiled:Aug 12 2015 (GLib DirectDraw v7 DX12.0 Compiled:Aug 12 2015)
Display:1024x768x32 59.95Hz
Attaching C:\Program Files\Cogent2000v1.33\Toolbox\CogInput.mexw64
CogInput v1.05 Compiled: May 20 2010
3	[3]	:	COGENT START
34711	[34708]	:	Key	71	DOWN	at	34706   
34785	[74]	:	Key	71	UP	at	34784   
52451	[17666]	:	Key	71	DOWN	at	52450   
52564	[113]	:	Key	71	UP	at	52563   
55734	[3170]	:	Key	71	DOWN	at	55731   
55824	[90]	:	Key	71	UP	at	55823   
66543	[10719]	:	Key	71	DOWN	at	66543   
66608	[65]	:	Key	71	UP	at	66607   
81539	[14931]	:	Key	71	DOWN	at	81538   
81636	[97]	:	Key	71	UP	at	81636   
98451	[16815]	:	Key	71	DOWN	at	98451   
99314	[863]	:	time Target is 99307
105429	[6115]	:	time Target is 105428
105699	[270]	:	Key	71	DOWN	at	105698  
111536	[5837]	:	time Target is 111535
112962	[1426]	:	Key	71	DOWN	at	112961  
113106	[144]	:	Key	71	UP	at	113106  
117638	[4532]	:	time Target is 117637
118052	[414]	:	Key	71	DOWN	at	118052  
123742	[5690]	:	time Target is 123737
124065	[323]	:	Key	71	DOWN	at	124065  
133151	[9086]	:	Key	71	DOWN	at	133151  
134217	[1066]	:	time Target is 134217
140540	[6323]	:	time Target is 140539
146864	[6324]	:	time Target is 146864
153199	[6335]	:	time Target is 153198
172370	[19171]	:	Key	71	DOWN	at	172369  
172531	[161]	:	Key	71	UP	at	172531  
176623	[4092]	:	Key	71	DOWN	at	176623  
176735	[112]	:	Key	71	UP	at	176734  
181343	[4608]	:	Key	71	DOWN	at	181343  
181475	[132]	:	Key	71	UP	at	181475  
189076	[7601]	:	Key	71	DOWN	at	189075  
189201	[125]	:	Key	71	UP	at	189200  
192867	[3666]	:	Key	71	DOWN	at	192867  
193702	[835]	:	Key	71	UP	at	193006  
193729	[27]	:	time Target is 193728
194291	[562]	:	Key	71	DOWN	at	194290  
198823	[4532]	:	time Target is 198823
199537	[714]	:	Key	71	DOWN	at	199537  
203914	[4377]	:	time Target is 203914
204576	[662]	:	Key	71	DOWN	at	204576  
209010	[4434]	:	time Target is 209010
209538	[528]	:	Key	71	DOWN	at	209538  
214119	[4581]	:	time Target is 214118
214772	[653]	:	Key	71	DOWN	at	214771  
218428	[3656]	:	Key	71	UP	at	214912  
222671	[4243]	:	Key	71	DOWN	at	222671  
223458	[787]	:	Key	71	UP	at	222801  
223485	[27]	:	time Target is 223484
235487	[12002]	:	Key	71	DOWN	at	235486  
235569	[82]	:	Key	71	UP	at	235568  
240128	[4559]	:	Key	71	DOWN	at	240128  
240920	[792]	:	Key	71	UP	at	240256  
240942	[22]	:	time Target is 240942
246019	[5077]	:	time Target is 246018
251091	[5072]	:	time Target is 251091
256166	[5075]	:	time Target is 256166
261233	[5067]	:	time Target is 261233
266318	[5085]	:	time Target is 266317
273823	[7505]	:	Key	71	DOWN	at	273823  
274604	[781]	:	Key	71	UP	at	273904  
274623	[19]	:	time Target is 274623
275187	[564]	:	Key	71	DOWN	at	275187  
278918	[3731]	:	Key	71	UP	at	275329  
286927	[8009]	:	Key	71	DOWN	at	286927  
287057	[130]	:	Key	71	UP	at	287056  
290995	[3938]	:	Key	71	DOWN	at	290995  
291786	[791]	:	Key	71	UP	at	291183  
291809	[23]	:	time Target is 291809
292481	[672]	:	Key	71	DOWN	at	292480  
296891	[4410]	:	time Target is 296891
301960	[5069]	:	time Target is 301960
302452	[492]	:	Key	71	DOWN	at	302451  
307048	[4596]	:	time Target is 307048
318767	[11719]	:	Key	71	DOWN	at	318767  
318867	[100]	:	Key	71	UP	at	318866  
322704	[3837]	:	Key	71	DOWN	at	322704  
323490	[786]	:	Key	71	UP	at	322866  
323511	[21]	:	time Target is 323511
324356	[845]	:	Key	71	DOWN	at	324355  
328599	[4243]	:	time Target is 328597
333670	[5071]	:	time Target is 333670
334431	[761]	:	Key	71	DOWN	at	334430  
338758	[4327]	:	time Target is 338758
349632	[10874]	:	Key	71	DOWN	at	349631  
349762	[130]	:	Key	71	UP	at	349761  
364468	[14706]	:	Key	71	DOWN	at	364467  
364612	[144]	:	Key	71	UP	at	364612  
379555	[14943]	:	Key	71	DOWN	at	379555  
379710	[155]	:	Key	71	UP	at	379710  
391632	[11922]	:	Key	71	DOWN	at	391631  
391779	[147]	:	Key	71	UP	at	391779  
397631	[5852]	:	Key	71	DOWN	at	397631  
400204	[2573]	:	time Target is 400204
400942	[738]	:	Key	71	DOWN	at	400942  
405547	[4605]	:	time Target is 405547
405923	[376]	:	Key	71	DOWN	at	405923  
410923	[5000]	:	time Target is 410923
416251	[5328]	:	time Target is 416251
416465	[214]	:	Key	71	DOWN	at	416465  
421600	[5135]	:	time Target is 421599
426930	[5330]	:	time Target is 426930
427459	[529]	:	Key	71	DOWN	at	427459  
432271	[4812]	:	time Target is 432271
437591	[5320]	:	time Target is 437591
438065	[474]	:	Key	71	DOWN	at	438064  
442934	[4869]	:	time Target is 442934
448259	[5325]	:	time Target is 448259
449025	[766]	:	Key	71	DOWN	at	449025  
453597	[4572]	:	time Target is 453597
458944	[5347]	:	time Target is 458944
459056	[112]	:	Key	71	DOWN	at	459056  
464282	[5226]	:	time Target is 464282
464992	[710]	:	Key	71	DOWN	at	464991  
469618	[4626]	:	time Target is 469618
470434	[816]	:	Key	71	DOWN	at	470434  
474958	[4524]	:	time Target is 474958
475632	[674]	:	Key	71	DOWN	at	475631  
480303	[4671]	:	time Target is 480303
485631	[5328]	:	time Target is 485631
486305	[674]	:	Key	71	DOWN	at	486305  
490969	[4664]	:	time Target is 490969
496295	[5326]	:	time Target is 496295
497696	[1401]	:	Key	71	DOWN	at	497695  
501633	[3937]	:	time Target is 501633
506955	[5322]	:	time Target is 506955
512277	[5322]	:	time Target is 512277
512621	[344]	:	Key	71	DOWN	at	512621  
517613	[4992]	:	time Target is 517613
518001	[388]	:	Key	71	DOWN	at	518001  
522946	[4945]	:	time Target is 522946
523650	[704]	:	Key	71	DOWN	at	523649  
528285	[4635]	:	time Target is 528285
533605	[5320]	:	time Target is 533605
533840	[235]	:	Key	71	DOWN	at	533839  
538941	[5101]	:	time Target is 538941
539727	[786]	:	Key	71	DOWN	at	539727  
544283	[4556]	:	time Target is 544283
544833	[550]	:	Key	71	DOWN	at	544833  
549617	[4784]	:	time Target is 549617
554938	[5321]	:	time Target is 554938
555057	[119]	:	Key	71	DOWN	at	555057  
560292	[5235]	:	time Target is 560292
560751	[459]	:	Key	71	DOWN	at	560751  
565628	[4877]	:	time Target is 565628
570948	[5320]	:	time Target is 570948
571489	[541]	:	Key	71	DOWN	at	571489  
576281	[4792]	:	time Target is 576281
581608	[5327]	:	time Target is 581608
581920	[312]	:	Key	71	DOWN	at	581920  
586939	[5019]	:	time Target is 586939
587295	[356]	:	Key	71	DOWN	at	587294  
592275	[4980]	:	time Target is 592275
593024	[749]	:	Key	71	DOWN	at	593024  
597607	[4583]	:	time Target is 597607
598095	[488]	:	Key	71	DOWN	at	598095  
602945	[4850]	:	time Target is 602945
608270	[5325]	:	time Target is 608270
608447	[177]	:	Key	71	DOWN	at	608446  
613605	[5158]	:	time Target is 613605
614686	[1081]	:	Key	71	DOWN	at	614686  
618942	[4256]	:	time Target is 618942
619395	[453]	:	Key	71	DOWN	at	619394  
624286	[4891]	:	time Target is 624286
629610	[5324]	:	time Target is 629610
630178	[568]	:	Key	71	DOWN	at	630178  
634941	[4763]	:	time Target is 634941
640267	[5326]	:	time Target is 640267
640480	[213]	:	Key	71	DOWN	at	640479  
645603	[5123]	:	time Target is 645603
650926	[5323]	:	time Target is 650926
651361	[435]	:	Key	71	DOWN	at	651360  
656268	[4907]	:	time Target is 656268
661592	[5324]	:	time Target is 661592
666912	[5320]	:	time Target is 666912
667327	[415]	:	Key	71	DOWN	at	667327  
672248	[4921]	:	time Target is 672248
677574	[5326]	:	time Target is 677574
677875	[301]	:	Key	71	DOWN	at	677874  
682916	[5041]	:	time Target is 682916
683440	[524]	:	Key	71	DOWN	at	683439  
688257	[4817]	:	time Target is 688257
693583	[5326]	:	time Target is 693583
693987	[404]	:	Key	71	DOWN	at	693986  
698918	[4931]	:	time Target is 698918
704249	[5331]	:	time Target is 704249
704611	[362]	:	Key	71	DOWN	at	704611  
709582	[4971]	:	time Target is 709582
710690	[1108]	:	Key	71	DOWN	at	710689  
714923	[4233]	:	time Target is 714923
720248	[5325]	:	time Target is 720248
725573	[5325]	:	time Target is 725573
726355	[782]	:	Key	71	DOWN	at	726355  
730929	[4574]	:	time Target is 730929
732098	[1169]	:	Key	71	DOWN	at	732098  
736270	[4172]	:	time Target is 736270
741591	[5321]	:	time Target is 741591
742016	[425]	:	Key	71	DOWN	at	742016  
746932	[4916]	:	time Target is 746932
752268	[5336]	:	time Target is 752268
752510	[242]	:	Key	71	DOWN	at	752510  
757599	[5089]	:	time Target is 757599
757743	[144]	:	Key	71	DOWN	at	757743  
762938	[5195]	:	time Target is 762938
764370	[1432]	:	Key	71	DOWN	at	764370  
768275	[3905]	:	time Target is 768275
773597	[5322]	:	time Target is 773597
773934	[337]	:	Key	71	DOWN	at	773934  
778929	[4995]	:	time Target is 778929
784255	[5326]	:	time Target is 784255
784928	[673]	:	Key	71	DOWN	at	784927  
789592	[4664]	:	time Target is 789592
794913	[5321]	:	time Target is 794913
795375	[462]	:	Key	71	DOWN	at	795375  
800255	[4880]	:	time Target is 800255
805577	[5322]	:	time Target is 805577
810897	[5320]	:	time Target is 810897
811582	[685]	:	Key	71	DOWN	at	811582  
816236	[4654]	:	time Target is 816236
816546	[310]	:	Key	71	DOWN	at	816546  
821567	[5021]	:	time Target is 821567
821759	[192]	:	Key	71	DOWN	at	821758  
826902	[5143]	:	time Target is 826902
832225	[5323]	:	time Target is 832225
832671	[446]	:	Key	71	DOWN	at	832670  
837559	[4888]	:	time Target is 837559
842882	[5323]	:	time Target is 842882
843217	[335]	:	Key	71	DOWN	at	843217  
848219	[5002]	:	time Target is 848219
853542	[5323]	:	time Target is 853542
854094	[552]	:	Key	71	DOWN	at	854093  
858884	[4790]	:	time Target is 858884
859357	[473]	:	Key	71	DOWN	at	859357  
864224	[4867]	:	time Target is 864224
869544	[5320]	:	time Target is 869544
874867	[5323]	:	time Target is 874867
880899	[6032]	:	Key	71	DOWN	at	880899  
881684	[785]	:	Key	71	UP	at	881023  
881955	[271]	:	time Target is 881955
887277	[5322]	:	time Target is 887277
888082	[805]	:	Key	71	DOWN	at	888082  
892631	[4549]	:	time Target is 892631
893005	[374]	:	Key	71	DOWN	at	893005  
897969	[4964]	:	time Target is 897969
903289	[5320]	:	time Target is 903289
903859	[570]	:	Key	71	DOWN	at	903859  
908624	[4765]	:	time Target is 908624
908912	[288]	:	Key	71	DOWN	at	908912  
913957	[5045]	:	time Target is 913957
919276	[5319]	:	time Target is 919276
919649	[373]	:	Key	71	DOWN	at	919648  
924611	[4962]	:	time Target is 924611
929935	[5324]	:	time Target is 929935
930190	[255]	:	Key	71	DOWN	at	930190  
935271	[5081]	:	time Target is 935271
940591	[5320]	:	time Target is 940591
941598	[1007]	:	Key	71	DOWN	at	941598  
945929	[4331]	:	time Target is 945929
951285	[5356]	:	time Target is 951285
952349	[1064]	:	Key	71	DOWN	at	952349  
956621	[4272]	:	time Target is 956621
961936	[5315]	:	time Target is 961936
962160	[224]	:	Key	71	DOWN	at	962160  
967271	[5111]	:	time Target is 967271
972594	[5323]	:	time Target is 972594
977920	[5326]	:	time Target is 977920
978447	[527]	:	Key	71	DOWN	at	978447  
983257	[4810]	:	time Target is 983257
988578	[5321]	:	time Target is 988578
989487	[909]	:	Key	71	DOWN	at	989487  
993914	[4427]	:	time Target is 993914
999260	[5346]	:	time Target is 999260
1000015	[755]	:	Key	71	DOWN	at	1000014 
1004615	[4600]	:	time Target is 1004615
1004961	[346]	:	Key	71	DOWN	at	1004961 
1009954	[4993]	:	time Target is 1009954
1015278	[5324]	:	time Target is 1015278
1015887	[609]	:	Key	71	DOWN	at	1015887 
1020616	[4729]	:	time Target is 1020616
1025944	[5328]	:	time Target is 1025944
1026146	[202]	:	Key	71	DOWN	at	1026146 
1031280	[5134]	:	time Target is 1031280
1036603	[5323]	:	time Target is 1036603
1036897	[294]	:	Key	71	DOWN	at	1036897 
1041960	[5063]	:	time Target is 1041960
1042832	[872]	:	Key	71	DOWN	at	1042832 
1047300	[4468]	:	time Target is 1047300
1052643	[5343]	:	time Target is 1052643
1053121	[478]	:	Key	71	DOWN	at	1053121 
1057979	[4858]	:	time Target is 1057979
1063296	[5317]	:	time Target is 1063296
1063662	[366]	:	Key	71	DOWN	at	1063662 
1068632	[4970]	:	time Target is 1068632
1073956	[5324]	:	time Target is 1073956
1074321	[365]	:	Key	71	DOWN	at	1074320 
1079295	[4974]	:	time Target is 1079295
1084625	[5330]	:	time Target is 1084625
1085009	[384]	:	Key	71	DOWN	at	1085008 
1089965	[4956]	:	time Target is 1089965
1095289	[5324]	:	time Target is 1095289
1096557	[1268]	:	Key	71	UP	at	1096557 
1100619	[4062]	:	time Target is 1100619
1100961	[342]	:	Key	71	DOWN	at	1100960 
1105956	[4995]	:	time Target is 1105956
1111278	[5322]	:	time Target is 1111278
1116595	[5317]	:	time Target is 1116595
1117071	[476]	:	Key	71	DOWN	at	1117069 
1121939	[4868]	:	time Target is 1121939
1127275	[5336]	:	time Target is 1127275
1127742	[467]	:	Key	71	DOWN	at	1127742 
1132613	[4871]	:	time Target is 1132613
1133441	[828]	:	Key	71	DOWN	at	1133440 
1137946	[4505]	:	time Target is 1137946
1138351	[405]	:	Key	71	DOWN	at	1138350 
1143280	[4929]	:	time Target is 1143280
1148601	[5321]	:	time Target is 1148601
1153925	[5324]	:	time Target is 1153925
1159283	[5358]	:	time Target is 1159283
1159616	[333]	:	Key	71	DOWN	at	1159616 
1164622	[5006]	:	time Target is 1164622
1169952	[5330]	:	time Target is 1169952
1175276	[5324]	:	time Target is 1175276
1175377	[101]	:	Key	71	DOWN	at	1175376 
1180615	[5238]	:	time Target is 1180615
1185935	[5320]	:	time Target is 1185935
1186239	[304]	:	Key	71	DOWN	at	1186239 
1191271	[5032]	:	time Target is 1191271
1196587	[5316]	:	time Target is 1196587
1197152	[565]	:	Key	71	DOWN	at	1197151 
1201924	[4772]	:	time Target is 1201924
1202658	[734]	:	Key	71	DOWN	at	1202658 
1207258	[4600]	:	time Target is 1207258
1207901	[643]	:	Key	71	DOWN	at	1207901 
1212592	[4691]	:	time Target is 1212592
1217911	[5319]	:	time Target is 1217911
1223237	[5326]	:	time Target is 1223237
1223631	[394]	:	Key	71	DOWN	at	1223631 
1228570	[4939]	:	time Target is 1228570
1233892	[5322]	:	time Target is 1233892
1239215	[5323]	:	time Target is 1239215
1239714	[499]	:	Key	71	DOWN	at	1239713 
1244553	[4839]	:	time Target is 1244553
1245009	[456]	:	Key	71	DOWN	at	1245009 
1249893	[4884]	:	time Target is 1249893
1250735	[842]	:	Key	71	DOWN	at	1250734 
1255221	[4486]	:	time Target is 1255221
1255310	[89]	:	Key	71	DOWN	at	1255310 
1260557	[5247]	:	time Target is 1260557
1261054	[497]	:	Key	71	DOWN	at	1261054 
1265898	[4844]	:	time Target is 1265898
1271221	[5323]	:	time Target is 1271221
1276542	[5321]	:	time Target is 1276542
1277553	[1011]	:	Key	71	DOWN	at	1277553 
1281885	[4332]	:	time Target is 1281885
1287210	[5325]	:	time Target is 1287210
1287696	[486]	:	Key	71	DOWN	at	1287696 
1292551	[4855]	:	time Target is 1292551
1297869	[5318]	:	time Target is 1297869
1299214	[1345]	:	Key	71	DOWN	at	1299214 
1303205	[3991]	:	time Target is 1303205
1308573	[5368]	:	time Target is 1308573
1313895	[5322]	:	time Target is 1313895
1314223	[328]	:	Key	71	DOWN	at	1314222 
1319237	[5014]	:	time Target is 1319237
1324560	[5323]	:	time Target is 1324560
1329881	[5321]	:	time Target is 1329881
1330897	[1016]	:	Key	71	DOWN	at	1330896 
1335213	[4316]	:	time Target is 1335213
1340542	[5329]	:	time Target is 1340542
1340656	[114]	:	Key	71	DOWN	at	1340656 
1345884	[5228]	:	time Target is 1345884
1347039	[1155]	:	Key	71	DOWN	at	1347039 
1351218	[4179]	:	time Target is 1351218
1356538	[5320]	:	time Target is 1356538
1356814	[276]	:	Key	71	DOWN	at	1356814 
1360841	[4027]	:	Key	71	UP	at	1356910 
1368542	[7701]	:	Key	71	DOWN	at	1368542 
1368688	[146]	:	Key	71	UP	at	1368687 
1372333	[3645]	:	Key	71	DOWN	at	1372333 
1373123	[790]	:	Key	71	UP	at	1372446 
1373391	[268]	:	time Target is 1373391
1374321	[930]	:	Key	71	DOWN	at	1374321 
1378736	[4415]	:	time Target is 1378736
1384073	[5337]	:	time Target is 1384073
1384717	[644]	:	Key	71	DOWN	at	1384717 
1389425	[4708]	:	time Target is 1389425
1394745	[5320]	:	time Target is 1394745
1395488	[743]	:	Key	71	DOWN	at	1395487 
1400095	[4607]	:	time Target is 1400095
1405415	[5320]	:	time Target is 1405415
1405634	[219]	:	Key	71	DOWN	at	1405634 
1410751	[5117]	:	time Target is 1410751
1411294	[543]	:	Key	71	DOWN	at	1411294 
1416086	[4792]	:	time Target is 1416086
1417103	[1017]	:	Key	71	DOWN	at	1417103 
1421427	[4324]	:	time Target is 1421427
1426751	[5324]	:	time Target is 1426751
1427089	[338]	:	Key	71	DOWN	at	1427088 
1432097	[5008]	:	time Target is 1432097
1433457	[1360]	:	Key	71	DOWN	at	1433455 
1437433	[3976]	:	time Target is 1437433
1442756	[5323]	:	time Target is 1442756
1448073	[5317]	:	time Target is 1448073
1448749	[676]	:	Key	71	DOWN	at	1448749 
1453413	[4664]	:	time Target is 1453413
1454060	[647]	:	Key	71	DOWN	at	1454060 
1458751	[4691]	:	time Target is 1458751
1459598	[847]	:	Key	71	DOWN	at	1459597 
1464083	[4485]	:	time Target is 1464083
1469416	[5333]	:	time Target is 1469416
1469714	[298]	:	Key	71	DOWN	at	1469713 
1474755	[5041]	:	time Target is 1474755
1475538	[783]	:	Key	71	DOWN	at	1475538 
1480112	[4574]	:	time Target is 1480112
1480545	[433]	:	Key	71	DOWN	at	1480544 
1485445	[4900]	:	Key	71	DOWN	at	1485230 
1485446	[1]	:	Key	71	UP	at	1485422 
1488260	[2814]	:	time Target is 1488260
1488829	[569]	:	Key	71	DOWN	at	1488828 
1493599	[4770]	:	time Target is 1493599
1494206	[607]	:	Key	71	DOWN	at	1494206 
1498938	[4732]	:	time Target is 1498938
1499409	[471]	:	Key	71	DOWN	at	1499409 
1504273	[4864]	:	time Target is 1504273
1504654	[381]	:	Key	71	DOWN	at	1504654 
1509614	[4960]	:	time Target is 1509614
1514938	[5324]	:	time Target is 1514938
1515249	[311]	:	Key	71	DOWN	at	1515249 
1520273	[5024]	:	time Target is 1520273
1520640	[367]	:	Key	71	DOWN	at	1520640 
1525605	[4965]	:	time Target is 1525605
1530931	[5326]	:	time Target is 1530931
1531391	[460]	:	Key	71	DOWN	at	1531390 
1536273	[4882]	:	time Target is 1536273
1536833	[560]	:	Key	71	DOWN	at	1536833 
1541616	[4783]	:	time Target is 1541616
1542129	[513]	:	Key	71	DOWN	at	1542129 
1546956	[4827]	:	time Target is 1546956
1552285	[5329]	:	time Target is 1552285
1552802	[517]	:	Key	71	DOWN	at	1552801 
1557627	[4825]	:	time Target is 1557627
1562949	[5322]	:	time Target is 1562949
1563680	[731]	:	Key	71	DOWN	at	1563680 
1568325	[4645]	:	time Target is 1568325
1573651	[5326]	:	time Target is 1573651
1578977	[5326]	:	time Target is 1578977
1579373	[396]	:	Key	71	DOWN	at	1579373 
1584314	[4941]	:	time Target is 1584314
1584960	[646]	:	Key	71	DOWN	at	1584959 
1589658	[4698]	:	time Target is 1589658
1594985	[5327]	:	time Target is 1594985
1595964	[979]	:	Key	71	DOWN	at	1595964 
1600330	[4366]	:	time Target is 1600330
1600944	[614]	:	Key	71	DOWN	at	1600944 
1605664	[4720]	:	time Target is 1605664
1606350	[686]	:	Key	71	DOWN	at	1606350 
1611003	[4653]	:	time Target is 1611003
1611505	[502]	:	Key	71	DOWN	at	1611503 
1616343	[4838]	:	time Target is 1616343
1617712	[1369]	:	Key	71	DOWN	at	1617712 
1621679	[3967]	:	time Target is 1621679
1622221	[542]	:	Key	71	DOWN	at	1622221 
1627016	[4795]	:	time Target is 1627016
1628015	[999]	:	Key	71	DOWN	at	1628014 
1632353	[4338]	:	time Target is 1632353
1633213	[860]	:	Key	71	DOWN	at	1633213 
1637735	[4522]	:	time Target is 1637735
1643060	[5325]	:	time Target is 1643060
1643790	[730]	:	Key	71	DOWN	at	1643790 
1648396	[4606]	:	time Target is 1648396
1649087	[691]	:	Key	71	DOWN	at	1649086 
1653734	[4647]	:	time Target is 1653734
1654284	[550]	:	Key	71	DOWN	at	1654284 
1659075	[4791]	:	time Target is 1659075
1659695	[620]	:	Key	71	DOWN	at	1659694 
1664416	[4721]	:	time Target is 1664416
1669747	[5331]	:	time Target is 1669747
1670335	[588]	:	Key	71	DOWN	at	1670335 
1675076	[4741]	:	Key	71	DOWN	at	1674992 
1677891	[2815]	:	time Target is 1677891
1678221	[330]	:	Key	71	DOWN	at	1678220 
1683229	[5008]	:	time Target is 1683229
1683601	[372]	:	Key	71	DOWN	at	1683600 
1688569	[4968]	:	time Target is 1688569
1693887	[5318]	:	time Target is 1693887
1694000	[113]	:	Key	71	DOWN	at	1694000 
1699221	[5221]	:	time Target is 1699221
1704544	[5323]	:	time Target is 1704544
1709867	[5323]	:	time Target is 1709867
1710239	[372]	:	Key	71	DOWN	at	1710238 
1715206	[4967]	:	time Target is 1715206
1720524	[5318]	:	Key	71	DOWN	at	1720396 
1723328	[2804]	:	Key	71	DOWN	at	1723165 
1726201	[2873]	:	time Target is 1726201
1726688	[487]	:	Key	71	DOWN	at	1726688 
1731541	[4853]	:	time Target is 1731541
1731884	[343]	:	Key	71	DOWN	at	1731884 
1736877	[4993]	:	time Target is 1736877
1737405	[528]	:	Key	71	DOWN	at	1737405 
1742218	[4813]	:	time Target is 1742218
1742669	[451]	:	Key	71	DOWN	at	1742668 
1747557	[4888]	:	time Target is 1747557
1752879	[5322]	:	time Target is 1752879
1753151	[272]	:	Key	71	DOWN	at	1753151 
1758222	[5071]	:	time Target is 1758222
1763550	[5328]	:	time Target is 1763550
1764461	[911]	:	Key	71	DOWN	at	1764461 
1768891	[4430]	:	time Target is 1768891
1774214	[5323]	:	time Target is 1774214
1774526	[312]	:	Key	71	DOWN	at	1774525 
1779596	[5070]	:	time Target is 1779596
1780048	[452]	:	Key	71	DOWN	at	1780048 
1784948	[4900]	:	time Target is 1784948
1790267	[5319]	:	time Target is 1790267
1790529	[262]	:	Key	71	DOWN	at	1790529 
1795607	[5078]	:	time Target is 1795607
1796545	[938]	:	Key	71	DOWN	at	1796545 
1800944	[4399]	:	time Target is 1800944
1801247	[303]	:	Key	71	DOWN	at	1801246 
1806279	[5032]	:	time Target is 1806279
1811600	[5321]	:	time Target is 1811600
1811823	[223]	:	Key	71	DOWN	at	1811823 
1816940	[5117]	:	time Target is 1816940
1822260	[5320]	:	time Target is 1822260
1822578	[318]	:	Key	71	DOWN	at	1822577 
1827602	[5024]	:	time Target is 1827602
1832924	[5322]	:	time Target is 1832924
1833182	[258]	:	Key	71	DOWN	at	1833182 
1838264	[5082]	:	time Target is 1838264
1842548	[4284]	:	Key	71	DOWN	at	1839857 
1842549	[1]	:	Key	71	UP	at	1840014 
1851934	[9385]	:	Key	71	DOWN	at	1851934 
1852723	[789]	:	Key	71	UP	at	1852031 
1852990	[267]	:	time Target is 1852990
1854141	[1151]	:	Key	71	DOWN	at	1854141 
1858329	[4188]	:	time Target is 1858329
1859519	[1190]	:	Key	71	DOWN	at	1859519 
1863666	[4147]	:	time Target is 1863666
1864045	[379]	:	Key	71	DOWN	at	1864044 
1869009	[4964]	:	time Target is 1869009
1874334	[5325]	:	time Target is 1874334
1874753	[419]	:	Key	71	DOWN	at	1874753 
1879670	[4917]	:	time Target is 1879670
1880159	[489]	:	Key	71	DOWN	at	1880159 
1884744	[4585]	:	Key	71	DOWN	at	1884544 
1884744	[0]	:	Key	71	UP	at	1884720 
1887549	[2805]	:	Key	71	DOWN	at	1887341 
1887549	[0]	:	Key	71	UP	at	1887517 
1890369	[2820]	:	time Target is 1890369
1890765	[396]	:	Key	71	DOWN	at	1890763 
1895703	[4938]	:	time Target is 1895703
1901014	[5311]	:	Key	71	DOWN	at	1900989 
1903825	[2811]	:	time Target is 1903825
1905072	[1247]	:	Key	71	DOWN	at	1905072 
1909164	[4092]	:	time Target is 1909164
1909580	[416]	:	Key	71	DOWN	at	1909580 
1914501	[4921]	:	time Target is 1914501
1915041	[540]	:	Key	71	DOWN	at	1915040 
1919835	[4794]	:	time Target is 1919835
1925163	[5328]	:	time Target is 1925163
1925663	[500]	:	Key	71	DOWN	at	1925662 
1930502	[4839]	:	time Target is 1930502
1931071	[569]	:	Key	71	DOWN	at	1931071 
1935839	[4768]	:	time Target is 1935839
1941160	[5321]	:	time Target is 1941160
1946481	[5321]	:	time Target is 1946481
1946700	[219]	:	Key	71	DOWN	at	1946700 
1951819	[5119]	:	time Target is 1951819
1952941	[1122]	:	Key	71	DOWN	at	1952941 
1957157	[4216]	:	time Target is 1957157
1962480	[5323]	:	time Target is 1962480
1967804	[5324]	:	time Target is 1967804
1968045	[241]	:	Key	71	DOWN	at	1968045 
1973147	[5102]	:	time Target is 1973147
1978470	[5323]	:	time Target is 1978470
1983792	[5322]	:	time Target is 1983792
1989116	[5324]	:	time Target is 1989116
1989631	[515]	:	Key	71	DOWN	at	1989631 
1994462	[4831]	:	time Target is 1994462
1999777	[5315]	:	time Target is 1999777
2005101	[5324]	:	time Target is 2005101
2010426	[5325]	:	time Target is 2010426
2011106	[680]	:	Key	71	DOWN	at	2011105 
2015774	[4668]	:	time Target is 2015774
2017149	[1375]	:	Key	71	DOWN	at	2017147 
2021113	[3964]	:	time Target is 2021113
2021485	[372]	:	Key	71	DOWN	at	2021485 
2026452	[4967]	:	time Target is 2026452
2031776	[5324]	:	time Target is 2031776
2037102	[5326]	:	time Target is 2037102
2037442	[340]	:	Key	71	DOWN	at	2037441 
2042438	[4996]	:	time Target is 2042438
2047764	[5326]	:	time Target is 2047764
2053088	[5324]	:	time Target is 2053088
2053947	[859]	:	Key	71	DOWN	at	2053947 
2058429	[4482]	:	time Target is 2058429
2059101	[672]	:	Key	71	DOWN	at	2059101 
2063790	[4689]	:	time Target is 2063790
2069112	[5322]	:	time Target is 2069112
2074435	[5323]	:	time Target is 2074435
2074683	[248]	:	Key	71	DOWN	at	2074683 
2079766	[5083]	:	time Target is 2079766
2080351	[585]	:	Key	71	DOWN	at	2080351 
2085103	[4752]	:	time Target is 2085103
2085339	[236]	:	Key	71	DOWN	at	2085339 
2090438	[5099]	:	time Target is 2090438
2095755	[5317]	:	time Target is 2095755
2101082	[5327]	:	time Target is 2101082
2101393	[311]	:	Key	71	DOWN	at	2101393 
2106473	[5080]	:	time Target is 2106473
2111797	[5324]	:	time Target is 2111797
2112317	[520]	:	Key	71	DOWN	at	2112316 
2117136	[4819]	:	time Target is 2117136
2122461	[5325]	:	time Target is 2122461
2123309	[848]	:	Key	71	DOWN	at	2123309 
2127795	[4486]	:	time Target is 2127795
2133114	[5319]	:	time Target is 2133114
2138446	[5332]	:	time Target is 2138446
2139408	[962]	:	Key	71	DOWN	at	2139407 
2143781	[4373]	:	time Target is 2143781
2149102	[5321]	:	time Target is 2149102
2154441	[5339]	:	time Target is 2154441
2159759	[5318]	:	time Target is 2159759
2165078	[5319]	:	time Target is 2165078
2170400	[5322]	:	time Target is 2170400
2175721	[5321]	:	time Target is 2175721
2176369	[648]	:	Key	71	DOWN	at	2176369 
2181054	[4685]	:	time Target is 2181054
2181535	[481]	:	Key	71	DOWN	at	2181535 
2186393	[4858]	:	time Target is 2186393
2191717	[5324]	:	time Target is 2191717
2197039	[5322]	:	time Target is 2197039
2197788	[749]	:	Key	71	DOWN	at	2197787 
2202384	[4596]	:	time Target is 2202384
2203375	[991]	:	Key	71	DOWN	at	2203375 
2207716	[4341]	:	time Target is 2207716
2208364	[648]	:	Key	71	DOWN	at	2208363 
2213055	[4691]	:	time Target is 2213055
2218378	[5323]	:	time Target is 2218378
2218827	[449]	:	Key	71	DOWN	at	2218827 
2223713	[4886]	:	time Target is 2223713
2229070	[5357]	:	time Target is 2229070
2234394	[5324]	:	time Target is 2234394
2234829	[435]	:	Key	71	DOWN	at	2234829 
2239734	[4905]	:	time Target is 2239734
2245060	[5326]	:	time Target is 2245060
2245807	[747]	:	Key	71	DOWN	at	2245806 
2250404	[4597]	:	time Target is 2250404
2250718	[314]	:	Key	71	DOWN	at	2250717 
2255761	[5043]	:	time Target is 2255761
2261082	[5321]	:	time Target is 2261082
2261519	[437]	:	Key	71	DOWN	at	2261519 
2266416	[4897]	:	time Target is 2266416
2266748	[332]	:	Key	71	DOWN	at	2266748 
2271755	[5007]	:	time Target is 2271755
2273004	[1249]	:	Key	71	DOWN	at	2273004 
2277096	[4092]	:	time Target is 2277096
2277516	[420]	:	Key	71	DOWN	at	2277516 
2282434	[4918]	:	time Target is 2282434
2287761	[5327]	:	time Target is 2287761
2293084	[5323]	:	time Target is 2293084
2293388	[304]	:	Key	71	DOWN	at	2293388 
2298422	[5034]	:	time Target is 2298422
2303744	[5322]	:	time Target is 2303744
2309074	[5330]	:	time Target is 2309074
2309439	[365]	:	Key	71	DOWN	at	2309438 
2314416	[4977]	:	time Target is 2314416
2319736	[5320]	:	time Target is 2319736
2320032	[296]	:	Key	71	DOWN	at	2320032 
2324044	[4012]	:	Key	71	UP	at	2320283 
2333870	[9826]	:	Key	71	DOWN	at	2333870 
2333963	[93]	:	Key	71	UP	at	2333963 
2346878	[12915]	:	Key	29	DOWN	at	2346878 
2347071	[193]	:	Key	29	UP	at	2347071 
2357198	[10127]	:	Key	28	DOWN	at	2357198 
2357359	[161]	:	Key	28	UP	at	2357358 
2366400	[9041]	:	Key	29	DOWN	at	2366398 
2366528	[128]	:	Key	29	UP	at	2366527 
2370177	[3649]	:	Key	29	DOWN	at	2370176 
2370316	[139]	:	Key	29	UP	at	2370316 
2377627	[7311]	:	Key	28	DOWN	at	2377627 
2377775	[148]	:	Key	28	UP	at	2377774 
2381038	[3263]	:	Key	28	DOWN	at	2381037 
2381167	[129]	:	Key	28	UP	at	2381167 
2389726	[8559]	:	Key	29	DOWN	at	2389726 
2389853	[127]	:	Key	29	UP	at	2389853 
2393744	[3891]	:	Key	29	DOWN	at	2393744 
2393885	[141]	:	Key	29	UP	at	2393885 
2399405	[5520]	:	Key	28	DOWN	at	2399405 
2399551	[146]	:	Key	28	UP	at	2399550 
2400796	[1245]	:	Key	28	DOWN	at	2400796 
2400909	[113]	:	Key	28	UP	at	2400909 
2409372	[8463]	:	Key	28	DOWN	at	2409372 
2409454	[82]	:	Key	28	UP	at	2409453 
2410765	[1311]	:	Key	28	DOWN	at	2410764 
2410925	[160]	:	Key	28	UP	at	2410924 
2414525	[3600]	:	Key	29	DOWN	at	2414525 
2414651	[126]	:	Key	29	UP	at	2414651 
2416657	[2006]	:	Key	29	DOWN	at	2416656 
2416752	[95]	:	Key	29	UP	at	2416752 
2419055	[2303]	:	Key	29	DOWN	at	2419054 
2419200	[145]	:	Key	29	UP	at	2419199 
2422223	[3023]	:	Key	29	DOWN	at	2422223 
2422246	[23]	:	COGENT STOP
