Cog2000 log file Mon Sep 09 16:47:41 2019
gprim v1.33 Compiled:Aug 12 2015 (GLib DirectDraw v7 DX12.0 Compiled:Aug 12 2015)
Display:1024x768x32 59.95Hz
Attaching C:\Program Files\Cogent2000v1.33\Toolbox\CogInput.mexw64
CogInput v1.05 Compiled: May 20 2010
6	[6]	:	COGENT START
9789	[9783]	:	Key	71	DOWN	at	9788    
9881	[92]	:	Key	71	UP	at	9881    
30476	[20595]	:	Key	71	DOWN	at	30474   
30574	[98]	:	Key	71	UP	at	30574   
35169	[4595]	:	Key	71	DOWN	at	35166   
35241	[72]	:	Key	71	UP	at	35241   
47132	[11891]	:	Key	71	DOWN	at	47132   
47196	[64]	:	Key	71	UP	at	47196   
64525	[17329]	:	Key	71	DOWN	at	64525   
64602	[77]	:	Key	71	UP	at	64601   
83293	[18691]	:	Key	71	DOWN	at	83293   
84203	[910]	:	time Target is 84187
84814	[611]	:	Key	71	DOWN	at	84814   
90295	[5481]	:	time Target is 90295
90747	[452]	:	Key	71	DOWN	at	90747   
96403	[5656]	:	time Target is 96401
96403	[0]	:	Key	71	UP	at	96396   
96815	[412]	:	Key	71	DOWN	at	96814   
102505	[5690]	:	time Target is 102504
103115	[610]	:	Key	71	DOWN	at	103115  
110890	[7775]	:	Key	71	DOWN	at	110890  
111955	[1065]	:	time Target is 111950
118287	[6332]	:	time Target is 118287
124610	[6323]	:	time Target is 124610
130935	[6325]	:	time Target is 130934
151787	[20852]	:	Key	71	DOWN	at	151787  
151930	[143]	:	Key	71	UP	at	151930  
156426	[4496]	:	Key	71	DOWN	at	156426  
156670	[244]	:	Key	71	UP	at	156669  
161051	[4381]	:	Key	71	DOWN	at	161051  
161322	[271]	:	Key	71	UP	at	161322  
170990	[9668]	:	Key	71	DOWN	at	170990  
171199	[209]	:	Key	71	UP	at	171198  
175964	[4765]	:	Key	71	DOWN	at	175964  
176781	[817]	:	Key	71	UP	at	176173  
176808	[27]	:	time Target is 176808
177213	[405]	:	Key	71	DOWN	at	177212  
181907	[4694]	:	time Target is 181907
183294	[1387]	:	Key	71	DOWN	at	183293  
187012	[3718]	:	time Target is 187012
192094	[5082]	:	time Target is 192094
192861	[767]	:	Key	71	DOWN	at	192860  
196405	[3544]	:	Key	71	UP	at	193070  
214570	[18165]	:	Key	71	DOWN	at	214569  
214815	[245]	:	Key	71	UP	at	214814  
217439	[2624]	:	Key	71	DOWN	at	217438  
218232	[793]	:	Key	71	UP	at	217627  
218251	[19]	:	time Target is 218250
218718	[467]	:	Key	71	DOWN	at	218718  
223350	[4632]	:	time Target is 223350
228425	[5075]	:	time Target is 228425
233494	[5069]	:	time Target is 233494
234282	[788]	:	Key	71	DOWN	at	234282  
237793	[3511]	:	Key	71	UP	at	234493  
242012	[4219]	:	Key	71	DOWN	at	242012  
242235	[223]	:	Key	71	UP	at	242234  
243547	[1312]	:	Key	71	DOWN	at	243547  
244332	[785]	:	Key	71	UP	at	243643  
244355	[23]	:	time Target is 244355
245692	[1337]	:	Key	71	DOWN	at	245692  
249444	[3752]	:	time Target is 249444
254523	[5079]	:	time Target is 254522
255226	[703]	:	Key	71	DOWN	at	255226  
259613	[4387]	:	time Target is 259613
260350	[737]	:	Key	71	DOWN	at	260350  
263901	[3551]	:	Key	71	UP	at	260557  
271708	[7807]	:	Key	71	DOWN	at	271707  
271917	[209]	:	Key	71	UP	at	271917  
273786	[1869]	:	Key	71	DOWN	at	273786  
274582	[796]	:	Key	71	UP	at	274011  
274582	[0]	:	Key	71	DOWN	at	274330  
274583	[1]	:	Key	71	UP	at	274554  
277145	[2562]	:	time Target is 277145
278060	[915]	:	Key	71	DOWN	at	278060  
282233	[4173]	:	time Target is 282233
287304	[5071]	:	time Target is 287304
298879	[11575]	:	Key	71	DOWN	at	298877  
299007	[128]	:	Key	71	UP	at	299007  
315659	[16652]	:	Key	71	DOWN	at	315659  
315822	[163]	:	Key	71	UP	at	315822  
330302	[14480]	:	Key	71	DOWN	at	330301  
330474	[172]	:	Key	71	UP	at	330474  
344204	[13730]	:	Key	71	DOWN	at	344204  
344394	[190]	:	Key	71	UP	at	344394  
346026	[1632]	:	Key	71	DOWN	at	346025  
348605	[2579]	:	time Target is 348605
348971	[366]	:	Key	71	DOWN	at	348971  
353948	[4977]	:	time Target is 353948
359275	[5327]	:	time Target is 359275
359693	[418]	:	Key	71	DOWN	at	359692  
364617	[4924]	:	time Target is 364617
365355	[738]	:	Key	71	DOWN	at	365355  
369967	[4612]	:	time Target is 369966
370988	[1021]	:	Key	71	DOWN	at	370988  
375314	[4326]	:	time Target is 375314
375708	[394]	:	Key	71	DOWN	at	375708  
380653	[4945]	:	time Target is 380653
385977	[5324]	:	time Target is 385977
386383	[406]	:	Key	71	DOWN	at	386382  
391316	[4933]	:	time Target is 391316
391676	[360]	:	Key	71	DOWN	at	391675  
396651	[4975]	:	time Target is 396651
397180	[529]	:	Key	71	DOWN	at	397180  
401989	[4809]	:	time Target is 401989
407311	[5322]	:	time Target is 407311
408297	[986]	:	Key	71	DOWN	at	408297  
412652	[4355]	:	time Target is 412652
413295	[643]	:	Key	71	DOWN	at	413295  
417986	[4691]	:	time Target is 417986
418046	[60]	:	Key	71	DOWN	at	418046  
423339	[5293]	:	time Target is 423339
428660	[5321]	:	time Target is 428660
433985	[5325]	:	time Target is 433985
433998	[13]	:	Key	71	DOWN	at	433997  
439350	[5352]	:	time Target is 439350
444672	[5322]	:	time Target is 444672
449997	[5325]	:	time Target is 449997
455319	[5322]	:	time Target is 455319
460642	[5323]	:	time Target is 460642
465970	[5328]	:	time Target is 465970
471291	[5321]	:	time Target is 471291
476610	[5319]	:	time Target is 476610
481965	[5355]	:	time Target is 481965
487287	[5322]	:	time Target is 487287
487597	[310]	:	Key	71	DOWN	at	487595  
492627	[5030]	:	time Target is 492627
492894	[267]	:	Key	71	DOWN	at	492893  
497964	[5070]	:	time Target is 497964
498269	[305]	:	Key	71	DOWN	at	498268  
503333	[5064]	:	time Target is 503333
508652	[5319]	:	time Target is 508652
508893	[241]	:	Key	71	DOWN	at	508893  
513986	[5093]	:	time Target is 513986
519302	[5316]	:	time Target is 519302
524616	[5314]	:	time Target is 524616
529939	[5323]	:	time Target is 529939
530331	[392]	:	Key	71	DOWN	at	530331  
535279	[4948]	:	time Target is 535279
540597	[5318]	:	time Target is 540597
545918	[5321]	:	time Target is 545918
546156	[238]	:	Key	71	DOWN	at	546155  
551259	[5103]	:	time Target is 551259
556583	[5324]	:	time Target is 556583
556874	[291]	:	Key	71	DOWN	at	556874  
561916	[5042]	:	time Target is 561916
562585	[669]	:	Key	71	DOWN	at	562585  
567253	[4668]	:	time Target is 567253
567722	[469]	:	Key	71	DOWN	at	567721  
572596	[4874]	:	time Target is 572596
572955	[359]	:	Key	71	DOWN	at	572955  
577938	[4983]	:	time Target is 577938
578974	[1036]	:	Key	71	DOWN	at	578973  
583279	[4305]	:	time Target is 583279
588601	[5322]	:	time Target is 588601
593929	[5328]	:	time Target is 593929
594253	[324]	:	Key	71	DOWN	at	594252  
599281	[5028]	:	time Target is 599281
599773	[492]	:	Key	71	DOWN	at	599773  
604622	[4849]	:	time Target is 604622
605487	[865]	:	Key	71	DOWN	at	605486  
609963	[4476]	:	time Target is 609963
610684	[721]	:	Key	71	DOWN	at	610683  
615300	[4616]	:	time Target is 615300
615582	[282]	:	Key	71	DOWN	at	615581  
620662	[5080]	:	time Target is 620662
621261	[599]	:	Key	71	DOWN	at	621261  
625992	[4731]	:	time Target is 625992
631321	[5329]	:	time Target is 631321
631578	[257]	:	Key	71	DOWN	at	631578  
636653	[5075]	:	time Target is 636653
637564	[911]	:	Key	71	DOWN	at	637563  
641992	[4428]	:	time Target is 641992
642619	[627]	:	Key	71	DOWN	at	642619  
647334	[4715]	:	time Target is 647334
647838	[504]	:	Key	71	DOWN	at	647838  
652404	[4566]	:	Key	71	DOWN	at	652283  
655222	[2818]	:	time Target is 655222
656505	[1283]	:	Key	71	DOWN	at	656505  
660556	[4051]	:	time Target is 660556
660859	[303]	:	Key	71	DOWN	at	660859  
665897	[5038]	:	time Target is 665897
666173	[276]	:	Key	71	DOWN	at	666173  
671235	[5062]	:	time Target is 671235
671595	[360]	:	Key	71	DOWN	at	671595  
676570	[4975]	:	time Target is 676570
676863	[293]	:	Key	71	DOWN	at	676862  
681906	[5043]	:	time Target is 681906
682330	[424]	:	Key	71	DOWN	at	682330  
687243	[4913]	:	time Target is 687243
692570	[5327]	:	time Target is 692570
697892	[5322]	:	time Target is 697892
698203	[311]	:	Key	71	DOWN	at	698202  
703232	[5029]	:	time Target is 703232
703881	[649]	:	Key	71	DOWN	at	703881  
708567	[4686]	:	time Target is 708567
708831	[264]	:	Key	71	DOWN	at	708830  
713903	[5072]	:	time Target is 713903
714266	[363]	:	Key	71	DOWN	at	714266  
719234	[4968]	:	time Target is 719234
719598	[364]	:	Key	71	DOWN	at	719598  
724572	[4974]	:	time Target is 724572
724782	[210]	:	Key	71	DOWN	at	724782  
729910	[5128]	:	time Target is 729910
730141	[231]	:	Key	71	DOWN	at	730140  
735248	[5107]	:	time Target is 735248
740571	[5323]	:	time Target is 740571
741227	[656]	:	Key	71	DOWN	at	741226  
745956	[4729]	:	time Target is 745956
746219	[263]	:	Key	71	DOWN	at	746218  
751284	[5065]	:	time Target is 751284
751754	[470]	:	Key	71	DOWN	at	751754  
756620	[4866]	:	time Target is 756620
761943	[5323]	:	time Target is 761943
767258	[5315]	:	time Target is 767258
772575	[5317]	:	time Target is 772575
773930	[1355]	:	Key	71	DOWN	at	773930  
777911	[3981]	:	time Target is 777911
778846	[935]	:	Key	71	DOWN	at	778845  
783250	[4404]	:	time Target is 783250
784331	[1081]	:	Key	71	DOWN	at	784330  
788581	[4250]	:	time Target is 788581
789117	[536]	:	Key	71	DOWN	at	789116  
793919	[4802]	:	time Target is 793919
799267	[5348]	:	time Target is 799267
804583	[5316]	:	time Target is 804583
804953	[370]	:	Key	71	DOWN	at	804953  
809919	[4966]	:	time Target is 809919
810203	[284]	:	Key	71	DOWN	at	810203  
815251	[5048]	:	time Target is 815251
820571	[5320]	:	time Target is 820571
833244	[12673]	:	Key	71	DOWN	at	833243  
834034	[790]	:	Key	71	UP	at	833338  
834298	[264]	:	time Target is 834298
834541	[243]	:	Key	71	DOWN	at	834540  
839626	[5085]	:	time Target is 839626
841052	[1426]	:	Key	71	DOWN	at	841052  
844965	[3913]	:	time Target is 844965
845228	[263]	:	Key	71	DOWN	at	845228  
850300	[5072]	:	time Target is 850300
855620	[5320]	:	time Target is 855620
855967	[347]	:	Key	71	DOWN	at	855967  
860963	[4996]	:	time Target is 860963
861899	[936]	:	Key	71	DOWN	at	861899  
866303	[4404]	:	time Target is 866303
871628	[5325]	:	time Target is 871628
871964	[336]	:	Key	71	DOWN	at	871964  
876967	[5003]	:	time Target is 876967
877982	[1015]	:	Key	71	DOWN	at	877982  
882308	[4326]	:	time Target is 882308
882714	[406]	:	Key	71	DOWN	at	882714  
887646	[4932]	:	time Target is 887646
888155	[509]	:	Key	71	DOWN	at	888155  
892980	[4825]	:	time Target is 892980
893310	[330]	:	Key	71	DOWN	at	893310  
898318	[5008]	:	time Target is 898318
903645	[5327]	:	time Target is 903645
904031	[386]	:	Key	71	DOWN	at	904030  
908982	[4951]	:	time Target is 908982
909228	[246]	:	Key	71	DOWN	at	909227  
914323	[5095]	:	time Target is 914323
914428	[105]	:	Key	71	DOWN	at	914428  
919653	[5225]	:	Key	71	DOWN	at	919420  
919653	[0]	:	Key	71	UP	at	919563  
922205	[2552]	:	Key	71	DOWN	at	921965  
922206	[1]	:	Key	71	UP	at	922125  
925017	[2811]	:	time Target is 925017
925038	[21]	:	Key	71	DOWN	at	925037  
930081	[5043]	:	Key	71	DOWN	at	929964  
932630	[2549]	:	Key	71	DOWN	at	932381  
932630	[0]	:	Key	71	UP	at	932509  
935439	[2809]	:	time Target is 935439
935754	[315]	:	Key	71	DOWN	at	935754  
940510	[4756]	:	Key	71	DOWN	at	940347  
940511	[1]	:	Key	71	UP	at	940460  
943326	[2815]	:	time Target is 943326
943695	[369]	:	Key	71	DOWN	at	943694  
948648	[4953]	:	Key	71	DOWN	at	948492  
948648	[0]	:	Key	71	UP	at	948573  
951460	[2812]	:	time Target is 951460
952783	[1323]	:	Key	71	DOWN	at	952782  
956802	[4019]	:	time Target is 956802
957083	[281]	:	Key	71	DOWN	at	957082  
962131	[5048]	:	Key	71	DOWN	at	962042  
964945	[2814]	:	time Target is 964945
965322	[377]	:	Key	71	DOWN	at	965322  
970317	[4995]	:	time Target is 970317
970761	[444]	:	Key	71	DOWN	at	970761  
975646	[4885]	:	Key	71	DOWN	at	975454  
975646	[0]	:	Key	71	UP	at	975565  
978455	[2809]	:	time Target is 978455
978795	[340]	:	Key	71	DOWN	at	978795  
983789	[4994]	:	time Target is 983789
984059	[270]	:	Key	71	DOWN	at	984058  
989120	[5061]	:	Key	71	DOWN	at	988970  
991932	[2812]	:	time Target is 991932
997245	[5313]	:	Key	71	DOWN	at	997227  
999792	[2547]	:	Key	71	UP	at	999102  
1000057	[265]	:	time Target is 1000057
1000459	[402]	:	Key	71	DOWN	at	1000459 
1005392	[4933]	:	time Target is 1005392
1010712	[5320]	:	time Target is 1010712
1016032	[5320]	:	time Target is 1016032
1021351	[5319]	:	time Target is 1021351
1021579	[228]	:	Key	71	DOWN	at	1021578 
1026709	[5130]	:	time Target is 1026709
1027244	[535]	:	Key	71	DOWN	at	1027244 
1031785	[4541]	:	Key	71	DOWN	at	1031692 
1034599	[2814]	:	time Target is 1034599
1039920	[5321]	:	time Target is 1039920
1040170	[250]	:	Key	71	DOWN	at	1040170 
1044992	[4822]	:	Key	71	DOWN	at	1044905 
1047540	[2548]	:	Key	71	DOWN	at	1047419 
1047541	[1]	:	Key	71	UP	at	1047501 
1050353	[2812]	:	time Target is 1050353
1050698	[345]	:	Key	71	DOWN	at	1050698 
1055689	[4991]	:	time Target is 1055689
1061010	[5321]	:	time Target is 1061010
1061486	[476]	:	Key	71	DOWN	at	1061485 
1066367	[4881]	:	Key	71	DOWN	at	1066122 
1066367	[0]	:	Key	71	UP	at	1066233 
1069179	[2812]	:	time Target is 1069179
1069486	[307]	:	Key	71	DOWN	at	1069486 
1074546	[5060]	:	time Target is 1074546
1075070	[524]	:	Key	71	DOWN	at	1075069 
1079871	[4801]	:	time Target is 1079871
1080141	[270]	:	Key	71	DOWN	at	1080141 
1084940	[4799]	:	Key	71	DOWN	at	1084781 
1084941	[1]	:	Key	71	UP	at	1084873 
1087757	[2816]	:	time Target is 1087757
1088122	[365]	:	Key	71	DOWN	at	1088122 
1093092	[4970]	:	time Target is 1093092
1093466	[374]	:	Key	71	DOWN	at	1093465 
1098427	[4961]	:	time Target is 1098427
1098701	[274]	:	Key	71	DOWN	at	1098701 
1103756	[5055]	:	Key	71	DOWN	at	1103611 
1106571	[2815]	:	time Target is 1106571
1111896	[5325]	:	time Target is 1111896
1112172	[276]	:	Key	71	DOWN	at	1112172 
1117229	[5057]	:	time Target is 1117229
1117627	[398]	:	Key	71	DOWN	at	1117627 
1122566	[4939]	:	time Target is 1122566
1127887	[5321]	:	time Target is 1127887
1128477	[590]	:	Key	71	DOWN	at	1128476 
1133226	[4749]	:	time Target is 1133226
1133935	[709]	:	Key	71	DOWN	at	1133934 
1138562	[4627]	:	time Target is 1138562
1139116	[554]	:	Key	71	DOWN	at	1139114 
1143944	[4828]	:	time Target is 1143944
1144890	[946]	:	Key	71	DOWN	at	1144890 
1149274	[4384]	:	time Target is 1149274
1149566	[292]	:	Key	71	DOWN	at	1149565 
1154613	[5047]	:	time Target is 1154613
1159931	[5318]	:	time Target is 1159931
1165253	[5322]	:	time Target is 1165253
1170586	[5333]	:	time Target is 1170586
1175910	[5324]	:	time Target is 1175910
1176202	[292]	:	Key	71	DOWN	at	1176202 
1181276	[5074]	:	time Target is 1181276
1181579	[303]	:	Key	71	DOWN	at	1181578 
1186617	[5038]	:	time Target is 1186617
1191940	[5323]	:	time Target is 1191940
1192476	[536]	:	Key	71	DOWN	at	1192476 
1197274	[4798]	:	time Target is 1197274
1198398	[1124]	:	Key	71	DOWN	at	1198398 
1202614	[4216]	:	time Target is 1202614
1203227	[613]	:	Key	71	DOWN	at	1203227 
1207948	[4721]	:	time Target is 1207948
1208350	[402]	:	Key	71	DOWN	at	1208349 
1213278	[4928]	:	time Target is 1213278
1213659	[381]	:	Key	71	DOWN	at	1213658 
1218613	[4954]	:	time Target is 1218613
1218956	[343]	:	Key	71	DOWN	at	1218955 
1223950	[4994]	:	time Target is 1223950
1229269	[5319]	:	time Target is 1229269
1230205	[936]	:	Key	71	DOWN	at	1230204 
1234610	[4405]	:	time Target is 1234610
1239933	[5323]	:	time Target is 1239933
1240141	[208]	:	Key	71	DOWN	at	1240140 
1245270	[5129]	:	time Target is 1245270
1245533	[263]	:	Key	71	DOWN	at	1245532 
1250605	[5072]	:	time Target is 1250605
1250827	[222]	:	Key	71	DOWN	at	1250827 
1255943	[5116]	:	time Target is 1255943
1256347	[404]	:	Key	71	DOWN	at	1256346 
1261278	[4931]	:	time Target is 1261278
1266602	[5324]	:	time Target is 1266602
1267066	[464]	:	Key	71	DOWN	at	1267066 
1270905	[3839]	:	Key	71	UP	at	1267226 
1275706	[4801]	:	Key	71	DOWN	at	1275706 
1275819	[113]	:	Key	71	UP	at	1275819 
1278686	[2867]	:	Key	71	DOWN	at	1278686 
1279479	[793]	:	Key	71	UP	at	1278794 
1279746	[267]	:	time Target is 1279746
1280574	[828]	:	Key	71	DOWN	at	1280574 
1285086	[4512]	:	time Target is 1285086
1285101	[15]	:	Key	71	DOWN	at	1285101 
1290421	[5320]	:	time Target is 1290421
1290717	[296]	:	Key	71	DOWN	at	1290716 
1295756	[5039]	:	time Target is 1295756
1296558	[802]	:	Key	71	DOWN	at	1296557 
1300823	[4265]	:	Key	71	DOWN	at	1300558 
1300824	[1]	:	Key	71	UP	at	1300734 
1303645	[2821]	:	time Target is 1303645
1303754	[109]	:	Key	71	DOWN	at	1303754 
1308984	[5230]	:	time Target is 1308984
1309326	[342]	:	Key	71	DOWN	at	1309326 
1314339	[5013]	:	time Target is 1314339
1314734	[395]	:	Key	71	DOWN	at	1314733 
1319681	[4947]	:	time Target is 1319681
1325003	[5322]	:	time Target is 1325003
1330328	[5325]	:	time Target is 1330328
1335650	[5322]	:	time Target is 1335650
1340969	[5319]	:	time Target is 1340969
1346290	[5321]	:	time Target is 1346290
1351613	[5323]	:	time Target is 1351613
1356935	[5322]	:	time Target is 1356935
1362298	[5363]	:	time Target is 1362298
1362681	[383]	:	Key	71	DOWN	at	1362681 
1367631	[4950]	:	time Target is 1367631
1368670	[1039]	:	Key	71	DOWN	at	1368669 
1372971	[4301]	:	time Target is 1372971
1378290	[5319]	:	time Target is 1378290
1378859	[569]	:	Key	71	DOWN	at	1378857 
1383618	[4759]	:	time Target is 1383618
1388942	[5324]	:	time Target is 1388942
1390010	[1068]	:	Key	71	DOWN	at	1390010 
1394315	[4305]	:	time Target is 1394315
1399636	[5321]	:	time Target is 1399636
1400143	[507]	:	Key	71	DOWN	at	1400142 
1404971	[4828]	:	time Target is 1404971
1410291	[5320]	:	time Target is 1410291
1411006	[715]	:	Key	71	DOWN	at	1411006 
1415629	[4623]	:	time Target is 1415629
1420950	[5321]	:	time Target is 1420950
1426272	[5322]	:	time Target is 1426272
1431595	[5323]	:	time Target is 1431595
1432527	[932]	:	Key	71	DOWN	at	1432526 
1436939	[4412]	:	time Target is 1436939
1437226	[287]	:	Key	71	DOWN	at	1437226 
1442280	[5054]	:	time Target is 1442280
1447601	[5321]	:	time Target is 1447601
1448012	[411]	:	Key	71	DOWN	at	1448011 
1452936	[4924]	:	time Target is 1452936
1458257	[5321]	:	time Target is 1458257
1458316	[59]	:	Key	71	DOWN	at	1458316 
1463592	[5276]	:	time Target is 1463592
1468928	[5336]	:	time Target is 1468928
1474254	[5326]	:	time Target is 1474254
1474620	[366]	:	Key	71	DOWN	at	1474620 
1479587	[4967]	:	time Target is 1479587
1479852	[265]	:	Key	71	DOWN	at	1479852 
1484926	[5074]	:	time Target is 1484926
1490252	[5326]	:	time Target is 1490252
1490506	[254]	:	Key	71	DOWN	at	1490505 
1495629	[5123]	:	time Target is 1495629
1500949	[5320]	:	time Target is 1500949
1500986	[37]	:	Key	71	DOWN	at	1500986 
1506289	[5303]	:	time Target is 1506289
1507451	[1162]	:	Key	71	DOWN	at	1507450 
1511628	[4177]	:	time Target is 1511628
1516949	[5321]	:	time Target is 1516949
1522272	[5323]	:	time Target is 1522272
1523370	[1098]	:	Key	71	DOWN	at	1523370 
1527608	[4238]	:	time Target is 1527608
1532927	[5319]	:	time Target is 1532927
1538252	[5325]	:	time Target is 1538252
1543571	[5319]	:	time Target is 1543571
1548895	[5324]	:	time Target is 1548895
1549163	[268]	:	Key	71	DOWN	at	1549163 
1554233	[5070]	:	time Target is 1554233
1554461	[228]	:	Key	71	DOWN	at	1554460 
1559570	[5109]	:	time Target is 1559570
1564892	[5322]	:	time Target is 1564892
1565182	[290]	:	Key	71	DOWN	at	1565181 
1570217	[5035]	:	time Target is 1570217
1570569	[352]	:	Key	71	DOWN	at	1570569 
1575547	[4978]	:	time Target is 1575547
1575790	[243]	:	Key	71	DOWN	at	1575790 
1580887	[5097]	:	time Target is 1580887
1586210	[5323]	:	time Target is 1586210
1586460	[250]	:	Key	71	DOWN	at	1586459 
1591549	[5089]	:	time Target is 1591549
1591790	[241]	:	Key	71	DOWN	at	1591790 
1596886	[5096]	:	time Target is 1596886
1602208	[5322]	:	time Target is 1602208
1602602	[394]	:	Key	71	DOWN	at	1602601 
1607544	[4942]	:	time Target is 1607544
1608588	[1044]	:	Key	71	DOWN	at	1608588 
1612884	[4296]	:	time Target is 1612884
1613646	[762]	:	Key	71	DOWN	at	1613646 
1618224	[4578]	:	time Target is 1618224
1623283	[5059]	:	Key	71	DOWN	at	1623276 
1626094	[2811]	:	time Target is 1626094
1626955	[861]	:	Key	71	DOWN	at	1626954 
1631434	[4479]	:	time Target is 1631434
1631838	[404]	:	Key	71	DOWN	at	1631838 
1636771	[4933]	:	time Target is 1636771
1637546	[775]	:	Key	71	DOWN	at	1637546 
1642104	[4558]	:	time Target is 1642104
1647429	[5325]	:	time Target is 1647429
1652749	[5320]	:	time Target is 1652749
1658069	[5320]	:	time Target is 1658069
1663391	[5322]	:	time Target is 1663391
1663773	[382]	:	Key	71	DOWN	at	1663773 
1668726	[4953]	:	time Target is 1668726
1669018	[292]	:	Key	71	DOWN	at	1669017 
1674066	[5048]	:	time Target is 1674066
1674684	[618]	:	Key	71	DOWN	at	1674683 
1679410	[4726]	:	time Target is 1679410
1680479	[1069]	:	Key	71	DOWN	at	1680478 
1684751	[4272]	:	time Target is 1684751
1690071	[5320]	:	time Target is 1690071
1690110	[39]	:	Key	92	DOWN	at	1690110 
1690382	[272]	:	Key	92	UP	at	1690382 
1690617	[235]	:	Key	92	DOWN	at	1690617 
1690747	[130]	:	Key	92	UP	at	1690747 
1691035	[288]	:	Key	92	DOWN	at	1691034 
1691036	[1]	:	Key	71	DOWN	at	1691034 
1695411	[4375]	:	time Target is 1695411
1700734	[5323]	:	time Target is 1700734
1701068	[334]	:	Key	71	DOWN	at	1701068 
1706072	[5004]	:	time Target is 1706072
1707467	[1395]	:	Key	71	DOWN	at	1707467 
1711408	[3941]	:	time Target is 1711408
1711738	[330]	:	Key	71	DOWN	at	1711737 
1716750	[5012]	:	time Target is 1716750
1717486	[736]	:	Key	71	DOWN	at	1717486 
1722091	[4605]	:	time Target is 1722091
1727451	[5360]	:	time Target is 1727451
1728541	[1090]	:	Key	71	DOWN	at	1728541 
1732785	[4244]	:	time Target is 1732785
1738110	[5325]	:	time Target is 1738110
1738490	[380]	:	Key	71	DOWN	at	1738490 
1743457	[4967]	:	time Target is 1743457
1748782	[5325]	:	time Target is 1748782
1749005	[223]	:	Key	71	DOWN	at	1749005 
1753082	[4077]	:	Key	71	UP	at	1749226 
1755679	[2597]	:	Key	71	DOWN	at	1755678 
1756468	[789]	:	Key	71	UP	at	1755838 
1756735	[267]	:	time Target is 1756735
1762060	[5325]	:	time Target is 1762060
1762813	[753]	:	Key	71	DOWN	at	1762812 
1767398	[4585]	:	time Target is 1767398
1767756	[358]	:	Key	71	DOWN	at	1767756 
1772736	[4980]	:	time Target is 1772736
1778059	[5323]	:	time Target is 1778059
1778379	[320]	:	Key	71	DOWN	at	1778379 
1783408	[5029]	:	time Target is 1783408
1784121	[713]	:	Key	71	DOWN	at	1784121 
1788742	[4621]	:	time Target is 1788742
1794065	[5323]	:	time Target is 1794065
1799382	[5317]	:	Key	71	DOWN	at	1799277 
1802195	[2813]	:	time Target is 1802195
1802509	[314]	:	Key	71	DOWN	at	1802509 
1807531	[5022]	:	time Target is 1807531
1812851	[5320]	:	time Target is 1812851
1813259	[408]	:	Key	71	DOWN	at	1813259 
1818188	[4929]	:	time Target is 1818188
1818636	[448]	:	Key	71	DOWN	at	1818636 
1823520	[4884]	:	time Target is 1823520
1824061	[541]	:	Key	71	DOWN	at	1824061 
1828858	[4797]	:	time Target is 1828858
1829772	[914]	:	Key	71	DOWN	at	1829772 
1834197	[4425]	:	time Target is 1834197
1834666	[469]	:	Key	71	DOWN	at	1834666 
1839526	[4860]	:	time Target is 1839526
1844853	[5327]	:	time Target is 1844853
1845851	[998]	:	Key	71	DOWN	at	1845851 
1850188	[4337]	:	time Target is 1850188
1850670	[482]	:	Key	71	DOWN	at	1850669 
1855528	[4858]	:	time Target is 1855528
1855850	[322]	:	Key	71	DOWN	at	1855849 
1860868	[5018]	:	time Target is 1860868
1861132	[264]	:	Key	71	DOWN	at	1861132 
1866209	[5077]	:	time Target is 1866209
1866540	[331]	:	Key	71	DOWN	at	1866539 
1871549	[5009]	:	time Target is 1871549
1876912	[5363]	:	time Target is 1876912
1877228	[316]	:	Key	71	DOWN	at	1877228 
1882248	[5020]	:	time Target is 1882248
1887572	[5324]	:	time Target is 1887572
1888299	[727]	:	Key	71	DOWN	at	1888298 
1892912	[4613]	:	time Target is 1892912
1893098	[186]	:	Key	71	DOWN	at	1893098 
1898249	[5151]	:	time Target is 1898249
1903570	[5321]	:	time Target is 1903570
1908901	[5331]	:	time Target is 1908901
1910091	[1190]	:	Key	71	DOWN	at	1910090 
1914267	[4176]	:	time Target is 1914267
1914542	[275]	:	Key	71	DOWN	at	1914542 
1919607	[5065]	:	time Target is 1919607
1924932	[5325]	:	time Target is 1924932
1925534	[602]	:	Key	71	DOWN	at	1925533 
1930271	[4737]	:	time Target is 1930271
1930910	[639]	:	Key	71	DOWN	at	1930910 
1935610	[4700]	:	time Target is 1935610
1940931	[5321]	:	time Target is 1940931
1941245	[314]	:	Key	71	DOWN	at	1941244 
1946272	[5027]	:	time Target is 1946272
1946604	[332]	:	Key	71	DOWN	at	1946603 
1951613	[5009]	:	time Target is 1951613
1956934	[5321]	:	time Target is 1956934
1957900	[966]	:	Key	71	DOWN	at	1957900 
1962273	[4373]	:	time Target is 1962273
1962622	[349]	:	Key	71	DOWN	at	1962621 
1967616	[4994]	:	time Target is 1967616
1972935	[5319]	:	time Target is 1972935
1973226	[291]	:	Key	71	DOWN	at	1973226 
1978275	[5049]	:	time Target is 1978275
1978526	[251]	:	Key	71	DOWN	at	1978526 
1983624	[5098]	:	time Target is 1983624
1988947	[5323]	:	time Target is 1988947
1989164	[217]	:	Key	71	DOWN	at	1989164 
1994296	[5132]	:	time Target is 1994296
1999615	[5319]	:	time Target is 1999615
2004936	[5321]	:	time Target is 2004936
2010259	[5323]	:	time Target is 2010259
2010623	[364]	:	Key	71	DOWN	at	2010622 
2015601	[4978]	:	time Target is 2015601
2020922	[5321]	:	time Target is 2020922
2021163	[241]	:	Key	71	DOWN	at	2021163 
2026257	[5094]	:	time Target is 2026257
2027565	[1308]	:	Key	71	DOWN	at	2027565 
2031589	[4024]	:	time Target is 2031589
2031853	[264]	:	Key	71	DOWN	at	2031853 
2036929	[5076]	:	time Target is 2036929
2037390	[461]	:	Key	71	DOWN	at	2037390 
2042266	[4876]	:	time Target is 2042266
2047592	[5326]	:	time Target is 2047592
2048217	[625]	:	Key	71	DOWN	at	2048217 
2052931	[4714]	:	time Target is 2052931
2058254	[5323]	:	time Target is 2058254
2059306	[1052]	:	Key	71	DOWN	at	2059306 
2063583	[4277]	:	time Target is 2063583
2063949	[366]	:	Key	71	DOWN	at	2063949 
2068937	[4988]	:	time Target is 2068937
2074264	[5327]	:	time Target is 2074264
2079583	[5319]	:	time Target is 2079583
2084902	[5319]	:	time Target is 2084902
2090219	[5317]	:	time Target is 2090219
2090654	[435]	:	Key	71	DOWN	at	2090654 
2095558	[4904]	:	time Target is 2095558
2100883	[5325]	:	time Target is 2100883
2101596	[713]	:	Key	71	DOWN	at	2101596 
2105953	[4357]	:	Key	71	DOWN	at	2105660 
2105954	[1]	:	Key	71	UP	at	2105886 
2108771	[2817]	:	time Target is 2108771
2109229	[458]	:	Key	71	DOWN	at	2109229 
2114111	[4882]	:	time Target is 2114111
2114490	[379]	:	Key	71	DOWN	at	2114489 
2119445	[4955]	:	time Target is 2119445
2119884	[439]	:	Key	71	DOWN	at	2119883 
2124776	[4892]	:	time Target is 2124776
2130095	[5319]	:	time Target is 2130095
2135437	[5342]	:	time Target is 2135437
2140760	[5323]	:	time Target is 2140759
2146084	[5324]	:	time Target is 2146084
2146379	[295]	:	Key	71	DOWN	at	2146378 
2151421	[5042]	:	time Target is 2151421
2151805	[384]	:	Key	71	DOWN	at	2151805 
2156775	[4970]	:	time Target is 2156775
2162095	[5320]	:	time Target is 2162095
2162428	[333]	:	Key	71	DOWN	at	2162427 
2167433	[5005]	:	time Target is 2167433
2168299	[866]	:	Key	71	DOWN	at	2168298 
2172774	[4475]	:	time Target is 2172774
2173052	[278]	:	Key	71	DOWN	at	2173051 
2178113	[5061]	:	time Target is 2178113
2183436	[5323]	:	time Target is 2183436
2183801	[365]	:	Key	71	DOWN	at	2183801 
2188772	[4971]	:	time Target is 2188772
2190057	[1285]	:	Key	71	DOWN	at	2190057 
2194108	[4051]	:	time Target is 2194108
2194494	[386]	:	Key	71	DOWN	at	2194493 
2199449	[4955]	:	time Target is 2199449
2204789	[5340]	:	time Target is 2204789
2210109	[5320]	:	time Target is 2210109
2215430	[5321]	:	time Target is 2215430
2220751	[5321]	:	time Target is 2220751
2226074	[5323]	:	time Target is 2226074
2232668	[6594]	:	Key	71	DOWN	at	2232667 
2232814	[146]	:	Key	71	UP	at	2232814 
2242046	[9232]	:	Key	29	DOWN	at	2242046 
2242361	[315]	:	Key	29	UP	at	2242361 
2246908	[4547]	:	Key	28	DOWN	at	2246908 
2247129	[221]	:	Key	28	UP	at	2247129 
2251502	[4373]	:	Key	29	DOWN	at	2251502 
2251660	[158]	:	Key	29	UP	at	2251659 
2253963	[2303]	:	Key	29	DOWN	at	2253963 
2254093	[130]	:	Key	29	UP	at	2254093 
2256489	[2396]	:	Key	28	DOWN	at	2256489 
2256637	[148]	:	Key	28	UP	at	2256637 
2259231	[2594]	:	Key	28	DOWN	at	2259230 
2259354	[123]	:	Key	28	UP	at	2259353 
2261406	[2052]	:	Key	28	DOWN	at	2261405 
2261500	[94]	:	Key	28	UP	at	2261500 
2261789	[289]	:	Key	29	DOWN	at	2261788 
2261929	[140]	:	Key	29	UP	at	2261929 
2269901	[7972]	:	Key	29	DOWN	at	2269901 
2270014	[113]	:	Key	29	UP	at	2270013 
2270943	[929]	:	Key	29	DOWN	at	2270942 
2271036	[93]	:	Key	29	UP	at	2271036 
2276029	[4993]	:	Key	28	DOWN	at	2276029 
2276174	[145]	:	Key	28	UP	at	2276174 
2276939	[765]	:	Key	28	DOWN	at	2276938 
2277055	[116]	:	Key	28	UP	at	2277053 
2281545	[4490]	:	Key	29	DOWN	at	2281545 
2281630	[85]	:	Key	29	UP	at	2281630 
2283342	[1712]	:	Key	29	DOWN	at	2283342 
2283402	[60]	:	Key	29	UP	at	2283401 
2285994	[2592]	:	Key	28	DOWN	at	2285994 
2286108	[114]	:	Key	28	UP	at	2286108 
2287673	[1565]	:	Key	28	DOWN	at	2287673 
2287737	[64]	:	COGENT STOP
