Cog2000 log file Wed Aug 21 16:07:29 2019
gprim v1.33 Compiled:Aug 12 2015 (GLib DirectDraw v7 DX12.0 Compiled:Aug 12 2015)
Display:1024x768x32 59.95Hz
CogInput v1.05 Compiled: May 20 2010
0	[0]	:	COGENT START
11941	[11941]	:	Key	71	DOWN	at	11941   
12022	[81]	:	Key	71	UP	at	12022   
31014	[18992]	:	Key	71	DOWN	at	31014   
31078	[64]	:	Key	71	UP	at	31078   
35669	[4591]	:	Key	71	DOWN	at	35667   
35779	[110]	:	Key	71	UP	at	35779   
47112	[11333]	:	Key	71	DOWN	at	47112   
47192	[80]	:	Key	71	UP	at	47191   
62968	[15776]	:	Key	71	DOWN	at	62967   
63096	[128]	:	Key	71	UP	at	63096   
82201	[19105]	:	Key	71	DOWN	at	82200   
83022	[821]	:	time Target is 83022
83686	[664]	:	Key	71	DOWN	at	83685   
89116	[5430]	:	time Target is 89116
89700	[584]	:	Key	71	DOWN	at	89700   
95196	[5496]	:	time Target is 95196
96440	[1244]	:	Key	71	DOWN	at	96440   
101287	[4847]	:	time Target is 101287
107370	[6083]	:	time Target is 107370
108233	[863]	:	Key	71	DOWN	at	108233  
116088	[7855]	:	Key	71	DOWN	at	116088  
117147	[1059]	:	time Target is 117147
123465	[6318]	:	time Target is 123464
129787	[6322]	:	time Target is 129786
136108	[6321]	:	time Target is 136107
155878	[19770]	:	Key	71	DOWN	at	155878  
156007	[129]	:	Key	71	UP	at	156007  
160470	[4463]	:	Key	71	DOWN	at	160470  
160582	[112]	:	Key	71	UP	at	160582  
164889	[4307]	:	Key	71	DOWN	at	164888  
164999	[110]	:	Key	71	UP	at	164998  
174132	[9133]	:	Key	71	DOWN	at	174132  
174197	[65]	:	Key	71	UP	at	174197  
179496	[5299]	:	Key	71	DOWN	at	179496  
180293	[797]	:	Key	71	UP	at	179592  
180315	[22]	:	time Target is 180315
185395	[5080]	:	time Target is 185395
186024	[629]	:	Key	71	DOWN	at	186023  
190499	[4475]	:	time Target is 190499
191187	[688]	:	Key	71	DOWN	at	191187  
195591	[4404]	:	time Target is 195591
207528	[11937]	:	Key	71	DOWN	at	207528  
207592	[64]	:	Key	71	UP	at	207592  
212020	[4428]	:	Key	71	DOWN	at	212019  
212803	[783]	:	Key	71	UP	at	212152  
212823	[20]	:	time Target is 212823
213417	[594]	:	Key	71	DOWN	at	213417  
217912	[4495]	:	time Target is 217912
222981	[5069]	:	time Target is 222981
228053	[5072]	:	time Target is 228053
228631	[578]	:	Key	71	DOWN	at	228631  
232348	[3717]	:	Key	71	UP	at	228727  
241011	[8663]	:	Key	71	DOWN	at	241011  
241075	[64]	:	Key	71	UP	at	241075  
244711	[3636]	:	Key	71	DOWN	at	244711  
245500	[789]	:	Key	71	UP	at	244808  
245525	[25]	:	time Target is 245524
246105	[580]	:	Key	71	DOWN	at	246105  
250611	[4506]	:	time Target is 250611
255686	[5075]	:	time Target is 255686
256182	[496]	:	Key	71	DOWN	at	256180  
260769	[4587]	:	time Target is 260769
261333	[564]	:	Key	71	DOWN	at	261333  
265065	[3732]	:	Key	71	UP	at	261415  
272856	[7791]	:	Key	71	DOWN	at	272856  
272933	[77]	:	Key	71	UP	at	272933  
277011	[4078]	:	Key	71	DOWN	at	277011  
277801	[790]	:	Key	71	UP	at	277160  
277819	[18]	:	time Target is 277819
278404	[585]	:	Key	71	DOWN	at	278404  
282905	[4501]	:	time Target is 282905
283766	[861]	:	Key	71	DOWN	at	283766  
287990	[4224]	:	time Target is 287990
293061	[5071]	:	time Target is 293060
304982	[11921]	:	Key	71	DOWN	at	304982  
305108	[126]	:	Key	71	UP	at	305107  
320376	[15268]	:	Key	71	DOWN	at	320376  
320454	[78]	:	Key	71	UP	at	320453  
334998	[14544]	:	Key	71	DOWN	at	334997  
335062	[64]	:	Key	71	UP	at	335062  
347030	[11968]	:	Key	71	DOWN	at	347030  
347125	[95]	:	Key	71	UP	at	347125  
354822	[7697]	:	Key	71	DOWN	at	354822  
357376	[2554]	:	time Target is 357376
362698	[5322]	:	time Target is 362698
363349	[651]	:	Key	71	DOWN	at	363348  
368045	[4696]	:	time Target is 368045
373367	[5322]	:	time Target is 373367
374008	[641]	:	Key	71	DOWN	at	374008  
378695	[4687]	:	time Target is 378695
379543	[848]	:	Key	71	DOWN	at	379543  
384042	[4499]	:	time Target is 384042
384536	[494]	:	Key	71	DOWN	at	384535  
389380	[4844]	:	time Target is 389380
394701	[5321]	:	time Target is 394701
395124	[423]	:	Key	71	DOWN	at	395123  
400041	[4917]	:	time Target is 400041
405365	[5324]	:	time Target is 405365
405833	[468]	:	Key	71	DOWN	at	405832  
410700	[4867]	:	time Target is 410700
411048	[348]	:	Key	71	DOWN	at	411048  
416038	[4990]	:	time Target is 416038
421360	[5322]	:	time Target is 421360
421653	[293]	:	Key	71	DOWN	at	421653  
426694	[5041]	:	time Target is 426694
427034	[340]	:	Key	71	DOWN	at	427033  
432031	[4997]	:	time Target is 432031
432311	[280]	:	Key	71	DOWN	at	432311  
437367	[5056]	:	time Target is 437367
437448	[81]	:	Key	71	DOWN	at	437448  
442702	[5254]	:	time Target is 442702
443032	[330]	:	Key	71	DOWN	at	443031  
448037	[5005]	:	time Target is 448037
448052	[15]	:	Key	71	DOWN	at	448052  
453364	[5312]	:	time Target is 453364
453640	[276]	:	Key	71	DOWN	at	453640  
458702	[5062]	:	time Target is 458702
464023	[5321]	:	time Target is 464023
464373	[350]	:	Key	71	DOWN	at	464372  
469359	[4986]	:	time Target is 469359
474681	[5322]	:	time Target is 474681
474984	[303]	:	Key	71	DOWN	at	474984  
480008	[5024]	:	time Target is 480008
480308	[300]	:	Key	71	DOWN	at	480308  
485347	[5039]	:	time Target is 485347
490667	[5320]	:	time Target is 490667
490967	[300]	:	Key	71	DOWN	at	490967  
496002	[5035]	:	time Target is 496002
496533	[531]	:	Key	71	DOWN	at	496533  
501334	[4801]	:	time Target is 501334
506655	[5321]	:	time Target is 506655
511712	[5057]	:	Key	71	DOWN	at	511510  
511713	[1]	:	Key	71	UP	at	511605  
514527	[2814]	:	time Target is 514527
519846	[5319]	:	time Target is 519846
525164	[5318]	:	time Target is 525164
525480	[316]	:	Key	71	DOWN	at	525480  
530498	[5018]	:	time Target is 530498
535819	[5321]	:	time Target is 535819
536197	[378]	:	Key	71	DOWN	at	536197  
541157	[4960]	:	time Target is 541157
546479	[5322]	:	time Target is 546479
546921	[442]	:	Key	71	DOWN	at	546920  
551814	[4893]	:	time Target is 551814
557134	[5320]	:	time Target is 557134
557576	[442]	:	Key	71	DOWN	at	557575  
562470	[4894]	:	time Target is 562470
567791	[5321]	:	time Target is 567791
567971	[180]	:	Key	71	DOWN	at	567971  
573129	[5158]	:	time Target is 573129
573556	[427]	:	Key	71	DOWN	at	573556  
578465	[4909]	:	time Target is 578465
583789	[5324]	:	time Target is 583789
584327	[538]	:	Key	71	DOWN	at	584327  
589129	[4802]	:	time Target is 589129
589605	[476]	:	Key	71	DOWN	at	589605  
594468	[4863]	:	time Target is 594468
599790	[5322]	:	time Target is 599790
601256	[1466]	:	Key	71	DOWN	at	601256  
605119	[3863]	:	time Target is 605119
605559	[440]	:	Key	71	DOWN	at	605559  
610456	[4897]	:	time Target is 610456
610982	[526]	:	Key	71	DOWN	at	610981  
615793	[4811]	:	time Target is 615793
621115	[5322]	:	time Target is 621115
626435	[5320]	:	time Target is 626435
631755	[5320]	:	time Target is 631755
637067	[5312]	:	time Target is 637067
642389	[5322]	:	time Target is 642389
647710	[5321]	:	time Target is 647710
648216	[506]	:	Key	71	DOWN	at	648216  
653045	[4829]	:	time Target is 653045
653769	[724]	:	Key	71	DOWN	at	653768  
658383	[4614]	:	time Target is 658383
659365	[982]	:	Key	71	DOWN	at	659365  
663722	[4357]	:	time Target is 663722
669044	[5322]	:	time Target is 669044
669621	[577]	:	Key	71	DOWN	at	669621  
674406	[4785]	:	time Target is 674406
679728	[5322]	:	time Target is 679728
680277	[549]	:	Key	71	DOWN	at	680277  
685069	[4792]	:	time Target is 685069
690392	[5323]	:	time Target is 690392
695710	[5318]	:	time Target is 695710
696212	[502]	:	Key	71	DOWN	at	696212  
701046	[4834]	:	time Target is 701046
701575	[529]	:	Key	71	DOWN	at	701575  
706381	[4806]	:	time Target is 706381
711699	[5318]	:	time Target is 711699
717024	[5325]	:	time Target is 717024
722352	[5328]	:	time Target is 722352
727674	[5322]	:	time Target is 727674
732997	[5323]	:	time Target is 732997
738322	[5325]	:	time Target is 738322
743644	[5322]	:	time Target is 743644
744103	[459]	:	Key	71	DOWN	at	744103  
748981	[4878]	:	time Target is 748981
754295	[5314]	:	time Target is 754295
754726	[431]	:	Key	71	DOWN	at	754726  
759630	[4904]	:	time Target is 759630
764950	[5320]	:	time Target is 764950
765526	[576]	:	Key	71	DOWN	at	765526  
770276	[4750]	:	time Target is 770276
775591	[5315]	:	time Target is 775591
780913	[5322]	:	time Target is 780913
781303	[390]	:	Key	71	DOWN	at	781302  
786254	[4951]	:	time Target is 786254
787303	[1049]	:	Key	71	DOWN	at	787303  
791592	[4289]	:	time Target is 791592
796915	[5323]	:	time Target is 796915
797510	[595]	:	Key	71	DOWN	at	797509  
802247	[4737]	:	time Target is 802247
807574	[5327]	:	time Target is 807574
812895	[5321]	:	time Target is 812895
818219	[5324]	:	time Target is 818219
818742	[523]	:	Key	71	DOWN	at	818741  
823557	[4815]	:	time Target is 823557
828881	[5324]	:	time Target is 828881
829383	[502]	:	Key	71	DOWN	at	829382  
833183	[3800]	:	Key	71	UP	at	829461  
847972	[14789]	:	Key	71	DOWN	at	847972  
848760	[788]	:	Key	71	UP	at	848149  
849029	[269]	:	time Target is 849029
849923	[894]	:	Key	71	DOWN	at	849923  
854365	[4442]	:	time Target is 854365
855317	[952]	:	Key	71	DOWN	at	855316  
859698	[4381]	:	time Target is 859698
865023	[5325]	:	time Target is 865023
865413	[390]	:	Key	71	DOWN	at	865413  
870391	[4978]	:	time Target is 870391
870807	[416]	:	Key	71	DOWN	at	870806  
875724	[4917]	:	time Target is 875724
881043	[5319]	:	time Target is 881043
886398	[5355]	:	time Target is 886398
886854	[456]	:	Key	71	DOWN	at	886853  
891731	[4877]	:	time Target is 891731
897055	[5324]	:	time Target is 897055
902378	[5323]	:	time Target is 902378
902836	[458]	:	Key	71	DOWN	at	902836  
907709	[4873]	:	time Target is 907709
908057	[348]	:	Key	71	DOWN	at	908056  
913050	[4993]	:	time Target is 913050
913606	[556]	:	Key	71	DOWN	at	913606  
918383	[4777]	:	time Target is 918383
919155	[772]	:	Key	71	DOWN	at	919155  
923710	[4555]	:	time Target is 923710
929028	[5318]	:	time Target is 929028
934354	[5326]	:	time Target is 934354
935173	[819]	:	Key	71	DOWN	at	935172  
939689	[4516]	:	time Target is 939689
940360	[671]	:	Key	71	DOWN	at	940359  
945023	[4663]	:	time Target is 945023
950344	[5321]	:	time Target is 950344
950727	[383]	:	Key	71	DOWN	at	950727  
955678	[4951]	:	time Target is 955678
960998	[5320]	:	time Target is 960998
961561	[563]	:	Key	71	DOWN	at	961560  
966331	[4770]	:	time Target is 966331
966900	[569]	:	Key	71	DOWN	at	966900  
971667	[4767]	:	time Target is 971667
977000	[5333]	:	time Target is 977000
977605	[605]	:	Key	71	DOWN	at	977604  
982337	[4732]	:	time Target is 982337
987661	[5324]	:	time Target is 987661
988180	[519]	:	Key	71	DOWN	at	988180  
992994	[4814]	:	time Target is 992994
998316	[5322]	:	time Target is 998316
998792	[476]	:	Key	71	DOWN	at	998792  
1003653	[4861]	:	time Target is 1003653
1004087	[434]	:	Key	71	DOWN	at	1004087 
1008991	[4904]	:	time Target is 1008991
1014320	[5329]	:	time Target is 1014319
1019638	[5318]	:	time Target is 1019638
1020376	[738]	:	Key	71	DOWN	at	1020376 
1024969	[4593]	:	time Target is 1024969
1030290	[5321]	:	time Target is 1030290
1030905	[615]	:	Key	71	DOWN	at	1030905 
1035627	[4722]	:	time Target is 1035627
1040950	[5323]	:	time Target is 1040950
1046271	[5321]	:	time Target is 1046271
1046709	[438]	:	Key	71	DOWN	at	1046708 
1051605	[4896]	:	time Target is 1051605
1056929	[5324]	:	time Target is 1056929
1057575	[646]	:	Key	71	DOWN	at	1057574 
1062266	[4691]	:	time Target is 1062266
1063172	[906]	:	Key	71	DOWN	at	1063172 
1067602	[4430]	:	time Target is 1067602
1072923	[5321]	:	time Target is 1072923
1078244	[5321]	:	time Target is 1078244
1083584	[5340]	:	time Target is 1083584
1083987	[403]	:	Key	71	DOWN	at	1083987 
1088922	[4935]	:	time Target is 1088922
1089528	[606]	:	Key	71	DOWN	at	1089527 
1094262	[4734]	:	time Target is 1094262
1094984	[722]	:	Key	71	DOWN	at	1094983 
1099603	[4619]	:	time Target is 1099603
1104923	[5320]	:	time Target is 1104923
1105561	[638]	:	Key	71	DOWN	at	1105560 
1110261	[4700]	:	time Target is 1110261
1110711	[450]	:	Key	71	DOWN	at	1110710 
1115596	[4885]	:	time Target is 1115596
1120920	[5324]	:	time Target is 1120920
1126240	[5320]	:	time Target is 1126240
1126692	[452]	:	Key	71	DOWN	at	1126692 
1131576	[4884]	:	time Target is 1131576
1136895	[5319]	:	time Target is 1136895
1137333	[438]	:	Key	71	DOWN	at	1137333 
1142222	[4889]	:	time Target is 1142222
1147543	[5321]	:	time Target is 1147543
1152864	[5321]	:	time Target is 1152864
1158182	[5318]	:	time Target is 1158182
1158663	[481]	:	Key	71	DOWN	at	1158662 
1163512	[4849]	:	time Target is 1163512
1168833	[5321]	:	time Target is 1168833
1174155	[5322]	:	time Target is 1174155
1174680	[525]	:	Key	71	DOWN	at	1174680 
1179491	[4811]	:	time Target is 1179491
1184814	[5323]	:	time Target is 1184814
1185431	[617]	:	Key	71	DOWN	at	1185431 
1190163	[4732]	:	time Target is 1190163
1195484	[5321]	:	time Target is 1195484
1196088	[604]	:	Key	71	DOWN	at	1196087 
1200817	[4729]	:	time Target is 1200817
1201367	[550]	:	Key	71	DOWN	at	1201367 
1206151	[4784]	:	time Target is 1206151
1211473	[5322]	:	time Target is 1211473
1216805	[5332]	:	time Target is 1216805
1217272	[467]	:	Key	71	DOWN	at	1217272 
1222136	[4864]	:	time Target is 1222136
1227452	[5316]	:	time Target is 1227452
1232777	[5325]	:	time Target is 1232777
1233303	[526]	:	Key	71	DOWN	at	1233303 
1238117	[4814]	:	time Target is 1238117
1239032	[915]	:	Key	71	DOWN	at	1239032 
1243455	[4423]	:	time Target is 1243455
1243865	[410]	:	Key	71	DOWN	at	1243864 
1248797	[4932]	:	time Target is 1248797
1254118	[5321]	:	time Target is 1254118
1254484	[366]	:	Key	71	DOWN	at	1254484 
1259455	[4971]	:	time Target is 1259455
1259880	[425]	:	Key	71	DOWN	at	1259880 
1264790	[4910]	:	time Target is 1264790
1265220	[430]	:	Key	71	DOWN	at	1265220 
1270127	[4907]	:	time Target is 1270127
1275448	[5321]	:	time Target is 1275448
1275990	[542]	:	Key	71	DOWN	at	1275990 
1280788	[4798]	:	time Target is 1280788
1281126	[338]	:	Key	71	DOWN	at	1281125 
1286131	[5005]	:	time Target is 1286131
1291446	[5315]	:	time Target is 1291446
1296765	[5319]	:	time Target is 1296765
1297157	[392]	:	Key	71	DOWN	at	1297157 
1302105	[4948]	:	time Target is 1302105
1307431	[5326]	:	time Target is 1307431
1307878	[447]	:	Key	71	DOWN	at	1307878 
1312760	[4882]	:	Key	71	DOWN	at	1312649 
1312760	[0]	:	Key	71	UP	at	1312696 
1315571	[2811]	:	time Target is 1315571
1316008	[437]	:	Key	71	DOWN	at	1316007 
1320906	[4898]	:	time Target is 1320906
1351028	[30122]	:	Key	71	DOWN	at	1351027 
1351128	[100]	:	Key	71	UP	at	1351128 
1355988	[4860]	:	Key	71	DOWN	at	1355987 
1356778	[790]	:	Key	71	UP	at	1356185 
1357044	[266]	:	time Target is 1357044
1357444	[400]	:	Key	71	DOWN	at	1357444 
1362383	[4939]	:	time Target is 1362383
1362727	[344]	:	Key	71	DOWN	at	1362726 
1367717	[4990]	:	time Target is 1367717
1368069	[352]	:	Key	71	DOWN	at	1368068 
1373056	[4987]	:	time Target is 1373056
1373811	[755]	:	Key	71	DOWN	at	1373811 
1378388	[4577]	:	time Target is 1378388
1383712	[5324]	:	time Target is 1383712
1384533	[821]	:	Key	71	DOWN	at	1384532 
1389053	[4520]	:	time Target is 1389053
1394373	[5320]	:	time Target is 1394373
1394789	[416]	:	Key	71	DOWN	at	1394789 
1399708	[4919]	:	time Target is 1399708
1405029	[5321]	:	time Target is 1405029
1410353	[5324]	:	time Target is 1410353
1410760	[407]	:	Key	71	DOWN	at	1410759 
1415682	[4922]	:	time Target is 1415682
1421000	[5318]	:	time Target is 1421000
1426323	[5323]	:	time Target is 1426323
1431646	[5323]	:	time Target is 1431646
1436969	[5323]	:	time Target is 1436969
1437333	[364]	:	Key	71	DOWN	at	1437333 
1442299	[4966]	:	time Target is 1442299
1447616	[5317]	:	time Target is 1447616
1448232	[616]	:	Key	71	DOWN	at	1448232 
1452953	[4721]	:	time Target is 1452953
1453240	[287]	:	Key	71	DOWN	at	1453239 
1458293	[5053]	:	time Target is 1458293
1463617	[5324]	:	time Target is 1463617
1468945	[5328]	:	time Target is 1468945
1469429	[484]	:	Key	71	DOWN	at	1469428 
1474285	[4856]	:	time Target is 1474285
1479607	[5322]	:	time Target is 1479607
1479957	[350]	:	Key	71	DOWN	at	1479957 
1484931	[4974]	:	time Target is 1484931
1485364	[433]	:	Key	71	DOWN	at	1485364 
1490265	[4901]	:	time Target is 1490265
1495590	[5325]	:	time Target is 1495590
1500941	[5351]	:	time Target is 1500941
1501303	[362]	:	Key	71	DOWN	at	1501303 
1506281	[4978]	:	time Target is 1506281
1506775	[494]	:	Key	71	DOWN	at	1506774 
1511617	[4842]	:	time Target is 1511617
1516937	[5320]	:	time Target is 1516937
1517398	[461]	:	Key	71	DOWN	at	1517398 
1522271	[4873]	:	time Target is 1522271
1527596	[5325]	:	time Target is 1527596
1528649	[1053]	:	Key	71	DOWN	at	1528648 
1532937	[4288]	:	time Target is 1532937
1533987	[1050]	:	Key	71	DOWN	at	1533987 
1538264	[4277]	:	time Target is 1538264
1543589	[5325]	:	time Target is 1543589
1543927	[338]	:	Key	71	DOWN	at	1543927 
1548922	[4995]	:	time Target is 1548922
1554239	[5317]	:	time Target is 1554239
1554617	[378]	:	Key	71	DOWN	at	1554617 
1559576	[4959]	:	time Target is 1559576
1559956	[380]	:	Key	71	DOWN	at	1559955 
1564915	[4959]	:	time Target is 1564915
1565271	[356]	:	Key	71	DOWN	at	1565270 
1570261	[4990]	:	time Target is 1570261
1575580	[5319]	:	time Target is 1575580
1580902	[5322]	:	time Target is 1580902
1581189	[287]	:	Key	71	DOWN	at	1581188 
1586240	[5051]	:	time Target is 1586240
1586679	[439]	:	Key	71	DOWN	at	1586678 
1591576	[4897]	:	time Target is 1591576
1592056	[480]	:	Key	71	DOWN	at	1592055 
1596914	[4858]	:	time Target is 1596914
1602239	[5325]	:	time Target is 1602239
1602537	[298]	:	Key	71	DOWN	at	1602536 
1607576	[5039]	:	time Target is 1607576
1612899	[5323]	:	time Target is 1612899
1613349	[450]	:	Key	71	DOWN	at	1613349 
1618235	[4886]	:	time Target is 1618235
1619062	[827]	:	Key	71	DOWN	at	1619062 
1623565	[4503]	:	time Target is 1623565
1628887	[5322]	:	time Target is 1628887
1634203	[5316]	:	time Target is 1634203
1634617	[414]	:	Key	71	DOWN	at	1634616 
1639538	[4921]	:	time Target is 1639538
1640231	[693]	:	Key	71	DOWN	at	1640230 
1644873	[4642]	:	time Target is 1644873
1650197	[5324]	:	time Target is 1650197
1655519	[5322]	:	time Target is 1655519
1660837	[5318]	:	time Target is 1660837
1666161	[5324]	:	time Target is 1666161
1666551	[390]	:	Key	71	DOWN	at	1666551 
1671491	[4940]	:	time Target is 1671491
1676816	[5325]	:	time Target is 1676816
1682129	[5313]	:	time Target is 1682129
1682471	[342]	:	Key	71	DOWN	at	1682471 
1687465	[4994]	:	time Target is 1687465
1687847	[382]	:	Key	71	DOWN	at	1687846 
1692805	[4958]	:	time Target is 1692805
1698127	[5322]	:	time Target is 1698127
1703451	[5324]	:	time Target is 1703451
1703813	[362]	:	Key	71	DOWN	at	1703813 
1708794	[4981]	:	time Target is 1708794
1709192	[398]	:	Key	71	DOWN	at	1709191 
1714127	[4935]	:	time Target is 1714127
1719452	[5325]	:	time Target is 1719452
1720471	[1019]	:	Key	71	DOWN	at	1720470 
1724791	[4320]	:	time Target is 1724791
1730112	[5321]	:	time Target is 1730112
1730485	[373]	:	Key	71	DOWN	at	1730484 
1735449	[4964]	:	time Target is 1735449
1735844	[395]	:	Key	71	DOWN	at	1735844 
1740787	[4943]	:	time Target is 1740787
1746123	[5336]	:	time Target is 1746123
1751448	[5325]	:	time Target is 1751448
1756771	[5323]	:	time Target is 1756771
1757127	[356]	:	Key	71	DOWN	at	1757127 
1762102	[4975]	:	time Target is 1762102
1767423	[5321]	:	time Target is 1767423
1772744	[5321]	:	time Target is 1772744
1773177	[433]	:	Key	71	DOWN	at	1773176 
1778087	[4910]	:	time Target is 1778087
1778502	[415]	:	Key	71	DOWN	at	1778502 
1783420	[4918]	:	time Target is 1783420
1788743	[5323]	:	time Target is 1788743
1789127	[384]	:	Key	71	DOWN	at	1789127 
1794075	[4948]	:	time Target is 1794075
1794484	[409]	:	Key	71	DOWN	at	1794483 
1799408	[4924]	:	time Target is 1799408
1799989	[581]	:	Key	71	DOWN	at	1799989 
1804741	[4752]	:	time Target is 1804741
1805880	[1139]	:	Key	71	DOWN	at	1805880 
1810082	[4202]	:	time Target is 1810082
1815405	[5323]	:	time Target is 1815405
1820726	[5321]	:	time Target is 1820726
1821064	[338]	:	Key	71	DOWN	at	1821063 
1826062	[4998]	:	time Target is 1826062
1826534	[472]	:	Key	71	DOWN	at	1826534 
1831399	[4865]	:	time Target is 1831399
1860984	[29585]	:	Key	71	DOWN	at	1860983 
1861774	[790]	:	Key	71	UP	at	1861048 
1862041	[267]	:	time Target is 1862041
1867366	[5325]	:	time Target is 1867366
1867716	[350]	:	Key	71	DOWN	at	1867716 
1872704	[4988]	:	time Target is 1872704
1878023	[5319]	:	time Target is 1878023
1883342	[5319]	:	time Target is 1883342
1888664	[5322]	:	time Target is 1888664
1893986	[5322]	:	time Target is 1893986
1899301	[5315]	:	time Target is 1899301
1904622	[5321]	:	time Target is 1904622
1909944	[5322]	:	time Target is 1909944
1915263	[5319]	:	time Target is 1915263
1916517	[1254]	:	Key	71	DOWN	at	1916517 
1920597	[4080]	:	time Target is 1920597
1922004	[1407]	:	Key	71	DOWN	at	1922004 
1925936	[3932]	:	time Target is 1925936
1926468	[532]	:	Key	71	DOWN	at	1926468 
1931271	[4803]	:	time Target is 1931271
1936598	[5327]	:	time Target is 1936598
1937080	[482]	:	Key	71	DOWN	at	1937079 
1941934	[4854]	:	time Target is 1941934
1942568	[634]	:	Key	71	DOWN	at	1942568 
1947263	[4695]	:	time Target is 1947263
1947620	[357]	:	Key	71	DOWN	at	1947620 
1952593	[4973]	:	time Target is 1952593
1957914	[5321]	:	time Target is 1957914
1958310	[396]	:	Key	71	DOWN	at	1958310 
1963250	[4940]	:	time Target is 1963250
1963609	[359]	:	Key	71	DOWN	at	1963609 
1968579	[4970]	:	time Target is 1968579
1969013	[434]	:	Key	71	DOWN	at	1969012 
1973913	[4900]	:	time Target is 1973913
1979234	[5321]	:	time Target is 1979234
1984555	[5321]	:	time Target is 1984555
1989876	[5321]	:	time Target is 1989876
1995197	[5321]	:	time Target is 1995197
2000519	[5322]	:	time Target is 2000519
2000871	[352]	:	Key	71	DOWN	at	2000870 
2005856	[4985]	:	time Target is 2005856
2006179	[323]	:	Key	71	DOWN	at	2006179 
2011196	[5017]	:	time Target is 2011196
2011513	[317]	:	Key	71	DOWN	at	2011512 
2016535	[5022]	:	time Target is 2016535
2016885	[350]	:	Key	71	DOWN	at	2016885 
2021873	[4988]	:	time Target is 2021873
2022279	[406]	:	Key	71	DOWN	at	2022278 
2027209	[4930]	:	time Target is 2027209
2027557	[348]	:	Key	71	DOWN	at	2027557 
2032538	[4981]	:	time Target is 2032538
2037862	[5324]	:	time Target is 2037862
2038152	[290]	:	Key	71	DOWN	at	2038151 
2043207	[5055]	:	time Target is 2043207
2043463	[256]	:	Key	71	DOWN	at	2043463 
2048545	[5082]	:	time Target is 2048545
2049187	[642]	:	Key	71	DOWN	at	2049187 
2053882	[4695]	:	time Target is 2053882
2054101	[219]	:	Key	71	DOWN	at	2054101 
2059221	[5120]	:	time Target is 2059221
2064541	[5320]	:	time Target is 2064541
2064822	[281]	:	Key	71	DOWN	at	2064822 
2069873	[5051]	:	time Target is 2069873
2075197	[5324]	:	time Target is 2075197
2075572	[375]	:	Key	71	DOWN	at	2075572 
2080534	[4962]	:	time Target is 2080534
2085853	[5319]	:	time Target is 2085853
2085993	[140]	:	Key	71	DOWN	at	2085992 
2091187	[5194]	:	time Target is 2091187
2096509	[5322]	:	time Target is 2096509
2096664	[155]	:	Key	71	DOWN	at	2096664 
2101842	[5178]	:	time Target is 2101842
2102181	[339]	:	Key	71	DOWN	at	2102181 
2107180	[4999]	:	time Target is 2107180
2107444	[264]	:	Key	71	DOWN	at	2107443 
2112518	[5074]	:	time Target is 2112518
2117839	[5321]	:	time Target is 2117839
2123162	[5323]	:	time Target is 2123162
2124262	[1100]	:	Key	71	DOWN	at	2124261 
2128504	[4242]	:	time Target is 2128504
2128904	[400]	:	Key	71	DOWN	at	2128904 
2133835	[4931]	:	time Target is 2133835
2139154	[5319]	:	time Target is 2139154
2144484	[5330]	:	time Target is 2144484
2144789	[305]	:	Key	71	DOWN	at	2144789 
2149854	[5065]	:	time Target is 2149854
2155182	[5328]	:	time Target is 2155182
2160499	[5317]	:	time Target is 2160499
2160805	[306]	:	Key	71	DOWN	at	2160805 
2165854	[5049]	:	time Target is 2165854
2171178	[5324]	:	time Target is 2171178
2176541	[5363]	:	time Target is 2176541
2176711	[170]	:	Key	71	DOWN	at	2176711 
2181867	[5156]	:	time Target is 2181867
2182246	[379]	:	Key	71	DOWN	at	2182246 
2187203	[4957]	:	time Target is 2187203
2187352	[149]	:	Key	71	DOWN	at	2187352 
2192539	[5187]	:	time Target is 2192539
2192982	[443]	:	Key	71	DOWN	at	2192982 
2197880	[4898]	:	time Target is 2197880
2203206	[5326]	:	time Target is 2203206
2203492	[286]	:	Key	71	DOWN	at	2203491 
2208544	[5052]	:	time Target is 2208544
2213887	[5343]	:	time Target is 2213887
2219211	[5324]	:	time Target is 2219211
2219608	[397]	:	Key	71	DOWN	at	2219607 
2224549	[4941]	:	time Target is 2224549
2229870	[5321]	:	time Target is 2229870
2230360	[490]	:	Key	71	DOWN	at	2230359 
2235230	[4870]	:	time Target is 2235230
2240550	[5320]	:	time Target is 2240550
2241030	[480]	:	Key	71	DOWN	at	2241029 
2245893	[4863]	:	time Target is 2245893
2251212	[5319]	:	time Target is 2251212
2251588	[376]	:	Key	71	DOWN	at	2251587 
2256551	[4963]	:	time Target is 2256551
2261870	[5319]	:	time Target is 2261870
2267195	[5325]	:	time Target is 2267195
2272518	[5323]	:	time Target is 2272518
2272824	[306]	:	Key	71	DOWN	at	2272824 
2277855	[5031]	:	time Target is 2277855
2283175	[5320]	:	time Target is 2283175
2283508	[333]	:	Key	71	DOWN	at	2283508 
2288511	[5003]	:	time Target is 2288511
2288998	[487]	:	Key	71	DOWN	at	2288998 
2293848	[4850]	:	time Target is 2293848
2299160	[5312]	:	time Target is 2299160
2299369	[209]	:	Key	71	DOWN	at	2299368 
2304492	[5123]	:	time Target is 2304492
2304838	[346]	:	Key	71	DOWN	at	2304837 
2309830	[4992]	:	time Target is 2309830
2310100	[270]	:	Key	71	DOWN	at	2310100 
2315172	[5072]	:	time Target is 2315172
2320492	[5320]	:	time Target is 2320492
2325816	[5324]	:	time Target is 2325816
2331139	[5323]	:	time Target is 2331139
2331508	[369]	:	Key	71	DOWN	at	2331508 
2336479	[4971]	:	time Target is 2336479
2353367	[16888]	:	Key	71	DOWN	at	2353367 
2353448	[81]	:	Key	71	UP	at	2353448 
2366425	[12977]	:	Key	71	DOWN	at	2366425 
2366531	[106]	:	Key	71	UP	at	2366531 
2393077	[26546]	:	Key	28	DOWN	at	2393077 
2393189	[112]	:	Key	28	UP	at	2393189 
2410869	[17680]	:	Key	29	DOWN	at	2410869 
2410965	[96]	:	Key	29	UP	at	2410964 
2414678	[3713]	:	Key	28	DOWN	at	2414677 
2414788	[110]	:	Key	28	UP	at	2414788 
2416009	[1221]	:	Key	28	DOWN	at	2416008 
2416103	[94]	:	Key	28	UP	at	2416102 
2419171	[3068]	:	Key	29	DOWN	at	2419171 
2419270	[99]	:	Key	29	UP	at	2419270 
2420964	[1694]	:	Key	28	DOWN	at	2420964 
2421092	[128]	:	Key	28	UP	at	2421092 
2425799	[4707]	:	Key	29	DOWN	at	2425799 
2425891	[92]	:	Key	29	UP	at	2425891 
2428468	[2577]	:	Key	29	DOWN	at	2428467 
2428567	[99]	:	Key	29	UP	at	2428567 
2430775	[2208]	:	Key	28	DOWN	at	2430775 
2430873	[98]	:	Key	28	UP	at	2430872 
2431812	[939]	:	Key	28	DOWN	at	2431812 
2431959	[147]	:	Key	28	UP	at	2431957 
2460567	[28608]	:	Key	29	DOWN	at	2460567 
2460661	[94]	:	Key	29	UP	at	2460660 
2462644	[1983]	:	Key	29	DOWN	at	2462644 
2462772	[128]	:	Key	29	UP	at	2462772 
2478759	[15987]	:	Key	29	DOWN	at	2478759 
2478851	[92]	:	Key	29	UP	at	2478851 
2480262	[1411]	:	Key	29	DOWN	at	2480261 
2480344	[82]	:	Key	29	UP	at	2480343 
2484134	[3790]	:	Key	29	DOWN	at	2484134 
2484245	[111]	:	Key	29	UP	at	2484244 
2485523	[1278]	:	Key	28	DOWN	at	2485523 
2485539	[16]	:	COGENT STOP
