Cog2000 log file Tue Aug 13 19:12:27 2019
gprim v1.33 Compiled:Aug 12 2015 (GLib DirectDraw v7 DX12.0 Compiled:Aug 12 2015)
Display:1024x768x32 59.95Hz
CogInput v1.05 Compiled: May 20 2010
0	[0]	:	COGENT START
17418	[17418]	:	Key	71	DOWN	at	17418   
17530	[112]	:	Key	71	UP	at	17529   
48023	[30493]	:	Key	71	DOWN	at	48023   
48118	[95]	:	Key	71	UP	at	48117   
52213	[4095]	:	Key	71	DOWN	at	52213   
52314	[101]	:	Key	71	UP	at	52314   
64074	[11760]	:	Key	71	DOWN	at	64072   
64215	[141]	:	Key	71	UP	at	64215   
86121	[21906]	:	Key	71	DOWN	at	86121   
86218	[97]	:	Key	71	UP	at	86217   
108985	[22767]	:	Key	71	DOWN	at	108985  
109809	[824]	:	time Target is 109809
111450	[1641]	:	Key	71	DOWN	at	111449  
115025	[3575]	:	time Target is 115025
115559	[534]	:	Key	71	DOWN	at	115559  
121124	[5565]	:	time Target is 121124
121642	[518]	:	Key	71	DOWN	at	121641  
127216	[5574]	:	time Target is 127216
127270	[54]	:	Key	71	DOWN	at	127270  
133299	[6029]	:	time Target is 133299
133450	[151]	:	Key	71	UP	at	133449  
134598	[1148]	:	Key	71	DOWN	at	134598  
144088	[9490]	:	Key	71	DOWN	at	144088  
145154	[1066]	:	time Target is 145153
151499	[6345]	:	time Target is 151499
157824	[6325]	:	time Target is 157824
164137	[6313]	:	time Target is 164137
186379	[22242]	:	Key	71	DOWN	at	186378  
186473	[94]	:	Key	71	UP	at	186473  
191178	[4705]	:	Key	71	DOWN	at	191178  
191256	[78]	:	Key	71	UP	at	191255  
196214	[4958]	:	Key	71	DOWN	at	196214  
196343	[129]	:	Key	71	UP	at	196342  
206968	[10625]	:	Key	71	DOWN	at	206967  
207063	[95]	:	Key	71	UP	at	207062  
214938	[7875]	:	Key	71	DOWN	at	214937  
215738	[800]	:	Key	71	UP	at	215110  
215759	[21]	:	time Target is 215759
216106	[347]	:	Key	71	DOWN	at	216106  
220849	[4743]	:	time Target is 220849
221030	[181]	:	Key	71	UP	at	221030  
221690	[660]	:	Key	71	DOWN	at	221689  
225941	[4251]	:	time Target is 225941
225974	[33]	:	Key	71	DOWN	at	225974  
231008	[5034]	:	Key	71	DOWN	at	230778  
231009	[1]	:	Key	71	UP	at	230965  
233563	[2554]	:	Key	71	DOWN	at	233321  
233564	[1]	:	Key	71	UP	at	233509  
240471	[6907]	:	Key	71	DOWN	at	240471  
241257	[786]	:	Key	71	UP	at	240568  
241280	[23]	:	time Target is 241280
256117	[14837]	:	Key	71	DOWN	at	256117  
256471	[354]	:	Key	71	UP	at	256471  
260743	[4272]	:	Key	71	DOWN	at	260742  
261526	[783]	:	Key	71	UP	at	260903  
261548	[22]	:	time Target is 261548
262070	[522]	:	Key	71	DOWN	at	262070  
266634	[4564]	:	time Target is 266634
267097	[463]	:	Key	71	DOWN	at	267096  
271723	[4626]	:	time Target is 271723
271770	[47]	:	Key	71	DOWN	at	271770  
276804	[5034]	:	time Target is 276803
293559	[16755]	:	Key	71	DOWN	at	293559  
293671	[112]	:	Key	71	UP	at	293671  
297497	[3826]	:	Key	71	DOWN	at	297497  
298288	[791]	:	Key	71	UP	at	297718  
298308	[20]	:	time Target is 298308
299370	[1062]	:	Key	71	DOWN	at	299369  
303390	[4020]	:	time Target is 303390
308462	[5072]	:	time Target is 308462
308618	[156]	:	Key	71	DOWN	at	308618  
313548	[4930]	:	time Target is 313548
314057	[509]	:	Key	71	DOWN	at	314057  
317843	[3786]	:	Key	71	UP	at	314216  
331782	[13939]	:	Key	71	DOWN	at	331782  
332053	[271]	:	Key	71	UP	at	332053  
337000	[4947]	:	Key	71	DOWN	at	337000  
337791	[791]	:	Key	71	UP	at	337112  
337817	[26]	:	time Target is 337817
338280	[463]	:	Key	71	DOWN	at	338280  
342904	[4624]	:	time Target is 342904
343641	[737]	:	Key	71	DOWN	at	343641  
347994	[4353]	:	time Target is 347994
353062	[5068]	:	time Target is 353062
365466	[12404]	:	Key	71	DOWN	at	365466  
365576	[110]	:	Key	71	UP	at	365576  
397093	[31517]	:	Key	71	DOWN	at	397093  
397176	[83]	:	Key	71	UP	at	397176  
414136	[16960]	:	Key	71	DOWN	at	414136  
414249	[113]	:	Key	71	UP	at	414249  
428616	[14367]	:	Key	71	DOWN	at	428616  
428681	[65]	:	Key	71	UP	at	428680  
440425	[11744]	:	Key	60	DOWN	at	440425  
440520	[95]	:	Key	60	UP	at	440520  
441754	[1234]	:	Key	71	DOWN	at	441753  
444314	[2560]	:	time Target is 444314
444858	[544]	:	Key	71	DOWN	at	444858  
449644	[4786]	:	time Target is 449644
450281	[637]	:	Key	71	DOWN	at	450281  
454979	[4698]	:	time Target is 454979
455706	[727]	:	Key	71	DOWN	at	455705  
460315	[4609]	:	time Target is 460315
465640	[5325]	:	time Target is 465640
466088	[448]	:	Key	71	DOWN	at	466088  
470711	[4623]	:	Key	71	DOWN	at	470617  
473523	[2812]	:	time Target is 473523
474167	[644]	:	Key	71	DOWN	at	474167  
478857	[4690]	:	time Target is 478857
479288	[431]	:	Key	71	DOWN	at	479287  
484203	[4915]	:	time Target is 484203
484617	[414]	:	Key	71	DOWN	at	484617  
489552	[4935]	:	time Target is 489552
489992	[440]	:	Key	71	DOWN	at	489992  
494891	[4899]	:	time Target is 494891
495397	[506]	:	Key	71	DOWN	at	495397  
500226	[4829]	:	Key	71	DOWN	at	500054  
503040	[2814]	:	time Target is 503040
503671	[631]	:	Key	71	DOWN	at	503671  
508414	[4743]	:	time Target is 508414
509160	[746]	:	Key	71	DOWN	at	509159  
513489	[4329]	:	Key	71	DOWN	at	513272  
516301	[2812]	:	time Target is 516301
516888	[587]	:	Key	71	DOWN	at	516886  
521657	[4769]	:	time Target is 521657
526977	[5320]	:	time Target is 526977
527481	[504]	:	Key	71	DOWN	at	527480  
532312	[4831]	:	time Target is 532312
537633	[5321]	:	time Target is 537633
538200	[567]	:	Key	71	DOWN	at	538200  
542963	[4763]	:	time Target is 542963
543638	[675]	:	Key	71	DOWN	at	543637  
548302	[4664]	:	time Target is 548302
548901	[599]	:	Key	71	DOWN	at	548901  
553376	[4475]	:	Key	71	DOWN	at	553270  
556187	[2811]	:	time Target is 556187
556647	[460]	:	Key	71	DOWN	at	556646  
561521	[4874]	:	time Target is 561521
561961	[440]	:	Key	71	DOWN	at	561961  
566857	[4896]	:	time Target is 566857
567478	[621]	:	Key	71	DOWN	at	567477  
572188	[4710]	:	time Target is 572188
572678	[490]	:	Key	71	DOWN	at	572678  
577523	[4845]	:	time Target is 577523
577995	[472]	:	Key	71	DOWN	at	577994  
582859	[4864]	:	time Target is 582859
583337	[478]	:	Key	71	DOWN	at	583337  
588204	[4867]	:	time Target is 588204
588918	[714]	:	Key	71	DOWN	at	588918  
593546	[4628]	:	time Target is 593546
594089	[543]	:	Key	71	DOWN	at	594089  
598890	[4801]	:	time Target is 598890
604214	[5324]	:	time Target is 604214
604694	[480]	:	Key	71	DOWN	at	604693  
609558	[4864]	:	time Target is 609558
610329	[771]	:	Key	71	DOWN	at	610328  
614907	[4578]	:	time Target is 614907
615801	[894]	:	Key	71	DOWN	at	615801  
620244	[4443]	:	time Target is 620244
625568	[5324]	:	time Target is 625568
626298	[730]	:	Key	71	DOWN	at	626297  
630898	[4600]	:	time Target is 630898
631050	[152]	:	Key	71	DOWN	at	631049  
636250	[5200]	:	time Target is 636250
636792	[542]	:	Key	71	DOWN	at	636791  
641324	[4532]	:	Key	71	DOWN	at	641048  
643872	[2548]	:	Key	71	DOWN	at	643719  
646679	[2807]	:	Key	71	DOWN	at	646504  
649490	[2811]	:	time Target is 649490
649947	[457]	:	Key	71	DOWN	at	649947  
654848	[4901]	:	time Target is 654848
655205	[357]	:	Key	71	DOWN	at	655205  
660187	[4982]	:	time Target is 660187
665510	[5323]	:	time Target is 665510
666086	[576]	:	Key	71	DOWN	at	666086  
670847	[4761]	:	time Target is 670847
671303	[456]	:	Key	71	DOWN	at	671303  
676186	[4883]	:	time Target is 676186
676697	[511]	:	Key	71	DOWN	at	676697  
681526	[4829]	:	time Target is 681526
682261	[735]	:	Key	71	DOWN	at	682261  
686867	[4606]	:	time Target is 686867
686886	[19]	:	Key	71	DOWN	at	686885  
692202	[5316]	:	time Target is 692202
693369	[1167]	:	Key	71	DOWN	at	693369  
697534	[4165]	:	time Target is 697534
698025	[491]	:	Key	71	DOWN	at	698025  
702872	[4847]	:	time Target is 702872
703512	[640]	:	Key	71	DOWN	at	703512  
708207	[4695]	:	time Target is 708207
708586	[379]	:	Key	71	DOWN	at	708586  
713537	[4951]	:	time Target is 713537
714038	[501]	:	Key	71	DOWN	at	714038  
718875	[4837]	:	time Target is 718875
719402	[527]	:	Key	71	DOWN	at	719402  
724216	[4814]	:	time Target is 724216
724683	[467]	:	Key	71	DOWN	at	724682  
729553	[4870]	:	time Target is 729553
729927	[374]	:	Key	71	DOWN	at	729927  
734882	[4955]	:	Key	71	DOWN	at	734842  
737430	[2548]	:	Key	71	DOWN	at	737289  
739980	[2550]	:	Key	71	DOWN	at	739957  
742796	[2816]	:	time Target is 742796
743672	[876]	:	Key	71	DOWN	at	743672  
747861	[4189]	:	Key	71	DOWN	at	747641  
747862	[1]	:	Key	71	UP	at	747785  
750676	[2814]	:	time Target is 750676
751159	[483]	:	Key	71	DOWN	at	751158  
756015	[4856]	:	time Target is 756015
756714	[699]	:	Key	71	DOWN	at	756714  
761346	[4632]	:	time Target is 761346
762009	[663]	:	Key	71	DOWN	at	762009  
766680	[4671]	:	time Target is 766680
767559	[879]	:	Key	71	DOWN	at	767559  
772035	[4476]	:	time Target is 772035
772522	[487]	:	Key	71	DOWN	at	772522  
777376	[4854]	:	time Target is 777376
777706	[330]	:	Key	71	DOWN	at	777705  
782446	[4740]	:	Key	71	DOWN	at	782294  
785261	[2815]	:	time Target is 785261
790576	[5315]	:	time Target is 790576
795895	[5319]	:	time Target is 795895
796360	[465]	:	Key	71	DOWN	at	796358  
801233	[4873]	:	time Target is 801233
801913	[680]	:	Key	71	DOWN	at	801913  
806575	[4662]	:	time Target is 806575
811899	[5324]	:	time Target is 811899
812407	[508]	:	Key	71	DOWN	at	812406  
817234	[4827]	:	time Target is 817234
817576	[342]	:	Key	71	DOWN	at	817576  
822569	[4993]	:	time Target is 822569
827894	[5325]	:	time Target is 827894
828585	[691]	:	Key	71	DOWN	at	828585  
833232	[4647]	:	time Target is 833232
833335	[103]	:	Key	71	DOWN	at	833335  
838569	[5234]	:	time Target is 838569
843891	[5322]	:	time Target is 843891
844376	[485]	:	Key	71	DOWN	at	844375  
849228	[4852]	:	time Target is 849228
850041	[813]	:	Key	71	DOWN	at	850041  
854555	[4514]	:	Key	71	DOWN	at	854505  
857355	[2800]	:	Key	71	DOWN	at	857225  
860167	[2812]	:	time Target is 860167
860711	[544]	:	Key	71	DOWN	at	860710  
865507	[4796]	:	time Target is 865507
865946	[439]	:	Key	71	DOWN	at	865946  
870838	[4892]	:	time Target is 870838
876161	[5323]	:	time Target is 876161
877336	[1175]	:	Key	71	DOWN	at	877336  
881235	[3899]	:	Key	71	DOWN	at	881125  
883013	[1778]	:	Key	71	UP	at	881237  
886329	[3316]	:	Key	71	DOWN	at	886329  
887119	[790]	:	Key	71	UP	at	886472  
887387	[268]	:	time Target is 887387
887978	[591]	:	Key	71	DOWN	at	887978  
892720	[4742]	:	time Target is 892720
898040	[5320]	:	time Target is 898040
898838	[798]	:	Key	71	DOWN	at	898838  
903373	[4535]	:	time Target is 903373
903783	[410]	:	Key	71	DOWN	at	903782  
908703	[4920]	:	Key	71	DOWN	at	908519  
908703	[0]	:	Key	71	UP	at	908676  
911514	[2811]	:	time Target is 911514
911899	[385]	:	Key	71	DOWN	at	911898  
916580	[4681]	:	Key	71	DOWN	at	916537  
919393	[2813]	:	time Target is 919393
920374	[981]	:	Key	71	DOWN	at	920374  
924733	[4359]	:	time Target is 924733
930054	[5321]	:	time Target is 930054
930427	[373]	:	Key	71	DOWN	at	930427  
935393	[4966]	:	time Target is 935393
940705	[5312]	:	Key	71	DOWN	at	940666  
943518	[2813]	:	time Target is 943518
948842	[5324]	:	time Target is 948842
949271	[429]	:	Key	71	DOWN	at	949271  
954181	[4910]	:	time Target is 954181
959515	[5334]	:	time Target is 959515
959911	[396]	:	Key	71	DOWN	at	959910  
964850	[4939]	:	time Target is 964850
970178	[5328]	:	time Target is 970178
970549	[371]	:	Key	71	DOWN	at	970549  
975514	[4965]	:	time Target is 975514
980834	[5320]	:	time Target is 980834
981702	[868]	:	Key	71	DOWN	at	981702  
986170	[4468]	:	time Target is 986170
986743	[573]	:	Key	71	DOWN	at	986742  
991512	[4769]	:	time Target is 991512
996832	[5320]	:	time Target is 996832
997397	[565]	:	Key	71	DOWN	at	997397  
1002171	[4774]	:	time Target is 1002171
1007491	[5320]	:	time Target is 1007491
1008152	[661]	:	Key	71	DOWN	at	1008151 
1012820	[4668]	:	Key	71	DOWN	at	1012762 
1015633	[2813]	:	time Target is 1015633
1016566	[933]	:	Key	71	DOWN	at	1016566 
1020966	[4400]	:	Key	71	DOWN	at	1020807 
1020966	[0]	:	Key	71	UP	at	1020920 
1023778	[2812]	:	time Target is 1023778
1024199	[421]	:	Key	71	DOWN	at	1024199 
1029116	[4917]	:	time Target is 1029116
1029898	[782]	:	Key	71	DOWN	at	1029897 
1034451	[4553]	:	time Target is 1034451
1034869	[418]	:	Key	71	DOWN	at	1034869 
1039794	[4925]	:	time Target is 1039794
1045115	[5321]	:	time Target is 1045115
1045734	[619]	:	Key	71	DOWN	at	1045733 
1050457	[4723]	:	time Target is 1050457
1055779	[5322]	:	time Target is 1055779
1056264	[485]	:	Key	71	DOWN	at	1056264 
1060841	[4577]	:	Key	71	DOWN	at	1060665 
1060841	[0]	:	Key	71	UP	at	1060790 
1063647	[2806]	:	Key	71	DOWN	at	1063637 
1066452	[2805]	:	time Target is 1066452
1067255	[803]	:	Key	71	DOWN	at	1067255 
1071791	[4536]	:	time Target is 1071791
1077109	[5318]	:	time Target is 1077109
1077509	[400]	:	Key	71	DOWN	at	1077509 
1082439	[4930]	:	Key	71	DOWN	at	1082345 
1085249	[2810]	:	time Target is 1085249
1085689	[440]	:	Key	71	DOWN	at	1085688 
1090586	[4897]	:	time Target is 1090585
1091063	[477]	:	Key	71	DOWN	at	1091063 
1095914	[4851]	:	time Target is 1095914
1101223	[5309]	:	Key	71	DOWN	at	1101015 
1104033	[2810]	:	time Target is 1104033
1104474	[441]	:	Key	71	DOWN	at	1104473 
1109108	[4634]	:	Key	71	DOWN	at	1109078 
1111921	[2813]	:	time Target is 1111921
1117240	[5319]	:	time Target is 1117240
1117592	[352]	:	Key	71	DOWN	at	1117592 
1122576	[4984]	:	time Target is 1122576
1123561	[985]	:	Key	71	DOWN	at	1123561 
1127645	[4084]	:	Key	71	DOWN	at	1127496 
1127646	[1]	:	Key	71	UP	at	1127574 
1130459	[2813]	:	time Target is 1130459
1131032	[573]	:	Key	71	DOWN	at	1131032 
1135794	[4762]	:	Key	71	DOWN	at	1135738 
1138607	[2813]	:	time Target is 1138607
1139179	[572]	:	Key	71	DOWN	at	1139178 
1143941	[4762]	:	time Target is 1143941
1149254	[5313]	:	Key	71	DOWN	at	1149126 
1151801	[2547]	:	Key	71	DOWN	at	1151720 
1154613	[2812]	:	time Target is 1154613
1154985	[372]	:	Key	71	DOWN	at	1154984 
1159951	[4966]	:	time Target is 1159951
1165264	[5313]	:	Key	71	DOWN	at	1165015 
1165264	[0]	:	Key	71	UP	at	1165160 
1168074	[2810]	:	time Target is 1168074
1168917	[843]	:	Key	71	DOWN	at	1168917 
1173406	[4489]	:	Key	71	DOWN	at	1173369 
1176218	[2812]	:	time Target is 1176218
1176537	[319]	:	Key	71	DOWN	at	1176537 
1181547	[5010]	:	time Target is 1181547
1181975	[428]	:	Key	71	DOWN	at	1181974 
1186884	[4909]	:	time Target is 1186884
1192206	[5322]	:	time Target is 1192206
1192680	[474]	:	Key	71	DOWN	at	1192680 
1197279	[4599]	:	Key	71	DOWN	at	1197221 
1200094	[2815]	:	time Target is 1200094
1201030	[936]	:	Key	71	DOWN	at	1201029 
1205436	[4406]	:	time Target is 1205436
1210755	[5319]	:	time Target is 1210755
1211095	[340]	:	Key	71	DOWN	at	1211095 
1216091	[4996]	:	time Target is 1216091
1216854	[763]	:	Key	71	DOWN	at	1216854 
1221427	[4573]	:	time Target is 1221427
1226750	[5323]	:	time Target is 1226750
1232071	[5321]	:	time Target is 1232071
1232537	[466]	:	Key	71	DOWN	at	1232537 
1237401	[4864]	:	Key	71	DOWN	at	1237226 
1237401	[0]	:	Key	71	UP	at	1237286 
1240210	[2809]	:	time Target is 1240210
1240840	[630]	:	Key	71	DOWN	at	1240839 
1245535	[4695]	:	Key	71	DOWN	at	1245366 
1245536	[1]	:	Key	71	UP	at	1245495 
1248342	[2806]	:	time Target is 1248342
1248952	[610]	:	Key	71	DOWN	at	1248951 
1253679	[4727]	:	time Target is 1253679
1258997	[5318]	:	time Target is 1258997
1259561	[564]	:	Key	71	DOWN	at	1259561 
1264336	[4775]	:	time Target is 1264336
1269655	[5319]	:	time Target is 1269655
1274975	[5320]	:	time Target is 1274975
1280304	[5329]	:	time Target is 1280304
1280664	[360]	:	Key	71	DOWN	at	1280663 
1285639	[4975]	:	time Target is 1285639
1286071	[432]	:	Key	71	DOWN	at	1286071 
1290978	[4907]	:	time Target is 1290978
1296308	[5330]	:	Key	71	DOWN	at	1296229 
1299119	[2811]	:	time Target is 1299119
1304179	[5060]	:	Key	71	DOWN	at	1303978 
1306993	[2814]	:	time Target is 1306993
1346198	[39205]	:	Key	71	DOWN	at	1346198 
1346375	[177]	:	Key	71	UP	at	1346374 
1363319	[16944]	:	Key	71	DOWN	at	1363319 
1364109	[790]	:	Key	71	UP	at	1363578 
1364377	[268]	:	time Target is 1364377
1369698	[5321]	:	time Target is 1369698
1370409	[711]	:	Key	71	DOWN	at	1370409 
1375046	[4637]	:	time Target is 1375046
1375447	[401]	:	Key	71	DOWN	at	1375446 
1380390	[4943]	:	time Target is 1380390
1385716	[5326]	:	time Target is 1385716
1386711	[995]	:	Key	71	DOWN	at	1386711 
1391064	[4353]	:	time Target is 1391064
1391558	[494]	:	Key	71	DOWN	at	1391558 
1396445	[4887]	:	time Target is 1396445
1397003	[558]	:	Key	71	DOWN	at	1397003 
1401777	[4774]	:	time Target is 1401777
1402454	[677]	:	Key	71	DOWN	at	1402454 
1407115	[4661]	:	time Target is 1407115
1412172	[5057]	:	Key	71	DOWN	at	1411910 
1412173	[1]	:	Key	71	UP	at	1412041 
1414990	[2817]	:	time Target is 1414990
1415402	[412]	:	Key	71	DOWN	at	1415401 
1420326	[4924]	:	time Target is 1420326
1421225	[899]	:	Key	71	DOWN	at	1421225 
1425665	[4440]	:	time Target is 1425665
1426025	[360]	:	Key	71	DOWN	at	1426024 
1430999	[4974]	:	time Target is 1430999
1431436	[437]	:	Key	71	DOWN	at	1431434 
1436336	[4900]	:	time Target is 1436336
1441657	[5321]	:	time Target is 1441657
1441914	[257]	:	Key	71	DOWN	at	1441914 
1446984	[5070]	:	Key	71	DOWN	at	1446837 
1446984	[0]	:	Key	71	UP	at	1446936 
1449795	[2811]	:	time Target is 1449795
1450182	[387]	:	Key	71	DOWN	at	1450182 
1455139	[4957]	:	time Target is 1455139
1460459	[5320]	:	time Target is 1460459
1465785	[5326]	:	time Target is 1465785
1465818	[33]	:	Key	71	DOWN	at	1465817 
1471123	[5305]	:	time Target is 1471123
1471525	[402]	:	Key	71	DOWN	at	1471525 
1476453	[4928]	:	time Target is 1476453
1481532	[5079]	:	Key	71	DOWN	at	1481417 
1481532	[0]	:	Key	71	UP	at	1481494 
1484345	[2813]	:	time Target is 1484345
1485448	[1103]	:	Key	71	DOWN	at	1485447 
1489680	[4232]	:	time Target is 1489680
1494748	[5068]	:	Key	71	DOWN	at	1494490 
1494749	[1]	:	Key	71	UP	at	1494602 
1497308	[2559]	:	Key	71	DOWN	at	1497018 
1497309	[1]	:	Key	71	UP	at	1497175 
1500122	[2813]	:	time Target is 1500122
1501607	[1485]	:	Key	71	DOWN	at	1501606 
1505447	[3840]	:	Key	71	DOWN	at	1505205 
1505447	[0]	:	Key	71	UP	at	1505368 
1507993	[2546]	:	Key	71	DOWN	at	1507846 
1510811	[2818]	:	time Target is 1510811
1511321	[510]	:	Key	71	DOWN	at	1511321 
1516147	[4826]	:	time Target is 1516147
1521463	[5316]	:	Key	71	DOWN	at	1521225 
1521463	[0]	:	Key	71	UP	at	1521351 
1524003	[2540]	:	Key	71	DOWN	at	1523690 
1524004	[1]	:	Key	71	UP	at	1523818 
1526810	[2806]	:	Key	71	DOWN	at	1526713 
1529355	[2545]	:	Key	71	DOWN	at	1529224 
1529356	[1]	:	Key	71	UP	at	1529355 
1531906	[2550]	:	Key	71	DOWN	at	1531546 
1531907	[1]	:	Key	71	UP	at	1531672 
1534721	[2814]	:	time Target is 1534721
1535129	[408]	:	Key	71	DOWN	at	1535128 
1540051	[4922]	:	Key	71	DOWN	at	1539817 
1540051	[0]	:	Key	71	UP	at	1539930 
1542599	[2548]	:	Key	71	DOWN	at	1542469 
1542600	[1]	:	Key	71	UP	at	1542586 
1545413	[2813]	:	time Target is 1545413
1550735	[5322]	:	time Target is 1550735
1556055	[5320]	:	time Target is 1556055
1556744	[689]	:	Key	71	DOWN	at	1556744 
1561384	[4640]	:	time Target is 1561384
1561785	[401]	:	Key	71	DOWN	at	1561785 
1566719	[4934]	:	time Target is 1566719
1567242	[523]	:	Key	71	DOWN	at	1567241 
1572060	[4818]	:	time Target is 1572060
1577378	[5318]	:	time Target is 1577378
1582702	[5324]	:	time Target is 1582702
1583479	[777]	:	Key	71	DOWN	at	1583479 
1587807	[4328]	:	Key	71	DOWN	at	1587673 
1590354	[2547]	:	Key	71	DOWN	at	1590071 
1590355	[1]	:	Key	71	UP	at	1590278 
1592902	[2547]	:	Key	71	DOWN	at	1592888 
1595452	[2550]	:	Key	71	DOWN	at	1595302 
1597997	[2545]	:	Key	71	DOWN	at	1597751 
1597998	[1]	:	Key	71	UP	at	1597909 
1600810	[2812]	:	time Target is 1600810
1601897	[1087]	:	Key	71	DOWN	at	1601897 
1606139	[4242]	:	Key	71	DOWN	at	1605911 
1606140	[1]	:	Key	71	UP	at	1606058 
1608956	[2816]	:	time Target is 1608956
1609562	[606]	:	Key	71	DOWN	at	1609561 
1614279	[4717]	:	Key	71	DOWN	at	1614102 
1614279	[0]	:	Key	71	UP	at	1614248 
1617083	[2804]	:	Key	71	DOWN	at	1616903 
1617083	[0]	:	Key	71	UP	at	1617018 
1619895	[2812]	:	time Target is 1619895
1620806	[911]	:	Key	71	DOWN	at	1620806 
1625230	[4424]	:	time Target is 1625230
1630549	[5319]	:	time Target is 1630549
1631931	[1382]	:	Key	71	DOWN	at	1631931 
1635889	[3958]	:	time Target is 1635889
1637094	[1205]	:	Key	71	DOWN	at	1637094 
1641226	[4132]	:	time Target is 1641226
1641849	[623]	:	Key	71	DOWN	at	1641849 
1646554	[4705]	:	Key	71	DOWN	at	1646423 
1649366	[2812]	:	time Target is 1649366
1654687	[5321]	:	time Target is 1654687
1655081	[394]	:	Key	71	DOWN	at	1655080 
1660017	[4936]	:	Key	71	DOWN	at	1659832 
1660018	[1]	:	Key	71	UP	at	1660007 
1662824	[2806]	:	Key	71	DOWN	at	1662744 
1665373	[2549]	:	Key	71	DOWN	at	1665114 
1665374	[1]	:	Key	71	UP	at	1665255 
1667924	[2550]	:	Key	71	DOWN	at	1667882 
1670736	[2812]	:	time Target is 1670736
1676051	[5315]	:	Key	71	DOWN	at	1675944 
1678857	[2806]	:	time Target is 1678857
1684177	[5320]	:	time Target is 1684177
1689500	[5323]	:	time Target is 1689500
1690186	[686]	:	Key	71	DOWN	at	1690186 
1694834	[4648]	:	time Target is 1694834
1695495	[661]	:	Key	71	DOWN	at	1695495 
1700171	[4676]	:	time Target is 1700171
1700873	[702]	:	Key	71	DOWN	at	1700873 
1705510	[4637]	:	time Target is 1705510
1710569	[5059]	:	Key	71	DOWN	at	1710488 
1713119	[2550]	:	Key	71	DOWN	at	1713048 
1715934	[2815]	:	time Target is 1715934
1721258	[5324]	:	time Target is 1721258
1726580	[5322]	:	time Target is 1726580
1731635	[5055]	:	Key	71	DOWN	at	1731527 
1734451	[2816]	:	time Target is 1734451
1735127	[676]	:	Key	71	DOWN	at	1735127 
1739794	[4667]	:	time Target is 1739794
1740171	[377]	:	Key	71	DOWN	at	1740170 
1745132	[4961]	:	time Target is 1745132
1746185	[1053]	:	Key	71	DOWN	at	1746185 
1750466	[4281]	:	time Target is 1750466
1751321	[855]	:	Key	71	DOWN	at	1751321 
1755811	[4490]	:	time Target is 1755811
1762202	[6391]	:	Key	71	DOWN	at	1762202 
1762990	[788]	:	Key	71	UP	at	1762374 
1763257	[267]	:	time Target is 1763257
1768577	[5320]	:	time Target is 1768577
1773896	[5319]	:	Key	71	DOWN	at	1773753 
1773896	[0]	:	Key	71	UP	at	1773894 
1776709	[2813]	:	time Target is 1776709
1777478	[769]	:	Key	71	DOWN	at	1777477 
1782041	[4563]	:	time Target is 1782041
1787363	[5322]	:	time Target is 1787363
1792684	[5321]	:	time Target is 1792684
1793163	[479]	:	Key	71	DOWN	at	1793162 
1798031	[4868]	:	time Target is 1798031
1798521	[490]	:	Key	71	DOWN	at	1798520 
1803106	[4585]	:	Key	71	DOWN	at	1803081 
1805653	[2547]	:	Key	71	DOWN	at	1805318 
1805654	[1]	:	Key	71	UP	at	1805545 
1808205	[2551]	:	Key	71	DOWN	at	1807850 
1808206	[1]	:	Key	71	UP	at	1808058 
1811020	[2814]	:	time Target is 1811020
1811526	[506]	:	Key	71	DOWN	at	1811526 
1816359	[4833]	:	time Target is 1816359
1816761	[402]	:	Key	71	DOWN	at	1816760 
1821695	[4934]	:	Key	71	DOWN	at	1821526 
1821696	[1]	:	Key	71	UP	at	1821625 
1824513	[2817]	:	time Target is 1824513
1829578	[5065]	:	Key	71	DOWN	at	1829526 
1832131	[2553]	:	Key	71	DOWN	at	1832119 
1834691	[2560]	:	Key	71	DOWN	at	1834410 
1834692	[1]	:	Key	71	UP	at	1834523 
1837536	[2844]	:	time Target is 1837536
1838154	[618]	:	Key	71	DOWN	at	1838153 
1842870	[4716]	:	time Target is 1842870
1843434	[564]	:	Key	71	DOWN	at	1843434 
1848203	[4769]	:	time Target is 1848203
1853526	[5323]	:	time Target is 1853526
1854008	[482]	:	Key	71	DOWN	at	1854006 
1858595	[4587]	:	Key	71	DOWN	at	1858503 
1861405	[2810]	:	Key	71	DOWN	at	1861258 
1864217	[2812]	:	time Target is 1864217
1869277	[5060]	:	Key	71	DOWN	at	1869243 
1871828	[2551]	:	Key	71	DOWN	at	1871514 
1871829	[1]	:	Key	71	UP	at	1871754 
1874377	[2548]	:	Key	71	DOWN	at	1874183 
1877190	[2813]	:	time Target is 1877190
1877305	[115]	:	Key	71	DOWN	at	1877305 
1882265	[4960]	:	Key	71	DOWN	at	1881929 
1882266	[1]	:	Key	71	UP	at	1882088 
1885082	[2816]	:	time Target is 1885082
1885674	[592]	:	Key	71	DOWN	at	1885674 
1890415	[4741]	:	time Target is 1890415
1895738	[5323]	:	time Target is 1895738
1896230	[492]	:	Key	71	DOWN	at	1896230 
1900809	[4579]	:	Key	71	DOWN	at	1900536 
1900810	[1]	:	Key	71	UP	at	1900731 
1903633	[2823]	:	time Target is 1903633
1908951	[5318]	:	time Target is 1908951
1909337	[386]	:	Key	71	DOWN	at	1909336 
1914281	[4944]	:	Key	71	DOWN	at	1914264 
1917083	[2802]	:	Key	71	DOWN	at	1916887 
1919633	[2550]	:	Key	71	DOWN	at	1919606 
1922184	[2551]	:	Key	71	DOWN	at	1921834 
1922184	[0]	:	Key	71	UP	at	1922026 
1924734	[2550]	:	Key	71	DOWN	at	1924440 
1924735	[1]	:	Key	71	UP	at	1924550 
1927284	[2549]	:	Key	71	DOWN	at	1927146 
1930091	[2807]	:	time Target is 1930091
1935405	[5314]	:	Key	71	DOWN	at	1935352 
1938221	[2816]	:	time Target is 1938221
1938682	[461]	:	Key	71	DOWN	at	1938682 
1943295	[4613]	:	Key	71	DOWN	at	1943191 
1945838	[2543]	:	Key	71	DOWN	at	1945737 
1948667	[2829]	:	time Target is 1948667
1949176	[509]	:	Key	71	DOWN	at	1949176 
1954003	[4827]	:	time Target is 1954003
1959324	[5321]	:	time Target is 1959324
1964643	[5319]	:	time Target is 1964643
1969968	[5325]	:	time Target is 1969968
1970406	[438]	:	Key	71	DOWN	at	1970405 
1975296	[4890]	:	time Target is 1975296
1980617	[5321]	:	time Target is 1980617
1981302	[685]	:	Key	71	DOWN	at	1981302 
1985951	[4649]	:	time Target is 1985951
1991262	[5311]	:	Key	71	DOWN	at	1991145 
1991262	[0]	:	Key	71	UP	at	1991256 
1993811	[2549]	:	Key	71	DOWN	at	1993674 
1996360	[2549]	:	Key	71	DOWN	at	1996311 
1998912	[2552]	:	Key	71	DOWN	at	1998201 
1998913	[1]	:	Key	71	UP	at	1998331 
1998914	[1]	:	Key	71	DOWN	at	1998678 
1998915	[1]	:	Key	71	UP	at	1998825 
2001735	[2820]	:	time Target is 2001735
2002282	[547]	:	Key	71	DOWN	at	2002282 
2006808	[4526]	:	Key	71	DOWN	at	2006646 
2006808	[0]	:	Key	71	UP	at	2006711 
2009616	[2808]	:	Key	71	DOWN	at	2009417 
2009616	[0]	:	Key	71	UP	at	2009525 
2012427	[2811]	:	time Target is 2012427
2017748	[5321]	:	time Target is 2017748
2023073	[5325]	:	time Target is 2023073
2023288	[215]	:	Key	71	DOWN	at	2023287 
2028410	[5122]	:	time Target is 2028410
2033721	[5311]	:	Key	71	DOWN	at	2033481 
2033721	[0]	:	Key	71	UP	at	2033688 
2036270	[2549]	:	Key	71	DOWN	at	2035930 
2036271	[1]	:	Key	71	UP	at	2036072 
2039075	[2804]	:	Key	71	DOWN	at	2038870 
2041622	[2547]	:	Key	71	UP	at	2041046 
2041887	[265]	:	time Target is 2041887
2042903	[1016]	:	Key	71	DOWN	at	2042902 
2047227	[4324]	:	time Target is 2047227
2052547	[5320]	:	time Target is 2052545
2053112	[565]	:	Key	71	DOWN	at	2053110 
2057882	[4770]	:	time Target is 2057882
2062944	[5062]	:	Key	71	DOWN	at	2062902 
2065502	[2558]	:	Key	71	DOWN	at	2065353 
2065502	[0]	:	Key	71	UP	at	2065435 
2068317	[2815]	:	time Target is 2068317
2069145	[828]	:	Key	71	DOWN	at	2069143 
2073648	[4503]	:	time Target is 2073648
2074186	[538]	:	Key	71	DOWN	at	2074185 
2078983	[4797]	:	time Target is 2078983
2084304	[5321]	:	time Target is 2084304
2084661	[357]	:	Key	71	DOWN	at	2084661 
2089635	[4974]	:	time Target is 2089635
2094955	[5320]	:	time Target is 2094955
2095670	[715]	:	Key	71	DOWN	at	2095670 
2100021	[4351]	:	Key	71	DOWN	at	2099911 
2102861	[2840]	:	time Target is 2102861
2103402	[541]	:	Key	71	DOWN	at	2103402 
2107938	[4536]	:	Key	71	DOWN	at	2107833 
2110751	[2813]	:	time Target is 2110751
2116077	[5326]	:	time Target is 2116077
2117019	[942]	:	Key	71	DOWN	at	2117018 
2121154	[4135]	:	Key	71	DOWN	at	2121016 
2123704	[2550]	:	Key	71	DOWN	at	2123383 
2123705	[1]	:	Key	71	UP	at	2123528 
2126519	[2814]	:	time Target is 2126519
2127206	[687]	:	Key	71	DOWN	at	2127206 
2131860	[4654]	:	time Target is 2131860
2131867	[7]	:	Key	71	DOWN	at	2131866 
2136156	[4289]	:	Key	71	UP	at	2132042 
2144683	[8527]	:	Key	71	DOWN	at	2144683 
2144825	[142]	:	Key	71	UP	at	2144825 
2158570	[13745]	:	Key	28	DOWN	at	2158570 
2158681	[111]	:	Key	28	UP	at	2158680 
2172712	[14031]	:	Key	28	DOWN	at	2172711 
2172806	[94]	:	Key	28	UP	at	2172806 
2176346	[3540]	:	Key	28	DOWN	at	2176346 
2176438	[92]	:	Key	28	UP	at	2176438 
2178727	[2289]	:	Key	28	DOWN	at	2178727 
2178822	[95]	:	Key	28	UP	at	2178822 
2181288	[2466]	:	Key	28	DOWN	at	2181288 
2181402	[114]	:	Key	28	UP	at	2181402 
2182374	[972]	:	Key	28	DOWN	at	2182374 
2182506	[132]	:	Key	28	UP	at	2182505 
2183704	[1198]	:	Key	29	DOWN	at	2183704 
2183832	[128]	:	Key	29	UP	at	2183832 
2184185	[353]	:	Key	29	DOWN	at	2184185 
2184265	[80]	:	Key	29	UP	at	2184265 
2186328	[2063]	:	Key	29	DOWN	at	2186327 
2186437	[109]	:	Key	29	UP	at	2186437 
2186714	[277]	:	Key	29	DOWN	at	2186714 
2186807	[93]	:	Key	29	UP	at	2186807 
2188279	[1472]	:	Key	28	DOWN	at	2188277 
2188376	[97]	:	Key	28	UP	at	2188375 
2188650	[274]	:	Key	28	DOWN	at	2188650 
2188758	[108]	:	Key	28	UP	at	2188757 
2190024	[1266]	:	Key	28	DOWN	at	2190024 
2190153	[129]	:	Key	28	UP	at	2190152 
2190440	[287]	:	Key	28	DOWN	at	2190440 
2190553	[113]	:	Key	28	UP	at	2190553 
2191800	[1247]	:	Key	29	DOWN	at	2191799 
2191946	[146]	:	Key	29	UP	at	2191945 
2192232	[286]	:	Key	29	DOWN	at	2192232 
2192248	[16]	:	COGENT STOP
