Cog2000 log file Tue Oct 08 11:07:13 2019
gprim v1.33 Compiled:Aug 12 2015 (GLib DirectDraw v7 DX12.0 Compiled:Aug 12 2015)
Display:1024x768x32 59.95Hz
Attaching C:\Program Files\Cogent2000v1.33\Toolbox\CogInput.mexw64
CogInput v1.05 Compiled: May 20 2010
6	[6]	:	COGENT START
10107	[10101]	:	Key	71	DOWN	at	10103   
10184	[77]	:	Key	71	UP	at	10184   
34474	[24290]	:	Key	71	DOWN	at	34473   
34574	[100]	:	Key	71	UP	at	34572   
39165	[4591]	:	Key	71	DOWN	at	39161   
39274	[109]	:	Key	71	UP	at	39274   
52424	[13150]	:	Key	71	DOWN	at	52423   
52523	[99]	:	Key	71	UP	at	52523   
69483	[16960]	:	Key	71	DOWN	at	69481   
69544	[61]	:	Key	71	UP	at	69544   
88104	[18560]	:	Key	71	DOWN	at	88103   
88997	[893]	:	time Target is 88980
95099	[6102]	:	time Target is 95098
95849	[750]	:	Key	71	DOWN	at	95849   
101220	[5371]	:	time Target is 101218
101818	[598]	:	Key	71	DOWN	at	101818  
107319	[5501]	:	time Target is 107319
107867	[548]	:	Key	71	DOWN	at	107867  
113418	[5551]	:	time Target is 113413
114089	[671]	:	Key	71	DOWN	at	114088  
123431	[9342]	:	Key	71	DOWN	at	123431  
124494	[1063]	:	time Target is 124494
130826	[6332]	:	time Target is 130824
137150	[6324]	:	time Target is 137150
143485	[6335]	:	time Target is 143484
168140	[24655]	:	Key	71	DOWN	at	168139  
168201	[61]	:	Key	71	UP	at	168201  
173513	[5312]	:	Key	71	DOWN	at	173512  
173608	[95]	:	Key	71	UP	at	173607  
180858	[7250]	:	Key	71	DOWN	at	180858  
180985	[127]	:	Key	71	UP	at	180984  
192360	[11375]	:	Key	71	DOWN	at	192360  
192538	[178]	:	Key	71	UP	at	192538  
196988	[4450]	:	Key	71	DOWN	at	196987  
197831	[843]	:	Key	71	UP	at	197162  
197857	[26]	:	time Target is 197857
198490	[633]	:	Key	71	DOWN	at	198489  
202964	[4474]	:	time Target is 202963
208051	[5087]	:	time Target is 208051
208698	[647]	:	Key	71	DOWN	at	208697  
213147	[4449]	:	time Target is 213147
235707	[22560]	:	Key	71	DOWN	at	235707  
235867	[160]	:	Key	71	UP	at	235866  
241227	[5360]	:	Key	71	DOWN	at	241226  
242020	[793]	:	Key	71	UP	at	241368  
242043	[23]	:	time Target is 242043
247131	[5088]	:	time Target is 247130
247901	[770]	:	Key	71	DOWN	at	247900  
252221	[4320]	:	time Target is 252221
253163	[942]	:	Key	71	DOWN	at	253162  
257303	[4140]	:	time Target is 257303
274152	[16849]	:	Key	71	DOWN	at	274152  
274330	[178]	:	Key	71	UP	at	274330  
277389	[3059]	:	Key	71	DOWN	at	277388  
278181	[792]	:	Key	71	UP	at	277676  
278205	[24]	:	time Target is 278204
283281	[5076]	:	time Target is 283281
284599	[1318]	:	Key	71	DOWN	at	284599  
288368	[3769]	:	time Target is 288368
289147	[779]	:	Key	71	DOWN	at	289147  
293453	[4306]	:	time Target is 293453
299591	[6138]	:	Key	71	DOWN	at	299591  
299754	[163]	:	Key	71	UP	at	299754  
308875	[9121]	:	Key	71	DOWN	at	308874  
309665	[790]	:	Key	71	UP	at	309064  
309685	[20]	:	time Target is 309685
314755	[5070]	:	time Target is 314755
315228	[473]	:	Key	71	DOWN	at	315227  
319852	[4624]	:	time Target is 319852
324924	[5072]	:	time Target is 324924
325725	[801]	:	Key	71	DOWN	at	325725  
329233	[3508]	:	Key	71	UP	at	325895  
337371	[8138]	:	Key	71	DOWN	at	337370  
337546	[175]	:	Key	71	UP	at	337546  
356460	[18914]	:	Key	71	DOWN	at	356460  
356746	[286]	:	Key	71	UP	at	356745  
372264	[15518]	:	Key	71	DOWN	at	372264  
372428	[164]	:	Key	71	UP	at	372427  
384728	[12300]	:	Key	71	DOWN	at	384727  
384954	[226]	:	Key	71	UP	at	384954  
388810	[3856]	:	Key	71	DOWN	at	388809  
391386	[2576]	:	time Target is 391386
392188	[802]	:	Key	71	DOWN	at	392188  
396728	[4540]	:	time Target is 396728
402057	[5329]	:	time Target is 402057
402730	[673]	:	Key	71	DOWN	at	402730  
407394	[4664]	:	time Target is 407394
412743	[5349]	:	time Target is 412743
413421	[678]	:	Key	71	DOWN	at	413420  
418088	[4667]	:	time Target is 418088
423412	[5324]	:	time Target is 423412
424795	[1383]	:	Key	71	DOWN	at	424794  
428756	[3961]	:	time Target is 428756
429325	[569]	:	Key	71	DOWN	at	429324  
434098	[4773]	:	time Target is 434098
439413	[5315]	:	time Target is 439413
444734	[5321]	:	time Target is 444734
445915	[1181]	:	Key	71	DOWN	at	445915  
450076	[4161]	:	time Target is 450076
450875	[799]	:	Key	71	DOWN	at	450875  
455413	[4538]	:	time Target is 455413
460753	[5340]	:	time Target is 460753
461289	[536]	:	Key	71	DOWN	at	461289  
466091	[4802]	:	time Target is 466091
466107	[16]	:	Key	71	DOWN	at	466106  
471421	[5314]	:	time Target is 471421
472108	[687]	:	Key	71	DOWN	at	472108  
476755	[4647]	:	time Target is 476755
482079	[5324]	:	time Target is 482079
487402	[5323]	:	time Target is 487402
488092	[690]	:	Key	71	DOWN	at	488092  
492741	[4649]	:	time Target is 492741
493288	[547]	:	Key	71	DOWN	at	493288  
498080	[4792]	:	time Target is 498080
503402	[5322]	:	time Target is 503402
508721	[5319]	:	time Target is 508721
514046	[5325]	:	time Target is 514046
519407	[5361]	:	time Target is 519407
519640	[233]	:	Key	71	DOWN	at	519640  
524775	[5135]	:	time Target is 524775
525386	[611]	:	Key	71	DOWN	at	525385  
530113	[4727]	:	time Target is 530113
535441	[5328]	:	time Target is 535441
535885	[444]	:	Key	71	DOWN	at	535885  
540813	[4928]	:	time Target is 540813
546136	[5323]	:	time Target is 546136
546618	[482]	:	Key	71	DOWN	at	546618  
551473	[4855]	:	time Target is 551473
556792	[5319]	:	time Target is 556792
562135	[5343]	:	time Target is 562135
562760	[625]	:	Key	71	DOWN	at	562760  
567471	[4711]	:	time Target is 567471
567899	[428]	:	Key	71	DOWN	at	567899  
572810	[4911]	:	time Target is 572810
573323	[513]	:	Key	71	DOWN	at	573322  
578145	[4822]	:	time Target is 578145
578601	[456]	:	Key	71	DOWN	at	578600  
583481	[4880]	:	time Target is 583481
584318	[837]	:	Key	71	DOWN	at	584317  
588823	[4505]	:	time Target is 588823
594143	[5320]	:	time Target is 594143
599466	[5323]	:	time Target is 599466
599980	[514]	:	Key	71	DOWN	at	599980  
604805	[4825]	:	time Target is 604805
605356	[551]	:	Key	71	DOWN	at	605355  
610145	[4789]	:	time Target is 610145
610715	[570]	:	Key	71	DOWN	at	610715  
615481	[4766]	:	time Target is 615481
616747	[1266]	:	Key	71	DOWN	at	616747  
620821	[4074]	:	time Target is 620821
626140	[5319]	:	time Target is 626140
626589	[449]	:	Key	71	DOWN	at	626588  
631476	[4887]	:	time Target is 631476
636798	[5322]	:	time Target is 636798
636985	[187]	:	Key	71	DOWN	at	636984  
642136	[5151]	:	time Target is 642136
642699	[563]	:	Key	71	DOWN	at	642699  
647471	[4772]	:	time Target is 647471
648009	[538]	:	Key	71	DOWN	at	648007  
652812	[4803]	:	time Target is 652812
658131	[5319]	:	time Target is 658131
658621	[490]	:	Key	71	DOWN	at	658621  
663461	[4840]	:	time Target is 663461
664264	[803]	:	Key	71	DOWN	at	664264  
668812	[4548]	:	time Target is 668812
669149	[337]	:	Key	71	DOWN	at	669148  
674153	[5004]	:	time Target is 674153
679474	[5321]	:	time Target is 679474
679900	[426]	:	Key	71	DOWN	at	679900  
684809	[4909]	:	time Target is 684809
690138	[5329]	:	time Target is 690138
690621	[483]	:	Key	71	DOWN	at	690621  
695477	[4856]	:	time Target is 695477
696039	[562]	:	Key	71	DOWN	at	696039  
700813	[4774]	:	time Target is 700813
706127	[5314]	:	time Target is 706127
711453	[5326]	:	time Target is 711453
712170	[717]	:	Key	71	DOWN	at	712170  
716794	[4624]	:	time Target is 716794
717242	[448]	:	Key	71	DOWN	at	717242  
722132	[4890]	:	time Target is 722132
722684	[552]	:	Key	71	DOWN	at	722684  
727468	[4784]	:	time Target is 727468
727832	[364]	:	Key	71	DOWN	at	727832  
732804	[4972]	:	time Target is 732804
738125	[5321]	:	time Target is 738125
738555	[430]	:	Key	71	DOWN	at	738555  
743460	[4905]	:	time Target is 743460
744042	[582]	:	Key	71	DOWN	at	744042  
748796	[4754]	:	time Target is 748796
754158	[5362]	:	time Target is 754158
755181	[1023]	:	Key	71	DOWN	at	755181  
759493	[4312]	:	time Target is 759493
759992	[499]	:	Key	71	DOWN	at	759992  
764830	[4838]	:	time Target is 764830
770152	[5322]	:	time Target is 770152
770523	[371]	:	Key	71	DOWN	at	770523  
775481	[4958]	:	time Target is 775481
780802	[5321]	:	time Target is 780802
781500	[698]	:	Key	71	DOWN	at	781500  
786134	[4634]	:	time Target is 786134
791457	[5323]	:	time Target is 791457
796774	[5317]	:	time Target is 796774
797469	[695]	:	Key	71	DOWN	at	797469  
802111	[4642]	:	time Target is 802111
802666	[555]	:	Key	71	DOWN	at	802665  
807443	[4777]	:	time Target is 807443
812760	[5317]	:	time Target is 812760
813212	[452]	:	Key	71	DOWN	at	813212  
818099	[4887]	:	time Target is 818099
818568	[469]	:	Key	71	DOWN	at	818568  
823199	[4631]	:	Key	71	DOWN	at	823147  
826023	[2824]	:	time Target is 826023
827018	[995]	:	Key	71	DOWN	at	827018  
831358	[4340]	:	time Target is 831358
831884	[526]	:	Key	71	DOWN	at	831883  
836698	[4814]	:	time Target is 836698
837163	[465]	:	Key	71	DOWN	at	837163  
842037	[4874]	:	time Target is 842037
842475	[438]	:	Key	71	DOWN	at	842474  
847372	[4897]	:	time Target is 847372
848730	[1358]	:	Key	71	DOWN	at	848729  
852715	[3985]	:	time Target is 852715
853245	[530]	:	Key	71	DOWN	at	853244  
858048	[4803]	:	time Target is 858048
863372	[5324]	:	time Target is 863372
864364	[992]	:	Key	71	DOWN	at	864364  
867673	[3309]	:	Key	71	UP	at	864571  
869674	[2001]	:	Key	71	DOWN	at	869674  
870463	[789]	:	Key	71	UP	at	869832  
870732	[269]	:	time Target is 870732
876042	[5310]	:	Key	71	DOWN	at	875959  
878854	[2812]	:	time Target is 878854
879367	[513]	:	Key	71	DOWN	at	879367  
884187	[4820]	:	time Target is 884187
884921	[734]	:	Key	71	DOWN	at	884920  
889524	[4603]	:	time Target is 889524
890266	[742]	:	Key	71	DOWN	at	890266  
894860	[4594]	:	time Target is 894860
895325	[465]	:	Key	71	DOWN	at	895324  
900197	[4872]	:	time Target is 900197
905516	[5319]	:	time Target is 905516
910835	[5319]	:	time Target is 910835
916146	[5311]	:	Key	71	DOWN	at	916121  
918959	[2813]	:	time Target is 918959
924275	[5316]	:	time Target is 924275
924763	[488]	:	Key	71	DOWN	at	924762  
929615	[4852]	:	time Target is 929615
934937	[5322]	:	time Target is 934937
935836	[899]	:	Key	71	DOWN	at	935836  
940274	[4438]	:	time Target is 940274
945597	[5323]	:	time Target is 945597
946093	[496]	:	Key	71	DOWN	at	946092  
950957	[4864]	:	time Target is 950957
956279	[5322]	:	time Target is 956279
957098	[819]	:	Key	71	DOWN	at	957098  
961622	[4524]	:	time Target is 961622
962137	[515]	:	Key	71	DOWN	at	962136  
966962	[4825]	:	time Target is 966962
967595	[633]	:	Key	71	DOWN	at	967595  
972299	[4704]	:	time Target is 972299
973319	[1020]	:	Key	71	DOWN	at	973319  
977639	[4320]	:	time Target is 977639
978617	[978]	:	Key	71	DOWN	at	978617  
982974	[4357]	:	time Target is 982974
988305	[5331]	:	time Target is 988305
988973	[668]	:	Key	71	DOWN	at	988973  
993643	[4670]	:	time Target is 993643
994828	[1185]	:	Key	71	DOWN	at	994828  
998975	[4147]	:	time Target is 998975
1004293	[5318]	:	time Target is 1004293
1009614	[5321]	:	time Target is 1009614
1010382	[768]	:	Key	71	DOWN	at	1010381 
1014953	[4571]	:	time Target is 1014953
1020283	[5330]	:	time Target is 1020283
1020842	[559]	:	Key	71	DOWN	at	1020841 
1025619	[4777]	:	time Target is 1025619
1025865	[246]	:	Key	71	DOWN	at	1025865 
1030953	[5088]	:	time Target is 1030953
1031819	[866]	:	Key	71	DOWN	at	1031819 
1036290	[4471]	:	time Target is 1036290
1036843	[553]	:	Key	71	DOWN	at	1036843 
1041628	[4785]	:	time Target is 1041628
1046948	[5320]	:	time Target is 1046948
1047515	[567]	:	Key	71	DOWN	at	1047513 
1052300	[4785]	:	time Target is 1052300
1052969	[669]	:	Key	71	DOWN	at	1052968 
1057636	[4667]	:	time Target is 1057636
1058060	[424]	:	Key	71	DOWN	at	1058059 
1062976	[4916]	:	time Target is 1062976
1068323	[5347]	:	time Target is 1068323
1069032	[709]	:	Key	71	DOWN	at	1069032 
1073662	[4630]	:	time Target is 1073662
1074296	[634]	:	Key	71	DOWN	at	1074296 
1078991	[4695]	:	time Target is 1078991
1084307	[5316]	:	time Target is 1084307
1089630	[5323]	:	time Target is 1089630
1090556	[926]	:	Key	71	DOWN	at	1090555 
1094969	[4413]	:	time Target is 1094969
1100281	[5312]	:	Key	71	DOWN	at	1100122 
1103090	[2809]	:	time Target is 1103090
1108411	[5321]	:	time Target is 1108411
1113733	[5322]	:	time Target is 1113733
1119053	[5320]	:	time Target is 1119053
1119467	[414]	:	Key	71	DOWN	at	1119466 
1124390	[4923]	:	time Target is 1124390
1129708	[5318]	:	time Target is 1129708
1130265	[557]	:	Key	71	DOWN	at	1130265 
1135041	[4776]	:	time Target is 1135041
1140361	[5320]	:	time Target is 1140361
1141501	[1140]	:	Key	71	DOWN	at	1141501 
1145705	[4204]	:	time Target is 1145705
1151024	[5319]	:	time Target is 1151024
1156387	[5363]	:	time Target is 1156387
1161721	[5334]	:	time Target is 1161721
1162379	[658]	:	Key	71	DOWN	at	1162378 
1167059	[4680]	:	time Target is 1167059
1172383	[5324]	:	time Target is 1172383
1173068	[685]	:	Key	71	DOWN	at	1173068 
1177718	[4650]	:	time Target is 1177718
1183040	[5322]	:	time Target is 1183040
1188361	[5321]	:	time Target is 1188361
1188811	[450]	:	Key	71	DOWN	at	1188811 
1193692	[4881]	:	time Target is 1193692
1199018	[5326]	:	time Target is 1199018
1199513	[495]	:	Key	71	DOWN	at	1199513 
1204353	[4840]	:	time Target is 1204353
1209674	[5321]	:	time Target is 1209674
1214997	[5323]	:	time Target is 1214997
1220319	[5322]	:	time Target is 1220319
1225638	[5319]	:	time Target is 1225638
1230960	[5322]	:	time Target is 1230960
1236280	[5320]	:	time Target is 1236280
1241606	[5326]	:	time Target is 1241606
1241995	[389]	:	Key	71	DOWN	at	1241994 
1246946	[4951]	:	time Target is 1246946
1247370	[424]	:	Key	71	DOWN	at	1247370 
1252282	[4912]	:	time Target is 1252282
1257605	[5323]	:	time Target is 1257605
1262926	[5321]	:	time Target is 1262926
1268246	[5320]	:	time Target is 1268246
1273569	[5323]	:	time Target is 1273569
1278891	[5322]	:	time Target is 1278891
1279453	[562]	:	Key	71	DOWN	at	1279453 
1284231	[4778]	:	time Target is 1284231
1289554	[5323]	:	time Target is 1289554
1290123	[569]	:	Key	71	DOWN	at	1290123 
1294898	[4775]	:	time Target is 1294898
1295612	[714]	:	Key	71	DOWN	at	1295612 
1300277	[4665]	:	time Target is 1300277
1300971	[694]	:	Key	71	DOWN	at	1300970 
1305617	[4646]	:	time Target is 1305617
1310939	[5322]	:	time Target is 1310939
1311035	[96]	:	Key	71	DOWN	at	1311035 
1316280	[5245]	:	time Target is 1316280
1316571	[291]	:	Key	71	DOWN	at	1316571 
1321614	[5043]	:	time Target is 1321614
1326936	[5322]	:	time Target is 1326936
1332257	[5321]	:	time Target is 1332257
1332698	[441]	:	Key	71	DOWN	at	1332697 
1337587	[4889]	:	time Target is 1337587
1346926	[9339]	:	Key	71	DOWN	at	1346925 
1347049	[123]	:	Key	71	UP	at	1347048 
1351466	[4417]	:	Key	71	DOWN	at	1351465 
1352259	[793]	:	Key	71	UP	at	1351644 
1352528	[269]	:	time Target is 1352528
1353308	[780]	:	Key	71	DOWN	at	1353307 
1357908	[4600]	:	time Target is 1357908
1358458	[550]	:	Key	71	DOWN	at	1358458 
1363244	[4786]	:	time Target is 1363244
1368561	[5317]	:	time Target is 1368561
1373879	[5318]	:	time Target is 1373879
1379205	[5326]	:	time Target is 1379205
1380649	[1444]	:	Key	71	DOWN	at	1380649 
1384542	[3893]	:	time Target is 1384542
1389869	[5327]	:	time Target is 1389869
1390634	[765]	:	Key	71	DOWN	at	1390634 
1395212	[4578]	:	time Target is 1395212
1396252	[1040]	:	Key	71	DOWN	at	1396252 
1400549	[4297]	:	time Target is 1400549
1401002	[453]	:	Key	71	DOWN	at	1401002 
1405887	[4885]	:	time Target is 1405887
1406376	[489]	:	Key	71	DOWN	at	1406376 
1411260	[4884]	:	time Target is 1411260
1411531	[271]	:	Key	71	DOWN	at	1411531 
1416592	[5061]	:	time Target is 1416592
1421910	[5318]	:	time Target is 1421910
1427233	[5323]	:	time Target is 1427233
1427771	[538]	:	Key	71	DOWN	at	1427770 
1432585	[4814]	:	time Target is 1432585
1432714	[129]	:	Key	71	DOWN	at	1432714 
1437922	[5208]	:	time Target is 1437922
1443243	[5321]	:	time Target is 1443243
1448564	[5321]	:	time Target is 1448564
1453889	[5325]	:	time Target is 1453889
1454777	[888]	:	Key	71	DOWN	at	1454776 
1459239	[4462]	:	time Target is 1459239
1464564	[5325]	:	time Target is 1464564
1469886	[5322]	:	time Target is 1469886
1470328	[442]	:	Key	71	DOWN	at	1470328 
1475224	[4896]	:	time Target is 1475224
1475753	[529]	:	Key	71	DOWN	at	1475752 
1480556	[4803]	:	time Target is 1480556
1481352	[796]	:	Key	71	DOWN	at	1481352 
1485890	[4538]	:	time Target is 1485890
1491216	[5326]	:	time Target is 1491216
1491565	[349]	:	Key	71	DOWN	at	1491565 
1496550	[4985]	:	time Target is 1496550
1497020	[470]	:	Key	71	DOWN	at	1497020 
1501884	[4864]	:	time Target is 1501884
1502219	[335]	:	Key	71	DOWN	at	1502219 
1507216	[4997]	:	time Target is 1507216
1507755	[539]	:	Key	71	DOWN	at	1507755 
1512552	[4797]	:	time Target is 1512552
1513291	[739]	:	Key	71	DOWN	at	1513290 
1517884	[4593]	:	time Target is 1517884
1523206	[5322]	:	time Target is 1523206
1523757	[551]	:	Key	71	DOWN	at	1523757 
1528545	[4788]	:	time Target is 1528545
1533868	[5323]	:	time Target is 1533868
1539189	[5321]	:	time Target is 1539189
1539675	[486]	:	Key	71	DOWN	at	1539675 
1544523	[4848]	:	time Target is 1544523
1544760	[237]	:	Key	71	DOWN	at	1544760 
1549866	[5106]	:	time Target is 1549866
1551164	[1298]	:	Key	71	DOWN	at	1551164 
1555201	[4037]	:	time Target is 1555201
1555581	[380]	:	Key	71	DOWN	at	1555580 
1560554	[4973]	:	time Target is 1560554
1561165	[611]	:	Key	71	DOWN	at	1561165 
1565890	[4725]	:	time Target is 1565890
1566204	[314]	:	Key	71	DOWN	at	1566204 
1571229	[5025]	:	time Target is 1571229
1571246	[17]	:	Key	71	DOWN	at	1571245 
1576560	[5314]	:	time Target is 1576560
1577182	[622]	:	Key	71	DOWN	at	1577181 
1581890	[4708]	:	time Target is 1581890
1581965	[75]	:	Key	71	DOWN	at	1581964 
1587231	[5266]	:	time Target is 1587231
1587998	[767]	:	Key	71	DOWN	at	1587998 
1592559	[4561]	:	Key	71	DOWN	at	1592556 
1595370	[2811]	:	time Target is 1595370
1596266	[896]	:	Key	71	DOWN	at	1596265 
1600700	[4434]	:	time Target is 1600700
1606023	[5323]	:	time Target is 1606023
1606621	[598]	:	Key	71	DOWN	at	1606620 
1611366	[4745]	:	time Target is 1611366
1611849	[483]	:	Key	71	DOWN	at	1611848 
1616704	[4855]	:	time Target is 1616704
1617113	[409]	:	Key	71	DOWN	at	1617113 
1622041	[4928]	:	time Target is 1622041
1623180	[1139]	:	Key	71	DOWN	at	1623180 
1627402	[4222]	:	time Target is 1627402
1632724	[5322]	:	time Target is 1632724
1633277	[553]	:	Key	71	DOWN	at	1633277 
1638060	[4783]	:	time Target is 1638060
1638648	[588]	:	Key	71	DOWN	at	1638648 
1643397	[4749]	:	time Target is 1643397
1643533	[136]	:	Key	71	DOWN	at	1643532 
1648729	[5196]	:	time Target is 1648729
1649482	[753]	:	Key	71	DOWN	at	1649482 
1654060	[4578]	:	time Target is 1654060
1659383	[5323]	:	time Target is 1659383
1664706	[5323]	:	time Target is 1664706
1665197	[491]	:	Key	71	DOWN	at	1665197 
1670039	[4842]	:	time Target is 1670039
1675388	[5349]	:	time Target is 1675388
1680708	[5320]	:	time Target is 1680708
1686029	[5321]	:	time Target is 1686029
1691347	[5318]	:	time Target is 1691347
1696669	[5322]	:	Key	71	DOWN	at	1696616 
1699487	[2818]	:	time Target is 1699487
1700361	[874]	:	Key	71	DOWN	at	1700361 
1704820	[4459]	:	time Target is 1704820
1710139	[5319]	:	time Target is 1710139
1715460	[5321]	:	time Target is 1715460
1716253	[793]	:	Key	71	DOWN	at	1716253 
1720803	[4550]	:	time Target is 1720803
1726123	[5320]	:	time Target is 1726123
1731450	[5327]	:	time Target is 1731450
1732349	[899]	:	Key	71	DOWN	at	1732349 
1736789	[4440]	:	time Target is 1736789
1737497	[708]	:	Key	71	DOWN	at	1737497 
1742125	[4628]	:	time Target is 1742125
1742893	[768]	:	Key	71	DOWN	at	1742893 
1747464	[4571]	:	time Target is 1747464
1747964	[500]	:	Key	71	DOWN	at	1747963 
1752802	[4838]	:	time Target is 1752802
1753451	[649]	:	Key	71	DOWN	at	1753450 
1758138	[4687]	:	time Target is 1758138
1758618	[480]	:	Key	71	DOWN	at	1758618 
1763474	[4856]	:	time Target is 1763474
1764330	[856]	:	Key	71	DOWN	at	1764329 
1768814	[4484]	:	time Target is 1768814
1774128	[5314]	:	Key	71	DOWN	at	1773961 
1776940	[2812]	:	time Target is 1776940
1777338	[398]	:	Key	71	DOWN	at	1777338 
1782271	[4933]	:	Key	71	DOWN	at	1782091 
1785089	[2818]	:	time Target is 1785089
1785469	[380]	:	Key	71	DOWN	at	1785469 
1790415	[4946]	:	Key	71	DOWN	at	1790345 
1793226	[2811]	:	time Target is 1793226
1798550	[5324]	:	time Target is 1798550
1803873	[5323]	:	time Target is 1803873
1804044	[171]	:	Key	71	DOWN	at	1804044 
1809210	[5166]	:	time Target is 1809210
1809576	[366]	:	Key	71	DOWN	at	1809576 
1814545	[4969]	:	time Target is 1814545
1815129	[584]	:	Key	71	DOWN	at	1815128 
1818848	[3719]	:	Key	71	UP	at	1815277 
1891593	[72745]	:	Key	71	DOWN	at	1891593 
1892382	[789]	:	Key	71	UP	at	1891756 
1892651	[269]	:	time Target is 1892651
1897980	[5329]	:	time Target is 1897980
1903301	[5321]	:	time Target is 1903301
1903997	[696]	:	Key	71	DOWN	at	1903996 
1908655	[4658]	:	time Target is 1908655
1913980	[5325]	:	time Target is 1913980
1914825	[845]	:	Key	71	DOWN	at	1914825 
1919305	[4480]	:	time Target is 1919305
1920221	[916]	:	Key	71	DOWN	at	1920221 
1924644	[4423]	:	time Target is 1924644
1929966	[5322]	:	time Target is 1929966
1935293	[5327]	:	time Target is 1935293
1940614	[5321]	:	time Target is 1940614
1941065	[451]	:	Key	71	DOWN	at	1941065 
1945950	[4885]	:	time Target is 1945950
1951275	[5325]	:	time Target is 1951275
1956608	[5333]	:	time Target is 1956608
1961929	[5321]	:	time Target is 1961929
1962298	[369]	:	Key	71	DOWN	at	1962298 
1967266	[4968]	:	time Target is 1967266
1967694	[428]	:	Key	71	DOWN	at	1967694 
1972600	[4906]	:	time Target is 1972600
1977920	[5320]	:	time Target is 1977920
1978270	[350]	:	Key	71	DOWN	at	1978269 
1983262	[4992]	:	time Target is 1983262
1983659	[397]	:	Key	71	DOWN	at	1983658 
1988603	[4944]	:	time Target is 1988603
1989177	[574]	:	Key	71	DOWN	at	1989176 
1993941	[4764]	:	time Target is 1993941
1999266	[5325]	:	time Target is 1999266
1999454	[188]	:	Key	71	DOWN	at	1999453 
2004605	[5151]	:	time Target is 2004605
2005161	[556]	:	Key	71	DOWN	at	2005161 
2009955	[4794]	:	time Target is 2009955
2015311	[5356]	:	time Target is 2015311
2020639	[5328]	:	time Target is 2020639
2025958	[5319]	:	time Target is 2025958
2031279	[5321]	:	time Target is 2031279
2031802	[523]	:	Key	71	DOWN	at	2031801 
2036619	[4817]	:	time Target is 2036619
2041939	[5320]	:	time Target is 2041939
2047270	[5331]	:	time Target is 2047270
2052589	[5319]	:	time Target is 2052589
2053244	[655]	:	Key	71	DOWN	at	2053244 
2057922	[4678]	:	time Target is 2057922
2063245	[5323]	:	time Target is 2063245
2063962	[717]	:	Key	71	DOWN	at	2063962 
2068579	[4617]	:	time Target is 2068579
2069469	[890]	:	Key	71	DOWN	at	2069467 
2073913	[4444]	:	time Target is 2073913
2074478	[565]	:	Key	71	DOWN	at	2074476 
2079244	[4766]	:	time Target is 2079244
2084563	[5319]	:	time Target is 2084563
2089885	[5322]	:	time Target is 2089885
2095206	[5321]	:	time Target is 2095206
2095629	[423]	:	Key	71	DOWN	at	2095629 
2100543	[4914]	:	time Target is 2100543
2105596	[5053]	:	Key	71	DOWN	at	2104971 
2108415	[2819]	:	time Target is 2108415
2109434	[1019]	:	Key	71	DOWN	at	2109434 
2113756	[4322]	:	time Target is 2113756
2114379	[623]	:	Key	71	DOWN	at	2114378 
2119087	[4708]	:	time Target is 2119087
2124398	[5311]	:	Key	71	DOWN	at	2124186 
2127210	[2812]	:	time Target is 2127210
2128687	[1477]	:	Key	71	DOWN	at	2128686 
2132549	[3862]	:	time Target is 2132549
2133484	[935]	:	Key	71	DOWN	at	2133483 
2137889	[4405]	:	time Target is 2137889
2138589	[700]	:	Key	71	DOWN	at	2138589 
2143221	[4632]	:	time Target is 2143221
2143821	[600]	:	Key	71	DOWN	at	2143820 
2148562	[4741]	:	time Target is 2148562
2153884	[5322]	:	time Target is 2153884
2154350	[466]	:	Key	71	DOWN	at	2154350 
2159217	[4867]	:	time Target is 2159217
2159853	[636]	:	Key	71	DOWN	at	2159852 
2164558	[4705]	:	time Target is 2164558
2165132	[574]	:	Key	71	DOWN	at	2165132 
2169895	[4763]	:	time Target is 2169895
2170491	[596]	:	Key	71	DOWN	at	2170491 
2175224	[4733]	:	time Target is 2175224
2180549	[5325]	:	time Target is 2180549
2185873	[5324]	:	time Target is 2185873
2191192	[5319]	:	time Target is 2191192
2191689	[497]	:	Key	71	DOWN	at	2191688 
2196534	[4845]	:	time Target is 2196534
2201854	[5320]	:	time Target is 2201854
2207174	[5320]	:	time Target is 2207174
2212497	[5323]	:	time Target is 2212497
2213146	[649]	:	Key	71	DOWN	at	2213146 
2217832	[4686]	:	time Target is 2217832
2223166	[5334]	:	time Target is 2223166
2228490	[5324]	:	time Target is 2228490
2233813	[5323]	:	time Target is 2233813
2239132	[5319]	:	time Target is 2239132
2244451	[5319]	:	time Target is 2244451
2245117	[666]	:	Key	71	DOWN	at	2245117 
2249793	[4676]	:	time Target is 2249793
2250622	[829]	:	Key	71	DOWN	at	2250621 
2255134	[4512]	:	time Target is 2255134
2260454	[5320]	:	time Target is 2260454
2261626	[1172]	:	Key	71	DOWN	at	2261626 
2265786	[4160]	:	time Target is 2265786
2271106	[5320]	:	time Target is 2271106
2276425	[5319]	:	time Target is 2276425
2281751	[5326]	:	time Target is 2281751
2287074	[5323]	:	time Target is 2287074
2287530	[456]	:	Key	71	DOWN	at	2287529 
2292416	[4886]	:	time Target is 2292416
2293469	[1053]	:	Key	71	DOWN	at	2293468 
2297761	[4292]	:	time Target is 2297761
2303084	[5323]	:	time Target is 2303084
2303866	[782]	:	Key	71	DOWN	at	2303865 
2308419	[4553]	:	time Target is 2308419
2309118	[699]	:	Key	71	DOWN	at	2309117 
2313755	[4637]	:	time Target is 2313755
2314287	[532]	:	Key	71	DOWN	at	2314286 
2319093	[4806]	:	time Target is 2319093
2324416	[5323]	:	time Target is 2324416
2329738	[5322]	:	time Target is 2329738
2335061	[5323]	:	time Target is 2335061
2340382	[5321]	:	time Target is 2340382
2345707	[5325]	:	time Target is 2345707
2346122	[415]	:	Key	71	DOWN	at	2346122 
2351039	[4917]	:	time Target is 2351039
2351886	[847]	:	Key	71	DOWN	at	2351886 
2356377	[4491]	:	time Target is 2356377
2361702	[5325]	:	time Target is 2361702
2362286	[584]	:	Key	71	DOWN	at	2362285 
2366009	[3723]	:	Key	71	UP	at	2362701 
2371356	[5347]	:	Key	71	DOWN	at	2371356 
2371659	[303]	:	Key	71	UP	at	2371658 
2395516	[23857]	:	Key	28	DOWN	at	2395516 
2395707	[191]	:	Key	28	UP	at	2395707 
2402716	[7009]	:	Key	28	DOWN	at	2402716 
2402846	[130]	:	Key	28	UP	at	2402845 
2409022	[6176]	:	Key	29	DOWN	at	2409021 
2409210	[188]	:	Key	29	UP	at	2409210 
2413691	[4481]	:	Key	29	DOWN	at	2413691 
2413993	[302]	:	Key	29	UP	at	2413993 
2418606	[4613]	:	Key	28	DOWN	at	2418606 
2418829	[223]	:	Key	28	UP	at	2418828 
2420634	[1805]	:	Key	29	DOWN	at	2420633 
2420794	[160]	:	Key	29	UP	at	2420793 
2425723	[4929]	:	Key	29	DOWN	at	2425722 
2425855	[132]	:	Key	29	UP	at	2425854 
2427198	[1343]	:	Key	28	DOWN	at	2427197 
2427338	[140]	:	Key	28	UP	at	2427338 
2430525	[3187]	:	Key	28	DOWN	at	2430524 
2430685	[160]	:	Key	28	UP	at	2430685 
2433085	[2400]	:	Key	28	DOWN	at	2433085 
2433226	[141]	:	Key	28	UP	at	2433225 
2436042	[2816]	:	Key	28	DOWN	at	2436041 
2436171	[129]	:	Key	28	UP	at	2436170 
2441433	[5262]	:	Key	28	DOWN	at	2441433 
2441628	[195]	:	Key	28	UP	at	2441628 
2446461	[4833]	:	Key	29	DOWN	at	2446460 
2446618	[157]	:	Key	29	UP	at	2446617 
2448842	[2224]	:	Key	29	DOWN	at	2448840 
2448941	[99]	:	Key	29	UP	at	2448940 
2453388	[4447]	:	Key	28	DOWN	at	2453387 
2453532	[144]	:	Key	28	UP	at	2453532 
2455161	[1629]	:	Key	29	DOWN	at	2455161 
2455222	[61]	:	COGENT STOP
