Cog2000 log file Mon Sep 02 12:20:47 2019
gprim v1.33 Compiled:Aug 12 2015 (GLib DirectDraw v7 DX12.0 Compiled:Aug 12 2015)
Display:1024x768x32 59.95Hz
CogInput v1.05 Compiled: May 20 2010
0	[0]	:	COGENT START
9763	[9763]	:	Key	71	DOWN	at	9763    
9874	[111]	:	Key	71	UP	at	9873    
28594	[18720]	:	Key	71	DOWN	at	28594   
28688	[94]	:	Key	71	UP	at	28688   
32964	[4276]	:	Key	71	DOWN	at	32963   
33074	[110]	:	Key	71	UP	at	33074   
43664	[10590]	:	Key	71	DOWN	at	43664   
43746	[82]	:	Key	71	UP	at	43746   
59251	[15505]	:	Key	71	DOWN	at	59251   
59346	[95]	:	Key	71	UP	at	59345   
78180	[18834]	:	Key	71	DOWN	at	78179   
79002	[822]	:	time Target is 79001
79457	[455]	:	Key	71	DOWN	at	79457   
85096	[5639]	:	time Target is 85096
85745	[649]	:	Key	71	DOWN	at	85744   
91183	[5438]	:	time Target is 91183
91665	[482]	:	Key	71	DOWN	at	91665   
97271	[5606]	:	time Target is 97271
97504	[233]	:	Key	71	UP	at	97504   
98323	[819]	:	Key	71	DOWN	at	98322   
106869	[8546]	:	Key	71	DOWN	at	106868  
107926	[1057]	:	time Target is 107926
114244	[6318]	:	time Target is 114244
120566	[6322]	:	time Target is 120566
126888	[6322]	:	time Target is 126888
146498	[19610]	:	Key	71	DOWN	at	146498  
146611	[113]	:	Key	71	UP	at	146610  
150736	[4125]	:	Key	71	DOWN	at	150736  
150801	[65]	:	Key	71	UP	at	150801  
155330	[4529]	:	Key	71	DOWN	at	155330  
155412	[82]	:	Key	71	UP	at	155411  
163632	[8220]	:	Key	71	DOWN	at	163632  
163714	[82]	:	Key	71	UP	at	163714  
170355	[6641]	:	Key	71	DOWN	at	170354  
171153	[798]	:	Key	71	UP	at	170450  
171177	[24]	:	time Target is 171177
171600	[423]	:	Key	71	DOWN	at	171599  
176276	[4676]	:	time Target is 176275
176704	[428]	:	Key	71	DOWN	at	176704  
181365	[4661]	:	time Target is 181365
181428	[63]	:	Key	71	DOWN	at	181427  
186455	[5027]	:	time Target is 186455
186847	[392]	:	Key	71	DOWN	at	186847  
191543	[4696]	:	time Target is 191543
191891	[348]	:	Key	71	DOWN	at	191891  
195851	[3960]	:	Key	71	UP	at	192003  
199090	[3239]	:	Key	71	DOWN	at	199089  
199874	[784]	:	Key	71	UP	at	199215  
199894	[20]	:	time Target is 199894
211604	[11710]	:	Key	71	DOWN	at	211602  
211715	[111]	:	Key	71	UP	at	211714  
215506	[3791]	:	Key	71	DOWN	at	215505  
216296	[790]	:	Key	71	UP	at	215648  
216319	[23]	:	time Target is 216319
216801	[482]	:	Key	71	DOWN	at	216800  
221399	[4598]	:	time Target is 221399
222002	[603]	:	Key	71	DOWN	at	222002  
226483	[4481]	:	time Target is 226483
231555	[5072]	:	time Target is 231555
244195	[12640]	:	Key	71	DOWN	at	244195  
244337	[142]	:	Key	71	UP	at	244337  
249844	[5507]	:	Key	71	DOWN	at	249843  
250627	[783]	:	Key	71	UP	at	250003  
250650	[23]	:	time Target is 250650
251138	[488]	:	Key	71	DOWN	at	251138  
255739	[4601]	:	time Target is 255739
260810	[5071]	:	time Target is 260810
261124	[314]	:	Key	71	DOWN	at	261124  
265894	[4770]	:	time Target is 265894
266366	[472]	:	Key	71	DOWN	at	266366  
270189	[3823]	:	Key	71	UP	at	266529  
278018	[7829]	:	Key	71	DOWN	at	278017  
278160	[142]	:	Key	71	UP	at	278160  
281776	[3616]	:	Key	71	DOWN	at	281776  
282566	[790]	:	Key	71	UP	at	281939  
282591	[25]	:	time Target is 282590
283089	[498]	:	Key	71	DOWN	at	283089  
287678	[4589]	:	time Target is 287677
292748	[5070]	:	time Target is 292748
297820	[5072]	:	time Target is 297820
309438	[11618]	:	Key	71	DOWN	at	309438  
309585	[147]	:	Key	71	UP	at	309585  
324692	[15107]	:	Key	71	DOWN	at	324691  
324835	[143]	:	Key	71	UP	at	324834  
340224	[15389]	:	Key	71	DOWN	at	340223  
340399	[175]	:	Key	71	UP	at	340399  
352272	[11873]	:	Key	71	DOWN	at	352272  
352404	[132]	:	Key	71	UP	at	352403  
360946	[8542]	:	Key	71	DOWN	at	360946  
363505	[2559]	:	time Target is 363505
364146	[641]	:	Key	71	DOWN	at	364146  
368842	[4696]	:	time Target is 368842
373898	[5056]	:	Key	71	DOWN	at	373889  
376710	[2812]	:	time Target is 376710
376995	[285]	:	Key	71	DOWN	at	376995  
382056	[5061]	:	time Target is 382056
382418	[362]	:	Key	71	DOWN	at	382418  
387393	[4975]	:	time Target is 387393
387731	[338]	:	Key	71	DOWN	at	387731  
392723	[4992]	:	time Target is 392723
393026	[303]	:	Key	71	DOWN	at	393026  
398061	[5035]	:	time Target is 398061
398399	[338]	:	Key	71	DOWN	at	398399  
403398	[4999]	:	time Target is 403398
403732	[334]	:	Key	71	DOWN	at	403731  
408732	[5000]	:	time Target is 408732
409217	[485]	:	Key	71	DOWN	at	409217  
414075	[4858]	:	time Target is 414075
419426	[5351]	:	time Target is 419426
419518	[92]	:	Key	71	DOWN	at	419518  
424763	[5245]	:	time Target is 424763
425043	[280]	:	Key	71	DOWN	at	425043  
430108	[5065]	:	time Target is 430108
435431	[5323]	:	time Target is 435431
440753	[5322]	:	time Target is 440753
441170	[417]	:	Key	71	DOWN	at	441170  
446085	[4915]	:	time Target is 446085
451410	[5325]	:	time Target is 451410
451504	[94]	:	Key	71	DOWN	at	451504  
456746	[5242]	:	time Target is 456746
462069	[5323]	:	time Target is 462069
462307	[238]	:	Key	71	DOWN	at	462307  
467408	[5101]	:	time Target is 467408
467587	[179]	:	Key	71	DOWN	at	467586  
472746	[5159]	:	time Target is 472746
473092	[346]	:	Key	71	DOWN	at	473092  
478076	[4984]	:	time Target is 478076
479264	[1188]	:	Key	71	DOWN	at	479263  
483409	[4145]	:	time Target is 483409
483681	[272]	:	Key	71	DOWN	at	483681  
488744	[5063]	:	time Target is 488744
489059	[315]	:	Key	71	DOWN	at	489058  
494086	[5027]	:	time Target is 494086
494370	[284]	:	Key	71	DOWN	at	494369  
499424	[5054]	:	time Target is 499424
504744	[5320]	:	time Target is 504744
510066	[5322]	:	time Target is 510066
515385	[5319]	:	time Target is 515385
516033	[648]	:	Key	71	DOWN	at	516033  
520730	[4697]	:	time Target is 520730
521027	[297]	:	Key	71	DOWN	at	521027  
526064	[5037]	:	time Target is 526064
531387	[5323]	:	time Target is 531387
536715	[5328]	:	time Target is 536715
542038	[5323]	:	time Target is 542038
542302	[264]	:	Key	71	DOWN	at	542302  
547376	[5074]	:	time Target is 547376
547615	[239]	:	Key	71	DOWN	at	547615  
552713	[5098]	:	time Target is 552713
553185	[472]	:	Key	71	DOWN	at	553185  
558038	[4853]	:	time Target is 558038
558351	[313]	:	Key	71	DOWN	at	558350  
563374	[5023]	:	time Target is 563374
568695	[5321]	:	time Target is 568695
568769	[74]	:	Key	71	DOWN	at	568769  
574025	[5256]	:	time Target is 574025
574721	[696]	:	Key	71	DOWN	at	574721  
579393	[4672]	:	time Target is 579393
579713	[320]	:	Key	71	DOWN	at	579713  
584724	[5011]	:	time Target is 584724
584884	[160]	:	Key	71	DOWN	at	584883  
590059	[5175]	:	time Target is 590059
590499	[440]	:	Key	71	DOWN	at	590498  
595397	[4898]	:	time Target is 595397
595649	[252]	:	Key	71	DOWN	at	595648  
600731	[5082]	:	time Target is 600731
600916	[185]	:	Key	71	DOWN	at	600916  
606067	[5151]	:	time Target is 606067
606068	[1]	:	Key	71	DOWN	at	606067  
606259	[191]	:	Key	71	UP	at	606259  
606643	[384]	:	Key	71	DOWN	at	606642  
611401	[4758]	:	time Target is 611401
611683	[282]	:	Key	71	DOWN	at	611682  
616738	[5055]	:	time Target is 616738
622087	[5349]	:	time Target is 622087
627401	[5314]	:	time Target is 627401
632723	[5322]	:	time Target is 632723
632944	[221]	:	Key	71	DOWN	at	632944  
638059	[5115]	:	time Target is 638059
638196	[137]	:	Key	71	DOWN	at	638195  
643397	[5201]	:	time Target is 643397
643504	[107]	:	Key	71	DOWN	at	643503  
648731	[5227]	:	time Target is 648731
648788	[57]	:	Key	71	DOWN	at	648786  
654069	[5281]	:	time Target is 654069
654259	[190]	:	Key	71	DOWN	at	654259  
659404	[5145]	:	time Target is 659404
659696	[292]	:	Key	71	DOWN	at	659695  
664745	[5049]	:	time Target is 664745
665554	[809]	:	Key	71	DOWN	at	665554  
670083	[4529]	:	time Target is 670083
670401	[318]	:	Key	71	DOWN	at	670400  
675416	[5015]	:	time Target is 675416
680739	[5323]	:	time Target is 680739
686061	[5322]	:	time Target is 686061
686336	[275]	:	Key	71	DOWN	at	686336  
691398	[5062]	:	time Target is 691398
691668	[270]	:	Key	71	DOWN	at	691668  
696732	[5064]	:	time Target is 696732
697072	[340]	:	Key	71	DOWN	at	697071  
702070	[4998]	:	time Target is 702070
702369	[299]	:	Key	71	DOWN	at	702369  
707409	[5040]	:	time Target is 707409
707683	[274]	:	Key	71	DOWN	at	707682  
712742	[5059]	:	time Target is 712742
718062	[5320]	:	time Target is 718062
718400	[338]	:	Key	71	DOWN	at	718399  
723396	[4996]	:	time Target is 723396
723650	[254]	:	Key	71	DOWN	at	723650  
728728	[5078]	:	time Target is 728728
728992	[264]	:	Key	71	DOWN	at	728991  
734065	[5073]	:	time Target is 734065
734177	[112]	:	Key	71	DOWN	at	734176  
739403	[5226]	:	time Target is 739403
739616	[213]	:	Key	71	DOWN	at	739616  
744742	[5126]	:	time Target is 744742
750064	[5322]	:	time Target is 750064
755387	[5323]	:	time Target is 755387
760709	[5322]	:	time Target is 760709
766024	[5315]	:	time Target is 766024
771349	[5325]	:	time Target is 771349
776674	[5325]	:	time Target is 776674
781995	[5321]	:	time Target is 781995
787316	[5321]	:	time Target is 787316
792641	[5325]	:	time Target is 792641
793010	[369]	:	Key	71	DOWN	at	793009  
797979	[4969]	:	time Target is 797979
798241	[262]	:	Key	71	DOWN	at	798241  
803316	[5075]	:	time Target is 803316
803759	[443]	:	Key	71	DOWN	at	803759  
808642	[4883]	:	time Target is 808642
808880	[238]	:	Key	71	DOWN	at	808879  
813977	[5097]	:	time Target is 813977
814177	[200]	:	Key	71	DOWN	at	814177  
819346	[5169]	:	time Target is 819346
819411	[65]	:	Key	71	DOWN	at	819411  
824680	[5269]	:	time Target is 824680
830000	[5320]	:	time Target is 830000
835322	[5322]	:	time Target is 835322
856591	[21269]	:	Key	71	DOWN	at	856590  
857379	[788]	:	Key	71	UP	at	856720  
857647	[268]	:	time Target is 857647
857984	[337]	:	Key	71	DOWN	at	857983  
862975	[4991]	:	time Target is 862975
863232	[257]	:	Key	71	DOWN	at	863232  
868325	[5093]	:	time Target is 868325
873645	[5320]	:	time Target is 873645
878969	[5324]	:	time Target is 878969
879108	[139]	:	Key	71	DOWN	at	879108  
884304	[5196]	:	time Target is 884304
889626	[5322]	:	time Target is 889626
889779	[153]	:	Key	71	DOWN	at	889779  
894955	[5176]	:	time Target is 894955
900279	[5324]	:	time Target is 900279
900484	[205]	:	Key	71	DOWN	at	900483  
905608	[5124]	:	Key	71	DOWN	at	905602  
908420	[2812]	:	time Target is 908420
908784	[364]	:	Key	71	DOWN	at	908784  
913756	[4972]	:	time Target is 913756
913967	[211]	:	Key	71	DOWN	at	913967  
919086	[5119]	:	time Target is 919086
924412	[5326]	:	time Target is 924412
929737	[5325]	:	time Target is 929737
930099	[362]	:	Key	71	DOWN	at	930098  
935071	[4972]	:	time Target is 935071
940393	[5322]	:	time Target is 940393
940659	[266]	:	Key	71	DOWN	at	940659  
945729	[5070]	:	time Target is 945729
946096	[367]	:	Key	71	DOWN	at	946096  
951067	[4971]	:	time Target is 951067
951313	[246]	:	Key	71	DOWN	at	951312  
956403	[5090]	:	time Target is 956403
956626	[223]	:	Key	71	DOWN	at	956626  
961740	[5114]	:	time Target is 961740
967055	[5315]	:	time Target is 967055
972373	[5318]	:	time Target is 972373
972739	[366]	:	Key	71	DOWN	at	972738  
977710	[4971]	:	time Target is 977710
983046	[5336]	:	time Target is 983046
988366	[5320]	:	time Target is 988366
988657	[291]	:	Key	71	DOWN	at	988656  
993705	[5048]	:	time Target is 993705
999031	[5326]	:	time Target is 999031
1004351	[5320]	:	time Target is 1004351
1009673	[5322]	:	time Target is 1009673
1014993	[5320]	:	time Target is 1014993
1015617	[624]	:	Key	71	DOWN	at	1015617 
1020064	[4447]	:	Key	71	DOWN	at	1020035 
1022878	[2814]	:	time Target is 1022878
1028195	[5317]	:	time Target is 1028195
1033513	[5318]	:	time Target is 1033513
1033794	[281]	:	Key	71	DOWN	at	1033794 
1038848	[5054]	:	time Target is 1038848
1039106	[258]	:	Key	71	DOWN	at	1039106 
1044179	[5073]	:	time Target is 1044179
1049506	[5327]	:	time Target is 1049506
1054826	[5320]	:	time Target is 1054826
1055057	[231]	:	Key	71	DOWN	at	1055057 
1060160	[5103]	:	time Target is 1060160
1060260	[100]	:	Key	71	DOWN	at	1060259 
1065491	[5231]	:	time Target is 1065491
1070812	[5321]	:	time Target is 1070812
1076157	[5345]	:	time Target is 1076157
1076433	[276]	:	Key	71	DOWN	at	1076433 
1081490	[5057]	:	time Target is 1081490
1081765	[275]	:	Key	71	DOWN	at	1081763 
1086827	[5062]	:	time Target is 1086827
1092147	[5320]	:	time Target is 1092147
1092432	[285]	:	Key	71	DOWN	at	1092432 
1097489	[5057]	:	time Target is 1097489
1102811	[5322]	:	time Target is 1102811
1102830	[19]	:	Key	71	DOWN	at	1102830 
1108147	[5317]	:	time Target is 1108147
1113468	[5321]	:	time Target is 1113468
1118804	[5336]	:	time Target is 1118804
1124124	[5320]	:	time Target is 1124124
1129443	[5319]	:	time Target is 1129443
1129985	[542]	:	Key	71	DOWN	at	1129985 
1134774	[4789]	:	time Target is 1134774
1140092	[5318]	:	time Target is 1140092
1145415	[5323]	:	time Target is 1145415
1145809	[394]	:	Key	71	DOWN	at	1145809 
1150751	[4942]	:	time Target is 1150751
1151042	[291]	:	Key	71	DOWN	at	1151041 
1156089	[5047]	:	time Target is 1156089
1161409	[5320]	:	time Target is 1161409
1161684	[275]	:	Key	71	DOWN	at	1161683 
1166739	[5055]	:	time Target is 1166739
1166978	[239]	:	Key	71	DOWN	at	1166977 
1172074	[5096]	:	time Target is 1172074
1177394	[5320]	:	time Target is 1177394
1178031	[637]	:	Key	71	DOWN	at	1178031 
1182734	[4703]	:	time Target is 1182734
1183874	[1140]	:	Key	71	DOWN	at	1183873 
1188072	[4198]	:	time Target is 1188072
1193398	[5326]	:	time Target is 1193398
1193618	[220]	:	Key	71	DOWN	at	1193618 
1198763	[5145]	:	time Target is 1198763
1199380	[617]	:	Key	71	DOWN	at	1199379 
1204102	[4722]	:	time Target is 1204102
1204644	[542]	:	Key	71	DOWN	at	1204643 
1209439	[4795]	:	time Target is 1209439
1209839	[400]	:	Key	71	DOWN	at	1209838 
1214772	[4933]	:	time Target is 1214772
1220104	[5332]	:	time Target is 1220104
1220434	[330]	:	Key	71	DOWN	at	1220433 
1225444	[5010]	:	time Target is 1225444
1225888	[444]	:	Key	71	DOWN	at	1225888 
1230781	[4893]	:	time Target is 1230781
1230863	[82]	:	Key	71	DOWN	at	1230863 
1236120	[5257]	:	time Target is 1236120
1236366	[246]	:	Key	71	DOWN	at	1236366 
1241455	[5089]	:	time Target is 1241455
1246777	[5322]	:	time Target is 1246777
1252101	[5324]	:	time Target is 1252101
1252546	[445]	:	Key	71	DOWN	at	1252546 
1257437	[4891]	:	time Target is 1257437
1258163	[726]	:	Key	71	DOWN	at	1258163 
1262772	[4609]	:	time Target is 1262772
1268094	[5322]	:	time Target is 1268094
1268388	[294]	:	Key	71	DOWN	at	1268388 
1273431	[5043]	:	time Target is 1273431
1278747	[5316]	:	time Target is 1278747
1279310	[563]	:	Key	71	DOWN	at	1279310 
1284083	[4773]	:	time Target is 1284083
1284371	[288]	:	Key	71	DOWN	at	1284371 
1289423	[5052]	:	time Target is 1289423
1289522	[99]	:	Key	71	DOWN	at	1289522 
1294753	[5231]	:	time Target is 1294753
1300075	[5322]	:	time Target is 1300075
1305398	[5323]	:	time Target is 1305398
1310722	[5324]	:	time Target is 1310722
1316046	[5324]	:	time Target is 1316046
1321365	[5319]	:	time Target is 1321365
1321555	[190]	:	Key	71	DOWN	at	1321554 
1326698	[5143]	:	time Target is 1326698
1332608	[5910]	:	Key	71	DOWN	at	1332608 
1332834	[226]	:	Key	71	UP	at	1332833 
1336385	[3551]	:	Key	71	DOWN	at	1336385 
1337175	[790]	:	Key	71	UP	at	1336596 
1337444	[269]	:	time Target is 1337444
1338737	[1293]	:	Key	71	DOWN	at	1338737 
1342781	[4044]	:	time Target is 1342781
1343107	[326]	:	Key	71	DOWN	at	1343106 
1348116	[5009]	:	time Target is 1348116
1348350	[234]	:	Key	71	DOWN	at	1348350 
1353461	[5111]	:	time Target is 1353461
1353507	[46]	:	Key	71	DOWN	at	1353506 
1358794	[5287]	:	time Target is 1358794
1364116	[5322]	:	time Target is 1364116
1364526	[410]	:	Key	71	DOWN	at	1364526 
1369451	[4925]	:	time Target is 1369451
1369763	[312]	:	Key	71	DOWN	at	1369762 
1374780	[5017]	:	Key	71	DOWN	at	1374611 
1377593	[2813]	:	time Target is 1377593
1377955	[362]	:	Key	71	DOWN	at	1377955 
1382950	[4995]	:	time Target is 1382950
1383377	[427]	:	Key	71	DOWN	at	1383377 
1388286	[4909]	:	time Target is 1388286
1388528	[242]	:	Key	71	DOWN	at	1388527 
1393619	[5091]	:	time Target is 1393619
1398943	[5324]	:	time Target is 1398943
1398960	[17]	:	Key	71	DOWN	at	1398959 
1404282	[5322]	:	time Target is 1404282
1404531	[249]	:	Key	71	DOWN	at	1404531 
1409624	[5093]	:	time Target is 1409624
1409793	[169]	:	Key	71	DOWN	at	1409792 
1414963	[5170]	:	time Target is 1414963
1415474	[511]	:	Key	71	DOWN	at	1415474 
1420298	[4824]	:	time Target is 1420298
1420355	[57]	:	Key	71	DOWN	at	1420354 
1425633	[5278]	:	time Target is 1425633
1425966	[333]	:	Key	71	DOWN	at	1425966 
1430977	[5011]	:	time Target is 1430977
1431265	[288]	:	Key	71	DOWN	at	1431265 
1436361	[5096]	:	time Target is 1436361
1441683	[5322]	:	time Target is 1441683
1441905	[222]	:	Key	71	DOWN	at	1441904 
1447021	[5116]	:	time Target is 1447021
1447119	[98]	:	Key	71	DOWN	at	1447119 
1452357	[5238]	:	time Target is 1452357
1452640	[283]	:	Key	71	DOWN	at	1452639 
1457694	[5054]	:	time Target is 1457694
1458003	[309]	:	Key	71	DOWN	at	1458003 
1463026	[5023]	:	time Target is 1463026
1463073	[47]	:	Key	71	DOWN	at	1463073 
1468366	[5293]	:	time Target is 1468366
1473685	[5319]	:	time Target is 1473685
1479009	[5324]	:	time Target is 1479009
1479520	[511]	:	Key	71	DOWN	at	1479520 
1484352	[4832]	:	time Target is 1484352
1489709	[5357]	:	time Target is 1489709
1490003	[294]	:	Key	71	DOWN	at	1490002 
1495052	[5049]	:	time Target is 1495052
1500367	[5315]	:	time Target is 1500367
1505695	[5328]	:	time Target is 1505695
1511016	[5321]	:	time Target is 1511016
1516340	[5324]	:	time Target is 1516340
1521655	[5315]	:	time Target is 1521655
1521907	[252]	:	Key	71	DOWN	at	1521907 
1526995	[5088]	:	time Target is 1526995
1527314	[319]	:	Key	71	DOWN	at	1527314 
1532332	[5018]	:	time Target is 1532332
1532447	[115]	:	Key	71	DOWN	at	1532447 
1537668	[5221]	:	time Target is 1537668
1538928	[1260]	:	Key	71	DOWN	at	1538928 
1543005	[4077]	:	time Target is 1543005
1548331	[5326]	:	time Target is 1548331
1553653	[5322]	:	time Target is 1553653
1554338	[685]	:	Key	71	DOWN	at	1554338 
1559007	[4669]	:	time Target is 1559007
1564328	[5321]	:	time Target is 1564328
1564576	[248]	:	Key	71	DOWN	at	1564575 
1569662	[5086]	:	time Target is 1569662
1574986	[5324]	:	time Target is 1574986
1574993	[7]	:	Key	71	DOWN	at	1574993 
1580316	[5323]	:	time Target is 1580315
1585631	[5315]	:	time Target is 1585631
1590950	[5319]	:	time Target is 1590950
1592255	[1305]	:	Key	71	DOWN	at	1592255 
1596287	[4032]	:	time Target is 1596287
1601608	[5321]	:	time Target is 1601608
1601938	[330]	:	Key	71	DOWN	at	1601937 
1606946	[5008]	:	time Target is 1606946
1612269	[5323]	:	time Target is 1612269
1617601	[5332]	:	time Target is 1617601
1618068	[467]	:	Key	71	DOWN	at	1618067 
1622935	[4867]	:	time Target is 1622935
1628259	[5324]	:	time Target is 1628259
1628737	[478]	:	Key	71	DOWN	at	1628737 
1633600	[4863]	:	time Target is 1633600
1638950	[5350]	:	time Target is 1638950
1639491	[541]	:	Key	71	DOWN	at	1639491 
1644284	[4793]	:	time Target is 1644284
1649608	[5324]	:	time Target is 1649608
1654942	[5334]	:	time Target is 1654942
1660263	[5321]	:	time Target is 1660263
1665586	[5323]	:	time Target is 1665586
1670913	[5327]	:	time Target is 1670913
1676233	[5320]	:	time Target is 1676233
1676499	[266]	:	Key	71	DOWN	at	1676499 
1681569	[5070]	:	time Target is 1681569
1686897	[5328]	:	time Target is 1686897
1687153	[256]	:	Key	71	DOWN	at	1687153 
1692237	[5084]	:	time Target is 1692237
1697583	[5346]	:	time Target is 1697583
1697939	[356]	:	Key	71	DOWN	at	1697939 
1702923	[4984]	:	time Target is 1702923
1703074	[151]	:	Key	71	DOWN	at	1703074 
1708277	[5203]	:	time Target is 1708277
1713597	[5320]	:	time Target is 1713597
1714447	[850]	:	Key	71	DOWN	at	1714447 
1718939	[4492]	:	time Target is 1718939
1719201	[262]	:	Key	71	DOWN	at	1719201 
1724274	[5073]	:	time Target is 1724274
1729599	[5325]	:	time Target is 1729599
1734922	[5323]	:	time Target is 1734922
1740244	[5322]	:	time Target is 1740244
1745568	[5324]	:	time Target is 1745568
1745970	[402]	:	Key	71	DOWN	at	1745969 
1750921	[4951]	:	time Target is 1750921
1751266	[345]	:	Key	71	DOWN	at	1751265 
1756260	[4994]	:	time Target is 1756260
1756771	[511]	:	Key	71	DOWN	at	1756770 
1761599	[4828]	:	time Target is 1761599
1766923	[5324]	:	time Target is 1766923
1767252	[329]	:	Key	71	DOWN	at	1767251 
1772257	[5005]	:	time Target is 1772257
1772369	[112]	:	Key	71	DOWN	at	1772369 
1777592	[5223]	:	time Target is 1777592
1778306	[714]	:	Key	71	DOWN	at	1778306 
1782928	[4622]	:	time Target is 1782928
1788246	[5318]	:	time Target is 1788246
1793566	[5320]	:	time Target is 1793566
1793890	[324]	:	Key	71	DOWN	at	1793889 
1798905	[5015]	:	time Target is 1798905
1804226	[5321]	:	time Target is 1804226
1809546	[5320]	:	time Target is 1809546
1809793	[247]	:	Key	71	DOWN	at	1809793 
1813841	[4048]	:	Key	71	UP	at	1809887 
1815007	[1166]	:	Key	71	DOWN	at	1815007 
1815796	[789]	:	Key	71	UP	at	1815170 
1816062	[266]	:	time Target is 1816062
1816484	[422]	:	Key	71	DOWN	at	1816483 
1821396	[4912]	:	time Target is 1821396
1821582	[186]	:	Key	71	DOWN	at	1821582 
1826735	[5153]	:	time Target is 1826735
1827007	[272]	:	Key	71	DOWN	at	1827007 
1832071	[5064]	:	time Target is 1832071
1832161	[90]	:	Key	71	DOWN	at	1832160 
1837413	[5252]	:	time Target is 1837413
1842743	[5330]	:	Key	71	DOWN	at	1842739 
1845554	[2811]	:	time Target is 1845554
1845697	[143]	:	Key	71	DOWN	at	1845697 
1850892	[5195]	:	time Target is 1850892
1856215	[5323]	:	time Target is 1856215
1856465	[250]	:	Key	71	DOWN	at	1856464 
1861550	[5085]	:	time Target is 1861550
1866872	[5322]	:	time Target is 1866872
1867441	[569]	:	Key	71	DOWN	at	1867441 
1872206	[4765]	:	time Target is 1872206
1872782	[576]	:	Key	71	DOWN	at	1872782 
1877543	[4761]	:	time Target is 1877543
1882865	[5322]	:	time Target is 1882865
1888176	[5311]	:	Key	71	DOWN	at	1888158 
1890992	[2816]	:	time Target is 1890992
1891313	[321]	:	Key	71	DOWN	at	1891313 
1896326	[5013]	:	time Target is 1896326
1896963	[637]	:	Key	71	DOWN	at	1896963 
1901662	[4699]	:	time Target is 1901662
1901763	[101]	:	Key	71	DOWN	at	1901763 
1906996	[5233]	:	time Target is 1906996
1907216	[220]	:	Key	71	DOWN	at	1907216 
1912330	[5114]	:	time Target is 1912330
1912370	[40]	:	Key	71	DOWN	at	1912370 
1917669	[5299]	:	Key	71	DOWN	at	1917634 
1920482	[2813]	:	time Target is 1920482
1920720	[238]	:	Key	71	DOWN	at	1920720 
1925817	[5097]	:	time Target is 1925817
1931139	[5322]	:	time Target is 1931139
1936464	[5325]	:	time Target is 1936464
1941784	[5320]	:	time Target is 1941784
1947102	[5318]	:	time Target is 1947102
1947470	[368]	:	Key	71	DOWN	at	1947470 
1952439	[4969]	:	time Target is 1952439
1952737	[298]	:	Key	71	DOWN	at	1952736 
1957784	[5047]	:	time Target is 1957784
1957856	[72]	:	Key	71	DOWN	at	1957856 
1963119	[5263]	:	time Target is 1963119
1968447	[5328]	:	time Target is 1968447
1968673	[226]	:	Key	71	DOWN	at	1968672 
1973774	[5101]	:	Key	71	DOWN	at	1973758 
1976590	[2816]	:	time Target is 1976590
1976896	[306]	:	Key	71	DOWN	at	1976895 
1981928	[5032]	:	time Target is 1981928
1982272	[344]	:	Key	71	DOWN	at	1982271 
1987259	[4987]	:	time Target is 1987259
1987423	[164]	:	Key	71	DOWN	at	1987423 
1992592	[5169]	:	time Target is 1992592
1997913	[5321]	:	time Target is 1997913
2003237	[5324]	:	time Target is 2003237
2008564	[5327]	:	time Target is 2008564
2009329	[765]	:	Key	71	DOWN	at	2009328 
2013904	[4575]	:	time Target is 2013904
2019227	[5323]	:	time Target is 2019227
2020350	[1123]	:	Key	71	DOWN	at	2020350 
2024554	[4204]	:	time Target is 2024554
2024563	[9]	:	Key	71	DOWN	at	2024563 
2029880	[5317]	:	time Target is 2029880
2035205	[5325]	:	time Target is 2035205
2040521	[5316]	:	time Target is 2040521
2045845	[5324]	:	time Target is 2045845
2045968	[123]	:	Key	71	DOWN	at	2045968 
2051184	[5216]	:	time Target is 2051184
2051252	[68]	:	Key	71	DOWN	at	2051251 
2056518	[5266]	:	time Target is 2056518
2056721	[203]	:	Key	71	DOWN	at	2056719 
2061851	[5130]	:	time Target is 2061851
2061873	[22]	:	Key	71	DOWN	at	2061873 
2067178	[5305]	:	time Target is 2067178
2067281	[103]	:	Key	71	DOWN	at	2067281 
2072511	[5230]	:	time Target is 2072511
2072529	[18]	:	Key	71	DOWN	at	2072529 
2077838	[5309]	:	time Target is 2077838
2077871	[33]	:	Key	71	DOWN	at	2077871 
2083161	[5290]	:	Key	71	DOWN	at	2083152 
2085972	[2811]	:	time Target is 2085972
2086416	[444]	:	Key	71	DOWN	at	2086416 
2091306	[4890]	:	time Target is 2091306
2091571	[265]	:	Key	71	DOWN	at	2091571 
2096635	[5064]	:	time Target is 2096635
2096880	[245]	:	Key	71	DOWN	at	2096880 
2101976	[5096]	:	time Target is 2101976
2102094	[118]	:	Key	71	DOWN	at	2102094 
2107312	[5218]	:	time Target is 2107312
2107632	[320]	:	Key	71	DOWN	at	2107632 
2112643	[5011]	:	time Target is 2112643
2117960	[5317]	:	time Target is 2117960
2118274	[314]	:	Key	71	DOWN	at	2118274 
2123297	[5023]	:	time Target is 2123297
2124129	[832]	:	Key	71	DOWN	at	2124128 
2128635	[4506]	:	time Target is 2128635
2128846	[211]	:	Key	71	DOWN	at	2128846 
2133972	[5126]	:	time Target is 2133972
2134240	[268]	:	Key	71	DOWN	at	2134240 
2139308	[5068]	:	time Target is 2139308
2139618	[310]	:	Key	71	DOWN	at	2139617 
2144645	[5027]	:	time Target is 2144645
2144814	[169]	:	Key	71	DOWN	at	2144814 
2149981	[5167]	:	time Target is 2149981
2150658	[677]	:	Key	71	DOWN	at	2150658 
2155317	[4659]	:	time Target is 2155317
2155424	[107]	:	Key	71	DOWN	at	2155423 
2160649	[5225]	:	time Target is 2160649
2160881	[232]	:	Key	71	DOWN	at	2160881 
2165979	[5098]	:	time Target is 2165979
2171313	[5334]	:	time Target is 2171313
2176633	[5320]	:	time Target is 2176633
2176865	[232]	:	Key	71	DOWN	at	2176865 
2181968	[5103]	:	time Target is 2181968
2182707	[739]	:	Key	71	DOWN	at	2182706 
2187302	[4595]	:	time Target is 2187302
2192623	[5321]	:	time Target is 2192623
2192835	[212]	:	Key	71	DOWN	at	2192835 
2197959	[5124]	:	time Target is 2197959
2198014	[55]	:	Key	71	DOWN	at	2198014 
2203291	[5277]	:	time Target is 2203291
2203460	[169]	:	Key	71	DOWN	at	2203459 
2208618	[5158]	:	Key	71	DOWN	at	2208559 
2211428	[2810]	:	time Target is 2211428
2211680	[252]	:	Key	71	DOWN	at	2211680 
2216761	[5081]	:	time Target is 2216761
2217023	[262]	:	Key	71	DOWN	at	2217023 
2222097	[5074]	:	time Target is 2222097
2222240	[143]	:	Key	71	DOWN	at	2222240 
2227434	[5194]	:	time Target is 2227434
2228590	[1156]	:	Key	71	DOWN	at	2228590 
2232774	[4184]	:	time Target is 2232774
2238093	[5319]	:	time Target is 2238093
2238351	[258]	:	Key	71	DOWN	at	2238351 
2243428	[5077]	:	time Target is 2243428
2243521	[93]	:	Key	71	DOWN	at	2243520 
2248762	[5241]	:	time Target is 2248762
2249024	[262]	:	Key	71	DOWN	at	2249024 
2254097	[5073]	:	time Target is 2254097
2254818	[721]	:	Key	71	DOWN	at	2254817 
2259460	[4642]	:	time Target is 2259460
2259682	[222]	:	Key	71	DOWN	at	2259682 
2264799	[5117]	:	time Target is 2264799
2264830	[31]	:	Key	71	DOWN	at	2264830 
2270132	[5302]	:	time Target is 2270132
2270226	[94]	:	Key	71	DOWN	at	2270226 
2275482	[5256]	:	time Target is 2275482
2288483	[13001]	:	Key	71	DOWN	at	2288483 
2288851	[368]	:	Key	71	UP	at	2288851 
2299665	[10814]	:	Key	28	DOWN	at	2299665 
2299794	[129]	:	Key	28	UP	at	2299794 
2302772	[2978]	:	Key	28	DOWN	at	2302771 
2302912	[140]	:	Key	28	UP	at	2302912 
2307360	[4448]	:	Key	29	DOWN	at	2307360 
2307476	[116]	:	Key	29	UP	at	2307475 
2309410	[1934]	:	Key	28	DOWN	at	2309410 
2309520	[110]	:	Key	28	UP	at	2309520 
2315282	[5762]	:	Key	28	DOWN	at	2315281 
2315457	[175]	:	Key	28	UP	at	2315456 
2319247	[3790]	:	Key	29	DOWN	at	2319247 
2319425	[178]	:	Key	29	UP	at	2319424 
2326883	[7458]	:	Key	28	DOWN	at	2326883 
2327028	[145]	:	Key	28	UP	at	2327027 
2329602	[2574]	:	Key	28	DOWN	at	2329602 
2329714	[112]	:	Key	28	UP	at	2329714 
2334944	[5230]	:	Key	29	DOWN	at	2334943 
2335055	[111]	:	Key	29	UP	at	2335054 
2336449	[1394]	:	Key	29	DOWN	at	2336448 
2336561	[112]	:	Key	29	UP	at	2336560 
2341171	[4610]	:	Key	28	DOWN	at	2341171 
2341348	[177]	:	Key	28	UP	at	2341347 
2342724	[1376]	:	Key	29	DOWN	at	2342723 
2342884	[160]	:	Key	29	UP	at	2342883 
2345937	[3053]	:	Key	28	DOWN	at	2345937 
2346111	[174]	:	Key	28	UP	at	2346111 
2347183	[1072]	:	Key	28	DOWN	at	2347182 
2347311	[128]	:	Key	28	UP	at	2347311 
2354098	[6787]	:	Key	29	DOWN	at	2354097 
2354224	[126]	:	Key	29	UP	at	2354224 
2355155	[931]	:	Key	28	DOWN	at	2355153 
2355170	[15]	:	COGENT STOP
