Cog2000 log file Mon Sep 02 08:21:37 2019
gprim v1.33 Compiled:Aug 12 2015 (GLib DirectDraw v7 DX12.0 Compiled:Aug 12 2015)
Display:1024x768x32 59.92Hz
Attaching C:\Program Files\Cogent2000v1.33\Toolbox\CogInput.mexw64
CogInput v1.05 Compiled: May 20 2010
6	[6]	:	COGENT START
18215	[18209]	:	Key	71	DOWN	at	18209   
18337	[122]	:	Key	71	UP	at	18337   
37040	[18703]	:	Key	71	DOWN	at	37039   
37123	[83]	:	Key	71	UP	at	37122   
41140	[4017]	:	Key	71	DOWN	at	41137   
41246	[106]	:	Key	71	UP	at	41246   
51999	[10753]	:	Key	71	DOWN	at	51998   
52096	[97]	:	Key	71	UP	at	52096   
66736	[14640]	:	Key	71	DOWN	at	66734   
66864	[128]	:	Key	71	UP	at	66864   
83597	[16733]	:	Key	71	DOWN	at	83597   
84522	[925]	:	time Target is 84489
85601	[1079]	:	Key	71	DOWN	at	85600   
90613	[5012]	:	time Target is 90612
92195	[1582]	:	Key	71	DOWN	at	92194   
95803	[3608]	:	time Target is 95801
96207	[404]	:	Key	71	DOWN	at	96206   
101907	[5700]	:	time Target is 101906
102191	[284]	:	Key	71	DOWN	at	102190  
108011	[5820]	:	time Target is 108006
108306	[295]	:	Key	71	DOWN	at	108305  
117234	[8928]	:	Key	71	DOWN	at	117234  
118303	[1069]	:	time Target is 118301
124627	[6324]	:	time Target is 124627
130955	[6328]	:	time Target is 130954
137284	[6329]	:	time Target is 137283
156159	[18875]	:	Key	71	DOWN	at	156158  
156258	[99]	:	Key	71	UP	at	156258  
160290	[4032]	:	Key	71	DOWN	at	160289  
160383	[93]	:	Key	71	UP	at	160383  
164687	[4304]	:	Key	71	DOWN	at	164686  
164768	[81]	:	Key	71	UP	at	164768  
194367	[29599]	:	Key	71	DOWN	at	194366  
194431	[64]	:	Key	71	UP	at	194431  
200833	[6402]	:	Key	71	DOWN	at	200832  
201663	[830]	:	Key	71	UP	at	200942  
201690	[27]	:	time Target is 201690
202083	[393]	:	Key	71	DOWN	at	202083  
206787	[4704]	:	time Target is 206786
211876	[5089]	:	time Target is 211876
212208	[332]	:	Key	71	DOWN	at	212208  
216978	[4770]	:	time Target is 216977
228480	[11502]	:	Key	71	DOWN	at	228480  
228592	[112]	:	Key	71	UP	at	228592  
230432	[1840]	:	Key	71	DOWN	at	230432  
231223	[791]	:	Key	71	UP	at	230512  
231250	[27]	:	time Target is 231249
231682	[432]	:	Key	71	DOWN	at	231682  
236351	[4669]	:	time Target is 236351
241430	[5079]	:	time Target is 241429
246502	[5072]	:	time Target is 246502
257827	[11325]	:	Key	71	DOWN	at	257826  
257903	[76]	:	Key	71	UP	at	257903  
259661	[1758]	:	Key	71	DOWN	at	259661  
260444	[783]	:	Key	71	UP	at	259757  
260466	[22]	:	time Target is 260466
265548	[5082]	:	time Target is 265548
265823	[275]	:	Key	71	DOWN	at	265822  
270638	[4815]	:	time Target is 270638
270898	[260]	:	Key	71	DOWN	at	270897  
275722	[4824]	:	time Target is 275721
275999	[277]	:	Key	71	DOWN	at	275998  
280020	[4021]	:	Key	71	UP	at	276161  
287475	[7455]	:	Key	71	DOWN	at	287475  
287552	[77]	:	Key	71	UP	at	287552  
289503	[1951]	:	Key	71	DOWN	at	289503  
290293	[790]	:	Key	71	UP	at	289617  
290317	[24]	:	time Target is 290316
290975	[658]	:	Key	71	DOWN	at	290975  
295410	[4435]	:	time Target is 295410
300493	[5083]	:	time Target is 300493
305564	[5071]	:	time Target is 305564
319297	[13733]	:	Key	71	DOWN	at	319297  
319392	[95]	:	Key	71	UP	at	319392  
333631	[14239]	:	Key	71	DOWN	at	333630  
333790	[159]	:	Key	71	UP	at	333790  
347728	[13938]	:	Key	71	DOWN	at	347727  
347810	[82]	:	Key	71	UP	at	347810  
359712	[11902]	:	Key	71	DOWN	at	359711  
359793	[81]	:	Key	71	UP	at	359792  
364307	[4514]	:	Key	71	DOWN	at	364307  
366884	[2577]	:	time Target is 366884
367346	[462]	:	Key	71	DOWN	at	367346  
372215	[4869]	:	Key	71	DOWN	at	372189  
374768	[2553]	:	Key	71	DOWN	at	374687  
377592	[2824]	:	time Target is 377592
378098	[506]	:	Key	71	DOWN	at	378097  
382938	[4840]	:	time Target is 382938
383359	[421]	:	Key	71	DOWN	at	383359  
388284	[4925]	:	time Target is 388284
393607	[5323]	:	time Target is 393607
394031	[424]	:	Key	71	DOWN	at	394031  
398943	[4912]	:	time Target is 398943
399343	[400]	:	Key	71	DOWN	at	399342  
404283	[4940]	:	time Target is 404283
404592	[309]	:	Key	71	DOWN	at	404592  
409618	[5026]	:	time Target is 409618
409906	[288]	:	Key	71	DOWN	at	409906  
414956	[5050]	:	time Target is 414956
420285	[5329]	:	time Target is 420285
420655	[370]	:	Key	71	DOWN	at	420654  
425625	[4970]	:	time Target is 425625
426031	[406]	:	Key	71	DOWN	at	426031  
430962	[4931]	:	time Target is 430962
431278	[316]	:	Key	71	DOWN	at	431278  
436306	[5028]	:	time Target is 436306
436913	[607]	:	Key	71	DOWN	at	436913  
441653	[4740]	:	time Target is 441653
442159	[506]	:	Key	71	DOWN	at	442159  
446989	[4830]	:	time Target is 446989
452308	[5319]	:	time Target is 452308
457630	[5322]	:	time Target is 457630
458033	[403]	:	Key	71	DOWN	at	458033  
462999	[4966]	:	time Target is 462999
463726	[727]	:	Key	71	DOWN	at	463726  
468337	[4611]	:	time Target is 468337
473661	[5324]	:	time Target is 473661
474078	[417]	:	Key	71	DOWN	at	474078  
479000	[4922]	:	time Target is 479000
479394	[394]	:	Key	71	DOWN	at	479394  
484335	[4941]	:	time Target is 484335
489658	[5323]	:	time Target is 489658
494983	[5325]	:	time Target is 494983
500304	[5321]	:	time Target is 500304
505627	[5323]	:	time Target is 505627
510948	[5321]	:	time Target is 510948
511332	[384]	:	Key	71	DOWN	at	511331  
516277	[4945]	:	time Target is 516277
521618	[5341]	:	time Target is 521618
522078	[460]	:	Key	71	DOWN	at	522078  
526960	[4882]	:	time Target is 526960
527344	[384]	:	Key	71	DOWN	at	527344  
532297	[4953]	:	time Target is 532297
537618	[5321]	:	time Target is 537618
538333	[715]	:	Key	71	DOWN	at	538333  
542954	[4621]	:	time Target is 542954
543568	[614]	:	Key	71	DOWN	at	543567  
548289	[4721]	:	time Target is 548289
553621	[5332]	:	time Target is 553621
553969	[348]	:	Key	71	DOWN	at	553967  
558961	[4992]	:	time Target is 558961
559331	[370]	:	Key	71	DOWN	at	559331  
564297	[4966]	:	time Target is 564297
565091	[794]	:	Key	71	DOWN	at	565090  
569636	[4545]	:	time Target is 569636
570098	[462]	:	Key	71	DOWN	at	570098  
574977	[4879]	:	time Target is 574977
580297	[5320]	:	time Target is 580297
585616	[5319]	:	time Target is 585616
586258	[642]	:	Key	71	DOWN	at	586256  
590954	[4696]	:	time Target is 590954
596273	[5319]	:	time Target is 596273
596703	[430]	:	Key	71	DOWN	at	596703  
601613	[4910]	:	time Target is 601613
606937	[5324]	:	time Target is 606937
612305	[5368]	:	time Target is 612305
612638	[333]	:	Key	71	DOWN	at	612638  
617649	[5011]	:	time Target is 617649
618355	[706]	:	Key	71	DOWN	at	618354  
622994	[4639]	:	time Target is 622994
623763	[769]	:	Key	71	DOWN	at	623762  
628334	[4571]	:	time Target is 628334
628720	[386]	:	Key	71	DOWN	at	628719  
633668	[4948]	:	time Target is 633668
634110	[442]	:	Key	71	DOWN	at	634110  
639012	[4902]	:	time Target is 639012
639475	[463]	:	Key	71	DOWN	at	639474  
644350	[4875]	:	time Target is 644350
649670	[5320]	:	time Target is 649670
650095	[425]	:	Key	71	DOWN	at	650094  
655007	[4912]	:	time Target is 655007
660332	[5325]	:	time Target is 660332
660755	[423]	:	Key	71	DOWN	at	660755  
665684	[4929]	:	time Target is 665684
666098	[414]	:	Key	71	DOWN	at	666097  
671026	[4928]	:	time Target is 671026
671408	[382]	:	Key	71	DOWN	at	671407  
676367	[4959]	:	time Target is 676367
676834	[467]	:	Key	71	DOWN	at	676833  
681707	[4873]	:	time Target is 681707
682141	[434]	:	Key	71	DOWN	at	682141  
687042	[4901]	:	time Target is 687042
692364	[5322]	:	time Target is 692364
692721	[357]	:	Key	71	DOWN	at	692721  
697702	[4981]	:	time Target is 697702
698066	[364]	:	Key	71	DOWN	at	698066  
703040	[4974]	:	time Target is 703040
703664	[624]	:	Key	71	DOWN	at	703664  
708371	[4707]	:	time Target is 708371
708863	[492]	:	Key	71	DOWN	at	708862  
713711	[4848]	:	time Target is 713711
719036	[5325]	:	time Target is 719036
719554	[518]	:	Key	71	DOWN	at	719553  
724379	[4825]	:	time Target is 724379
724961	[582]	:	Key	71	DOWN	at	724961  
729716	[4755]	:	time Target is 729716
730432	[716]	:	Key	71	DOWN	at	730431  
735054	[4622]	:	time Target is 735054
740367	[5313]	:	time Target is 740367
740803	[436]	:	Key	71	DOWN	at	740803  
745706	[4903]	:	time Target is 745706
746305	[599]	:	Key	71	DOWN	at	746304  
751049	[4744]	:	time Target is 751049
751409	[360]	:	Key	71	DOWN	at	751409  
756440	[5031]	:	time Target is 756440
761761	[5321]	:	time Target is 761761
762017	[256]	:	Key	71	DOWN	at	762016  
767101	[5084]	:	time Target is 767101
772424	[5323]	:	time Target is 772424
777748	[5324]	:	time Target is 777748
778211	[463]	:	Key	71	DOWN	at	778210  
783080	[4869]	:	time Target is 783080
783458	[378]	:	Key	71	DOWN	at	783457  
788420	[4962]	:	time Target is 788420
788768	[348]	:	Key	71	DOWN	at	788768  
793757	[4989]	:	time Target is 793757
794173	[416]	:	Key	71	DOWN	at	794173  
799091	[4918]	:	time Target is 799091
799825	[734]	:	Key	71	DOWN	at	799825  
804456	[4631]	:	time Target is 804456
805329	[873]	:	Key	71	DOWN	at	805329  
809790	[4461]	:	time Target is 809790
815113	[5323]	:	time Target is 815113
815505	[392]	:	Key	71	DOWN	at	815504  
820446	[4941]	:	time Target is 820446
821730	[1284]	:	Key	71	DOWN	at	821730  
825784	[4054]	:	time Target is 825784
826416	[632]	:	Key	71	DOWN	at	826415  
831122	[4706]	:	time Target is 831122
836446	[5324]	:	time Target is 836446
836786	[340]	:	Key	71	DOWN	at	836786  
840749	[3963]	:	Key	71	UP	at	836930  
846174	[5425]	:	Key	71	DOWN	at	846173  
846963	[789]	:	Key	71	UP	at	846286  
847233	[270]	:	time Target is 847233
847951	[718]	:	Key	71	DOWN	at	847951  
852574	[4623]	:	time Target is 852574
853346	[772]	:	Key	71	DOWN	at	853345  
857911	[4565]	:	time Target is 857911
858419	[508]	:	Key	71	DOWN	at	858418  
863246	[4827]	:	time Target is 863246
868569	[5323]	:	time Target is 868569
869005	[436]	:	Key	71	DOWN	at	869005  
873898	[4893]	:	time Target is 873898
874595	[697]	:	Key	71	DOWN	at	874595  
879235	[4640]	:	time Target is 879235
879742	[507]	:	Key	71	DOWN	at	879741  
884572	[4830]	:	time Target is 884572
884979	[407]	:	Key	71	DOWN	at	884979  
889909	[4930]	:	time Target is 889909
895231	[5322]	:	time Target is 895231
895823	[592]	:	Key	71	DOWN	at	895822  
900572	[4749]	:	time Target is 900572
901331	[759]	:	Key	71	DOWN	at	901331  
905909	[4578]	:	time Target is 905909
911230	[5321]	:	time Target is 911230
911555	[325]	:	Key	71	DOWN	at	911554  
916564	[5009]	:	time Target is 916564
916944	[380]	:	Key	71	DOWN	at	916943  
921900	[4956]	:	time Target is 921900
922706	[806]	:	Key	71	DOWN	at	922706  
927239	[4533]	:	time Target is 927239
927681	[442]	:	Key	71	DOWN	at	927680  
932584	[4903]	:	time Target is 932584
933042	[458]	:	Key	71	DOWN	at	933042  
937920	[4878]	:	time Target is 937920
943241	[5321]	:	time Target is 943241
944143	[902]	:	Key	71	DOWN	at	944142  
948603	[4460]	:	time Target is 948603
949056	[453]	:	Key	71	DOWN	at	949056  
953941	[4885]	:	time Target is 953941
959262	[5321]	:	time Target is 959262
960416	[1154]	:	Key	71	DOWN	at	960415  
964604	[4188]	:	time Target is 964604
965231	[627]	:	Key	71	DOWN	at	965231  
969937	[4706]	:	time Target is 969937
970736	[799]	:	Key	71	DOWN	at	970735  
975276	[4540]	:	time Target is 975276
975711	[435]	:	Key	71	DOWN	at	975711  
980613	[4902]	:	time Target is 980613
985942	[5329]	:	time Target is 985942
986418	[476]	:	Key	71	DOWN	at	986418  
991278	[4860]	:	time Target is 991278
996604	[5326]	:	time Target is 996604
997154	[550]	:	Key	71	DOWN	at	997154  
1001936	[4782]	:	time Target is 1001936
1007262	[5326]	:	time Target is 1007262
1007806	[544]	:	Key	71	DOWN	at	1007806 
1012597	[4791]	:	time Target is 1012597
1017924	[5327]	:	time Target is 1017924
1018462	[538]	:	Key	71	DOWN	at	1018461 
1023259	[4797]	:	time Target is 1023259
1023614	[355]	:	Key	71	DOWN	at	1023614 
1028586	[4972]	:	time Target is 1028586
1033905	[5319]	:	time Target is 1033905
1039256	[5351]	:	time Target is 1039256
1039618	[362]	:	Key	71	DOWN	at	1039617 
1044593	[4975]	:	time Target is 1044593
1045394	[801]	:	Key	71	DOWN	at	1045394 
1049936	[4542]	:	time Target is 1049936
1050302	[366]	:	Key	71	DOWN	at	1050302 
1055272	[4970]	:	time Target is 1055272
1060589	[5317]	:	time Target is 1060589
1065901	[5312]	:	time Target is 1065901
1071229	[5328]	:	time Target is 1071229
1076554	[5325]	:	time Target is 1076554
1081874	[5320]	:	time Target is 1081874
1082224	[350]	:	Key	71	DOWN	at	1082224 
1087209	[4985]	:	time Target is 1087209
1092530	[5321]	:	time Target is 1092530
1092845	[315]	:	Key	71	DOWN	at	1092845 
1097872	[5027]	:	time Target is 1097872
1103192	[5320]	:	time Target is 1103192
1103521	[329]	:	Key	71	DOWN	at	1103521 
1108526	[5005]	:	time Target is 1108526
1108994	[468]	:	Key	71	DOWN	at	1108993 
1113869	[4875]	:	time Target is 1113869
1114242	[373]	:	Key	71	DOWN	at	1114241 
1119209	[4967]	:	time Target is 1119209
1124533	[5324]	:	time Target is 1124533
1125042	[509]	:	Key	71	DOWN	at	1125042 
1129872	[4830]	:	time Target is 1129872
1130463	[591]	:	Key	71	DOWN	at	1130462 
1135207	[4744]	:	time Target is 1135207
1135631	[424]	:	Key	71	DOWN	at	1135631 
1140546	[4915]	:	time Target is 1140546
1145862	[5316]	:	time Target is 1145862
1151193	[5331]	:	time Target is 1151193
1156515	[5322]	:	time Target is 1156515
1156816	[301]	:	Key	71	DOWN	at	1156815 
1161843	[5027]	:	time Target is 1161843
1163072	[1229]	:	Key	71	DOWN	at	1163071 
1167179	[4107]	:	time Target is 1167179
1167969	[790]	:	Key	71	DOWN	at	1167969 
1172520	[4551]	:	time Target is 1172520
1173361	[841]	:	Key	71	DOWN	at	1173361 
1177856	[4495]	:	time Target is 1177856
1183188	[5332]	:	time Target is 1183188
1183566	[378]	:	Key	71	DOWN	at	1183566 
1188527	[4961]	:	time Target is 1188527
1193879	[5352]	:	time Target is 1193879
1194962	[1083]	:	Key	71	DOWN	at	1194962 
1199227	[4265]	:	time Target is 1199227
1204552	[5325]	:	time Target is 1204552
1205073	[521]	:	Key	71	DOWN	at	1205073 
1209885	[4812]	:	time Target is 1209885
1210703	[818]	:	Key	71	DOWN	at	1210703 
1215227	[4524]	:	time Target is 1215227
1220554	[5327]	:	time Target is 1220554
1220928	[374]	:	Key	71	DOWN	at	1220927 
1225888	[4960]	:	time Target is 1225888
1226206	[318]	:	Key	71	DOWN	at	1226205 
1231222	[5016]	:	time Target is 1231222
1231903	[681]	:	Key	71	DOWN	at	1231903 
1236566	[4663]	:	time Target is 1236566
1241889	[5323]	:	time Target is 1241889
1247210	[5321]	:	time Target is 1247210
1247634	[424]	:	Key	71	DOWN	at	1247634 
1252546	[4912]	:	time Target is 1252546
1253011	[465]	:	Key	71	DOWN	at	1253010 
1257882	[4871]	:	time Target is 1257882
1258432	[550]	:	Key	71	DOWN	at	1258431 
1263221	[4789]	:	time Target is 1263221
1263598	[377]	:	Key	71	DOWN	at	1263598 
1268593	[4995]	:	time Target is 1268593
1269010	[417]	:	Key	71	DOWN	at	1269009 
1273928	[4918]	:	time Target is 1273928
1279244	[5316]	:	time Target is 1279244
1279826	[582]	:	Key	71	DOWN	at	1279825 
1284588	[4762]	:	time Target is 1284588
1289908	[5320]	:	time Target is 1289908
1295223	[5315]	:	time Target is 1295223
1295822	[599]	:	Key	71	DOWN	at	1295821 
1300571	[4749]	:	time Target is 1300571
1305891	[5320]	:	time Target is 1305891
1306450	[559]	:	Key	71	DOWN	at	1306449 
1311223	[4773]	:	time Target is 1311223
1316563	[5340]	:	time Target is 1316563
1317168	[605]	:	Key	71	DOWN	at	1317168 
1321896	[4728]	:	time Target is 1321896
1322303	[407]	:	Key	71	DOWN	at	1322303 
1326198	[3895]	:	Key	71	UP	at	1322399 
1347184	[20986]	:	Key	71	DOWN	at	1347183 
1347326	[142]	:	Key	71	UP	at	1347326 
1352030	[4704]	:	Key	71	DOWN	at	1352030 
1352823	[793]	:	Key	71	UP	at	1352142 
1353084	[261]	:	time Target is 1353084
1353922	[838]	:	Key	71	DOWN	at	1353921 
1358425	[4503]	:	time Target is 1358425
1363749	[5324]	:	time Target is 1363749
1369069	[5320]	:	time Target is 1369069
1369586	[517]	:	Key	71	DOWN	at	1369585 
1374412	[4826]	:	time Target is 1374412
1375358	[946]	:	Key	71	DOWN	at	1375357 
1379744	[4386]	:	time Target is 1379744
1380943	[1199]	:	Key	71	DOWN	at	1380942 
1385083	[4140]	:	time Target is 1385083
1390408	[5325]	:	time Target is 1390408
1390738	[330]	:	Key	71	DOWN	at	1390738 
1395740	[5002]	:	time Target is 1395740
1396112	[372]	:	Key	71	DOWN	at	1396112 
1401085	[4973]	:	time Target is 1401085
1401698	[613]	:	Key	71	DOWN	at	1401698 
1406413	[4715]	:	time Target is 1406413
1406719	[306]	:	Key	71	DOWN	at	1406719 
1411759	[5040]	:	time Target is 1411759
1417079	[5320]	:	time Target is 1417079
1417456	[377]	:	Key	71	DOWN	at	1417455 
1422412	[4956]	:	time Target is 1422412
1422834	[422]	:	Key	71	DOWN	at	1422834 
1427746	[4912]	:	time Target is 1427746
1432811	[5065]	:	Key	71	DOWN	at	1432654 
1432812	[1]	:	Key	71	UP	at	1432766 
1435624	[2812]	:	time Target is 1435624
1436205	[581]	:	Key	71	DOWN	at	1436205 
1440966	[4761]	:	time Target is 1440966
1441440	[474]	:	Key	71	DOWN	at	1441440 
1446304	[4864]	:	time Target is 1446304
1446659	[355]	:	Key	71	DOWN	at	1446659 
1451646	[4987]	:	time Target is 1451646
1456975	[5329]	:	time Target is 1456975
1457326	[351]	:	Key	71	DOWN	at	1457326 
1462313	[4987]	:	time Target is 1462313
1462946	[633]	:	Key	71	DOWN	at	1462945 
1467655	[4709]	:	time Target is 1467655
1468287	[632]	:	Key	71	DOWN	at	1468287 
1472993	[4706]	:	time Target is 1472993
1473424	[431]	:	Key	71	DOWN	at	1473423 
1478332	[4908]	:	time Target is 1478332
1479167	[835]	:	Key	71	DOWN	at	1479167 
1483659	[4492]	:	time Target is 1483659
1485022	[1363]	:	Key	71	DOWN	at	1485021 
1489002	[3980]	:	time Target is 1489002
1489358	[356]	:	Key	71	DOWN	at	1489358 
1494344	[4986]	:	time Target is 1494344
1494621	[277]	:	Key	71	DOWN	at	1494621 
1499676	[5055]	:	time Target is 1499676
1505005	[5329]	:	time Target is 1505005
1505392	[387]	:	Key	71	DOWN	at	1505392 
1510338	[4946]	:	time Target is 1510338
1510786	[448]	:	Key	71	DOWN	at	1510786 
1515675	[4889]	:	time Target is 1515675
1516109	[434]	:	Key	71	DOWN	at	1516109 
1521012	[4903]	:	time Target is 1521012
1526332	[5320]	:	time Target is 1526332
1531655	[5323]	:	time Target is 1531655
1532893	[1238]	:	Key	71	DOWN	at	1532893 
1536997	[4104]	:	time Target is 1536997
1537583	[586]	:	Key	71	DOWN	at	1537583 
1542334	[4751]	:	time Target is 1542334
1547655	[5321]	:	time Target is 1547655
1547987	[332]	:	Key	71	DOWN	at	1547986 
1552986	[4999]	:	time Target is 1552986
1558306	[5320]	:	time Target is 1558306
1558671	[365]	:	Key	71	DOWN	at	1558671 
1563641	[4970]	:	time Target is 1563641
1564720	[1079]	:	Key	71	DOWN	at	1564720 
1568976	[4256]	:	time Target is 1568976
1569443	[467]	:	Key	71	DOWN	at	1569442 
1574315	[4872]	:	time Target is 1574315
1575278	[963]	:	Key	71	DOWN	at	1575278 
1579651	[4373]	:	time Target is 1579651
1580002	[351]	:	Key	71	DOWN	at	1580001 
1584988	[4986]	:	time Target is 1584988
1590311	[5323]	:	time Target is 1590311
1595632	[5321]	:	time Target is 1595632
1600957	[5325]	:	time Target is 1600957
1601486	[529]	:	Key	71	DOWN	at	1601486 
1606295	[4809]	:	time Target is 1606295
1606675	[380]	:	Key	71	DOWN	at	1606674 
1611634	[4959]	:	time Target is 1611634
1611968	[334]	:	Key	71	DOWN	at	1611968 
1616985	[5017]	:	time Target is 1616985
1617329	[344]	:	Key	71	DOWN	at	1617329 
1622325	[4996]	:	time Target is 1622325
1627647	[5322]	:	time Target is 1627647
1632965	[5318]	:	time Target is 1632965
1633343	[378]	:	Key	71	DOWN	at	1633343 
1638308	[4965]	:	time Target is 1638308
1638849	[541]	:	Key	71	DOWN	at	1638849 
1643646	[4797]	:	time Target is 1643646
1643954	[308]	:	Key	71	DOWN	at	1643953 
1648990	[5036]	:	time Target is 1648990
1654324	[5334]	:	time Target is 1654324
1659645	[5321]	:	time Target is 1659645
1660018	[373]	:	Key	71	DOWN	at	1660018 
1664975	[4957]	:	time Target is 1664975
1665983	[1008]	:	Key	71	DOWN	at	1665982 
1670314	[4331]	:	time Target is 1670314
1670640	[326]	:	Key	71	DOWN	at	1670640 
1675655	[5015]	:	time Target is 1675655
1676017	[362]	:	Key	71	DOWN	at	1676017 
1680996	[4979]	:	time Target is 1680996
1686322	[5326]	:	time Target is 1686322
1691648	[5326]	:	time Target is 1691648
1692031	[383]	:	Key	71	DOWN	at	1692031 
1696984	[4953]	:	time Target is 1696984
1702306	[5322]	:	time Target is 1702306
1702852	[546]	:	Key	71	DOWN	at	1702851 
1707639	[4787]	:	time Target is 1707639
1707934	[295]	:	Key	71	DOWN	at	1707933 
1712975	[5041]	:	time Target is 1712975
1718303	[5328]	:	time Target is 1718303
1723669	[5366]	:	time Target is 1723669
1724787	[1118]	:	Key	71	DOWN	at	1724786 
1729001	[4214]	:	time Target is 1729001
1729358	[357]	:	Key	71	DOWN	at	1729358 
1734347	[4989]	:	time Target is 1734347
1734769	[422]	:	Key	71	DOWN	at	1734769 
1739689	[4920]	:	time Target is 1739689
1745011	[5322]	:	time Target is 1745011
1746370	[1359]	:	Key	71	DOWN	at	1746369 
1750348	[3978]	:	time Target is 1750348
1750814	[466]	:	Key	71	DOWN	at	1750813 
1755687	[4873]	:	time Target is 1755687
1761008	[5321]	:	time Target is 1761008
1761347	[339]	:	Key	71	DOWN	at	1761347 
1766342	[4995]	:	time Target is 1766342
1766624	[282]	:	Key	71	DOWN	at	1766623 
1771680	[5056]	:	time Target is 1771680
1772093	[413]	:	Key	71	DOWN	at	1772093 
1777015	[4922]	:	time Target is 1777015
1777952	[937]	:	Key	71	DOWN	at	1777951 
1782346	[4394]	:	time Target is 1782346
1787672	[5326]	:	time Target is 1787672
1788016	[344]	:	Key	71	DOWN	at	1788015 
1793008	[4992]	:	time Target is 1793008
1793346	[338]	:	Key	71	DOWN	at	1793346 
1798338	[4992]	:	time Target is 1798338
1798654	[316]	:	Key	71	DOWN	at	1798654 
1803671	[5017]	:	time Target is 1803671
1808994	[5323]	:	time Target is 1808994
1814335	[5341]	:	time Target is 1814335
1819663	[5328]	:	time Target is 1819663
1820334	[671]	:	Key	71	DOWN	at	1820334 
1825006	[4672]	:	time Target is 1825006
1830913	[5907]	:	Key	71	DOWN	at	1830912 
1831703	[790]	:	Key	71	UP	at	1831041 
1831970	[267]	:	time Target is 1831970
1832350	[380]	:	Key	71	DOWN	at	1832350 
1837304	[4954]	:	time Target is 1837304
1842628	[5324]	:	time Target is 1842628
1842946	[318]	:	Key	71	DOWN	at	1842946 
1847960	[5014]	:	time Target is 1847960
1853279	[5319]	:	time Target is 1853279
1858606	[5327]	:	time Target is 1858606
1863927	[5321]	:	time Target is 1863927
1869252	[5325]	:	time Target is 1869252
1869746	[494]	:	Key	71	DOWN	at	1869746 
1874587	[4841]	:	time Target is 1874587
1875073	[486]	:	Key	71	DOWN	at	1875073 
1879925	[4852]	:	time Target is 1879925
1880241	[316]	:	Key	71	DOWN	at	1880241 
1885258	[5017]	:	time Target is 1885258
1885790	[532]	:	Key	71	DOWN	at	1885790 
1890594	[4804]	:	time Target is 1890594
1890896	[302]	:	Key	71	DOWN	at	1890896 
1895960	[5064]	:	time Target is 1895960
1901281	[5321]	:	time Target is 1901281
1901598	[317]	:	Key	71	DOWN	at	1901597 
1906619	[5021]	:	time Target is 1906619
1911939	[5320]	:	time Target is 1911939
1912397	[458]	:	Key	71	DOWN	at	1912397 
1917273	[4876]	:	time Target is 1917273
1922593	[5320]	:	time Target is 1922593
1927920	[5327]	:	time Target is 1927920
1933242	[5322]	:	time Target is 1933242
1933646	[404]	:	Key	71	DOWN	at	1933646 
1938600	[4954]	:	time Target is 1938600
1938991	[391]	:	Key	71	DOWN	at	1938990 
1943941	[4950]	:	time Target is 1943941
1944466	[525]	:	Key	71	DOWN	at	1944466 
1949277	[4811]	:	time Target is 1949277
1949615	[338]	:	Key	71	DOWN	at	1949615 
1954614	[4999]	:	time Target is 1954614
1959942	[5328]	:	time Target is 1959942
1965265	[5323]	:	time Target is 1965265
1970583	[5318]	:	time Target is 1970583
1975900	[5317]	:	time Target is 1975900
1981246	[5346]	:	time Target is 1981246
1986566	[5320]	:	time Target is 1986566
1986977	[411]	:	Key	71	DOWN	at	1986976 
1991906	[4929]	:	time Target is 1991906
1997239	[5333]	:	time Target is 1997239
2002562	[5323]	:	time Target is 2002562
2002883	[321]	:	Key	71	DOWN	at	2002883 
2007903	[5020]	:	time Target is 2007903
2008675	[772]	:	Key	71	DOWN	at	2008674 
2013243	[4568]	:	time Target is 2013243
2013858	[615]	:	Key	71	DOWN	at	2013857 
2018585	[4727]	:	time Target is 2018585
2023909	[5324]	:	time Target is 2023909
2024287	[378]	:	Key	71	DOWN	at	2024286 
2029256	[4969]	:	time Target is 2029256
2029698	[442]	:	Key	71	DOWN	at	2029698 
2034595	[4897]	:	time Target is 2034595
2035325	[730]	:	Key	71	DOWN	at	2035325 
2039673	[4348]	:	Key	71	DOWN	at	2039487 
2039673	[0]	:	Key	71	UP	at	2039665 
2042493	[2820]	:	time Target is 2042493
2042929	[436]	:	Key	71	DOWN	at	2042929 
2047829	[4900]	:	time Target is 2047829
2048206	[377]	:	Key	71	DOWN	at	2048206 
2053170	[4964]	:	time Target is 2053170
2058489	[5319]	:	time Target is 2058489
2063804	[5315]	:	time Target is 2063804
2064174	[370]	:	Key	71	DOWN	at	2064174 
2069137	[4963]	:	time Target is 2069137
2074462	[5325]	:	time Target is 2074462
2079775	[5313]	:	time Target is 2079775
2085101	[5326]	:	time Target is 2085101
2085489	[388]	:	Key	71	DOWN	at	2085489 
2090436	[4947]	:	time Target is 2090436
2095755	[5319]	:	time Target is 2095755
2096210	[455]	:	Key	71	DOWN	at	2096210 
2101090	[4880]	:	time Target is 2101090
2101507	[417]	:	Key	71	DOWN	at	2101506 
2106433	[4926]	:	time Target is 2106433
2106945	[512]	:	Key	71	DOWN	at	2106945 
2111769	[4824]	:	time Target is 2111769
2112110	[341]	:	Key	71	DOWN	at	2112110 
2117107	[4997]	:	time Target is 2117107
2122428	[5321]	:	time Target is 2122428
2127746	[5318]	:	time Target is 2127746
2133071	[5325]	:	time Target is 2133071
2138392	[5321]	:	time Target is 2138392
2143715	[5323]	:	time Target is 2143715
2149037	[5322]	:	time Target is 2149037
2149409	[372]	:	Key	71	DOWN	at	2149408 
2154371	[4962]	:	time Target is 2154371
2154783	[412]	:	Key	71	DOWN	at	2154782 
2159711	[4928]	:	time Target is 2159711
2160109	[398]	:	Key	71	DOWN	at	2160109 
2165049	[4940]	:	time Target is 2165049
2170371	[5322]	:	time Target is 2170371
2175695	[5324]	:	time Target is 2175695
2176142	[447]	:	Key	71	DOWN	at	2176142 
2181029	[4887]	:	time Target is 2181029
2186350	[5321]	:	time Target is 2186350
2187295	[945]	:	Key	71	DOWN	at	2187295 
2191686	[4391]	:	time Target is 2191686
2192066	[380]	:	Key	71	DOWN	at	2192066 
2197017	[4951]	:	time Target is 2197017
2197326	[309]	:	Key	71	DOWN	at	2197325 
2202398	[5072]	:	time Target is 2202398
2207721	[5323]	:	time Target is 2207721
2213045	[5324]	:	time Target is 2213045
2213472	[427]	:	Key	71	DOWN	at	2213471 
2218380	[4908]	:	time Target is 2218380
2223700	[5320]	:	time Target is 2223700
2229056	[5356]	:	time Target is 2229056
2234379	[5323]	:	time Target is 2234379
2239700	[5321]	:	time Target is 2239700
2240287	[587]	:	Key	71	DOWN	at	2240285 
2245041	[4754]	:	time Target is 2245041
2245714	[673]	:	Key	71	DOWN	at	2245714 
2250389	[4675]	:	time Target is 2250389
2255710	[5321]	:	time Target is 2255710
2256205	[495]	:	Key	71	DOWN	at	2256205 
2261047	[4842]	:	time Target is 2261047
2261601	[554]	:	Key	71	DOWN	at	2261599 
2266414	[4813]	:	time Target is 2266414
2267121	[707]	:	Key	71	DOWN	at	2267120 
2271750	[4629]	:	time Target is 2271750
2277073	[5323]	:	time Target is 2277073
2278126	[1053]	:	Key	71	DOWN	at	2278126 
2282415	[4289]	:	time Target is 2282415
2287738	[5323]	:	time Target is 2287738
2293056	[5318]	:	time Target is 2293056
2293409	[353]	:	Key	71	DOWN	at	2293408 
2298390	[4981]	:	time Target is 2298390
2303714	[5324]	:	time Target is 2303714
2313328	[9614]	:	Key	71	DOWN	at	2313327 
2313438	[110]	:	Key	71	UP	at	2313437 
2322577	[9139]	:	Key	29	DOWN	at	2322577 
2322670	[93]	:	Key	29	UP	at	2322670 
2327234	[4564]	:	Key	29	DOWN	at	2327234 
2327328	[94]	:	Key	29	UP	at	2327327 
2330431	[3103]	:	Key	28	DOWN	at	2330430 
2330574	[143]	:	Key	28	UP	at	2330574 
2333171	[2597]	:	Key	28	DOWN	at	2333170 
2333311	[140]	:	Key	28	UP	at	2333310 
2335439	[2128]	:	Key	29	DOWN	at	2335439 
2335570	[131]	:	Key	29	UP	at	2335569 
2336976	[1406]	:	Key	28	DOWN	at	2336975 
2337138	[162]	:	Key	28	UP	at	2337137 
2339983	[2845]	:	Key	28	DOWN	at	2339982 
2340157	[174]	:	Key	28	UP	at	2340157 
2341281	[1124]	:	Key	29	DOWN	at	2341280 
2341422	[141]	:	Key	29	UP	at	2341422 
2346865	[5443]	:	Key	28	DOWN	at	2346865 
2347057	[192]	:	Key	28	UP	at	2347057 
2348273	[1216]	:	Key	28	DOWN	at	2348272 
2348349	[76]	:	Key	28	UP	at	2348349 
2349405	[1056]	:	Key	29	DOWN	at	2349405 
2349520	[115]	:	Key	29	UP	at	2349519 
2349823	[303]	:	Key	28	DOWN	at	2349822 
2349969	[146]	:	Key	28	UP	at	2349969 
2353297	[3328]	:	Key	29	DOWN	at	2353296 
2353437	[140]	:	Key	29	UP	at	2353437 
2354544	[1107]	:	Key	29	DOWN	at	2354544 
2354654	[110]	:	Key	29	UP	at	2354653 
2356221	[1567]	:	Key	29	DOWN	at	2356221 
2356350	[129]	:	Key	29	UP	at	2356350 
2357184	[834]	:	Key	28	DOWN	at	2357183 
2357251	[67]	:	COGENT STOP
