Cog2000 log file Fri Sep 27 13:39:08 2019
gprim v1.33 Compiled:Aug 12 2015 (GLib DirectDraw v7 DX12.0 Compiled:Aug 12 2015)
Display:1024x768x32 59.95Hz
Attaching C:\Program Files\Cogent2000v1.33\Toolbox\CogInput.mexw64
CogInput v1.05 Compiled: May 20 2010
18	[18]	:	COGENT START
9816	[9798]	:	Key	71	DOWN	at	9811    
9903	[87]	:	Key	71	UP	at	9903    
29172	[19269]	:	Key	71	DOWN	at	29171   
29264	[92]	:	Key	71	UP	at	29263   
33400	[4136]	:	Key	71	DOWN	at	33395   
33489	[89]	:	Key	71	UP	at	33488   
44655	[11166]	:	Key	71	DOWN	at	44654   
44736	[81]	:	Key	71	UP	at	44735   
60530	[15794]	:	Key	71	DOWN	at	60529   
60575	[45]	:	Key	71	UP	at	60575   
79440	[18865]	:	Key	71	DOWN	at	79440   
80384	[944]	:	time Target is 80345
80770	[386]	:	Key	71	DOWN	at	80770   
86490	[5720]	:	time Target is 86489
86787	[297]	:	Key	71	DOWN	at	86787   
92620	[5833]	:	time Target is 92619
93184	[564]	:	Key	71	DOWN	at	93183   
98726	[5542]	:	time Target is 98725
98962	[236]	:	Key	71	DOWN	at	98962   
107825	[8863]	:	Key	71	DOWN	at	107825  
108897	[1072]	:	time Target is 108892
115220	[6323]	:	time Target is 115220
121543	[6323]	:	time Target is 121542
127874	[6331]	:	time Target is 127873
147984	[20110]	:	Key	71	DOWN	at	147983  
148065	[81]	:	Key	71	UP	at	148064  
151747	[3682]	:	Key	71	DOWN	at	151746  
151858	[111]	:	Key	71	UP	at	151858  
156113	[4255]	:	Key	71	DOWN	at	156113  
156243	[130]	:	Key	71	UP	at	156243  
164799	[8556]	:	Key	71	DOWN	at	164798  
164916	[117]	:	Key	71	UP	at	164915  
169552	[4636]	:	Key	71	DOWN	at	169551  
170435	[883]	:	Key	71	UP	at	169667  
170461	[26]	:	time Target is 170461
171057	[596]	:	Key	71	DOWN	at	171056  
175550	[4493]	:	Key	71	DOWN	at	175314  
175551	[1]	:	Key	71	UP	at	175409  
178129	[2578]	:	time Target is 178129
183217	[5088]	:	time Target is 183217
184305	[1088]	:	Key	71	DOWN	at	184305  
187527	[3222]	:	Key	71	UP	at	184419  
195120	[7593]	:	Key	71	DOWN	at	195119  
195201	[81]	:	Key	71	UP	at	195200  
198817	[3616]	:	Key	71	DOWN	at	198816  
199609	[792]	:	Key	71	UP	at	198913  
199629	[20]	:	time Target is 199627
200207	[578]	:	Key	71	DOWN	at	200207  
204726	[4519]	:	time Target is 204726
209802	[5076]	:	time Target is 209802
210820	[1018]	:	Key	71	DOWN	at	210819  
214892	[4072]	:	time Target is 214892
215684	[792]	:	Key	71	DOWN	at	215684  
219198	[3514]	:	Key	71	UP	at	215794  
226336	[7138]	:	Key	71	DOWN	at	226335  
226449	[113]	:	Key	71	UP	at	226448  
230174	[3725]	:	Key	71	DOWN	at	230174  
230963	[789]	:	Key	71	UP	at	230289  
230986	[23]	:	time Target is 230985
236064	[5078]	:	time Target is 236064
236739	[675]	:	Key	71	DOWN	at	236739  
241155	[4416]	:	time Target is 241155
241505	[350]	:	Key	71	DOWN	at	241504  
246241	[4736]	:	time Target is 246241
246882	[641]	:	Key	71	DOWN	at	246881  
250542	[3660]	:	Key	71	UP	at	246977  
257553	[7011]	:	Key	71	DOWN	at	257553  
257665	[112]	:	Key	71	UP	at	257664  
261072	[3407]	:	Key	71	DOWN	at	261072  
261858	[786]	:	Key	71	UP	at	261184  
261882	[24]	:	time Target is 261882
262611	[729]	:	Key	71	DOWN	at	262609  
266972	[4361]	:	time Target is 266972
272044	[5072]	:	time Target is 272044
277112	[5068]	:	time Target is 277112
288164	[11052]	:	Key	71	DOWN	at	288163  
288256	[92]	:	Key	71	UP	at	288255  
303935	[15679]	:	Key	71	DOWN	at	303935  
304035	[100]	:	Key	71	UP	at	304035  
317745	[13710]	:	Key	71	DOWN	at	317744  
317826	[81]	:	Key	71	UP	at	317825  
329888	[12062]	:	Key	71	DOWN	at	329888  
329985	[97]	:	Key	71	UP	at	329984  
337300	[7315]	:	Key	71	DOWN	at	337299  
339893	[2593]	:	time Target is 339893
340336	[443]	:	Key	71	DOWN	at	340335  
345236	[4900]	:	time Target is 345236
350568	[5332]	:	time Target is 350568
350944	[376]	:	Key	71	DOWN	at	350944  
355911	[4967]	:	time Target is 355911
356323	[412]	:	Key	71	DOWN	at	356323  
361260	[4937]	:	time Target is 361259
361888	[628]	:	Key	71	DOWN	at	361888  
366608	[4720]	:	time Target is 366608
371932	[5324]	:	time Target is 371932
372563	[631]	:	Key	71	DOWN	at	372563  
377274	[4711]	:	time Target is 377274
378067	[793]	:	Key	71	DOWN	at	378066  
382350	[4283]	:	Key	71	DOWN	at	382224  
382351	[1]	:	Key	71	UP	at	382334  
385162	[2811]	:	time Target is 385162
385779	[617]	:	Key	71	DOWN	at	385778  
390500	[4721]	:	time Target is 390500
391598	[1098]	:	Key	71	DOWN	at	391598  
395830	[4232]	:	time Target is 395830
401152	[5322]	:	time Target is 401152
401663	[511]	:	Key	71	DOWN	at	401662  
406498	[4835]	:	time Target is 406498
406882	[384]	:	Key	71	DOWN	at	406882  
411835	[4953]	:	time Target is 411835
417175	[5340]	:	time Target is 417175
417588	[413]	:	Key	71	DOWN	at	417587  
422511	[4923]	:	time Target is 422511
423508	[997]	:	Key	71	DOWN	at	423508  
427846	[4338]	:	time Target is 427846
433169	[5323]	:	time Target is 433169
433924	[755]	:	Key	71	DOWN	at	433923  
438509	[4585]	:	time Target is 438509
439632	[1123]	:	Key	71	DOWN	at	439632  
443842	[4210]	:	time Target is 443842
449163	[5321]	:	time Target is 449163
449553	[390]	:	Key	71	DOWN	at	449552  
454500	[4947]	:	time Target is 454500
454912	[412]	:	Key	71	DOWN	at	454911  
459839	[4927]	:	time Target is 459839
460544	[705]	:	Key	71	DOWN	at	460544  
465175	[4631]	:	time Target is 465175
465679	[504]	:	Key	71	DOWN	at	465679  
470508	[4829]	:	time Target is 470508
471252	[744]	:	Key	71	DOWN	at	471252  
475848	[4596]	:	time Target is 475848
481171	[5323]	:	time Target is 481171
486497	[5326]	:	time Target is 486497
487006	[509]	:	Key	71	DOWN	at	487006  
491837	[4831]	:	time Target is 491837
492383	[546]	:	Key	71	DOWN	at	492383  
497172	[4789]	:	time Target is 497172
497490	[318]	:	Key	71	DOWN	at	497490  
502508	[5018]	:	time Target is 502508
502947	[439]	:	Key	71	DOWN	at	502946  
507843	[4896]	:	time Target is 507843
513163	[5320]	:	time Target is 513163
513985	[822]	:	Key	71	DOWN	at	513984  
518501	[4516]	:	time Target is 518501
518991	[490]	:	Key	71	DOWN	at	518991  
523836	[4845]	:	time Target is 523836
529160	[5324]	:	time Target is 529160
529888	[728]	:	Key	71	DOWN	at	529888  
534498	[4610]	:	time Target is 534498
539825	[5327]	:	time Target is 539825
545147	[5322]	:	time Target is 545147
550468	[5321]	:	time Target is 550468
550882	[414]	:	Key	71	DOWN	at	550881  
555803	[4921]	:	time Target is 555803
556291	[488]	:	Key	71	DOWN	at	556291  
561134	[4843]	:	time Target is 561134
561571	[437]	:	Key	71	DOWN	at	561571  
566521	[4950]	:	time Target is 566521
571842	[5321]	:	time Target is 571842
577166	[5324]	:	time Target is 577166
577506	[340]	:	Key	71	DOWN	at	577506  
582502	[4996]	:	time Target is 582502
583123	[621]	:	Key	71	DOWN	at	583122  
587837	[4714]	:	time Target is 587837
588259	[422]	:	Key	71	DOWN	at	588258  
593172	[4913]	:	time Target is 593172
593888	[716]	:	Key	71	DOWN	at	593887  
598512	[4624]	:	time Target is 598512
598802	[290]	:	Key	71	DOWN	at	598802  
603845	[5043]	:	time Target is 603845
604468	[623]	:	Key	71	DOWN	at	604467  
609181	[4713]	:	time Target is 609181
614504	[5323]	:	time Target is 614504
614962	[458]	:	Key	71	DOWN	at	614962  
619837	[4875]	:	time Target is 619837
620145	[308]	:	Key	71	DOWN	at	620144  
625174	[5029]	:	time Target is 625174
625634	[460]	:	Key	71	DOWN	at	625633  
630514	[4880]	:	time Target is 630514
630912	[398]	:	Key	71	DOWN	at	630911  
635854	[4942]	:	time Target is 635854
641180	[5326]	:	time Target is 641180
641809	[629]	:	Key	71	DOWN	at	641809  
646519	[4710]	:	time Target is 646519
646961	[442]	:	Key	71	DOWN	at	646961  
651858	[4897]	:	time Target is 651858
652707	[849]	:	Key	71	DOWN	at	652707  
657193	[4486]	:	time Target is 657193
662520	[5327]	:	time Target is 662520
662804	[284]	:	Key	71	DOWN	at	662803  
667860	[5056]	:	time Target is 667860
668112	[252]	:	Key	71	DOWN	at	668111  
673194	[5082]	:	time Target is 673194
674068	[874]	:	Key	71	DOWN	at	674068  
678532	[4464]	:	time Target is 678532
683877	[5345]	:	time Target is 683877
684372	[495]	:	Key	71	DOWN	at	684372  
689214	[4842]	:	time Target is 689214
689426	[212]	:	Key	71	DOWN	at	689426  
694551	[5125]	:	time Target is 694551
699872	[5321]	:	time Target is 699872
700147	[275]	:	Key	71	DOWN	at	700147  
705206	[5059]	:	time Target is 705206
705550	[344]	:	Key	71	DOWN	at	705550  
710541	[4991]	:	time Target is 710541
715862	[5321]	:	time Target is 715862
716289	[427]	:	Key	71	DOWN	at	716288  
721195	[4906]	:	time Target is 721195
721460	[265]	:	Key	71	DOWN	at	721460  
726531	[5071]	:	time Target is 726531
727615	[1084]	:	Key	71	DOWN	at	727614  
731864	[4249]	:	time Target is 731864
732414	[550]	:	Key	71	DOWN	at	732414  
737199	[4785]	:	time Target is 737199
737476	[277]	:	Key	71	DOWN	at	737476  
742539	[5063]	:	time Target is 742539
743059	[520]	:	Key	71	DOWN	at	743059  
747874	[4815]	:	time Target is 747874
748591	[717]	:	Key	71	DOWN	at	748591  
753208	[4617]	:	time Target is 753208
758539	[5331]	:	time Target is 758539
758865	[326]	:	Key	71	DOWN	at	758864  
763876	[5011]	:	time Target is 763876
764177	[301]	:	Key	71	DOWN	at	764177  
769215	[5038]	:	time Target is 769215
769426	[211]	:	Key	71	DOWN	at	769425  
774548	[5122]	:	time Target is 774548
774960	[412]	:	Key	71	DOWN	at	774959  
779884	[4924]	:	time Target is 779884
780772	[888]	:	Key	71	DOWN	at	780771  
785223	[4451]	:	time Target is 785223
786404	[1181]	:	Key	71	DOWN	at	786403  
790569	[4165]	:	time Target is 790569
791440	[871]	:	Key	71	DOWN	at	791440  
795904	[4464]	:	time Target is 795904
795952	[48]	:	Key	71	DOWN	at	795951  
801241	[5289]	:	time Target is 801241
801634	[393]	:	Key	71	DOWN	at	801634  
806572	[4938]	:	time Target is 806572
806883	[311]	:	Key	71	DOWN	at	806883  
811911	[5028]	:	time Target is 811911
817749	[5838]	:	Key	71	DOWN	at	817748  
818540	[791]	:	Key	71	UP	at	817856  
818807	[267]	:	time Target is 818807
819903	[1096]	:	Key	71	DOWN	at	819903  
824142	[4239]	:	time Target is 824142
829463	[5321]	:	time Target is 829463
829680	[217]	:	Key	71	DOWN	at	829679  
834802	[5122]	:	time Target is 834802
835347	[545]	:	Key	71	DOWN	at	835346  
840135	[4788]	:	time Target is 840135
840432	[297]	:	Key	71	DOWN	at	840432  
845471	[5039]	:	time Target is 845471
850803	[5332]	:	time Target is 850803
856124	[5321]	:	time Target is 856124
856434	[310]	:	Key	71	DOWN	at	856433  
861460	[5026]	:	time Target is 861460
866784	[5324]	:	time Target is 866784
872105	[5321]	:	time Target is 872105
872434	[329]	:	Key	71	DOWN	at	872433  
877440	[5006]	:	time Target is 877440
878001	[561]	:	Key	71	DOWN	at	878000  
882779	[4778]	:	time Target is 882779
882995	[216]	:	Key	71	DOWN	at	882995  
888115	[5120]	:	time Target is 888115
888336	[221]	:	Key	71	DOWN	at	888336  
893449	[5113]	:	time Target is 893449
898770	[5321]	:	time Target is 898770
904092	[5322]	:	time Target is 904092
909418	[5326]	:	time Target is 909418
914740	[5322]	:	time Target is 914740
915027	[287]	:	Key	71	DOWN	at	915026  
920076	[5049]	:	time Target is 920076
925396	[5320]	:	time Target is 925396
925700	[304]	:	Key	71	DOWN	at	925699  
930730	[5030]	:	time Target is 930730
931441	[711]	:	Key	71	DOWN	at	931441  
936067	[4626]	:	time Target is 936067
941123	[5056]	:	Key	71	DOWN	at	940961  
941124	[1]	:	Key	71	UP	at	941104  
943938	[2814]	:	time Target is 943938
949259	[5321]	:	time Target is 949259
954581	[5322]	:	time Target is 954581
954896	[315]	:	Key	71	DOWN	at	954896  
959917	[5021]	:	time Target is 959917
960196	[279]	:	Key	71	DOWN	at	960196  
965255	[5059]	:	time Target is 965255
965856	[601]	:	Key	71	DOWN	at	965854  
970590	[4734]	:	time Target is 970590
971621	[1031]	:	Key	71	DOWN	at	971620  
975658	[4037]	:	Key	71	DOWN	at	975586  
978476	[2818]	:	time Target is 978476
978960	[484]	:	Key	71	DOWN	at	978960  
983814	[4854]	:	time Target is 983814
984277	[463]	:	Key	71	DOWN	at	984276  
989151	[4874]	:	time Target is 989151
989841	[690]	:	Key	71	DOWN	at	989841  
994488	[4647]	:	time Target is 994488
995057	[569]	:	Key	71	DOWN	at	995056  
999829	[4772]	:	time Target is 999829
1000227	[398]	:	Key	71	DOWN	at	1000227 
1005171	[4944]	:	time Target is 1005171
1005684	[513]	:	Key	71	DOWN	at	1005684 
1010510	[4826]	:	time Target is 1010510
1015831	[5321]	:	time Target is 1015831
1021148	[5317]	:	time Target is 1021148
1021697	[549]	:	Key	71	DOWN	at	1021697 
1026488	[4791]	:	time Target is 1026488
1031814	[5326]	:	time Target is 1031814
1037136	[5322]	:	time Target is 1037136
1037502	[366]	:	Key	71	DOWN	at	1037502 
1042470	[4968]	:	time Target is 1042470
1042816	[346]	:	Key	71	DOWN	at	1042815 
1047804	[4988]	:	time Target is 1047804
1049042	[1238]	:	Key	71	DOWN	at	1049042 
1053141	[4099]	:	time Target is 1053141
1053409	[268]	:	Key	71	DOWN	at	1053409 
1058481	[5072]	:	time Target is 1058481
1058804	[323]	:	Key	71	DOWN	at	1058803 
1063811	[5007]	:	time Target is 1063811
1064100	[289]	:	Key	71	DOWN	at	1064100 
1069148	[5048]	:	time Target is 1069148
1069423	[275]	:	Key	71	DOWN	at	1069423 
1074486	[5063]	:	time Target is 1074486
1074942	[456]	:	Key	71	DOWN	at	1074942 
1079819	[4877]	:	time Target is 1079819
1081024	[1205]	:	Key	71	DOWN	at	1081023 
1085160	[4136]	:	time Target is 1085160
1085809	[649]	:	Key	71	DOWN	at	1085808 
1090497	[4688]	:	time Target is 1090497
1095817	[5320]	:	time Target is 1095817
1101133	[5316]	:	time Target is 1101133
1101699	[566]	:	Key	71	DOWN	at	1101699 
1106480	[4781]	:	time Target is 1106480
1106881	[401]	:	Key	71	DOWN	at	1106880 
1111820	[4939]	:	time Target is 1111820
1112692	[872]	:	Key	71	DOWN	at	1112692 
1117156	[4464]	:	time Target is 1117156
1117934	[778]	:	Key	71	DOWN	at	1117934 
1122490	[4556]	:	time Target is 1122490
1122755	[265]	:	Key	71	DOWN	at	1122754 
1127827	[5072]	:	time Target is 1127827
1132881	[5054]	:	Key	71	DOWN	at	1132785 
1135718	[2837]	:	time Target is 1135718
1141047	[5329]	:	time Target is 1141047
1141620	[573]	:	Key	71	DOWN	at	1141619 
1146382	[4762]	:	time Target is 1146382
1151702	[5320]	:	time Target is 1151702
1157022	[5320]	:	time Target is 1157022
1162357	[5335]	:	time Target is 1162357
1162803	[446]	:	Key	71	DOWN	at	1162802 
1167699	[4896]	:	time Target is 1167699
1168640	[941]	:	Key	71	DOWN	at	1168640 
1173036	[4396]	:	time Target is 1173036
1173427	[391]	:	Key	71	DOWN	at	1173426 
1178377	[4950]	:	time Target is 1178377
1179059	[682]	:	Key	71	DOWN	at	1179059 
1183712	[4653]	:	time Target is 1183712
1184305	[593]	:	Key	71	DOWN	at	1184304 
1189049	[4744]	:	time Target is 1189049
1189443	[394]	:	Key	71	DOWN	at	1189443 
1194388	[4945]	:	time Target is 1194388
1199713	[5325]	:	time Target is 1199713
1200164	[451]	:	Key	71	DOWN	at	1200164 
1205059	[4895]	:	time Target is 1205059
1210379	[5320]	:	time Target is 1210379
1215700	[5321]	:	time Target is 1215700
1216000	[300]	:	Key	71	DOWN	at	1216000 
1221038	[5038]	:	time Target is 1221038
1221887	[849]	:	Key	71	DOWN	at	1221886 
1226381	[4494]	:	time Target is 1226381
1226868	[487]	:	Key	71	DOWN	at	1226868 
1231728	[4860]	:	time Target is 1231728
1232033	[305]	:	Key	71	DOWN	at	1232032 
1237067	[5034]	:	time Target is 1237067
1237392	[325]	:	Key	71	DOWN	at	1237391 
1242403	[5011]	:	time Target is 1242403
1242691	[288]	:	Key	71	DOWN	at	1242690 
1247738	[5047]	:	time Target is 1247738
1248338	[600]	:	Key	71	DOWN	at	1248337 
1253084	[4746]	:	time Target is 1253084
1253536	[452]	:	Key	71	DOWN	at	1253535 
1258411	[4875]	:	time Target is 1258411
1263734	[5323]	:	time Target is 1263734
1264052	[318]	:	Key	71	DOWN	at	1264051 
1269076	[5024]	:	time Target is 1269076
1269918	[842]	:	Key	71	DOWN	at	1269918 
1274409	[4491]	:	time Target is 1274409
1279732	[5323]	:	time Target is 1279732
1285052	[5320]	:	time Target is 1285052
1285344	[292]	:	Key	71	DOWN	at	1285344 
1289344	[4000]	:	Key	71	UP	at	1285491 
1291268	[1924]	:	Key	71	DOWN	at	1291267 
1291396	[128]	:	Key	71	UP	at	1291395 
1294624	[3228]	:	Key	71	DOWN	at	1294624 
1295414	[790]	:	Key	71	UP	at	1294721 
1295682	[268]	:	time Target is 1295682
1296192	[510]	:	Key	71	DOWN	at	1296190 
1301017	[4825]	:	time Target is 1301017
1301440	[423]	:	Key	71	DOWN	at	1301439 
1306358	[4918]	:	time Target is 1306358
1306831	[473]	:	Key	71	DOWN	at	1306831 
1311697	[4866]	:	time Target is 1311697
1312048	[351]	:	Key	71	DOWN	at	1312048 
1317031	[4983]	:	time Target is 1317031
1322357	[5326]	:	time Target is 1322357
1327680	[5323]	:	time Target is 1327680
1328052	[372]	:	Key	71	DOWN	at	1328051 
1333017	[4965]	:	time Target is 1333017
1338378	[5361]	:	time Target is 1338378
1343696	[5318]	:	time Target is 1343696
1344019	[323]	:	Key	71	DOWN	at	1344017 
1349032	[5013]	:	time Target is 1349032
1354358	[5326]	:	time Target is 1354358
1359683	[5325]	:	time Target is 1359683
1360067	[384]	:	Key	71	DOWN	at	1360066 
1365019	[4952]	:	time Target is 1365019
1370339	[5320]	:	time Target is 1370339
1370705	[366]	:	Key	71	DOWN	at	1370705 
1375674	[4969]	:	time Target is 1375674
1376319	[645]	:	Key	71	DOWN	at	1376319 
1381014	[4695]	:	time Target is 1381014
1381714	[700]	:	Key	71	DOWN	at	1381713 
1386354	[4640]	:	time Target is 1386354
1391671	[5317]	:	time Target is 1391671
1391968	[297]	:	Key	71	DOWN	at	1391967 
1397007	[5039]	:	time Target is 1397007
1402326	[5319]	:	time Target is 1402326
1403006	[680]	:	Key	71	DOWN	at	1403006 
1407660	[4654]	:	time Target is 1407660
1412990	[5330]	:	time Target is 1412990
1418314	[5324]	:	time Target is 1418314
1423633	[5319]	:	time Target is 1423633
1424403	[770]	:	Key	71	DOWN	at	1424403 
1428990	[4587]	:	time Target is 1428990
1434312	[5322]	:	time Target is 1434312
1434675	[363]	:	Key	71	DOWN	at	1434675 
1439649	[4974]	:	time Target is 1439649
1440195	[546]	:	Key	71	DOWN	at	1440194 
1444992	[4797]	:	time Target is 1444992
1445331	[339]	:	Key	71	DOWN	at	1445331 
1450330	[4999]	:	time Target is 1450330
1455652	[5322]	:	time Target is 1455652
1455922	[270]	:	Key	71	DOWN	at	1455922 
1460994	[5072]	:	time Target is 1460994
1466311	[5317]	:	time Target is 1466311
1471640	[5329]	:	time Target is 1471640
1472033	[393]	:	Key	71	DOWN	at	1472032 
1476986	[4953]	:	time Target is 1476986
1482307	[5321]	:	time Target is 1482307
1482644	[337]	:	Key	71	DOWN	at	1482644 
1487647	[5003]	:	time Target is 1487647
1492967	[5320]	:	time Target is 1492967
1493215	[248]	:	Key	71	DOWN	at	1493215 
1498301	[5086]	:	time Target is 1498301
1498611	[310]	:	Key	71	DOWN	at	1498611 
1503683	[5072]	:	time Target is 1503683
1504418	[735]	:	Key	71	DOWN	at	1504417 
1509017	[4599]	:	time Target is 1509017
1509712	[695]	:	Key	71	DOWN	at	1509711 
1514359	[4647]	:	time Target is 1514359
1514676	[317]	:	Key	71	DOWN	at	1514675 
1519699	[5023]	:	time Target is 1519699
1520500	[801]	:	Key	71	DOWN	at	1520500 
1525033	[4533]	:	time Target is 1525033
1525440	[407]	:	Key	71	DOWN	at	1525439 
1530380	[4940]	:	time Target is 1530380
1531872	[1492]	:	Key	71	DOWN	at	1531871 
1535718	[3846]	:	time Target is 1535718
1536035	[317]	:	Key	71	DOWN	at	1536035 
1541056	[5021]	:	time Target is 1541056
1546380	[5324]	:	time Target is 1546380
1546927	[547]	:	Key	71	DOWN	at	1546927 
1551720	[4793]	:	time Target is 1551720
1557039	[5319]	:	time Target is 1557039
1562380	[5341]	:	time Target is 1562380
1567700	[5320]	:	time Target is 1567700
1573019	[5319]	:	time Target is 1573019
1573441	[422]	:	Key	71	DOWN	at	1573441 
1578385	[4944]	:	time Target is 1578385
1583711	[5326]	:	time Target is 1583711
1589035	[5324]	:	time Target is 1589035
1594359	[5324]	:	time Target is 1594359
1599686	[5327]	:	time Target is 1599686
1605009	[5323]	:	time Target is 1605009
1605829	[820]	:	Key	71	DOWN	at	1605828 
1610343	[4514]	:	time Target is 1610343
1610785	[442]	:	Key	71	DOWN	at	1610785 
1615684	[4899]	:	time Target is 1615684
1621004	[5320]	:	time Target is 1621004
1626321	[5317]	:	time Target is 1626321
1631644	[5323]	:	time Target is 1631644
1632020	[376]	:	Key	71	DOWN	at	1632019 
1636986	[4966]	:	time Target is 1636986
1642312	[5326]	:	time Target is 1642312
1643025	[713]	:	Key	71	DOWN	at	1643025 
1647653	[4628]	:	time Target is 1647653
1652971	[5318]	:	time Target is 1652971
1658298	[5327]	:	time Target is 1658298
1658736	[438]	:	Key	71	DOWN	at	1658734 
1663637	[4901]	:	time Target is 1663637
1668959	[5322]	:	time Target is 1668959
1669710	[751]	:	Key	71	DOWN	at	1669710 
1674289	[4579]	:	time Target is 1674289
1679611	[5322]	:	time Target is 1679611
1680096	[485]	:	Key	71	DOWN	at	1680096 
1684950	[4854]	:	time Target is 1684950
1690271	[5321]	:	time Target is 1690271
1695585	[5314]	:	time Target is 1695585
1700917	[5332]	:	time Target is 1700917
1701231	[314]	:	Key	71	DOWN	at	1701231 
1706255	[5024]	:	time Target is 1706255
1706752	[497]	:	Key	71	DOWN	at	1706752 
1711592	[4840]	:	time Target is 1711592
1716913	[5321]	:	time Target is 1716913
1717236	[323]	:	Key	71	DOWN	at	1717235 
1722252	[5016]	:	time Target is 1722252
1722624	[372]	:	Key	71	DOWN	at	1722623 
1727590	[4966]	:	time Target is 1727590
1728369	[779]	:	Key	71	DOWN	at	1728368 
1732926	[4557]	:	time Target is 1732926
1733205	[279]	:	Key	71	DOWN	at	1733204 
1738262	[5057]	:	time Target is 1738262
1739524	[1262]	:	Key	71	DOWN	at	1739524 
1743601	[4077]	:	time Target is 1743601
1748922	[5321]	:	time Target is 1748922
1754244	[5322]	:	time Target is 1754244
1754799	[555]	:	Key	71	DOWN	at	1754799 
1759578	[4779]	:	time Target is 1759578
1759972	[394]	:	Key	71	DOWN	at	1759971 
1764919	[4947]	:	time Target is 1764919
1770240	[5321]	:	time Target is 1770240
1770610	[370]	:	Key	71	DOWN	at	1770610 
1774539	[3929]	:	Key	71	UP	at	1770753 
1775872	[1333]	:	Key	71	DOWN	at	1775872 
1776660	[788]	:	Key	71	UP	at	1776002 
1776927	[267]	:	time Target is 1776927
1777823	[896]	:	Key	71	DOWN	at	1777823 
1782264	[4441]	:	time Target is 1782264
1782660	[396]	:	Key	71	DOWN	at	1782659 
1787609	[4949]	:	time Target is 1787609
1792929	[5320]	:	time Target is 1792929
1793105	[176]	:	Key	71	DOWN	at	1793104 
1798286	[5181]	:	time Target is 1798286
1798787	[501]	:	Key	71	DOWN	at	1798787 
1803627	[4840]	:	time Target is 1803627
1804113	[486]	:	Key	71	DOWN	at	1804113 
1808958	[4845]	:	time Target is 1808958
1809856	[898]	:	Key	71	DOWN	at	1809855 
1814307	[4451]	:	time Target is 1814307
1814833	[526]	:	Key	71	DOWN	at	1814833 
1819645	[4812]	:	time Target is 1819645
1819824	[179]	:	Key	71	DOWN	at	1819824 
1824978	[5154]	:	time Target is 1824978
1825266	[288]	:	Key	71	DOWN	at	1825266 
1830316	[5050]	:	time Target is 1830316
1830817	[501]	:	Key	71	DOWN	at	1830816 
1835652	[4835]	:	time Target is 1835652
1836323	[671]	:	Key	71	DOWN	at	1836323 
1840985	[4662]	:	time Target is 1840985
1846063	[5078]	:	Key	71	DOWN	at	1845856 
1846064	[1]	:	Key	71	UP	at	1846003 
1848885	[2821]	:	time Target is 1848885
1849267	[382]	:	Key	71	DOWN	at	1849267 
1854219	[4952]	:	time Target is 1854219
1859548	[5329]	:	time Target is 1859548
1864916	[5368]	:	time Target is 1864916
1870238	[5322]	:	time Target is 1870238
1870655	[417]	:	Key	71	DOWN	at	1870654 
1875565	[4910]	:	time Target is 1875565
1880883	[5318]	:	time Target is 1880883
1886201	[5318]	:	time Target is 1886201
1891527	[5326]	:	time Target is 1891527
1896847	[5320]	:	time Target is 1896847
1902170	[5323]	:	time Target is 1902170
1907490	[5320]	:	time Target is 1907490
1912813	[5323]	:	time Target is 1912813
1913312	[499]	:	Key	71	DOWN	at	1913312 
1918158	[4846]	:	time Target is 1918158
1918643	[485]	:	Key	71	DOWN	at	1918642 
1923497	[4854]	:	time Target is 1923497
1928820	[5323]	:	time Target is 1928820
1934141	[5321]	:	time Target is 1934141
1939464	[5323]	:	time Target is 1939464
1944786	[5322]	:	time Target is 1944786
1950109	[5323]	:	time Target is 1950109
1950625	[516]	:	Key	71	DOWN	at	1950624 
1955451	[4826]	:	time Target is 1955451
1960781	[5330]	:	time Target is 1960781
1966112	[5331]	:	time Target is 1966112
1971429	[5317]	:	time Target is 1971429
1971569	[140]	:	Key	71	DOWN	at	1971569 
1976769	[5200]	:	time Target is 1976769
1977039	[270]	:	Key	71	DOWN	at	1977039 
1982107	[5068]	:	time Target is 1982107
1987430	[5323]	:	time Target is 1987430
1992757	[5327]	:	time Target is 1992757
1998081	[5324]	:	time Target is 1998081
2003415	[5334]	:	time Target is 2003415
2008739	[5324]	:	time Target is 2008739
2009329	[590]	:	Key	71	DOWN	at	2009329 
2014081	[4752]	:	time Target is 2014081
2014674	[593]	:	Key	71	DOWN	at	2014673 
2019412	[4738]	:	time Target is 2019412
2024741	[5329]	:	time Target is 2024741
2025600	[859]	:	Key	71	DOWN	at	2025599 
2030082	[4482]	:	time Target is 2030082
2035403	[5321]	:	time Target is 2035403
2040723	[5320]	:	time Target is 2040723
2046051	[5328]	:	time Target is 2046051
2051380	[5329]	:	time Target is 2051380
2056702	[5322]	:	time Target is 2056702
2062018	[5316]	:	time Target is 2062018
2067339	[5321]	:	time Target is 2067339
2067791	[452]	:	Key	71	DOWN	at	2067791 
2072667	[4876]	:	time Target is 2072667
2077992	[5325]	:	time Target is 2077992
2078466	[474]	:	Key	71	DOWN	at	2078465 
2083330	[4864]	:	time Target is 2083330
2083955	[625]	:	Key	71	DOWN	at	2083955 
2088677	[4722]	:	time Target is 2088677
2093998	[5321]	:	time Target is 2093998
2099329	[5331]	:	time Target is 2099329
2100148	[819]	:	Key	71	DOWN	at	2100147 
2104661	[4513]	:	time Target is 2104661
2104916	[255]	:	Key	71	DOWN	at	2104916 
2109988	[5072]	:	time Target is 2109988
2115339	[5351]	:	time Target is 2115339
2115956	[617]	:	Key	71	DOWN	at	2115956 
2120668	[4712]	:	time Target is 2120668
2125986	[5318]	:	time Target is 2125986
2131311	[5325]	:	time Target is 2131311
2136631	[5320]	:	time Target is 2136631
2141956	[5325]	:	time Target is 2141956
2147277	[5321]	:	time Target is 2147277
2147633	[356]	:	Key	71	DOWN	at	2147632 
2152613	[4980]	:	time Target is 2152613
2152880	[267]	:	Key	71	DOWN	at	2152878 
2157950	[5070]	:	time Target is 2157950
2158501	[551]	:	Key	71	DOWN	at	2158500 
2163296	[4795]	:	time Target is 2163296
2163667	[371]	:	Key	71	DOWN	at	2163667 
2168635	[4968]	:	time Target is 2168635
2169314	[679]	:	Key	71	DOWN	at	2169313 
2173971	[4657]	:	time Target is 2173971
2179298	[5327]	:	time Target is 2179298
2184633	[5335]	:	time Target is 2184633
2189950	[5317]	:	time Target is 2189950
2190065	[115]	:	Key	71	DOWN	at	2190064 
2195288	[5223]	:	time Target is 2195288
2200613	[5325]	:	time Target is 2200613
2201057	[444]	:	Key	71	DOWN	at	2201057 
2205948	[4891]	:	time Target is 2205948
2206275	[327]	:	Key	71	DOWN	at	2206275 
2211298	[5023]	:	time Target is 2211298
2211860	[562]	:	Key	71	DOWN	at	2211859 
2216641	[4781]	:	time Target is 2216641
2216979	[338]	:	Key	71	DOWN	at	2216979 
2221979	[5000]	:	time Target is 2221979
2222305	[326]	:	Key	71	DOWN	at	2222304 
2227326	[5021]	:	time Target is 2227326
2227632	[306]	:	Key	71	DOWN	at	2227632 
2232665	[5033]	:	time Target is 2232665
2237981	[5316]	:	time Target is 2237981
2243307	[5326]	:	time Target is 2243307
2244020	[713]	:	Key	71	DOWN	at	2244020 
2248642	[4622]	:	time Target is 2248642
2255156	[6514]	:	Key	71	DOWN	at	2255156 
2255251	[95]	:	Key	71	UP	at	2255250 
2266049	[10798]	:	Key	28	DOWN	at	2266049 
2266132	[83]	:	Key	28	UP	at	2266132 
2271775	[5643]	:	Key	28	DOWN	at	2271775 
2271875	[100]	:	Key	28	UP	at	2271875 
2279680	[7805]	:	Key	28	DOWN	at	2279679 
2279775	[95]	:	Key	28	UP	at	2279775 
2283439	[3664]	:	Key	28	DOWN	at	2283439 
2283491	[52]	:	Key	28	UP	at	2283491 
2285970	[2479]	:	Key	29	DOWN	at	2285968 
2286068	[98]	:	Key	29	UP	at	2286068 
2288609	[2541]	:	Key	29	DOWN	at	2288609 
2288691	[82]	:	Key	29	UP	at	2288691 
2295923	[7232]	:	Key	28	DOWN	at	2295922 
2296019	[96]	:	Key	28	UP	at	2296019 
2297460	[1441]	:	Key	28	DOWN	at	2297459 
2297552	[92]	:	Key	28	UP	at	2297552 
2302096	[4544]	:	Key	28	DOWN	at	2302095 
2302176	[80]	:	Key	28	UP	at	2302176 
2303682	[1506]	:	Key	28	DOWN	at	2303682 
2303781	[99]	:	Key	28	UP	at	2303780 
2310322	[6541]	:	Key	29	DOWN	at	2310321 
2310431	[109]	:	Key	29	UP	at	2310431 
2315922	[5491]	:	Key	28	DOWN	at	2315921 
2316002	[80]	:	Key	28	UP	at	2316001 
2319377	[3375]	:	Key	29	DOWN	at	2319377 
2319520	[143]	:	Key	29	UP	at	2319520 
2323938	[4418]	:	Key	29	DOWN	at	2323938 
2324020	[82]	:	Key	29	UP	at	2324020 
2327605	[3585]	:	Key	29	DOWN	at	2327604 
2327716	[111]	:	Key	29	UP	at	2327715 
2330096	[2380]	:	Key	29	DOWN	at	2330096 
2330172	[76]	:	COGENT STOP
