Cog2000 log file Sun Nov 17 15:34:14 2019
gprim v1.33 Compiled:Aug 12 2015 (GLib DirectDraw v7 DX12.0 Compiled:Aug 12 2015)
Display:1024x768x32 59.95Hz
Attaching C:\Program Files\Cogent2000v1.33\Toolbox\CogInput.mexw64
CogInput v1.05 Compiled: May 20 2010
7	[7]	:	COGENT START
7399	[7392]	:	Key	71	DOWN	at	7393    
7476	[77]	:	Key	71	UP	at	7475    
24404	[16928]	:	Key	71	DOWN	at	24403   
24499	[95]	:	Key	71	UP	at	24497   
29301	[4802]	:	Key	71	DOWN	at	29298   
29364	[63]	:	Key	71	UP	at	29363   
39860	[10496]	:	Key	71	DOWN	at	39860   
39925	[65]	:	Key	71	UP	at	39924   
54657	[14732]	:	Key	71	DOWN	at	54656   
54720	[63]	:	Key	71	UP	at	54720   
72911	[18191]	:	Key	71	DOWN	at	72911   
73814	[903]	:	time Target is 73796
74451	[637]	:	Key	71	DOWN	at	74451   
79924	[5473]	:	time Target is 79923
80449	[525]	:	Key	71	DOWN	at	80449   
86029	[5580]	:	time Target is 86028
86368	[339]	:	Key	71	DOWN	at	86368   
92151	[5783]	:	time Target is 92150
93265	[1114]	:	Key	71	DOWN	at	93264   
103761	[10496]	:	Key	71	DOWN	at	103761  
104838	[1077]	:	time Target is 104833
111172	[6334]	:	time Target is 111172
117497	[6325]	:	time Target is 117497
123849	[6352]	:	time Target is 123848
143407	[19558]	:	Key	71	DOWN	at	143407  
143461	[54]	:	Key	71	UP	at	143460  
148293	[4832]	:	Key	71	DOWN	at	148293  
148386	[93]	:	Key	71	UP	at	148385  
154595	[6209]	:	Key	71	DOWN	at	154595  
154673	[78]	:	Key	71	UP	at	154672  
163906	[9233]	:	Key	71	DOWN	at	163906  
164035	[129]	:	Key	71	UP	at	164034  
166451	[2416]	:	Key	71	DOWN	at	166450  
167272	[821]	:	Key	71	UP	at	166596  
167300	[28]	:	time Target is 167300
168064	[764]	:	Key	71	DOWN	at	168064  
172395	[4331]	:	time Target is 172395
173154	[759]	:	Key	71	DOWN	at	173153  
177504	[4350]	:	time Target is 177504
177953	[449]	:	Key	71	DOWN	at	177953  
182604	[4651]	:	time Target is 182604
182864	[260]	:	Key	71	DOWN	at	182864  
187708	[4844]	:	time Target is 187707
188208	[500]	:	Key	71	DOWN	at	188208  
192067	[3859]	:	Key	71	UP	at	188292  
197237	[5170]	:	Key	71	DOWN	at	197236  
198023	[786]	:	Key	71	UP	at	197381  
198048	[25]	:	time Target is 198048
210899	[12851]	:	Key	71	DOWN	at	210899  
210980	[81]	:	Key	71	UP	at	210980  
215028	[4048]	:	Key	71	DOWN	at	215028  
215814	[786]	:	Key	71	UP	at	215138  
215835	[21]	:	time Target is 215835
216833	[998]	:	Key	71	DOWN	at	216833  
220923	[4090]	:	time Target is 220922
225993	[5070]	:	time Target is 225992
226479	[486]	:	Key	71	DOWN	at	226479  
231084	[4605]	:	time Target is 231084
231525	[441]	:	Key	71	DOWN	at	231524  
235388	[3863]	:	Key	71	UP	at	231604  
254832	[19444]	:	Key	71	DOWN	at	254832  
254914	[82]	:	Key	71	UP	at	254914  
260690	[5776]	:	Key	71	DOWN	at	260689  
261481	[791]	:	Key	71	UP	at	260769  
261504	[23]	:	time Target is 261503
266582	[5078]	:	time Target is 266582
271661	[5079]	:	time Target is 271660
272035	[374]	:	Key	71	DOWN	at	272034  
276748	[4713]	:	time Target is 276747
277428	[680]	:	Key	71	DOWN	at	277428  
281045	[3617]	:	Key	71	UP	at	277522  
295427	[14382]	:	Key	71	DOWN	at	295427  
295520	[93]	:	Key	71	UP	at	295520  
298741	[3221]	:	Key	71	DOWN	at	298740  
299530	[789]	:	Key	71	UP	at	298819  
299554	[24]	:	time Target is 299554
304612	[5058]	:	Key	71	DOWN	at	304451  
304612	[0]	:	Key	71	UP	at	304563  
307175	[2563]	:	time Target is 307175
307620	[445]	:	Key	71	DOWN	at	307620  
312264	[4644]	:	time Target is 312264
323711	[11447]	:	Key	71	DOWN	at	323711  
323777	[66]	:	Key	71	UP	at	323777  
339183	[15406]	:	Key	71	DOWN	at	339183  
339284	[101]	:	Key	71	UP	at	339284  
356897	[17613]	:	Key	71	DOWN	at	356897  
356961	[64]	:	Key	71	UP	at	356961  
369680	[12719]	:	Key	71	DOWN	at	369679  
369780	[100]	:	Key	71	UP	at	369779  
372724	[2944]	:	Key	71	DOWN	at	372724  
375309	[2585]	:	time Target is 375309
375811	[502]	:	Key	71	DOWN	at	375811  
380653	[4842]	:	time Target is 380653
385981	[5328]	:	time Target is 385981
391370	[5389]	:	time Target is 391370
392274	[904]	:	Key	71	DOWN	at	392274  
396720	[4446]	:	time Target is 396719
397330	[610]	:	Key	71	DOWN	at	397330  
402062	[4732]	:	time Target is 402062
407389	[5327]	:	time Target is 407389
412710	[5321]	:	time Target is 412710
413203	[493]	:	Key	71	DOWN	at	413201  
418051	[4848]	:	time Target is 418051
423374	[5323]	:	time Target is 423374
428698	[5324]	:	time Target is 428698
429139	[441]	:	Key	71	DOWN	at	429138  
434032	[4893]	:	time Target is 434032
434529	[497]	:	Key	71	DOWN	at	434529  
439374	[4845]	:	time Target is 439374
444714	[5340]	:	time Target is 444714
445585	[871]	:	Key	71	DOWN	at	445585  
450042	[4457]	:	time Target is 450042
450530	[488]	:	Key	71	DOWN	at	450530  
455376	[4846]	:	time Target is 455376
455810	[434]	:	Key	71	DOWN	at	455810  
460743	[4933]	:	time Target is 460743
461215	[472]	:	Key	71	DOWN	at	461215  
466079	[4864]	:	time Target is 466079
471400	[5321]	:	time Target is 471400
476714	[5314]	:	Key	71	DOWN	at	476624  
479521	[2807]	:	Key	71	DOWN	at	479407  
479521	[0]	:	Key	71	UP	at	479442  
482334	[2813]	:	time Target is 482334
482916	[582]	:	Key	71	DOWN	at	482915  
487672	[4756]	:	time Target is 487672
488483	[811]	:	Key	71	DOWN	at	488482  
492998	[4515]	:	time Target is 492998
493874	[876]	:	Key	71	DOWN	at	493874  
498335	[4461]	:	time Target is 498335
499426	[1091]	:	Key	71	DOWN	at	499426  
503663	[4237]	:	time Target is 503663
504178	[515]	:	Key	71	DOWN	at	504177  
509003	[4825]	:	time Target is 509003
509730	[727]	:	Key	71	DOWN	at	509730  
514340	[4610]	:	time Target is 514340
515057	[717]	:	Key	71	DOWN	at	515057  
519696	[4639]	:	time Target is 519696
525015	[5319]	:	time Target is 525015
525473	[458]	:	Key	71	DOWN	at	525472  
530354	[4881]	:	time Target is 530354
530787	[433]	:	Key	71	DOWN	at	530786  
535694	[4907]	:	time Target is 535694
536161	[467]	:	Key	71	DOWN	at	536160  
541027	[4866]	:	time Target is 541027
541458	[431]	:	Key	71	DOWN	at	541457  
546362	[4904]	:	time Target is 546362
546932	[570]	:	Key	71	DOWN	at	546931  
551701	[4769]	:	time Target is 551701
552500	[799]	:	Key	71	DOWN	at	552500  
557034	[4534]	:	time Target is 557034
557584	[550]	:	Key	71	DOWN	at	557584  
562366	[4782]	:	time Target is 562366
562894	[528]	:	Key	71	DOWN	at	562894  
567703	[4809]	:	time Target is 567703
573026	[5323]	:	time Target is 573026
573572	[546]	:	Key	71	DOWN	at	573571  
578367	[4795]	:	time Target is 578367
578722	[355]	:	Key	71	DOWN	at	578722  
583700	[4978]	:	time Target is 583700
584050	[350]	:	Key	71	DOWN	at	584050  
589042	[4992]	:	time Target is 589042
589506	[464]	:	Key	71	DOWN	at	589506  
594380	[4874]	:	time Target is 594380
594896	[516]	:	Key	71	DOWN	at	594895  
599732	[4836]	:	time Target is 599732
600308	[576]	:	Key	71	DOWN	at	600307  
605068	[4760]	:	time Target is 605068
610391	[5323]	:	time Target is 610391
615710	[5319]	:	time Target is 615710
616130	[420]	:	Key	71	DOWN	at	616130  
621045	[4915]	:	time Target is 621045
622143	[1098]	:	Key	71	DOWN	at	622143  
626381	[4238]	:	time Target is 626381
631702	[5321]	:	time Target is 631702
637019	[5317]	:	time Target is 637019
642338	[5319]	:	time Target is 642338
647663	[5325]	:	time Target is 647663
652985	[5322]	:	time Target is 652985
653539	[554]	:	Key	71	DOWN	at	653539  
658322	[4783]	:	time Target is 658322
658788	[466]	:	Key	71	DOWN	at	658787  
663671	[4883]	:	time Target is 663671
664143	[472]	:	Key	71	DOWN	at	664142  
669013	[4870]	:	time Target is 669013
674346	[5333]	:	time Target is 674346
674803	[457]	:	Key	71	DOWN	at	674801  
679679	[4876]	:	time Target is 679679
684998	[5319]	:	time Target is 684998
685570	[572]	:	Key	71	DOWN	at	685570  
690333	[4763]	:	time Target is 690333
690817	[484]	:	Key	71	DOWN	at	690816  
695670	[4853]	:	time Target is 695670
696111	[441]	:	Key	71	DOWN	at	696110  
701016	[4905]	:	time Target is 701016
701472	[456]	:	Key	71	DOWN	at	701471  
706392	[4920]	:	time Target is 706392
707059	[667]	:	Key	71	DOWN	at	707058  
711731	[4672]	:	time Target is 711731
712447	[716]	:	Key	71	DOWN	at	712447  
717071	[4624]	:	time Target is 717071
717503	[432]	:	Key	71	DOWN	at	717502  
722412	[4909]	:	time Target is 722412
722978	[566]	:	Key	71	DOWN	at	722978  
727754	[4776]	:	time Target is 727754
728179	[425]	:	Key	71	DOWN	at	728178  
733099	[4920]	:	time Target is 733099
733508	[409]	:	Key	71	DOWN	at	733507  
738437	[4929]	:	time Target is 738437
738963	[526]	:	Key	71	DOWN	at	738963  
743775	[4812]	:	time Target is 743775
744607	[832]	:	Key	71	DOWN	at	744606  
749106	[4499]	:	time Target is 749106
754450	[5344]	:	time Target is 754450
755007	[557]	:	Key	71	DOWN	at	755006  
759791	[4784]	:	time Target is 759791
760658	[867]	:	Key	71	DOWN	at	760658  
765124	[4466]	:	time Target is 765124
765630	[506]	:	Key	71	DOWN	at	765630  
770461	[4831]	:	time Target is 770461
775794	[5333]	:	time Target is 775794
776306	[512]	:	Key	71	DOWN	at	776305  
781130	[4824]	:	time Target is 781130
781550	[420]	:	Key	71	DOWN	at	781550  
786470	[4920]	:	time Target is 786470
787376	[906]	:	Key	71	DOWN	at	787375  
791808	[4432]	:	time Target is 791808
792243	[435]	:	Key	71	DOWN	at	792243  
797146	[4903]	:	time Target is 797146
802466	[5320]	:	time Target is 802466
803039	[573]	:	Key	71	DOWN	at	803038  
807803	[4764]	:	time Target is 807803
808511	[708]	:	Key	71	DOWN	at	808511  
813141	[4630]	:	time Target is 813141
813748	[607]	:	Key	71	DOWN	at	813747  
818479	[4731]	:	time Target is 818479
819120	[641]	:	Key	71	DOWN	at	819119  
823819	[4699]	:	time Target is 823819
824238	[419]	:	Key	71	DOWN	at	824238  
829147	[4909]	:	time Target is 829147
830001	[854]	:	Key	71	DOWN	at	830000  
834482	[4481]	:	time Target is 834482
834963	[481]	:	Key	71	DOWN	at	834962  
839815	[4852]	:	time Target is 839815
840305	[490]	:	Key	71	DOWN	at	840305  
845152	[4847]	:	time Target is 845152
845998	[846]	:	Key	71	DOWN	at	845998  
849454	[3456]	:	Key	71	UP	at	846096  
859664	[10210]	:	Key	71	DOWN	at	859663  
860459	[795]	:	Key	71	UP	at	859794  
860729	[270]	:	time Target is 860729
861616	[887]	:	Key	71	DOWN	at	861615  
866067	[4451]	:	time Target is 866067
866690	[623]	:	Key	71	DOWN	at	866690  
871405	[4715]	:	time Target is 871405
871792	[387]	:	Key	71	DOWN	at	871792  
876744	[4952]	:	time Target is 876744
877138	[394]	:	Key	71	DOWN	at	877138  
882078	[4940]	:	time Target is 882078
882834	[756]	:	Key	71	DOWN	at	882834  
887415	[4581]	:	time Target is 887415
892741	[5326]	:	time Target is 892741
893458	[717]	:	Key	71	DOWN	at	893458  
898092	[4634]	:	time Target is 898092
903415	[5323]	:	time Target is 903415
903855	[440]	:	Key	71	DOWN	at	903854  
908753	[4898]	:	time Target is 908753
909151	[398]	:	Key	71	DOWN	at	909150  
914089	[4938]	:	time Target is 914089
914643	[554]	:	Key	71	DOWN	at	914643  
919431	[4788]	:	time Target is 919431
920098	[667]	:	Key	71	DOWN	at	920097  
924771	[4673]	:	time Target is 924771
925265	[494]	:	Key	71	DOWN	at	925265  
930106	[4841]	:	time Target is 930106
935430	[5324]	:	time Target is 935430
935827	[397]	:	Key	71	DOWN	at	935826  
940766	[4939]	:	time Target is 940766
946091	[5325]	:	time Target is 946091
946671	[580]	:	Key	71	DOWN	at	946670  
951427	[4756]	:	time Target is 951427
951955	[528]	:	Key	71	DOWN	at	951954  
956759	[4804]	:	time Target is 956759
957218	[459]	:	Key	71	DOWN	at	957217  
962095	[4877]	:	time Target is 962095
962578	[483]	:	Key	71	DOWN	at	962578  
967430	[4852]	:	time Target is 967430
967872	[442]	:	Key	71	DOWN	at	967872  
972769	[4897]	:	time Target is 972769
973344	[575]	:	Key	71	DOWN	at	973344  
978103	[4759]	:	time Target is 978103
978591	[488]	:	Key	71	DOWN	at	978590  
983431	[4840]	:	time Target is 983431
983776	[345]	:	Key	71	DOWN	at	983775  
988771	[4995]	:	time Target is 988771
989279	[508]	:	Key	71	DOWN	at	989278  
994108	[4829]	:	time Target is 994108
999426	[5318]	:	time Target is 999426
1004747	[5321]	:	time Target is 1004747
1005423	[676]	:	Key	71	DOWN	at	1005423 
1010083	[4660]	:	time Target is 1010083
1010495	[412]	:	Key	71	DOWN	at	1010494 
1015421	[4926]	:	time Target is 1015421
1015777	[356]	:	Key	71	DOWN	at	1015776 
1020761	[4984]	:	time Target is 1020761
1021072	[311]	:	Key	71	DOWN	at	1021072 
1026101	[5029]	:	time Target is 1026101
1026674	[573]	:	Key	71	DOWN	at	1026674 
1031442	[4768]	:	time Target is 1031442
1031826	[384]	:	Key	71	DOWN	at	1031825 
1036778	[4952]	:	time Target is 1036778
1037252	[474]	:	Key	71	DOWN	at	1037251 
1042119	[4867]	:	time Target is 1042119
1042430	[311]	:	Key	71	DOWN	at	1042430 
1047449	[5019]	:	time Target is 1047449
1047760	[311]	:	Key	71	DOWN	at	1047759 
1052791	[5031]	:	time Target is 1052791
1053199	[408]	:	Key	71	DOWN	at	1053199 
1058125	[4926]	:	time Target is 1058125
1058192	[67]	:	Key	71	DOWN	at	1058191 
1063461	[5269]	:	time Target is 1063461
1063774	[313]	:	Key	71	DOWN	at	1063774 
1068789	[5015]	:	time Target is 1068789
1074110	[5321]	:	time Target is 1074110
1074464	[354]	:	Key	71	DOWN	at	1074464 
1079446	[4982]	:	time Target is 1079446
1079903	[457]	:	Key	71	DOWN	at	1079903 
1084778	[4875]	:	time Target is 1084778
1090101	[5323]	:	time Target is 1090101
1095428	[5327]	:	time Target is 1095428
1095968	[540]	:	Key	71	DOWN	at	1095968 
1100763	[4795]	:	time Target is 1100763
1101169	[406]	:	Key	71	DOWN	at	1101169 
1106094	[4925]	:	time Target is 1106094
1111418	[5324]	:	time Target is 1111418
1116740	[5322]	:	time Target is 1116740
1122061	[5321]	:	time Target is 1122061
1127388	[5327]	:	time Target is 1127388
1132748	[5360]	:	time Target is 1132748
1133199	[451]	:	Key	71	DOWN	at	1133199 
1138084	[4885]	:	time Target is 1138084
1138670	[586]	:	Key	71	DOWN	at	1138670 
1143421	[4751]	:	time Target is 1143421
1143713	[292]	:	Key	71	DOWN	at	1143712 
1148758	[5045]	:	time Target is 1148758
1149119	[361]	:	Key	71	DOWN	at	1149119 
1154096	[4977]	:	time Target is 1154096
1154591	[495]	:	Key	71	DOWN	at	1154590 
1159435	[4844]	:	time Target is 1159435
1159841	[406]	:	Key	71	DOWN	at	1159841 
1164776	[4935]	:	time Target is 1164776
1165154	[378]	:	Key	71	DOWN	at	1165154 
1170122	[4968]	:	time Target is 1170122
1170783	[661]	:	Key	71	DOWN	at	1170782 
1175462	[4679]	:	time Target is 1175462
1180781	[5319]	:	time Target is 1180781
1186103	[5322]	:	time Target is 1186103
1186513	[410]	:	Key	71	DOWN	at	1186513 
1191496	[4983]	:	time Target is 1191496
1196815	[5319]	:	time Target is 1196815
1197234	[419]	:	Key	71	DOWN	at	1197233 
1202164	[4930]	:	time Target is 1202164
1202479	[315]	:	Key	71	DOWN	at	1202479 
1207503	[5024]	:	time Target is 1207503
1212823	[5320]	:	time Target is 1212823
1218145	[5322]	:	time Target is 1218145
1218687	[542]	:	Key	71	DOWN	at	1218686 
1223490	[4803]	:	time Target is 1223490
1223919	[429]	:	Key	71	DOWN	at	1223918 
1228826	[4907]	:	time Target is 1228826
1234146	[5320]	:	time Target is 1234146
1234493	[347]	:	Key	71	DOWN	at	1234493 
1239479	[4986]	:	time Target is 1239479
1240035	[556]	:	Key	71	DOWN	at	1240035 
1244815	[4780]	:	time Target is 1244815
1245442	[627]	:	Key	71	DOWN	at	1245441 
1250156	[4714]	:	time Target is 1250156
1250497	[341]	:	Key	71	DOWN	at	1250497 
1255497	[5000]	:	time Target is 1255497
1255922	[425]	:	Key	71	DOWN	at	1255921 
1260836	[4914]	:	time Target is 1260836
1261377	[541]	:	Key	71	DOWN	at	1261377 
1266202	[4825]	:	time Target is 1266202
1267105	[903]	:	Key	71	DOWN	at	1267105 
1271536	[4431]	:	time Target is 1271536
1272529	[993]	:	Key	71	DOWN	at	1272529 
1276868	[4339]	:	time Target is 1276868
1277327	[459]	:	Key	71	DOWN	at	1277326 
1282207	[4880]	:	time Target is 1282207
1282881	[674]	:	Key	71	DOWN	at	1282880 
1287553	[4672]	:	time Target is 1287553
1288129	[576]	:	Key	71	DOWN	at	1288128 
1292620	[4491]	:	Key	71	DOWN	at	1292464 
1292621	[1]	:	Key	71	UP	at	1292558 
1295438	[2817]	:	time Target is 1295438
1296142	[704]	:	Key	71	DOWN	at	1296142 
1300776	[4634]	:	time Target is 1300776
1301167	[391]	:	Key	71	DOWN	at	1301167 
1306113	[4946]	:	time Target is 1306113
1311437	[5324]	:	time Target is 1311437
1311777	[340]	:	Key	71	DOWN	at	1311777 
1316772	[4995]	:	time Target is 1316772
1317374	[602]	:	Key	71	DOWN	at	1317374 
1322109	[4735]	:	time Target is 1322109
1322814	[705]	:	Key	71	DOWN	at	1322813 
1327446	[4632]	:	time Target is 1327446
1328030	[584]	:	Key	71	DOWN	at	1328030 
1332793	[4763]	:	time Target is 1332793
1333471	[678]	:	Key	71	DOWN	at	1333471 
1337117	[3646]	:	Key	71	UP	at	1333567 
1349134	[12017]	:	Key	71	DOWN	at	1349133 
1349215	[81]	:	Key	71	UP	at	1349215 
1356385	[7170]	:	Key	71	DOWN	at	1356384 
1357172	[787]	:	Key	71	UP	at	1356527 
1357442	[270]	:	time Target is 1357442
1357952	[510]	:	Key	71	DOWN	at	1357952 
1362780	[4828]	:	time Target is 1362780
1363647	[867]	:	Key	71	DOWN	at	1363646 
1368116	[4469]	:	time Target is 1368116
1368754	[638]	:	Key	71	DOWN	at	1368753 
1373447	[4693]	:	time Target is 1373447
1373904	[457]	:	Key	71	DOWN	at	1373904 
1378784	[4880]	:	time Target is 1378784
1379152	[368]	:	Key	71	DOWN	at	1379151 
1384122	[4970]	:	time Target is 1384122
1384927	[805]	:	Key	71	DOWN	at	1384927 
1389457	[4530]	:	time Target is 1389457
1389809	[352]	:	Key	71	DOWN	at	1389809 
1394789	[4980]	:	time Target is 1394789
1395279	[490]	:	Key	71	DOWN	at	1395279 
1400123	[4844]	:	time Target is 1400123
1400670	[547]	:	Key	71	DOWN	at	1400669 
1405482	[4812]	:	time Target is 1405482
1405890	[408]	:	Key	71	DOWN	at	1405890 
1410822	[4932]	:	time Target is 1410822
1416142	[5320]	:	time Target is 1416142
1416610	[468]	:	Key	71	DOWN	at	1416609 
1421481	[4871]	:	time Target is 1421481
1422063	[582]	:	Key	71	DOWN	at	1422063 
1426822	[4759]	:	time Target is 1426822
1427791	[969]	:	Key	71	DOWN	at	1427790 
1432156	[4365]	:	time Target is 1432156
1437475	[5319]	:	time Target is 1437475
1442799	[5324]	:	time Target is 1442799
1448125	[5326]	:	time Target is 1448125
1453469	[5344]	:	time Target is 1453469
1453857	[388]	:	Key	71	DOWN	at	1453856 
1458804	[4947]	:	time Target is 1458804
1459297	[493]	:	Key	71	DOWN	at	1459297 
1464142	[4845]	:	time Target is 1464142
1464606	[464]	:	Key	71	DOWN	at	1464606 
1469469	[4863]	:	time Target is 1469469
1470290	[821]	:	Key	71	DOWN	at	1470289 
1474812	[4522]	:	time Target is 1474812
1475248	[436]	:	Key	71	DOWN	at	1475248 
1480146	[4898]	:	time Target is 1480146
1485459	[5313]	:	time Target is 1485459
1490776	[5317]	:	time Target is 1490776
1496097	[5321]	:	time Target is 1496097
1501423	[5326]	:	time Target is 1501423
1501951	[528]	:	Key	71	DOWN	at	1501951 
1506762	[4811]	:	time Target is 1506762
1512084	[5322]	:	time Target is 1512084
1517414	[5330]	:	time Target is 1517414
1522797	[5383]	:	time Target is 1522797
1528119	[5322]	:	time Target is 1528119
1528782	[663]	:	Key	71	DOWN	at	1528781 
1533451	[4669]	:	time Target is 1533451
1538775	[5324]	:	time Target is 1538775
1539470	[695]	:	Key	71	DOWN	at	1539469 
1544119	[4649]	:	time Target is 1544119
1549179	[5060]	:	Key	71	DOWN	at	1549103 
1551999	[2820]	:	time Target is 1551999
1557323	[5324]	:	time Target is 1557323
1557936	[613]	:	Key	71	DOWN	at	1557936 
1562653	[4717]	:	time Target is 1562653
1567974	[5321]	:	time Target is 1567974
1573295	[5321]	:	time Target is 1573295
1578619	[5324]	:	time Target is 1578619
1583942	[5323]	:	time Target is 1583942
1589264	[5322]	:	time Target is 1589264
1594588	[5324]	:	time Target is 1594588
1599910	[5322]	:	time Target is 1599910
1605231	[5321]	:	time Target is 1605231
1610285	[5054]	:	Key	71	DOWN	at	1609997 
1610286	[1]	:	Key	71	UP	at	1610078 
1613106	[2820]	:	time Target is 1613106
1618429	[5323]	:	time Target is 1618429
1618962	[533]	:	Key	71	DOWN	at	1618961 
1623759	[4797]	:	time Target is 1623759
1624160	[401]	:	Key	71	DOWN	at	1624160 
1629095	[4935]	:	time Target is 1629095
1634424	[5329]	:	time Target is 1634424
1639743	[5319]	:	time Target is 1639743
1640160	[417]	:	Key	71	DOWN	at	1640159 
1645086	[4926]	:	time Target is 1645086
1650415	[5329]	:	time Target is 1650415
1655743	[5328]	:	time Target is 1655743
1656301	[558]	:	Key	71	DOWN	at	1656301 
1661076	[4775]	:	time Target is 1661076
1666403	[5327]	:	time Target is 1666403
1671726	[5323]	:	time Target is 1671726
1672269	[543]	:	Key	71	DOWN	at	1672268 
1677056	[4787]	:	time Target is 1677056
1677454	[398]	:	Key	71	DOWN	at	1677454 
1682391	[4937]	:	time Target is 1682391
1687450	[5059]	:	Key	71	DOWN	at	1687295 
1687451	[1]	:	Key	71	UP	at	1687376 
1690268	[2817]	:	time Target is 1690268
1695706	[5438]	:	time Target is 1695706
1701027	[5321]	:	time Target is 1701027
1701725	[698]	:	Key	71	DOWN	at	1701725 
1706360	[4635]	:	time Target is 1706360
1707825	[1465]	:	Key	71	DOWN	at	1707825 
1711695	[3870]	:	time Target is 1711695
1717021	[5326]	:	time Target is 1717021
1717393	[372]	:	Key	71	DOWN	at	1717393 
1722351	[4958]	:	time Target is 1722351
1727669	[5318]	:	time Target is 1727669
1732998	[5329]	:	time Target is 1732998
1733726	[728]	:	Key	71	DOWN	at	1733725 
1738354	[4628]	:	time Target is 1738354
1738846	[492]	:	Key	71	DOWN	at	1738845 
1743691	[4845]	:	time Target is 1743691
1749012	[5321]	:	time Target is 1749012
1749390	[378]	:	Key	71	DOWN	at	1749389 
1754363	[4973]	:	time Target is 1754363
1759685	[5322]	:	time Target is 1759685
1765016	[5331]	:	time Target is 1765016
1765486	[470]	:	Key	71	DOWN	at	1765485 
1770376	[4890]	:	time Target is 1770376
1770973	[597]	:	Key	71	DOWN	at	1770973 
1775745	[4772]	:	time Target is 1775745
1776097	[352]	:	Key	71	DOWN	at	1776096 
1781080	[4983]	:	time Target is 1781080
1786404	[5324]	:	time Target is 1786404
1786800	[396]	:	Key	71	DOWN	at	1786799 
1791743	[4943]	:	time Target is 1791743
1792049	[306]	:	Key	71	DOWN	at	1792049 
1797078	[5029]	:	time Target is 1797078
1802403	[5325]	:	time Target is 1802403
1807724	[5321]	:	time Target is 1807724
1813065	[5341]	:	time Target is 1813065
1813534	[469]	:	Key	71	DOWN	at	1813533 
1818403	[4869]	:	time Target is 1818403
1818736	[333]	:	Key	71	DOWN	at	1818735 
1823737	[5001]	:	time Target is 1823737
1843437	[19700]	:	Key	71	DOWN	at	1843437 
1844226	[789]	:	Key	71	UP	at	1843532 
1844495	[269]	:	time Target is 1844495
1849816	[5321]	:	time Target is 1849816
1855170	[5354]	:	time Target is 1855170
1860490	[5320]	:	time Target is 1860490
1865813	[5323]	:	time Target is 1865813
1866498	[685]	:	Key	71	DOWN	at	1866497 
1871152	[4654]	:	time Target is 1871152
1871758	[606]	:	Key	71	DOWN	at	1871757 
1876487	[4729]	:	time Target is 1876487
1881809	[5322]	:	time Target is 1881809
1882832	[1023]	:	Key	71	DOWN	at	1882832 
1887148	[4316]	:	time Target is 1887148
1892468	[5320]	:	time Target is 1892468
1892844	[376]	:	Key	71	DOWN	at	1892844 
1897806	[4962]	:	time Target is 1897806
1903131	[5325]	:	time Target is 1903131
1903630	[499]	:	Key	71	DOWN	at	1903630 
1908468	[4838]	:	time Target is 1908468
1909313	[845]	:	Key	71	DOWN	at	1909313 
1913804	[4491]	:	time Target is 1913804
1919128	[5324]	:	time Target is 1919128
1919856	[728]	:	Key	71	DOWN	at	1919856 
1924466	[4610]	:	time Target is 1924466
1924833	[367]	:	Key	71	DOWN	at	1924832 
1929802	[4969]	:	time Target is 1929802
1930258	[456]	:	Key	71	DOWN	at	1930257 
1935140	[4882]	:	time Target is 1935140
1940471	[5331]	:	time Target is 1940471
1945790	[5319]	:	time Target is 1945790
1951112	[5322]	:	time Target is 1951112
1951968	[856]	:	Key	71	DOWN	at	1951968 
1956451	[4483]	:	time Target is 1956451
1956878	[427]	:	Key	71	DOWN	at	1956877 
1961791	[4913]	:	time Target is 1961791
1967107	[5316]	:	time Target is 1967107
1967600	[493]	:	Key	71	DOWN	at	1967600 
1972450	[4850]	:	time Target is 1972450
1977780	[5330]	:	time Target is 1977779
1983100	[5320]	:	time Target is 1983100
1988424	[5324]	:	time Target is 1988424
1993747	[5323]	:	time Target is 1993747
1994076	[329]	:	Key	71	DOWN	at	1994076 
1999091	[5015]	:	time Target is 1999091
1999425	[334]	:	Key	71	DOWN	at	1999424 
2004427	[5002]	:	time Target is 2004427
2009750	[5323]	:	time Target is 2009750
2010224	[474]	:	Key	71	DOWN	at	2010224 
2015085	[4861]	:	time Target is 2015085
2015548	[463]	:	Key	71	DOWN	at	2015548 
2020417	[4869]	:	time Target is 2020417
2025735	[5318]	:	time Target is 2025735
2031057	[5322]	:	time Target is 2031057
2036392	[5335]	:	time Target is 2036392
2036862	[470]	:	Key	71	DOWN	at	2036862 
2041726	[4864]	:	time Target is 2041726
2047079	[5353]	:	time Target is 2047079
2047441	[362]	:	Key	71	DOWN	at	2047440 
2052416	[4975]	:	time Target is 2052416
2057739	[5323]	:	time Target is 2057739
2058190	[451]	:	Key	71	DOWN	at	2058190 
2063077	[4887]	:	time Target is 2063077
2068404	[5327]	:	time Target is 2068404
2068927	[523]	:	Key	71	DOWN	at	2068926 
2073739	[4812]	:	time Target is 2073739
2079061	[5322]	:	time Target is 2079061
2079360	[299]	:	Key	71	DOWN	at	2079360 
2084393	[5033]	:	time Target is 2084393
2089710	[5317]	:	time Target is 2089710
2095031	[5321]	:	time Target is 2095031
2095329	[298]	:	Key	71	DOWN	at	2095328 
2100365	[5036]	:	time Target is 2100365
2100768	[403]	:	Key	71	DOWN	at	2100768 
2105691	[4923]	:	time Target is 2105691
2105984	[293]	:	Key	71	DOWN	at	2105983 
2111026	[5042]	:	time Target is 2111026
2111422	[396]	:	Key	71	DOWN	at	2111422 
2116358	[4936]	:	time Target is 2116358
2116685	[327]	:	Key	71	DOWN	at	2116685 
2121698	[5013]	:	time Target is 2121698
2127031	[5333]	:	time Target is 2127031
2132359	[5328]	:	time Target is 2132358
2137681	[5322]	:	time Target is 2137681
2143001	[5320]	:	time Target is 2143001
2143377	[376]	:	Key	71	DOWN	at	2143376 
2148344	[4967]	:	time Target is 2148344
2148733	[389]	:	Key	71	DOWN	at	2148732 
2153677	[4944]	:	time Target is 2153677
2158995	[5318]	:	time Target is 2158995
2164324	[5329]	:	time Target is 2164324
2169646	[5322]	:	time Target is 2169646
2170001	[355]	:	Key	71	DOWN	at	2170000 
2174987	[4986]	:	time Target is 2174987
2180310	[5323]	:	time Target is 2180309
2180864	[554]	:	Key	71	DOWN	at	2180862 
2185650	[4786]	:	time Target is 2185650
2186299	[649]	:	Key	71	DOWN	at	2186299 
2190990	[4691]	:	time Target is 2190990
2196310	[5320]	:	time Target is 2196310
2196797	[487]	:	Key	71	DOWN	at	2196796 
2201653	[4856]	:	time Target is 2201653
2206970	[5317]	:	time Target is 2206970
2212294	[5324]	:	time Target is 2212294
2213008	[714]	:	Key	71	DOWN	at	2213007 
2217633	[4625]	:	time Target is 2217633
2218080	[447]	:	Key	71	DOWN	at	2218080 
2222969	[4889]	:	time Target is 2222969
2228289	[5320]	:	time Target is 2228289
2233610	[5321]	:	time Target is 2233610
2238935	[5325]	:	time Target is 2238935
2239377	[442]	:	Key	71	DOWN	at	2239376 
2244273	[4896]	:	time Target is 2244273
2249590	[5317]	:	time Target is 2249590
2249869	[279]	:	Key	71	DOWN	at	2249868 
2254928	[5059]	:	time Target is 2254928
2255245	[317]	:	Key	71	DOWN	at	2255244 
2260261	[5016]	:	time Target is 2260261
2265579	[5318]	:	time Target is 2265579
2265869	[290]	:	Key	71	DOWN	at	2265869 
2270921	[5052]	:	time Target is 2270921
2276241	[5320]	:	time Target is 2276241
2276588	[347]	:	Key	71	DOWN	at	2276587 
2281579	[4991]	:	time Target is 2281579
2282113	[534]	:	Key	71	DOWN	at	2282112 
2286925	[4812]	:	time Target is 2286925
2292246	[5321]	:	time Target is 2292246
2292542	[296]	:	Key	71	DOWN	at	2292542 
2297581	[5039]	:	time Target is 2297581
2302898	[5317]	:	time Target is 2302898
2308275	[5377]	:	time Target is 2308275
2308685	[410]	:	Key	71	DOWN	at	2308685 
2313608	[4923]	:	time Target is 2313608
2313935	[327]	:	Key	71	DOWN	at	2313934 
2318942	[5007]	:	time Target is 2318942
2319278	[336]	:	Key	71	DOWN	at	2319278 
2323258	[3980]	:	Key	71	UP	at	2319373 
2329053	[5795]	:	Key	71	DOWN	at	2329053 
2329165	[112]	:	Key	71	UP	at	2329165 
2342349	[13184]	:	Key	77	DOWN	at	2342349 
2342416	[67]	:	Key	77	UP	at	2342415 
2344029	[1613]	:	Key	29	DOWN	at	2344029 
2344110	[81]	:	Key	29	UP	at	2344110 
2349455	[5345]	:	Key	28	DOWN	at	2349454 
2349521	[66]	:	Key	28	UP	at	2349520 
2353788	[4267]	:	Key	28	DOWN	at	2353788 
2353852	[64]	:	Key	28	UP	at	2353851 
2360735	[6883]	:	Key	29	DOWN	at	2360734 
2360798	[63]	:	Key	29	UP	at	2360797 
2363663	[2865]	:	Key	28	DOWN	at	2363662 
2363719	[56]	:	Key	28	UP	at	2363709 
2367055	[3336]	:	Key	28	DOWN	at	2367055 
2367120	[65]	:	Key	28	UP	at	2367119 
2370638	[3518]	:	Key	29	DOWN	at	2370638 
2370701	[63]	:	Key	29	UP	at	2370700 
2377422	[6721]	:	Key	29	DOWN	at	2377422 
2377487	[65]	:	Key	29	UP	at	2377487 
2393486	[15999]	:	Key	28	DOWN	at	2393485 
2393567	[81]	:	Key	28	UP	at	2393566 
2396029	[2462]	:	Key	29	DOWN	at	2396028 
2396128	[99]	:	Key	29	UP	at	2396128 
2402476	[6348]	:	Key	29	DOWN	at	2402475 
2402560	[84]	:	Key	29	UP	at	2402559 
2403260	[700]	:	Key	29	DOWN	at	2403260 
2403377	[117]	:	Key	29	UP	at	2403376 
2407248	[3871]	:	Key	28	DOWN	at	2407248 
2407324	[76]	:	Key	28	UP	at	2407323 
2408287	[963]	:	Key	28	DOWN	at	2408285 
2408378	[91]	:	Key	28	UP	at	2408378 
2411198	[2820]	:	Key	28	DOWN	at	2411198 
2411327	[129]	:	Key	28	UP	at	2411327 
2412190	[863]	:	Key	28	DOWN	at	2412190 
2412243	[53]	:	COGENT STOP
