Cog2000 log file Thu Aug 22 13:47:48 2019
gprim v1.33 Compiled:Aug 12 2015 (GLib DirectDraw v7 DX12.0 Compiled:Aug 12 2015)
Display:1024x768x32 59.95Hz
CogInput v1.05 Compiled: May 20 2010
1	[1]	:	COGENT START
15457	[15456]	:	Key	71	DOWN	at	15456   
15557	[100]	:	Key	71	UP	at	15556   
33763	[18206]	:	Key	71	DOWN	at	33762   
33857	[94]	:	Key	71	UP	at	33856   
37670	[3813]	:	Key	71	DOWN	at	37669   
37729	[59]	:	Key	71	UP	at	37729   
48611	[10882]	:	Key	71	DOWN	at	48610   
48692	[81]	:	Key	71	UP	at	48691   
63315	[14623]	:	Key	71	DOWN	at	63315   
63398	[83]	:	Key	71	UP	at	63397   
81429	[18031]	:	Key	71	DOWN	at	81429   
82247	[818]	:	time Target is 82247
82976	[729]	:	Key	71	DOWN	at	82976   
88335	[5359]	:	time Target is 88335
88789	[454]	:	Key	71	DOWN	at	88789   
94426	[5637]	:	time Target is 94426
95316	[890]	:	Key	71	DOWN	at	95316   
100512	[5196]	:	time Target is 100512
106599	[6087]	:	time Target is 106599
106995	[396]	:	Key	71	DOWN	at	106994  
115029	[8034]	:	Key	71	DOWN	at	115028  
116089	[1060]	:	time Target is 116089
122411	[6322]	:	time Target is 122411
128733	[6322]	:	time Target is 128732
135054	[6321]	:	time Target is 135054
154615	[19561]	:	Key	71	DOWN	at	154614  
154710	[95]	:	Key	71	UP	at	154709  
159382	[4672]	:	Key	71	DOWN	at	159382  
159446	[64]	:	Key	71	UP	at	159446  
163922	[4476]	:	Key	71	DOWN	at	163921  
164002	[80]	:	Key	71	UP	at	164002  
173189	[9187]	:	Key	71	DOWN	at	173189  
173331	[142]	:	Key	71	UP	at	173330  
177042	[3711]	:	Key	71	DOWN	at	177042  
177839	[797]	:	Key	71	UP	at	177154  
177862	[23]	:	time Target is 177862
178482	[620]	:	Key	71	DOWN	at	178482  
182957	[4475]	:	time Target is 182957
184386	[1429]	:	Key	71	DOWN	at	184386  
188047	[3661]	:	time Target is 188047
193125	[5078]	:	time Target is 193125
193956	[831]	:	Key	71	DOWN	at	193955  
197431	[3475]	:	Key	71	UP	at	194099  
205668	[8237]	:	Key	71	DOWN	at	205667  
205749	[81]	:	Key	71	UP	at	205748  
209488	[3739]	:	Key	71	DOWN	at	209488  
210280	[792]	:	Key	71	UP	at	209634  
210303	[23]	:	time Target is 210303
211015	[712]	:	Key	71	DOWN	at	211014  
215387	[4372]	:	time Target is 215387
220459	[5072]	:	time Target is 220459
221393	[934]	:	Key	71	DOWN	at	221393  
225539	[4146]	:	time Target is 225539
226277	[738]	:	Key	71	DOWN	at	226277  
229836	[3559]	:	Key	71	UP	at	226418  
237877	[8041]	:	Key	71	DOWN	at	237877  
237972	[95]	:	Key	71	UP	at	237971  
240262	[2290]	:	Key	71	DOWN	at	240262  
241052	[790]	:	Key	71	UP	at	240404  
241073	[21]	:	time Target is 241073
241638	[565]	:	Key	71	DOWN	at	241637  
246158	[4520]	:	time Target is 246158
251232	[5074]	:	time Target is 251232
251796	[564]	:	Key	71	DOWN	at	251796  
256315	[4519]	:	time Target is 256315
256771	[456]	:	Key	71	DOWN	at	256771  
260610	[3839]	:	Key	71	UP	at	256869  
269446	[8836]	:	Key	71	DOWN	at	269445  
269523	[77]	:	Key	71	UP	at	269522  
272035	[2512]	:	Key	71	DOWN	at	272035  
272816	[781]	:	Key	71	UP	at	272112  
272836	[20]	:	time Target is 272836
273361	[525]	:	Key	71	DOWN	at	273361  
277936	[4575]	:	time Target is 277936
283017	[5081]	:	time Target is 283017
288089	[5072]	:	time Target is 288089
300481	[12392]	:	Key	71	DOWN	at	300481  
300592	[111]	:	Key	71	UP	at	300592  
316197	[15605]	:	Key	71	DOWN	at	316196  
316324	[127]	:	Key	71	UP	at	316324  
330528	[14204]	:	Key	71	DOWN	at	330528  
330595	[67]	:	Key	71	UP	at	330594  
342342	[11747]	:	Key	71	DOWN	at	342341  
342435	[93]	:	Key	71	UP	at	342434  
350069	[7634]	:	Key	71	DOWN	at	350068  
352627	[2558]	:	time Target is 352627
353123	[496]	:	Key	71	DOWN	at	353122  
357965	[4842]	:	time Target is 357965
358370	[405]	:	Key	71	DOWN	at	358370  
363311	[4941]	:	time Target is 363311
363986	[675]	:	Key	71	DOWN	at	363986  
368646	[4660]	:	time Target is 368646
369525	[879]	:	Key	71	DOWN	at	369525  
373988	[4463]	:	time Target is 373988
379318	[5330]	:	time Target is 379318
379701	[383]	:	Key	71	DOWN	at	379700  
384657	[4956]	:	time Target is 384657
389978	[5321]	:	time Target is 389978
390502	[524]	:	Key	71	DOWN	at	390501  
395316	[4814]	:	time Target is 395316
396147	[831]	:	Key	71	DOWN	at	396147  
400649	[4502]	:	time Target is 400649
405971	[5322]	:	time Target is 405971
406901	[930]	:	Key	71	DOWN	at	406901  
411316	[4415]	:	time Target is 411316
416648	[5332]	:	time Target is 416648
417202	[554]	:	Key	71	DOWN	at	417202  
421971	[4769]	:	time Target is 421971
427290	[5319]	:	time Target is 427290
432613	[5323]	:	time Target is 432613
433526	[913]	:	Key	71	DOWN	at	433526  
437952	[4426]	:	time Target is 437952
438404	[452]	:	Key	71	DOWN	at	438404  
443290	[4886]	:	time Target is 443290
448608	[5318]	:	time Target is 448608
448997	[389]	:	Key	71	DOWN	at	448997  
453946	[4949]	:	time Target is 453946
454342	[396]	:	Key	71	DOWN	at	454341  
459288	[4946]	:	time Target is 459288
459939	[651]	:	Key	71	DOWN	at	459939  
464627	[4688]	:	time Target is 464627
469948	[5321]	:	time Target is 469948
475268	[5320]	:	time Target is 475268
480595	[5327]	:	time Target is 480595
481047	[452]	:	Key	71	DOWN	at	481046  
485935	[4888]	:	time Target is 485935
491255	[5320]	:	time Target is 491255
491665	[410]	:	Key	71	DOWN	at	491665  
496598	[4933]	:	time Target is 496598
501924	[5326]	:	time Target is 501924
507250	[5326]	:	time Target is 507250
512568	[5318]	:	time Target is 512568
513009	[441]	:	Key	71	DOWN	at	513009  
517892	[4883]	:	time Target is 517892
523234	[5342]	:	time Target is 523234
524211	[977]	:	Key	71	DOWN	at	524208  
528580	[4369]	:	time Target is 528580
529076	[496]	:	Key	71	DOWN	at	529076  
533917	[4841]	:	time Target is 533917
534387	[470]	:	Key	71	DOWN	at	534386  
539254	[4867]	:	time Target is 539254
544581	[5327]	:	time Target is 544581
544869	[288]	:	Key	71	DOWN	at	544869  
549922	[5053]	:	time Target is 549922
550597	[675]	:	Key	71	DOWN	at	550597  
555255	[4658]	:	time Target is 555255
560591	[5336]	:	time Target is 560591
561989	[1398]	:	Key	71	DOWN	at	561988  
565927	[3938]	:	time Target is 565927
566261	[334]	:	Key	71	DOWN	at	566261  
571266	[5005]	:	time Target is 571266
571906	[640]	:	Key	71	DOWN	at	571906  
576610	[4704]	:	time Target is 576610
577026	[416]	:	Key	71	DOWN	at	577025  
581952	[4926]	:	time Target is 581952
582385	[433]	:	Key	71	DOWN	at	582385  
587298	[4913]	:	time Target is 587298
587652	[354]	:	Key	71	DOWN	at	587652  
592642	[4990]	:	time Target is 592642
597965	[5323]	:	time Target is 597965
603289	[5324]	:	time Target is 603289
604373	[1084]	:	Key	71	DOWN	at	604373  
608638	[4265]	:	time Target is 608638
613961	[5323]	:	time Target is 613961
619282	[5321]	:	time Target is 619282
624604	[5322]	:	time Target is 624604
629926	[5322]	:	time Target is 629926
635253	[5327]	:	time Target is 635253
635762	[509]	:	Key	71	DOWN	at	635762  
640590	[4828]	:	time Target is 640590
645909	[5319]	:	time Target is 645909
651234	[5325]	:	time Target is 651234
651604	[370]	:	Key	71	DOWN	at	651604  
656567	[4963]	:	time Target is 656567
661896	[5329]	:	time Target is 661896
667219	[5323]	:	time Target is 667219
667763	[544]	:	Key	71	DOWN	at	667762  
672567	[4804]	:	time Target is 672567
677890	[5323]	:	time Target is 677890
683213	[5323]	:	time Target is 683213
683890	[677]	:	Key	71	DOWN	at	683889  
688543	[4653]	:	time Target is 688543
688853	[310]	:	Key	71	DOWN	at	688853  
693889	[5036]	:	time Target is 693889
694308	[419]	:	Key	71	DOWN	at	694307  
699225	[4917]	:	time Target is 699225
704552	[5327]	:	time Target is 704552
704832	[280]	:	Key	71	DOWN	at	704832  
709894	[5062]	:	time Target is 709894
715214	[5320]	:	time Target is 715214
720535	[5321]	:	time Target is 720535
720949	[414]	:	Key	71	DOWN	at	720948  
725876	[4927]	:	time Target is 725876
731197	[5321]	:	time Target is 731197
736518	[5321]	:	time Target is 736518
741861	[5343]	:	time Target is 741861
742165	[304]	:	Key	71	DOWN	at	742164  
747196	[5031]	:	time Target is 747196
747714	[518]	:	Key	71	DOWN	at	747714  
752534	[4820]	:	time Target is 752534
757857	[5323]	:	time Target is 757857
758225	[368]	:	Key	71	DOWN	at	758225  
763193	[4968]	:	time Target is 763193
768511	[5318]	:	time Target is 768511
768822	[311]	:	Key	71	DOWN	at	768822  
773851	[5029]	:	time Target is 773851
779173	[5322]	:	time Target is 779173
779458	[285]	:	Key	71	DOWN	at	779458  
784516	[5058]	:	time Target is 784516
789838	[5322]	:	time Target is 789838
790196	[358]	:	Key	71	DOWN	at	790195  
795178	[4982]	:	time Target is 795178
795506	[328]	:	Key	71	DOWN	at	795506  
800513	[5007]	:	time Target is 800513
805842	[5329]	:	time Target is 805842
806147	[305]	:	Key	71	DOWN	at	806147  
811181	[5034]	:	time Target is 811181
816504	[5323]	:	time Target is 816504
816817	[313]	:	Key	71	DOWN	at	816817  
821839	[5022]	:	time Target is 821839
827161	[5322]	:	time Target is 827161
827536	[375]	:	Key	71	DOWN	at	827536  
831464	[3928]	:	Key	71	UP	at	827649  
850656	[19192]	:	Key	71	DOWN	at	850656  
851445	[789]	:	Key	71	UP	at	850740  
851714	[269]	:	time Target is 851714
857036	[5322]	:	time Target is 857036
857296	[260]	:	Key	71	DOWN	at	857296  
862377	[5081]	:	time Target is 862377
863045	[668]	:	Key	71	DOWN	at	863044  
867712	[4667]	:	time Target is 867712
868051	[339]	:	Key	71	DOWN	at	868051  
873040	[4989]	:	time Target is 873040
878359	[5319]	:	time Target is 878359
883684	[5325]	:	time Target is 883684
889006	[5322]	:	time Target is 889006
889346	[340]	:	Key	71	DOWN	at	889346  
894339	[4993]	:	time Target is 894339
894626	[287]	:	Key	71	DOWN	at	894626  
899677	[5051]	:	time Target is 899677
904999	[5322]	:	time Target is 904999
910335	[5336]	:	time Target is 910335
910611	[276]	:	Key	71	DOWN	at	910610  
915672	[5061]	:	time Target is 915672
920992	[5320]	:	time Target is 920992
921269	[277]	:	Key	71	DOWN	at	921268  
926331	[5062]	:	time Target is 926331
931651	[5320]	:	time Target is 931651
936979	[5328]	:	time Target is 936979
942303	[5324]	:	time Target is 942303
942576	[273]	:	Key	71	DOWN	at	942576  
947639	[5063]	:	time Target is 947639
947985	[346]	:	Key	71	DOWN	at	947985  
952977	[4992]	:	time Target is 952977
958299	[5322]	:	time Target is 958299
958593	[294]	:	Key	71	DOWN	at	958593  
963638	[5045]	:	time Target is 963638
963926	[288]	:	Key	71	DOWN	at	963925  
968982	[5056]	:	time Target is 968982
974307	[5325]	:	time Target is 974307
979629	[5322]	:	time Target is 979629
979923	[294]	:	Key	71	DOWN	at	979922  
984965	[5042]	:	time Target is 984965
985251	[286]	:	Key	71	DOWN	at	985250  
990302	[5051]	:	time Target is 990302
995628	[5326]	:	time Target is 995628
995923	[295]	:	Key	71	DOWN	at	995922  
1000964	[5041]	:	time Target is 1000964
1006284	[5320]	:	time Target is 1006284
1011615	[5331]	:	time Target is 1011615
1011891	[276]	:	Key	71	DOWN	at	1011891 
1016953	[5062]	:	time Target is 1016953
1022270	[5317]	:	time Target is 1022270
1027598	[5328]	:	time Target is 1027598
1028498	[900]	:	Key	71	DOWN	at	1028497 
1032939	[4441]	:	time Target is 1032939
1033508	[569]	:	Key	71	DOWN	at	1033508 
1038271	[4763]	:	time Target is 1038271
1043603	[5332]	:	time Target is 1043603
1048932	[5329]	:	time Target is 1048932
1049348	[416]	:	Key	71	DOWN	at	1049347 
1054269	[4921]	:	time Target is 1054269
1059587	[5318]	:	time Target is 1059587
1059862	[275]	:	Key	71	DOWN	at	1059861 
1064928	[5066]	:	time Target is 1064928
1070252	[5324]	:	time Target is 1070252
1075580	[5328]	:	time Target is 1075580
1080907	[5327]	:	time Target is 1080907
1086229	[5322]	:	time Target is 1086229
1091551	[5322]	:	time Target is 1091551
1096866	[5315]	:	time Target is 1096866
1102192	[5326]	:	time Target is 1102192
1102595	[403]	:	Key	71	DOWN	at	1102595 
1107526	[4931]	:	time Target is 1107526
1112848	[5322]	:	time Target is 1112848
1118173	[5325]	:	time Target is 1118173
1123494	[5321]	:	time Target is 1123494
1123824	[330]	:	Key	71	DOWN	at	1123824 
1128828	[5004]	:	time Target is 1128828
1129190	[362]	:	Key	71	DOWN	at	1129189 
1134172	[4982]	:	time Target is 1134172
1134868	[696]	:	Key	71	DOWN	at	1134868 
1139504	[4636]	:	time Target is 1139504
1139846	[342]	:	Key	71	DOWN	at	1139846 
1144838	[4992]	:	time Target is 1144838
1145090	[252]	:	Key	71	DOWN	at	1145089 
1150173	[5083]	:	time Target is 1150173
1150725	[552]	:	Key	71	DOWN	at	1150725 
1155500	[4775]	:	time Target is 1155500
1155750	[250]	:	Key	71	DOWN	at	1155749 
1160850	[5100]	:	time Target is 1160850
1161141	[291]	:	Key	71	DOWN	at	1161141 
1166184	[5043]	:	time Target is 1166184
1166454	[270]	:	Key	71	DOWN	at	1166454 
1171520	[5066]	:	time Target is 1171520
1172084	[564]	:	Key	71	DOWN	at	1172083 
1176854	[4770]	:	time Target is 1176854
1182176	[5322]	:	time Target is 1182176
1182756	[580]	:	Key	71	DOWN	at	1182755 
1187507	[4751]	:	time Target is 1187507
1192826	[5319]	:	time Target is 1192826
1198148	[5322]	:	time Target is 1198148
1203469	[5321]	:	time Target is 1203469
1208796	[5327]	:	time Target is 1208796
1214119	[5323]	:	time Target is 1214119
1219440	[5321]	:	time Target is 1219440
1219730	[290]	:	Key	71	DOWN	at	1219730 
1224813	[5083]	:	time Target is 1224813
1230140	[5327]	:	time Target is 1230140
1235461	[5321]	:	time Target is 1235461
1236274	[813]	:	Key	71	DOWN	at	1236274 
1240805	[4531]	:	time Target is 1240805
1246129	[5324]	:	time Target is 1246129
1246501	[372]	:	Key	71	DOWN	at	1246501 
1251463	[4962]	:	time Target is 1251463
1256785	[5322]	:	time Target is 1256785
1257059	[274]	:	Key	71	DOWN	at	1257058 
1262135	[5076]	:	time Target is 1262135
1262402	[267]	:	Key	71	DOWN	at	1262402 
1267474	[5072]	:	time Target is 1267474
1267558	[84]	:	Key	71	DOWN	at	1267558 
1272814	[5256]	:	time Target is 1272814
1278145	[5331]	:	time Target is 1278145
1278482	[337]	:	Key	71	DOWN	at	1278481 
1283479	[4997]	:	time Target is 1283479
1288799	[5320]	:	time Target is 1288799
1289077	[278]	:	Key	71	DOWN	at	1289077 
1294146	[5069]	:	time Target is 1294146
1294417	[271]	:	Key	71	DOWN	at	1294417 
1299483	[5066]	:	time Target is 1299483
1300805	[1322]	:	Key	71	DOWN	at	1300805 
1304820	[4015]	:	time Target is 1304820
1310143	[5323]	:	time Target is 1310143
1311011	[868]	:	Key	71	DOWN	at	1311011 
1315475	[4464]	:	time Target is 1315475
1320792	[5317]	:	time Target is 1320792
1326119	[5327]	:	time Target is 1326119
1334565	[8446]	:	Key	71	DOWN	at	1334564 
1334660	[95]	:	Key	71	UP	at	1334660 
1351219	[16559]	:	Key	71	DOWN	at	1351219 
1352009	[790]	:	Key	71	UP	at	1351365 
1352276	[267]	:	time Target is 1352276
1352612	[336]	:	Key	71	DOWN	at	1352611 
1357618	[5006]	:	time Target is 1357618
1358261	[643]	:	Key	71	DOWN	at	1358261 
1362954	[4693]	:	time Target is 1362954
1363525	[571]	:	Key	71	DOWN	at	1363524 
1368293	[4768]	:	time Target is 1368293
1368596	[303]	:	Key	71	DOWN	at	1368596 
1373629	[5033]	:	time Target is 1373629
1374243	[614]	:	Key	71	DOWN	at	1374243 
1378962	[4719]	:	time Target is 1378962
1380049	[1087]	:	Key	71	DOWN	at	1380049 
1384295	[4246]	:	time Target is 1384295
1384741	[446]	:	Key	71	DOWN	at	1384741 
1389627	[4886]	:	time Target is 1389627
1394943	[5316]	:	time Target is 1394943
1395845	[902]	:	Key	71	DOWN	at	1395845 
1400290	[4445]	:	time Target is 1400290
1400756	[466]	:	Key	71	DOWN	at	1400755 
1405631	[4875]	:	time Target is 1405631
1410955	[5324]	:	time Target is 1410955
1411409	[454]	:	Key	71	DOWN	at	1411409 
1416303	[4894]	:	time Target is 1416303
1421625	[5322]	:	time Target is 1421625
1422707	[1082]	:	Key	71	DOWN	at	1422706 
1426964	[4257]	:	time Target is 1426964
1432287	[5323]	:	time Target is 1432287
1437614	[5327]	:	time Target is 1437614
1442940	[5326]	:	time Target is 1442940
1443748	[808]	:	Key	71	DOWN	at	1443747 
1448271	[4523]	:	time Target is 1448271
1453595	[5324]	:	time Target is 1453595
1454052	[457]	:	Key	71	DOWN	at	1454052 
1458932	[4880]	:	time Target is 1458932
1464257	[5325]	:	time Target is 1464257
1469579	[5322]	:	time Target is 1469579
1469826	[247]	:	Key	71	DOWN	at	1469826 
1474921	[5095]	:	time Target is 1474921
1480240	[5319]	:	time Target is 1480240
1480676	[436]	:	Key	71	DOWN	at	1480675 
1485587	[4911]	:	time Target is 1485587
1485875	[288]	:	Key	71	DOWN	at	1485875 
1490924	[5049]	:	time Target is 1490924
1491203	[279]	:	Key	71	DOWN	at	1491202 
1496265	[5062]	:	time Target is 1496265
1501600	[5335]	:	time Target is 1501600
1502549	[949]	:	Key	71	DOWN	at	1502549 
1506934	[4385]	:	time Target is 1506934
1507217	[283]	:	Key	71	DOWN	at	1507217 
1512271	[5054]	:	time Target is 1512271
1517598	[5327]	:	time Target is 1517598
1517906	[308]	:	Key	71	DOWN	at	1517906 
1522936	[5030]	:	time Target is 1522936
1523524	[588]	:	Key	71	DOWN	at	1523523 
1528273	[4749]	:	time Target is 1528273
1528501	[228]	:	Key	71	DOWN	at	1528501 
1533615	[5114]	:	time Target is 1533615
1533810	[195]	:	Key	71	DOWN	at	1533810 
1538961	[5151]	:	time Target is 1538961
1539187	[226]	:	Key	71	DOWN	at	1539187 
1544301	[5114]	:	time Target is 1544301
1544646	[345]	:	Key	71	DOWN	at	1544645 
1549646	[5000]	:	time Target is 1549646
1554964	[5318]	:	time Target is 1554963
1560278	[5314]	:	time Target is 1560277
1560625	[347]	:	Key	71	DOWN	at	1560625 
1565625	[5000]	:	time Target is 1565625
1565953	[328]	:	Key	71	DOWN	at	1565953 
1570964	[5011]	:	time Target is 1570964
1576279	[5315]	:	time Target is 1576279
1581608	[5329]	:	time Target is 1581608
1581894	[286]	:	Key	71	DOWN	at	1581893 
1586947	[5053]	:	time Target is 1586947
1588373	[1426]	:	Key	71	DOWN	at	1588372 
1592284	[3911]	:	time Target is 1592284
1593172	[888]	:	Key	71	DOWN	at	1593172 
1597624	[4452]	:	time Target is 1597624
1598067	[443]	:	Key	71	DOWN	at	1598067 
1602961	[4894]	:	time Target is 1602961
1608282	[5321]	:	time Target is 1608282
1613614	[5332]	:	time Target is 1613614
1614833	[1219]	:	Key	71	DOWN	at	1614832 
1618948	[4115]	:	time Target is 1618948
1619781	[833]	:	Key	71	DOWN	at	1619781 
1624277	[4496]	:	time Target is 1624277
1624753	[476]	:	Key	71	DOWN	at	1624753 
1629620	[4867]	:	time Target is 1629620
1634941	[5321]	:	time Target is 1634941
1635121	[180]	:	Key	71	DOWN	at	1635121 
1640282	[5161]	:	time Target is 1640282
1645611	[5329]	:	time Target is 1645611
1650942	[5331]	:	time Target is 1650942
1656268	[5326]	:	time Target is 1656268
1656692	[424]	:	Key	71	DOWN	at	1656692 
1661605	[4913]	:	time Target is 1661605
1661889	[284]	:	Key	71	DOWN	at	1661889 
1666951	[5062]	:	time Target is 1666951
1667333	[382]	:	Key	71	DOWN	at	1667333 
1672291	[4958]	:	time Target is 1672291
1672531	[240]	:	Key	71	DOWN	at	1672530 
1677626	[5095]	:	time Target is 1677626
1682963	[5337]	:	time Target is 1682963
1683456	[493]	:	Key	71	DOWN	at	1683456 
1688310	[4854]	:	time Target is 1688310
1688593	[283]	:	Key	71	DOWN	at	1688592 
1693647	[5054]	:	time Target is 1693647
1694097	[450]	:	Key	71	DOWN	at	1694097 
1698991	[4894]	:	time Target is 1698991
1699250	[259]	:	Key	71	DOWN	at	1699250 
1704336	[5086]	:	time Target is 1704336
1709716	[5380]	:	time Target is 1709716
1709987	[271]	:	Key	71	DOWN	at	1709987 
1715051	[5064]	:	time Target is 1715051
1715348	[297]	:	Key	71	DOWN	at	1715348 
1720389	[5041]	:	time Target is 1720389
1725721	[5332]	:	time Target is 1725721
1726773	[1052]	:	Key	71	DOWN	at	1726773 
1731071	[4298]	:	time Target is 1731071
1736396	[5325]	:	time Target is 1736396
1741717	[5321]	:	time Target is 1741717
1747047	[5330]	:	time Target is 1747047
1752369	[5322]	:	time Target is 1752369
1757690	[5321]	:	time Target is 1757690
1763018	[5328]	:	time Target is 1763018
1768337	[5319]	:	time Target is 1768337
1773665	[5328]	:	time Target is 1773665
1774132	[467]	:	Key	71	DOWN	at	1774132 
1779007	[4875]	:	time Target is 1779007
1779973	[966]	:	Key	71	DOWN	at	1779973 
1784340	[4367]	:	time Target is 1784340
1784580	[240]	:	Key	71	DOWN	at	1784578 
1789673	[5093]	:	time Target is 1789673
1794992	[5319]	:	time Target is 1794992
1800320	[5328]	:	time Target is 1800320
1805644	[5324]	:	time Target is 1805644
1810969	[5325]	:	time Target is 1810969
1816294	[5325]	:	time Target is 1816294
1821616	[5322]	:	time Target is 1821616
1826938	[5322]	:	time Target is 1826938
1827620	[682]	:	Key	71	DOWN	at	1827620 
1831249	[3629]	:	Key	71	UP	at	1827696 
1854420	[23171]	:	Key	71	DOWN	at	1854420 
1855209	[789]	:	Key	71	UP	at	1854544 
1855477	[268]	:	time Target is 1855477
1860799	[5322]	:	time Target is 1860799
1866125	[5326]	:	time Target is 1866125
1866419	[294]	:	Key	71	DOWN	at	1866419 
1871463	[5044]	:	time Target is 1871463
1871797	[334]	:	Key	71	DOWN	at	1871797 
1876799	[5002]	:	time Target is 1876799
1877093	[294]	:	Key	71	DOWN	at	1877093 
1882140	[5047]	:	time Target is 1882140
1882418	[278]	:	Key	71	DOWN	at	1882417 
1887481	[5063]	:	time Target is 1887481
1887766	[285]	:	Key	71	DOWN	at	1887765 
1892816	[5050]	:	time Target is 1892816
1898142	[5326]	:	time Target is 1898142
1898352	[210]	:	Key	71	DOWN	at	1898352 
1903478	[5126]	:	time Target is 1903478
1908799	[5321]	:	time Target is 1908799
1914121	[5322]	:	time Target is 1914121
1914402	[281]	:	Key	71	DOWN	at	1914401 
1919462	[5060]	:	time Target is 1919462
1919699	[237]	:	Key	71	DOWN	at	1919699 
1924801	[5102]	:	time Target is 1924801
1925121	[320]	:	Key	71	DOWN	at	1925120 
1930144	[5023]	:	time Target is 1930144
1935477	[5333]	:	time Target is 1935477
1935730	[253]	:	Key	71	DOWN	at	1935730 
1940817	[5087]	:	time Target is 1940817
1946141	[5324]	:	time Target is 1946141
1946454	[313]	:	Key	71	DOWN	at	1946454 
1951478	[5024]	:	time Target is 1951478
1951968	[490]	:	Key	71	DOWN	at	1951968 
1956819	[4851]	:	time Target is 1956819
1962135	[5316]	:	time Target is 1962135
1967456	[5321]	:	time Target is 1967456
1968273	[817]	:	Key	71	DOWN	at	1968272 
1972801	[4528]	:	time Target is 1972801
1978115	[5314]	:	time Target is 1978115
1978882	[767]	:	Key	71	DOWN	at	1978882 
1983460	[4578]	:	time Target is 1983460
1983811	[351]	:	Key	71	DOWN	at	1983811 
1988797	[4986]	:	time Target is 1988797
1989494	[697]	:	Key	71	DOWN	at	1989493 
1994133	[4639]	:	time Target is 1994133
1999456	[5323]	:	time Target is 1999456
2004779	[5323]	:	time Target is 2004779
2010103	[5324]	:	time Target is 2010103
2011331	[1228]	:	Key	71	DOWN	at	2011331 
2015466	[4135]	:	time Target is 2015466
2020792	[5326]	:	time Target is 2020792
2021059	[267]	:	Key	71	DOWN	at	2021059 
2026130	[5071]	:	time Target is 2026130
2026646	[516]	:	Key	71	DOWN	at	2026645 
2031461	[4815]	:	time Target is 2031461
2036785	[5324]	:	time Target is 2036785
2042107	[5322]	:	time Target is 2042107
2047429	[5322]	:	time Target is 2047429
2052754	[5325]	:	time Target is 2052754
2058079	[5325]	:	time Target is 2058079
2058385	[306]	:	Key	71	DOWN	at	2058385 
2063416	[5031]	:	time Target is 2063416
2068737	[5321]	:	time Target is 2068737
2069603	[866]	:	Key	71	DOWN	at	2069601 
2074072	[4469]	:	time Target is 2074072
2074723	[651]	:	Key	71	DOWN	at	2074722 
2079413	[4690]	:	time Target is 2079413
2080243	[830]	:	Key	71	DOWN	at	2080243 
2084754	[4511]	:	time Target is 2084754
2085456	[702]	:	Key	71	DOWN	at	2085456 
2090094	[4638]	:	time Target is 2090094
2090915	[821]	:	Key	71	DOWN	at	2090914 
2095426	[4511]	:	time Target is 2095426
2100753	[5327]	:	time Target is 2100753
2106074	[5321]	:	time Target is 2106074
2106385	[311]	:	Key	71	DOWN	at	2106384 
2111412	[5027]	:	time Target is 2111412
2111808	[396]	:	Key	71	DOWN	at	2111808 
2116781	[4973]	:	time Target is 2116781
2122103	[5322]	:	time Target is 2122103
2122531	[428]	:	Key	71	DOWN	at	2122530 
2127444	[4913]	:	time Target is 2127444
2128420	[976]	:	Key	71	DOWN	at	2128420 
2132788	[4368]	:	time Target is 2132788
2138113	[5325]	:	time Target is 2138113
2139043	[930]	:	Key	71	DOWN	at	2139043 
2143455	[4412]	:	time Target is 2143455
2143828	[373]	:	Key	71	DOWN	at	2143827 
2148797	[4969]	:	time Target is 2148797
2154114	[5317]	:	time Target is 2154114
2154594	[480]	:	Key	71	DOWN	at	2154594 
2159445	[4851]	:	time Target is 2159445
2159681	[236]	:	Key	71	DOWN	at	2159680 
2164792	[5111]	:	time Target is 2164792
2165126	[334]	:	Key	71	DOWN	at	2165125 
2170133	[5007]	:	time Target is 2170133
2175449	[5316]	:	time Target is 2175449
2175842	[393]	:	Key	71	DOWN	at	2175842 
2180791	[4949]	:	time Target is 2180791
2181587	[796]	:	Key	71	DOWN	at	2181587 
2186127	[4540]	:	time Target is 2186127
2186850	[723]	:	Key	71	DOWN	at	2186850 
2191462	[4612]	:	time Target is 2191462
2196791	[5329]	:	time Target is 2196791
2197124	[333]	:	Key	71	DOWN	at	2197123 
2202131	[5007]	:	time Target is 2202131
2202565	[434]	:	Key	71	DOWN	at	2202564 
2207501	[4936]	:	time Target is 2207501
2212824	[5323]	:	time Target is 2212824
2218146	[5322]	:	time Target is 2218146
2218709	[563]	:	Key	71	DOWN	at	2218709 
2223485	[4776]	:	time Target is 2223485
2228806	[5321]	:	time Target is 2228806
2234134	[5328]	:	time Target is 2234134
2235077	[943]	:	Key	71	DOWN	at	2235076 
2239468	[4391]	:	time Target is 2239468
2244794	[5326]	:	time Target is 2244794
2250126	[5332]	:	time Target is 2250126
2255449	[5323]	:	time Target is 2255449
2260773	[5324]	:	time Target is 2260773
2261169	[396]	:	Key	71	DOWN	at	2261169 
2266110	[4941]	:	time Target is 2266110
2271429	[5319]	:	time Target is 2271429
2272546	[1117]	:	Key	71	DOWN	at	2272545 
2276768	[4222]	:	time Target is 2276768
2277589	[821]	:	Key	71	DOWN	at	2277587 
2282108	[4519]	:	time Target is 2282108
2287429	[5321]	:	time Target is 2287429
2292748	[5319]	:	time Target is 2292748
2298071	[5323]	:	time Target is 2298071
2299172	[1101]	:	Key	71	DOWN	at	2299172 
2303410	[4238]	:	time Target is 2303410
2308731	[5321]	:	time Target is 2308731
2309042	[311]	:	Key	71	DOWN	at	2309042 
2314071	[5029]	:	time Target is 2314071
2319396	[5325]	:	time Target is 2319396
2319701	[305]	:	Key	71	DOWN	at	2319700 
2324725	[5024]	:	time Target is 2324725
2325173	[448]	:	Key	71	DOWN	at	2325173 
2330077	[4904]	:	time Target is 2330076
2330401	[324]	:	Key	71	DOWN	at	2330400 
2334381	[3980]	:	Key	71	UP	at	2330516 
2339025	[4644]	:	Key	71	DOWN	at	2339024 
2339123	[98]	:	Key	71	UP	at	2339122 
2349460	[10337]	:	Key	29	DOWN	at	2349460 
2349552	[92]	:	Key	29	UP	at	2349552 
2352097	[2545]	:	Key	29	DOWN	at	2352097 
2352163	[66]	:	Key	29	UP	at	2352163 
2355846	[3683]	:	Key	28	DOWN	at	2355846 
2355989	[143]	:	Key	28	UP	at	2355989 
2357190	[1201]	:	Key	28	DOWN	at	2357189 
2357297	[107]	:	Key	28	UP	at	2357297 
2361686	[4389]	:	Key	29	DOWN	at	2361686 
2361779	[93]	:	Key	29	UP	at	2361779 
2363474	[1695]	:	Key	28	DOWN	at	2363474 
2363604	[130]	:	Key	28	UP	at	2363603 
2369956	[6352]	:	Key	28	DOWN	at	2369956 
2370066	[110]	:	Key	28	UP	at	2370066 
2370645	[579]	:	Key	29	DOWN	at	2370645 
2370741	[96]	:	Key	29	UP	at	2370740 
2379077	[8336]	:	Key	28	DOWN	at	2379076 
2379206	[129]	:	Key	28	UP	at	2379205 
2380453	[1247]	:	Key	29	DOWN	at	2380453 
2380531	[78]	:	Key	29	UP	at	2380530 
2382369	[1838]	:	Key	29	DOWN	at	2382369 
2382448	[79]	:	Key	29	UP	at	2382448 
2383780	[1332]	:	Key	29	DOWN	at	2383779 
2383874	[94]	:	Key	29	UP	at	2383873 
2385523	[1649]	:	Key	29	DOWN	at	2385523 
2385652	[129]	:	Key	29	UP	at	2385651 
2386514	[862]	:	Key	28	DOWN	at	2386513 
2386612	[98]	:	Key	28	UP	at	2386611 
2388064	[1452]	:	Key	28	DOWN	at	2388064 
2388162	[98]	:	Key	28	UP	at	2388162 
2389313	[1151]	:	Key	28	DOWN	at	2389312 
2389328	[15]	:	COGENT STOP
