Cog2000 log file Thu Aug 29 16:25:14 2019
gprim v1.33 Compiled:Aug 12 2015 (GLib DirectDraw v7 DX12.0 Compiled:Aug 12 2015)
Display:1024x768x32 59.95Hz
CogInput v1.05 Compiled: May 20 2010
0	[0]	:	COGENT START
16890	[16890]	:	Key	71	DOWN	at	16890   
16984	[94]	:	Key	71	UP	at	16984   
36837	[19853]	:	Key	71	DOWN	at	36837   
36907	[70]	:	Key	71	UP	at	36906   
41803	[4896]	:	Key	71	DOWN	at	41802   
41895	[92]	:	Key	71	UP	at	41895   
54315	[12420]	:	Key	71	DOWN	at	54314   
54391	[76]	:	Key	71	UP	at	54391   
70841	[16450]	:	Key	71	DOWN	at	70841   
70906	[65]	:	Key	71	UP	at	70905   
90730	[19824]	:	Key	71	DOWN	at	90730   
91552	[822]	:	time Target is 91552
97637	[6085]	:	time Target is 97637
97641	[4]	:	Key	71	DOWN	at	97641   
103722	[6081]	:	time Target is 103722
104136	[414]	:	Key	71	DOWN	at	104136  
109809	[5673]	:	time Target is 109809
109816	[7]	:	Key	71	DOWN	at	109815  
115897	[6081]	:	time Target is 115896
116331	[434]	:	Key	71	DOWN	at	116330  
125720	[9389]	:	Key	71	DOWN	at	125720  
126789	[1069]	:	time Target is 126788
133126	[6337]	:	time Target is 133126
139448	[6322]	:	time Target is 139448
145770	[6322]	:	time Target is 145769
166552	[20782]	:	Key	71	DOWN	at	166551  
166729	[177]	:	Key	71	UP	at	166729  
172681	[5952]	:	Key	71	DOWN	at	172680  
172746	[65]	:	Key	71	UP	at	172745  
178299	[5553]	:	Key	71	DOWN	at	178298  
178357	[58]	:	Key	71	UP	at	178357  
188277	[9920]	:	Key	71	DOWN	at	188277  
188442	[165]	:	Key	71	UP	at	188441  
192662	[4220]	:	Key	71	DOWN	at	192662  
193464	[802]	:	Key	71	UP	at	192825  
193490	[26]	:	time Target is 193489
194038	[548]	:	Key	71	DOWN	at	194037  
198584	[4546]	:	time Target is 198584
199046	[462]	:	Key	71	DOWN	at	199046  
203676	[4630]	:	time Target is 203676
208752	[5076]	:	time Target is 208752
221958	[13206]	:	Key	71	DOWN	at	221957  
222073	[115]	:	Key	71	UP	at	222073  
226246	[4173]	:	Key	71	DOWN	at	226246  
227037	[791]	:	Key	71	UP	at	226426  
227057	[20]	:	time Target is 227057
227622	[565]	:	Key	71	DOWN	at	227622  
232143	[4521]	:	time Target is 232143
237213	[5070]	:	time Target is 237213
242283	[5070]	:	time Target is 242283
242811	[528]	:	Key	71	DOWN	at	242810  
246582	[3771]	:	Key	71	UP	at	242967  
256454	[9872]	:	Key	71	DOWN	at	256454  
256630	[176]	:	Key	71	UP	at	256630  
260918	[4288]	:	Key	71	DOWN	at	260918  
261704	[786]	:	Key	71	UP	at	261031  
261726	[22]	:	time Target is 261726
262151	[425]	:	Key	71	DOWN	at	262150  
266819	[4668]	:	time Target is 266819
271891	[5072]	:	time Target is 271891
272826	[935]	:	Key	71	DOWN	at	272826  
276978	[4152]	:	time Target is 276978
290777	[13799]	:	Key	71	DOWN	at	290777  
290969	[192]	:	Key	71	UP	at	290969  
294922	[3953]	:	Key	71	DOWN	at	294922  
295714	[792]	:	Key	71	UP	at	295113  
295738	[24]	:	time Target is 295738
300805	[5067]	:	time Target is 300805
301272	[467]	:	Key	71	DOWN	at	301272  
305892	[4620]	:	time Target is 305892
307111	[1219]	:	Key	71	DOWN	at	307110  
310980	[3869]	:	time Target is 310979
323894	[12914]	:	Key	71	DOWN	at	323894  
324075	[181]	:	Key	71	UP	at	324074  
340437	[16362]	:	Key	71	DOWN	at	340437  
340534	[97]	:	Key	71	UP	at	340533  
355366	[14832]	:	Key	71	DOWN	at	355366  
355496	[130]	:	Key	71	UP	at	355495  
373800	[18304]	:	Key	71	DOWN	at	373800  
373993	[193]	:	Key	71	UP	at	373993  
374821	[828]	:	Key	71	DOWN	at	374821  
377394	[2573]	:	time Target is 377394
377989	[595]	:	Key	71	DOWN	at	377989  
382732	[4743]	:	time Target is 382732
388055	[5323]	:	time Target is 388055
388731	[676]	:	Key	71	DOWN	at	388730  
393395	[4664]	:	time Target is 393395
394170	[775]	:	Key	71	DOWN	at	394169  
398736	[4566]	:	time Target is 398736
399654	[918]	:	Key	71	DOWN	at	399654  
404072	[4418]	:	time Target is 404072
409391	[5319]	:	time Target is 409391
414710	[5319]	:	time Target is 414710
415207	[497]	:	Key	71	DOWN	at	415206  
420051	[4844]	:	time Target is 420051
425118	[5067]	:	Key	71	DOWN	at	424918  
425119	[1]	:	Key	71	UP	at	425095  
427932	[2813]	:	time Target is 427932
433256	[5324]	:	time Target is 433256
433767	[511]	:	Key	71	DOWN	at	433767  
438597	[4830]	:	time Target is 438597
443922	[5325]	:	time Target is 443922
449248	[5326]	:	time Target is 449248
449736	[488]	:	Key	71	DOWN	at	449735  
454586	[4850]	:	time Target is 454586
455913	[1327]	:	Key	71	DOWN	at	455913  
459920	[4007]	:	time Target is 459920
465246	[5326]	:	time Target is 465246
470568	[5322]	:	time Target is 470568
470918	[350]	:	Key	71	DOWN	at	470918  
475905	[4987]	:	time Target is 475905
481227	[5322]	:	time Target is 481227
481961	[734]	:	Key	71	DOWN	at	481961  
486566	[4605]	:	time Target is 486566
491892	[5326]	:	time Target is 491892
497216	[5324]	:	time Target is 497216
502543	[5327]	:	time Target is 502543
503017	[474]	:	Key	71	DOWN	at	503017  
507878	[4861]	:	time Target is 507878
508310	[432]	:	Key	71	DOWN	at	508309  
513210	[4900]	:	time Target is 513210
518533	[5323]	:	time Target is 518533
519206	[673]	:	Key	71	DOWN	at	519205  
523869	[4663]	:	time Target is 523869
524425	[556]	:	Key	71	DOWN	at	524425  
529212	[4787]	:	time Target is 529212
534539	[5327]	:	time Target is 534539
539858	[5319]	:	time Target is 539858
540453	[595]	:	Key	71	DOWN	at	540453  
545187	[4734]	:	time Target is 545187
550516	[5329]	:	time Target is 550516
555838	[5322]	:	time Target is 555838
561155	[5317]	:	time Target is 561155
566489	[5334]	:	time Target is 566489
571813	[5324]	:	time Target is 571813
577136	[5323]	:	time Target is 577136
582460	[5324]	:	time Target is 582460
582840	[380]	:	Key	71	DOWN	at	582840  
587797	[4957]	:	time Target is 587797
588538	[741]	:	Key	71	DOWN	at	588537  
593132	[4594]	:	time Target is 593132
598452	[5320]	:	time Target is 598452
603775	[5323]	:	time Target is 603775
604361	[586]	:	Key	71	DOWN	at	604361  
609111	[4750]	:	time Target is 609111
614437	[5326]	:	time Target is 614437
614859	[422]	:	Key	71	DOWN	at	614859  
619774	[4915]	:	time Target is 619774
620298	[524]	:	Key	71	DOWN	at	620297  
625108	[4810]	:	time Target is 625108
625657	[549]	:	Key	71	DOWN	at	625657  
630439	[4782]	:	time Target is 630439
635760	[5321]	:	time Target is 635760
636231	[471]	:	Key	71	DOWN	at	636230  
641104	[4873]	:	time Target is 641104
642085	[981]	:	Key	71	DOWN	at	642085  
646436	[4351]	:	time Target is 646436
647561	[1125]	:	Key	71	DOWN	at	647561  
651770	[4209]	:	time Target is 651770
657104	[5334]	:	time Target is 657104
657415	[311]	:	Key	71	DOWN	at	657415  
662434	[5019]	:	time Target is 662434
662806	[372]	:	Key	71	DOWN	at	662805  
667777	[4971]	:	time Target is 667777
669175	[1398]	:	Key	71	DOWN	at	669174  
673125	[3950]	:	time Target is 673125
678441	[5316]	:	time Target is 678441
683759	[5318]	:	time Target is 683759
684231	[472]	:	Key	71	DOWN	at	684231  
689094	[4863]	:	time Target is 689094
689592	[498]	:	Key	71	DOWN	at	689592  
694437	[4845]	:	time Target is 694437
699759	[5322]	:	time Target is 699759
705077	[5318]	:	time Target is 705077
710402	[5325]	:	time Target is 710402
710775	[373]	:	Key	71	DOWN	at	710775  
715737	[4962]	:	time Target is 715737
716265	[528]	:	Key	71	DOWN	at	716264  
721076	[4811]	:	time Target is 721076
726395	[5319]	:	time Target is 726395
731720	[5325]	:	time Target is 731720
737043	[5323]	:	time Target is 737043
737481	[438]	:	Key	71	DOWN	at	737480  
742378	[4897]	:	time Target is 742378
742777	[399]	:	Key	71	DOWN	at	742777  
747711	[4934]	:	time Target is 747711
753036	[5325]	:	time Target is 753036
758360	[5324]	:	time Target is 758360
758679	[319]	:	Key	71	DOWN	at	758678  
763698	[5019]	:	time Target is 763698
769022	[5324]	:	time Target is 769022
769480	[458]	:	Key	71	DOWN	at	769479  
774359	[4879]	:	time Target is 774359
779686	[5327]	:	time Target is 779686
780025	[339]	:	Key	71	DOWN	at	780025  
785027	[5002]	:	time Target is 785027
790353	[5326]	:	time Target is 790353
795669	[5316]	:	time Target is 795669
800996	[5327]	:	time Target is 800996
806318	[5322]	:	time Target is 806318
806743	[425]	:	Key	71	DOWN	at	806742  
811656	[4913]	:	time Target is 811656
811991	[335]	:	Key	71	DOWN	at	811991  
816989	[4998]	:	time Target is 816989
817303	[314]	:	Key	71	DOWN	at	817303  
822325	[5022]	:	time Target is 822325
822875	[550]	:	Key	71	DOWN	at	822874  
827663	[4788]	:	time Target is 827663
828006	[343]	:	Key	71	DOWN	at	828006  
833005	[4999]	:	time Target is 833005
833337	[332]	:	Key	71	DOWN	at	833336  
838345	[5008]	:	time Target is 838345
838598	[253]	:	Key	71	DOWN	at	838598  
843688	[5090]	:	time Target is 843688
844295	[607]	:	Key	71	DOWN	at	844295  
849017	[4722]	:	time Target is 849017
868536	[19519]	:	Key	71	DOWN	at	868535  
869324	[788]	:	Key	71	UP	at	868646  
869594	[270]	:	time Target is 869594
874917	[5323]	:	time Target is 874917
880241	[5324]	:	time Target is 880241
885562	[5321]	:	time Target is 885562
885942	[380]	:	Key	71	DOWN	at	885942  
890902	[4960]	:	time Target is 890902
896222	[5320]	:	time Target is 896222
897305	[1083]	:	Key	71	DOWN	at	897305  
901560	[4255]	:	time Target is 901560
906881	[5321]	:	time Target is 906881
907911	[1030]	:	Key	71	DOWN	at	907910  
912227	[4316]	:	time Target is 912227
917546	[5319]	:	time Target is 917546
917910	[364]	:	Key	71	DOWN	at	917910  
922875	[4965]	:	time Target is 922875
928198	[5323]	:	time Target is 928198
933516	[5318]	:	time Target is 933516
938839	[5323]	:	time Target is 938839
944159	[5320]	:	time Target is 944159
944522	[363]	:	Key	71	DOWN	at	944521  
949502	[4980]	:	time Target is 949502
954830	[5328]	:	time Target is 954830
955254	[424]	:	Key	71	DOWN	at	955253  
960162	[4908]	:	Key	71	DOWN	at	960008  
960162	[0]	:	Key	71	UP	at	960151  
962971	[2809]	:	time Target is 962971
968293	[5322]	:	time Target is 968293
973615	[5322]	:	time Target is 973615
974088	[473]	:	Key	71	DOWN	at	974087  
978954	[4866]	:	time Target is 978954
984277	[5323]	:	time Target is 984277
989599	[5322]	:	time Target is 989599
990360	[761]	:	Key	71	DOWN	at	990360  
994936	[4576]	:	time Target is 994936
1000260	[5324]	:	time Target is 1000260
1000615	[355]	:	Key	71	DOWN	at	1000615 
1005594	[4979]	:	time Target is 1005594
1010921	[5327]	:	time Target is 1010921
1016244	[5323]	:	time Target is 1016244
1021566	[5322]	:	time Target is 1021566
1022058	[492]	:	Key	71	DOWN	at	1022058 
1026900	[4842]	:	time Target is 1026900
1027415	[515]	:	Key	71	DOWN	at	1027415 
1032240	[4825]	:	time Target is 1032240
1037569	[5329]	:	time Target is 1037569
1037991	[422]	:	Key	71	DOWN	at	1037990 
1042906	[4915]	:	time Target is 1042906
1048227	[5321]	:	time Target is 1048227
1053550	[5323]	:	time Target is 1053550
1058872	[5322]	:	time Target is 1058872
1059222	[350]	:	Key	71	DOWN	at	1059221 
1064196	[4974]	:	Key	71	DOWN	at	1064088 
1067009	[2813]	:	time Target is 1067009
1072329	[5320]	:	time Target is 1072329
1073082	[753]	:	Key	71	DOWN	at	1073082 
1077664	[4582]	:	time Target is 1077664
1082982	[5318]	:	time Target is 1082982
1083401	[419]	:	Key	71	DOWN	at	1083401 
1088315	[4914]	:	time Target is 1088315
1088805	[490]	:	Key	71	DOWN	at	1088805 
1093654	[4849]	:	time Target is 1093654
1098977	[5323]	:	time Target is 1098977
1099403	[426]	:	Key	71	DOWN	at	1099402 
1104309	[4906]	:	time Target is 1104309
1104647	[338]	:	Key	71	DOWN	at	1104647 
1109648	[5001]	:	time Target is 1109648
1114970	[5322]	:	time Target is 1114970
1115703	[733]	:	Key	71	DOWN	at	1115703 
1120302	[4599]	:	time Target is 1120302
1120728	[426]	:	Key	71	DOWN	at	1120727 
1125645	[4917]	:	time Target is 1125645
1126053	[408]	:	Key	71	DOWN	at	1126053 
1130979	[4926]	:	time Target is 1130979
1131353	[374]	:	Key	71	DOWN	at	1131353 
1136313	[4960]	:	time Target is 1136313
1141636	[5323]	:	time Target is 1141636
1146959	[5323]	:	time Target is 1146959
1152280	[5321]	:	time Target is 1152280
1157597	[5317]	:	time Target is 1157597
1158203	[606]	:	Key	71	DOWN	at	1158202 
1162937	[4734]	:	time Target is 1162937
1168255	[5318]	:	time Target is 1168255
1168645	[390]	:	Key	71	DOWN	at	1168645 
1173586	[4941]	:	time Target is 1173586
1178906	[5320]	:	time Target is 1178906
1179449	[543]	:	Key	71	DOWN	at	1179448 
1184244	[4795]	:	time Target is 1184244
1184520	[276]	:	Key	71	DOWN	at	1184519 
1189576	[5056]	:	time Target is 1189576
1194895	[5319]	:	time Target is 1194895
1200218	[5323]	:	time Target is 1200218
1205540	[5322]	:	time Target is 1205540
1205975	[435]	:	Key	71	DOWN	at	1205975 
1210880	[4905]	:	time Target is 1210880
1216201	[5321]	:	time Target is 1216201
1221522	[5321]	:	time Target is 1221522
1226841	[5319]	:	time Target is 1226841
1227255	[414]	:	Key	71	DOWN	at	1227255 
1232174	[4919]	:	time Target is 1232174
1232665	[491]	:	Key	71	DOWN	at	1232665 
1237512	[4847]	:	time Target is 1237512
1238102	[590]	:	Key	71	DOWN	at	1238102 
1242860	[4758]	:	time Target is 1242860
1248182	[5322]	:	time Target is 1248182
1248309	[127]	:	Key	71	DOWN	at	1248309 
1253519	[5210]	:	time Target is 1253519
1253928	[409]	:	Key	71	DOWN	at	1253928 
1258858	[4930]	:	time Target is 1258858
1264199	[5341]	:	time Target is 1264199
1264776	[577]	:	Key	71	DOWN	at	1264776 
1269538	[4762]	:	time Target is 1269538
1269896	[358]	:	Key	71	DOWN	at	1269895 
1274876	[4980]	:	time Target is 1274876
1280198	[5322]	:	time Target is 1280198
1280490	[292]	:	Key	71	DOWN	at	1280489 
1285521	[5031]	:	time Target is 1285521
1290842	[5321]	:	time Target is 1290842
1296163	[5321]	:	time Target is 1296163
1301485	[5322]	:	time Target is 1301485
1301879	[394]	:	Key	71	DOWN	at	1301879 
1306821	[4942]	:	time Target is 1306821
1307449	[628]	:	Key	71	DOWN	at	1307449 
1312157	[4708]	:	time Target is 1312157
1317480	[5323]	:	time Target is 1317480
1317769	[289]	:	Key	71	DOWN	at	1317769 
1322820	[5051]	:	time Target is 1322820
1328144	[5324]	:	time Target is 1328144
1333471	[5327]	:	time Target is 1333471
1334936	[1465]	:	Key	71	DOWN	at	1334936 
1338812	[3876]	:	time Target is 1338812
1358006	[19194]	:	Key	71	DOWN	at	1358005 
1358200	[194]	:	Key	71	UP	at	1358199 
1362774	[4574]	:	Key	71	DOWN	at	1362774 
1363557	[783]	:	Key	71	UP	at	1362952 
1363827	[270]	:	time Target is 1363827
1364310	[483]	:	Key	71	DOWN	at	1364309 
1369165	[4855]	:	time Target is 1369165
1369942	[777]	:	Key	71	DOWN	at	1369941 
1374503	[4561]	:	time Target is 1374503
1374840	[337]	:	Key	71	DOWN	at	1374840 
1379845	[5005]	:	time Target is 1379845
1380219	[374]	:	Key	71	DOWN	at	1380218 
1385184	[4965]	:	time Target is 1385184
1390508	[5324]	:	time Target is 1390508
1395831	[5323]	:	time Target is 1395831
1396185	[354]	:	Key	71	DOWN	at	1396185 
1401175	[4990]	:	time Target is 1401175
1406496	[5321]	:	time Target is 1406496
1406824	[328]	:	Key	71	DOWN	at	1406824 
1411832	[5008]	:	time Target is 1411832
1412119	[287]	:	Key	71	DOWN	at	1412118 
1417168	[5049]	:	time Target is 1417168
1417493	[325]	:	Key	71	DOWN	at	1417493 
1422496	[5003]	:	time Target is 1422496
1423990	[1494]	:	Key	71	DOWN	at	1423989 
1427837	[3847]	:	time Target is 1427837
1433153	[5316]	:	time Target is 1433153
1438476	[5323]	:	time Target is 1438476
1443796	[5320]	:	time Target is 1443796
1444394	[598]	:	Key	71	DOWN	at	1444394 
1449131	[4737]	:	time Target is 1449131
1454453	[5322]	:	time Target is 1454453
1459771	[5318]	:	time Target is 1459771
1460073	[302]	:	Key	71	DOWN	at	1460071 
1465111	[5038]	:	time Target is 1465111
1470434	[5323]	:	time Target is 1470434
1475751	[5317]	:	time Target is 1475751
1481077	[5326]	:	time Target is 1481077
1481386	[309]	:	Key	71	DOWN	at	1481385 
1486412	[5026]	:	time Target is 1486412
1491734	[5322]	:	time Target is 1491734
1492089	[355]	:	Key	71	DOWN	at	1492089 
1497077	[4988]	:	time Target is 1497077
1502395	[5318]	:	time Target is 1502395
1502806	[411]	:	Key	71	DOWN	at	1502805 
1507732	[4926]	:	time Target is 1507732
1508617	[885]	:	Key	71	DOWN	at	1508617 
1513066	[4449]	:	time Target is 1513066
1518387	[5321]	:	time Target is 1518387
1523709	[5322]	:	time Target is 1523709
1524054	[345]	:	Key	71	DOWN	at	1524053 
1529042	[4988]	:	time Target is 1529042
1534370	[5328]	:	time Target is 1534370
1534631	[261]	:	Key	71	DOWN	at	1534631 
1539706	[5075]	:	time Target is 1539706
1540458	[752]	:	Key	71	DOWN	at	1540457 
1545046	[4588]	:	time Target is 1545046
1550362	[5316]	:	time Target is 1550362
1555684	[5322]	:	time Target is 1555684
1556393	[709]	:	Key	71	DOWN	at	1556392 
1561021	[4628]	:	time Target is 1561021
1566350	[5329]	:	time Target is 1566350
1566776	[426]	:	Key	71	DOWN	at	1566776 
1571423	[4647]	:	Key	71	DOWN	at	1571145 
1571423	[0]	:	Key	71	UP	at	1571336 
1574236	[2813]	:	time Target is 1574236
1574570	[334]	:	Key	71	DOWN	at	1574569 
1579578	[5008]	:	time Target is 1579578
1580373	[795]	:	Key	71	DOWN	at	1580373 
1584914	[4541]	:	time Target is 1584914
1585881	[967]	:	Key	71	DOWN	at	1585880 
1590253	[4372]	:	time Target is 1590253
1590742	[489]	:	Key	71	DOWN	at	1590741 
1595590	[4848]	:	time Target is 1595590
1595976	[386]	:	Key	71	DOWN	at	1595976 
1600923	[4947]	:	time Target is 1600923
1601290	[367]	:	Key	71	DOWN	at	1601290 
1606264	[4974]	:	time Target is 1606264
1606603	[339]	:	Key	71	DOWN	at	1606602 
1611603	[5000]	:	time Target is 1611603
1611670	[67]	:	Key	71	DOWN	at	1611670 
1616942	[5272]	:	time Target is 1616942
1622001	[5059]	:	Key	71	DOWN	at	1621960 
1624816	[2815]	:	time Target is 1624816
1625211	[395]	:	Key	71	DOWN	at	1625210 
1629884	[4673]	:	Key	71	DOWN	at	1629527 
1629885	[1]	:	Key	71	UP	at	1629738 
1632704	[2819]	:	time Target is 1632704
1633385	[681]	:	Key	71	DOWN	at	1633384 
1638041	[4656]	:	time Target is 1638041
1638856	[815]	:	Key	71	DOWN	at	1638855 
1643386	[4530]	:	time Target is 1643386
1643702	[316]	:	Key	71	DOWN	at	1643702 
1648716	[5014]	:	time Target is 1648716
1649066	[350]	:	Key	71	DOWN	at	1649066 
1654048	[4982]	:	time Target is 1654048
1659370	[5322]	:	time Target is 1659370
1659718	[348]	:	Key	71	DOWN	at	1659718 
1664704	[4986]	:	time Target is 1664704
1665128	[424]	:	Key	71	DOWN	at	1665127 
1670037	[4909]	:	time Target is 1670037
1675363	[5326]	:	time Target is 1675363
1680694	[5331]	:	time Target is 1680694
1681658	[964]	:	Key	71	DOWN	at	1681657 
1686029	[4371]	:	time Target is 1686029
1686392	[363]	:	Key	71	DOWN	at	1686391 
1691368	[4976]	:	time Target is 1691368
1691723	[355]	:	Key	71	DOWN	at	1691722 
1696702	[4979]	:	time Target is 1696702
1697159	[457]	:	Key	71	DOWN	at	1697159 
1702038	[4879]	:	time Target is 1702038
1702456	[418]	:	Key	71	DOWN	at	1702455 
1707381	[4925]	:	time Target is 1707381
1707754	[373]	:	Key	71	DOWN	at	1707754 
1712719	[4965]	:	time Target is 1712719
1713289	[570]	:	Key	71	DOWN	at	1713288 
1718051	[4762]	:	time Target is 1718051
1723371	[5320]	:	time Target is 1723371
1723941	[570]	:	Key	71	DOWN	at	1723941 
1728708	[4767]	:	time Target is 1728708
1734029	[5321]	:	time Target is 1734029
1739348	[5319]	:	time Target is 1739348
1739638	[290]	:	Key	71	DOWN	at	1739638 
1744687	[5049]	:	time Target is 1744687
1745798	[1111]	:	Key	71	DOWN	at	1745798 
1750024	[4226]	:	time Target is 1750024
1750729	[705]	:	Key	71	DOWN	at	1750728 
1755360	[4631]	:	time Target is 1755360
1756712	[1352]	:	Key	71	DOWN	at	1756712 
1760700	[3988]	:	time Target is 1760700
1761030	[330]	:	Key	71	DOWN	at	1761029 
1766038	[5008]	:	time Target is 1766038
1766283	[245]	:	Key	71	DOWN	at	1766282 
1771376	[5093]	:	time Target is 1771376
1771879	[503]	:	Key	71	DOWN	at	1771879 
1776714	[4835]	:	time Target is 1776714
1782037	[5323]	:	time Target is 1782037
1782408	[371]	:	Key	71	DOWN	at	1782408 
1787375	[4967]	:	time Target is 1787375
1792697	[5322]	:	time Target is 1792697
1793095	[398]	:	Key	71	DOWN	at	1793095 
1798033	[4938]	:	time Target is 1798033
1798729	[696]	:	Key	71	DOWN	at	1798728 
1803374	[4645]	:	time Target is 1803374
1803625	[251]	:	Key	71	DOWN	at	1803625 
1808708	[5083]	:	time Target is 1808708
1808810	[102]	:	Key	71	DOWN	at	1808809 
1814044	[5234]	:	time Target is 1814044
1814394	[350]	:	Key	71	DOWN	at	1814393 
1819382	[4988]	:	time Target is 1819382
1820058	[676]	:	Key	71	DOWN	at	1820057 
1824716	[4658]	:	time Target is 1824716
1825178	[462]	:	Key	71	DOWN	at	1825178 
1830052	[4874]	:	time Target is 1830052
1846584	[16532]	:	Key	71	DOWN	at	1846583 
1847369	[785]	:	Key	71	UP	at	1846679 
1847636	[267]	:	time Target is 1847636
1848151	[515]	:	Key	71	DOWN	at	1848151 
1852969	[4818]	:	time Target is 1852969
1858285	[5316]	:	time Target is 1858285
1858584	[299]	:	Key	71	DOWN	at	1858583 
1863622	[5038]	:	time Target is 1863622
1868944	[5322]	:	time Target is 1868944
1869896	[952]	:	Key	71	DOWN	at	1869896 
1874282	[4386]	:	time Target is 1874282
1874628	[346]	:	Key	71	DOWN	at	1874628 
1879615	[4987]	:	time Target is 1879615
1884937	[5322]	:	time Target is 1884937
1885402	[465]	:	Key	71	DOWN	at	1885401 
1890276	[4874]	:	time Target is 1890276
1890795	[519]	:	Key	71	DOWN	at	1890794 
1895622	[4827]	:	time Target is 1895622
1900945	[5323]	:	time Target is 1900945
1906266	[5321]	:	time Target is 1906266
1907127	[861]	:	Key	71	DOWN	at	1907126 
1911606	[4479]	:	time Target is 1911606
1916932	[5326]	:	time Target is 1916932
1917495	[563]	:	Key	71	DOWN	at	1917495 
1922272	[4777]	:	time Target is 1922272
1922696	[424]	:	Key	71	DOWN	at	1922695 
1927605	[4909]	:	time Target is 1927605
1927867	[262]	:	Key	71	DOWN	at	1927866 
1932678	[4811]	:	Key	71	DOWN	at	1932486 
1932679	[1]	:	Key	71	UP	at	1932649 
1935229	[2550]	:	Key	71	DOWN	at	1935062 
1935230	[1]	:	Key	71	UP	at	1935110 
1938044	[2814]	:	time Target is 1938044
1938505	[461]	:	Key	71	DOWN	at	1938504 
1943380	[4875]	:	time Target is 1943380
1948705	[5325]	:	time Target is 1948705
1948874	[169]	:	Key	71	DOWN	at	1948874 
1954044	[5170]	:	time Target is 1954044
1954326	[282]	:	Key	71	DOWN	at	1954325 
1959383	[5057]	:	time Target is 1959383
1964700	[5317]	:	time Target is 1964700
1970030	[5330]	:	time Target is 1970030
1975350	[5320]	:	time Target is 1975350
1975704	[354]	:	Key	71	DOWN	at	1975704 
1980687	[4983]	:	time Target is 1980687
1981031	[344]	:	Key	71	DOWN	at	1981031 
1986029	[4998]	:	time Target is 1986029
1986388	[359]	:	Key	71	DOWN	at	1986388 
1991359	[4971]	:	time Target is 1991359
1991672	[313]	:	Key	71	DOWN	at	1991671 
1996699	[5027]	:	time Target is 1996699
2002013	[5314]	:	time Target is 2002013
2002295	[282]	:	Key	71	DOWN	at	2002295 
2007347	[5052]	:	time Target is 2007347
2007657	[310]	:	Key	71	DOWN	at	2007656 
2012688	[5031]	:	time Target is 2012688
2013031	[343]	:	Key	71	DOWN	at	2013030 
2018028	[4997]	:	time Target is 2018028
2018186	[158]	:	Key	71	DOWN	at	2018185 
2023372	[5186]	:	time Target is 2023372
2023574	[202]	:	Key	71	DOWN	at	2023574 
2028708	[5134]	:	time Target is 2028708
2029032	[324]	:	Key	71	DOWN	at	2029032 
2034043	[5011]	:	time Target is 2034043
2034374	[331]	:	Key	71	DOWN	at	2034373 
2039383	[5009]	:	time Target is 2039383
2040037	[654]	:	Key	71	DOWN	at	2040037 
2044708	[4671]	:	time Target is 2044708
2050025	[5317]	:	time Target is 2050025
2051000	[975]	:	Key	71	DOWN	at	2050998 
2055357	[4357]	:	time Target is 2055357
2055641	[284]	:	Key	71	DOWN	at	2055641 
2060692	[5051]	:	time Target is 2060692
2061081	[389]	:	Key	71	DOWN	at	2061080 
2066025	[4944]	:	time Target is 2066025
2071342	[5317]	:	time Target is 2071342
2076661	[5319]	:	time Target is 2076661
2076889	[228]	:	Key	71	DOWN	at	2076888 
2082000	[5111]	:	time Target is 2082000
2082071	[71]	:	Key	71	DOWN	at	2082070 
2087340	[5269]	:	time Target is 2087340
2087594	[254]	:	Key	71	DOWN	at	2087594 
2092677	[5083]	:	time Target is 2092677
2097997	[5320]	:	time Target is 2097997
2098602	[605]	:	Key	71	DOWN	at	2098601 
2103348	[4746]	:	time Target is 2103348
2108680	[5332]	:	time Target is 2108680
2108874	[194]	:	Key	71	DOWN	at	2108874 
2114013	[5139]	:	time Target is 2114013
2119074	[5061]	:	Key	71	DOWN	at	2118838 
2121891	[2817]	:	time Target is 2121891
2122518	[627]	:	Key	71	DOWN	at	2122516 
2127225	[4707]	:	time Target is 2127225
2127289	[64]	:	Key	71	DOWN	at	2127289 
2132561	[5272]	:	time Target is 2132561
2132633	[72]	:	Key	71	DOWN	at	2132632 
2137899	[5266]	:	time Target is 2137899
2138471	[572]	:	Key	71	DOWN	at	2138470 
2143236	[4765]	:	time Target is 2143236
2148557	[5321]	:	time Target is 2148557
2148825	[268]	:	Key	71	DOWN	at	2148824 
2153898	[5073]	:	time Target is 2153898
2159219	[5321]	:	time Target is 2159219
2164538	[5319]	:	time Target is 2164538
2165291	[753]	:	Key	71	DOWN	at	2165290 
2169876	[4585]	:	time Target is 2169876
2171209	[1333]	:	Key	71	DOWN	at	2171209 
2175212	[4003]	:	time Target is 2175212
2180529	[5317]	:	time Target is 2180529
2180889	[360]	:	Key	71	DOWN	at	2180889 
2185867	[4978]	:	time Target is 2185867
2186246	[379]	:	Key	71	DOWN	at	2186246 
2191206	[4960]	:	time Target is 2191206
2191511	[305]	:	Key	71	DOWN	at	2191511 
2196551	[5040]	:	time Target is 2196551
2197080	[529]	:	Key	71	DOWN	at	2197079 
2201890	[4810]	:	time Target is 2201890
2202025	[135]	:	Key	71	DOWN	at	2202024 
2207229	[5204]	:	time Target is 2207229
2207399	[170]	:	Key	71	DOWN	at	2207398 
2212562	[5163]	:	time Target is 2212562
2217882	[5320]	:	time Target is 2217882
2218138	[256]	:	Key	71	DOWN	at	2218137 
2223217	[5079]	:	time Target is 2223217
2223546	[329]	:	Key	71	DOWN	at	2223546 
2228555	[5009]	:	time Target is 2228555
2228919	[364]	:	Key	71	DOWN	at	2228918 
2233889	[4970]	:	time Target is 2233889
2239204	[5315]	:	time Target is 2239204
2239834	[630]	:	Key	71	DOWN	at	2239834 
2244543	[4709]	:	time Target is 2244543
2244661	[118]	:	Key	71	DOWN	at	2244661 
2249878	[5217]	:	time Target is 2249878
2250358	[480]	:	Key	71	DOWN	at	2250358 
2255213	[4855]	:	time Target is 2255213
2256201	[988]	:	Key	71	DOWN	at	2256200 
2260553	[4352]	:	time Target is 2260553
2260709	[156]	:	Key	71	DOWN	at	2260709 
2265887	[5178]	:	time Target is 2265887
2266437	[550]	:	Key	71	DOWN	at	2266437 
2271226	[4789]	:	time Target is 2271226
2271465	[239]	:	Key	71	DOWN	at	2271465 
2276563	[5098]	:	time Target is 2276563
2276920	[357]	:	Key	71	DOWN	at	2276920 
2281904	[4984]	:	time Target is 2281904
2287219	[5315]	:	time Target is 2287219
2287703	[484]	:	Key	71	DOWN	at	2287702 
2292562	[4859]	:	time Target is 2292562
2297880	[5318]	:	time Target is 2297880
2298136	[256]	:	Key	71	DOWN	at	2298136 
2303215	[5079]	:	time Target is 2303215
2303639	[424]	:	Key	71	DOWN	at	2303638 
2308572	[4933]	:	time Target is 2308572
2313890	[5318]	:	time Target is 2313890
2314038	[148]	:	Key	71	DOWN	at	2314037 
2318213	[4175]	:	Key	71	UP	at	2314326 
2337318	[19105]	:	Key	71	DOWN	at	2337318 
2337495	[177]	:	Key	71	UP	at	2337494 
2344359	[6864]	:	Key	28	DOWN	at	2344358 
2344600	[241]	:	Key	28	UP	at	2344599 
2346854	[2254]	:	Key	28	DOWN	at	2346854 
2347048	[194]	:	Key	28	UP	at	2347048 
2350888	[3840]	:	Key	29	DOWN	at	2350887 
2351048	[160]	:	Key	29	UP	at	2351048 
2352521	[1473]	:	Key	29	DOWN	at	2352521 
2352708	[187]	:	Key	29	UP	at	2352708 
2355099	[2391]	:	Key	28	DOWN	at	2355097 
2355273	[174]	:	Key	28	UP	at	2355272 
2356025	[752]	:	Key	28	DOWN	at	2356024 
2356183	[158]	:	Key	28	UP	at	2356183 
2359271	[3088]	:	Key	28	DOWN	at	2359271 
2359433	[162]	:	Key	28	UP	at	2359433 
2360854	[1421]	:	Key	29	DOWN	at	2360854 
2361050	[196]	:	Key	29	UP	at	2361050 
2367780	[6730]	:	Key	28	DOWN	at	2367780 
2367897	[117]	:	Key	28	UP	at	2367897 
2369048	[1151]	:	Key	29	DOWN	at	2369047 
2369207	[159]	:	Key	29	UP	at	2369207 
2370518	[1311]	:	Key	28	DOWN	at	2370517 
2370661	[143]	:	Key	28	UP	at	2370661 
2371736	[1075]	:	Key	28	DOWN	at	2371736 
2371881	[145]	:	Key	28	UP	at	2371880 
2373945	[2064]	:	Key	29	DOWN	at	2373945 
2374135	[190]	:	Key	29	UP	at	2374135 
2379798	[5663]	:	Key	28	DOWN	at	2379798 
2379960	[162]	:	Key	28	UP	at	2379960 
2382486	[2526]	:	Key	29	DOWN	at	2382485 
2382648	[162]	:	Key	29	UP	at	2382647 
2383878	[1230]	:	Key	28	DOWN	at	2383878 
2383893	[15]	:	COGENT STOP
