Cog2000 log file Mon Sep 02 14:27:12 2019
gprim v1.33 Compiled:Aug 12 2015 (GLib DirectDraw v7 DX12.0 Compiled:Aug 12 2015)
Display:1024x768x32 59.95Hz
CogInput v1.05 Compiled: May 20 2010
0	[0]	:	COGENT START
10762	[10762]	:	Key	71	DOWN	at	10762   
10892	[130]	:	Key	71	UP	at	10891   
30860	[19968]	:	Key	71	DOWN	at	30860   
30925	[65]	:	Key	71	UP	at	30925   
35515	[4590]	:	Key	71	DOWN	at	35514   
35613	[98]	:	Key	71	UP	at	35613   
46986	[11373]	:	Key	71	DOWN	at	46986   
47117	[131]	:	Key	71	UP	at	47117   
62987	[15870]	:	Key	71	DOWN	at	62987   
63022	[35]	:	Key	71	UP	at	63022   
81999	[18977]	:	Key	71	DOWN	at	81999   
82823	[824]	:	time Target is 82823
83342	[519]	:	Key	71	DOWN	at	83342   
88912	[5570]	:	time Target is 88912
89499	[587]	:	Key	71	DOWN	at	89499   
94998	[5499]	:	time Target is 94998
95344	[346]	:	Key	71	DOWN	at	95343   
101090	[5746]	:	time Target is 101090
102027	[937]	:	Key	71	DOWN	at	102027  
110910	[8883]	:	Key	71	DOWN	at	110910  
111973	[1063]	:	time Target is 111973
118299	[6326]	:	time Target is 118299
124620	[6321]	:	time Target is 124620
130937	[6317]	:	time Target is 130937
151228	[20291]	:	Key	71	DOWN	at	151228  
151387	[159]	:	Key	71	UP	at	151387  
155632	[4245]	:	Key	71	DOWN	at	155632  
155803	[171]	:	Key	71	UP	at	155803  
160270	[4467]	:	Key	71	DOWN	at	160270  
160412	[142]	:	Key	71	UP	at	160412  
169628	[9216]	:	Key	71	DOWN	at	169628  
169756	[128]	:	Key	71	UP	at	169756  
174843	[5087]	:	Key	71	DOWN	at	174842  
175658	[815]	:	Key	71	UP	at	174974  
175681	[23]	:	time Target is 175681
180760	[5079]	:	time Target is 180759
181228	[468]	:	Key	71	DOWN	at	181227  
185852	[4624]	:	time Target is 185852
186413	[561]	:	Key	71	DOWN	at	186413  
190942	[4529]	:	time Target is 190942
203883	[12941]	:	Key	71	DOWN	at	203883  
204077	[194]	:	Key	71	UP	at	204077  
208287	[4210]	:	Key	71	DOWN	at	208287  
209079	[792]	:	Key	71	UP	at	208430  
209103	[24]	:	time Target is 209103
209946	[843]	:	Key	71	DOWN	at	209946  
214190	[4244]	:	time Target is 214190
219264	[5074]	:	time Target is 219264
219805	[541]	:	Key	71	DOWN	at	219805  
224350	[4545]	:	time Target is 224350
236496	[12146]	:	Key	71	DOWN	at	236495  
236673	[177]	:	Key	71	UP	at	236672  
240666	[3993]	:	Key	71	DOWN	at	240666  
241457	[791]	:	Key	71	UP	at	240843  
241480	[23]	:	time Target is 241480
242187	[707]	:	Key	71	DOWN	at	242187  
246566	[4379]	:	time Target is 246566
251638	[5072]	:	time Target is 251638
251820	[182]	:	Key	71	UP	at	251819  
256716	[4896]	:	time Target is 256716
257168	[452]	:	Key	71	DOWN	at	257168  
261016	[3848]	:	Key	71	UP	at	257370  
270011	[8995]	:	Key	71	DOWN	at	270011  
270172	[161]	:	Key	71	UP	at	270172  
274907	[4735]	:	Key	71	DOWN	at	274907  
275693	[786]	:	Key	71	UP	at	275085  
275715	[22]	:	time Target is 275715
276366	[651]	:	Key	71	DOWN	at	276366  
280802	[4436]	:	time Target is 280801
285872	[5070]	:	time Target is 285872
286235	[363]	:	Key	71	DOWN	at	286235  
290955	[4720]	:	time Target is 290955
302699	[11744]	:	Key	71	DOWN	at	302699  
302844	[145]	:	Key	71	UP	at	302844  
318827	[15983]	:	Key	71	DOWN	at	318826  
318942	[115]	:	Key	71	UP	at	318942  
333402	[14460]	:	Key	71	DOWN	at	333402  
333597	[195]	:	Key	71	UP	at	333597  
346315	[12718]	:	Key	71	DOWN	at	346314  
346475	[160]	:	Key	71	UP	at	346475  
350714	[4239]	:	Key	71	DOWN	at	350714  
353274	[2560]	:	time Target is 353274
353693	[419]	:	Key	71	DOWN	at	353693  
358612	[4919]	:	time Target is 358612
359277	[665]	:	Key	71	DOWN	at	359277  
363944	[4667]	:	time Target is 363944
369002	[5058]	:	Key	71	DOWN	at	368942  
371815	[2813]	:	time Target is 371815
372460	[645]	:	Key	71	DOWN	at	372460  
377156	[4696]	:	time Target is 377156
382477	[5321]	:	time Target is 382477
387787	[5310]	:	time Target is 387787
388288	[501]	:	Key	71	DOWN	at	388288  
393120	[4832]	:	time Target is 393120
393612	[492]	:	Key	71	DOWN	at	393611  
398454	[4842]	:	time Target is 398454
398828	[374]	:	Key	71	DOWN	at	398828  
403784	[4956]	:	time Target is 403784
404287	[503]	:	Key	71	DOWN	at	404287  
409118	[4831]	:	time Target is 409118
414436	[5318]	:	time Target is 414436
419758	[5322]	:	time Target is 419758
420219	[461]	:	Key	71	DOWN	at	420218  
425076	[4857]	:	time Target is 425076
425534	[458]	:	Key	71	DOWN	at	425534  
430413	[4879]	:	time Target is 430413
435735	[5322]	:	time Target is 435735
441056	[5321]	:	time Target is 441056
446382	[5326]	:	time Target is 446382
451708	[5326]	:	time Target is 451708
452701	[993]	:	Key	71	DOWN	at	452701  
457042	[4341]	:	time Target is 457042
462361	[5319]	:	time Target is 462361
462895	[534]	:	Key	71	DOWN	at	462894  
467713	[4818]	:	time Target is 467713
473030	[5317]	:	time Target is 473030
473838	[808]	:	Key	71	DOWN	at	473838  
478373	[4535]	:	time Target is 478373
478878	[505]	:	Key	71	DOWN	at	478878  
483710	[4832]	:	time Target is 483710
484159	[449]	:	Key	71	DOWN	at	484159  
489044	[4885]	:	time Target is 489044
489483	[439]	:	Key	71	DOWN	at	489483  
494378	[4895]	:	time Target is 494378
499698	[5320]	:	time Target is 499698
505018	[5320]	:	time Target is 505018
505562	[544]	:	Key	71	DOWN	at	505562  
510359	[4797]	:	time Target is 510359
515679	[5320]	:	time Target is 515679
516091	[412]	:	Key	71	DOWN	at	516090  
521015	[4924]	:	time Target is 521015
526335	[5320]	:	time Target is 526335
531660	[5325]	:	time Target is 531660
532333	[673]	:	Key	71	DOWN	at	532332  
536999	[4666]	:	time Target is 536999
537582	[583]	:	Key	71	DOWN	at	537582  
542389	[4807]	:	time Target is 542389
547734	[5345]	:	time Target is 547734
548251	[517]	:	Key	71	DOWN	at	548251  
553089	[4838]	:	time Target is 553089
558408	[5319]	:	time Target is 558408
558942	[534]	:	Key	71	DOWN	at	558942  
563746	[4804]	:	time Target is 563746
569068	[5322]	:	time Target is 569068
569515	[447]	:	Key	71	DOWN	at	569515  
574401	[4886]	:	time Target is 574401
579722	[5321]	:	time Target is 579722
580124	[402]	:	Key	71	DOWN	at	580123  
585058	[4934]	:	time Target is 585058
590376	[5318]	:	time Target is 590376
595692	[5316]	:	time Target is 595692
596091	[399]	:	Key	71	DOWN	at	596091  
601030	[4939]	:	time Target is 601030
601424	[394]	:	Key	71	DOWN	at	601423  
606363	[4939]	:	time Target is 606363
606764	[401]	:	Key	71	DOWN	at	606764  
611699	[4935]	:	time Target is 611699
612556	[857]	:	Key	71	DOWN	at	612556  
617035	[4479]	:	time Target is 617035
617646	[611]	:	Key	71	DOWN	at	617645  
622364	[4718]	:	time Target is 622364
627688	[5324]	:	time Target is 627688
627983	[295]	:	Key	71	DOWN	at	627983  
633022	[5039]	:	time Target is 633022
633981	[959]	:	Key	71	DOWN	at	633980  
638358	[4377]	:	time Target is 638358
638652	[294]	:	Key	71	DOWN	at	638652  
643699	[5047]	:	time Target is 643699
644286	[587]	:	Key	71	DOWN	at	644285  
649036	[4750]	:	time Target is 649036
654353	[5317]	:	time Target is 654353
654861	[508]	:	Key	71	DOWN	at	654860  
659691	[4830]	:	time Target is 659691
660635	[944]	:	Key	71	DOWN	at	660635  
665034	[4399]	:	time Target is 665034
670350	[5316]	:	time Target is 670350
670800	[450]	:	Key	71	DOWN	at	670799  
675685	[4885]	:	time Target is 675685
681009	[5324]	:	time Target is 681009
681341	[332]	:	Key	71	DOWN	at	681341  
686336	[4995]	:	time Target is 686336
686923	[587]	:	Key	71	DOWN	at	686923  
691672	[4749]	:	time Target is 691672
692048	[376]	:	Key	71	DOWN	at	692047  
697009	[4961]	:	time Target is 697009
702334	[5325]	:	time Target is 702334
702699	[365]	:	Key	71	DOWN	at	702699  
707667	[4968]	:	time Target is 707667
712990	[5323]	:	time Target is 712990
718310	[5320]	:	time Target is 718310
723629	[5319]	:	time Target is 723629
723934	[305]	:	Key	71	DOWN	at	723933  
728988	[5054]	:	time Target is 728988
729467	[479]	:	Key	71	DOWN	at	729467  
734337	[4870]	:	time Target is 734337
739652	[5315]	:	time Target is 739652
740156	[504]	:	Key	71	DOWN	at	740156  
744990	[4834]	:	time Target is 744990
745707	[717]	:	Key	71	DOWN	at	745707  
750330	[4623]	:	time Target is 750330
750731	[401]	:	Key	71	DOWN	at	750731  
755663	[4932]	:	time Target is 755663
760984	[5321]	:	time Target is 760984
766303	[5319]	:	time Target is 766303
771643	[5340]	:	time Target is 771643
772060	[417]	:	Key	71	DOWN	at	772060  
776976	[4916]	:	time Target is 776976
777403	[427]	:	Key	71	DOWN	at	777403  
782316	[4913]	:	time Target is 782316
787638	[5322]	:	time Target is 787638
788285	[647]	:	Key	71	DOWN	at	788284  
792977	[4692]	:	time Target is 792977
793548	[571]	:	Key	71	DOWN	at	793548  
798313	[4765]	:	time Target is 798313
798640	[327]	:	Key	71	DOWN	at	798639  
803652	[5012]	:	time Target is 803652
808979	[5327]	:	time Target is 808979
814306	[5327]	:	time Target is 814306
819626	[5320]	:	time Target is 819626
819984	[358]	:	Key	71	DOWN	at	819983  
824967	[4983]	:	time Target is 824967
825325	[358]	:	Key	71	DOWN	at	825325  
829276	[3951]	:	Key	71	UP	at	825516  
830732	[1456]	:	Key	71	DOWN	at	830731  
831510	[778]	:	Key	71	UP	at	830891  
831775	[265]	:	time Target is 831775
832303	[528]	:	Key	71	DOWN	at	832302  
837110	[4807]	:	time Target is 837110
837565	[455]	:	Key	71	DOWN	at	837564  
842448	[4883]	:	time Target is 842448
847770	[5322]	:	time Target is 847770
848367	[597]	:	Key	71	DOWN	at	848367  
853106	[4739]	:	time Target is 853106
854191	[1085]	:	Key	71	DOWN	at	854191  
858458	[4267]	:	time Target is 858458
863783	[5325]	:	time Target is 863783
869106	[5323]	:	time Target is 869106
874427	[5321]	:	time Target is 874427
874859	[432]	:	Key	71	DOWN	at	874859  
879760	[4901]	:	time Target is 879760
880126	[366]	:	Key	71	DOWN	at	880126  
885100	[4974]	:	time Target is 885100
890429	[5329]	:	time Target is 890429
895746	[5317]	:	time Target is 895746
901072	[5326]	:	time Target is 901072
901454	[382]	:	Key	71	DOWN	at	901454  
906406	[4952]	:	time Target is 906406
911729	[5323]	:	time Target is 911729
917057	[5328]	:	time Target is 917056
917611	[554]	:	Key	71	DOWN	at	917611  
922393	[4782]	:	time Target is 922393
927713	[5320]	:	time Target is 927713
933032	[5319]	:	time Target is 933032
938353	[5321]	:	time Target is 938353
943673	[5320]	:	time Target is 943673
948994	[5321]	:	time Target is 948994
949374	[380]	:	Key	71	DOWN	at	949373  
954335	[4961]	:	time Target is 954335
959653	[5318]	:	time Target is 959653
964972	[5319]	:	time Target is 964972
970290	[5318]	:	time Target is 970290
970783	[493]	:	Key	71	DOWN	at	970782  
975625	[4842]	:	time Target is 975625
976171	[546]	:	Key	71	DOWN	at	976171  
980957	[4786]	:	time Target is 980957
986283	[5326]	:	time Target is 986283
986942	[659]	:	Key	71	DOWN	at	986941  
991620	[4678]	:	time Target is 991620
992094	[474]	:	Key	71	DOWN	at	992093  
996959	[4865]	:	time Target is 996959
997565	[606]	:	Key	71	DOWN	at	997565  
1002297	[4732]	:	time Target is 1002297
1007635	[5338]	:	time Target is 1007635
1008012	[377]	:	Key	71	DOWN	at	1008011 
1012707	[4695]	:	Key	71	DOWN	at	1012683 
1015521	[2814]	:	time Target is 1015521
1015931	[410]	:	Key	71	DOWN	at	1015931 
1020856	[4925]	:	time Target is 1020856
1021598	[742]	:	Key	71	DOWN	at	1021598 
1026196	[4598]	:	time Target is 1026196
1026784	[588]	:	Key	71	DOWN	at	1026782 
1031534	[4750]	:	time Target is 1031534
1036856	[5322]	:	time Target is 1036856
1037295	[439]	:	Key	71	DOWN	at	1037295 
1042189	[4894]	:	time Target is 1042189
1042588	[399]	:	Key	71	DOWN	at	1042588 
1047525	[4937]	:	time Target is 1047525
1052879	[5354]	:	time Target is 1052879
1053246	[367]	:	Key	71	DOWN	at	1053246 
1058214	[4968]	:	time Target is 1058214
1058717	[503]	:	Key	71	DOWN	at	1058716 
1063553	[4836]	:	time Target is 1063553
1064091	[538]	:	Key	71	DOWN	at	1064091 
1068890	[4799]	:	time Target is 1068890
1074210	[5320]	:	time Target is 1074210
1079537	[5327]	:	time Target is 1079537
1079900	[363]	:	Key	71	DOWN	at	1079900 
1084876	[4976]	:	time Target is 1084876
1085388	[512]	:	Key	71	DOWN	at	1085387 
1090210	[4822]	:	time Target is 1090210
1095532	[5322]	:	time Target is 1095532
1100853	[5321]	:	time Target is 1100853
1106179	[5326]	:	time Target is 1106179
1111501	[5322]	:	time Target is 1111501
1111853	[352]	:	Key	71	DOWN	at	1111853 
1116841	[4988]	:	time Target is 1116841
1117294	[453]	:	Key	71	DOWN	at	1117294 
1122177	[4883]	:	time Target is 1122177
1122619	[442]	:	Key	71	DOWN	at	1122618 
1127508	[4889]	:	time Target is 1127508
1128428	[920]	:	Key	71	DOWN	at	1128428 
1132849	[4421]	:	time Target is 1132849
1133534	[685]	:	Key	71	DOWN	at	1133534 
1138190	[4656]	:	time Target is 1138190
1138621	[431]	:	Key	71	DOWN	at	1138621 
1143527	[4906]	:	time Target is 1143527
1148847	[5320]	:	time Target is 1148847
1154167	[5320]	:	time Target is 1154167
1159486	[5319]	:	time Target is 1159486
1159856	[370]	:	Key	71	DOWN	at	1159855 
1164827	[4971]	:	time Target is 1164827
1170187	[5360]	:	time Target is 1170187
1170942	[755]	:	Key	71	DOWN	at	1170942 
1175526	[4584]	:	time Target is 1175526
1176028	[502]	:	Key	71	DOWN	at	1176027 
1180864	[4836]	:	time Target is 1180864
1181278	[414]	:	Key	71	DOWN	at	1181277 
1186202	[4924]	:	time Target is 1186202
1191528	[5326]	:	time Target is 1191528
1196848	[5320]	:	time Target is 1196848
1202165	[5317]	:	time Target is 1202165
1202637	[472]	:	Key	71	DOWN	at	1202637 
1207504	[4867]	:	time Target is 1207504
1208238	[734]	:	Key	71	DOWN	at	1208237 
1212833	[4595]	:	time Target is 1212833
1218146	[5313]	:	time Target is 1218146
1218714	[568]	:	Key	71	DOWN	at	1218714 
1223481	[4767]	:	time Target is 1223481
1224058	[577]	:	Key	71	DOWN	at	1224058 
1228824	[4766]	:	time Target is 1228824
1234145	[5321]	:	time Target is 1234145
1239465	[5320]	:	time Target is 1239465
1240010	[545]	:	Key	71	DOWN	at	1240010 
1244826	[4816]	:	time Target is 1244826
1245309	[483]	:	Key	71	DOWN	at	1245309 
1250163	[4854]	:	time Target is 1250163
1250815	[652]	:	Key	71	DOWN	at	1250814 
1255504	[4689]	:	time Target is 1255504
1255932	[428]	:	Key	71	DOWN	at	1255932 
1260842	[4910]	:	time Target is 1260842
1261582	[740]	:	Key	71	DOWN	at	1261582 
1266177	[4595]	:	time Target is 1266177
1266682	[505]	:	Key	71	DOWN	at	1266682 
1271518	[4836]	:	time Target is 1271518
1272286	[768]	:	Key	71	DOWN	at	1272286 
1276857	[4571]	:	time Target is 1276857
1282178	[5321]	:	time Target is 1282178
1283071	[893]	:	Key	71	DOWN	at	1283071 
1287514	[4443]	:	time Target is 1287514
1292837	[5323]	:	time Target is 1292837
1298162	[5325]	:	time Target is 1298162
1303486	[5324]	:	time Target is 1303486
1307772	[4286]	:	Key	71	DOWN	at	1305165 
1307773	[1]	:	Key	71	UP	at	1305262 
1313709	[5936]	:	Key	71	DOWN	at	1313709 
1313885	[176]	:	Key	71	UP	at	1313885 
1316190	[2305]	:	Key	71	DOWN	at	1316190 
1316980	[790]	:	Key	71	UP	at	1316316 
1317248	[268]	:	time Target is 1317248
1317803	[555]	:	Key	71	DOWN	at	1317803 
1322589	[4786]	:	time Target is 1322589
1327909	[5320]	:	time Target is 1327909
1328717	[808]	:	Key	71	DOWN	at	1328717 
1333247	[4530]	:	time Target is 1333247
1334272	[1025]	:	Key	71	DOWN	at	1334271 
1338589	[4317]	:	time Target is 1338589
1343913	[5324]	:	time Target is 1343913
1344752	[839]	:	Key	71	DOWN	at	1344751 
1349251	[4499]	:	time Target is 1349251
1354575	[5324]	:	time Target is 1354575
1355037	[462]	:	Key	71	DOWN	at	1355036 
1359909	[4872]	:	time Target is 1359909
1365231	[5322]	:	time Target is 1365231
1365551	[320]	:	Key	71	DOWN	at	1365550 
1370567	[5016]	:	time Target is 1370567
1370987	[420]	:	Key	71	DOWN	at	1370987 
1375904	[4917]	:	time Target is 1375904
1381223	[5319]	:	time Target is 1381223
1386548	[5325]	:	time Target is 1386548
1387007	[459]	:	Key	71	DOWN	at	1387007 
1391880	[4873]	:	time Target is 1391880
1392795	[915]	:	Key	71	DOWN	at	1392795 
1397219	[4424]	:	time Target is 1397219
1397803	[584]	:	Key	71	DOWN	at	1397803 
1402573	[4770]	:	time Target is 1402573
1402924	[351]	:	Key	71	DOWN	at	1402924 
1407915	[4991]	:	time Target is 1407915
1408366	[451]	:	Key	71	DOWN	at	1408366 
1413251	[4885]	:	time Target is 1413251
1413867	[616]	:	Key	71	DOWN	at	1413867 
1418588	[4721]	:	time Target is 1418588
1419055	[467]	:	Key	71	DOWN	at	1419054 
1423925	[4870]	:	time Target is 1423925
1424287	[362]	:	Key	71	DOWN	at	1424287 
1429260	[4973]	:	time Target is 1429260
1434579	[5319]	:	time Target is 1434579
1434940	[361]	:	Key	71	DOWN	at	1434940 
1439918	[4978]	:	time Target is 1439918
1445238	[5320]	:	time Target is 1445238
1445899	[661]	:	Key	71	DOWN	at	1445898 
1450578	[4679]	:	time Target is 1450578
1451055	[477]	:	Key	71	DOWN	at	1451054 
1455917	[4862]	:	time Target is 1455917
1456367	[450]	:	Key	71	DOWN	at	1456366 
1461250	[4883]	:	time Target is 1461250
1461770	[520]	:	Key	71	DOWN	at	1461770 
1466588	[4818]	:	time Target is 1466588
1471907	[5319]	:	time Target is 1471907
1477225	[5318]	:	time Target is 1477225
1477820	[595]	:	Key	71	DOWN	at	1477819 
1482565	[4745]	:	time Target is 1482565
1483133	[568]	:	Key	71	DOWN	at	1483133 
1487927	[4794]	:	time Target is 1487927
1488302	[375]	:	Key	71	DOWN	at	1488302 
1493254	[4952]	:	time Target is 1493254
1493791	[537]	:	Key	71	DOWN	at	1493790 
1498589	[4798]	:	time Target is 1498589
1498975	[386]	:	Key	71	DOWN	at	1498975 
1503921	[4946]	:	time Target is 1503921
1504301	[380]	:	Key	71	DOWN	at	1504300 
1509253	[4952]	:	time Target is 1509253
1509983	[730]	:	Key	71	DOWN	at	1509983 
1514610	[4627]	:	time Target is 1514610
1519930	[5320]	:	time Target is 1519930
1525252	[5322]	:	time Target is 1525252
1530579	[5327]	:	time Target is 1530579
1530941	[362]	:	Key	71	DOWN	at	1530940 
1535908	[4967]	:	time Target is 1535908
1536300	[392]	:	Key	71	DOWN	at	1536299 
1541248	[4948]	:	time Target is 1541248
1541834	[586]	:	Key	71	DOWN	at	1541834 
1546585	[4751]	:	time Target is 1546585
1551909	[5324]	:	time Target is 1551909
1552379	[470]	:	Key	71	DOWN	at	1552378 
1557247	[4868]	:	time Target is 1557247
1562568	[5321]	:	time Target is 1562568
1567889	[5321]	:	time Target is 1567889
1573208	[5319]	:	time Target is 1573208
1573583	[375]	:	Key	71	DOWN	at	1573582 
1578542	[4959]	:	time Target is 1578542
1583863	[5321]	:	time Target is 1583863
1584925	[1062]	:	Key	71	DOWN	at	1584925 
1589198	[4273]	:	time Target is 1589198
1594518	[5320]	:	time Target is 1594518
1595291	[773]	:	Key	71	DOWN	at	1595290 
1599892	[4601]	:	time Target is 1599892
1605219	[5327]	:	time Target is 1605219
1605581	[362]	:	Key	71	DOWN	at	1605580 
1610554	[4973]	:	time Target is 1610554
1611980	[1426]	:	Key	71	DOWN	at	1611980 
1615912	[3932]	:	time Target is 1615912
1621231	[5319]	:	time Target is 1621231
1626557	[5326]	:	time Target is 1626557
1627003	[446]	:	Key	71	DOWN	at	1627003 
1631892	[4889]	:	time Target is 1631892
1637209	[5317]	:	time Target is 1637209
1642539	[5330]	:	time Target is 1642539
1643851	[1312]	:	Key	71	DOWN	at	1643851 
1647875	[4024]	:	time Target is 1647875
1648800	[925]	:	Key	71	DOWN	at	1648799 
1653212	[4412]	:	time Target is 1653212
1658532	[5320]	:	time Target is 1658532
1663860	[5328]	:	time Target is 1663860
1664352	[492]	:	Key	71	DOWN	at	1664351 
1669191	[4839]	:	time Target is 1669191
1674511	[5320]	:	time Target is 1674511
1675148	[637]	:	Key	71	DOWN	at	1675148 
1679876	[4728]	:	time Target is 1679876
1680270	[394]	:	Key	71	DOWN	at	1680269 
1685227	[4957]	:	time Target is 1685227
1690545	[5318]	:	time Target is 1690545
1691098	[553]	:	Key	71	DOWN	at	1691098 
1695880	[4782]	:	time Target is 1695880
1696287	[407]	:	Key	71	DOWN	at	1696287 
1701215	[4928]	:	time Target is 1701215
1706530	[5315]	:	time Target is 1706530
1711851	[5321]	:	time Target is 1711851
1712175	[324]	:	Key	71	DOWN	at	1712175 
1717186	[5011]	:	time Target is 1717186
1722506	[5320]	:	time Target is 1722506
1723098	[592]	:	Key	71	DOWN	at	1723098 
1727856	[4758]	:	time Target is 1727856
1733176	[5320]	:	time Target is 1733176
1738497	[5321]	:	time Target is 1738497
1743820	[5323]	:	time Target is 1743820
1749149	[5329]	:	time Target is 1749149
1754474	[5325]	:	time Target is 1754474
1755054	[580]	:	Key	71	DOWN	at	1755054 
1759813	[4759]	:	time Target is 1759813
1761004	[1191]	:	Key	71	DOWN	at	1761004 
1765153	[4149]	:	time Target is 1765153
1770475	[5322]	:	time Target is 1770475
1771099	[624]	:	Key	71	DOWN	at	1771099 
1775813	[4714]	:	time Target is 1775813
1776557	[744]	:	Key	71	DOWN	at	1776556 
1781152	[4595]	:	time Target is 1781152
1781615	[463]	:	Key	71	DOWN	at	1781614 
1786478	[4863]	:	time Target is 1786478
1787051	[573]	:	Key	71	DOWN	at	1787051 
1791814	[4763]	:	time Target is 1791814
1792220	[406]	:	Key	71	DOWN	at	1792220 
1796116	[3896]	:	Key	71	UP	at	1792397 
1808139	[12023]	:	Key	71	DOWN	at	1808139 
1808928	[789]	:	Key	71	UP	at	1808383 
1809197	[269]	:	time Target is 1809197
1809708	[511]	:	Key	71	DOWN	at	1809708 
1814536	[4828]	:	time Target is 1814536
1815005	[469]	:	Key	71	DOWN	at	1815004 
1819610	[4605]	:	Key	71	DOWN	at	1819549 
1822422	[2812]	:	time Target is 1822422
1822988	[566]	:	Key	71	DOWN	at	1822988 
1827755	[4767]	:	time Target is 1827755
1828170	[415]	:	Key	71	DOWN	at	1828170 
1833091	[4921]	:	time Target is 1833091
1833628	[537]	:	Key	71	DOWN	at	1833628 
1838429	[4801]	:	time Target is 1838429
1843754	[5325]	:	time Target is 1843754
1844078	[324]	:	Key	71	DOWN	at	1844077 
1849095	[5017]	:	time Target is 1849095
1849423	[328]	:	Key	71	DOWN	at	1849423 
1854432	[5009]	:	time Target is 1854432
1854957	[525]	:	Key	71	DOWN	at	1854957 
1859504	[4547]	:	Key	71	DOWN	at	1859357 
1859505	[1]	:	Key	71	UP	at	1859500 
1862321	[2816]	:	time Target is 1862321
1862782	[461]	:	Key	71	DOWN	at	1862782 
1867664	[4882]	:	time Target is 1867664
1868316	[652]	:	Key	71	DOWN	at	1868316 
1873002	[4686]	:	time Target is 1873002
1873470	[468]	:	Key	71	DOWN	at	1873470 
1878339	[4869]	:	time Target is 1878339
1878715	[376]	:	Key	71	DOWN	at	1878714 
1883670	[4955]	:	time Target is 1883670
1884234	[564]	:	Key	71	DOWN	at	1884234 
1889007	[4773]	:	time Target is 1889007
1889935	[928]	:	Key	71	DOWN	at	1889935 
1894346	[4411]	:	time Target is 1894346
1894655	[309]	:	Key	71	DOWN	at	1894654 
1899688	[5033]	:	time Target is 1899688
1900043	[355]	:	Key	71	DOWN	at	1900043 
1905053	[5010]	:	time Target is 1905053
1905392	[339]	:	Key	71	DOWN	at	1905391 
1910388	[4996]	:	time Target is 1910388
1915712	[5324]	:	time Target is 1915712
1916138	[426]	:	Key	71	DOWN	at	1916138 
1921051	[4913]	:	time Target is 1921051
1926372	[5321]	:	time Target is 1926372
1931694	[5322]	:	time Target is 1931694
1937017	[5323]	:	time Target is 1937017
1937644	[627]	:	Key	71	DOWN	at	1937643 
1942354	[4710]	:	time Target is 1942354
1942863	[509]	:	Key	71	DOWN	at	1942862 
1947689	[4826]	:	time Target is 1947689
1948336	[647]	:	Key	71	DOWN	at	1948335 
1953030	[4694]	:	time Target is 1953030
1958352	[5322]	:	time Target is 1958352
1963669	[5317]	:	time Target is 1963669
1964142	[473]	:	Key	71	DOWN	at	1964142 
1969005	[4863]	:	time Target is 1969005
1969472	[467]	:	Key	71	DOWN	at	1969471 
1974341	[4869]	:	time Target is 1974341
1974944	[603]	:	Key	71	DOWN	at	1974943 
1979680	[4736]	:	time Target is 1979680
1980555	[875]	:	Key	71	DOWN	at	1980555 
1985018	[4463]	:	time Target is 1985018
1990076	[5058]	:	Key	71	DOWN	at	1990058 
1992895	[2819]	:	time Target is 1992895
1993262	[367]	:	Key	71	DOWN	at	1993262 
1998231	[4969]	:	time Target is 1998231
2003555	[5324]	:	time Target is 2003555
2003983	[428]	:	Key	71	DOWN	at	2003983 
2008888	[4905]	:	time Target is 2008888
2009530	[642]	:	Key	71	DOWN	at	2009530 
2014222	[4692]	:	time Target is 2014222
2014863	[641]	:	Key	71	DOWN	at	2014863 
2019555	[4692]	:	time Target is 2019555
2024883	[5328]	:	time Target is 2024883
2025328	[445]	:	Key	71	DOWN	at	2025326 
2030240	[4912]	:	time Target is 2030240
2030750	[510]	:	Key	71	DOWN	at	2030750 
2035576	[4826]	:	time Target is 2035576
2035952	[376]	:	Key	71	DOWN	at	2035951 
2040919	[4967]	:	time Target is 2040919
2041404	[485]	:	Key	71	DOWN	at	2041403 
2046256	[4852]	:	time Target is 2046256
2051577	[5321]	:	time Target is 2051577
2052237	[660]	:	Key	71	DOWN	at	2052237 
2056909	[4672]	:	time Target is 2056909
2057340	[431]	:	Key	71	DOWN	at	2057340 
2062246	[4906]	:	time Target is 2062246
2062827	[581]	:	Key	71	DOWN	at	2062827 
2067583	[4756]	:	time Target is 2067583
2068061	[478]	:	Key	71	DOWN	at	2068061 
2072920	[4859]	:	time Target is 2072920
2073469	[549]	:	Key	71	DOWN	at	2073469 
2078263	[4794]	:	time Target is 2078263
2078830	[567]	:	Key	71	DOWN	at	2078829 
2083596	[4766]	:	time Target is 2083596
2084092	[496]	:	Key	71	DOWN	at	2084092 
2088938	[4846]	:	time Target is 2088938
2089755	[817]	:	Key	71	DOWN	at	2089755 
2094283	[4528]	:	time Target is 2094283
2094559	[276]	:	Key	71	DOWN	at	2094558 
2099619	[5060]	:	time Target is 2099619
2100000	[381]	:	Key	71	DOWN	at	2099999 
2104957	[4957]	:	time Target is 2104957
2105628	[671]	:	Key	71	DOWN	at	2105627 
2110031	[4403]	:	Key	71	DOWN	at	2109933 
2112847	[2816]	:	time Target is 2112847
2113418	[571]	:	Key	71	DOWN	at	2113418 
2118182	[4764]	:	time Target is 2118182
2118604	[422]	:	Key	71	DOWN	at	2118603 
2123516	[4912]	:	time Target is 2123516
2123931	[415]	:	Key	71	DOWN	at	2123930 
2128854	[4923]	:	time Target is 2128854
2134176	[5322]	:	time Target is 2134176
2139496	[5320]	:	time Target is 2139496
2140016	[520]	:	Key	71	DOWN	at	2140015 
2144830	[4814]	:	time Target is 2144830
2150148	[5318]	:	time Target is 2150148
2155469	[5321]	:	time Target is 2155469
2156062	[593]	:	Key	71	DOWN	at	2156061 
2160806	[4744]	:	time Target is 2160806
2161306	[500]	:	Key	71	DOWN	at	2161306 
2166138	[4832]	:	time Target is 2166138
2166651	[513]	:	Key	71	DOWN	at	2166651 
2171472	[4821]	:	time Target is 2171472
2176788	[5316]	:	time Target is 2176788
2177388	[600]	:	Key	71	DOWN	at	2177387 
2182118	[4730]	:	time Target is 2182118
2182685	[567]	:	Key	71	DOWN	at	2182685 
2187456	[4771]	:	time Target is 2187456
2187805	[349]	:	Key	71	DOWN	at	2187805 
2192795	[4990]	:	time Target is 2192795
2193278	[483]	:	Key	71	DOWN	at	2193276 
2198131	[4853]	:	time Target is 2198131
2198732	[601]	:	Key	71	DOWN	at	2198731 
2203477	[4745]	:	time Target is 2203477
2203949	[472]	:	Key	71	DOWN	at	2203948 
2208825	[4876]	:	time Target is 2208825
2213877	[5052]	:	Key	71	DOWN	at	2213855 
2216723	[2846]	:	time Target is 2216723
2217278	[555]	:	Key	71	DOWN	at	2217278 
2222062	[4784]	:	time Target is 2222062
2222688	[626]	:	Key	71	DOWN	at	2222687 
2227430	[4742]	:	time Target is 2227430
2227982	[552]	:	Key	71	DOWN	at	2227982 
2232766	[4784]	:	time Target is 2232766
2233211	[445]	:	Key	71	DOWN	at	2233210 
2238103	[4892]	:	time Target is 2238103
2243437	[5334]	:	time Target is 2243437
2243886	[449]	:	Key	71	DOWN	at	2243885 
2248771	[4885]	:	time Target is 2248771
2249308	[537]	:	Key	71	DOWN	at	2249308 
2254108	[4800]	:	time Target is 2254108
2254558	[450]	:	Key	71	DOWN	at	2254558 
2259443	[4885]	:	time Target is 2259443
2259903	[460]	:	Key	71	DOWN	at	2259902 
2264782	[4879]	:	time Target is 2264782
2265261	[479]	:	Key	71	DOWN	at	2265260 
2270136	[4875]	:	time Target is 2270136
2270683	[547]	:	Key	71	DOWN	at	2270682 
2274436	[3753]	:	Key	71	UP	at	2270842 
2278220	[3784]	:	Key	71	DOWN	at	2278220 
2278350	[130]	:	Key	71	UP	at	2278350 
2291387	[13037]	:	Key	29	DOWN	at	2291387 
2291563	[176]	:	Key	29	UP	at	2291562 
2298894	[7331]	:	Key	29	DOWN	at	2298894 
2299018	[124]	:	Key	29	UP	at	2299018 
2302491	[3473]	:	Key	29	DOWN	at	2302491 
2302619	[128]	:	Key	29	UP	at	2302618 
2303324	[705]	:	Key	29	DOWN	at	2303324 
2303451	[127]	:	Key	29	UP	at	2303451 
2305868	[2417]	:	Key	28	DOWN	at	2305868 
2306014	[146]	:	Key	28	UP	at	2306013 
2306731	[717]	:	Key	28	DOWN	at	2306730 
2306843	[112]	:	Key	28	UP	at	2306842 
2308348	[1505]	:	Key	28	DOWN	at	2308348 
2308493	[145]	:	Key	28	UP	at	2308493 
2309214	[721]	:	Key	28	DOWN	at	2309213 
2309344	[130]	:	Key	28	UP	at	2309343 
2317278	[7934]	:	Key	28	DOWN	at	2317278 
2317454	[176]	:	Key	28	UP	at	2317454 
2320442	[2988]	:	Key	28	DOWN	at	2320442 
2320637	[195]	:	Key	28	UP	at	2320637 
2322427	[1790]	:	Key	28	DOWN	at	2322427 
2322602	[175]	:	Key	28	UP	at	2322602 
2323262	[660]	:	Key	28	DOWN	at	2323262 
2323406	[144]	:	Key	28	UP	at	2323406 
2330415	[7009]	:	Key	29	DOWN	at	2330414 
2330543	[128]	:	Key	29	UP	at	2330542 
2331789	[1246]	:	Key	28	DOWN	at	2331789 
2331966	[177]	:	Key	28	UP	at	2331965 
2334479	[2513]	:	Key	29	DOWN	at	2334479 
2334670	[191]	:	Key	29	UP	at	2334670 
2335885	[1215]	:	Key	29	DOWN	at	2335885 
2335920	[35]	:	COGENT STOP
