Cog2000 log file Tue Aug 13 13:04:12 2019
gprim v1.33 Compiled:Aug 12 2015 (GLib DirectDraw v7 DX12.0 Compiled:Aug 12 2015)
Display:1024x768x32 59.95Hz
Attaching C:\Program Files\Cogent2000v1.33\Toolbox\CogInput.mexw64
CogInput v1.05 Compiled: May 20 2010
7	[7]	:	COGENT START
11227	[11220]	:	Key	71	DOWN	at	11226   
11320	[93]	:	Key	71	UP	at	11320   
36217	[24897]	:	Key	71	DOWN	at	36215   
36315	[98]	:	Key	71	UP	at	36313   
41629	[5314]	:	Key	71	DOWN	at	41625   
41706	[77]	:	Key	71	UP	at	41705   
53786	[12080]	:	Key	71	DOWN	at	53786   
53869	[83]	:	Key	71	UP	at	53868   
70636	[16767]	:	Key	71	DOWN	at	70634   
70711	[75]	:	Key	71	UP	at	70711   
98667	[27956]	:	Key	71	DOWN	at	98667   
99623	[956]	:	time Target is 99585
105761	[6138]	:	time Target is 105760
106360	[599]	:	Key	71	DOWN	at	106360  
111894	[5534]	:	time Target is 111893
112235	[341]	:	Key	71	DOWN	at	112235  
117996	[5761]	:	time Target is 117994
118379	[383]	:	Key	71	DOWN	at	118378  
124098	[5719]	:	time Target is 124093
124408	[310]	:	Key	71	DOWN	at	124407  
134987	[10579]	:	Key	71	DOWN	at	134986  
136048	[1061]	:	time Target is 136048
142371	[6323]	:	time Target is 142371
148702	[6331]	:	time Target is 148701
155025	[6323]	:	time Target is 155025
177272	[22247]	:	Key	71	DOWN	at	177272  
177370	[98]	:	Key	71	UP	at	177370  
182071	[4701]	:	Key	71	DOWN	at	182071  
182188	[117]	:	Key	71	UP	at	182188  
187754	[5566]	:	Key	71	DOWN	at	187753  
187816	[62]	:	Key	71	UP	at	187816  
198362	[10546]	:	Key	71	DOWN	at	198361  
198441	[79]	:	Key	71	UP	at	198441  
205562	[7121]	:	Key	71	DOWN	at	205562  
206393	[831]	:	Key	71	UP	at	205724  
206420	[27]	:	time Target is 206420
206921	[501]	:	Key	71	DOWN	at	206920  
211526	[4605]	:	time Target is 211526
212139	[613]	:	Key	71	DOWN	at	212138  
216627	[4488]	:	time Target is 216627
217047	[420]	:	Key	71	UP	at	217047  
217595	[548]	:	Key	71	DOWN	at	217595  
221727	[4132]	:	time Target is 221727
222332	[605]	:	Key	71	DOWN	at	222331  
226838	[4506]	:	time Target is 226838
227399	[561]	:	Key	71	DOWN	at	227399  
231147	[3748]	:	Key	71	UP	at	227559  
235289	[4142]	:	Key	71	DOWN	at	235289  
236073	[784]	:	Key	71	UP	at	235415  
236095	[22]	:	time Target is 236095
250041	[13946]	:	Key	71	DOWN	at	250041  
250170	[129]	:	Key	71	UP	at	250170  
256536	[6366]	:	Key	71	DOWN	at	256535  
257317	[781]	:	Key	71	UP	at	256748  
257341	[24]	:	time Target is 257341
257819	[478]	:	Key	71	DOWN	at	257817  
262426	[4607]	:	time Target is 262426
263500	[1074]	:	Key	71	DOWN	at	263500  
267515	[4015]	:	time Target is 267515
272583	[5068]	:	time Target is 272583
287596	[15013]	:	Key	71	DOWN	at	287595  
287736	[140]	:	Key	71	UP	at	287735  
291672	[3936]	:	Key	71	DOWN	at	291672  
292458	[786]	:	Key	71	UP	at	291847  
292478	[20]	:	time Target is 292477
293036	[558]	:	Key	71	DOWN	at	293036  
297547	[4511]	:	time Target is 297547
302609	[5062]	:	time Target is 302609
303370	[761]	:	Key	71	DOWN	at	303370  
307674	[4304]	:	time Target is 307674
307962	[288]	:	Key	71	DOWN	at	307960  
311955	[3993]	:	Key	71	UP	at	308056  
323674	[11719]	:	Key	71	DOWN	at	323672  
323786	[112]	:	Key	71	UP	at	323785  
328729	[4943]	:	Key	71	DOWN	at	328727  
329514	[785]	:	Key	71	UP	at	328905  
329529	[15]	:	time Target is 329529
330410	[881]	:	Key	71	DOWN	at	330409  
334610	[4200]	:	time Target is 334610
339671	[5061]	:	time Target is 339671
341032	[1361]	:	Key	71	DOWN	at	341032  
344738	[3706]	:	time Target is 344738
358633	[13895]	:	Key	71	DOWN	at	358633  
358743	[110]	:	Key	71	UP	at	358743  
376636	[17893]	:	Key	71	DOWN	at	376636  
376731	[95]	:	Key	71	UP	at	376730  
393932	[17201]	:	Key	71	DOWN	at	393932  
394028	[96]	:	Key	71	UP	at	394027  
409035	[15007]	:	Key	71	DOWN	at	409034  
409159	[124]	:	Key	71	UP	at	409159  
412411	[3252]	:	Key	71	DOWN	at	412410  
414992	[2581]	:	time Target is 414992
416346	[1354]	:	Key	71	DOWN	at	416346  
420335	[3989]	:	time Target is 420335
421068	[733]	:	Key	71	DOWN	at	421067  
425678	[4610]	:	time Target is 425677
431011	[5333]	:	time Target is 431010
431369	[358]	:	Key	71	DOWN	at	431369  
436357	[4988]	:	time Target is 436357
436921	[564]	:	Key	71	DOWN	at	436921  
441712	[4791]	:	time Target is 441712
442540	[828]	:	Key	71	DOWN	at	442539  
447050	[4510]	:	time Target is 447050
452367	[5317]	:	Key	71	DOWN	at	452200  
452368	[1]	:	Key	71	UP	at	452362  
455185	[2817]	:	time Target is 455185
455564	[379]	:	Key	71	DOWN	at	455563  
460529	[4965]	:	time Target is 460529
465854	[5325]	:	time Target is 465854
466093	[239]	:	Key	71	DOWN	at	466092  
470945	[4852]	:	Key	71	DOWN	at	470905  
473762	[2817]	:	time Target is 473762
474059	[297]	:	Key	71	DOWN	at	474058  
479101	[5042]	:	time Target is 479101
479930	[829]	:	Key	71	DOWN	at	479929  
484435	[4505]	:	time Target is 484435
485145	[710]	:	Key	71	DOWN	at	485145  
489774	[4629]	:	time Target is 489774
495108	[5334]	:	time Target is 495108
496217	[1109]	:	Key	71	DOWN	at	496216  
500452	[4235]	:	time Target is 500452
500538	[86]	:	Key	71	DOWN	at	500536  
505793	[5255]	:	time Target is 505793
510855	[5062]	:	Key	71	DOWN	at	510649  
513669	[2814]	:	time Target is 513669
514171	[502]	:	Key	71	DOWN	at	514171  
519010	[4839]	:	time Target is 519010
519996	[986]	:	Key	71	DOWN	at	519995  
524348	[4352]	:	time Target is 524348
529670	[5322]	:	time Target is 529670
530428	[758]	:	Key	71	DOWN	at	530428  
535020	[4592]	:	time Target is 535020
535992	[972]	:	Key	71	DOWN	at	535992  
540352	[4360]	:	time Target is 540352
540860	[508]	:	Key	71	DOWN	at	540860  
545687	[4827]	:	time Target is 545687
546874	[1187]	:	Key	71	DOWN	at	546873  
551024	[4150]	:	time Target is 551024
552186	[1162]	:	Key	71	DOWN	at	552186  
556363	[4177]	:	time Target is 556363
556697	[334]	:	Key	71	DOWN	at	556696  
561707	[5010]	:	time Target is 561707
562700	[993]	:	Key	71	DOWN	at	562700  
567043	[4343]	:	time Target is 567043
567756	[713]	:	Key	71	DOWN	at	567755  
572382	[4626]	:	time Target is 572382
577726	[5344]	:	time Target is 577726
583048	[5322]	:	time Target is 583048
588371	[5323]	:	time Target is 588371
589516	[1145]	:	Key	71	DOWN	at	589515  
593712	[4196]	:	time Target is 593712
594236	[524]	:	Key	71	DOWN	at	594236  
599050	[4814]	:	time Target is 599050
604370	[5320]	:	time Target is 604370
605194	[824]	:	Key	71	DOWN	at	605194  
609697	[4503]	:	time Target is 609697
610168	[471]	:	Key	71	DOWN	at	610167  
615030	[4862]	:	time Target is 615030
615608	[578]	:	Key	71	DOWN	at	615608  
620104	[4496]	:	Key	71	DOWN	at	620093  
622918	[2814]	:	time Target is 622918
623242	[324]	:	Key	71	DOWN	at	623241  
628252	[5010]	:	time Target is 628252
629225	[973]	:	Key	71	DOWN	at	629224  
633594	[4369]	:	time Target is 633594
634331	[737]	:	Key	71	DOWN	at	634331  
638931	[4600]	:	time Target is 638931
644256	[5325]	:	time Target is 644256
649578	[5322]	:	time Target is 649578
650088	[510]	:	Key	71	DOWN	at	650087  
654918	[4830]	:	time Target is 654918
655515	[597]	:	Key	71	DOWN	at	655515  
660253	[4738]	:	time Target is 660253
661067	[814]	:	Key	71	DOWN	at	661067  
665595	[4528]	:	time Target is 665595
670914	[5319]	:	time Target is 670914
671451	[537]	:	Key	71	DOWN	at	671450  
676240	[4789]	:	time Target is 676240
681563	[5323]	:	time Target is 681563
682233	[670]	:	Key	71	DOWN	at	682233  
686897	[4664]	:	time Target is 686897
687613	[716]	:	Key	71	DOWN	at	687612  
692237	[4624]	:	time Target is 692237
697567	[5330]	:	time Target is 697567
698363	[796]	:	Key	71	DOWN	at	698362  
702903	[4540]	:	time Target is 702903
704252	[1349]	:	Key	71	DOWN	at	704252  
708230	[3978]	:	Key	71	DOWN	at	708151  
711050	[2820]	:	time Target is 711050
716364	[5314]	:	time Target is 716364
716888	[524]	:	Key	71	DOWN	at	716888  
721723	[4835]	:	time Target is 721723
727048	[5325]	:	time Target is 727048
732372	[5324]	:	time Target is 732372
732715	[343]	:	Key	71	DOWN	at	732715  
737710	[4995]	:	time Target is 737710
743034	[5324]	:	time Target is 743034
743657	[623]	:	Key	71	DOWN	at	743657  
748372	[4715]	:	time Target is 748372
749321	[949]	:	Key	71	DOWN	at	749321  
753709	[4388]	:	time Target is 753709
758768	[5059]	:	Key	71	DOWN	at	758748  
761585	[2817]	:	time Target is 761585
766900	[5315]	:	Key	71	DOWN	at	766764  
769706	[2806]	:	Key	71	DOWN	at	769596  
772519	[2813]	:	time Target is 772519
773067	[548]	:	Key	71	DOWN	at	773066  
777853	[4786]	:	time Target is 777853
778156	[303]	:	Key	71	DOWN	at	778155  
783194	[5038]	:	time Target is 783194
783802	[608]	:	Key	71	DOWN	at	783802  
788527	[4725]	:	time Target is 788527
789033	[506]	:	Key	71	DOWN	at	789033  
793861	[4828]	:	time Target is 793861
799180	[5319]	:	time Target is 799180
804496	[5316]	:	time Target is 804496
804890	[394]	:	Key	71	DOWN	at	804890  
809837	[4947]	:	time Target is 809837
815192	[5355]	:	time Target is 815192
815932	[740]	:	Key	71	DOWN	at	815931  
820526	[4594]	:	time Target is 820526
825851	[5325]	:	time Target is 825851
826348	[497]	:	Key	71	DOWN	at	826347  
831192	[4844]	:	time Target is 831192
836510	[5318]	:	time Target is 836510
841831	[5321]	:	time Target is 841831
842264	[433]	:	Key	71	DOWN	at	842264  
846899	[4635]	:	Key	71	DOWN	at	846827  
849718	[2819]	:	time Target is 849718
850396	[678]	:	Key	71	DOWN	at	850396  
855055	[4659]	:	time Target is 855055
860378	[5323]	:	time Target is 860378
861197	[819]	:	Key	71	DOWN	at	861197  
865705	[4508]	:	time Target is 865705
1050008	[184303]	:	Key	71	DOWN	at	1050008 
1050800	[792]	:	Key	71	UP	at	1050153 
1051072	[272]	:	time Target is 1051072
1052012	[940]	:	Key	71	DOWN	at	1052012 
1056404	[4392]	:	time Target is 1056404
1056923	[519]	:	Key	71	DOWN	at	1056922 
1061741	[4818]	:	time Target is 1061741
1067062	[5321]	:	time Target is 1067062
1067899	[837]	:	Key	71	DOWN	at	1067898 
1072401	[4502]	:	time Target is 1072401
1077470	[5069]	:	Key	71	DOWN	at	1077448 
1080284	[2814]	:	time Target is 1080284
1081212	[928]	:	Key	71	DOWN	at	1081212 
1085616	[4404]	:	time Target is 1085616
1090922	[5306]	:	Key	71	DOWN	at	1090874 
1093733	[2811]	:	time Target is 1093733
1094297	[564]	:	Key	71	DOWN	at	1094296 
1098806	[4509]	:	Key	52	DOWN	at	1098055 
1098807	[1]	:	Key	52	UP	at	1098103 
1101614	[2807]	:	Key	71	DOWN	at	1101499 
1104429	[2815]	:	time Target is 1104429
1109755	[5326]	:	time Target is 1109755
1115075	[5320]	:	time Target is 1115075
1115290	[215]	:	Key	71	DOWN	at	1115290 
1120414	[5124]	:	time Target is 1120414
1120745	[331]	:	Key	71	DOWN	at	1120744 
1125750	[5005]	:	time Target is 1125750
1131067	[5317]	:	time Target is 1131067
1131528	[461]	:	Key	71	DOWN	at	1131528 
1136401	[4873]	:	time Target is 1136401
1141729	[5328]	:	time Target is 1141729
1147053	[5324]	:	time Target is 1147053
1147419	[366]	:	Key	71	DOWN	at	1147418 
1152388	[4969]	:	time Target is 1152388
1152840	[452]	:	Key	71	DOWN	at	1152840 
1157728	[4888]	:	time Target is 1157728
1163044	[5316]	:	time Target is 1163044
1168364	[5320]	:	time Target is 1168364
1173681	[5317]	:	time Target is 1173681
1174090	[409]	:	Key	71	DOWN	at	1174088 
1179017	[4927]	:	time Target is 1179017
1180220	[1203]	:	Key	71	DOWN	at	1180220 
1184400	[4180]	:	time Target is 1184400
1189713	[5313]	:	Key	71	DOWN	at	1189656 
1192522	[2809]	:	time Target is 1192522
1193451	[929]	:	Key	71	DOWN	at	1193451 
1197853	[4402]	:	time Target is 1197853
1199113	[1260]	:	Key	71	DOWN	at	1199113 
1203195	[4082]	:	time Target is 1203195
1208521	[5326]	:	time Target is 1208521
1213849	[5328]	:	time Target is 1213849
1214299	[450]	:	Key	71	DOWN	at	1214299 
1219181	[4882]	:	time Target is 1219181
1224501	[5320]	:	time Target is 1224501
1225468	[967]	:	Key	71	DOWN	at	1225468 
1229849	[4381]	:	time Target is 1229849
1230380	[531]	:	Key	71	DOWN	at	1230380 
1235184	[4804]	:	time Target is 1235184
1240506	[5322]	:	time Target is 1240506
1241672	[1166]	:	Key	71	DOWN	at	1241672 
1245842	[4170]	:	time Target is 1245842
1246458	[616]	:	Key	71	DOWN	at	1246458 
1251178	[4720]	:	time Target is 1251178
1251577	[399]	:	Key	71	DOWN	at	1251577 
1256508	[4931]	:	time Target is 1256508
1261836	[5328]	:	time Target is 1261836
1267159	[5323]	:	time Target is 1267159
1268073	[914]	:	Key	71	DOWN	at	1268073 
1272493	[4420]	:	time Target is 1272493
1277845	[5352]	:	time Target is 1277845
1278475	[630]	:	Key	71	DOWN	at	1278475 
1283182	[4707]	:	time Target is 1283182
1288491	[5309]	:	Key	71	DOWN	at	1288295 
1291295	[2804]	:	Key	71	DOWN	at	1291288 
1294106	[2811]	:	time Target is 1294106
1299426	[5320]	:	time Target is 1299426
1300170	[744]	:	Key	71	DOWN	at	1300169 
1304502	[4332]	:	Key	71	DOWN	at	1304172 
1304503	[1]	:	Key	71	UP	at	1304298 
1307313	[2810]	:	time Target is 1307313
1312633	[5320]	:	time Target is 1312633
1317690	[5057]	:	Key	71	DOWN	at	1317434 
1317691	[1]	:	Key	71	UP	at	1317562 
1320503	[2812]	:	time Target is 1320503
1325822	[5319]	:	time Target is 1325822
1331147	[5325]	:	time Target is 1331147
1332236	[1089]	:	Key	71	DOWN	at	1332236 
1336485	[4249]	:	time Target is 1336485
1341804	[5319]	:	time Target is 1341804
1347131	[5327]	:	time Target is 1347131
1352456	[5325]	:	time Target is 1352456
1352796	[340]	:	Key	71	DOWN	at	1352795 
1357788	[4992]	:	time Target is 1357788
1358285	[497]	:	Key	71	DOWN	at	1358284 
1363125	[4840]	:	time Target is 1363125
1368446	[5321]	:	time Target is 1368446
1373503	[5057]	:	Key	71	DOWN	at	1373065 
1373504	[1]	:	Key	71	UP	at	1373223 
1376341	[2837]	:	time Target is 1376341
1381659	[5318]	:	time Target is 1381659
1386977	[5318]	:	time Target is 1386977
1387851	[874]	:	Key	71	DOWN	at	1387851 
1392308	[4457]	:	time Target is 1392308
1397619	[5311]	:	time Target is 1397619
1402690	[5071]	:	Key	71	DOWN	at	1402428 
1405244	[2554]	:	Key	71	DOWN	at	1404796 
1408095	[2851]	:	time Target is 1408095
1408473	[378]	:	Key	71	DOWN	at	1408473 
1413459	[4986]	:	time Target is 1413459
1418779	[5320]	:	time Target is 1418779
1424103	[5324]	:	time Target is 1424103
1429423	[5320]	:	time Target is 1429423
1430060	[637]	:	Key	71	DOWN	at	1430060 
1434752	[4692]	:	time Target is 1434752
1440072	[5320]	:	time Target is 1440072
1445394	[5322]	:	time Target is 1445394
1450715	[5321]	:	time Target is 1450715
1452107	[1392]	:	Key	71	DOWN	at	1452107 
1455790	[3683]	:	Key	71	DOWN	at	1455751 
1458602	[2812]	:	time Target is 1458602
1463918	[5316]	:	time Target is 1463918
1469239	[5321]	:	time Target is 1469239
1469929	[690]	:	Key	71	DOWN	at	1469929 
1474313	[4384]	:	Key	71	DOWN	at	1474215 
1477130	[2817]	:	time Target is 1477130
1482457	[5327]	:	time Target is 1482457
1487780	[5323]	:	time Target is 1487780
1488425	[645]	:	Key	71	DOWN	at	1488425 
1492084	[3659]	:	Key	71	UP	at	1488536 
1504443	[12359]	:	Key	71	DOWN	at	1504443 
1504621	[178]	:	Key	71	UP	at	1504620 
1507355	[2734]	:	Key	71	DOWN	at	1507354 
1508149	[794]	:	Key	71	UP	at	1507465 
1508416	[267]	:	time Target is 1508416
1508940	[524]	:	Key	71	DOWN	at	1508940 
1513757	[4817]	:	time Target is 1513757
1519079	[5322]	:	time Target is 1519079
1524404	[5325]	:	time Target is 1524404
1525064	[660]	:	Key	71	DOWN	at	1525063 
1529742	[4678]	:	time Target is 1529742
1535055	[5313]	:	Key	71	DOWN	at	1534939 
1537870	[2815]	:	time Target is 1537870
1538039	[169]	:	Key	71	DOWN	at	1538039 
1543208	[5169]	:	time Target is 1543208
1543882	[674]	:	Key	71	DOWN	at	1543882 
1548553	[4671]	:	time Target is 1548553
1549881	[1328]	:	Key	71	DOWN	at	1549881 
1553905	[4024]	:	time Target is 1553905
1555100	[1195]	:	Key	71	DOWN	at	1555100 
1559243	[4143]	:	time Target is 1559243
1559561	[318]	:	Key	71	DOWN	at	1559561 
1564582	[5021]	:	time Target is 1564582
1565001	[419]	:	Key	71	DOWN	at	1565001 
1569921	[4920]	:	time Target is 1569921
1571081	[1160]	:	Key	71	DOWN	at	1571080 
1575259	[4178]	:	time Target is 1575259
1576088	[829]	:	Key	71	DOWN	at	1576088 
1580601	[4513]	:	time Target is 1580601
1581403	[802]	:	Key	71	DOWN	at	1581402 
1585934	[4531]	:	time Target is 1585934
1587258	[1324]	:	Key	71	DOWN	at	1587258 
1591277	[4019]	:	time Target is 1591277
1596600	[5323]	:	time Target is 1596600
1601658	[5058]	:	Key	71	DOWN	at	1601643 
1604481	[2823]	:	time Target is 1604481
1605192	[711]	:	Key	71	DOWN	at	1605192 
1609820	[4628]	:	time Target is 1609820
1615144	[5324]	:	time Target is 1615144
1620468	[5324]	:	time Target is 1620468
1621052	[584]	:	Key	71	DOWN	at	1621052 
1625537	[4485]	:	Key	71	DOWN	at	1625259 
1625538	[1]	:	Key	71	UP	at	1625530 
1628382	[2844]	:	time Target is 1628382
1629053	[671]	:	Key	71	DOWN	at	1629052 
1633722	[4669]	:	time Target is 1633722
1634279	[557]	:	Key	71	DOWN	at	1634279 
1639054	[4775]	:	time Target is 1639054
1639709	[655]	:	Key	71	DOWN	at	1639708 
1644386	[4677]	:	time Target is 1644386
1649712	[5326]	:	time Target is 1649712
1655036	[5324]	:	time Target is 1655036
1660362	[5326]	:	time Target is 1660362
1661097	[735]	:	Key	71	DOWN	at	1661097 
1665699	[4602]	:	time Target is 1665699
1671015	[5316]	:	Key	71	DOWN	at	1670860 
1673561	[2546]	:	Key	71	UP	at	1672792 
1673828	[267]	:	time Target is 1673828
1674204	[376]	:	Key	71	DOWN	at	1674204 
1679165	[4961]	:	time Target is 1679165
1684492	[5327]	:	time Target is 1684492
1689814	[5322]	:	time Target is 1689814
1690172	[358]	:	Key	71	DOWN	at	1690171 
1695154	[4982]	:	time Target is 1695154
1700475	[5321]	:	time Target is 1700475
1700892	[417]	:	Key	71	DOWN	at	1700892 
1705811	[4919]	:	time Target is 1705811
1706988	[1177]	:	Key	71	DOWN	at	1706988 
1711147	[4159]	:	time Target is 1711147
1716469	[5322]	:	time Target is 1716469
1721795	[5326]	:	time Target is 1721795
1727113	[5318]	:	time Target is 1727113
1727788	[675]	:	Key	71	DOWN	at	1727788 
1732451	[4663]	:	time Target is 1732451
1733226	[775]	:	Key	71	DOWN	at	1733226 
1737800	[4574]	:	time Target is 1737800
1743124	[5324]	:	time Target is 1743124
1748447	[5323]	:	time Target is 1748447
1753768	[5321]	:	time Target is 1753768
1754220	[452]	:	Key	71	DOWN	at	1754220 
1759106	[4886]	:	time Target is 1759106
1759629	[523]	:	Key	71	DOWN	at	1759628 
1764443	[4814]	:	time Target is 1764443
1764955	[512]	:	Key	71	DOWN	at	1764954 
1769782	[4827]	:	time Target is 1769782
1770621	[839]	:	Key	71	DOWN	at	1770621 
1775121	[4500]	:	time Target is 1775121
1775498	[377]	:	Key	71	DOWN	at	1775498 
1780458	[4960]	:	time Target is 1780458
1781709	[1251]	:	Key	71	DOWN	at	1781709 
1785810	[4101]	:	time Target is 1785810
1791131	[5321]	:	time Target is 1791131
1792156	[1025]	:	Key	71	DOWN	at	1792156 
1796474	[4318]	:	time Target is 1796474
1801805	[5331]	:	time Target is 1801805
1807128	[5323]	:	time Target is 1807128
1812441	[5313]	:	time Target is 1812441
1813642	[1201]	:	Key	71	DOWN	at	1813642 
1817789	[4147]	:	time Target is 1817789
1818636	[847]	:	Key	71	DOWN	at	1818635 
1823126	[4490]	:	time Target is 1823126
1823544	[418]	:	Key	71	DOWN	at	1823544 
1828462	[4918]	:	time Target is 1828462
1833788	[5326]	:	time Target is 1833788
1834441	[653]	:	Key	71	DOWN	at	1834441 
1839123	[4682]	:	time Target is 1839123
1839596	[473]	:	Key	71	DOWN	at	1839595 
1844463	[4867]	:	time Target is 1844463
1845784	[1321]	:	Key	71	DOWN	at	1845784 
1849801	[4017]	:	time Target is 1849801
1851117	[1316]	:	Key	71	DOWN	at	1851116 
1855143	[4026]	:	time Target is 1855143
1860463	[5320]	:	time Target is 1860463
1865789	[5326]	:	time Target is 1865789
1871112	[5323]	:	time Target is 1871112
1876436	[5324]	:	time Target is 1876436
1881758	[5322]	:	time Target is 1881758
1887088	[5330]	:	time Target is 1887088
1892412	[5324]	:	time Target is 1892412
1897736	[5324]	:	time Target is 1897736
1898491	[755]	:	Key	71	DOWN	at	1898490 
1903069	[4578]	:	time Target is 1903069
1903353	[284]	:	Key	71	DOWN	at	1903352 
1908414	[5061]	:	time Target is 1908414
1913736	[5322]	:	time Target is 1913736
1914076	[340]	:	Key	71	DOWN	at	1914075 
1919071	[4995]	:	time Target is 1919071
1919513	[442]	:	Key	71	DOWN	at	1919512 
1924413	[4900]	:	time Target is 1924413
1929736	[5323]	:	time Target is 1929736
1930107	[371]	:	Key	71	DOWN	at	1930107 
1935068	[4961]	:	time Target is 1935068
1940393	[5325]	:	time Target is 1940393
1945711	[5318]	:	time Target is 1945711
1951033	[5322]	:	time Target is 1951033
1952313	[1280]	:	Key	71	DOWN	at	1952313 
1956378	[4065]	:	time Target is 1956378
1961432	[5054]	:	Key	71	DOWN	at	1961418 
1964246	[2814]	:	time Target is 1964246
1965196	[950]	:	Key	71	DOWN	at	1965196 
1969580	[4384]	:	time Target is 1969580
1970156	[576]	:	Key	71	DOWN	at	1970156 
1973881	[3725]	:	Key	71	UP	at	1970297 
2079036	[105155]	:	Key	71	DOWN	at	2079036 
2079820	[784]	:	Key	71	UP	at	2079178 
2080089	[269]	:	time Target is 2080089
2081308	[1219]	:	Key	71	DOWN	at	2081308 
2085426	[4118]	:	time Target is 2085426
2085980	[554]	:	Key	71	DOWN	at	2085978 
2090764	[4784]	:	time Target is 2090764
2091527	[763]	:	Key	71	DOWN	at	2091527 
2096103	[4576]	:	time Target is 2096103
2101427	[5324]	:	time Target is 2101427
2106756	[5329]	:	time Target is 2106756
2112073	[5317]	:	time Target is 2112073
2117399	[5326]	:	time Target is 2117399
2122720	[5321]	:	time Target is 2122720
2123194	[474]	:	Key	71	DOWN	at	2123194 
2128061	[4867]	:	time Target is 2128061
2133384	[5323]	:	time Target is 2133384
2134796	[1412]	:	Key	71	DOWN	at	2134796 
2138722	[3926]	:	time Target is 2138722
2144044	[5322]	:	time Target is 2144044
2144556	[512]	:	Key	71	DOWN	at	2144555 
2149384	[4828]	:	time Target is 2149384
2150059	[675]	:	Key	71	DOWN	at	2150059 
2154723	[4664]	:	time Target is 2154723
2155498	[775]	:	Key	71	DOWN	at	2155497 
2160063	[4565]	:	time Target is 2160063
2161197	[1134]	:	Key	71	DOWN	at	2161197 
2165402	[4205]	:	time Target is 2165402
2170725	[5323]	:	time Target is 2170725
2176045	[5320]	:	time Target is 2176045
2181366	[5321]	:	time Target is 2181366
2182201	[835]	:	Key	71	DOWN	at	2182201 
2186699	[4498]	:	time Target is 2186699
2192021	[5322]	:	time Target is 2192021
2197336	[5315]	:	Key	71	DOWN	at	2197147 
2200152	[2816]	:	time Target is 2200152
2200812	[660]	:	Key	71	DOWN	at	2200812 
2205481	[4669]	:	time Target is 2205481
2210835	[5354]	:	time Target is 2210835
2212012	[1177]	:	Key	71	DOWN	at	2212012 
2216177	[4165]	:	time Target is 2216177
2221495	[5318]	:	time Target is 2221495
2222392	[897]	:	Key	71	DOWN	at	2222392 
2226832	[4440]	:	time Target is 2226832
2232155	[5323]	:	time Target is 2232155
2232729	[574]	:	Key	71	DOWN	at	2232729 
2237492	[4763]	:	time Target is 2237492
2238604	[1112]	:	Key	71	DOWN	at	2238604 
2242824	[4220]	:	time Target is 2242824
2243387	[563]	:	Key	71	DOWN	at	2243386 
2248163	[4776]	:	time Target is 2248163
2253487	[5324]	:	time Target is 2253487
2254538	[1051]	:	Key	71	DOWN	at	2254538 
2258827	[4289]	:	time Target is 2258827
2264152	[5325]	:	time Target is 2264152
2269474	[5322]	:	time Target is 2269474
2270091	[617]	:	Key	71	DOWN	at	2270090 
2274817	[4726]	:	time Target is 2274817
2275223	[406]	:	Key	71	DOWN	at	2275223 
2280155	[4932]	:	time Target is 2280155
2285501	[5346]	:	time Target is 2285501
2290871	[5370]	:	time Target is 2290871
2291529	[658]	:	Key	71	DOWN	at	2291529 
2296202	[4673]	:	Key	71	DOWN	at	2295948 
2296202	[0]	:	Key	71	UP	at	2296077 
2299014	[2812]	:	time Target is 2299014
2304337	[5323]	:	time Target is 2304337
2305068	[731]	:	Key	71	DOWN	at	2305068 
2309712	[4644]	:	time Target is 2309712
2310698	[986]	:	Key	71	DOWN	at	2310697 
2315044	[4346]	:	time Target is 2315044
2320364	[5320]	:	time Target is 2320364
2325683	[5319]	:	time Target is 2325683
2331011	[5328]	:	Key	71	DOWN	at	2330889 
2331012	[1]	:	Key	71	UP	at	2330970 
2333823	[2811]	:	time Target is 2333823
2339156	[5333]	:	time Target is 2339156
2339548	[392]	:	Key	71	DOWN	at	2339548 
2344493	[4945]	:	time Target is 2344493
2345004	[511]	:	Key	71	DOWN	at	2345004 
2349832	[4828]	:	time Target is 2349832
2350793	[961]	:	Key	71	DOWN	at	2350791 
2355171	[4378]	:	time Target is 2355171
2360493	[5322]	:	time Target is 2360493
2365815	[5322]	:	time Target is 2365815
2371132	[5317]	:	time Target is 2371132
2376458	[5326]	:	time Target is 2376458
2377005	[547]	:	Key	71	DOWN	at	2377005 
2381796	[4791]	:	time Target is 2381796
2383113	[1317]	:	Key	71	DOWN	at	2383113 
2387136	[4023]	:	time Target is 2387136
2392459	[5323]	:	time Target is 2392459
2397776	[5317]	:	time Target is 2397776
2403119	[5343]	:	time Target is 2403119
2403853	[734]	:	Key	71	DOWN	at	2403853 
2408462	[4609]	:	time Target is 2408462
2409642	[1180]	:	Key	71	DOWN	at	2409641 
2413797	[4155]	:	time Target is 2413797
2419121	[5324]	:	time Target is 2419121
2419545	[424]	:	Key	71	DOWN	at	2419545 
2424457	[4912]	:	time Target is 2424457
2424969	[512]	:	Key	71	DOWN	at	2424968 
2429795	[4826]	:	time Target is 2429795
2431161	[1366]	:	Key	71	DOWN	at	2431161 
2435139	[3978]	:	time Target is 2435139
2440453	[5314]	:	Key	71	DOWN	at	2440234 
2440453	[0]	:	Key	71	UP	at	2440394 
2443266	[2813]	:	time Target is 2443266
2444057	[791]	:	Key	71	DOWN	at	2444057 
2448604	[4547]	:	time Target is 2448604
2453928	[5324]	:	time Target is 2453928
2455032	[1104]	:	Key	71	DOWN	at	2455032 
2459268	[4236]	:	time Target is 2459268
2464587	[5319]	:	time Target is 2464587
2465417	[830]	:	Key	71	DOWN	at	2465417 
2469914	[4497]	:	time Target is 2469914
2475251	[5337]	:	time Target is 2475251
2476043	[792]	:	Key	71	DOWN	at	2476043 
2480583	[4540]	:	time Target is 2480583
2485909	[5326]	:	time Target is 2485909
2487181	[1272]	:	Key	71	DOWN	at	2487181 
2491277	[4096]	:	time Target is 2491277
2492057	[780]	:	Key	71	DOWN	at	2492057 
2496608	[4551]	:	time Target is 2496608
2501934	[5326]	:	time Target is 2501934
2507259	[5325]	:	time Target is 2507259
2512586	[5327]	:	time Target is 2512586
2513150	[564]	:	Key	71	DOWN	at	2513149 
2517922	[4772]	:	time Target is 2517922
2523249	[5327]	:	time Target is 2523249
2528573	[5324]	:	time Target is 2528573
2533899	[5326]	:	time Target is 2533899
2539230	[5331]	:	time Target is 2539230
2540233	[1003]	:	Key	71	DOWN	at	2540233 
2544561	[4328]	:	time Target is 2544561
2555036	[10475]	:	Key	71	DOWN	at	2555036 
2555113	[77]	:	Key	71	UP	at	2555113 
2565228	[10115]	:	Key	71	DOWN	at	2565228 
2565389	[161]	:	Key	71	UP	at	2565388 
2577594	[12205]	:	Key	28	DOWN	at	2577594 
2577756	[162]	:	Key	28	UP	at	2577755 
2588317	[10561]	:	Key	29	DOWN	at	2588317 
2588537	[220]	:	Key	29	UP	at	2588537 
2597288	[8751]	:	Key	29	DOWN	at	2597288 
2597498	[210]	:	Key	29	UP	at	2597498 
2601884	[4386]	:	Key	29	DOWN	at	2601883 
2602075	[191]	:	Key	29	UP	at	2602074 
2608845	[6770]	:	Key	28	DOWN	at	2608844 
2609050	[205]	:	Key	28	UP	at	2609050 
2611403	[2353]	:	Key	29	DOWN	at	2611403 
2611597	[194]	:	Key	29	UP	at	2611597 
2633050	[21453]	:	Key	29	DOWN	at	2633050 
2633352	[302]	:	Key	29	UP	at	2633352 
2636808	[3456]	:	Key	29	DOWN	at	2636808 
2636985	[177]	:	Key	29	UP	at	2636984 
2639450	[2465]	:	Key	28	DOWN	at	2639450 
2639595	[145]	:	Key	28	UP	at	2639595 
2640428	[833]	:	Key	28	DOWN	at	2640428 
2640589	[161]	:	Key	28	UP	at	2640588 
2645452	[4863]	:	Key	28	DOWN	at	2645451 
2645643	[191]	:	Key	28	UP	at	2645643 
2650955	[5312]	:	Key	28	DOWN	at	2650954 
2651114	[159]	:	Key	28	UP	at	2651114 
2659464	[8350]	:	Key	29	DOWN	at	2659464 
2659674	[210]	:	Key	29	UP	at	2659674 
2662746	[3072]	:	Key	29	DOWN	at	2662746 
2662955	[209]	:	Key	29	UP	at	2662954 
2664808	[1853]	:	Key	28	DOWN	at	2664808 
2665005	[197]	:	Key	28	UP	at	2665004 
2665706	[701]	:	Key	29	DOWN	at	2665706 
2665805	[99]	:	COGENT STOP
