Cog2000 log file Tue Oct 01 10:56:19 2019
gprim v1.33 Compiled:Aug 12 2015 (GLib DirectDraw v7 DX12.0 Compiled:Aug 12 2015)
Display:1024x768x32 59.95Hz
Attaching C:\Program Files\Cogent2000v1.33\Toolbox\CogInput.mexw64
CogInput v1.05 Compiled: May 20 2010
6	[6]	:	COGENT START
8720	[8714]	:	Key	71	DOWN	at	8714    
8766	[46]	:	Key	71	UP	at	8766    
26861	[18095]	:	Key	71	DOWN	at	26860   
26924	[63]	:	Key	71	UP	at	26924   
30495	[3571]	:	Key	71	DOWN	at	30492   
30623	[128]	:	Key	71	UP	at	30622   
42745	[12122]	:	Key	71	DOWN	at	42745   
42845	[100]	:	Key	71	UP	at	42844   
58654	[15809]	:	Key	71	DOWN	at	58652   
58798	[144]	:	Key	71	UP	at	58798   
80842	[22044]	:	Key	71	DOWN	at	80841   
81733	[891]	:	time Target is 81716
82619	[886]	:	Key	71	DOWN	at	82619   
87843	[5224]	:	time Target is 87842
88093	[250]	:	Key	71	DOWN	at	88092   
93942	[5849]	:	time Target is 93941
94556	[614]	:	Key	71	DOWN	at	94556   
100046	[5490]	:	time Target is 100045
100669	[623]	:	Key	71	DOWN	at	100668  
109646	[8977]	:	Key	71	DOWN	at	109646  
110710	[1064]	:	time Target is 110706
117039	[6329]	:	time Target is 117038
123363	[6324]	:	time Target is 123363
129685	[6322]	:	time Target is 129685
148908	[19223]	:	Key	71	DOWN	at	148908  
149054	[146]	:	Key	71	UP	at	149054  
153888	[4834]	:	Key	71	DOWN	at	153887  
154016	[128]	:	Key	71	UP	at	154015  
159529	[5513]	:	Key	71	DOWN	at	159529  
159610	[81]	:	Key	71	UP	at	159610  
169662	[10052]	:	Key	71	DOWN	at	169662  
169759	[97]	:	Key	71	UP	at	169758  
184253	[14494]	:	Key	71	DOWN	at	184252  
185102	[849]	:	Key	71	UP	at	184378  
185131	[29]	:	time Target is 185131
185819	[688]	:	Key	71	DOWN	at	185818  
190248	[4429]	:	time Target is 190248
195332	[5084]	:	time Target is 195331
200413	[5081]	:	time Target is 200413
200927	[514]	:	Key	71	DOWN	at	200926  
204725	[3798]	:	Key	71	UP	at	201069  
211994	[7269]	:	Key	71	DOWN	at	211994  
212111	[117]	:	Key	71	UP	at	212111  
213997	[1886]	:	Key	71	DOWN	at	213997  
214788	[791]	:	Key	71	UP	at	214078  
214810	[22]	:	time Target is 214809
216015	[1205]	:	Key	71	DOWN	at	216014  
219909	[3894]	:	time Target is 219909
220426	[517]	:	Key	71	DOWN	at	220426  
224998	[4572]	:	time Target is 224998
230078	[5080]	:	time Target is 230078
242283	[12205]	:	Key	71	DOWN	at	242283  
242412	[129]	:	Key	71	UP	at	242412  
246298	[3886]	:	Key	71	DOWN	at	246298  
247088	[790]	:	Key	71	UP	at	246428  
247110	[22]	:	time Target is 247110
247789	[679]	:	Key	71	DOWN	at	247789  
252199	[4410]	:	time Target is 252199
253327	[1128]	:	Key	71	DOWN	at	253326  
257286	[3959]	:	time Target is 257286
262360	[5074]	:	time Target is 262360
281312	[18952]	:	Key	71	DOWN	at	281311  
281403	[91]	:	Key	71	UP	at	281403  
285257	[3854]	:	Key	71	DOWN	at	285257  
286049	[792]	:	Key	71	UP	at	285388  
286073	[24]	:	time Target is 286073
287418	[1345]	:	Key	71	DOWN	at	287418  
291160	[3742]	:	time Target is 291160
296228	[5068]	:	time Target is 296228
297277	[1049]	:	Key	71	DOWN	at	297277  
301318	[4041]	:	time Target is 301318
314572	[13254]	:	Key	71	DOWN	at	314572  
314701	[129]	:	Key	71	UP	at	314700  
330736	[16035]	:	Key	71	DOWN	at	330735  
330829	[93]	:	Key	71	UP	at	330829  
346380	[15551]	:	Key	71	DOWN	at	346380  
346479	[99]	:	Key	71	UP	at	346478  
359306	[12827]	:	Key	71	DOWN	at	359306  
359484	[178]	:	Key	71	UP	at	359484  
366333	[6849]	:	Key	71	DOWN	at	366332  
368905	[2572]	:	time Target is 368905
374235	[5330]	:	time Target is 374235
379562	[5327]	:	time Target is 379562
379994	[432]	:	Key	71	DOWN	at	379994  
384933	[4939]	:	time Target is 384933
390265	[5332]	:	time Target is 390264
395588	[5323]	:	Key	71	DOWN	at	395389  
395589	[1]	:	Key	71	UP	at	395530  
398406	[2817]	:	time Target is 398406
403729	[5323]	:	time Target is 403729
404286	[557]	:	Key	71	DOWN	at	404286  
409070	[4784]	:	time Target is 409070
414396	[5326]	:	time Target is 414396
415020	[624]	:	Key	71	DOWN	at	415019  
419735	[4715]	:	time Target is 419735
420909	[1174]	:	Key	71	DOWN	at	420908  
425073	[4164]	:	time Target is 425073
430395	[5322]	:	time Target is 430395
431803	[1408]	:	Key	71	DOWN	at	431803  
435731	[3928]	:	time Target is 435731
441045	[5314]	:	Key	71	DOWN	at	440938  
441045	[0]	:	Key	71	UP	at	441037  
443846	[2801]	:	Key	71	DOWN	at	443803  
446670	[2824]	:	time Target is 446670
447163	[493]	:	Key	71	DOWN	at	447163  
452014	[4851]	:	time Target is 452014
452527	[513]	:	Key	71	DOWN	at	452526  
457356	[4829]	:	time Target is 457356
457836	[480]	:	Key	71	DOWN	at	457836  
462700	[4864]	:	time Target is 462700
463242	[542]	:	Key	71	DOWN	at	463242  
468038	[4796]	:	time Target is 468038
473359	[5321]	:	time Target is 473359
474061	[702]	:	Key	71	DOWN	at	474061  
478693	[4632]	:	time Target is 478693
484011	[5318]	:	time Target is 484011
484507	[496]	:	Key	71	DOWN	at	484506  
489357	[4850]	:	time Target is 489357
494680	[5323]	:	time Target is 494680
500008	[5328]	:	time Target is 500008
505328	[5320]	:	time Target is 505328
510649	[5321]	:	time Target is 510649
511342	[693]	:	Key	71	DOWN	at	511341  
515993	[4651]	:	time Target is 515993
516735	[742]	:	Key	71	DOWN	at	516734  
521328	[4593]	:	time Target is 521328
522032	[704]	:	Key	71	DOWN	at	522030  
526665	[4633]	:	time Target is 526665
527231	[566]	:	Key	71	DOWN	at	527231  
532000	[4769]	:	time Target is 532000
537320	[5320]	:	time Target is 537320
542640	[5320]	:	time Target is 542640
547962	[5322]	:	time Target is 547962
553282	[5320]	:	time Target is 553282
553742	[460]	:	Key	71	DOWN	at	553742  
558618	[4876]	:	time Target is 558618
559081	[463]	:	Key	71	DOWN	at	559081  
563964	[4883]	:	time Target is 563964
564619	[655]	:	Key	71	DOWN	at	564618  
569302	[4683]	:	time Target is 569302
570208	[906]	:	Key	71	DOWN	at	570207  
574639	[4431]	:	time Target is 574639
575326	[687]	:	Key	71	DOWN	at	575326  
579974	[4648]	:	time Target is 579974
585295	[5321]	:	time Target is 585295
585855	[560]	:	Key	71	DOWN	at	585853  
590632	[4777]	:	time Target is 590632
595954	[5322]	:	time Target is 595954
601276	[5322]	:	time Target is 601276
601598	[322]	:	Key	71	DOWN	at	601598  
606617	[5019]	:	time Target is 606617
611939	[5322]	:	time Target is 611939
612511	[572]	:	Key	71	DOWN	at	612511  
617277	[4766]	:	time Target is 617277
622602	[5325]	:	time Target is 622602
627926	[5324]	:	time Target is 627926
628495	[569]	:	Key	71	DOWN	at	628495  
633259	[4764]	:	time Target is 633259
638580	[5321]	:	time Target is 638580
638988	[408]	:	Key	71	DOWN	at	638988  
643913	[4925]	:	time Target is 643913
649243	[5330]	:	time Target is 649243
649691	[448]	:	Key	71	DOWN	at	649691  
654579	[4888]	:	time Target is 654579
659902	[5323]	:	time Target is 659902
660366	[464]	:	Key	71	DOWN	at	660365  
665239	[4873]	:	time Target is 665239
670556	[5317]	:	time Target is 670556
671807	[1251]	:	Key	71	DOWN	at	671807  
675896	[4089]	:	time Target is 675896
677068	[1172]	:	Key	71	DOWN	at	677068  
681230	[4162]	:	time Target is 681230
682381	[1151]	:	Key	71	DOWN	at	682380  
686573	[4192]	:	time Target is 686573
691900	[5327]	:	time Target is 691900
692956	[1056]	:	Key	71	DOWN	at	692955  
697237	[4281]	:	time Target is 697237
702570	[5333]	:	time Target is 702570
707892	[5322]	:	time Target is 707892
713211	[5319]	:	time Target is 713211
713755	[544]	:	Key	71	DOWN	at	713755  
718551	[4796]	:	time Target is 718551
723871	[5320]	:	time Target is 723871
729192	[5321]	:	time Target is 729192
734516	[5324]	:	time Target is 734516
734940	[424]	:	Key	71	DOWN	at	734939  
739853	[4913]	:	time Target is 739853
745181	[5328]	:	time Target is 745181
746490	[1309]	:	Key	71	DOWN	at	746490  
750522	[4032]	:	time Target is 750522
755841	[5319]	:	time Target is 755841
756207	[366]	:	Key	71	DOWN	at	756206  
761188	[4981]	:	time Target is 761188
766510	[5322]	:	time Target is 766510
771833	[5323]	:	time Target is 771833
772331	[498]	:	Key	71	DOWN	at	772331  
777168	[4837]	:	time Target is 777168
777643	[475]	:	Key	71	DOWN	at	777643  
782497	[4854]	:	time Target is 782497
783532	[1035]	:	Key	71	DOWN	at	783532  
787835	[4303]	:	time Target is 787835
788378	[543]	:	Key	71	DOWN	at	788378  
793165	[4787]	:	time Target is 793165
798477	[5312]	:	time Target is 798477
798911	[434]	:	Key	71	DOWN	at	798911  
803813	[4902]	:	time Target is 803813
809135	[5322]	:	time Target is 809135
809310	[175]	:	Key	71	DOWN	at	809310  
814484	[5174]	:	time Target is 814484
814971	[487]	:	Key	71	DOWN	at	814970  
819827	[4856]	:	time Target is 819827
820622	[795]	:	Key	71	DOWN	at	820622  
825161	[4539]	:	time Target is 825161
826204	[1043]	:	Key	71	DOWN	at	826203  
830496	[4292]	:	time Target is 830496
831229	[733]	:	Key	71	DOWN	at	831229  
835850	[4621]	:	time Target is 835850
860171	[24321]	:	Key	71	DOWN	at	860170  
860962	[791]	:	Key	71	UP	at	860302  
861233	[271]	:	time Target is 861233
861887	[654]	:	Key	71	DOWN	at	861887  
866574	[4687]	:	time Target is 866574
871893	[5319]	:	time Target is 871893
872778	[885]	:	Key	71	DOWN	at	872778  
877231	[4453]	:	time Target is 877231
877837	[606]	:	Key	71	DOWN	at	877837  
882562	[4725]	:	time Target is 882562
883322	[760]	:	Key	71	DOWN	at	883322  
887906	[4584]	:	time Target is 887906
893223	[5317]	:	time Target is 893223
898545	[5322]	:	time Target is 898545
898990	[445]	:	Key	71	DOWN	at	898990  
903882	[4892]	:	time Target is 903882
904958	[1076]	:	Key	71	DOWN	at	904958  
909213	[4255]	:	time Target is 909213
909693	[480]	:	Key	71	DOWN	at	909693  
914556	[4863]	:	time Target is 914556
919878	[5322]	:	time Target is 919878
921342	[1464]	:	Key	71	DOWN	at	921342  
925210	[3868]	:	time Target is 925210
930524	[5314]	:	time Target is 930524
931902	[1378]	:	Key	71	DOWN	at	931902  
935862	[3960]	:	time Target is 935862
936971	[1109]	:	Key	71	DOWN	at	936970  
941200	[4229]	:	time Target is 941200
941996	[796]	:	Key	71	DOWN	at	941996  
946539	[4543]	:	time Target is 946539
947405	[866]	:	Key	71	DOWN	at	947405  
951876	[4471]	:	time Target is 951876
952746	[870]	:	Key	71	DOWN	at	952745  
957215	[4469]	:	time Target is 957215
962537	[5322]	:	time Target is 962537
967859	[5322]	:	time Target is 967859
973177	[5318]	:	time Target is 973177
974222	[1045]	:	Key	71	DOWN	at	974222  
978514	[4292]	:	time Target is 978514
979034	[520]	:	Key	71	DOWN	at	979034  
983851	[4817]	:	time Target is 983851
989178	[5327]	:	time Target is 989178
994498	[5320]	:	time Target is 994498
999825	[5327]	:	time Target is 999825
1000861	[1036]	:	Key	71	DOWN	at	1000861 
1005163	[4302]	:	time Target is 1005163
1010484	[5321]	:	time Target is 1010484
1011131	[647]	:	Key	71	DOWN	at	1011130 
1015828	[4697]	:	time Target is 1015828
1021150	[5322]	:	time Target is 1021150
1021915	[765]	:	Key	71	DOWN	at	1021915 
1026484	[4569]	:	time Target is 1026484
1031808	[5324]	:	time Target is 1031808
1037131	[5323]	:	time Target is 1037131
1042454	[5323]	:	time Target is 1042454
1043115	[661]	:	Key	71	DOWN	at	1043115 
1047784	[4669]	:	time Target is 1047784
1053101	[5317]	:	time Target is 1053101
1053963	[862]	:	Key	71	DOWN	at	1053962 
1058441	[4478]	:	time Target is 1058441
1059870	[1429]	:	Key	71	DOWN	at	1059869 
1063777	[3907]	:	time Target is 1063777
1069103	[5326]	:	time Target is 1069103
1069775	[672]	:	Key	71	DOWN	at	1069774 
1074442	[4667]	:	time Target is 1074442
1075437	[995]	:	Key	71	DOWN	at	1075436 
1079778	[4341]	:	time Target is 1079778
1081210	[1432]	:	Key	71	DOWN	at	1081210 
1085114	[3904]	:	time Target is 1085114
1086315	[1201]	:	Key	71	DOWN	at	1086314 
1090454	[4139]	:	time Target is 1090454
1091834	[1380]	:	Key	71	DOWN	at	1091833 
1095795	[3961]	:	time Target is 1095795
1101118	[5323]	:	time Target is 1101118
1101518	[400]	:	Key	71	DOWN	at	1101517 
1106455	[4937]	:	time Target is 1106455
1111775	[5320]	:	time Target is 1111775
1117101	[5326]	:	time Target is 1117101
1122423	[5322]	:	time Target is 1122423
1122732	[309]	:	Key	71	DOWN	at	1122731 
1127767	[5035]	:	time Target is 1127767
1133090	[5323]	:	time Target is 1133090
1138412	[5322]	:	time Target is 1138412
1139341	[929]	:	Key	71	DOWN	at	1139341 
1143746	[4405]	:	time Target is 1143746
1149072	[5326]	:	time Target is 1149072
1150302	[1230]	:	Key	71	DOWN	at	1150302 
1154409	[4107]	:	time Target is 1154409
1155849	[1440]	:	Key	71	DOWN	at	1155849 
1159743	[3894]	:	time Target is 1159743
1165077	[5334]	:	time Target is 1165077
1166190	[1113]	:	Key	71	DOWN	at	1166189 
1170414	[4224]	:	time Target is 1170414
1175740	[5326]	:	time Target is 1175740
1176428	[688]	:	Key	71	DOWN	at	1176428 
1181076	[4648]	:	time Target is 1181076
1181436	[360]	:	Key	71	DOWN	at	1181435 
1186406	[4970]	:	time Target is 1186406
1191727	[5321]	:	time Target is 1191727
1197050	[5323]	:	time Target is 1197050
1198075	[1025]	:	Key	71	DOWN	at	1198073 
1202387	[4312]	:	time Target is 1202387
1202717	[330]	:	Key	71	DOWN	at	1202716 
1207721	[5004]	:	time Target is 1207721
1208847	[1126]	:	Key	71	DOWN	at	1208846 
1213063	[4216]	:	time Target is 1213063
1213852	[789]	:	Key	71	DOWN	at	1213852 
1218402	[4550]	:	time Target is 1218402
1219085	[683]	:	Key	71	DOWN	at	1219085 
1223730	[4645]	:	time Target is 1223730
1229053	[5323]	:	time Target is 1229053
1229642	[589]	:	Key	71	DOWN	at	1229642 
1234393	[4751]	:	time Target is 1234393
1235868	[1475]	:	Key	71	DOWN	at	1235867 
1239734	[3866]	:	time Target is 1239734
1240138	[404]	:	Key	71	DOWN	at	1240138 
1245068	[4930]	:	time Target is 1245068
1250391	[5323]	:	time Target is 1250391
1251163	[772]	:	Key	71	DOWN	at	1251163 
1255728	[4565]	:	time Target is 1255728
1256748	[1020]	:	Key	71	DOWN	at	1256748 
1261064	[4316]	:	time Target is 1261064
1261866	[802]	:	Key	71	DOWN	at	1261866 
1266401	[4535]	:	time Target is 1266401
1267212	[811]	:	Key	71	DOWN	at	1267212 
1271748	[4536]	:	time Target is 1271748
1272412	[664]	:	Key	71	DOWN	at	1272411 
1277086	[4674]	:	time Target is 1277086
1278223	[1137]	:	Key	71	DOWN	at	1278223 
1282419	[4196]	:	time Target is 1282419
1287771	[5352]	:	time Target is 1287771
1289194	[1423]	:	Key	71	DOWN	at	1289194 
1293113	[3919]	:	time Target is 1293113
1293994	[881]	:	Key	71	DOWN	at	1293994 
1298450	[4456]	:	time Target is 1298450
1299340	[890]	:	Key	71	DOWN	at	1299340 
1303776	[4436]	:	time Target is 1303776
1309100	[5324]	:	time Target is 1309100
1309596	[496]	:	Key	71	DOWN	at	1309596 
1314437	[4841]	:	time Target is 1314437
1315820	[1383]	:	Key	71	DOWN	at	1315819 
1319771	[3951]	:	time Target is 1319771
1325092	[5321]	:	time Target is 1325092
1330414	[5322]	:	time Target is 1330414
1331709	[1295]	:	Key	71	DOWN	at	1331709 
1335748	[4039]	:	time Target is 1335748
1336412	[664]	:	Key	71	DOWN	at	1336412 
1340051	[3639]	:	Key	71	UP	at	1336553 
1395790	[55739]	:	Key	71	DOWN	at	1395790 
1395965	[175]	:	Key	71	UP	at	1395964 
1399851	[3886]	:	Key	71	DOWN	at	1399850 
1400645	[794]	:	Key	71	UP	at	1400031 
1400914	[269]	:	time Target is 1400914
1401726	[812]	:	Key	71	DOWN	at	1401726 
1406248	[4522]	:	time Target is 1406248
1407454	[1206]	:	Key	71	DOWN	at	1407454 
1411587	[4133]	:	time Target is 1411587
1412955	[1368]	:	Key	71	DOWN	at	1412955 
1416920	[3965]	:	time Target is 1416920
1422236	[5316]	:	time Target is 1422236
1423180	[944]	:	Key	71	DOWN	at	1423180 
1427572	[4392]	:	time Target is 1427572
1432885	[5313]	:	time Target is 1432885
1433193	[308]	:	Key	71	DOWN	at	1433193 
1438223	[5030]	:	time Target is 1438223
1438735	[512]	:	Key	71	DOWN	at	1438734 
1443557	[4822]	:	time Target is 1443557
1448876	[5319]	:	time Target is 1448876
1454202	[5326]	:	time Target is 1454202
1454636	[434]	:	Key	71	DOWN	at	1454636 
1459539	[4903]	:	time Target is 1459539
1460733	[1194]	:	Key	71	DOWN	at	1460733 
1464879	[4146]	:	time Target is 1464879
1465243	[364]	:	Key	71	DOWN	at	1465243 
1470214	[4971]	:	time Target is 1470214
1470734	[520]	:	Key	71	DOWN	at	1470733 
1475548	[4814]	:	time Target is 1475548
1480871	[5323]	:	time Target is 1480871
1481311	[440]	:	Key	71	DOWN	at	1481310 
1486210	[4899]	:	time Target is 1486210
1491531	[5321]	:	time Target is 1491531
1492043	[512]	:	Key	71	DOWN	at	1492042 
1496869	[4826]	:	time Target is 1496869
1497721	[852]	:	Key	71	DOWN	at	1497721 
1502206	[4485]	:	time Target is 1502206
1507523	[5317]	:	time Target is 1507523
1512848	[5325]	:	time Target is 1512848
1513278	[430]	:	Key	71	DOWN	at	1513278 
1518172	[4894]	:	time Target is 1518172
1518654	[482]	:	Key	71	DOWN	at	1518653 
1523506	[4852]	:	time Target is 1523506
1528832	[5326]	:	time Target is 1528832
1529566	[734]	:	Key	71	DOWN	at	1529565 
1534178	[4612]	:	time Target is 1534178
1539500	[5322]	:	time Target is 1539500
1539757	[257]	:	Key	71	DOWN	at	1539757 
1544836	[5079]	:	time Target is 1544836
1550150	[5314]	:	time Target is 1550150
1550416	[266]	:	Key	71	DOWN	at	1550415 
1555490	[5074]	:	time Target is 1555490
1560809	[5319]	:	time Target is 1560809
1566142	[5333]	:	time Target is 1566142
1571466	[5324]	:	time Target is 1571466
1572925	[1459]	:	Key	71	DOWN	at	1572925 
1576796	[3871]	:	time Target is 1576796
1577165	[369]	:	Key	71	DOWN	at	1577164 
1582133	[4968]	:	time Target is 1582133
1583087	[954]	:	Key	71	DOWN	at	1583086 
1587463	[4376]	:	time Target is 1587463
1587789	[326]	:	Key	71	DOWN	at	1587789 
1592803	[5014]	:	time Target is 1592803
1593149	[346]	:	Key	71	DOWN	at	1593148 
1598141	[4992]	:	time Target is 1598141
1598635	[494]	:	Key	71	DOWN	at	1598635 
1603477	[4842]	:	time Target is 1603477
1608798	[5321]	:	time Target is 1608798
1610078	[1280]	:	Key	71	DOWN	at	1610077 
1614137	[4059]	:	time Target is 1614137
1614286	[149]	:	Key	71	DOWN	at	1614285 
1619481	[5195]	:	time Target is 1619481
1620699	[1218]	:	Key	71	DOWN	at	1620698 
1624820	[4121]	:	time Target is 1624820
1625835	[1015]	:	Key	71	DOWN	at	1625835 
1630159	[4324]	:	time Target is 1630159
1630858	[699]	:	Key	71	DOWN	at	1630858 
1635495	[4637]	:	time Target is 1635495
1636525	[1030]	:	Key	71	DOWN	at	1636524 
1640822	[4297]	:	time Target is 1640822
1646131	[5309]	:	Key	71	DOWN	at	1645917 
1646131	[0]	:	Key	71	UP	at	1646059 
1648940	[2809]	:	time Target is 1648940
1649612	[672]	:	Key	71	DOWN	at	1649612 
1654277	[4665]	:	time Target is 1654277
1659594	[5317]	:	time Target is 1659594
1660042	[448]	:	Key	71	DOWN	at	1660042 
1664930	[4888]	:	time Target is 1664930
1666191	[1261]	:	Key	71	DOWN	at	1666191 
1670269	[4078]	:	time Target is 1670269
1675585	[5316]	:	time Target is 1675585
1680903	[5318]	:	time Target is 1680903
1681546	[643]	:	Key	71	DOWN	at	1681545 
1686241	[4695]	:	time Target is 1686241
1686878	[637]	:	Key	71	DOWN	at	1686878 
1691589	[4711]	:	time Target is 1691589
1692635	[1046]	:	Key	71	DOWN	at	1692635 
1696932	[4297]	:	time Target is 1696932
1702258	[5326]	:	time Target is 1702258
1702763	[505]	:	Key	71	DOWN	at	1702763 
1707593	[4830]	:	time Target is 1707593
1708829	[1236]	:	Key	71	DOWN	at	1708829 
1712916	[4087]	:	Key	71	UP	at	1712876 
1712927	[11]	:	time Target is 1712927
1713243	[316]	:	Key	71	DOWN	at	1713243 
1718267	[5024]	:	time Target is 1718267
1718811	[544]	:	Key	71	DOWN	at	1718810 
1723608	[4797]	:	time Target is 1723608
1723897	[289]	:	Key	71	DOWN	at	1723897 
1728941	[5044]	:	time Target is 1728941
1734262	[5321]	:	time Target is 1734262
1735723	[1461]	:	Key	71	DOWN	at	1735723 
1739597	[3874]	:	time Target is 1739597
1741008	[1411]	:	Key	71	DOWN	at	1741007 
1744934	[3926]	:	time Target is 1744934
1750261	[5327]	:	time Target is 1750261
1751373	[1112]	:	Key	71	DOWN	at	1751373 
1755588	[4215]	:	time Target is 1755588
1760908	[5320]	:	time Target is 1760908
1762394	[1486]	:	Key	71	DOWN	at	1762393 
1766248	[3854]	:	time Target is 1766248
1766814	[566]	:	Key	71	DOWN	at	1766813 
1771584	[4770]	:	time Target is 1771584
1772830	[1246]	:	Key	71	DOWN	at	1772829 
1776924	[4094]	:	time Target is 1776924
1777662	[738]	:	Key	71	DOWN	at	1777661 
1782264	[4602]	:	time Target is 1782264
1787587	[5323]	:	time Target is 1787587
1788717	[1130]	:	Key	71	DOWN	at	1788717 
1792921	[4204]	:	time Target is 1792921
1794299	[1378]	:	Key	71	DOWN	at	1794299 
1798260	[3961]	:	time Target is 1798260
1798604	[344]	:	Key	71	DOWN	at	1798603 
1803591	[4987]	:	time Target is 1803591
1808914	[5323]	:	time Target is 1808914
1814240	[5326]	:	time Target is 1814240
1819562	[5322]	:	time Target is 1819562
1819918	[356]	:	Key	71	DOWN	at	1819918 
1824900	[4982]	:	time Target is 1824900
1826302	[1402]	:	Key	71	DOWN	at	1826302 
1830243	[3941]	:	time Target is 1830243
1830382	[139]	:	Key	71	DOWN	at	1830382 
1835579	[5197]	:	time Target is 1835579
1836943	[1364]	:	Key	71	DOWN	at	1836943 
1840916	[3973]	:	time Target is 1840916
1841245	[329]	:	Key	71	DOWN	at	1841245 
1846252	[5007]	:	time Target is 1846252
1846495	[243]	:	Key	71	DOWN	at	1846494 
1851591	[5096]	:	time Target is 1851591
1856916	[5325]	:	time Target is 1856916
1857630	[714]	:	Key	71	DOWN	at	1857630 
1862254	[4624]	:	time Target is 1862254
1867577	[5323]	:	time Target is 1867577
1872900	[5323]	:	time Target is 1872900
1955516	[82616]	:	Key	71	DOWN	at	1955516 
1956306	[790]	:	Key	71	UP	at	1955645 
1956576	[270]	:	time Target is 1956576
1961898	[5322]	:	time Target is 1961898
1962301	[403]	:	Key	71	DOWN	at	1962301 
1967230	[4929]	:	time Target is 1967230
1972546	[5316]	:	time Target is 1972546
1972636	[90]	:	Key	71	DOWN	at	1972636 
1977897	[5261]	:	time Target is 1977897
1983219	[5322]	:	time Target is 1983219
1983582	[363]	:	Key	71	DOWN	at	1983582 
1988553	[4971]	:	time Target is 1988553
1993875	[5322]	:	time Target is 1993875
1994398	[523]	:	Key	71	DOWN	at	1994398 
1999209	[4811]	:	time Target is 1999209
2004542	[5333]	:	time Target is 2004542
2009865	[5323]	:	time Target is 2009865
2010665	[800]	:	Key	71	DOWN	at	2010665 
2015201	[4536]	:	time Target is 2015201
2015886	[685]	:	Key	71	DOWN	at	2015886 
2020537	[4651]	:	time Target is 2020537
2025857	[5320]	:	time Target is 2025857
2031178	[5321]	:	time Target is 2031178
2031532	[354]	:	Key	71	DOWN	at	2031531 
2036515	[4983]	:	time Target is 2036515
2037228	[713]	:	Key	71	DOWN	at	2037227 
2041851	[4623]	:	time Target is 2041851
2047173	[5322]	:	time Target is 2047173
2047610	[437]	:	Key	71	DOWN	at	2047610 
2052502	[4892]	:	time Target is 2052502
2052893	[391]	:	Key	71	DOWN	at	2052893 
2057837	[4944]	:	time Target is 2057837
2058588	[751]	:	Key	71	DOWN	at	2058587 
2063172	[4584]	:	time Target is 2063172
2063614	[442]	:	Key	71	DOWN	at	2063614 
2068505	[4891]	:	time Target is 2068505
2073829	[5324]	:	time Target is 2073829
2074255	[426]	:	Key	71	DOWN	at	2074254 
2079165	[4910]	:	time Target is 2079165
2079454	[289]	:	Key	71	DOWN	at	2079454 
2084494	[5040]	:	time Target is 2084494
2089812	[5318]	:	time Target is 2089812
2095134	[5322]	:	time Target is 2095134
2095565	[431]	:	Key	71	DOWN	at	2095565 
2100468	[4903]	:	time Target is 2100468
2105789	[5321]	:	time Target is 2105789
2111114	[5325]	:	time Target is 2111114
2116432	[5318]	:	time Target is 2116432
2121750	[5318]	:	time Target is 2121750
2122027	[277]	:	Key	71	DOWN	at	2122027 
2127106	[5079]	:	time Target is 2127106
2128156	[1050]	:	Key	71	DOWN	at	2128155 
2132441	[4285]	:	time Target is 2132441
2133711	[1270]	:	Key	71	DOWN	at	2133711 
2137780	[4069]	:	time Target is 2137780
2143103	[5323]	:	time Target is 2143103
2148423	[5320]	:	time Target is 2148423
2153747	[5324]	:	time Target is 2153747
2159068	[5321]	:	time Target is 2159068
2164391	[5323]	:	time Target is 2164391
2169713	[5322]	:	time Target is 2169713
2175036	[5323]	:	time Target is 2175036
2180356	[5320]	:	time Target is 2180356
2181422	[1066]	:	Key	71	DOWN	at	2181422 
2185692	[4270]	:	time Target is 2185692
2191019	[5327]	:	time Target is 2191019
2191117	[98]	:	Key	71	DOWN	at	2191117 
2196361	[5244]	:	time Target is 2196361
2196796	[435]	:	Key	71	DOWN	at	2196796 
2201699	[4903]	:	time Target is 2201699
2207026	[5327]	:	time Target is 2207026
2212353	[5327]	:	time Target is 2212353
2217677	[5324]	:	time Target is 2217677
2218634	[957]	:	Key	71	DOWN	at	2218634 
2223010	[4376]	:	time Target is 2223010
2228330	[5320]	:	time Target is 2228330
2233652	[5322]	:	time Target is 2233652
2238972	[5320]	:	time Target is 2238972
2239593	[621]	:	Key	71	DOWN	at	2239593 
2244308	[4715]	:	time Target is 2244308
2244924	[616]	:	Key	71	DOWN	at	2244924 
2249643	[4719]	:	time Target is 2249643
2250924	[1281]	:	Key	71	DOWN	at	2250923 
2254981	[4057]	:	time Target is 2254981
2255150	[169]	:	Key	71	DOWN	at	2255149 
2260314	[5164]	:	time Target is 2260314
2265637	[5323]	:	time Target is 2265637
2270958	[5321]	:	time Target is 2270958
2276276	[5318]	:	time Target is 2276276
2281601	[5325]	:	time Target is 2281601
2282539	[938]	:	Key	71	DOWN	at	2282539 
2286933	[4394]	:	time Target is 2286933
2292254	[5321]	:	time Target is 2292254
2297572	[5318]	:	time Target is 2297572
2302899	[5327]	:	time Target is 2302899
2303930	[1031]	:	Key	71	DOWN	at	2303930 
2308231	[4301]	:	time Target is 2308231
2313557	[5326]	:	time Target is 2313557
2313997	[440]	:	Key	71	DOWN	at	2313997 
2318894	[4897]	:	time Target is 2318894
2324214	[5320]	:	time Target is 2324214
2325466	[1252]	:	Key	71	DOWN	at	2325466 
2329541	[4075]	:	time Target is 2329541
2330251	[710]	:	Key	71	DOWN	at	2330250 
2334870	[4619]	:	time Target is 2334870
2335664	[794]	:	Key	71	DOWN	at	2335663 
2340204	[4540]	:	time Target is 2340204
2345529	[5325]	:	time Target is 2345529
2350853	[5324]	:	time Target is 2350853
2351386	[533]	:	Key	71	DOWN	at	2351386 
2356191	[4805]	:	time Target is 2356191
2356490	[299]	:	Key	71	DOWN	at	2356490 
2361536	[5046]	:	time Target is 2361536
2366857	[5321]	:	time Target is 2366857
2372173	[5316]	:	time Target is 2372173
2373101	[928]	:	Key	71	DOWN	at	2373101 
2377509	[4408]	:	time Target is 2377509
2382837	[5328]	:	time Target is 2382837
2388160	[5323]	:	time Target is 2388160
2393482	[5322]	:	time Target is 2393482
2394109	[627]	:	Key	71	DOWN	at	2394109 
2398820	[4711]	:	time Target is 2398820
2399274	[454]	:	Key	71	DOWN	at	2399274 
2404161	[4887]	:	time Target is 2404161
2405372	[1211]	:	Key	71	DOWN	at	2405371 
2409491	[4119]	:	time Target is 2409491
2414814	[5323]	:	time Target is 2414814
2415769	[955]	:	Key	71	DOWN	at	2415769 
2420151	[4382]	:	time Target is 2420151
2420269	[118]	:	Key	71	DOWN	at	2420267 
2425480	[5211]	:	time Target is 2425480
2425755	[275]	:	Key	71	DOWN	at	2425755 
2430816	[5061]	:	time Target is 2430816
2465165	[34349]	:	Key	59	DOWN	at	2465164 
2465259	[94]	:	Key	59	UP	at	2465258 
2467770	[2511]	:	Key	52	DOWN	at	2467770 
2467885	[115]	:	Key	52	UP	at	2467884 
2471050	[3165]	:	Key	71	DOWN	at	2471049 
2471163	[113]	:	Key	71	UP	at	2471163 
2479261	[8098]	:	Key	28	DOWN	at	2479261 
2479435	[174]	:	Key	28	UP	at	2479435 
2488394	[8959]	:	Key	29	DOWN	at	2488393 
2488558	[164]	:	Key	29	UP	at	2488557 
2494141	[5583]	:	Key	29	DOWN	at	2494141 
2494284	[143]	:	Key	29	UP	at	2494284 
2496937	[2653]	:	Key	28	DOWN	at	2496937 
2497054	[117]	:	Key	28	UP	at	2497053 
2499967	[2913]	:	Key	28	DOWN	at	2499966 
2500139	[172]	:	Key	28	UP	at	2500139 
2501599	[1460]	:	Key	28	DOWN	at	2501598 
2501756	[157]	:	Key	28	UP	at	2501755 
2509211	[7455]	:	Key	29	DOWN	at	2509211 
2509326	[115]	:	Key	29	UP	at	2509326 
2512570	[3244]	:	Key	29	DOWN	at	2512570 
2512699	[129]	:	Key	29	UP	at	2512698 
2522205	[9506]	:	Key	28	DOWN	at	2522205 
2522364	[159]	:	Key	28	UP	at	2522363 
2523775	[1411]	:	Key	29	DOWN	at	2523775 
2523914	[139]	:	Key	29	UP	at	2523914 
2529055	[5141]	:	Key	29	DOWN	at	2529055 
2529146	[91]	:	Key	29	UP	at	2529146 
2530619	[1473]	:	Key	29	DOWN	at	2530619 
2530749	[130]	:	Key	29	UP	at	2530748 
2533390	[2641]	:	Key	28	DOWN	at	2533390 
2533534	[144]	:	Key	28	UP	at	2533533 
2534410	[876]	:	Key	28	DOWN	at	2534410 
2534522	[112]	:	Key	28	UP	at	2534522 
2537567	[3045]	:	Key	29	DOWN	at	2537566 
2537739	[172]	:	Key	29	UP	at	2537739 
2539644	[1905]	:	Key	28	DOWN	at	2539644 
2539698	[54]	:	COGENT STOP
