Cog2000 log file Mon Aug 19 12:56:52 2019
gprim v1.33 Compiled:Aug 12 2015 (GLib DirectDraw v7 DX12.0 Compiled:Aug 12 2015)
Display:1024x768x32 59.92Hz
CogInput v1.05 Compiled: May 20 2010
0	[0]	:	COGENT START
9481	[9481]	:	Key	71	DOWN	at	9481    
9575	[94]	:	Key	71	UP	at	9574    
28041	[18466]	:	Key	71	DOWN	at	28041   
28118	[77]	:	Key	71	UP	at	28117   
32197	[4079]	:	Key	71	DOWN	at	32197   
32308	[111]	:	Key	71	UP	at	32308   
43162	[10854]	:	Key	71	DOWN	at	43161   
43303	[141]	:	Key	71	UP	at	43302   
58314	[15011]	:	Key	71	DOWN	at	58313   
58377	[63]	:	Key	71	UP	at	58377   
77961	[19584]	:	Key	71	DOWN	at	77960   
78779	[818]	:	time Target is 78778
80440	[1661]	:	Key	71	DOWN	at	80440   
84019	[3579]	:	time Target is 84019
84422	[403]	:	Key	71	DOWN	at	84421   
90119	[5697]	:	time Target is 90119
90519	[400]	:	Key	71	DOWN	at	90519   
96208	[5689]	:	time Target is 96207
96950	[742]	:	Key	71	DOWN	at	96949   
102295	[5345]	:	time Target is 102295
102954	[659]	:	Key	71	DOWN	at	102953  
111610	[8656]	:	Key	71	DOWN	at	111609  
112673	[1063]	:	time Target is 112672
118998	[6325]	:	time Target is 118998
125320	[6322]	:	time Target is 125320
131636	[6316]	:	time Target is 131635
151079	[19443]	:	Key	71	DOWN	at	151079  
151192	[113]	:	Key	71	UP	at	151192  
155464	[4272]	:	Key	71	DOWN	at	155464  
155557	[93]	:	Key	71	UP	at	155557  
160249	[4692]	:	Key	71	DOWN	at	160248  
160328	[79]	:	Key	71	UP	at	160328  
169220	[8892]	:	Key	71	DOWN	at	169220  
169303	[83]	:	Key	71	UP	at	169302  
174746	[5443]	:	Key	71	DOWN	at	174745  
175546	[800]	:	Key	71	UP	at	174889  
175570	[24]	:	time Target is 175570
176202	[632]	:	Key	71	DOWN	at	176201  
180663	[4461]	:	time Target is 180663
185743	[5080]	:	time Target is 185742
186378	[635]	:	Key	71	DOWN	at	186378  
190830	[4452]	:	time Target is 190830
202421	[11591]	:	Key	71	DOWN	at	202420  
202502	[81]	:	Key	71	UP	at	202501  
206726	[4224]	:	Key	71	DOWN	at	206725  
207518	[792]	:	Key	71	UP	at	206903  
207533	[15]	:	time Target is 207533
212601	[5068]	:	time Target is 212601
213254	[653]	:	Key	71	DOWN	at	213253  
217685	[4431]	:	time Target is 217685
218090	[405]	:	Key	71	DOWN	at	218089  
222770	[4680]	:	time Target is 222770
234197	[11427]	:	Key	71	DOWN	at	234196  
234298	[101]	:	Key	71	UP	at	234297  
237895	[3597]	:	Key	71	DOWN	at	237894  
238687	[792]	:	Key	71	UP	at	238071  
238707	[20]	:	time Target is 238707
243781	[5074]	:	time Target is 243781
244426	[645]	:	Key	71	DOWN	at	244425  
248864	[4438]	:	time Target is 248864
249605	[741]	:	Key	71	DOWN	at	249605  
253946	[4341]	:	time Target is 253946
265093	[11147]	:	Key	71	DOWN	at	265093  
265194	[101]	:	Key	71	UP	at	265193  
269192	[3998]	:	Key	71	DOWN	at	269191  
269984	[792]	:	Key	71	UP	at	269332  
270007	[23]	:	time Target is 270006
270810	[803]	:	Key	71	DOWN	at	270809  
275094	[4284]	:	time Target is 275094
280165	[5071]	:	time Target is 280165
285237	[5072]	:	time Target is 285237
285541	[304]	:	Key	71	DOWN	at	285540  
289543	[4002]	:	Key	71	UP	at	285749  
296553	[7010]	:	Key	71	DOWN	at	296553  
296646	[93]	:	Key	71	UP	at	296646  
311846	[15200]	:	Key	71	DOWN	at	311846  
311977	[131]	:	Key	71	UP	at	311976  
326521	[14544]	:	Key	71	DOWN	at	326521  
326633	[112]	:	Key	71	UP	at	326633  
338522	[11889]	:	Key	71	DOWN	at	338522  
338631	[109]	:	Key	71	UP	at	338631  
343273	[4642]	:	Key	71	DOWN	at	343273  
345834	[2561]	:	time Target is 345834
346373	[539]	:	Key	71	DOWN	at	346373  
351172	[4799]	:	time Target is 351172
356497	[5325]	:	time Target is 356497
357114	[617]	:	Key	71	DOWN	at	357113  
361835	[4721]	:	time Target is 361835
367154	[5319]	:	time Target is 367154
367656	[502]	:	Key	71	DOWN	at	367655  
372480	[4824]	:	time Target is 372480
377802	[5322]	:	time Target is 377802
378277	[475]	:	Key	71	DOWN	at	378276  
383141	[4864]	:	time Target is 383141
384134	[993]	:	Key	71	DOWN	at	384134  
388473	[4339]	:	time Target is 388473
393794	[5321]	:	time Target is 393794
394551	[757]	:	Key	71	DOWN	at	394551  
399131	[4580]	:	time Target is 399131
404449	[5318]	:	time Target is 404449
405255	[806]	:	Key	71	DOWN	at	405254  
409788	[4533]	:	time Target is 409788
415109	[5321]	:	time Target is 415109
420429	[5320]	:	time Target is 420429
420933	[504]	:	Key	71	DOWN	at	420933  
425763	[4830]	:	time Target is 425763
431083	[5320]	:	time Target is 431083
431784	[701]	:	Key	71	DOWN	at	431783  
436426	[4642]	:	time Target is 436426
441747	[5321]	:	time Target is 441747
447070	[5323]	:	time Target is 447070
452394	[5324]	:	time Target is 452394
457717	[5323]	:	time Target is 457717
458053	[336]	:	Key	71	DOWN	at	458053  
463058	[5005]	:	time Target is 463058
463526	[468]	:	Key	71	DOWN	at	463526  
468396	[4870]	:	time Target is 468396
473717	[5321]	:	time Target is 473717
474217	[500]	:	Key	71	DOWN	at	474217  
479052	[4835]	:	time Target is 479052
479430	[378]	:	Key	71	DOWN	at	479429  
484387	[4957]	:	time Target is 484387
484726	[339]	:	Key	71	DOWN	at	484725  
489724	[4998]	:	time Target is 489724
495047	[5323]	:	time Target is 495047
495556	[509]	:	Key	71	DOWN	at	495556  
500382	[4826]	:	time Target is 500382
505705	[5323]	:	time Target is 505705
506057	[352]	:	Key	71	DOWN	at	506057  
511043	[4986]	:	time Target is 511043
512357	[1314]	:	Key	71	DOWN	at	512357  
516376	[4019]	:	time Target is 516376
521691	[5315]	:	time Target is 521691
522116	[425]	:	Key	71	DOWN	at	522116  
527028	[4912]	:	time Target is 527028
532351	[5323]	:	time Target is 532351
532889	[538]	:	Key	71	DOWN	at	532889  
537681	[4792]	:	time Target is 537681
543000	[5319]	:	time Target is 543000
543673	[673]	:	Key	71	DOWN	at	543672  
548337	[4664]	:	time Target is 548337
548869	[532]	:	Key	71	DOWN	at	548869  
553672	[4803]	:	time Target is 553672
554151	[479]	:	Key	71	DOWN	at	554151  
559003	[4852]	:	time Target is 559003
559654	[651]	:	Key	71	DOWN	at	559653  
564341	[4687]	:	time Target is 564341
564806	[465]	:	Key	71	DOWN	at	564806  
569680	[4874]	:	time Target is 569680
570053	[373]	:	Key	71	DOWN	at	570052  
575018	[4965]	:	time Target is 575018
575449	[431]	:	Key	71	DOWN	at	575449  
580354	[4905]	:	time Target is 580354
580713	[359]	:	Key	71	DOWN	at	580713  
585691	[4978]	:	time Target is 585691
591014	[5323]	:	time Target is 591014
591448	[434]	:	Key	71	DOWN	at	591448  
596349	[4901]	:	time Target is 596349
596712	[363]	:	Key	71	DOWN	at	596711  
601684	[4972]	:	time Target is 601684
602244	[560]	:	Key	71	DOWN	at	602244  
607024	[4780]	:	time Target is 607024
612348	[5324]	:	time Target is 612348
617670	[5322]	:	time Target is 617670
618056	[386]	:	Key	71	DOWN	at	618056  
622999	[4943]	:	time Target is 622999
623446	[447]	:	Key	71	DOWN	at	623445  
628333	[4887]	:	time Target is 628333
629401	[1068]	:	Key	71	DOWN	at	629401  
633672	[4271]	:	time Target is 633672
638999	[5327]	:	time Target is 638999
644328	[5329]	:	time Target is 644328
644662	[334]	:	Key	71	DOWN	at	644662  
649668	[5006]	:	time Target is 649668
654987	[5319]	:	time Target is 654987
655288	[301]	:	Key	71	DOWN	at	655288  
660323	[5035]	:	time Target is 660323
665645	[5322]	:	time Target is 665645
666327	[682]	:	Key	71	DOWN	at	666326  
670979	[4652]	:	time Target is 670979
672025	[1046]	:	Key	71	DOWN	at	672025  
676317	[4292]	:	time Target is 676317
681638	[5321]	:	time Target is 681638
682167	[529]	:	Key	71	DOWN	at	682167  
686961	[4794]	:	time Target is 686961
692279	[5318]	:	time Target is 692279
697599	[5320]	:	time Target is 697599
698021	[422]	:	Key	71	DOWN	at	698021  
702942	[4921]	:	time Target is 702942
703223	[281]	:	Key	71	DOWN	at	703223  
708280	[5057]	:	time Target is 708280
708948	[668]	:	Key	71	DOWN	at	708948  
713621	[4673]	:	time Target is 713621
713895	[274]	:	Key	71	DOWN	at	713895  
718962	[5067]	:	time Target is 718962
719607	[645]	:	Key	71	DOWN	at	719607  
724299	[4692]	:	time Target is 724299
729609	[5310]	:	time Target is 729609
730105	[496]	:	Key	71	DOWN	at	730105  
734930	[4825]	:	time Target is 734930
740240	[5310]	:	time Target is 740240
740919	[679]	:	Key	71	DOWN	at	740919  
745560	[4641]	:	time Target is 745560
750870	[5310]	:	time Target is 750870
751237	[367]	:	Key	71	DOWN	at	751236  
756193	[4956]	:	time Target is 756193
761507	[5314]	:	time Target is 761507
766814	[5307]	:	time Target is 766814
772125	[5311]	:	time Target is 772125
772647	[522]	:	Key	71	DOWN	at	772646  
777446	[4799]	:	time Target is 777446
782753	[5307]	:	time Target is 782753
788072	[5319]	:	time Target is 788072
788441	[369]	:	Key	71	DOWN	at	788440  
793413	[4972]	:	time Target is 793413
793797	[384]	:	Key	71	DOWN	at	793797  
798753	[4956]	:	time Target is 798753
799352	[599]	:	Key	71	DOWN	at	799352  
804089	[4737]	:	time Target is 804089
804662	[573]	:	Key	71	DOWN	at	804662  
809423	[4761]	:	time Target is 809423
814741	[5318]	:	time Target is 814741
820065	[5324]	:	time Target is 820065
820695	[630]	:	Key	71	DOWN	at	820694  
824370	[3675]	:	Key	71	UP	at	820904  
827476	[3106]	:	Key	71	DOWN	at	827476  
828267	[791]	:	Key	71	UP	at	827673  
828533	[266]	:	time Target is 828533
833859	[5326]	:	time Target is 833859
839177	[5318]	:	time Target is 839177
844501	[5324]	:	time Target is 844501
849824	[5323]	:	time Target is 849824
855151	[5327]	:	time Target is 855151
860477	[5326]	:	time Target is 860477
860821	[344]	:	Key	71	DOWN	at	860821  
865814	[4993]	:	time Target is 865814
866198	[384]	:	Key	71	DOWN	at	866198  
871170	[4972]	:	time Target is 871170
871607	[437]	:	Key	71	DOWN	at	871607  
876507	[4900]	:	time Target is 876507
881821	[5314]	:	time Target is 881821
887142	[5321]	:	time Target is 887142
887671	[529]	:	Key	71	DOWN	at	887670  
892482	[4811]	:	time Target is 892482
892836	[354]	:	Key	71	DOWN	at	892836  
897825	[4989]	:	time Target is 897825
903150	[5325]	:	time Target is 903150
903448	[298]	:	Key	71	DOWN	at	903448  
908485	[5037]	:	time Target is 908485
909000	[515]	:	Key	71	DOWN	at	908999  
913824	[4824]	:	time Target is 913824
914100	[276]	:	Key	71	DOWN	at	914100  
919163	[5063]	:	time Target is 919163
919270	[107]	:	Key	71	DOWN	at	919269  
924501	[5231]	:	time Target is 924501
925062	[561]	:	Key	71	DOWN	at	925062  
929837	[4775]	:	time Target is 929837
930104	[267]	:	Key	71	DOWN	at	930104  
935174	[5070]	:	time Target is 935174
935528	[354]	:	Key	71	DOWN	at	935527  
940508	[4980]	:	time Target is 940508
945831	[5323]	:	time Target is 945831
951156	[5325]	:	time Target is 951156
951431	[275]	:	Key	71	DOWN	at	951431  
956493	[5062]	:	time Target is 956493
956761	[268]	:	Key	71	DOWN	at	956761  
961810	[5049]	:	Key	71	DOWN	at	961591  
964628	[2818]	:	time Target is 964628
965513	[885]	:	Key	71	DOWN	at	965513  
969972	[4459]	:	time Target is 969972
975291	[5319]	:	time Target is 975291
980607	[5316]	:	time Target is 980607
985935	[5328]	:	time Target is 985935
986472	[537]	:	Key	71	DOWN	at	986471  
991273	[4801]	:	time Target is 991273
996593	[5320]	:	time Target is 996593
997190	[597]	:	Key	71	DOWN	at	997189  
1001931	[4741]	:	time Target is 1001931
1002278	[347]	:	Key	71	DOWN	at	1002277 
1007309	[5031]	:	time Target is 1007309
1008280	[971]	:	Key	71	DOWN	at	1008280 
1012643	[4363]	:	time Target is 1012643
1017962	[5319]	:	time Target is 1017962
1023284	[5322]	:	time Target is 1023284
1028606	[5322]	:	time Target is 1028606
1033925	[5319]	:	time Target is 1033925
1039244	[5319]	:	time Target is 1039244
1044565	[5321]	:	time Target is 1044565
1044964	[399]	:	Key	71	DOWN	at	1044964 
1049903	[4939]	:	time Target is 1049903
1055223	[5320]	:	time Target is 1055223
1060593	[5370]	:	time Target is 1060593
1065916	[5323]	:	time Target is 1065916
1066294	[378]	:	Key	71	DOWN	at	1066293 
1071252	[4958]	:	time Target is 1071252
1076575	[5323]	:	time Target is 1076575
1077046	[471]	:	Key	71	DOWN	at	1077045 
1081913	[4867]	:	time Target is 1081913
1082244	[331]	:	Key	71	DOWN	at	1082244 
1087250	[5006]	:	time Target is 1087250
1088233	[983]	:	Key	71	DOWN	at	1088233 
1092589	[4356]	:	time Target is 1092589
1097909	[5320]	:	time Target is 1097909
1098792	[883]	:	Key	71	DOWN	at	1098792 
1103250	[4458]	:	time Target is 1103250
1108578	[5328]	:	time Target is 1108578
1109529	[951]	:	Key	71	DOWN	at	1109529 
1113915	[4386]	:	time Target is 1113915
1119238	[5323]	:	time Target is 1119238
1119768	[530]	:	Key	71	DOWN	at	1119767 
1124576	[4808]	:	time Target is 1124576
1129894	[5318]	:	time Target is 1129894
1130262	[368]	:	Key	71	DOWN	at	1130262 
1135228	[4966]	:	time Target is 1135228
1135817	[589]	:	Key	71	DOWN	at	1135817 
1140298	[4481]	:	Key	71	DOWN	at	1140182 
1143110	[2812]	:	time Target is 1143110
1148167	[5057]	:	Key	71	DOWN	at	1148100 
1150985	[2818]	:	time Target is 1150985
1156302	[5317]	:	time Target is 1156302
1157162	[860]	:	Key	71	DOWN	at	1157161 
1161638	[4476]	:	time Target is 1161638
1161958	[320]	:	Key	71	DOWN	at	1161958 
1166975	[5017]	:	time Target is 1166975
1172298	[5323]	:	time Target is 1172298
1177625	[5327]	:	time Target is 1177624
1182946	[5321]	:	time Target is 1182945
1188268	[5322]	:	time Target is 1188268
1193589	[5321]	:	time Target is 1193589
1198910	[5321]	:	time Target is 1198910
1204230	[5320]	:	time Target is 1204230
1209569	[5339]	:	time Target is 1209569
1209879	[310]	:	Key	71	DOWN	at	1209878 
1214905	[5026]	:	time Target is 1214905
1220248	[5343]	:	time Target is 1220248
1220678	[430]	:	Key	71	DOWN	at	1220677 
1225587	[4909]	:	time Target is 1225587
1226089	[502]	:	Key	71	DOWN	at	1226089 
1230925	[4836]	:	time Target is 1230925
1236246	[5321]	:	time Target is 1236246
1241559	[5313]	:	Key	71	DOWN	at	1241495 
1244378	[2819]	:	time Target is 1244378
1244966	[588]	:	Key	71	DOWN	at	1244966 
1249750	[4784]	:	time Target is 1249750
1250437	[687]	:	Key	71	DOWN	at	1250437 
1255081	[4644]	:	time Target is 1255081
1255398	[317]	:	Key	71	DOWN	at	1255397 
1260415	[5017]	:	time Target is 1260415
1265735	[5320]	:	time Target is 1265735
1266937	[1202]	:	Key	71	DOWN	at	1266937 
1271074	[4137]	:	time Target is 1271074
1271493	[419]	:	Key	71	DOWN	at	1271492 
1276416	[4923]	:	time Target is 1276416
1281739	[5323]	:	time Target is 1281739
1282168	[429]	:	Key	71	DOWN	at	1282168 
1287077	[4909]	:	time Target is 1287077
1292405	[5328]	:	time Target is 1292405
1298293	[5888]	:	Key	71	DOWN	at	1298292 
1298501	[208]	:	Key	71	UP	at	1298500 
1321927	[23426]	:	Key	71	DOWN	at	1321926 
1322717	[790]	:	Key	71	UP	at	1322056 
1322982	[265]	:	time Target is 1322982
1328042	[5060]	:	Key	71	DOWN	at	1327765 
1328042	[0]	:	Key	71	UP	at	1327912 
1330854	[2812]	:	time Target is 1330854
1331494	[640]	:	Key	71	DOWN	at	1331493 
1336190	[4696]	:	time Target is 1336190
1336820	[630]	:	Key	71	DOWN	at	1336820 
1341525	[4705]	:	time Target is 1341525
1346849	[5324]	:	time Target is 1346849
1352170	[5321]	:	time Target is 1352170
1352613	[443]	:	Key	71	DOWN	at	1352612 
1357511	[4898]	:	time Target is 1357511
1362837	[5326]	:	time Target is 1362837
1363241	[404]	:	Key	71	DOWN	at	1363240 
1368169	[4928]	:	time Target is 1368169
1368647	[478]	:	Key	71	DOWN	at	1368646 
1373510	[4863]	:	time Target is 1373510
1373909	[399]	:	Key	71	DOWN	at	1373908 
1378848	[4939]	:	time Target is 1378848
1384169	[5321]	:	time Target is 1384169
1384441	[272]	:	Key	71	DOWN	at	1384440 
1389507	[5066]	:	time Target is 1389507
1394827	[5320]	:	time Target is 1394827
1395047	[220]	:	Key	71	DOWN	at	1395047 
1400164	[5117]	:	time Target is 1400164
1400837	[673]	:	Key	71	DOWN	at	1400837 
1405495	[4658]	:	time Target is 1405495
1410820	[5325]	:	time Target is 1410820
1416138	[5318]	:	time Target is 1416138
1421462	[5324]	:	time Target is 1421462
1426782	[5320]	:	time Target is 1426782
1427860	[1078]	:	Key	71	DOWN	at	1427860 
1432115	[4255]	:	time Target is 1432115
1437437	[5322]	:	time Target is 1437437
1437749	[312]	:	Key	71	DOWN	at	1437749 
1442776	[5027]	:	time Target is 1442776
1448098	[5322]	:	time Target is 1448098
1448565	[467]	:	Key	71	DOWN	at	1448564 
1453434	[4869]	:	time Target is 1453434
1453622	[188]	:	Key	71	DOWN	at	1453621 
1458774	[5152]	:	time Target is 1458774
1459236	[462]	:	Key	71	DOWN	at	1459236 
1464110	[4874]	:	time Target is 1464110
1464233	[123]	:	Key	71	DOWN	at	1464232 
1469447	[5214]	:	time Target is 1469447
1469749	[302]	:	Key	71	DOWN	at	1469749 
1474778	[5029]	:	time Target is 1474778
1475064	[286]	:	Key	71	DOWN	at	1475064 
1480117	[5053]	:	time Target is 1480117
1480441	[324]	:	Key	71	DOWN	at	1480440 
1485451	[5010]	:	time Target is 1485451
1485941	[490]	:	Key	71	DOWN	at	1485940 
1490794	[4853]	:	time Target is 1490794
1491304	[510]	:	Key	71	DOWN	at	1491304 
1496130	[4826]	:	time Target is 1496130
1501450	[5320]	:	time Target is 1501450
1502313	[863]	:	Key	71	DOWN	at	1502313 
1506786	[4473]	:	time Target is 1506786
1507671	[885]	:	Key	71	DOWN	at	1507670 
1511862	[4191]	:	Key	71	DOWN	at	1511624 
1511863	[1]	:	Key	71	UP	at	1511814 
1514701	[2838]	:	time Target is 1514701
1520024	[5323]	:	time Target is 1520024
1520356	[332]	:	Key	71	DOWN	at	1520356 
1525361	[5005]	:	time Target is 1525361
1526084	[723]	:	Key	71	DOWN	at	1526084 
1530686	[4602]	:	Key	71	DOWN	at	1530565 
1533495	[2809]	:	time Target is 1533495
1538815	[5320]	:	time Target is 1538815
1544137	[5322]	:	time Target is 1544137
1549462	[5325]	:	time Target is 1549462
1554782	[5320]	:	time Target is 1554782
1560107	[5325]	:	time Target is 1560106
1565429	[5322]	:	time Target is 1565429
1570748	[5319]	:	time Target is 1570748
1571670	[922]	:	Key	71	DOWN	at	1571670 
1576078	[4408]	:	time Target is 1576078
1581397	[5319]	:	time Target is 1581397
1586714	[5317]	:	time Target is 1586714
1592035	[5321]	:	time Target is 1592035
1597357	[5322]	:	time Target is 1597357
1597942	[585]	:	Key	71	DOWN	at	1597942 
1602693	[4751]	:	time Target is 1602693
1608013	[5320]	:	time Target is 1608013
1608310	[297]	:	Key	71	DOWN	at	1608310 
1613350	[5040]	:	time Target is 1613350
1613704	[354]	:	Key	71	DOWN	at	1613703 
1618688	[4984]	:	time Target is 1618688
1624014	[5326]	:	time Target is 1624014
1629337	[5323]	:	time Target is 1629337
1629990	[653]	:	Key	71	DOWN	at	1629990 
1634674	[4684]	:	time Target is 1634674
1634935	[261]	:	Key	71	DOWN	at	1634935 
1640012	[5077]	:	time Target is 1640012
1645335	[5323]	:	time Target is 1645335
1645896	[561]	:	Key	71	DOWN	at	1645896 
1650675	[4779]	:	time Target is 1650675
1655999	[5324]	:	time Target is 1655999
1661319	[5320]	:	time Target is 1661319
1666637	[5318]	:	time Target is 1666637
1671958	[5321]	:	time Target is 1671958
1672265	[307]	:	Key	71	DOWN	at	1672264 
1677295	[5030]	:	time Target is 1677295
1677751	[456]	:	Key	71	DOWN	at	1677750 
1682630	[4879]	:	time Target is 1682630
1687967	[5337]	:	time Target is 1687967
1693290	[5323]	:	time Target is 1693290
1698616	[5326]	:	time Target is 1698616
1703940	[5324]	:	time Target is 1703940
1709262	[5322]	:	time Target is 1709262
1714584	[5322]	:	time Target is 1714584
1714952	[368]	:	Key	71	DOWN	at	1714952 
1719917	[4965]	:	time Target is 1719917
1725239	[5322]	:	time Target is 1725239
1725606	[367]	:	Key	71	DOWN	at	1725606 
1730572	[4966]	:	time Target is 1730572
1731178	[606]	:	Key	71	DOWN	at	1731177 
1735907	[4729]	:	time Target is 1735907
1737256	[1349]	:	Key	71	DOWN	at	1737256 
1741283	[4027]	:	time Target is 1741283
1741944	[661]	:	Key	71	DOWN	at	1741944 
1746621	[4677]	:	time Target is 1746621
1747033	[412]	:	Key	71	DOWN	at	1747033 
1751956	[4923]	:	time Target is 1751956
1757270	[5314]	:	Key	71	UP	at	1757192 
1757280	[10]	:	time Target is 1757280
1757959	[679]	:	Key	71	DOWN	at	1757958 
1762618	[4659]	:	time Target is 1762618
1767936	[5318]	:	time Target is 1767936
1768278	[342]	:	Key	71	DOWN	at	1768278 
1773012	[4734]	:	Key	71	UP	at	1772697 
1773278	[266]	:	time Target is 1773278
1778592	[5314]	:	time Target is 1778592
1783651	[5059]	:	Key	71	DOWN	at	1783463 
1786485	[2834]	:	time Target is 1786485
1787335	[850]	:	Key	71	DOWN	at	1787335 
1790785	[3450]	:	Key	71	UP	at	1787605 
1791768	[983]	:	Key	71	DOWN	at	1791768 
1792551	[783]	:	Key	71	UP	at	1791896 
1792818	[267]	:	time Target is 1792818
1798138	[5320]	:	time Target is 1798138
1798438	[300]	:	Key	71	DOWN	at	1798438 
1803477	[5039]	:	time Target is 1803477
1808793	[5316]	:	time Target is 1808793
1814113	[5320]	:	time Target is 1814113
1819436	[5323]	:	time Target is 1819436
1824757	[5321]	:	time Target is 1824757
1830080	[5323]	:	time Target is 1830080
1835399	[5319]	:	time Target is 1835399
1840712	[5313]	:	Key	71	DOWN	at	1840693 
1843256	[2544]	:	Key	71	DOWN	at	1843046 
1843257	[1]	:	Key	71	UP	at	1843221 
1846068	[2811]	:	time Target is 1846068
1846773	[705]	:	Key	71	DOWN	at	1846772 
1851415	[4642]	:	time Target is 1851415
1856734	[5319]	:	time Target is 1856734
1862094	[5360]	:	time Target is 1862094
1862393	[299]	:	Key	71	DOWN	at	1862392 
1867433	[5040]	:	time Target is 1867433
1867705	[272]	:	Key	71	DOWN	at	1867704 
1872773	[5068]	:	time Target is 1872773
1873369	[596]	:	Key	71	DOWN	at	1873368 
1878146	[4777]	:	time Target is 1878146
1883466	[5320]	:	time Target is 1883466
1883865	[399]	:	Key	71	DOWN	at	1883864 
1888804	[4939]	:	time Target is 1888804
1889736	[932]	:	Key	71	DOWN	at	1889736 
1894142	[4406]	:	time Target is 1894142
1899464	[5322]	:	time Target is 1899464
1900151	[687]	:	Key	71	DOWN	at	1900151 
1904800	[4649]	:	time Target is 1904800
1910120	[5320]	:	time Target is 1910120
1915439	[5319]	:	time Target is 1915439
1915942	[503]	:	Key	71	DOWN	at	1915942 
1920776	[4834]	:	time Target is 1920776
1926085	[5309]	:	Key	71	DOWN	at	1925975 
1928900	[2815]	:	time Target is 1928900
1934221	[5321]	:	time Target is 1934221
1939544	[5323]	:	time Target is 1939544
1944864	[5320]	:	time Target is 1944864
1945593	[729]	:	Key	71	DOWN	at	1945593 
1950199	[4606]	:	time Target is 1950199
1955526	[5327]	:	time Target is 1955526
1955814	[288]	:	Key	71	DOWN	at	1955814 
1960863	[5049]	:	time Target is 1960863
1966177	[5314]	:	time Target is 1966177
1971496	[5319]	:	time Target is 1971496
1976810	[5314]	:	Key	71	DOWN	at	1976712 
1979626	[2816]	:	time Target is 1979626
1980100	[474]	:	Key	71	DOWN	at	1980100 
1984959	[4859]	:	time Target is 1984959
1985671	[712]	:	Key	71	DOWN	at	1985670 
1990296	[4625]	:	time Target is 1990296
1995617	[5321]	:	time Target is 1995617
1995989	[372]	:	Key	71	DOWN	at	1995989 
2000951	[4962]	:	time Target is 2000951
2006265	[5314]	:	time Target is 2006265
2011583	[5318]	:	time Target is 2011583
2016905	[5322]	:	time Target is 2016905
2022223	[5318]	:	time Target is 2022223
2022710	[487]	:	Key	71	DOWN	at	2022709 
2027561	[4851]	:	time Target is 2027561
2032908	[5347]	:	time Target is 2032908
2038231	[5323]	:	time Target is 2038231
2043551	[5320]	:	time Target is 2043551
2044278	[727]	:	Key	71	DOWN	at	2044278 
2048887	[4609]	:	time Target is 2048887
2049464	[577]	:	Key	71	DOWN	at	2049463 
2054219	[4755]	:	time Target is 2054219
2059543	[5324]	:	time Target is 2059543
2064860	[5317]	:	time Target is 2064860
2065239	[379]	:	Key	71	DOWN	at	2065237 
2070199	[4960]	:	time Target is 2070199
2075551	[5352]	:	time Target is 2075551
2076212	[661]	:	Key	71	DOWN	at	2076212 
2080885	[4673]	:	time Target is 2080885
2081592	[707]	:	Key	71	DOWN	at	2081592 
2086214	[4622]	:	time Target is 2086214
2087270	[1056]	:	Key	71	DOWN	at	2087270 
2091550	[4280]	:	time Target is 2091550
2096873	[5323]	:	time Target is 2096873
2102191	[5318]	:	time Target is 2102191
2107512	[5321]	:	time Target is 2107512
2112834	[5322]	:	time Target is 2112834
2118155	[5321]	:	time Target is 2118155
2118661	[506]	:	Key	71	DOWN	at	2118660 
2123481	[4820]	:	time Target is 2123481
2123912	[431]	:	Key	71	DOWN	at	2123912 
2128818	[4906]	:	time Target is 2128818
2129846	[1028]	:	Key	71	DOWN	at	2129846 
2134153	[4307]	:	time Target is 2134153
2139469	[5316]	:	time Target is 2139469
2144789	[5320]	:	time Target is 2144789
2144804	[15]	:	Key	71	DOWN	at	2144804 
2150120	[5316]	:	time Target is 2150120
2155444	[5324]	:	time Target is 2155444
2155989	[545]	:	Key	71	DOWN	at	2155988 
2160778	[4789]	:	time Target is 2160778
2161383	[605]	:	Key	71	DOWN	at	2161382 
2166114	[4731]	:	time Target is 2166114
2171463	[5349]	:	time Target is 2171463
2172213	[750]	:	Key	71	DOWN	at	2172212 
2176804	[4591]	:	time Target is 2176804
2177300	[496]	:	Key	71	DOWN	at	2177300 
2182141	[4841]	:	time Target is 2182141
2187463	[5322]	:	time Target is 2187463
2187911	[448]	:	Key	71	DOWN	at	2187910 
2192803	[4892]	:	time Target is 2192803
2198120	[5317]	:	time Target is 2198120
2199542	[1422]	:	Key	71	DOWN	at	2199542 
2203456	[3914]	:	time Target is 2203456
2208776	[5320]	:	time Target is 2208776
2214099	[5323]	:	time Target is 2214099
2214666	[567]	:	Key	71	DOWN	at	2214665 
2219435	[4769]	:	time Target is 2219435
2219704	[269]	:	Key	71	DOWN	at	2219704 
2224786	[5082]	:	time Target is 2224786
2230114	[5328]	:	time Target is 2230114
2231157	[1043]	:	Key	71	DOWN	at	2231157 
2235449	[4292]	:	time Target is 2235449
2240766	[5317]	:	time Target is 2240766
2246090	[5324]	:	time Target is 2246090
2246374	[284]	:	Key	71	DOWN	at	2246373 
2251433	[5059]	:	time Target is 2251433
2256755	[5322]	:	time Target is 2256755
2267493	[10738]	:	Key	71	DOWN	at	2267492 
2267577	[84]	:	Key	71	UP	at	2267576 
2279477	[11900]	:	Key	29	DOWN	at	2279477 
2279609	[132]	:	Key	29	UP	at	2279608 
2290308	[10699]	:	Key	29	DOWN	at	2290308 
2290421	[113]	:	Key	29	UP	at	2290420 
2293670	[3249]	:	Key	29	DOWN	at	2293669 
2293784	[114]	:	Key	29	UP	at	2293783 
2295764	[1980]	:	Key	28	DOWN	at	2295764 
2295845	[81]	:	Key	28	UP	at	2295845 
2299063	[3218]	:	Key	28	DOWN	at	2299062 
2299143	[80]	:	Key	28	UP	at	2299143 
2303716	[4573]	:	Key	29	DOWN	at	2303716 
2303861	[145]	:	Key	29	UP	at	2303860 
2307604	[3743]	:	Key	28	DOWN	at	2307604 
2307685	[81]	:	Key	28	UP	at	2307685 
2308455	[770]	:	Key	28	DOWN	at	2308455 
2308534	[79]	:	Key	28	UP	at	2308534 
2313497	[4963]	:	Key	29	DOWN	at	2313497 
2313672	[175]	:	Key	29	UP	at	2313672 
2315316	[1644]	:	Key	29	DOWN	at	2315316 
2315414	[98]	:	Key	29	UP	at	2315414 
2318823	[3409]	:	Key	28	DOWN	at	2318823 
2318919	[96]	:	Key	28	UP	at	2318919 
2319573	[654]	:	Key	28	DOWN	at	2319572 
2319639	[66]	:	Key	28	UP	at	2319638 
2323639	[4000]	:	Key	28	DOWN	at	2323638 
2323783	[144]	:	Key	28	UP	at	2323783 
2325400	[1617]	:	Key	28	DOWN	at	2325399 
2325508	[108]	:	Key	28	UP	at	2325508 
2328775	[3267]	:	Key	29	DOWN	at	2328775 
2328903	[128]	:	Key	29	UP	at	2328903 
2329337	[434]	:	Key	29	DOWN	at	2329337 
2329370	[33]	:	COGENT STOP
