Cog2000 log file Thu Sep 05 09:14:32 2019
gprim v1.33 Compiled:Aug 12 2015 (GLib DirectDraw v7 DX12.0 Compiled:Aug 12 2015)
Display:1024x768x32 59.99Hz
Attaching C:\Program Files\Cogent2000v1.33\Toolbox\CogInput.mexw64
CogInput v1.05 Compiled: May 20 2010
7	[7]	:	COGENT START
7431	[7424]	:	Key	71	DOWN	at	7430    
7527	[96]	:	Key	71	UP	at	7527    
26292	[18765]	:	Key	71	DOWN	at	26291   
26370	[78]	:	Key	71	UP	at	26370   
31032	[4662]	:	Key	71	DOWN	at	31029   
31110	[78]	:	Key	71	UP	at	31110   
41955	[10845]	:	Key	71	DOWN	at	41955   
42066	[111]	:	Key	71	UP	at	42066   
57271	[15205]	:	Key	71	DOWN	at	57270   
57348	[77]	:	Key	71	UP	at	57347   
75334	[17986]	:	Key	71	DOWN	at	75334   
76248	[914]	:	time Target is 76217
76683	[435]	:	Key	71	DOWN	at	76676   
76685	[2]	:	Key	14	DOWN	at	76676   
82367	[5682]	:	time Target is 82366
82904	[537]	:	Key	71	DOWN	at	82903   
88473	[5569]	:	time Target is 88471
89173	[700]	:	Key	71	DOWN	at	89172   
94571	[5398]	:	time Target is 94570
95239	[668]	:	Key	71	DOWN	at	95238   
107031	[11792]	:	Key	71	DOWN	at	107031  
108101	[1070]	:	time Target is 108096
114433	[6332]	:	time Target is 114433
120765	[6332]	:	time Target is 120764
127092	[6327]	:	time Target is 127092
147028	[19936]	:	Key	71	DOWN	at	147028  
147122	[94]	:	Key	71	UP	at	147122  
151137	[4015]	:	Key	71	DOWN	at	151137  
151238	[101]	:	Key	71	UP	at	151238  
156113	[4875]	:	Key	71	DOWN	at	156113  
156179	[66]	:	Key	71	UP	at	156178  
164961	[8782]	:	Key	71	DOWN	at	164961  
165044	[83]	:	Key	71	UP	at	165043  
169765	[4721]	:	Key	71	DOWN	at	169765  
170591	[826]	:	Key	71	UP	at	169845  
170611	[20]	:	time Target is 170611
171254	[643]	:	Key	71	DOWN	at	171254  
175716	[4462]	:	time Target is 175716
176452	[736]	:	Key	71	DOWN	at	176452  
180815	[4363]	:	time Target is 180815
181412	[597]	:	Key	71	DOWN	at	181411  
185921	[4509]	:	time Target is 185921
186211	[290]	:	Key	71	DOWN	at	186211  
191027	[4816]	:	time Target is 191026
191351	[324]	:	Key	71	DOWN	at	191350  
195337	[3986]	:	Key	71	UP	at	191411  
197505	[2168]	:	Key	71	DOWN	at	197505  
198294	[789]	:	Key	71	UP	at	197587  
198317	[23]	:	time Target is 198317
227239	[28922]	:	Key	71	DOWN	at	227238  
227334	[95]	:	Key	71	UP	at	227333  
234246	[6912]	:	Key	71	DOWN	at	234246  
235039	[793]	:	Key	71	UP	at	234355  
235060	[21]	:	time Target is 235060
235574	[514]	:	Key	71	DOWN	at	235573  
240144	[4570]	:	time Target is 240144
240983	[839]	:	Key	71	DOWN	at	240982  
245228	[4245]	:	time Target is 245228
250301	[5073]	:	time Target is 250301
264247	[13946]	:	Key	71	DOWN	at	264247  
264323	[76]	:	Key	71	UP	at	264322  
268998	[4675]	:	Key	71	DOWN	at	268997  
269790	[792]	:	Key	71	UP	at	269076  
269811	[21]	:	time Target is 269810
270372	[561]	:	Key	71	DOWN	at	270371  
274898	[4526]	:	time Target is 274897
279970	[5072]	:	time Target is 279970
280979	[1009]	:	Key	71	DOWN	at	280978  
285063	[4084]	:	time Target is 285063
285367	[304]	:	Key	71	DOWN	at	285366  
289365	[3998]	:	Key	71	UP	at	285444  
296546	[7181]	:	Key	71	DOWN	at	296546  
296663	[117]	:	Key	71	UP	at	296663  
300150	[3487]	:	Key	71	DOWN	at	300149  
300942	[792]	:	Key	71	UP	at	300211  
300963	[21]	:	time Target is 300963
301813	[850]	:	Key	71	DOWN	at	301812  
306055	[4242]	:	time Target is 306054
311131	[5076]	:	time Target is 311131
316213	[5082]	:	time Target is 316212
327797	[11584]	:	Key	71	DOWN	at	327797  
327878	[81]	:	Key	71	UP	at	327878  
344018	[16140]	:	Key	71	DOWN	at	344018  
344117	[99]	:	Key	71	UP	at	344117  
358645	[14528]	:	Key	71	DOWN	at	358644  
358726	[81]	:	Key	71	UP	at	358725  
370549	[11823]	:	Key	71	DOWN	at	370548  
370630	[81]	:	Key	71	UP	at	370630  
375382	[4752]	:	Key	71	DOWN	at	375382  
377684	[2302]	:	Key	71	DOWN	at	377351  
377685	[1]	:	Key	71	UP	at	377398  
380515	[2830]	:	time Target is 380515
380964	[449]	:	Key	71	DOWN	at	380964  
385861	[4897]	:	time Target is 385861
386404	[543]	:	Key	71	DOWN	at	386403  
391210	[4806]	:	time Target is 391210
396543	[5333]	:	time Target is 396542
401870	[5327]	:	time Target is 401870
402803	[933]	:	Key	71	DOWN	at	402803  
407207	[4404]	:	time Target is 407207
412529	[5322]	:	time Target is 412529
413316	[787]	:	Key	71	DOWN	at	413316  
417865	[4549]	:	time Target is 417865
418152	[287]	:	Key	71	DOWN	at	418151  
423202	[5050]	:	time Target is 423202
428520	[5318]	:	time Target is 428520
433839	[5319]	:	time Target is 433839
435221	[1382]	:	Key	71	DOWN	at	435220  
439176	[3955]	:	time Target is 439176
439495	[319]	:	Key	71	DOWN	at	439495  
444518	[5023]	:	time Target is 444518
445605	[1087]	:	Key	71	DOWN	at	445605  
449858	[4253]	:	time Target is 449858
455183	[5325]	:	time Target is 455183
460512	[5329]	:	time Target is 460512
465834	[5322]	:	time Target is 465834
471157	[5323]	:	time Target is 471157
476481	[5324]	:	time Target is 476481
476834	[353]	:	Key	71	DOWN	at	476834  
481816	[4982]	:	time Target is 481816
482306	[490]	:	Key	71	DOWN	at	482306  
487153	[4847]	:	time Target is 487153
492473	[5320]	:	time Target is 492473
497793	[5320]	:	time Target is 497793
498642	[849]	:	Key	71	DOWN	at	498641  
503132	[4490]	:	time Target is 503132
508450	[5318]	:	time Target is 508450
508790	[340]	:	Key	71	DOWN	at	508789  
513782	[4992]	:	time Target is 513782
514933	[1151]	:	Key	71	DOWN	at	514933  
519109	[4176]	:	time Target is 519109
519477	[368]	:	Key	71	DOWN	at	519477  
524448	[4971]	:	time Target is 524448
529774	[5326]	:	time Target is 529774
535096	[5322]	:	time Target is 535096
540421	[5325]	:	time Target is 540421
545744	[5323]	:	time Target is 545744
546070	[326]	:	Key	71	DOWN	at	546070  
551076	[5006]	:	time Target is 551076
556403	[5327]	:	time Target is 556403
557461	[1058]	:	Key	71	DOWN	at	557460  
561745	[4284]	:	time Target is 561745
567066	[5321]	:	time Target is 567066
572385	[5319]	:	time Target is 572385
573780	[1395]	:	Key	71	DOWN	at	573780  
577719	[3939]	:	time Target is 577719
578548	[829]	:	Key	71	DOWN	at	578547  
583054	[4506]	:	time Target is 583054
588386	[5332]	:	time Target is 588386
593715	[5329]	:	time Target is 593715
599037	[5322]	:	time Target is 599037
599478	[441]	:	Key	71	DOWN	at	599477  
604365	[4887]	:	time Target is 604365
604853	[488]	:	Key	71	DOWN	at	604853  
609726	[4873]	:	time Target is 609726
610546	[820]	:	Key	71	DOWN	at	610546  
615060	[4514]	:	time Target is 615060
615334	[274]	:	Key	71	DOWN	at	615334  
620392	[5058]	:	time Target is 620392
621813	[1421]	:	Key	71	DOWN	at	621812  
625727	[3914]	:	time Target is 625727
631048	[5321]	:	time Target is 631048
636366	[5318]	:	time Target is 636366
641691	[5325]	:	time Target is 641691
647022	[5331]	:	time Target is 647022
647480	[458]	:	Key	71	DOWN	at	647479  
652366	[4886]	:	time Target is 652366
657688	[5322]	:	time Target is 657688
658931	[1243]	:	Key	71	DOWN	at	658931  
663021	[4090]	:	time Target is 663021
668342	[5321]	:	time Target is 668342
669702	[1360]	:	Key	71	DOWN	at	669701  
673679	[3977]	:	time Target is 673679
674131	[452]	:	Key	71	DOWN	at	674131  
679021	[4890]	:	time Target is 679021
679877	[856]	:	Key	71	DOWN	at	679876  
684358	[4481]	:	time Target is 684358
684899	[541]	:	Key	71	DOWN	at	684898  
689697	[4798]	:	time Target is 689697
689922	[225]	:	Key	71	DOWN	at	689922  
695028	[5106]	:	time Target is 695028
695335	[307]	:	Key	71	DOWN	at	695334  
700364	[5029]	:	time Target is 700364
700994	[630]	:	Key	71	DOWN	at	700994  
705699	[4705]	:	time Target is 705699
706005	[306]	:	Key	71	DOWN	at	706005  
711037	[5032]	:	time Target is 711037
716360	[5323]	:	time Target is 716360
717511	[1151]	:	Key	71	DOWN	at	717510  
721695	[4184]	:	time Target is 721695
722149	[454]	:	Key	71	DOWN	at	722149  
727044	[4895]	:	time Target is 727044
727251	[207]	:	Key	71	DOWN	at	727251  
732384	[5133]	:	time Target is 732384
732611	[227]	:	Key	71	DOWN	at	732610  
737717	[5106]	:	time Target is 737717
738035	[318]	:	Key	71	DOWN	at	738035  
743051	[5016]	:	time Target is 743051
744083	[1032]	:	Key	71	DOWN	at	744082  
748390	[4307]	:	time Target is 748390
748743	[353]	:	Key	71	DOWN	at	748742  
753727	[4984]	:	time Target is 753727
753960	[233]	:	Key	71	DOWN	at	753959  
759063	[5103]	:	time Target is 759063
760087	[1024]	:	Key	71	DOWN	at	760087  
764394	[4307]	:	time Target is 764394
765010	[616]	:	Key	71	DOWN	at	765010  
769733	[4723]	:	time Target is 769733
770788	[1055]	:	Key	71	DOWN	at	770787  
775077	[4289]	:	time Target is 775077
775395	[318]	:	Key	71	DOWN	at	775395  
780426	[5031]	:	time Target is 780426
780693	[267]	:	Key	71	DOWN	at	780693  
785773	[5080]	:	time Target is 785773
785990	[217]	:	Key	71	DOWN	at	785990  
791111	[5121]	:	time Target is 791111
791394	[283]	:	Key	71	DOWN	at	791394  
796445	[5051]	:	time Target is 796445
797827	[1382]	:	Key	71	DOWN	at	797827  
801783	[3956]	:	time Target is 801783
807107	[5324]	:	time Target is 807107
812435	[5328]	:	time Target is 812435
813524	[1089]	:	Key	71	DOWN	at	813524  
817766	[4242]	:	time Target is 817766
818198	[432]	:	Key	71	DOWN	at	818198  
823109	[4911]	:	time Target is 823109
823331	[222]	:	Key	71	DOWN	at	823331  
828441	[5110]	:	time Target is 828441
829108	[667]	:	Key	71	DOWN	at	829107  
833779	[4671]	:	time Target is 833779
839098	[5319]	:	time Target is 839098
844416	[5318]	:	time Target is 844416
845412	[996]	:	Key	71	DOWN	at	845412  
849750	[4338]	:	time Target is 849750
854035	[4285]	:	Key	71	DOWN	at	851334  
854035	[0]	:	Key	71	UP	at	851397  
855318	[1283]	:	Key	71	DOWN	at	855317  
856108	[790]	:	Key	71	UP	at	855430  
856376	[268]	:	time Target is 856376
856821	[445]	:	Key	71	DOWN	at	856820  
861710	[4889]	:	time Target is 861710
862054	[344]	:	Key	71	DOWN	at	862053  
867046	[4992]	:	time Target is 867046
872365	[5319]	:	time Target is 872365
872743	[378]	:	Key	71	DOWN	at	872742  
877708	[4965]	:	time Target is 877708
883029	[5321]	:	time Target is 883029
883636	[607]	:	Key	71	DOWN	at	883636  
888361	[4725]	:	time Target is 888361
888611	[250]	:	Key	71	DOWN	at	888610  
893701	[5090]	:	time Target is 893701
894038	[337]	:	Key	71	DOWN	at	894038  
899035	[4997]	:	time Target is 899035
904352	[5317]	:	time Target is 904352
909673	[5321]	:	time Target is 909673
909938	[265]	:	Key	71	DOWN	at	909938  
915006	[5068]	:	time Target is 915006
915394	[388]	:	Key	71	DOWN	at	915394  
920343	[4949]	:	time Target is 920343
920344	[1]	:	Key	71	DOWN	at	920342  
920408	[64]	:	Key	71	UP	at	920407  
920724	[316]	:	Key	71	DOWN	at	920723  
925677	[4953]	:	time Target is 925677
927159	[1482]	:	Key	71	DOWN	at	927158  
931002	[3843]	:	time Target is 931002
932373	[1371]	:	Key	71	DOWN	at	932373  
936336	[3963]	:	time Target is 936336
936801	[465]	:	Key	71	DOWN	at	936801  
941670	[4869]	:	time Target is 941670
946992	[5322]	:	time Target is 946992
947319	[327]	:	Key	71	DOWN	at	947318  
952325	[5006]	:	time Target is 952325
953415	[1090]	:	Key	71	DOWN	at	953415  
957670	[4255]	:	time Target is 957670
962988	[5318]	:	time Target is 962988
963304	[316]	:	Key	71	DOWN	at	963303  
968323	[5019]	:	time Target is 968323
973647	[5324]	:	time Target is 973647
974103	[456]	:	Key	71	DOWN	at	974102  
978983	[4880]	:	time Target is 978983
979123	[140]	:	Key	71	DOWN	at	979123  
984321	[5198]	:	time Target is 984321
984627	[306]	:	Key	71	DOWN	at	984626  
989662	[5035]	:	time Target is 989662
994724	[5062]	:	Key	71	DOWN	at	994482  
994725	[1]	:	Key	71	UP	at	994567  
997275	[2550]	:	Key	71	DOWN	at	996821  
997276	[1]	:	Key	71	UP	at	996964  
1000095	[2819]	:	time Target is 1000095
1000548	[453]	:	Key	71	DOWN	at	1000548 
1005435	[4887]	:	time Target is 1005435
1006774	[1339]	:	Key	71	DOWN	at	1006774 
1010507	[3733]	:	Key	71	DOWN	at	1010230 
1010508	[1]	:	Key	71	UP	at	1010323 
1013324	[2816]	:	time Target is 1013324
1014037	[713]	:	Key	71	DOWN	at	1014037 
1018405	[4368]	:	Key	71	DOWN	at	1018291 
1021226	[2821]	:	time Target is 1021226
1026281	[5055]	:	Key	71	DOWN	at	1026068 
1026281	[0]	:	Key	71	UP	at	1026181 
1029093	[2812]	:	time Target is 1029093
1029348	[255]	:	Key	71	DOWN	at	1029348 
1034425	[5077]	:	time Target is 1034425
1035730	[1305]	:	Key	71	DOWN	at	1035730 
1039763	[4033]	:	time Target is 1039763
1040739	[976]	:	Key	71	DOWN	at	1040739 
1044832	[4093]	:	Key	71	DOWN	at	1044498 
1044833	[1]	:	Key	71	UP	at	1044561 
1047646	[2813]	:	time Target is 1047646
1047875	[229]	:	Key	71	DOWN	at	1047875 
1052983	[5108]	:	time Target is 1052983
1053361	[378]	:	Key	71	DOWN	at	1053361 
1058054	[4693]	:	Key	71	DOWN	at	1057860 
1058055	[1]	:	Key	71	UP	at	1057907 
1060603	[2548]	:	Key	71	DOWN	at	1060596 
1063412	[2809]	:	time Target is 1063412
1063843	[431]	:	Key	71	DOWN	at	1063843 
1068743	[4900]	:	time Target is 1068743
1069236	[493]	:	Key	71	DOWN	at	1069236 
1074079	[4843]	:	time Target is 1074079
1075027	[948]	:	Key	71	DOWN	at	1075026 
1079413	[4386]	:	time Target is 1079413
1084470	[5057]	:	Key	71	DOWN	at	1084150 
1084471	[1]	:	Key	71	UP	at	1084225 
1087275	[2804]	:	Key	71	DOWN	at	1087206 
1087275	[0]	:	Key	71	UP	at	1087251 
1090075	[2800]	:	Key	71	DOWN	at	1089879 
1090075	[0]	:	Key	71	UP	at	1089974 
1092620	[2545]	:	Key	71	DOWN	at	1092611 
1095170	[2550]	:	Key	71	DOWN	at	1095011 
1095171	[1]	:	Key	71	UP	at	1095077 
1097986	[2815]	:	time Target is 1097986
1098386	[400]	:	Key	71	DOWN	at	1098386 
1103055	[4669]	:	Key	71	DOWN	at	1102854 
1103056	[1]	:	Key	71	UP	at	1102931 
1105606	[2550]	:	Key	71	DOWN	at	1105348 
1105607	[1]	:	Key	71	UP	at	1105414 
1108154	[2547]	:	Key	71	DOWN	at	1107942 
1108155	[1]	:	Key	71	UP	at	1108004 
1110705	[2550]	:	Key	71	DOWN	at	1110515 
1110705	[0]	:	Key	71	UP	at	1110578 
1113254	[2549]	:	Key	71	DOWN	at	1113015 
1113255	[1]	:	Key	71	UP	at	1113091 
1116069	[2814]	:	time Target is 1116069
1116534	[465]	:	Key	71	DOWN	at	1116534 
1121396	[4862]	:	time Target is 1121396
1121682	[286]	:	Key	71	DOWN	at	1121682 
1126735	[5053]	:	time Target is 1126735
1127093	[358]	:	Key	71	DOWN	at	1127093 
1132074	[4981]	:	time Target is 1132074
1132374	[300]	:	Key	71	DOWN	at	1132373 
1137409	[5035]	:	time Target is 1137409
1137716	[307]	:	Key	71	DOWN	at	1137715 
1142747	[5031]	:	time Target is 1142747
1143092	[345]	:	Key	71	DOWN	at	1143092 
1148077	[4985]	:	Key	71	DOWN	at	1147891 
1148078	[1]	:	Key	71	UP	at	1147926 
1150626	[2548]	:	Key	71	DOWN	at	1150597 
1153174	[2548]	:	Key	71	DOWN	at	1152950 
1153175	[1]	:	Key	71	UP	at	1153030 
1155726	[2551]	:	Key	71	DOWN	at	1155477 
1155727	[1]	:	Key	71	UP	at	1155557 
1158275	[2548]	:	Key	71	DOWN	at	1157909 
1158276	[1]	:	Key	71	UP	at	1158020 
1160837	[2561]	:	Key	71	DOWN	at	1160483 
1160838	[1]	:	Key	71	UP	at	1160577 
1163386	[2548]	:	Key	71	DOWN	at	1163142 
1163387	[1]	:	Key	71	UP	at	1163190 
1166207	[2820]	:	time Target is 1166206
1166853	[646]	:	Key	71	DOWN	at	1166853 
1171543	[4690]	:	time Target is 1171543
1171971	[428]	:	Key	71	DOWN	at	1171970 
1176884	[4913]	:	time Target is 1176884
1182199	[5315]	:	time Target is 1182199
1182482	[283]	:	Key	71	DOWN	at	1182481 
1187524	[5042]	:	time Target is 1187524
1187783	[259]	:	Key	71	DOWN	at	1187782 
1192860	[5077]	:	time Target is 1192860
1198184	[5324]	:	time Target is 1198184
1198566	[382]	:	Key	71	DOWN	at	1198565 
1203520	[4954]	:	Key	71	DOWN	at	1203281 
1203520	[0]	:	Key	71	UP	at	1203362 
1206325	[2805]	:	Key	71	DOWN	at	1206070 
1206325	[0]	:	Key	71	UP	at	1206146 
1209139	[2814]	:	time Target is 1209139
1209411	[272]	:	Key	71	DOWN	at	1209410 
1214475	[5064]	:	time Target is 1214475
1219798	[5323]	:	time Target is 1219798
1225117	[5319]	:	time Target is 1225117
1225827	[710]	:	Key	71	DOWN	at	1225827 
1230454	[4627]	:	time Target is 1230454
1230998	[544]	:	Key	71	DOWN	at	1230997 
1235794	[4796]	:	time Target is 1235794
1236037	[243]	:	Key	71	DOWN	at	1236037 
1241129	[5092]	:	time Target is 1241129
1241446	[317]	:	Key	71	DOWN	at	1241446 
1246466	[5020]	:	time Target is 1246466
1251785	[5319]	:	time Target is 1251785
1252277	[492]	:	Key	71	DOWN	at	1252277 
1257124	[4847]	:	time Target is 1257124
1262723	[5599]	:	Key	71	DOWN	at	1262723 
1262834	[111]	:	Key	71	UP	at	1262834 
1267014	[4180]	:	Key	71	DOWN	at	1267014 
1267806	[792]	:	Key	71	UP	at	1267110 
1268073	[267]	:	time Target is 1268073
1269207	[1134]	:	Key	71	DOWN	at	1269207 
1273405	[4198]	:	time Target is 1273405
1278719	[5314]	:	time Target is 1278719
1284038	[5319]	:	time Target is 1284038
1284406	[368]	:	Key	71	DOWN	at	1284406 
1289376	[4970]	:	time Target is 1289376
1289669	[293]	:	Key	71	DOWN	at	1289669 
1294704	[5035]	:	time Target is 1294704
1295841	[1137]	:	Key	71	DOWN	at	1295841 
1300040	[4199]	:	time Target is 1300040
1305364	[5324]	:	time Target is 1305364
1305716	[352]	:	Key	71	DOWN	at	1305715 
1310702	[4986]	:	time Target is 1310702
1311556	[854]	:	Key	71	DOWN	at	1311555 
1316041	[4485]	:	time Target is 1316041
1317526	[1485]	:	Key	71	DOWN	at	1317526 
1321379	[3853]	:	time Target is 1321379
1326704	[5325]	:	time Target is 1326704
1327252	[548]	:	Key	71	DOWN	at	1327251 
1332041	[4789]	:	time Target is 1332041
1332582	[541]	:	Key	71	DOWN	at	1332581 
1337384	[4802]	:	time Target is 1337384
1337638	[254]	:	Key	71	DOWN	at	1337637 
1342456	[4818]	:	Key	71	DOWN	at	1342278 
1342457	[1]	:	Key	71	UP	at	1342326 
1345273	[2816]	:	time Target is 1345273
1345814	[541]	:	Key	71	DOWN	at	1345814 
1350610	[4796]	:	time Target is 1350610
1351079	[469]	:	Key	71	DOWN	at	1351078 
1355943	[4864]	:	time Target is 1355943
1356166	[223]	:	Key	71	DOWN	at	1356166 
1361016	[4850]	:	Key	71	DOWN	at	1360900 
1361017	[1]	:	Key	71	UP	at	1360930 
1363831	[2814]	:	time Target is 1363831
1369152	[5321]	:	time Target is 1369152
1374473	[5321]	:	time Target is 1374473
1375127	[654]	:	Key	71	DOWN	at	1375126 
1379809	[4682]	:	time Target is 1379809
1380613	[804]	:	Key	71	DOWN	at	1380612 
1385145	[4532]	:	time Target is 1385145
1390467	[5322]	:	time Target is 1390467
1390626	[159]	:	Key	71	DOWN	at	1390626 
1395548	[4922]	:	Key	71	DOWN	at	1395348 
1395549	[1]	:	Key	71	UP	at	1395442 
1398099	[2550]	:	Key	71	DOWN	at	1397923 
1398100	[1]	:	Key	71	UP	at	1397970 
1400912	[2812]	:	time Target is 1400912
1401878	[966]	:	Key	71	DOWN	at	1401878 
1405984	[4106]	:	Key	71	DOWN	at	1405942 
1408798	[2814]	:	time Target is 1408798
1414135	[5337]	:	time Target is 1414135
1414421	[286]	:	Key	71	DOWN	at	1414421 
1419469	[5048]	:	time Target is 1419469
1419877	[408]	:	Key	71	DOWN	at	1419877 
1424796	[4919]	:	Key	71	DOWN	at	1424710 
1424796	[0]	:	Key	71	UP	at	1424757 
1427607	[2811]	:	time Target is 1427607
1432661	[5054]	:	Key	71	DOWN	at	1432308 
1432662	[1]	:	Key	71	UP	at	1432402 
1435476	[2814]	:	time Target is 1435476
1435794	[318]	:	Key	71	DOWN	at	1435794 
1440809	[5015]	:	time Target is 1440809
1446131	[5322]	:	time Target is 1446131
1451452	[5321]	:	time Target is 1451452
1456776	[5324]	:	time Target is 1456776
1457074	[298]	:	Key	71	DOWN	at	1457074 
1462107	[5033]	:	time Target is 1462107
1462418	[311]	:	Key	71	DOWN	at	1462418 
1467453	[5035]	:	time Target is 1467453
1468247	[794]	:	Key	71	DOWN	at	1468246 
1472526	[4279]	:	Key	71	DOWN	at	1472517 
1475338	[2812]	:	time Target is 1475338
1475653	[315]	:	Key	71	DOWN	at	1475653 
1480676	[5023]	:	time Target is 1480676
1480982	[306]	:	Key	71	DOWN	at	1480982 
1486011	[5029]	:	time Target is 1486011
1486566	[555]	:	Key	71	DOWN	at	1486566 
1491344	[4778]	:	time Target is 1491344
1491733	[389]	:	Key	71	DOWN	at	1491733 
1496682	[4949]	:	time Target is 1496682
1496902	[220]	:	Key	71	DOWN	at	1496902 
1501752	[4850]	:	Key	71	DOWN	at	1501637 
1501753	[1]	:	Key	71	UP	at	1501702 
1504566	[2813]	:	time Target is 1504566
1504835	[269]	:	Key	71	DOWN	at	1504834 
1509904	[5069]	:	time Target is 1509904
1511399	[1495]	:	Key	71	DOWN	at	1511399 
1515242	[3843]	:	time Target is 1515242
1515527	[285]	:	Key	71	DOWN	at	1515527 
1520569	[5042]	:	Key	71	DOWN	at	1520468 
1520570	[1]	:	Key	71	UP	at	1520514 
1523386	[2816]	:	time Target is 1523386
1528703	[5317]	:	time Target is 1528703
1534027	[5324]	:	time Target is 1534027
1534613	[586]	:	Key	71	DOWN	at	1534612 
1539360	[4747]	:	time Target is 1539360
1539972	[612]	:	Key	71	DOWN	at	1539972 
1544697	[4725]	:	time Target is 1544697
1550020	[5323]	:	time Target is 1550020
1555343	[5323]	:	time Target is 1555343
1555635	[292]	:	Key	71	DOWN	at	1555634 
1560677	[5042]	:	time Target is 1560677
1561042	[365]	:	Key	71	DOWN	at	1561042 
1565750	[4708]	:	Key	71	DOWN	at	1565668 
1565751	[1]	:	Key	71	UP	at	1565746 
1568565	[2814]	:	time Target is 1568565
1573891	[5326]	:	time Target is 1573891
1574166	[275]	:	Key	71	DOWN	at	1574165 
1579216	[5050]	:	Key	71	DOWN	at	1579105 
1579216	[0]	:	Key	71	UP	at	1579158 
1582028	[2812]	:	time Target is 1582028
1587349	[5321]	:	time Target is 1587349
1587699	[350]	:	Key	71	DOWN	at	1587698 
1592684	[4985]	:	time Target is 1592684
1592913	[229]	:	Key	71	DOWN	at	1592913 
1598023	[5110]	:	time Target is 1598023
1598534	[511]	:	Key	71	DOWN	at	1598534 
1603382	[4848]	:	time Target is 1603382
1603606	[224]	:	Key	71	DOWN	at	1603606 
1608451	[4845]	:	Key	71	DOWN	at	1608386 
1611000	[2549]	:	Key	71	DOWN	at	1610998 
1613550	[2550]	:	Key	71	DOWN	at	1613316 
1613550	[0]	:	Key	71	UP	at	1613509 
1616359	[2809]	:	time Target is 1616359
1616663	[304]	:	Key	71	DOWN	at	1616662 
1621695	[5032]	:	time Target is 1621695
1627019	[5324]	:	time Target is 1627019
1627284	[265]	:	Key	71	DOWN	at	1627284 
1632348	[5064]	:	time Target is 1632348
1637670	[5322]	:	time Target is 1637670
1637987	[317]	:	Key	71	DOWN	at	1637987 
1643008	[5021]	:	time Target is 1643008
1643123	[115]	:	Key	71	DOWN	at	1643123 
1648344	[5221]	:	time Target is 1648344
1648486	[142]	:	Key	71	DOWN	at	1648486 
1653680	[5194]	:	time Target is 1653680
1654294	[614]	:	Key	71	DOWN	at	1654294 
1659011	[4717]	:	Key	71	DOWN	at	1658918 
1659011	[0]	:	Key	71	UP	at	1658994 
1661558	[2547]	:	Key	71	DOWN	at	1661426 
1661558	[0]	:	Key	71	UP	at	1661526 
1664372	[2814]	:	time Target is 1664372
1665045	[673]	:	Key	71	DOWN	at	1665045 
1669713	[4668]	:	time Target is 1669713
1675031	[5318]	:	time Target is 1675031
1675619	[588]	:	Key	71	DOWN	at	1675619 
1680105	[4486]	:	Key	71	DOWN	at	1680070 
1682917	[2812]	:	time Target is 1682917
1688237	[5320]	:	time Target is 1688237
1688358	[121]	:	Key	71	DOWN	at	1688358 
1693578	[5220]	:	time Target is 1693578
1693859	[281]	:	Key	71	DOWN	at	1693859 
1697878	[4019]	:	Key	71	UP	at	1693909 
1698661	[783]	:	Key	71	DOWN	at	1698661 
1699450	[789]	:	Key	71	UP	at	1698772 
1699718	[268]	:	time Target is 1699718
1700132	[414]	:	Key	71	DOWN	at	1700132 
1704793	[4661]	:	Key	71	DOWN	at	1704694 
1704793	[0]	:	Key	71	UP	at	1704742 
1707609	[2816]	:	time Target is 1707609
1707635	[26]	:	Key	71	DOWN	at	1707635 
1712940	[5305]	:	time Target is 1712940
1713234	[294]	:	Key	71	DOWN	at	1713234 
1718276	[5042]	:	time Target is 1718276
1718724	[448]	:	Key	71	DOWN	at	1718723 
1723611	[4887]	:	time Target is 1723611
1723665	[54]	:	Key	71	DOWN	at	1723665 
1728945	[5280]	:	time Target is 1728945
1734266	[5321]	:	time Target is 1734266
1739586	[5320]	:	time Target is 1739586
1739878	[292]	:	Key	71	DOWN	at	1739878 
1744914	[5036]	:	Key	71	DOWN	at	1744914 
1747727	[2813]	:	time Target is 1747727
1747986	[259]	:	Key	71	DOWN	at	1747986 
1753061	[5075]	:	time Target is 1753061
1753476	[415]	:	Key	71	DOWN	at	1753475 
1758402	[4926]	:	time Target is 1758402
1758740	[338]	:	Key	71	DOWN	at	1758740 
1763740	[5000]	:	time Target is 1763740
1765010	[1270]	:	Key	71	DOWN	at	1765009 
1769078	[4068]	:	time Target is 1769078
1769446	[368]	:	Key	71	DOWN	at	1769446 
1774418	[4972]	:	time Target is 1774418
1775905	[1487]	:	Key	71	DOWN	at	1775905 
1779756	[3851]	:	time Target is 1779756
1779927	[171]	:	Key	71	DOWN	at	1779927 
1784834	[4907]	:	Key	71	DOWN	at	1784661 
1784835	[1]	:	Key	71	UP	at	1784727 
1787648	[2813]	:	time Target is 1787648
1787812	[164]	:	Key	71	DOWN	at	1787811 
1792983	[5171]	:	time Target is 1792983
1793447	[464]	:	Key	71	DOWN	at	1793447 
1798314	[4867]	:	time Target is 1798314
1798564	[250]	:	Key	71	DOWN	at	1798564 
1803651	[5087]	:	time Target is 1803651
1808968	[5317]	:	time Target is 1808968
1809235	[267]	:	Key	71	DOWN	at	1809235 
1814295	[5060]	:	Key	71	DOWN	at	1814227 
1814295	[0]	:	Key	71	UP	at	1814274 
1816847	[2552]	:	Key	71	DOWN	at	1816833 
1819395	[2548]	:	Key	71	DOWN	at	1819206 
1819396	[1]	:	Key	71	UP	at	1819300 
1822212	[2816]	:	time Target is 1822212
1822741	[529]	:	Key	71	DOWN	at	1822741 
1827283	[4542]	:	Key	71	DOWN	at	1827140 
1827283	[0]	:	Key	71	UP	at	1827253 
1829841	[2558]	:	Key	71	DOWN	at	1829764 
1832657	[2816]	:	time Target is 1832657
1833010	[353]	:	Key	71	DOWN	at	1833010 
1837729	[4719]	:	Key	71	DOWN	at	1837589 
1837730	[1]	:	Key	71	UP	at	1837670 
1840545	[2815]	:	time Target is 1840545
1845871	[5326]	:	time Target is 1845871
1851191	[5320]	:	time Target is 1851191
1851490	[299]	:	Key	71	DOWN	at	1851490 
1856262	[4772]	:	Key	71	DOWN	at	1856053 
1856262	[0]	:	Key	71	UP	at	1856166 
1859083	[2821]	:	time Target is 1859083
1859314	[231]	:	Key	71	DOWN	at	1859314 
1864416	[5102]	:	time Target is 1864416
1864663	[247]	:	Key	71	DOWN	at	1864662 
1869752	[5089]	:	time Target is 1869752
1870692	[940]	:	Key	71	DOWN	at	1870692 
1875095	[4403]	:	time Target is 1875095
1880419	[5324]	:	time Target is 1880419
1880709	[290]	:	Key	71	DOWN	at	1880709 
1885495	[4786]	:	Key	71	DOWN	at	1885140 
1885496	[1]	:	Key	71	UP	at	1885316 
1888301	[2805]	:	Key	71	DOWN	at	1888130 
1888301	[0]	:	Key	71	UP	at	1888212 
1891112	[2811]	:	time Target is 1891112
1891576	[464]	:	Key	71	DOWN	at	1891575 
1896441	[4865]	:	Key	71	DOWN	at	1896292 
1896441	[0]	:	Key	71	UP	at	1896357 
1899253	[2812]	:	time Target is 1899253
1899270	[17]	:	Key	71	DOWN	at	1899269 
1904582	[5312]	:	time Target is 1904582
1905108	[526]	:	Key	71	DOWN	at	1905107 
1909920	[4812]	:	time Target is 1909920
1914989	[5069]	:	Key	71	DOWN	at	1914901 
1917805	[2816]	:	time Target is 1917805
1918067	[262]	:	Key	71	DOWN	at	1918067 
1923165	[5098]	:	time Target is 1923165
1923303	[138]	:	Key	71	DOWN	at	1923302 
1928238	[4935]	:	Key	71	DOWN	at	1928130 
1931052	[2814]	:	time Target is 1931052
1931254	[202]	:	Key	71	DOWN	at	1931254 
1936390	[5136]	:	time Target is 1936390
1937542	[1152]	:	Key	71	DOWN	at	1937542 
1941720	[4178]	:	time Target is 1941720
1941732	[12]	:	Key	71	DOWN	at	1941732 
1946782	[5050]	:	Key	71	DOWN	at	1946564 
1946783	[1]	:	Key	71	UP	at	1946629 
1949588	[2805]	:	Key	71	DOWN	at	1949333 
1949588	[0]	:	Key	71	UP	at	1949426 
1952408	[2820]	:	time Target is 1952408
1952531	[123]	:	Key	71	DOWN	at	1952530 
1957743	[5212]	:	time Target is 1957743
1958194	[451]	:	Key	71	DOWN	at	1958194 
1963070	[4876]	:	time Target is 1963070
1963156	[86]	:	Key	71	DOWN	at	1963156 
1968399	[5243]	:	Key	71	DOWN	at	1968306 
1971206	[2807]	:	Key	71	DOWN	at	1970982 
1971206	[0]	:	Key	71	UP	at	1971076 
1974020	[2814]	:	time Target is 1974020
1974162	[142]	:	Key	71	DOWN	at	1974161 
1979355	[5193]	:	time Target is 1979355
1979494	[139]	:	Key	71	DOWN	at	1979493 
1984692	[5198]	:	time Target is 1984692
1984950	[258]	:	Key	71	DOWN	at	1984950 
1990020	[5070]	:	Key	71	DOWN	at	1989925 
1992837	[2817]	:	time Target is 1992837
1993201	[364]	:	Key	71	DOWN	at	1993201 
1998170	[4969]	:	time Target is 1998170
1998274	[104]	:	Key	71	DOWN	at	1998274 
2003504	[5230]	:	time Target is 2003504
2003716	[212]	:	Key	71	DOWN	at	2003716 
2008844	[5128]	:	time Target is 2008844
2009093	[249]	:	Key	71	DOWN	at	2009093 
2014179	[5086]	:	time Target is 2014179
2014515	[336]	:	Key	71	DOWN	at	2014515 
2019513	[4998]	:	time Target is 2019513
2019811	[298]	:	Key	71	DOWN	at	2019811 
2024850	[5039]	:	time Target is 2024850
2030174	[5324]	:	time Target is 2030174
2030391	[217]	:	Key	71	DOWN	at	2030390 
2035254	[4863]	:	Key	71	DOWN	at	2035060 
2035255	[1]	:	Key	71	UP	at	2035108 
2038072	[2817]	:	time Target is 2038072
2038388	[316]	:	Key	71	DOWN	at	2038387 
2043399	[5011]	:	Key	71	DOWN	at	2043158 
2043399	[0]	:	Key	71	UP	at	2043251 
2045946	[2547]	:	Key	71	DOWN	at	2045733 
2045947	[1]	:	Key	71	UP	at	2045809 
2048496	[2549]	:	Key	71	DOWN	at	2048304 
2048496	[0]	:	Key	71	UP	at	2048417 
2051047	[2551]	:	Key	71	DOWN	at	2050801 
2051049	[2]	:	Key	71	UP	at	2050882 
2053862	[2813]	:	time Target is 2053862
2054112	[250]	:	Key	71	DOWN	at	2054112 
2058929	[4817]	:	Key	71	DOWN	at	2058726 
2058929	[0]	:	Key	71	UP	at	2058774 
2061742	[2813]	:	time Target is 2061742
2061926	[184]	:	Key	71	DOWN	at	2061926 
2067074	[5148]	:	time Target is 2067074
2072395	[5321]	:	time Target is 2072395
2072481	[86]	:	Key	71	DOWN	at	2072481 
2077734	[5253]	:	time Target is 2077734
2078038	[304]	:	Key	71	DOWN	at	2078036 
2083077	[5039]	:	time Target is 2083077
2083368	[291]	:	Key	71	DOWN	at	2083367 
2088404	[5036]	:	time Target is 2088404
2088628	[224]	:	Key	71	DOWN	at	2088628 
2093737	[5109]	:	time Target is 2093737
2093746	[9]	:	Key	71	DOWN	at	2093746 
2099062	[5316]	:	Key	71	DOWN	at	2098916 
2099062	[0]	:	Key	71	UP	at	2099044 
2101877	[2815]	:	time Target is 2101877
2115220	[13343]	:	Key	71	DOWN	at	2115220 
2115349	[129]	:	Key	71	UP	at	2115348 
2142758	[27409]	:	Key	28	DOWN	at	2142757 
2142903	[145]	:	Key	28	UP	at	2142902 
2149091	[6188]	:	Key	29	DOWN	at	2149091 
2149202	[111]	:	Key	29	UP	at	2149202 
2153714	[4512]	:	Key	28	DOWN	at	2153714 
2153826	[112]	:	Key	28	UP	at	2153826 
2154836	[1010]	:	Key	29	DOWN	at	2154835 
2154980	[144]	:	Key	29	UP	at	2154980 
2157622	[2642]	:	Key	28	DOWN	at	2157622 
2157714	[92]	:	Key	28	UP	at	2157713 
2157937	[223]	:	Key	29	DOWN	at	2157937 
2158039	[102]	:	Key	29	UP	at	2158038 
2160198	[2159]	:	Key	28	DOWN	at	2160198 
2160279	[81]	:	Key	28	UP	at	2160278 
2161587	[1308]	:	Key	28	DOWN	at	2161587 
2161686	[99]	:	Key	28	UP	at	2161686 
2165477	[3791]	:	Key	28	DOWN	at	2165477 
2165575	[98]	:	Key	28	UP	at	2165574 
2166147	[572]	:	Key	29	DOWN	at	2166146 
2166245	[98]	:	Key	29	UP	at	2166245 
2167587	[1342]	:	Key	28	DOWN	at	2167586 
2167702	[115]	:	Key	28	UP	at	2167701 
2168117	[415]	:	Key	28	DOWN	at	2168116 
2168245	[128]	:	Key	28	UP	at	2168245 
2169352	[1107]	:	Key	28	DOWN	at	2169351 
2169425	[73]	:	Key	28	UP	at	2169425 
2169573	[148]	:	Key	28	DOWN	at	2169573 
2169653	[80]	:	Key	28	UP	at	2169653 
2178035	[8382]	:	Key	28	DOWN	at	2178035 
2178149	[114]	:	Key	28	UP	at	2178148 
2178403	[254]	:	Key	29	DOWN	at	2178402 
2178463	[60]	:	COGENT STOP
