Cog2000 log file Thu Aug 15 11:31:26 2019
gprim v1.33 Compiled:Aug 12 2015 (GLib DirectDraw v7 DX12.0 Compiled:Aug 12 2015)
Display:1024x768x32 59.99Hz
Attaching C:\Program Files\Cogent2000v1.33\Toolbox\CogInput.mexw64
CogInput v1.05 Compiled: May 20 2010
57	[57]	:	COGENT START
7631	[7574]	:	Key	71	DOWN	at	7625    
7706	[75]	:	Key	71	UP	at	7705    
26265	[18559]	:	Key	71	DOWN	at	26264   
26380	[115]	:	Key	71	UP	at	26380   
30624	[4244]	:	Key	71	DOWN	at	30620   
30701	[77]	:	Key	71	UP	at	30700   
41613	[10912]	:	Key	71	DOWN	at	41612   
41705	[92]	:	Key	71	UP	at	41704   
57325	[15620]	:	Key	71	DOWN	at	57323   
57401	[76]	:	Key	71	UP	at	57400   
75864	[18463]	:	Key	71	DOWN	at	75864   
76950	[1086]	:	time Target is 76859
77898	[948]	:	Key	71	DOWN	at	77897   
83006	[5108]	:	time Target is 83005
84152	[1146]	:	Key	71	DOWN	at	84152   
89119	[4967]	:	time Target is 89117
90523	[1404]	:	Key	71	DOWN	at	90523   
90808	[285]	:	Key	71	UP	at	90807   
95217	[4409]	:	time Target is 95216
96158	[941]	:	Key	71	DOWN	at	96157   
104488	[8330]	:	Key	71	DOWN	at	104487  
105566	[1078]	:	time Target is 105549
111896	[6330]	:	time Target is 111895
118224	[6328]	:	time Target is 118223
124556	[6332]	:	time Target is 124556
143564	[19008]	:	Key	71	DOWN	at	143563  
143658	[94]	:	Key	71	UP	at	143658  
148157	[4499]	:	Key	71	DOWN	at	148156  
148204	[47]	:	Key	71	UP	at	148203  
152221	[4017]	:	Key	71	DOWN	at	152220  
152332	[111]	:	Key	71	UP	at	152331  
160760	[8428]	:	Key	71	DOWN	at	160760  
160825	[65]	:	Key	71	UP	at	160824  
167273	[6448]	:	Key	71	DOWN	at	167272  
168162	[889]	:	Key	71	UP	at	167467  
168179	[17]	:	time Target is 168178
168809	[630]	:	Key	71	DOWN	at	168809  
173269	[4460]	:	time Target is 173269
178353	[5084]	:	time Target is 178352
179354	[1001]	:	Key	71	DOWN	at	179353  
183452	[4098]	:	time Target is 183452
184491	[1039]	:	Key	71	DOWN	at	184491  
187762	[3271]	:	Key	71	UP	at	184685  
195641	[7879]	:	Key	71	DOWN	at	195641  
195740	[99]	:	Key	71	UP	at	195740  
200203	[4463]	:	Key	71	DOWN	at	200202  
200986	[783]	:	Key	71	UP	at	200380  
201003	[17]	:	time Target is 201002
201726	[723]	:	Key	71	DOWN	at	201724  
206090	[4364]	:	time Target is 206090
206973	[883]	:	Key	71	DOWN	at	206972  
211183	[4210]	:	time Target is 211183
216265	[5082]	:	time Target is 216265
217068	[803]	:	Key	71	DOWN	at	217067  
220564	[3496]	:	Key	71	UP	at	217308  
227788	[7224]	:	Key	71	DOWN	at	227787  
227863	[75]	:	Key	71	UP	at	227863  
231196	[3333]	:	Key	71	DOWN	at	231196  
231983	[787]	:	Key	71	UP	at	231384  
232004	[21]	:	time Target is 232004
232572	[568]	:	Key	71	DOWN	at	232571  
237098	[4526]	:	time Target is 237097
242171	[5073]	:	time Target is 242171
242874	[703]	:	Key	71	DOWN	at	242874  
247272	[4398]	:	time Target is 247271
248201	[929]	:	Key	71	DOWN	at	248200  
251570	[3369]	:	Key	71	UP	at	248394  
258664	[7094]	:	Key	71	DOWN	at	258663  
258765	[101]	:	Key	71	UP	at	258764  
261834	[3069]	:	Key	71	DOWN	at	261834  
262630	[796]	:	Key	71	UP	at	261980  
262655	[25]	:	time Target is 262655
263290	[635]	:	Key	71	DOWN	at	263289  
267744	[4454]	:	time Target is 267744
272813	[5069]	:	time Target is 272813
277883	[5070]	:	time Target is 277883
289179	[11296]	:	Key	71	DOWN	at	289179  
289274	[95]	:	Key	71	UP	at	289273  
304072	[14798]	:	Key	71	DOWN	at	304071  
304171	[99]	:	Key	71	UP	at	304170  
318522	[14351]	:	Key	71	DOWN	at	318522  
318615	[93]	:	Key	71	UP	at	318615  
331577	[12962]	:	Key	71	DOWN	at	331576  
331675	[98]	:	Key	71	UP	at	331675  
338492	[6817]	:	Key	71	DOWN	at	338491  
341088	[2596]	:	time Target is 341087
341929	[841]	:	Key	71	DOWN	at	341928  
346433	[4504]	:	time Target is 346433
347305	[872]	:	Key	71	DOWN	at	347305  
351772	[4467]	:	time Target is 351772
357099	[5327]	:	time Target is 357099
362437	[5338]	:	time Target is 362437
362957	[520]	:	Key	71	DOWN	at	362957  
367804	[4847]	:	time Target is 367804
368347	[543]	:	Key	71	DOWN	at	368347  
373166	[4819]	:	time Target is 373166
374092	[926]	:	Key	71	DOWN	at	374091  
378510	[4418]	:	time Target is 378510
379085	[575]	:	Key	71	DOWN	at	379084  
383849	[4764]	:	time Target is 383849
389206	[5357]	:	time Target is 389206
389901	[695]	:	Key	71	DOWN	at	389900  
394553	[4652]	:	time Target is 394553
395657	[1104]	:	Key	71	DOWN	at	395656  
399887	[4230]	:	time Target is 399887
405213	[5326]	:	time Target is 405213
405658	[445]	:	Key	71	DOWN	at	405657  
410547	[4889]	:	time Target is 410547
411148	[601]	:	Key	71	DOWN	at	411148  
415891	[4743]	:	time Target is 415891
416634	[743]	:	Key	71	DOWN	at	416634  
421235	[4601]	:	time Target is 421235
422476	[1241]	:	Key	71	DOWN	at	422475  
426577	[4101]	:	time Target is 426577
431895	[5318]	:	time Target is 431895
437211	[5316]	:	time Target is 437211
442562	[5351]	:	time Target is 442562
447890	[5328]	:	time Target is 447890
448424	[534]	:	Key	71	DOWN	at	448423  
453234	[4810]	:	time Target is 453234
458552	[5318]	:	time Target is 458552
463879	[5327]	:	time Target is 463879
464476	[597]	:	Key	71	DOWN	at	464475  
469217	[4741]	:	time Target is 469217
474534	[5317]	:	time Target is 474534
475193	[659]	:	Key	71	DOWN	at	475193  
479872	[4679]	:	time Target is 479872
480618	[746]	:	Key	71	DOWN	at	480617  
485210	[4592]	:	time Target is 485210
490534	[5324]	:	time Target is 490534
495859	[5325]	:	time Target is 495859
496759	[900]	:	Key	71	DOWN	at	496759  
501192	[4433]	:	time Target is 501192
506518	[5326]	:	time Target is 506518
511831	[5313]	:	time Target is 511831
517147	[5316]	:	time Target is 517147
517900	[753]	:	Key	71	DOWN	at	517899  
522477	[4577]	:	time Target is 522477
527805	[5328]	:	time Target is 527805
533129	[5324]	:	time Target is 533129
538447	[5318]	:	time Target is 538447
543771	[5324]	:	time Target is 543771
549096	[5325]	:	time Target is 549096
549849	[753]	:	Key	71	DOWN	at	549849  
554430	[4581]	:	time Target is 554430
555161	[731]	:	Key	71	DOWN	at	555161  
559767	[4606]	:	time Target is 559767
560395	[628]	:	Key	71	DOWN	at	560394  
565106	[4711]	:	time Target is 565106
570424	[5318]	:	time Target is 570424
575738	[5314]	:	time Target is 575738
576717	[979]	:	Key	71	DOWN	at	576717  
581077	[4360]	:	time Target is 581077
581705	[628]	:	Key	71	DOWN	at	581705  
586416	[4711]	:	time Target is 586416
587469	[1053]	:	Key	71	DOWN	at	587469  
591758	[4289]	:	time Target is 591758
597090	[5332]	:	time Target is 597090
597640	[550]	:	Key	71	DOWN	at	597640  
602430	[4790]	:	time Target is 602430
602973	[543]	:	Key	71	DOWN	at	602973  
607765	[4792]	:	time Target is 607765
608905	[1140]	:	Key	71	DOWN	at	608904  
613104	[4199]	:	time Target is 613104
613913	[809]	:	Key	71	DOWN	at	613913  
618444	[4531]	:	time Target is 618444
623766	[5322]	:	time Target is 623766
624377	[611]	:	Key	71	DOWN	at	624376  
629137	[4760]	:	time Target is 629137
629451	[314]	:	Key	71	DOWN	at	629451  
634472	[5021]	:	time Target is 634472
635257	[785]	:	Key	71	DOWN	at	635257  
639809	[4552]	:	time Target is 639809
645129	[5320]	:	time Target is 645129
645965	[836]	:	Key	71	DOWN	at	645964  
650467	[4502]	:	time Target is 650467
651096	[629]	:	Key	71	DOWN	at	651096  
655801	[4705]	:	time Target is 655801
661148	[5347]	:	time Target is 661148
661720	[572]	:	Key	71	DOWN	at	661720  
666492	[4772]	:	time Target is 666492
671814	[5322]	:	time Target is 671814
677137	[5323]	:	time Target is 677137
677644	[507]	:	Key	71	DOWN	at	677644  
682473	[4829]	:	time Target is 682473
687795	[5322]	:	time Target is 687795
688940	[1145]	:	Key	71	DOWN	at	688940  
693134	[4194]	:	time Target is 693134
693578	[444]	:	Key	71	DOWN	at	693577  
698475	[4897]	:	time Target is 698475
699051	[576]	:	Key	71	DOWN	at	699051  
703807	[4756]	:	time Target is 703807
704584	[777]	:	Key	71	DOWN	at	704584  
709143	[4559]	:	time Target is 709143
714468	[5325]	:	time Target is 714468
719792	[5324]	:	time Target is 719792
720235	[443]	:	Key	71	DOWN	at	720235  
725133	[4898]	:	time Target is 725133
726200	[1067]	:	Key	71	DOWN	at	726200  
730478	[4278]	:	time Target is 730478
730889	[411]	:	Key	71	DOWN	at	730889  
735813	[4924]	:	time Target is 735813
736412	[599]	:	Key	71	DOWN	at	736411  
741150	[4738]	:	time Target is 741150
741802	[652]	:	Key	71	DOWN	at	741802  
746504	[4702]	:	time Target is 746504
747069	[565]	:	Key	71	DOWN	at	747068  
751844	[4775]	:	time Target is 751844
757170	[5326]	:	time Target is 757170
762499	[5329]	:	time Target is 762499
763193	[694]	:	Key	71	DOWN	at	763193  
767838	[4645]	:	time Target is 767838
768425	[587]	:	Key	71	DOWN	at	768424  
773164	[4739]	:	time Target is 773164
773883	[719]	:	Key	71	DOWN	at	773883  
778508	[4625]	:	time Target is 778508
778971	[463]	:	Key	71	DOWN	at	778970  
783849	[4878]	:	time Target is 783849
789169	[5320]	:	time Target is 789169
789656	[487]	:	Key	71	DOWN	at	789656  
794505	[4849]	:	time Target is 794505
794921	[416]	:	Key	71	DOWN	at	794921  
799841	[4920]	:	time Target is 799841
805180	[5339]	:	time Target is 805180
810506	[5326]	:	time Target is 810506
810940	[434]	:	Key	71	DOWN	at	810939  
815844	[4904]	:	time Target is 815844
816458	[614]	:	Key	71	DOWN	at	816458  
820145	[3687]	:	Key	71	UP	at	816600  
822605	[2460]	:	Key	71	DOWN	at	822604  
823390	[785]	:	Key	71	UP	at	822729  
823665	[275]	:	time Target is 823665
824857	[1192]	:	Key	71	DOWN	at	824856  
829004	[4147]	:	time Target is 829004
834319	[5315]	:	time Target is 834319
835035	[716]	:	Key	71	DOWN	at	835034  
839661	[4626]	:	time Target is 839661
840185	[524]	:	Key	71	DOWN	at	840184  
844999	[4814]	:	time Target is 844999
845532	[533]	:	Key	71	DOWN	at	845532  
850341	[4809]	:	time Target is 850341
855656	[5315]	:	time Target is 855656
860977	[5321]	:	time Target is 860977
866299	[5322]	:	time Target is 866299
871643	[5344]	:	time Target is 871643
876967	[5324]	:	time Target is 876967
877388	[421]	:	Key	71	DOWN	at	877388  
882300	[4912]	:	time Target is 882300
883069	[769]	:	Key	71	DOWN	at	883068  
887635	[4566]	:	time Target is 887635
892957	[5322]	:	time Target is 892957
898280	[5323]	:	time Target is 898280
903604	[5324]	:	time Target is 903604
904746	[1142]	:	Key	71	DOWN	at	904746  
908939	[4193]	:	time Target is 908939
914265	[5326]	:	time Target is 914265
914873	[608]	:	Key	71	DOWN	at	914873  
919601	[4728]	:	time Target is 919601
924923	[5322]	:	time Target is 924923
925736	[813]	:	Key	71	DOWN	at	925736  
930253	[4517]	:	time Target is 930253
935566	[5313]	:	time Target is 935566
940890	[5324]	:	time Target is 940890
941549	[659]	:	Key	71	DOWN	at	941548  
946226	[4677]	:	time Target is 946226
951545	[5319]	:	time Target is 951545
952361	[816]	:	Key	71	DOWN	at	952361  
956887	[4526]	:	time Target is 956887
962229	[5342]	:	time Target is 962229
962616	[387]	:	Key	71	DOWN	at	962615  
967568	[4952]	:	time Target is 967568
968364	[796]	:	Key	71	DOWN	at	968363  
972915	[4551]	:	time Target is 972915
978236	[5321]	:	time Target is 978236
978808	[572]	:	Key	71	DOWN	at	978808  
983574	[4766]	:	time Target is 983574
988912	[5338]	:	time Target is 988912
994236	[5324]	:	time Target is 994236
999598	[5362]	:	time Target is 999598
1000218	[620]	:	Key	71	DOWN	at	1000218 
1004939	[4721]	:	time Target is 1004939
1005580	[641]	:	Key	71	DOWN	at	1005579 
1010282	[4702]	:	time Target is 1010282
1015606	[5324]	:	time Target is 1015606
1020941	[5335]	:	time Target is 1020941
1021403	[462]	:	Key	71	DOWN	at	1021402 
1026281	[4878]	:	time Target is 1026281
1031602	[5321]	:	time Target is 1031602
1032056	[454]	:	Key	71	DOWN	at	1032056 
1036933	[4877]	:	time Target is 1036933
1037834	[901]	:	Key	71	DOWN	at	1037834 
1042271	[4437]	:	time Target is 1042271
1042634	[363]	:	Key	71	DOWN	at	1042634 
1047604	[4970]	:	time Target is 1047604
1048071	[467]	:	Key	71	DOWN	at	1048071 
1052945	[4874]	:	time Target is 1052945
1058282	[5337]	:	time Target is 1058282
1058778	[496]	:	Key	71	DOWN	at	1058778 
1063627	[4849]	:	time Target is 1063627
1064185	[558]	:	Key	71	DOWN	at	1064184 
1068964	[4779]	:	time Target is 1068964
1074297	[5333]	:	time Target is 1074297
1079618	[5321]	:	time Target is 1079618
1080075	[457]	:	Key	71	DOWN	at	1080075 
1084955	[4880]	:	time Target is 1084955
1085356	[401]	:	Key	71	DOWN	at	1085355 
1090298	[4942]	:	time Target is 1090298
1095621	[5323]	:	time Target is 1095621
1100943	[5322]	:	time Target is 1100943
1106274	[5331]	:	time Target is 1106274
1111598	[5324]	:	time Target is 1111598
1112026	[428]	:	Key	71	DOWN	at	1112026 
1116933	[4907]	:	time Target is 1116933
1122255	[5322]	:	time Target is 1122255
1127579	[5324]	:	time Target is 1127579
1128027	[448]	:	Key	71	DOWN	at	1128026 
1132918	[4891]	:	time Target is 1132918
1133352	[434]	:	Key	71	DOWN	at	1133352 
1138258	[4906]	:	time Target is 1138258
1143575	[5317]	:	time Target is 1143575
1148895	[5320]	:	time Target is 1148895
1149421	[526]	:	Key	71	DOWN	at	1149420 
1154231	[4810]	:	time Target is 1154231
1159562	[5331]	:	time Target is 1159562
1159912	[350]	:	Key	71	DOWN	at	1159912 
1164900	[4988]	:	time Target is 1164900
1170218	[5318]	:	time Target is 1170218
1175543	[5325]	:	time Target is 1175543
1180864	[5321]	:	time Target is 1180864
1186186	[5322]	:	time Target is 1186186
1186635	[449]	:	Key	71	DOWN	at	1186634 
1191530	[4895]	:	time Target is 1191530
1191864	[334]	:	Key	71	DOWN	at	1191864 
1196873	[5009]	:	time Target is 1196873
1197642	[769]	:	Key	71	DOWN	at	1197642 
1202214	[4572]	:	time Target is 1202214
1207550	[5336]	:	time Target is 1207550
1207992	[442]	:	Key	71	DOWN	at	1207991 
1212886	[4894]	:	time Target is 1212886
1213242	[356]	:	Key	71	DOWN	at	1213241 
1218217	[4975]	:	time Target is 1218217
1218556	[339]	:	Key	71	DOWN	at	1218556 
1223560	[5004]	:	time Target is 1223560
1228904	[5344]	:	time Target is 1228904
1234240	[5336]	:	time Target is 1234240
1234664	[424]	:	Key	71	DOWN	at	1234664 
1239598	[4934]	:	time Target is 1239598
1239948	[350]	:	Key	71	DOWN	at	1239947 
1244946	[4998]	:	time Target is 1244946
1245324	[378]	:	Key	71	DOWN	at	1245324 
1250289	[4965]	:	time Target is 1250289
1255614	[5325]	:	time Target is 1255614
1256136	[522]	:	Key	71	DOWN	at	1256136 
1260981	[4845]	:	time Target is 1260981
1266307	[5326]	:	time Target is 1266307
1271631	[5324]	:	time Target is 1271631
1272074	[443]	:	Key	71	DOWN	at	1272074 
1276972	[4898]	:	time Target is 1276972
1282296	[5324]	:	time Target is 1282296
1282953	[657]	:	Key	71	DOWN	at	1282953 
1287671	[4718]	:	time Target is 1287671
1292997	[5326]	:	time Target is 1292997
1298318	[5321]	:	time Target is 1298318
1304044	[5726]	:	Key	71	DOWN	at	1304044 
1304189	[145]	:	Key	71	UP	at	1304189 
1310301	[6112]	:	Key	71	DOWN	at	1310301 
1311098	[797]	:	Key	71	UP	at	1310460 
1311366	[268]	:	time Target is 1311366
1312141	[775]	:	Key	71	DOWN	at	1312140 
1316701	[4560]	:	time Target is 1316701
1317213	[512]	:	Key	71	DOWN	at	1317213 
1322035	[4822]	:	time Target is 1322035
1322491	[456]	:	Key	71	DOWN	at	1322491 
1327374	[4883]	:	time Target is 1327374
1327977	[603]	:	Key	71	DOWN	at	1327976 
1332716	[4739]	:	time Target is 1332716
1333178	[462]	:	Key	71	DOWN	at	1333178 
1338049	[4871]	:	time Target is 1338049
1343368	[5319]	:	time Target is 1343368
1343739	[371]	:	Key	71	DOWN	at	1343739 
1348698	[4959]	:	time Target is 1348698
1354014	[5316]	:	time Target is 1354014
1354346	[332]	:	Key	71	DOWN	at	1354346 
1359350	[5004]	:	time Target is 1359350
1359946	[596]	:	Key	71	DOWN	at	1359946 
1364694	[4748]	:	time Target is 1364694
1370027	[5333]	:	time Target is 1370027
1370747	[720]	:	Key	71	DOWN	at	1370746 
1375358	[4611]	:	time Target is 1375358
1376699	[1341]	:	Key	71	DOWN	at	1376699 
1380711	[4012]	:	time Target is 1380711
1381036	[325]	:	Key	71	DOWN	at	1381036 
1386045	[5009]	:	time Target is 1386045
1391363	[5318]	:	time Target is 1391363
1396685	[5322]	:	time Target is 1396685
1401748	[5063]	:	Key	71	DOWN	at	1401625 
1404565	[2817]	:	time Target is 1404565
1404953	[388]	:	Key	71	DOWN	at	1404952 
1409950	[4997]	:	time Target is 1409950
1410380	[430]	:	Key	71	DOWN	at	1410380 
1415293	[4913]	:	time Target is 1415293
1416540	[1247]	:	Key	71	DOWN	at	1416540 
1420639	[4099]	:	time Target is 1420639
1420999	[360]	:	Key	71	DOWN	at	1420999 
1425978	[4979]	:	time Target is 1425978
1426473	[495]	:	Key	71	DOWN	at	1426473 
1431319	[4846]	:	time Target is 1431319
1431723	[404]	:	Key	71	DOWN	at	1431723 
1436657	[4934]	:	time Target is 1436657
1437051	[394]	:	Key	71	DOWN	at	1437051 
1441997	[4946]	:	time Target is 1441997
1447315	[5318]	:	time Target is 1447315
1452636	[5321]	:	time Target is 1452636
1453006	[370]	:	Key	71	DOWN	at	1453005 
1457968	[4962]	:	time Target is 1457968
1458317	[349]	:	Key	71	DOWN	at	1458317 
1463311	[4994]	:	time Target is 1463311
1463693	[382]	:	Key	71	DOWN	at	1463692 
1468650	[4957]	:	time Target is 1468650
1469051	[401]	:	Key	71	DOWN	at	1469051 
1473978	[4927]	:	time Target is 1473978
1474330	[352]	:	Key	71	DOWN	at	1474329 
1479311	[4981]	:	time Target is 1479311
1479787	[476]	:	Key	71	DOWN	at	1479786 
1484648	[4861]	:	time Target is 1484648
1489974	[5326]	:	time Target is 1489974
1490476	[502]	:	Key	71	DOWN	at	1490476 
1495309	[4833]	:	time Target is 1495309
1495834	[525]	:	Key	71	DOWN	at	1495834 
1500669	[4835]	:	time Target is 1500669
1501197	[528]	:	Key	71	DOWN	at	1501197 
1506005	[4808]	:	time Target is 1506005
1506574	[569]	:	Key	71	DOWN	at	1506573 
1511337	[4763]	:	time Target is 1511337
1511757	[420]	:	Key	71	DOWN	at	1511756 
1516663	[4906]	:	Key	71	DOWN	at	1516587 
1519221	[2558]	:	Key	71	DOWN	at	1518873 
1519221	[0]	:	Key	71	UP	at	1518985 
1522030	[2809]	:	time Target is 1522030
1527351	[5321]	:	time Target is 1527351
1528364	[1013]	:	Key	71	DOWN	at	1528363 
1532689	[4325]	:	time Target is 1532689
1533293	[604]	:	Key	71	DOWN	at	1533292 
1538024	[4731]	:	time Target is 1538024
1538701	[677]	:	Key	71	DOWN	at	1538701 
1543363	[4662]	:	time Target is 1543363
1548681	[5318]	:	time Target is 1548681
1554003	[5322]	:	time Target is 1554003
1554456	[453]	:	Key	71	DOWN	at	1554456 
1559345	[4889]	:	time Target is 1559345
1559916	[571]	:	Key	71	DOWN	at	1559916 
1564685	[4769]	:	time Target is 1564685
1570005	[5320]	:	time Target is 1570005
1570604	[599]	:	Key	71	DOWN	at	1570604 
1575353	[4749]	:	time Target is 1575353
1575755	[402]	:	Key	71	DOWN	at	1575755 
1580685	[4930]	:	time Target is 1580685
1581050	[365]	:	Key	71	DOWN	at	1581050 
1586031	[4981]	:	time Target is 1586031
1586425	[394]	:	Key	71	DOWN	at	1586425 
1591370	[4945]	:	time Target is 1591370
1591757	[387]	:	Key	71	DOWN	at	1591757 
1596716	[4959]	:	time Target is 1596716
1597181	[465]	:	Key	71	DOWN	at	1597180 
1602052	[4871]	:	time Target is 1602052
1607378	[5326]	:	time Target is 1607378
1607757	[379]	:	Key	71	DOWN	at	1607756 
1612719	[4962]	:	time Target is 1612719
1618045	[5326]	:	time Target is 1618045
1618490	[445]	:	Key	71	DOWN	at	1618489 
1623380	[4890]	:	time Target is 1623380
1624493	[1113]	:	Key	71	DOWN	at	1624492 
1628758	[4265]	:	time Target is 1628758
1634079	[5321]	:	time Target is 1634079
1635180	[1101]	:	Key	71	DOWN	at	1635180 
1639412	[4232]	:	time Target is 1639412
1644739	[5327]	:	time Target is 1644739
1645305	[566]	:	Key	71	DOWN	at	1645304 
1650075	[4770]	:	time Target is 1650075
1655394	[5319]	:	time Target is 1655394
1655848	[454]	:	Key	71	DOWN	at	1655848 
1660735	[4887]	:	time Target is 1660735
1661261	[526]	:	Key	71	DOWN	at	1661261 
1666065	[4804]	:	time Target is 1666065
1666792	[727]	:	Key	71	DOWN	at	1666792 
1671410	[4618]	:	time Target is 1671410
1672526	[1116]	:	Key	71	DOWN	at	1672525 
1676784	[4258]	:	time Target is 1676784
1677210	[426]	:	Key	71	DOWN	at	1677210 
1682126	[4916]	:	time Target is 1682126
1682633	[507]	:	Key	71	DOWN	at	1682632 
1687464	[4831]	:	time Target is 1687464
1692793	[5329]	:	time Target is 1692793
1693242	[449]	:	Key	71	DOWN	at	1693241 
1698137	[4895]	:	time Target is 1698137
1698541	[404]	:	Key	71	DOWN	at	1698541 
1703477	[4936]	:	time Target is 1703477
1708800	[5323]	:	time Target is 1708800
1710109	[1309]	:	Key	71	DOWN	at	1710108 
1714138	[4029]	:	time Target is 1714138
1719462	[5324]	:	time Target is 1719462
1719884	[422]	:	Key	71	DOWN	at	1719883 
1724806	[4922]	:	time Target is 1724806
1725293	[487]	:	Key	71	DOWN	at	1725293 
1730144	[4851]	:	time Target is 1730144
1730568	[424]	:	Key	71	DOWN	at	1730568 
1735484	[4916]	:	time Target is 1735484
1735836	[352]	:	Key	71	DOWN	at	1735835 
1740815	[4979]	:	time Target is 1740815
1746137	[5322]	:	time Target is 1746137
1746603	[466]	:	Key	71	DOWN	at	1746603 
1751475	[4872]	:	time Target is 1751475
1756797	[5322]	:	time Target is 1756797
1762120	[5323]	:	time Target is 1762120
1763197	[1077]	:	Key	71	DOWN	at	1763196 
1767452	[4255]	:	time Target is 1767452
1772778	[5326]	:	time Target is 1772778
1773148	[370]	:	Key	71	DOWN	at	1773148 
1778125	[4977]	:	time Target is 1778125
1785081	[6956]	:	Key	71	DOWN	at	1785081 
1785871	[790]	:	Key	71	UP	at	1785260 
1786136	[265]	:	time Target is 1786136
1787002	[866]	:	Key	71	DOWN	at	1787002 
1791471	[4469]	:	time Target is 1791471
1791805	[334]	:	Key	71	DOWN	at	1791805 
1796808	[5003]	:	time Target is 1796808
1797180	[372]	:	Key	71	DOWN	at	1797180 
1802152	[4972]	:	time Target is 1802152
1802524	[372]	:	Key	71	DOWN	at	1802523 
1807491	[4967]	:	time Target is 1807491
1807867	[376]	:	Key	71	DOWN	at	1807866 
1812823	[4956]	:	time Target is 1812823
1818156	[5333]	:	time Target is 1818156
1818697	[541]	:	Key	71	DOWN	at	1818696 
1823489	[4792]	:	time Target is 1823489
1823947	[458]	:	Key	71	DOWN	at	1823946 
1828825	[4878]	:	time Target is 1828825
1829338	[513]	:	Key	71	DOWN	at	1829337 
1834164	[4826]	:	time Target is 1834164
1839485	[5321]	:	time Target is 1839485
1839965	[480]	:	Key	71	DOWN	at	1839965 
1844820	[4855]	:	time Target is 1844820
1845854	[1034]	:	Key	71	DOWN	at	1845853 
1850162	[4308]	:	time Target is 1850162
1850634	[472]	:	Key	71	DOWN	at	1850633 
1855497	[4863]	:	time Target is 1855497
1855882	[385]	:	Key	71	DOWN	at	1855881 
1860837	[4955]	:	time Target is 1860837
1861257	[420]	:	Key	71	DOWN	at	1861257 
1866182	[4925]	:	time Target is 1866182
1871539	[5357]	:	time Target is 1871539
1871915	[376]	:	Key	71	DOWN	at	1871914 
1876923	[5008]	:	time Target is 1876923
1882251	[5328]	:	time Target is 1882251
1882603	[352]	:	Key	71	DOWN	at	1882602 
1887643	[5040]	:	time Target is 1887643
1892960	[5317]	:	time Target is 1892960
1893101	[141]	:	Key	71	DOWN	at	1893100 
1898300	[5199]	:	time Target is 1898300
1899005	[705]	:	Key	71	DOWN	at	1899005 
1903642	[4637]	:	time Target is 1903642
1903992	[350]	:	Key	71	DOWN	at	1903992 
1908977	[4985]	:	time Target is 1908977
1910074	[1097]	:	Key	71	DOWN	at	1910072 
1914315	[4241]	:	time Target is 1914315
1914669	[354]	:	Key	71	DOWN	at	1914668 
1919658	[4989]	:	time Target is 1919658
1924979	[5321]	:	time Target is 1924979
1930298	[5319]	:	time Target is 1930298
1935622	[5324]	:	time Target is 1935622
1940942	[5320]	:	time Target is 1940942
1946265	[5323]	:	time Target is 1946265
1951592	[5327]	:	time Target is 1951592
1951994	[402]	:	Key	71	DOWN	at	1951993 
1956934	[4940]	:	time Target is 1956934
1962253	[5319]	:	time Target is 1962253
1962732	[479]	:	Key	71	DOWN	at	1962732 
1967582	[4850]	:	time Target is 1967582
1968106	[524]	:	Key	71	DOWN	at	1968106 
1972916	[4810]	:	time Target is 1972916
1978230	[5314]	:	time Target is 1978230
1983552	[5322]	:	time Target is 1983552
1984093	[541]	:	Key	71	DOWN	at	1984093 
1988887	[4794]	:	time Target is 1988887
1994215	[5328]	:	time Target is 1994215
1994826	[611]	:	Key	71	DOWN	at	1994825 
1999553	[4727]	:	time Target is 1999553
2000732	[1179]	:	Key	71	DOWN	at	2000732 
2004892	[4160]	:	time Target is 2004892
2006108	[1216]	:	Key	71	DOWN	at	2006108 
2010224	[4116]	:	time Target is 2010224
2011291	[1067]	:	Key	71	DOWN	at	2011291 
2015574	[4283]	:	time Target is 2015574
2016331	[757]	:	Key	71	DOWN	at	2016331 
2020907	[4576]	:	time Target is 2020907
2021420	[513]	:	Key	71	DOWN	at	2021420 
2026243	[4823]	:	time Target is 2026243
2026332	[89]	:	Key	71	DOWN	at	2026332 
2031586	[5254]	:	time Target is 2031586
2031931	[345]	:	Key	71	DOWN	at	2031930 
2036941	[5010]	:	time Target is 2036941
2037977	[1036]	:	Key	71	DOWN	at	2037977 
2042322	[4345]	:	time Target is 2042322
2042733	[411]	:	Key	71	DOWN	at	2042732 
2047661	[4928]	:	time Target is 2047661
2048205	[544]	:	Key	71	DOWN	at	2048205 
2053005	[4800]	:	time Target is 2053005
2053656	[651]	:	Key	71	DOWN	at	2053656 
2058339	[4683]	:	time Target is 2058339
2058569	[230]	:	Key	71	DOWN	at	2058569 
2063679	[5110]	:	time Target is 2063679
2064123	[444]	:	Key	71	DOWN	at	2064121 
2069029	[4906]	:	time Target is 2069029
2074351	[5322]	:	time Target is 2074351
2074683	[332]	:	Key	71	DOWN	at	2074681 
2079681	[4998]	:	time Target is 2079681
2080041	[360]	:	Key	71	DOWN	at	2080040 
2085022	[4981]	:	time Target is 2085022
2085402	[380]	:	Key	71	DOWN	at	2085402 
2090357	[4955]	:	time Target is 2090357
2095695	[5338]	:	time Target is 2095695
2096121	[426]	:	Key	71	DOWN	at	2096121 
2101032	[4911]	:	time Target is 2101032
2101629	[597]	:	Key	71	DOWN	at	2101629 
2106372	[4743]	:	time Target is 2106372
2107869	[1497]	:	Key	71	DOWN	at	2107868 
2111713	[3844]	:	time Target is 2111713
2112301	[588]	:	Key	71	DOWN	at	2112301 
2117050	[4749]	:	time Target is 2117050
2117528	[478]	:	Key	71	DOWN	at	2117528 
2122394	[4866]	:	time Target is 2122394
2123355	[961]	:	Key	71	DOWN	at	2123355 
2127730	[4375]	:	time Target is 2127730
2128235	[505]	:	Key	71	DOWN	at	2128235 
2133062	[4827]	:	time Target is 2133062
2133514	[452]	:	Key	71	DOWN	at	2133513 
2138403	[4889]	:	time Target is 2138403
2143717	[5314]	:	Key	71	DOWN	at	2143484 
2143717	[0]	:	Key	71	UP	at	2143673 
2146520	[2803]	:	Key	71	DOWN	at	2146393 
2149333	[2813]	:	time Target is 2149333
2149899	[566]	:	Key	71	DOWN	at	2149899 
2154405	[4506]	:	Key	71	DOWN	at	2154314 
2157225	[2820]	:	time Target is 2157225
2157916	[691]	:	Key	71	DOWN	at	2157916 
2162564	[4648]	:	time Target is 2162564
2163099	[535]	:	Key	71	DOWN	at	2163098 
2167895	[4796]	:	time Target is 2167895
2169276	[1381]	:	Key	71	DOWN	at	2169276 
2173229	[3953]	:	time Target is 2173229
2173533	[304]	:	Key	71	DOWN	at	2173533 
2178562	[5029]	:	time Target is 2178562
2183870	[5308]	:	time Target is 2183870
2184557	[687]	:	Key	71	DOWN	at	2184555 
2189209	[4652]	:	time Target is 2189209
2189803	[594]	:	Key	71	DOWN	at	2189802 
2194526	[4723]	:	time Target is 2194526
2194940	[414]	:	Key	71	DOWN	at	2194939 
2199846	[4906]	:	time Target is 2199846
2200413	[567]	:	Key	71	DOWN	at	2200412 
2205162	[4749]	:	time Target is 2205162
2205692	[530]	:	Key	71	DOWN	at	2205692 
2210479	[4787]	:	time Target is 2210479
2210939	[460]	:	Key	71	DOWN	at	2210939 
2215808	[4869]	:	time Target is 2215808
2216136	[328]	:	Key	71	DOWN	at	2216136 
2221123	[4987]	:	time Target is 2221123
2221532	[409]	:	Key	71	DOWN	at	2221531 
2226442	[4910]	:	time Target is 2226442
2226762	[320]	:	Key	71	DOWN	at	2226761 
2231760	[4998]	:	time Target is 2231760
2232013	[253]	:	Key	71	DOWN	at	2232012 
2237080	[5067]	:	time Target is 2237080
2237388	[308]	:	Key	71	DOWN	at	2237387 
2242401	[5013]	:	time Target is 2242401
2242750	[349]	:	Key	71	DOWN	at	2242749 
2247719	[4969]	:	time Target is 2247719
2248157	[438]	:	Key	71	DOWN	at	2248156 
2253046	[4889]	:	time Target is 2253046
2253435	[389]	:	Key	71	DOWN	at	2253434 
2257353	[3918]	:	Key	71	UP	at	2253641 
2265484	[8131]	:	Key	71	DOWN	at	2265484 
2265614	[130]	:	Key	71	UP	at	2265613 
2277067	[11453]	:	Key	29	DOWN	at	2277067 
2277274	[207]	:	Key	29	UP	at	2277273 
2282282	[5008]	:	Key	29	DOWN	at	2282281 
2282557	[275]	:	Key	29	UP	at	2282557 
2287882	[5325]	:	Key	29	DOWN	at	2287882 
2288106	[224]	:	Key	29	UP	at	2288105 
2290125	[2019]	:	Key	29	DOWN	at	2290124 
2290285	[160]	:	Key	29	UP	at	2290284 
2293324	[3039]	:	Key	29	DOWN	at	2293323 
2293499	[175]	:	Key	29	UP	at	2293498 
2294586	[1087]	:	Key	28	DOWN	at	2294584 
2294782	[196]	:	Key	28	UP	at	2294781 
2297947	[3165]	:	Key	28	DOWN	at	2297947 
2298126	[179]	:	Key	28	UP	at	2298125 
2299594	[1468]	:	Key	28	DOWN	at	2299593 
2299758	[164]	:	Key	28	UP	at	2299757 
2302364	[2606]	:	Key	28	DOWN	at	2302364 
2302523	[159]	:	Key	28	UP	at	2302522 
2303451	[928]	:	Key	28	DOWN	at	2303451 
2303592	[141]	:	Key	28	UP	at	2303592 
2305321	[1729]	:	Key	29	DOWN	at	2305321 
2305482	[161]	:	Key	29	UP	at	2305481 
2307547	[2065]	:	Key	29	DOWN	at	2307547 
2307705	[158]	:	Key	29	UP	at	2307704 
2309147	[1442]	:	Key	28	DOWN	at	2309147 
2309322	[175]	:	Key	28	UP	at	2309321 
2310201	[879]	:	Key	28	DOWN	at	2310200 
2310364	[163]	:	Key	28	UP	at	2310363 
2313465	[3101]	:	Key	28	DOWN	at	2313464 
2313596	[131]	:	Key	28	UP	at	2313595 
2314076	[480]	:	Key	29	DOWN	at	2314076 
2314134	[58]	:	COGENT STOP
