Cog2000 log file Wed Nov 20 15:05:19 2019
gprim v1.33 Compiled:Aug 12 2015 (GLib DirectDraw v7 DX12.0 Compiled:Aug 12 2015)
Display:1024x768x32 59.95Hz
Attaching C:\Program Files\Cogent2000v1.33\Toolbox\CogInput.mexw64
CogInput v1.05 Compiled: May 20 2010
6	[6]	:	COGENT START
6576	[6570]	:	Key	71	DOWN	at	6571    
6652	[76]	:	Key	71	UP	at	6652    
22697	[16045]	:	Key	71	DOWN	at	22695   
22748	[51]	:	Key	71	UP	at	22747   
26316	[3568]	:	Key	71	DOWN	at	26313   
26375	[59]	:	Key	71	UP	at	26375   
36714	[10339]	:	Key	71	DOWN	at	36713   
36777	[63]	:	Key	71	UP	at	36776   
50202	[13425]	:	Key	71	DOWN	at	50201   
50283	[81]	:	Key	71	UP	at	50282   
66554	[16271]	:	Key	71	DOWN	at	66554   
67461	[907]	:	time Target is 67443
67917	[456]	:	Key	71	DOWN	at	67916   
73571	[5654]	:	time Target is 73571
74616	[1045]	:	Key	71	DOWN	at	74615   
79673	[5057]	:	time Target is 79672
81084	[1411]	:	Key	71	DOWN	at	81084   
81319	[235]	:	Key	71	UP	at	81319   
85774	[4455]	:	time Target is 85773
91875	[6101]	:	time Target is 91871
91912	[37]	:	Key	71	UP	at	91911   
93322	[1410]	:	Key	71	DOWN	at	93321   
93463	[141]	:	Key	71	UP	at	93463   
100265	[6802]	:	Key	71	DOWN	at	100264  
101332	[1067]	:	time Target is 101331
107656	[6324]	:	time Target is 107656
113980	[6324]	:	time Target is 113980
120314	[6334]	:	time Target is 120312
138523	[18209]	:	Key	71	DOWN	at	138522  
138650	[127]	:	Key	71	UP	at	138649  
142169	[3519]	:	Key	71	DOWN	at	142168  
142280	[111]	:	Key	71	UP	at	142279  
146346	[4066]	:	Key	71	DOWN	at	146345  
146486	[140]	:	Key	71	UP	at	146486  
154279	[7793]	:	Key	71	DOWN	at	154279  
154344	[65]	:	Key	71	UP	at	154344  
159768	[5424]	:	Key	71	DOWN	at	159768  
160595	[827]	:	Key	71	UP	at	159847  
160621	[26]	:	time Target is 160621
161608	[987]	:	Key	71	DOWN	at	161607  
165720	[4112]	:	time Target is 165720
166935	[1215]	:	Key	71	DOWN	at	166935  
170823	[3888]	:	time Target is 170823
175908	[5085]	:	time Target is 175908
186727	[10819]	:	Key	71	DOWN	at	186727  
186856	[129]	:	Key	71	UP	at	186856  
191190	[4334]	:	Key	71	DOWN	at	191190  
191984	[794]	:	Key	71	UP	at	191319  
192003	[19]	:	time Target is 192002
193272	[1269]	:	Key	71	DOWN	at	193271  
197097	[3825]	:	time Target is 197097
198475	[1378]	:	Key	71	DOWN	at	198475  
202183	[3708]	:	time Target is 202183
207263	[5080]	:	time Target is 207262
208647	[1384]	:	Key	71	DOWN	at	208646  
211567	[2920]	:	Key	71	UP	at	208891  
219707	[8140]	:	Key	71	DOWN	at	219706  
219817	[110]	:	Key	71	UP	at	219816  
222934	[3117]	:	Key	71	DOWN	at	222934  
223725	[791]	:	Key	71	UP	at	223019  
223748	[23]	:	time Target is 223748
225082	[1334]	:	Key	71	DOWN	at	225081  
228846	[3764]	:	time Target is 228845
233917	[5071]	:	time Target is 233917
234649	[732]	:	Key	71	DOWN	at	234648  
239004	[4355]	:	time Target is 239003
240362	[1358]	:	Key	71	DOWN	at	240362  
243305	[2943]	:	Key	71	UP	at	240487  
250488	[7183]	:	Key	71	DOWN	at	250488  
250619	[131]	:	Key	71	UP	at	250619  
254025	[3406]	:	Key	71	DOWN	at	254025  
254815	[790]	:	Key	71	UP	at	254122  
254838	[23]	:	time Target is 254838
255593	[755]	:	Key	71	DOWN	at	255593  
259925	[4332]	:	time Target is 259925
265007	[5082]	:	time Target is 265006
270086	[5079]	:	time Target is 270086
280811	[10725]	:	Key	71	DOWN	at	280811  
280935	[124]	:	Key	71	UP	at	280935  
294138	[13203]	:	Key	71	DOWN	at	294138  
294279	[141]	:	Key	71	UP	at	294279  
307912	[13633]	:	Key	71	DOWN	at	307912  
308007	[95]	:	Key	71	UP	at	308006  
318966	[10959]	:	Key	71	DOWN	at	318966  
319031	[65]	:	Key	71	UP	at	319030  
404775	[85744]	:	Key	71	DOWN	at	404775  
407386	[2611]	:	time Target is 407386
408103	[717]	:	Key	71	DOWN	at	408103  
412732	[4629]	:	time Target is 412732
418064	[5332]	:	time Target is 418064
418618	[554]	:	Key	71	DOWN	at	418617  
423399	[4781]	:	time Target is 423399
423899	[500]	:	Key	71	DOWN	at	423899  
428741	[4842]	:	time Target is 428740
429627	[886]	:	Key	71	DOWN	at	429626  
434079	[4452]	:	time Target is 434079
434517	[438]	:	Key	71	DOWN	at	434517  
439420	[4903]	:	time Target is 439420
440151	[731]	:	Key	71	DOWN	at	440151  
444764	[4613]	:	time Target is 444764
445307	[543]	:	Key	71	DOWN	at	445306  
450102	[4795]	:	time Target is 450102
450474	[372]	:	Key	71	DOWN	at	450474  
455438	[4964]	:	time Target is 455438
456456	[1018]	:	Key	71	DOWN	at	456455  
460786	[4330]	:	time Target is 460786
466114	[5328]	:	time Target is 466114
471436	[5322]	:	time Target is 471436
476764	[5328]	:	time Target is 476764
477157	[393]	:	Key	71	DOWN	at	477157  
482108	[4951]	:	time Target is 482108
487430	[5322]	:	time Target is 487430
492751	[5321]	:	time Target is 492751
498077	[5326]	:	time Target is 498077
498982	[905]	:	Key	71	DOWN	at	498982  
503416	[4434]	:	time Target is 503416
508739	[5323]	:	time Target is 508739
514062	[5323]	:	time Target is 514062
515544	[1482]	:	Key	71	DOWN	at	515544  
519399	[3855]	:	time Target is 519399
524722	[5323]	:	time Target is 524722
525737	[1015]	:	Key	71	DOWN	at	525737  
530057	[4320]	:	time Target is 530057
535379	[5322]	:	time Target is 535379
536204	[825]	:	Key	71	DOWN	at	536203  
540717	[4513]	:	time Target is 540717
546051	[5334]	:	time Target is 546051
546361	[310]	:	Key	71	DOWN	at	546361  
551388	[5027]	:	time Target is 551388
556706	[5318]	:	time Target is 556706
557946	[1240]	:	Key	71	DOWN	at	557946  
562050	[4104]	:	time Target is 562050
562330	[280]	:	Key	71	DOWN	at	562330  
567390	[5060]	:	time Target is 567390
567674	[284]	:	Key	71	DOWN	at	567673  
572725	[5051]	:	time Target is 572725
578049	[5324]	:	time Target is 578049
578988	[939]	:	Key	71	DOWN	at	578987  
583382	[4394]	:	time Target is 583382
588706	[5324]	:	time Target is 588706
594035	[5329]	:	time Target is 594035
599353	[5318]	:	time Target is 599353
604676	[5323]	:	time Target is 604676
605403	[727]	:	Key	71	DOWN	at	605402  
610020	[4617]	:	time Target is 610020
611207	[1187]	:	Key	71	DOWN	at	611206  
615361	[4154]	:	time Target is 615361
616331	[970]	:	Key	71	DOWN	at	616330  
620699	[4368]	:	time Target is 620699
621334	[635]	:	Key	71	DOWN	at	621334  
626033	[4699]	:	time Target is 626033
626905	[872]	:	Key	71	DOWN	at	626905  
631378	[4473]	:	time Target is 631378
632151	[773]	:	Key	71	DOWN	at	632151  
636714	[4563]	:	time Target is 636714
637208	[494]	:	Key	71	DOWN	at	637208  
642047	[4839]	:	time Target is 642047
642950	[903]	:	Key	71	DOWN	at	642950  
647380	[4430]	:	time Target is 647380
652703	[5323]	:	time Target is 652703
653482	[779]	:	Key	71	DOWN	at	653481  
658040	[4558]	:	time Target is 658040
658490	[450]	:	Key	71	DOWN	at	658489  
663382	[4892]	:	time Target is 663382
663449	[67]	:	Key	71	DOWN	at	663449  
668715	[5266]	:	time Target is 668715
669418	[703]	:	Key	71	DOWN	at	669418  
674054	[4636]	:	time Target is 674054
674680	[626]	:	Key	71	DOWN	at	674679  
679388	[4708]	:	time Target is 679388
680055	[667]	:	Key	71	DOWN	at	680055  
684725	[4670]	:	time Target is 684725
685655	[930]	:	Key	71	DOWN	at	685654  
690069	[4414]	:	time Target is 690069
690730	[661]	:	Key	71	DOWN	at	690730  
695404	[4674]	:	time Target is 695404
700724	[5320]	:	time Target is 700724
701798	[1074]	:	Key	71	DOWN	at	701797  
706058	[4260]	:	time Target is 706058
707078	[1020]	:	Key	71	DOWN	at	707078  
711399	[4321]	:	time Target is 711399
711814	[415]	:	Key	71	DOWN	at	711813  
716729	[4915]	:	Key	71	DOWN	at	716585  
719558	[2829]	:	time Target is 719558
724880	[5322]	:	time Target is 724880
725658	[778]	:	Key	71	DOWN	at	725658  
730214	[4556]	:	time Target is 730214
730696	[482]	:	Key	71	DOWN	at	730696  
735558	[4862]	:	time Target is 735558
736470	[912]	:	Key	71	DOWN	at	736470  
740895	[4425]	:	time Target is 740895
741191	[296]	:	Key	71	DOWN	at	741190  
746232	[5041]	:	time Target is 746232
746811	[579]	:	Key	71	DOWN	at	746810  
751571	[4760]	:	time Target is 751571
752602	[1031]	:	Key	71	DOWN	at	752602  
756908	[4306]	:	time Target is 756908
757224	[316]	:	Key	71	DOWN	at	757224  
762242	[5018]	:	time Target is 762242
767573	[5331]	:	time Target is 767573
768248	[675]	:	Key	71	DOWN	at	768248  
772899	[4651]	:	time Target is 772899
778219	[5320]	:	time Target is 778219
778519	[300]	:	Key	71	DOWN	at	778519  
783548	[5029]	:	time Target is 783548
788877	[5329]	:	time Target is 788877
789419	[542]	:	Key	71	DOWN	at	789418  
794212	[4793]	:	time Target is 794212
794793	[581]	:	Key	71	DOWN	at	794793  
799548	[4755]	:	time Target is 799548
804872	[5324]	:	time Target is 804872
805270	[398]	:	Key	71	DOWN	at	805269  
810212	[4942]	:	time Target is 810212
810999	[787]	:	Key	71	DOWN	at	810999  
815544	[4545]	:	time Target is 815544
815783	[239]	:	Key	71	DOWN	at	815783  
820882	[5099]	:	time Target is 820882
822085	[1203]	:	Key	71	DOWN	at	822085  
826219	[4134]	:	time Target is 826219
827418	[1199]	:	Key	71	DOWN	at	827417  
831557	[4139]	:	time Target is 831557
832377	[820]	:	Key	71	DOWN	at	832376  
836905	[4528]	:	time Target is 836905
842223	[5318]	:	time Target is 842223
842630	[407]	:	Key	71	DOWN	at	842629  
847565	[4935]	:	time Target is 847565
852891	[5326]	:	time Target is 852891
858212	[5321]	:	time Target is 858212
858519	[307]	:	Key	71	DOWN	at	858519  
863545	[5026]	:	time Target is 863545
868864	[5319]	:	time Target is 868864
869350	[486]	:	Key	71	DOWN	at	869350  
874204	[4854]	:	time Target is 874204
874616	[412]	:	Key	71	DOWN	at	874615  
879539	[4923]	:	time Target is 879539
880008	[469]	:	Key	71	DOWN	at	880008  
883843	[3835]	:	Key	71	UP	at	880199  
909751	[25908]	:	Key	71	DOWN	at	909751  
910540	[789]	:	Key	71	UP	at	909846  
910809	[269]	:	time Target is 910809
911688	[879]	:	Key	71	DOWN	at	911688  
916155	[4467]	:	time Target is 916155
916440	[285]	:	Key	71	DOWN	at	916440  
921226	[4786]	:	Key	71	DOWN	at	921194  
924047	[2821]	:	time Target is 924047
924839	[792]	:	Key	71	DOWN	at	924839  
929406	[4567]	:	time Target is 929406
929979	[573]	:	Key	71	DOWN	at	929978  
934736	[4757]	:	time Target is 934736
940058	[5322]	:	time Target is 940058
940584	[526]	:	Key	71	DOWN	at	940584  
945393	[4809]	:	time Target is 945393
946774	[1381]	:	Key	71	DOWN	at	946773  
950732	[3958]	:	time Target is 950732
956051	[5319]	:	time Target is 956051
961374	[5323]	:	time Target is 961374
966696	[5322]	:	time Target is 966696
967289	[593]	:	Key	71	DOWN	at	967289  
972035	[4746]	:	time Target is 972035
973432	[1397]	:	Key	71	DOWN	at	973432  
977383	[3951]	:	time Target is 977383
977961	[578]	:	Key	71	DOWN	at	977960  
982723	[4762]	:	time Target is 982723
983321	[598]	:	Key	71	DOWN	at	983320  
988059	[4738]	:	time Target is 988059
988998	[939]	:	Key	71	DOWN	at	988997  
993400	[4402]	:	time Target is 993400
993977	[577]	:	Key	71	DOWN	at	993976  
998736	[4759]	:	time Target is 998736
1004055	[5319]	:	time Target is 1004055
1009431	[5376]	:	time Target is 1009431
1009977	[546]	:	Key	71	DOWN	at	1009977 
1014763	[4786]	:	time Target is 1014763
1015034	[271]	:	Key	71	DOWN	at	1015034 
1020097	[5063]	:	time Target is 1020097
1021144	[1047]	:	Key	71	DOWN	at	1021144 
1025433	[4289]	:	time Target is 1025433
1030750	[5317]	:	time Target is 1030750
1031125	[375]	:	Key	71	DOWN	at	1031125 
1036079	[4954]	:	time Target is 1036079
1041405	[5326]	:	time Target is 1041405
1042218	[813]	:	Key	71	DOWN	at	1042218 
1046739	[4521]	:	time Target is 1046739
1047271	[532]	:	Key	71	DOWN	at	1047270 
1052075	[4804]	:	time Target is 1052075
1057390	[5315]	:	time Target is 1057390
1058537	[1147]	:	Key	71	DOWN	at	1058537 
1062731	[4194]	:	time Target is 1062731
1068053	[5322]	:	time Target is 1068053
1068838	[785]	:	Key	71	DOWN	at	1068838 
1073394	[4556]	:	time Target is 1073394
1073849	[455]	:	Key	71	DOWN	at	1073849 
1078730	[4881]	:	time Target is 1078730
1079381	[651]	:	Key	71	DOWN	at	1079380 
1084062	[4681]	:	time Target is 1084062
1089385	[5323]	:	time Target is 1089385
1089701	[316]	:	Key	71	DOWN	at	1089701 
1094734	[5033]	:	time Target is 1094734
1100049	[5315]	:	time Target is 1100049
1105375	[5326]	:	time Target is 1105375
1106090	[715]	:	Key	71	DOWN	at	1106089 
1110714	[4624]	:	time Target is 1110714
1116040	[5326]	:	time Target is 1116040
1117285	[1245]	:	Key	71	DOWN	at	1117285 
1121381	[4096]	:	time Target is 1121381
1121640	[259]	:	Key	71	DOWN	at	1121640 
1126719	[5079]	:	time Target is 1126719
1128090	[1371]	:	Key	71	DOWN	at	1128090 
1132053	[3963]	:	time Target is 1132053
1132471	[418]	:	Key	71	DOWN	at	1132471 
1137388	[4917]	:	time Target is 1137388
1138439	[1051]	:	Key	71	DOWN	at	1138439 
1142730	[4291]	:	time Target is 1142730
1148052	[5322]	:	time Target is 1148052
1149254	[1202]	:	Key	71	DOWN	at	1149253 
1153389	[4135]	:	time Target is 1153389
1158716	[5327]	:	time Target is 1158716
1164034	[5318]	:	time Target is 1164034
1164644	[610]	:	Key	71	DOWN	at	1164644 
1169367	[4723]	:	time Target is 1169367
1169654	[287]	:	Key	71	DOWN	at	1169653 
1174736	[5082]	:	time Target is 1174736
1180048	[5312]	:	Key	71	DOWN	at	1180038 
1182867	[2819]	:	time Target is 1182867
1183333	[466]	:	Key	71	DOWN	at	1183332 
1188204	[4871]	:	time Target is 1188204
1188694	[490]	:	Key	71	DOWN	at	1188694 
1193529	[4835]	:	time Target is 1193529
1194486	[957]	:	Key	71	DOWN	at	1194486 
1198872	[4386]	:	time Target is 1198872
1199577	[705]	:	Key	71	DOWN	at	1199577 
1204210	[4633]	:	time Target is 1204210
1204612	[402]	:	Key	71	DOWN	at	1204612 
1209535	[4923]	:	time Target is 1209535
1210247	[712]	:	Key	71	DOWN	at	1210247 
1214877	[4630]	:	time Target is 1214877
1215401	[524]	:	Key	71	DOWN	at	1215400 
1220219	[4818]	:	time Target is 1220219
1220518	[299]	:	Key	71	DOWN	at	1220516 
1225555	[5037]	:	time Target is 1225555
1226247	[692]	:	Key	71	DOWN	at	1226246 
1230894	[4647]	:	time Target is 1230894
1231910	[1016]	:	Key	71	DOWN	at	1231908 
1236239	[4329]	:	time Target is 1236239
1237590	[1351]	:	Key	71	DOWN	at	1237590 
1241604	[4014]	:	time Target is 1241604
1242281	[677]	:	Key	71	DOWN	at	1242280 
1246940	[4659]	:	time Target is 1246940
1247977	[1037]	:	Key	71	DOWN	at	1247977 
1252309	[4332]	:	time Target is 1252309
1253591	[1282]	:	Key	71	DOWN	at	1253591 
1257649	[4058]	:	time Target is 1257649
1262973	[5324]	:	time Target is 1262973
1263401	[428]	:	Key	71	DOWN	at	1263401 
1268310	[4909]	:	time Target is 1268310
1268889	[579]	:	Key	71	DOWN	at	1268889 
1273651	[4762]	:	time Target is 1273651
1278972	[5321]	:	time Target is 1278972
1279543	[571]	:	Key	71	DOWN	at	1279543 
1284309	[4766]	:	Key	71	DOWN	at	1284088 
1284310	[1]	:	Key	71	UP	at	1284214 
1287128	[2818]	:	time Target is 1287128
1292450	[5322]	:	time Target is 1292450
1293013	[563]	:	Key	71	DOWN	at	1293013 
1297776	[4763]	:	time Target is 1297776
1298293	[517]	:	Key	71	DOWN	at	1298293 
1303111	[4818]	:	time Target is 1303111
1308429	[5318]	:	time Target is 1308429
1313753	[5324]	:	time Target is 1313753
1314356	[603]	:	Key	71	DOWN	at	1314356 
1319091	[4735]	:	time Target is 1319091
1319892	[801]	:	Key	71	DOWN	at	1319892 
1324431	[4539]	:	time Target is 1324431
1325221	[790]	:	Key	71	DOWN	at	1325220 
1329777	[4556]	:	time Target is 1329777
1330244	[467]	:	Key	71	DOWN	at	1330244 
1335113	[4869]	:	time Target is 1335113
1335527	[414]	:	Key	71	DOWN	at	1335527 
1340452	[4925]	:	time Target is 1340452
1345773	[5321]	:	time Target is 1345773
1351088	[5315]	:	time Target is 1351088
1356412	[5324]	:	time Target is 1356412
1356775	[363]	:	Key	71	DOWN	at	1356775 
1361750	[4975]	:	time Target is 1361750
1367076	[5326]	:	time Target is 1367076
1372401	[5325]	:	time Target is 1372401
1372694	[293]	:	Key	71	DOWN	at	1372694 
1377735	[5041]	:	time Target is 1377735
1395718	[17983]	:	Key	71	DOWN	at	1395717 
1395781	[63]	:	Key	71	UP	at	1395781 
1406984	[11203]	:	Key	71	DOWN	at	1406984 
1407778	[794]	:	Key	71	UP	at	1407109 
1408045	[267]	:	time Target is 1408045
1408822	[777]	:	Key	71	DOWN	at	1408822 
1413390	[4568]	:	time Target is 1413390
1418715	[5325]	:	time Target is 1418715
1419589	[874]	:	Key	71	DOWN	at	1419589 
1424050	[4461]	:	time Target is 1424050
1425316	[1266]	:	Key	71	DOWN	at	1425316 
1429396	[4080]	:	time Target is 1429396
1434719	[5323]	:	time Target is 1434719
1435417	[698]	:	Key	71	DOWN	at	1435416 
1440060	[4643]	:	time Target is 1440060
1445390	[5330]	:	time Target is 1445390
1446024	[634]	:	Key	71	DOWN	at	1446023 
1450728	[4704]	:	time Target is 1450728
1456051	[5323]	:	time Target is 1456051
1456630	[579]	:	Key	71	DOWN	at	1456630 
1461385	[4755]	:	time Target is 1461385
1461973	[588]	:	Key	71	DOWN	at	1461972 
1466726	[4753]	:	time Target is 1466726
1472051	[5325]	:	time Target is 1472051
1472600	[549]	:	Key	71	DOWN	at	1472600 
1477385	[4785]	:	time Target is 1477385
1478262	[877]	:	Key	71	DOWN	at	1478261 
1482719	[4457]	:	time Target is 1482719
1483368	[649]	:	Key	71	DOWN	at	1483368 
1488056	[4688]	:	time Target is 1488056
1489017	[961]	:	Key	71	DOWN	at	1489016 
1493390	[4373]	:	time Target is 1493390
1498704	[5314]	:	time Target is 1498704
1499961	[1257]	:	Key	71	DOWN	at	1499960 
1504041	[4080]	:	time Target is 1504041
1509364	[5323]	:	time Target is 1509364
1509704	[340]	:	Key	71	DOWN	at	1509703 
1514701	[4997]	:	time Target is 1514701
1515045	[344]	:	Key	71	DOWN	at	1515045 
1520041	[4996]	:	time Target is 1520041
1520890	[849]	:	Key	71	DOWN	at	1520889 
1525373	[4483]	:	time Target is 1525373
1530705	[5332]	:	time Target is 1530705
1531268	[563]	:	Key	71	DOWN	at	1531268 
1536039	[4771]	:	time Target is 1536039
1541363	[5324]	:	time Target is 1541363
1541686	[323]	:	Key	71	DOWN	at	1541685 
1546706	[5020]	:	time Target is 1546706
1547702	[996]	:	Key	71	DOWN	at	1547701 
1552046	[4344]	:	time Target is 1552046
1557361	[5315]	:	time Target is 1557361
1558584	[1223]	:	Key	71	DOWN	at	1558583 
1562697	[4113]	:	time Target is 1562697
1568071	[5374]	:	time Target is 1568071
1573391	[5320]	:	time Target is 1573391
1578712	[5321]	:	time Target is 1578712
1578852	[140]	:	Key	71	DOWN	at	1578852 
1584047	[5195]	:	time Target is 1584047
1584868	[821]	:	Key	71	DOWN	at	1584868 
1589381	[4513]	:	time Target is 1589381
1590120	[739]	:	Key	71	DOWN	at	1590119 
1594713	[4593]	:	time Target is 1594713
1600034	[5321]	:	time Target is 1600034
1600199	[165]	:	Key	71	DOWN	at	1600199 
1605369	[5170]	:	time Target is 1605369
1605592	[223]	:	Key	71	DOWN	at	1605592 
1610710	[5118]	:	time Target is 1610710
1616033	[5323]	:	time Target is 1616033
1616314	[281]	:	Key	71	DOWN	at	1616313 
1621367	[5053]	:	time Target is 1621367
1622215	[848]	:	Key	71	DOWN	at	1622214 
1626702	[4487]	:	time Target is 1626702
1632028	[5326]	:	time Target is 1632028
1637348	[5320]	:	time Target is 1637348
1637876	[528]	:	Key	71	DOWN	at	1637876 
1642687	[4811]	:	time Target is 1642687
1643590	[903]	:	Key	71	DOWN	at	1643590 
1648028	[4438]	:	time Target is 1648028
1648260	[232]	:	Key	71	DOWN	at	1648260 
1653362	[5102]	:	time Target is 1653362
1654295	[933]	:	Key	71	DOWN	at	1654295 
1658705	[4410]	:	time Target is 1658705
1659619	[914]	:	Key	71	DOWN	at	1659619 
1664053	[4434]	:	time Target is 1664053
1669374	[5321]	:	time Target is 1669374
1670165	[791]	:	Key	71	DOWN	at	1670165 
1674704	[4539]	:	time Target is 1674704
1674984	[280]	:	Key	71	DOWN	at	1674983 
1680050	[5066]	:	time Target is 1680050
1680374	[324]	:	Key	71	DOWN	at	1680374 
1685384	[5010]	:	time Target is 1685384
1690702	[5318]	:	time Target is 1690702
1696052	[5350]	:	time Target is 1696052
1697462	[1410]	:	Key	71	DOWN	at	1697462 
1701391	[3929]	:	time Target is 1701391
1701398	[7]	:	Key	71	DOWN	at	1701398 
1706735	[5337]	:	time Target is 1706735
1712072	[5337]	:	time Target is 1712072
1712326	[254]	:	Key	71	DOWN	at	1712326 
1717410	[5084]	:	time Target is 1717410
1722735	[5325]	:	time Target is 1722735
1723573	[838]	:	Key	71	DOWN	at	1723573 
1728062	[4489]	:	time Target is 1728062
1729384	[1322]	:	Key	71	DOWN	at	1729384 
1733403	[4019]	:	time Target is 1733403
1738723	[5320]	:	time Target is 1738723
1739155	[432]	:	Key	71	DOWN	at	1739155 
1744068	[4913]	:	time Target is 1744068
1749389	[5321]	:	time Target is 1749389
1749977	[588]	:	Key	71	DOWN	at	1749977 
1754723	[4746]	:	time Target is 1754723
1754888	[165]	:	Key	71	DOWN	at	1754888 
1760062	[5174]	:	time Target is 1760062
1765387	[5325]	:	time Target is 1765387
1765941	[554]	:	Key	71	DOWN	at	1765941 
1770723	[4782]	:	time Target is 1770723
1776053	[5330]	:	time Target is 1776053
1776771	[718]	:	Key	71	DOWN	at	1776771 
1781398	[4627]	:	time Target is 1781398
1782199	[801]	:	Key	71	DOWN	at	1782198 
1786728	[4529]	:	time Target is 1786728
1792050	[5322]	:	time Target is 1792050
1792727	[677]	:	Key	71	DOWN	at	1792727 
1797397	[4670]	:	time Target is 1797397
1797672	[275]	:	Key	71	DOWN	at	1797672 
1802741	[5069]	:	time Target is 1802741
1808070	[5329]	:	time Target is 1808070
1808436	[366]	:	Key	71	DOWN	at	1808436 
1813408	[4972]	:	time Target is 1813408
1818727	[5319]	:	time Target is 1818727
1824043	[5316]	:	time Target is 1824043
1824374	[331]	:	Key	71	DOWN	at	1824373 
1829388	[5014]	:	time Target is 1829388
1830003	[615]	:	Key	71	DOWN	at	1830003 
1834720	[4717]	:	time Target is 1834720
1835252	[532]	:	Key	71	DOWN	at	1835251 
1840059	[4807]	:	time Target is 1840059
1841510	[1451]	:	Key	71	DOWN	at	1841510 
1845395	[3885]	:	time Target is 1845395
1845671	[276]	:	Key	71	DOWN	at	1845671 
1850738	[5067]	:	time Target is 1850738
1851123	[385]	:	Key	71	DOWN	at	1851123 
1856076	[4953]	:	time Target is 1856076
1861411	[5335]	:	time Target is 1861411
1861703	[292]	:	Key	71	DOWN	at	1861703 
1866750	[5047]	:	time Target is 1866750
1872071	[5321]	:	time Target is 1872071
1877395	[5324]	:	time Target is 1877395
1878455	[1060]	:	Key	71	DOWN	at	1878455 
1882730	[4275]	:	time Target is 1882730
1883589	[859]	:	Key	71	DOWN	at	1883589 
1887031	[3442]	:	Key	71	UP	at	1883703 
1949125	[62094]	:	Key	71	DOWN	at	1949125 
1949915	[790]	:	Key	71	UP	at	1949256 
1950183	[268]	:	time Target is 1950183
1955508	[5325]	:	time Target is 1955508
1955783	[275]	:	Key	71	DOWN	at	1955782 
1960848	[5065]	:	time Target is 1960848
1961430	[582]	:	Key	71	DOWN	at	1961430 
1966187	[4757]	:	time Target is 1966187
1966310	[123]	:	Key	71	DOWN	at	1966309 
1971518	[5208]	:	time Target is 1971518
1972006	[488]	:	Key	71	DOWN	at	1972006 
1976858	[4852]	:	time Target is 1976858
1982170	[5312]	:	Key	71	DOWN	at	1982022 
1984981	[2811]	:	time Target is 1984981
1990311	[5330]	:	time Target is 1990311
1995636	[5325]	:	time Target is 1995636
2000957	[5321]	:	time Target is 2000957
2006280	[5323]	:	time Target is 2006280
2011591	[5311]	:	time Target is 2011591
2012455	[864]	:	Key	71	DOWN	at	2012455 
2016938	[4483]	:	time Target is 2016938
2022255	[5317]	:	time Target is 2022255
2027571	[5316]	:	time Target is 2027571
2028824	[1253]	:	Key	71	DOWN	at	2028823 
2032916	[4092]	:	time Target is 2032916
2033842	[926]	:	Key	71	DOWN	at	2033842 
2038250	[4408]	:	time Target is 2038250
2038806	[556]	:	Key	71	DOWN	at	2038806 
2043589	[4783]	:	time Target is 2043589
2048909	[5320]	:	time Target is 2048909
2054231	[5322]	:	time Target is 2054231
2059552	[5321]	:	time Target is 2059552
2060596	[1044]	:	Key	71	DOWN	at	2060596 
2064884	[4288]	:	time Target is 2064884
2065204	[320]	:	Key	71	DOWN	at	2065203 
2070228	[5024]	:	time Target is 2070228
2075549	[5321]	:	time Target is 2075549
2076469	[920]	:	Key	71	DOWN	at	2076469 
2080895	[4426]	:	time Target is 2080895
2081697	[802]	:	Key	71	DOWN	at	2081697 
2086244	[4547]	:	time Target is 2086244
2086833	[589]	:	Key	71	DOWN	at	2086833 
2091572	[4739]	:	time Target is 2091572
2092167	[595]	:	Key	71	DOWN	at	2092167 
2096918	[4751]	:	time Target is 2096918
2097651	[733]	:	Key	71	DOWN	at	2097651 
2102252	[4601]	:	time Target is 2102252
2103317	[1065]	:	Key	71	DOWN	at	2103317 
2107586	[4269]	:	time Target is 2107586
2112909	[5323]	:	time Target is 2112909
2113891	[982]	:	Key	71	DOWN	at	2113890 
2118246	[4355]	:	time Target is 2118246
2123562	[5316]	:	time Target is 2123562
2124504	[942]	:	Key	71	DOWN	at	2124504 
2128897	[4393]	:	time Target is 2128897
2134217	[5320]	:	time Target is 2134217
2139543	[5326]	:	time Target is 2139543
2140262	[719]	:	Key	71	DOWN	at	2140262 
2144885	[4623]	:	time Target is 2144885
2145538	[653]	:	Key	71	DOWN	at	2145538 
2150227	[4689]	:	time Target is 2150227
2150834	[607]	:	Key	71	DOWN	at	2150834 
2155565	[4731]	:	time Target is 2155565
2160887	[5322]	:	time Target is 2160887
2161493	[606]	:	Key	71	DOWN	at	2161493 
2166231	[4738]	:	time Target is 2166231
2166676	[445]	:	Key	71	DOWN	at	2166675 
2171565	[4889]	:	time Target is 2171565
2172356	[791]	:	Key	71	DOWN	at	2172356 
2176938	[4582]	:	time Target is 2176938
2177123	[185]	:	Key	71	DOWN	at	2177123 
2182277	[5154]	:	time Target is 2182277
2187598	[5321]	:	time Target is 2187598
2188501	[903]	:	Key	71	DOWN	at	2188501 
2192928	[4427]	:	time Target is 2192928
2194263	[1335]	:	Key	71	DOWN	at	2194263 
2198268	[4005]	:	time Target is 2198268
2199638	[1370]	:	Key	71	DOWN	at	2199638 
2203605	[3967]	:	time Target is 2203605
2208923	[5318]	:	time Target is 2208923
2214246	[5323]	:	time Target is 2214246
2215400	[1154]	:	Key	71	DOWN	at	2215399 
2219583	[4183]	:	time Target is 2219583
2224905	[5322]	:	time Target is 2224905
2225142	[237]	:	Key	71	DOWN	at	2225141 
2230245	[5103]	:	time Target is 2230245
2235601	[5356]	:	time Target is 2235601
2240928	[5327]	:	time Target is 2240928
2241079	[151]	:	Key	71	DOWN	at	2241079 
2246266	[5187]	:	time Target is 2246266
2247415	[1149]	:	Key	71	DOWN	at	2247414 
2251607	[4192]	:	time Target is 2251607
2252072	[465]	:	Key	71	DOWN	at	2252071 
2256949	[4877]	:	time Target is 2256949
2262275	[5326]	:	time Target is 2262275
2267616	[5341]	:	time Target is 2267616
2267846	[230]	:	Key	71	DOWN	at	2267846 
2272954	[5108]	:	time Target is 2272954
2273477	[523]	:	Key	71	DOWN	at	2273477 
2278296	[4819]	:	time Target is 2278296
2278594	[298]	:	Key	71	DOWN	at	2278594 
2283634	[5040]	:	time Target is 2283634
2288955	[5321]	:	time Target is 2288955
2294277	[5322]	:	time Target is 2294277
2294871	[594]	:	Key	71	DOWN	at	2294870 
2299608	[4737]	:	time Target is 2299608
2304927	[5319]	:	time Target is 2304927
2305078	[151]	:	Key	71	DOWN	at	2305077 
2310265	[5187]	:	time Target is 2310265
2310516	[251]	:	Key	71	DOWN	at	2310515 
2315614	[5098]	:	time Target is 2315614
2316852	[1238]	:	Key	71	DOWN	at	2316852 
2320951	[4099]	:	time Target is 2320951
2326275	[5324]	:	time Target is 2326275
2327143	[868]	:	Key	71	DOWN	at	2327142 
2331609	[4466]	:	time Target is 2331609
2336963	[5354]	:	time Target is 2336963
2342024	[5061]	:	Key	71	DOWN	at	2341987 
2344575	[2551]	:	Key	71	DOWN	at	2344322 
2347390	[2815]	:	time Target is 2347390
2347700	[310]	:	Key	71	DOWN	at	2347700 
2352734	[5034]	:	time Target is 2352734
2353029	[295]	:	Key	71	DOWN	at	2353028 
2358078	[5049]	:	time Target is 2358078
2363398	[5320]	:	time Target is 2363398
2368719	[5321]	:	time Target is 2368719
2374046	[5327]	:	time Target is 2374046
2379368	[5322]	:	time Target is 2379368
2384700	[5332]	:	time Target is 2384700
2390021	[5321]	:	time Target is 2390021
2390323	[302]	:	Key	71	DOWN	at	2390322 
2395370	[5047]	:	time Target is 2395370
2400694	[5324]	:	time Target is 2400694
2401030	[336]	:	Key	71	DOWN	at	2401030 
2406036	[5006]	:	time Target is 2406036
2411355	[5319]	:	time Target is 2411355
2411747	[392]	:	Key	71	DOWN	at	2411747 
2416697	[4950]	:	time Target is 2416697
2431922	[15225]	:	Key	71	DOWN	at	2431921 
2432039	[117]	:	Key	71	UP	at	2432038 
2455795	[23756]	:	Key	77	DOWN	at	2455794 
2455938	[143]	:	Key	77	UP	at	2455938 
2457651	[1713]	:	Key	29	DOWN	at	2457651 
2457783	[132]	:	Key	29	UP	at	2457782 
2462100	[4317]	:	Key	29	DOWN	at	2462100 
2462212	[112]	:	Key	29	UP	at	2462212 
2479719	[17507]	:	Key	29	DOWN	at	2479718 
2479793	[74]	:	Key	29	UP	at	2479793 
2481318	[1525]	:	Key	29	DOWN	at	2481318 
2481413	[95]	:	Key	29	UP	at	2481412 
2490918	[9505]	:	Key	28	DOWN	at	2490917 
2491029	[111]	:	Key	28	UP	at	2491028 
2492664	[1635]	:	Key	28	DOWN	at	2492663 
2492739	[75]	:	Key	28	UP	at	2492737 
2497714	[4975]	:	Key	28	DOWN	at	2497713 
2497810	[96]	:	Key	28	UP	at	2497810 
2498849	[1039]	:	Key	29	DOWN	at	2498849 
2498961	[112]	:	Key	29	UP	at	2498961 
2509570	[10609]	:	Key	29	DOWN	at	2509570 
2509682	[112]	:	Key	29	UP	at	2509682 
2511654	[1972]	:	Key	28	DOWN	at	2511653 
2511747	[93]	:	Key	28	UP	at	2511747 
2516645	[4898]	:	Key	28	DOWN	at	2516645 
2516755	[110]	:	Key	28	UP	at	2516755 
2518324	[1569]	:	Key	28	DOWN	at	2518324 
2518419	[95]	:	Key	28	UP	at	2518419 
2524502	[6083]	:	Key	28	DOWN	at	2524502 
2524612	[110]	:	Key	28	UP	at	2524612 
2526070	[1458]	:	Key	29	DOWN	at	2526070 
2526161	[91]	:	Key	29	UP	at	2526161 
2531698	[5537]	:	Key	29	DOWN	at	2531697 
2531831	[133]	:	Key	29	UP	at	2531830 
2533381	[1550]	:	Key	28	DOWN	at	2533381 
2533446	[65]	:	COGENT STOP
