Cog2000 log file Thu Oct 03 18:32:53 2019
gprim v1.33 Compiled:Aug 12 2015 (GLib DirectDraw v7 DX12.0 Compiled:Aug 12 2015)
Display:1024x768x32 59.92Hz
Attaching C:\Program Files\Cogent2000v1.33\Toolbox\CogInput.mexw64
CogInput v1.05 Compiled: May 20 2010
6	[6]	:	COGENT START
8895	[8889]	:	Key	71	DOWN	at	8889    
8971	[76]	:	Key	71	UP	at	8970    
29231	[20260]	:	Key	71	DOWN	at	29230   
29309	[78]	:	Key	71	UP	at	29307   
33759	[4450]	:	Key	71	DOWN	at	33754   
33883	[124]	:	Key	71	UP	at	33882   
46366	[12483]	:	Key	71	DOWN	at	46365   
46442	[76]	:	Key	71	UP	at	46442   
63818	[17376]	:	Key	71	DOWN	at	63818   
63913	[95]	:	Key	71	UP	at	63913   
84622	[20709]	:	Key	71	DOWN	at	84620   
85503	[881]	:	time Target is 85492
86266	[763]	:	Key	71	DOWN	at	86266   
91621	[5355]	:	time Target is 91620
92719	[1098]	:	Key	71	DOWN	at	92718   
97723	[5004]	:	time Target is 97722
103807	[6084]	:	time Target is 103807
104685	[878]	:	Key	71	DOWN	at	104685  
109920	[5235]	:	time Target is 109916
110381	[461]	:	Key	71	DOWN	at	110380  
124924	[14543]	:	Key	71	DOWN	at	124923  
125988	[1064]	:	time Target is 125988
132316	[6328]	:	time Target is 132316
138648	[6332]	:	time Target is 138648
144984	[6336]	:	time Target is 144983
166363	[21379]	:	Key	71	DOWN	at	166362  
166505	[142]	:	Key	71	UP	at	166505  
170685	[4180]	:	Key	71	DOWN	at	170685  
170798	[113]	:	Key	71	UP	at	170798  
175486	[4688]	:	Key	71	DOWN	at	175486  
175610	[124]	:	Key	71	UP	at	175609  
185226	[9616]	:	Key	71	DOWN	at	185226  
185339	[113]	:	Key	71	UP	at	185339  
191180	[5841]	:	Key	71	DOWN	at	191180  
192003	[823]	:	Key	71	UP	at	191244  
192027	[24]	:	time Target is 192027
192859	[832]	:	Key	71	DOWN	at	192859  
197133	[4274]	:	time Target is 197133
202216	[5083]	:	time Target is 202216
203131	[915]	:	Key	71	DOWN	at	203131  
207320	[4189]	:	time Target is 207320
208046	[726]	:	Key	71	DOWN	at	208046  
211629	[3583]	:	Key	71	UP	at	208184  
220027	[8398]	:	Key	71	DOWN	at	220027  
220157	[130]	:	Key	71	UP	at	220157  
224380	[4223]	:	Key	71	DOWN	at	224380  
225175	[795]	:	Key	71	UP	at	224510  
225205	[30]	:	time Target is 225204
225726	[521]	:	Key	71	DOWN	at	225726  
230300	[4574]	:	time Target is 230300
231005	[705]	:	Key	71	DOWN	at	231005  
235390	[4385]	:	time Target is 235390
240474	[5084]	:	time Target is 240473
241309	[835]	:	Key	71	DOWN	at	241308  
244778	[3469]	:	Key	71	UP	at	241421  
253163	[8385]	:	Key	71	DOWN	at	253163  
253294	[131]	:	Key	71	UP	at	253293  
257644	[4350]	:	Key	71	DOWN	at	257644  
258435	[791]	:	Key	71	UP	at	257757  
258459	[24]	:	time Target is 258459
258906	[447]	:	Key	71	DOWN	at	258906  
263547	[4641]	:	time Target is 263547
268628	[5081]	:	time Target is 268627
268829	[201]	:	Key	71	DOWN	at	268828  
273697	[4868]	:	Key	71	DOWN	at	273370  
273698	[1]	:	Key	71	UP	at	273499  
284333	[10635]	:	Key	71	DOWN	at	284333  
284526	[193]	:	Key	71	UP	at	284526  
288060	[3534]	:	Key	71	DOWN	at	288059  
288852	[792]	:	Key	71	UP	at	288203  
288877	[25]	:	time Target is 288876
289355	[478]	:	Key	71	DOWN	at	289355  
293968	[4613]	:	time Target is 293968
299040	[5072]	:	time Target is 299040
304109	[5069]	:	time Target is 304109
315838	[11729]	:	Key	71	DOWN	at	315838  
315998	[160]	:	Key	71	UP	at	315997  
332414	[16416]	:	Key	71	DOWN	at	332413  
332461	[47]	:	Key	71	UP	at	332460  
347674	[15213]	:	Key	71	DOWN	at	347673  
347823	[149]	:	Key	71	UP	at	347822  
360542	[12719]	:	Key	71	DOWN	at	360542  
360654	[112]	:	Key	71	UP	at	360654  
365213	[4559]	:	Key	71	DOWN	at	365213  
367790	[2577]	:	time Target is 367790
368138	[348]	:	Key	71	DOWN	at	368138  
373136	[4998]	:	time Target is 373136
378492	[5356]	:	Key	71	DOWN	at	378333  
378493	[1]	:	Key	71	UP	at	378411  
381317	[2824]	:	time Target is 381317
381821	[504]	:	Key	71	DOWN	at	381820  
386396	[4575]	:	Key	71	DOWN	at	386301  
389212	[2816]	:	time Target is 389211
390137	[925]	:	Key	71	DOWN	at	390137  
394556	[4419]	:	time Target is 394556
395179	[623]	:	Key	71	DOWN	at	395179  
399896	[4717]	:	time Target is 399896
405238	[5342]	:	time Target is 405238
410559	[5321]	:	time Target is 410559
415615	[5056]	:	Key	71	DOWN	at	415273  
415617	[2]	:	Key	71	UP	at	415421  
418174	[2557]	:	Key	71	DOWN	at	418062  
420983	[2809]	:	Key	71	DOWN	at	420810  
420984	[1]	:	Key	71	UP	at	420941  
423790	[2806]	:	Key	71	DOWN	at	423596  
423790	[0]	:	Key	71	UP	at	423705  
426600	[2810]	:	time Target is 426600
427133	[533]	:	Key	71	DOWN	at	427132  
431937	[4804]	:	time Target is 431937
432586	[649]	:	Key	71	DOWN	at	432586  
437013	[4427]	:	Key	71	DOWN	at	436874  
437014	[1]	:	Key	71	UP	at	437001  
439567	[2553]	:	Key	71	DOWN	at	439305  
439568	[1]	:	Key	71	UP	at	439405  
442385	[2817]	:	time Target is 442385
442777	[392]	:	Key	71	DOWN	at	442777  
447717	[4940]	:	time Target is 447717
448075	[358]	:	Key	71	DOWN	at	448074  
453061	[4986]	:	time Target is 453061
458384	[5323]	:	time Target is 458384
458762	[378]	:	Key	71	DOWN	at	458761  
463723	[4961]	:	time Target is 463723
464124	[401]	:	Key	71	DOWN	at	464124  
469062	[4938]	:	time Target is 469062
469464	[402]	:	Key	71	DOWN	at	469464  
474406	[4942]	:	time Target is 474406
474846	[440]	:	Key	71	DOWN	at	474846  
479741	[4895]	:	time Target is 479741
480126	[385]	:	Key	71	DOWN	at	480125  
485080	[4954]	:	time Target is 485080
490401	[5321]	:	time Target is 490401
490825	[424]	:	Key	71	DOWN	at	490825  
495732	[4907]	:	time Target is 495732
496063	[331]	:	Key	71	DOWN	at	496061  
501097	[5034]	:	time Target is 501097
501502	[405]	:	Key	71	DOWN	at	501502  
506441	[4939]	:	time Target is 506441
506878	[437]	:	Key	71	DOWN	at	506877  
511782	[4904]	:	time Target is 511782
517102	[5320]	:	time Target is 517102
522428	[5326]	:	time Target is 522428
522760	[332]	:	Key	71	DOWN	at	522760  
527770	[5010]	:	time Target is 527770
533091	[5321]	:	time Target is 533091
533691	[600]	:	Key	71	DOWN	at	533691  
538429	[4738]	:	time Target is 538429
539563	[1134]	:	Key	71	DOWN	at	539562  
543767	[4204]	:	time Target is 543767
544075	[308]	:	Key	71	DOWN	at	544074  
549095	[5020]	:	time Target is 549095
554413	[5318]	:	time Target is 554413
555004	[591]	:	Key	71	DOWN	at	555004  
559750	[4746]	:	time Target is 559750
560267	[517]	:	Key	71	DOWN	at	560266  
565089	[4822]	:	time Target is 565089
570411	[5322]	:	time Target is 570411
570780	[369]	:	Key	71	DOWN	at	570780  
575745	[4965]	:	time Target is 575745
576094	[349]	:	Key	71	DOWN	at	576093  
581082	[4988]	:	time Target is 581082
586400	[5318]	:	time Target is 586400
586734	[334]	:	Key	71	DOWN	at	586734  
591739	[5005]	:	time Target is 591739
592043	[304]	:	Key	71	DOWN	at	592043  
597072	[5029]	:	time Target is 597072
602402	[5330]	:	time Target is 602402
602798	[396]	:	Key	71	DOWN	at	602798  
607740	[4942]	:	time Target is 607740
608335	[595]	:	Key	71	DOWN	at	608334  
613084	[4749]	:	time Target is 613084
613515	[431]	:	Key	71	DOWN	at	613513  
618421	[4906]	:	time Target is 618421
618795	[374]	:	Key	71	DOWN	at	618795  
623771	[4976]	:	time Target is 623771
624283	[512]	:	Key	71	DOWN	at	624283  
629094	[4811]	:	time Target is 629094
630349	[1255]	:	Key	71	DOWN	at	630348  
634430	[4081]	:	time Target is 634430
634733	[303]	:	Key	71	DOWN	at	634733  
639768	[5035]	:	time Target is 639768
640190	[422]	:	Key	71	DOWN	at	640189  
645098	[4908]	:	time Target is 645098
645486	[388]	:	Key	71	DOWN	at	645485  
650435	[4949]	:	time Target is 650435
655767	[5332]	:	time Target is 655767
656253	[486]	:	Key	71	DOWN	at	656253  
661105	[4852]	:	time Target is 661105
661467	[362]	:	Key	71	DOWN	at	661466  
666450	[4983]	:	time Target is 666450
671775	[5325]	:	time Target is 671775
677100	[5325]	:	time Target is 677100
677773	[673]	:	Key	71	DOWN	at	677773  
682440	[4667]	:	time Target is 682440
683386	[946]	:	Key	71	DOWN	at	683386  
687769	[4383]	:	time Target is 687769
693089	[5320]	:	time Target is 693089
698413	[5324]	:	time Target is 698413
698827	[414]	:	Key	71	DOWN	at	698827  
703752	[4925]	:	time Target is 703752
704985	[1233]	:	Key	71	DOWN	at	704985  
709090	[4105]	:	time Target is 709090
709742	[652]	:	Key	71	DOWN	at	709741  
714426	[4684]	:	time Target is 714426
719747	[5321]	:	time Target is 719747
719867	[120]	:	Key	71	DOWN	at	719867  
725085	[5218]	:	time Target is 725085
725562	[477]	:	Key	71	DOWN	at	725561  
730417	[4855]	:	time Target is 730417
730842	[425]	:	Key	71	DOWN	at	730842  
735756	[4914]	:	time Target is 735756
741078	[5322]	:	time Target is 741078
746395	[5317]	:	time Target is 746395
747340	[945]	:	Key	71	DOWN	at	747339  
751730	[4390]	:	time Target is 751730
757054	[5324]	:	time Target is 757054
757449	[395]	:	Key	71	DOWN	at	757449  
762382	[4933]	:	time Target is 762382
762908	[526]	:	Key	71	DOWN	at	762908  
767743	[4835]	:	time Target is 767743
773063	[5320]	:	time Target is 773063
773613	[550]	:	Key	71	DOWN	at	773613  
778415	[4802]	:	time Target is 778415
779054	[639]	:	Key	71	DOWN	at	779053  
783753	[4699]	:	time Target is 783753
789074	[5321]	:	time Target is 789074
789548	[474]	:	Key	71	DOWN	at	789547  
794441	[4893]	:	time Target is 794441
799762	[5321]	:	time Target is 799762
800298	[536]	:	Key	71	DOWN	at	800297  
805104	[4806]	:	time Target is 805104
810420	[5316]	:	time Target is 810420
810908	[488]	:	Key	71	DOWN	at	810907  
815755	[4847]	:	time Target is 815755
816489	[734]	:	Key	71	DOWN	at	816489  
821098	[4609]	:	time Target is 821098
828732	[7634]	:	Key	71	DOWN	at	828731  
829515	[783]	:	Key	71	UP	at	828845  
829785	[270]	:	time Target is 829785
835107	[5322]	:	time Target is 835107
835595	[488]	:	Key	71	DOWN	at	835594  
840447	[4852]	:	time Target is 840447
841707	[1260]	:	Key	71	DOWN	at	841706  
845790	[4083]	:	time Target is 845790
846253	[463]	:	Key	71	DOWN	at	846253  
851127	[4874]	:	time Target is 851127
851549	[422]	:	Key	71	DOWN	at	851548  
856465	[4916]	:	time Target is 856465
857228	[763]	:	Key	71	DOWN	at	857228  
861805	[4577]	:	time Target is 861805
862458	[653]	:	Key	71	DOWN	at	862457  
867146	[4688]	:	time Target is 867146
872465	[5319]	:	time Target is 872465
877786	[5321]	:	time Target is 877786
878285	[499]	:	Key	71	DOWN	at	878284  
883117	[4832]	:	time Target is 883117
888444	[5327]	:	time Target is 888444
888910	[466]	:	Key	71	DOWN	at	888910  
893812	[4902]	:	time Target is 893812
894553	[741]	:	Key	71	DOWN	at	894553  
899150	[4597]	:	time Target is 899150
899580	[430]	:	Key	71	DOWN	at	899580  
904485	[4905]	:	time Target is 904485
909809	[5324]	:	time Target is 909809
910253	[444]	:	Key	71	DOWN	at	910252  
915146	[4893]	:	time Target is 915146
915821	[675]	:	Key	71	DOWN	at	915821  
920485	[4664]	:	time Target is 920485
921017	[532]	:	Key	71	DOWN	at	921017  
925812	[4795]	:	time Target is 925812
931136	[5324]	:	time Target is 931136
931676	[540]	:	Key	71	DOWN	at	931675  
936511	[4835]	:	time Target is 936511
937049	[538]	:	Key	71	DOWN	at	937049  
941577	[4528]	:	Key	71	DOWN	at	941470  
941578	[1]	:	Key	71	UP	at	941548  
944395	[2817]	:	time Target is 944395
944777	[382]	:	Key	71	DOWN	at	944777  
949734	[4957]	:	time Target is 949734
950077	[343]	:	Key	71	DOWN	at	950076  
955072	[4995]	:	time Target is 955072
955435	[363]	:	Key	71	DOWN	at	955435  
960414	[4979]	:	time Target is 960414
965741	[5327]	:	time Target is 965741
966221	[480]	:	Key	71	DOWN	at	966221  
971078	[4857]	:	time Target is 971078
971690	[612]	:	Key	71	DOWN	at	971689  
976413	[4723]	:	time Target is 976413
976926	[513]	:	Key	71	DOWN	at	976925  
981755	[4829]	:	time Target is 981755
982122	[367]	:	Key	71	DOWN	at	982122  
987088	[4966]	:	time Target is 987088
992407	[5319]	:	time Target is 992407
992842	[435]	:	Key	71	DOWN	at	992841  
997736	[4894]	:	time Target is 997736
998235	[499]	:	Key	71	DOWN	at	998234  
1003065	[4830]	:	time Target is 1003065
1008398	[5333]	:	time Target is 1008398
1008906	[508]	:	Key	71	DOWN	at	1008906 
1013740	[4834]	:	time Target is 1013740
1014458	[718]	:	Key	71	DOWN	at	1014457 
1019072	[4614]	:	time Target is 1019072
1019775	[703]	:	Key	71	DOWN	at	1019774 
1024410	[4635]	:	time Target is 1024410
1029464	[5054]	:	Key	71	DOWN	at	1029404 
1032280	[2816]	:	time Target is 1032280
1037598	[5318]	:	time Target is 1037598
1038380	[782]	:	Key	71	DOWN	at	1038378 
1042941	[4561]	:	time Target is 1042941
1043357	[416]	:	Key	71	DOWN	at	1043357 
1048261	[4904]	:	Key	71	DOWN	at	1048046 
1048261	[0]	:	Key	71	UP	at	1048156 
1051074	[2813]	:	time Target is 1051074
1051450	[376]	:	Key	71	DOWN	at	1051449 
1056414	[4964]	:	time Target is 1056414
1056813	[399]	:	Key	71	DOWN	at	1056812 
1061752	[4939]	:	time Target is 1061752
1062219	[467]	:	Key	71	DOWN	at	1062219 
1067085	[4866]	:	time Target is 1067085
1067598	[513]	:	Key	71	DOWN	at	1067597 
1072428	[4830]	:	time Target is 1072428
1073084	[656]	:	Key	71	DOWN	at	1073084 
1077762	[4678]	:	time Target is 1077762
1078123	[361]	:	Key	71	DOWN	at	1078122 
1083126	[5003]	:	time Target is 1083126
1088445	[5319]	:	time Target is 1088445
1089371	[926]	:	Key	71	DOWN	at	1089370 
1093780	[4409]	:	time Target is 1093780
1094461	[681]	:	Key	71	DOWN	at	1094461 
1099113	[4652]	:	time Target is 1099113
1099595	[482]	:	Key	71	DOWN	at	1099595 
1104439	[4844]	:	Key	71	DOWN	at	1104380 
1107267	[2828]	:	time Target is 1107267
1112596	[5329]	:	Key	71	DOWN	at	1112378 
1115410	[2814]	:	time Target is 1115410
1115869	[459]	:	Key	71	DOWN	at	1115869 
1120760	[4891]	:	time Target is 1120760
1126080	[5320]	:	time Target is 1126080
1126526	[446]	:	Key	71	DOWN	at	1126526 
1131414	[4888]	:	time Target is 1131414
1131806	[392]	:	Key	71	DOWN	at	1131806 
1136750	[4944]	:	time Target is 1136750
1137134	[384]	:	Key	71	DOWN	at	1137134 
1142086	[4952]	:	time Target is 1142086
1142428	[342]	:	Key	71	DOWN	at	1142428 
1147417	[4989]	:	time Target is 1147417
1148042	[625]	:	Key	71	DOWN	at	1148042 
1152756	[4714]	:	time Target is 1152756
1153118	[362]	:	Key	71	DOWN	at	1153117 
1158097	[4979]	:	time Target is 1158097
1158444	[347]	:	Key	71	DOWN	at	1158444 
1163429	[4985]	:	time Target is 1163429
1168749	[5320]	:	time Target is 1168749
1169147	[398]	:	Key	71	DOWN	at	1169146 
1174084	[4937]	:	time Target is 1174084
1174505	[421]	:	Key	71	DOWN	at	1174505 
1179425	[4920]	:	time Target is 1179425
1179995	[570]	:	Key	71	DOWN	at	1179994 
1184767	[4772]	:	time Target is 1184767
1190086	[5319]	:	time Target is 1190086
1195410	[5324]	:	time Target is 1195410
1195772	[362]	:	Key	71	DOWN	at	1195772 
1200746	[4974]	:	time Target is 1200746
1201132	[386]	:	Key	71	DOWN	at	1201131 
1206097	[4965]	:	time Target is 1206097
1206846	[749]	:	Key	71	DOWN	at	1206846 
1211433	[4587]	:	time Target is 1211433
1216757	[5324]	:	time Target is 1216757
1216943	[186]	:	Key	71	DOWN	at	1216942 
1222096	[5153]	:	time Target is 1222096
1222633	[537]	:	Key	71	DOWN	at	1222632 
1227435	[4802]	:	time Target is 1227435
1227835	[400]	:	Key	71	DOWN	at	1227835 
1232770	[4935]	:	time Target is 1232770
1238087	[5317]	:	time Target is 1238087
1238874	[787]	:	Key	71	DOWN	at	1238874 
1243433	[4559]	:	time Target is 1243433
1248754	[5321]	:	time Target is 1248754
1248904	[150]	:	Key	71	DOWN	at	1248904 
1254090	[5186]	:	time Target is 1254090
1259412	[5322]	:	time Target is 1259412
1259566	[154]	:	Key	71	DOWN	at	1259566 
1264747	[5181]	:	time Target is 1264747
1270070	[5323]	:	time Target is 1270070
1270588	[518]	:	Key	71	DOWN	at	1270588 
1275410	[4822]	:	time Target is 1275410
1280732	[5322]	:	time Target is 1280732
1286053	[5321]	:	time Target is 1286053
1287388	[1335]	:	Key	71	DOWN	at	1287388 
1291389	[4001]	:	time Target is 1291389
1314170	[22781]	:	Key	71	DOWN	at	1314169 
1314333	[163]	:	Key	71	UP	at	1314333 
1316986	[2653]	:	Key	71	DOWN	at	1316985 
1317770	[784]	:	Key	71	UP	at	1317097 
1318039	[269]	:	time Target is 1318039
1319053	[1014]	:	Key	71	DOWN	at	1319053 
1323374	[4321]	:	time Target is 1323374
1323770	[396]	:	Key	71	DOWN	at	1323770 
1328714	[4944]	:	time Target is 1328714
1329167	[453]	:	Key	71	DOWN	at	1329166 
1334057	[4890]	:	time Target is 1334057
1334510	[453]	:	Key	71	DOWN	at	1334509 
1339398	[4888]	:	time Target is 1339398
1344715	[5317]	:	time Target is 1344715
1345050	[335]	:	Key	71	DOWN	at	1345050 
1350047	[4997]	:	time Target is 1350047
1350858	[811]	:	Key	71	DOWN	at	1350858 
1355383	[4525]	:	time Target is 1355383
1360709	[5326]	:	time Target is 1360709
1361727	[1018]	:	Key	71	DOWN	at	1361726 
1366044	[4317]	:	time Target is 1366044
1366521	[477]	:	Key	71	DOWN	at	1366521 
1371378	[4857]	:	time Target is 1371378
1376698	[5320]	:	time Target is 1376698
1377130	[432]	:	Key	71	DOWN	at	1377130 
1382030	[4900]	:	time Target is 1382030
1387353	[5323]	:	time Target is 1387353
1387885	[532]	:	Key	71	DOWN	at	1387884 
1392693	[4808]	:	time Target is 1392693
1394044	[1351]	:	Key	71	DOWN	at	1394044 
1398038	[3994]	:	time Target is 1398038
1403365	[5327]	:	time Target is 1403365
1408693	[5328]	:	time Target is 1408693
1409406	[713]	:	Key	71	DOWN	at	1409406 
1414023	[4617]	:	time Target is 1414023
1414542	[519]	:	Key	71	DOWN	at	1414541 
1419360	[4818]	:	time Target is 1419360
1424679	[5319]	:	time Target is 1424679
1425593	[914]	:	Key	71	DOWN	at	1425593 
1430009	[4416]	:	time Target is 1430009
1431386	[1377]	:	Key	71	DOWN	at	1431386 
1435347	[3961]	:	time Target is 1435347
1435739	[392]	:	Key	71	DOWN	at	1435739 
1440687	[4948]	:	time Target is 1440687
1441193	[506]	:	Key	71	DOWN	at	1441193 
1446027	[4834]	:	time Target is 1446027
1451352	[5325]	:	time Target is 1451352
1452121	[769]	:	Key	71	DOWN	at	1452121 
1456685	[4564]	:	time Target is 1456685
1457193	[508]	:	Key	71	DOWN	at	1457193 
1462023	[4830]	:	time Target is 1462023
1467335	[5312]	:	time Target is 1467335
1468142	[807]	:	Key	71	DOWN	at	1468142 
1472674	[4532]	:	time Target is 1472674
1473502	[828]	:	Key	71	DOWN	at	1473502 
1478008	[4506]	:	time Target is 1478008
1478714	[706]	:	Key	71	DOWN	at	1478714 
1483346	[4632]	:	time Target is 1483346
1484413	[1067]	:	Key	71	DOWN	at	1484413 
1488696	[4283]	:	time Target is 1488696
1494020	[5324]	:	time Target is 1494020
1495005	[985]	:	Key	71	DOWN	at	1495004 
1499357	[4352]	:	time Target is 1499357
1504678	[5321]	:	time Target is 1504678
1505660	[982]	:	Key	71	DOWN	at	1505659 
1510014	[4354]	:	time Target is 1510014
1511308	[1294]	:	Key	71	DOWN	at	1511308 
1515375	[4067]	:	time Target is 1515375
1516188	[813]	:	Key	71	DOWN	at	1516187 
1520711	[4523]	:	time Target is 1520711
1526037	[5326]	:	time Target is 1526037
1526442	[405]	:	Key	71	DOWN	at	1526442 
1531375	[4933]	:	time Target is 1531375
1532089	[714]	:	Key	71	DOWN	at	1532089 
1536712	[4623]	:	time Target is 1536712
1538091	[1379]	:	Key	71	DOWN	at	1538091 
1542050	[3959]	:	time Target is 1542050
1547370	[5320]	:	time Target is 1547370
1548142	[772]	:	Key	71	DOWN	at	1548141 
1552708	[4566]	:	time Target is 1552708
1558030	[5322]	:	time Target is 1558030
1558702	[672]	:	Key	71	DOWN	at	1558701 
1563368	[4666]	:	time Target is 1563368
1563770	[402]	:	Key	71	DOWN	at	1563770 
1568709	[4939]	:	time Target is 1568709
1568908	[199]	:	Key	71	DOWN	at	1568907 
1574049	[5141]	:	time Target is 1574049
1574429	[380]	:	Key	71	DOWN	at	1574428 
1579386	[4957]	:	time Target is 1579386
1584717	[5331]	:	time Target is 1584717
1585210	[493]	:	Key	71	DOWN	at	1585209 
1590054	[4844]	:	time Target is 1590054
1595376	[5322]	:	time Target is 1595376
1595965	[589]	:	Key	71	DOWN	at	1595965 
1600707	[4742]	:	time Target is 1600707
1601404	[697]	:	Key	71	DOWN	at	1601404 
1606046	[4642]	:	time Target is 1606046
1606362	[316]	:	Key	71	DOWN	at	1606361 
1611379	[5017]	:	time Target is 1611379
1611982	[603]	:	Key	71	DOWN	at	1611981 
1616723	[4741]	:	time Target is 1616723
1617163	[440]	:	Key	71	DOWN	at	1617163 
1622060	[4897]	:	time Target is 1622060
1627383	[5323]	:	time Target is 1627383
1627709	[326]	:	Key	71	DOWN	at	1627708 
1632716	[5007]	:	time Target is 1632716
1638038	[5322]	:	time Target is 1638038
1638957	[919]	:	Key	71	DOWN	at	1638956 
1643383	[4426]	:	time Target is 1643383
1648706	[5323]	:	time Target is 1648706
1648842	[136]	:	Key	71	DOWN	at	1648841 
1654036	[5194]	:	Key	71	DOWN	at	1653900 
1654036	[0]	:	Key	71	UP	at	1653917 
1656855	[2819]	:	time Target is 1656855
1657226	[371]	:	Key	71	DOWN	at	1657226 
1662192	[4966]	:	time Target is 1662192
1667517	[5325]	:	time Target is 1667517
1672841	[5324]	:	time Target is 1672841
1673257	[416]	:	Key	71	DOWN	at	1673257 
1678177	[4920]	:	time Target is 1678177
1678700	[523]	:	Key	71	DOWN	at	1678699 
1683517	[4817]	:	time Target is 1683517
1688837	[5320]	:	time Target is 1688837
1690206	[1369]	:	Key	71	DOWN	at	1690206 
1694180	[3974]	:	time Target is 1694180
1694488	[308]	:	Key	71	DOWN	at	1694488 
1699520	[5032]	:	time Target is 1699520
1699902	[382]	:	Key	71	DOWN	at	1699901 
1704858	[4956]	:	time Target is 1704858
1705023	[165]	:	Key	71	DOWN	at	1705022 
1710195	[5172]	:	time Target is 1710195
1710653	[458]	:	Key	71	DOWN	at	1710653 
1715534	[4881]	:	time Target is 1715534
1715902	[368]	:	Key	71	DOWN	at	1715902 
1720865	[4963]	:	time Target is 1720865
1722121	[1256]	:	Key	71	DOWN	at	1722121 
1726210	[4089]	:	time Target is 1726210
1731532	[5322]	:	time Target is 1731532
1736853	[5321]	:	time Target is 1736853
1742183	[5330]	:	time Target is 1742183
1747512	[5329]	:	time Target is 1747512
1747530	[18]	:	Key	71	DOWN	at	1747529 
1752838	[5308]	:	time Target is 1752838
1753180	[342]	:	Key	71	DOWN	at	1753179 
1758178	[4998]	:	time Target is 1758178
1758569	[391]	:	Key	71	DOWN	at	1758569 
1763515	[4946]	:	time Target is 1763515
1763933	[418]	:	Key	71	DOWN	at	1763931 
1768850	[4917]	:	time Target is 1768850
1769321	[471]	:	Key	71	DOWN	at	1769320 
1774183	[4862]	:	time Target is 1774183
1774524	[341]	:	Key	71	DOWN	at	1774524 
1779518	[4994]	:	time Target is 1779518
1779902	[384]	:	Key	71	DOWN	at	1779902 
1784860	[4958]	:	time Target is 1784860
1785230	[370]	:	Key	71	DOWN	at	1785229 
1790200	[4970]	:	time Target is 1790200
1791020	[820]	:	Key	71	DOWN	at	1791020 
1794503	[3483]	:	Key	71	UP	at	1791098 
1809038	[14535]	:	Key	71	DOWN	at	1809038 
1809827	[789]	:	Key	71	UP	at	1809179 
1810091	[264]	:	time Target is 1810091
1810494	[403]	:	Key	71	DOWN	at	1810493 
1815429	[4935]	:	time Target is 1815429
1816379	[950]	:	Key	71	DOWN	at	1816379 
1820765	[4386]	:	time Target is 1820765
1821132	[367]	:	Key	71	DOWN	at	1821132 
1826098	[4966]	:	time Target is 1826098
1826492	[394]	:	Key	71	DOWN	at	1826491 
1831435	[4943]	:	time Target is 1831435
1832041	[606]	:	Key	71	DOWN	at	1832041 
1836772	[4731]	:	time Target is 1836772
1837339	[567]	:	Key	71	DOWN	at	1837339 
1841848	[4509]	:	Key	71	DOWN	at	1841724 
1841848	[0]	:	Key	71	UP	at	1841837 
1844661	[2813]	:	time Target is 1844661
1845102	[441]	:	Key	71	DOWN	at	1845101 
1849999	[4897]	:	time Target is 1849999
1850396	[397]	:	Key	71	DOWN	at	1850395 
1855337	[4941]	:	time Target is 1855337
1855721	[384]	:	Key	71	DOWN	at	1855721 
1860691	[4970]	:	time Target is 1860691
1866036	[5345]	:	time Target is 1866036
1866490	[454]	:	Key	71	DOWN	at	1866489 
1871376	[4886]	:	time Target is 1871376
1876721	[5345]	:	time Target is 1876721
1877551	[830]	:	Key	71	DOWN	at	1877550 
1882062	[4511]	:	time Target is 1882062
1882475	[413]	:	Key	71	DOWN	at	1882475 
1887399	[4924]	:	time Target is 1887399
1887801	[402]	:	Key	71	DOWN	at	1887801 
1892739	[4938]	:	time Target is 1892739
1893244	[505]	:	Key	71	DOWN	at	1893244 
1898082	[4838]	:	time Target is 1898082
1903405	[5323]	:	time Target is 1903405
1908731	[5326]	:	time Target is 1908731
1914053	[5322]	:	time Target is 1914053
1914475	[422]	:	Key	71	DOWN	at	1914474 
1919385	[4910]	:	time Target is 1919385
1924711	[5326]	:	time Target is 1924711
1925193	[482]	:	Key	71	DOWN	at	1925193 
1930046	[4853]	:	time Target is 1930046
1930829	[783]	:	Key	71	DOWN	at	1930828 
1935389	[4560]	:	time Target is 1935389
1935817	[428]	:	Key	71	DOWN	at	1935817 
1940725	[4908]	:	time Target is 1940725
1941757	[1032]	:	Key	71	DOWN	at	1941756 
1946063	[4306]	:	time Target is 1946063
1946458	[395]	:	Key	71	DOWN	at	1946457 
1951399	[4941]	:	time Target is 1951399
1951818	[419]	:	Key	71	DOWN	at	1951817 
1956737	[4919]	:	time Target is 1956737
1957437	[700]	:	Key	71	DOWN	at	1957436 
1962074	[4637]	:	time Target is 1962074
1962844	[770]	:	Key	71	DOWN	at	1962844 
1967412	[4568]	:	time Target is 1967412
1972759	[5347]	:	time Target is 1972759
1978082	[5323]	:	time Target is 1978082
1978540	[458]	:	Key	71	DOWN	at	1978540 
1983419	[4879]	:	time Target is 1983419
1983774	[355]	:	Key	71	DOWN	at	1983773 
1988491	[4717]	:	Key	71	DOWN	at	1987771 
1988492	[1]	:	Key	71	UP	at	1987866 
1991307	[2815]	:	time Target is 1991307
1991773	[466]	:	Key	71	DOWN	at	1991773 
1996646	[4873]	:	time Target is 1996646
2001724	[5078]	:	Key	71	DOWN	at	2001690 
2004535	[2811]	:	time Target is 2004535
2005660	[1125]	:	Key	71	DOWN	at	2005660 
2009896	[4236]	:	time Target is 2009896
2009983	[87]	:	Key	71	DOWN	at	2009982 
2015230	[5247]	:	time Target is 2015230
2015388	[158]	:	Key	71	DOWN	at	2015387 
2020560	[5172]	:	time Target is 2020560
2025884	[5324]	:	time Target is 2025884
2026922	[1038]	:	Key	71	DOWN	at	2026921 
2031225	[4303]	:	time Target is 2031225
2032010	[785]	:	Key	71	DOWN	at	2032010 
2036564	[4554]	:	time Target is 2036564
2041891	[5327]	:	time Target is 2041891
2042524	[633]	:	Key	71	DOWN	at	2042524 
2047225	[4701]	:	Key	71	DOWN	at	2047165 
2050042	[2817]	:	time Target is 2050042
2050574	[532]	:	Key	71	DOWN	at	2050572 
2055375	[4801]	:	time Target is 2055375
2055786	[411]	:	Key	71	DOWN	at	2055786 
2060702	[4916]	:	time Target is 2060702
2061081	[379]	:	Key	71	DOWN	at	2061081 
2066040	[4959]	:	time Target is 2066040
2066730	[690]	:	Key	71	DOWN	at	2066728 
2071382	[4652]	:	time Target is 2071382
2071774	[392]	:	Key	71	DOWN	at	2071774 
2076734	[4960]	:	time Target is 2076734
2077114	[380]	:	Key	71	DOWN	at	2077114 
2082059	[4945]	:	time Target is 2082059
2087377	[5318]	:	time Target is 2087377
2092694	[5317]	:	time Target is 2092694
2093690	[996]	:	Key	71	DOWN	at	2093688 
2098035	[4345]	:	time Target is 2098035
2098732	[697]	:	Key	71	DOWN	at	2098731 
2103365	[4633]	:	time Target is 2103365
2104313	[948]	:	Key	71	DOWN	at	2104313 
2108705	[4392]	:	time Target is 2108705
2114044	[5339]	:	time Target is 2114044
2114363	[319]	:	Key	71	DOWN	at	2114363 
2119119	[4756]	:	Key	71	DOWN	at	2119004 
2119120	[1]	:	Key	71	UP	at	2119116 
2121935	[2815]	:	time Target is 2121935
2122347	[412]	:	Key	71	DOWN	at	2122346 
2127280	[4933]	:	time Target is 2127280
2132602	[5322]	:	time Target is 2132602
2133229	[627]	:	Key	71	DOWN	at	2133228 
2137943	[4714]	:	time Target is 2137943
2138346	[403]	:	Key	71	DOWN	at	2138345 
2143284	[4938]	:	time Target is 2143284
2148608	[5324]	:	time Target is 2148608
2149098	[490]	:	Key	71	DOWN	at	2149097 
2153945	[4847]	:	time Target is 2153945
2154618	[673]	:	Key	71	DOWN	at	2154618 
2159282	[4664]	:	time Target is 2159282
2164604	[5322]	:	time Target is 2164604
2165469	[865]	:	Key	71	DOWN	at	2165469 
2169929	[4460]	:	time Target is 2169929
2170429	[500]	:	Key	71	DOWN	at	2170428 
2175270	[4841]	:	time Target is 2175270
2176269	[999]	:	Key	71	DOWN	at	2176269 
2180635	[4366]	:	time Target is 2180635
2181133	[498]	:	Key	71	DOWN	at	2181133 
2185959	[4826]	:	time Target is 2185959
2186382	[423]	:	Key	71	DOWN	at	2186382 
2191295	[4913]	:	time Target is 2191295
2196621	[5326]	:	time Target is 2196621
2201946	[5325]	:	time Target is 2201946
2202364	[418]	:	Key	71	DOWN	at	2202363 
2207287	[4923]	:	time Target is 2207287
2207707	[420]	:	Key	71	DOWN	at	2207706 
2212627	[4920]	:	time Target is 2212627
2213468	[841]	:	Key	71	DOWN	at	2213468 
2217969	[4501]	:	time Target is 2217969
2218811	[842]	:	Key	71	DOWN	at	2218811 
2223298	[4487]	:	Key	71	DOWN	at	2223084 
2223298	[0]	:	Key	71	UP	at	2223179 
2226107	[2809]	:	time Target is 2226107
2226588	[481]	:	Key	71	DOWN	at	2226588 
2231449	[4861]	:	time Target is 2231449
2236769	[5320]	:	time Target is 2236769
2242091	[5322]	:	time Target is 2242091
2242476	[385]	:	Key	71	DOWN	at	2242475 
2247425	[4949]	:	time Target is 2247425
2252750	[5325]	:	time Target is 2252750
2253085	[335]	:	Key	71	DOWN	at	2253085 
2258089	[5004]	:	time Target is 2258089
2259021	[932]	:	Key	71	DOWN	at	2259021 
2263427	[4406]	:	time Target is 2263427
2263854	[427]	:	Key	71	DOWN	at	2263854 
2268763	[4909]	:	time Target is 2268763
2286974	[18211]	:	Key	71	DOWN	at	2286973 
2287098	[124]	:	Key	71	UP	at	2287096 
2303038	[15940]	:	Key	71	DOWN	at	2303037 
2303115	[77]	:	Key	71	UP	at	2303114 
2305914	[2799]	:	Key	28	DOWN	at	2305914 
2306060	[146]	:	Key	28	UP	at	2306059 
2313708	[7648]	:	Key	28	DOWN	at	2313707 
2313820	[112]	:	Key	28	UP	at	2313820 
2320111	[6291]	:	Key	28	DOWN	at	2320110 
2320251	[140]	:	Key	28	UP	at	2320251 
2324445	[4194]	:	Key	28	DOWN	at	2324445 
2324586	[141]	:	Key	28	UP	at	2324585 
2329967	[5381]	:	Key	29	DOWN	at	2329966 
2330109	[142]	:	Key	29	UP	at	2330109 
2333485	[3376]	:	Key	29	DOWN	at	2333485 
2333627	[142]	:	Key	29	UP	at	2333626 
2335403	[1776]	:	Key	29	DOWN	at	2335402 
2335517	[114]	:	Key	29	UP	at	2335517 
2338492	[2975]	:	Key	29	DOWN	at	2338492 
2338622	[130]	:	Key	29	UP	at	2338622 
2344557	[5935]	:	Key	28	DOWN	at	2344557 
2344650	[93]	:	Key	28	UP	at	2344649 
2348684	[4034]	:	Key	28	DOWN	at	2348683 
2348778	[94]	:	Key	28	UP	at	2348777 
2351183	[2405]	:	Key	29	DOWN	at	2351182 
2351341	[158]	:	Key	29	UP	at	2351340 
2354186	[2845]	:	Key	29	DOWN	at	2354186 
2354316	[130]	:	Key	29	UP	at	2354316 
2358734	[4418]	:	Key	29	DOWN	at	2358733 
2358877	[143]	:	Key	29	UP	at	2358876 
2360446	[1569]	:	Key	29	DOWN	at	2360446 
2360573	[127]	:	Key	29	UP	at	2360573 
2364173	[3600]	:	Key	28	DOWN	at	2364173 
2364314	[141]	:	Key	28	UP	at	2364313 
2365389	[1075]	:	Key	28	DOWN	at	2365389 
2365439	[50]	:	COGENT STOP
