Cog2000 log file Wed Oct 09 14:20:27 2019
gprim v1.33 Compiled:Aug 12 2015 (GLib DirectDraw v7 DX12.0 Compiled:Aug 12 2015)
Display:1024x768x32 59.99Hz
Attaching C:\Program Files\Cogent2000v1.33\Toolbox\CogInput.mexw64
CogInput v1.05 Compiled: May 20 2010
7	[7]	:	COGENT START
8727	[8720]	:	Key	71	DOWN	at	8724    
8804	[77]	:	Key	71	UP	at	8803    
34531	[25727]	:	Key	71	DOWN	at	34530   
34657	[126]	:	Key	71	UP	at	34657   
39493	[4836]	:	Key	71	DOWN	at	39489   
39603	[110]	:	Key	71	UP	at	39603   
52382	[12779]	:	Key	71	DOWN	at	52382   
52481	[99]	:	Key	71	UP	at	52481   
70670	[18189]	:	Key	71	DOWN	at	70670   
70804	[134]	:	Key	71	UP	at	70803   
90786	[19982]	:	Key	71	DOWN	at	90785   
91908	[1122]	:	time Target is 91810
92576	[668]	:	Key	71	DOWN	at	92575   
97986	[5410]	:	time Target is 97984
104114	[6128]	:	time Target is 104112
104787	[673]	:	Key	71	DOWN	at	104787  
110218	[5431]	:	time Target is 110217
110738	[520]	:	Key	71	DOWN	at	110737  
116340	[5602]	:	time Target is 116329
117073	[733]	:	Key	71	DOWN	at	117073  
129425	[12352]	:	Key	71	DOWN	at	129425  
130490	[1065]	:	time Target is 130489
136821	[6331]	:	time Target is 136820
143151	[6330]	:	time Target is 143150
149481	[6330]	:	time Target is 149480
169936	[20455]	:	Key	71	DOWN	at	169936  
170019	[83]	:	Key	71	UP	at	170018  
174724	[4705]	:	Key	71	DOWN	at	174723  
174785	[61]	:	Key	71	UP	at	174784  
179841	[5056]	:	Key	71	DOWN	at	179841  
179923	[82]	:	Key	71	UP	at	179923  
188884	[8961]	:	Key	71	DOWN	at	188884  
189009	[125]	:	Key	71	UP	at	189008  
193491	[4482]	:	Key	71	DOWN	at	193491  
194460	[969]	:	time Target is 194460
199547	[5087]	:	time Target is 199547
200402	[855]	:	Key	71	DOWN	at	200402  
204647	[4245]	:	time Target is 204647
205494	[847]	:	Key	71	DOWN	at	205492  
209751	[4257]	:	time Target is 209751
210623	[872]	:	Key	71	DOWN	at	210623  
214059	[3436]	:	Key	71	UP	at	210783  
223443	[9384]	:	Key	71	DOWN	at	223443  
223572	[129]	:	Key	71	UP	at	223571  
226993	[3421]	:	Key	71	DOWN	at	226992  
227787	[794]	:	Key	71	UP	at	227107  
227807	[20]	:	time Target is 227806
232898	[5091]	:	time Target is 232898
237971	[5073]	:	time Target is 237971
243044	[5073]	:	time Target is 243044
248116	[5072]	:	time Target is 248116
253192	[5076]	:	time Target is 253192
260225	[7033]	:	Key	71	DOWN	at	260224  
261016	[791]	:	Key	71	UP	at	260319  
261038	[22]	:	time Target is 261038
261616	[578]	:	Key	71	DOWN	at	261616  
265336	[3720]	:	Key	71	UP	at	261747  
273807	[8471]	:	Key	71	DOWN	at	273807  
273983	[176]	:	Key	71	UP	at	273982  
277059	[3076]	:	Key	71	DOWN	at	277059  
277850	[791]	:	Key	71	UP	at	277166  
277873	[23]	:	time Target is 277873
282948	[5075]	:	time Target is 282948
283601	[653]	:	Key	71	DOWN	at	283600  
288042	[4441]	:	time Target is 288042
289075	[1033]	:	Key	71	DOWN	at	289075  
293128	[4053]	:	time Target is 293128
293790	[662]	:	Key	71	DOWN	at	293790  
297418	[3628]	:	Key	71	UP	at	293918  
305310	[7892]	:	Key	71	DOWN	at	305310  
305475	[165]	:	Key	71	UP	at	305475  
307907	[2432]	:	Key	71	DOWN	at	307906  
308696	[789]	:	Key	71	UP	at	307953  
308719	[23]	:	time Target is 308718
310144	[1425]	:	Key	71	DOWN	at	310144  
313805	[3661]	:	time Target is 313805
318882	[5077]	:	time Target is 318882
323956	[5074]	:	time Target is 323956
336945	[12989]	:	Key	71	DOWN	at	336945  
337091	[146]	:	Key	71	UP	at	337091  
352736	[15645]	:	Key	71	DOWN	at	352736  
352866	[130]	:	Key	71	UP	at	352866  
368479	[15613]	:	Key	71	DOWN	at	368479  
368579	[100]	:	Key	71	UP	at	368578  
408996	[40417]	:	Key	71	DOWN	at	408996  
409043	[47]	:	Key	71	UP	at	409043  
410051	[1008]	:	Key	71	DOWN	at	410050  
412658	[2607]	:	time Target is 412658
413460	[802]	:	Key	71	DOWN	at	413459  
418003	[4543]	:	time Target is 418003
423343	[5340]	:	time Target is 423343
424369	[1026]	:	Key	71	DOWN	at	424369  
428704	[4335]	:	time Target is 428704
429249	[545]	:	Key	71	DOWN	at	429249  
434054	[4805]	:	time Target is 434054
439433	[5379]	:	time Target is 439433
444751	[5318]	:	time Target is 444751
450074	[5323]	:	time Target is 450074
450675	[601]	:	Key	71	DOWN	at	450675  
455415	[4740]	:	time Target is 455415
460739	[5324]	:	time Target is 460739
461536	[797]	:	Key	71	DOWN	at	461536  
466085	[4549]	:	time Target is 466085
467568	[1483]	:	Key	71	DOWN	at	467567  
471417	[3849]	:	time Target is 471417
472099	[682]	:	Key	71	DOWN	at	472099  
476752	[4653]	:	time Target is 476752
482088	[5336]	:	time Target is 482088
482627	[539]	:	Key	71	DOWN	at	482627  
487431	[4804]	:	time Target is 487431
487968	[537]	:	Key	71	DOWN	at	487967  
492763	[4795]	:	time Target is 492763
493347	[584]	:	Key	71	DOWN	at	493346  
498106	[4759]	:	time Target is 498106
503427	[5321]	:	time Target is 503427
508808	[5381]	:	time Target is 508808
509278	[470]	:	Key	71	DOWN	at	509278  
514144	[4866]	:	time Target is 514144
519465	[5321]	:	time Target is 519465
519892	[427]	:	Key	71	DOWN	at	519890  
524805	[4913]	:	time Target is 524805
525169	[364]	:	Key	71	DOWN	at	525168  
530138	[4969]	:	time Target is 530138
530848	[710]	:	Key	71	DOWN	at	530848  
535480	[4632]	:	time Target is 535480
536834	[1354]	:	Key	71	DOWN	at	536834  
540817	[3983]	:	time Target is 540817
541234	[417]	:	Key	71	DOWN	at	541234  
546155	[4921]	:	time Target is 546155
551476	[5321]	:	time Target is 551476
556797	[5321]	:	time Target is 556797
557155	[358]	:	Key	71	DOWN	at	557154  
562131	[4976]	:	time Target is 562131
567452	[5321]	:	time Target is 567452
568210	[758]	:	Key	71	DOWN	at	568209  
572791	[4581]	:	time Target is 572791
573200	[409]	:	Key	71	DOWN	at	573200  
578149	[4949]	:	time Target is 578149
583475	[5326]	:	time Target is 583475
583791	[316]	:	Key	71	DOWN	at	583791  
588812	[5021]	:	time Target is 588812
589250	[438]	:	Key	71	DOWN	at	589249  
594146	[4896]	:	time Target is 594146
599473	[5327]	:	time Target is 599473
604791	[5318]	:	time Target is 604791
605459	[668]	:	Key	71	DOWN	at	605458  
610149	[4690]	:	time Target is 610149
610499	[350]	:	Key	71	DOWN	at	610498  
615488	[4989]	:	time Target is 615488
615843	[355]	:	Key	71	DOWN	at	615843  
620827	[4984]	:	time Target is 620827
621186	[359]	:	Key	71	DOWN	at	621185  
626164	[4978]	:	time Target is 626164
631486	[5322]	:	time Target is 631486
636807	[5321]	:	time Target is 636807
642127	[5320]	:	time Target is 642127
647463	[5336]	:	time Target is 647463
648000	[537]	:	Key	71	DOWN	at	647999  
652802	[4802]	:	time Target is 652802
658124	[5322]	:	time Target is 658124
663483	[5359]	:	time Target is 663483
663812	[329]	:	Key	71	DOWN	at	663811  
668844	[5032]	:	time Target is 668844
669329	[485]	:	Key	71	DOWN	at	669329  
674180	[4851]	:	time Target is 674180
679503	[5323]	:	time Target is 679503
684828	[5325]	:	time Target is 684828
685312	[484]	:	Key	71	DOWN	at	685311  
690157	[4845]	:	time Target is 690157
691268	[1111]	:	Key	71	DOWN	at	691267  
695493	[4225]	:	time Target is 695493
700814	[5321]	:	time Target is 700814
701102	[288]	:	Key	71	DOWN	at	701102  
706155	[5053]	:	time Target is 706155
706449	[294]	:	Key	71	DOWN	at	706449  
711485	[5036]	:	time Target is 711485
711939	[454]	:	Key	71	DOWN	at	711939  
716827	[4888]	:	time Target is 716827
717280	[453]	:	Key	71	DOWN	at	717280  
722164	[4884]	:	time Target is 722164
722547	[383]	:	Key	71	DOWN	at	722546  
727502	[4955]	:	time Target is 727502
727922	[420]	:	Key	71	DOWN	at	727921  
732845	[4923]	:	time Target is 732845
733487	[642]	:	Key	71	DOWN	at	733487  
738182	[4695]	:	time Target is 738182
738464	[282]	:	Key	71	DOWN	at	738463  
743512	[5048]	:	time Target is 743512
743828	[316]	:	Key	71	DOWN	at	743828  
748849	[5021]	:	time Target is 748849
754173	[5324]	:	time Target is 754173
754545	[372]	:	Key	71	DOWN	at	754544  
759509	[4964]	:	time Target is 759509
759824	[315]	:	Key	71	DOWN	at	759823  
764851	[5027]	:	time Target is 764851
765218	[367]	:	Key	71	DOWN	at	765217  
770186	[4968]	:	time Target is 770186
770499	[313]	:	Key	71	DOWN	at	770498  
775528	[5029]	:	time Target is 775528
775969	[441]	:	Key	71	DOWN	at	775969  
780874	[4905]	:	time Target is 780874
781216	[342]	:	Key	71	DOWN	at	781216  
786210	[4994]	:	time Target is 786210
791532	[5322]	:	time Target is 791532
796898	[5366]	:	time Target is 796898
797234	[336]	:	Key	71	DOWN	at	797234  
802231	[4997]	:	time Target is 802231
802594	[363]	:	Key	71	DOWN	at	802594  
807564	[4970]	:	time Target is 807564
807936	[372]	:	Key	71	DOWN	at	807935  
812902	[4966]	:	time Target is 812902
813248	[346]	:	Key	71	DOWN	at	813247  
818246	[4998]	:	time Target is 818246
818611	[365]	:	Key	71	DOWN	at	818611  
823579	[4968]	:	time Target is 823579
824000	[421]	:	Key	71	DOWN	at	824000  
828914	[4914]	:	time Target is 828914
834247	[5333]	:	time Target is 834247
839570	[5323]	:	time Target is 839570
839860	[290]	:	Key	71	DOWN	at	839859  
844908	[5048]	:	time Target is 844908
845136	[228]	:	Key	71	DOWN	at	845136  
850248	[5112]	:	time Target is 850248
851649	[1401]	:	Key	71	DOWN	at	851648  
855584	[3935]	:	time Target is 855584
855893	[309]	:	Key	71	DOWN	at	855892  
860917	[5024]	:	time Target is 860917
866236	[5319]	:	time Target is 866236
867074	[838]	:	Key	71	DOWN	at	867074  
871564	[4490]	:	time Target is 871564
876883	[5319]	:	time Target is 876883
877311	[428]	:	Key	71	DOWN	at	877311  
882219	[4908]	:	time Target is 882219
882527	[308]	:	Key	71	DOWN	at	882527  
887578	[5051]	:	time Target is 887578
887875	[297]	:	Key	71	DOWN	at	887875  
891883	[4008]	:	Key	71	UP	at	888016  
896499	[4616]	:	Key	71	DOWN	at	896499  
897293	[794]	:	Key	71	UP	at	896558  
897563	[270]	:	time Target is 897563
897984	[421]	:	Key	71	DOWN	at	897984  
902901	[4917]	:	time Target is 902901
908246	[5345]	:	time Target is 908246
913569	[5323]	:	time Target is 913569
913957	[388]	:	Key	71	DOWN	at	913956  
918927	[4970]	:	time Target is 918927
919250	[323]	:	Key	71	DOWN	at	919249  
924278	[5028]	:	time Target is 924278
924641	[363]	:	Key	71	DOWN	at	924641  
929610	[4969]	:	time Target is 929610
929985	[375]	:	Key	71	DOWN	at	929985  
934946	[4961]	:	time Target is 934946
940265	[5319]	:	time Target is 940265
940670	[405]	:	Key	71	DOWN	at	940670  
945601	[4931]	:	time Target is 945601
950976	[5375]	:	time Target is 950976
951345	[369]	:	Key	71	DOWN	at	951344  
956318	[4973]	:	time Target is 956318
956851	[533]	:	Key	71	DOWN	at	956850  
961651	[4800]	:	time Target is 961651
962018	[367]	:	Key	71	DOWN	at	962017  
966988	[4970]	:	time Target is 966988
967299	[311]	:	Key	71	DOWN	at	967299  
972326	[5027]	:	time Target is 972326
972803	[477]	:	Key	71	DOWN	at	972803  
977660	[4857]	:	time Target is 977660
977956	[296]	:	Key	71	DOWN	at	977956  
982997	[5041]	:	time Target is 982997
983267	[270]	:	Key	71	DOWN	at	983267  
988335	[5068]	:	time Target is 988335
993655	[5320]	:	time Target is 993655
994112	[457]	:	Key	71	DOWN	at	994112  
998997	[4885]	:	time Target is 998997
999457	[460]	:	Key	71	DOWN	at	999457  
1004338	[4881]	:	time Target is 1004338
1009659	[5321]	:	time Target is 1009659
1009969	[310]	:	Key	71	DOWN	at	1009969 
1014997	[5028]	:	time Target is 1014997
1015343	[346]	:	Key	71	DOWN	at	1015343 
1020335	[4992]	:	time Target is 1020335
1020707	[372]	:	Key	71	DOWN	at	1020707 
1025662	[4955]	:	time Target is 1025662
1026002	[340]	:	Key	71	DOWN	at	1026002 
1030997	[4995]	:	time Target is 1030997
1036318	[5321]	:	time Target is 1036318
1036640	[322]	:	Key	71	DOWN	at	1036640 
1041646	[5006]	:	time Target is 1041646
1042897	[1251]	:	Key	71	DOWN	at	1042897 
1046992	[4095]	:	time Target is 1046992
1047265	[273]	:	Key	71	DOWN	at	1047263 
1052338	[5073]	:	time Target is 1052338
1052661	[323]	:	Key	71	DOWN	at	1052660 
1057684	[5023]	:	time Target is 1057684
1058032	[348]	:	Key	71	DOWN	at	1058031 
1063026	[4994]	:	time Target is 1063026
1063346	[320]	:	Key	71	DOWN	at	1063345 
1068367	[5021]	:	time Target is 1068367
1068787	[420]	:	Key	71	DOWN	at	1068787 
1073704	[4917]	:	time Target is 1073704
1074031	[327]	:	Key	71	DOWN	at	1074031 
1079040	[5009]	:	time Target is 1079040
1079379	[339]	:	Key	71	DOWN	at	1079378 
1084384	[5005]	:	time Target is 1084384
1089714	[5330]	:	time Target is 1089714
1095062	[5348]	:	time Target is 1095062
1095184	[122]	:	Key	71	DOWN	at	1095183 
1100397	[5213]	:	time Target is 1100397
1100462	[65]	:	Key	71	DOWN	at	1100462 
1105734	[5272]	:	time Target is 1105734
1106066	[332]	:	Key	71	DOWN	at	1106065 
1111070	[5004]	:	time Target is 1111070
1111315	[245]	:	Key	71	DOWN	at	1111315 
1116408	[5093]	:	time Target is 1116408
1117123	[715]	:	Key	71	DOWN	at	1117123 
1121742	[4619]	:	time Target is 1121742
1127069	[5327]	:	time Target is 1127069
1132400	[5331]	:	time Target is 1132400
1132608	[208]	:	Key	71	DOWN	at	1132608 
1137737	[5129]	:	time Target is 1137737
1138402	[665]	:	Key	71	DOWN	at	1138402 
1143082	[4680]	:	time Target is 1143082
1148412	[5330]	:	time Target is 1148412
1153738	[5326]	:	time Target is 1153738
1154066	[328]	:	Key	71	DOWN	at	1154065 
1159075	[5009]	:	time Target is 1159075
1159233	[158]	:	Key	71	DOWN	at	1159232 
1164420	[5187]	:	time Target is 1164420
1165200	[780]	:	Key	71	DOWN	at	1165200 
1169750	[4550]	:	time Target is 1169750
1169955	[205]	:	Key	71	DOWN	at	1169954 
1175090	[5135]	:	time Target is 1175090
1180419	[5329]	:	time Target is 1180419
1180689	[270]	:	Key	71	DOWN	at	1180689 
1185755	[5066]	:	time Target is 1185755
1186079	[324]	:	Key	71	DOWN	at	1186079 
1191096	[5017]	:	time Target is 1191096
1191410	[314]	:	Key	71	DOWN	at	1191409 
1196446	[5036]	:	time Target is 1196446
1201769	[5323]	:	time Target is 1201769
1202291	[522]	:	Key	71	DOWN	at	1202291 
1207108	[4817]	:	time Target is 1207108
1207618	[510]	:	Key	71	DOWN	at	1207617 
1212450	[4832]	:	time Target is 1212450
1212784	[334]	:	Key	71	DOWN	at	1212783 
1217789	[5005]	:	time Target is 1217789
1218274	[485]	:	Key	71	DOWN	at	1218273 
1223129	[4855]	:	time Target is 1223129
1228465	[5336]	:	time Target is 1228465
1228724	[259]	:	Key	71	DOWN	at	1228724 
1233876	[5152]	:	time Target is 1233876
1234512	[636]	:	Key	71	DOWN	at	1234511 
1239225	[4713]	:	time Target is 1239225
1244546	[5321]	:	time Target is 1244546
1244962	[416]	:	Key	71	DOWN	at	1244961 
1249884	[4922]	:	time Target is 1249884
1255212	[5328]	:	time Target is 1255212
1255504	[292]	:	Key	71	DOWN	at	1255503 
1260560	[5056]	:	time Target is 1260560
1260627	[67]	:	Key	71	DOWN	at	1260627 
1265903	[5276]	:	time Target is 1265903
1266209	[306]	:	Key	71	DOWN	at	1266208 
1271252	[5043]	:	time Target is 1271252
1276579	[5327]	:	time Target is 1276579
1276786	[207]	:	Key	71	DOWN	at	1276785 
1281919	[5133]	:	time Target is 1281919
1282241	[322]	:	Key	71	DOWN	at	1282241 
1287256	[5015]	:	time Target is 1287256
1287507	[251]	:	Key	71	DOWN	at	1287507 
1292599	[5092]	:	time Target is 1292599
1292868	[269]	:	Key	71	DOWN	at	1292867 
1297933	[5065]	:	time Target is 1297933
1298257	[324]	:	Key	71	DOWN	at	1298257 
1303271	[5014]	:	time Target is 1303271
1303490	[219]	:	Key	71	DOWN	at	1303489 
1308647	[5157]	:	time Target is 1308647
1309268	[621]	:	Key	71	DOWN	at	1309268 
1313982	[4714]	:	time Target is 1313982
1319303	[5321]	:	time Target is 1319303
1319700	[397]	:	Key	71	DOWN	at	1319700 
1324635	[4935]	:	time Target is 1324635
1329963	[5328]	:	time Target is 1329963
1330322	[359]	:	Key	71	DOWN	at	1330322 
1335302	[4980]	:	time Target is 1335302
1335842	[540]	:	Key	71	DOWN	at	1335841 
1340640	[4798]	:	time Target is 1340640
1340994	[354]	:	Key	71	DOWN	at	1340994 
1345981	[4987]	:	time Target is 1345981
1346256	[275]	:	Key	71	DOWN	at	1346256 
1351317	[5061]	:	time Target is 1351317
1351653	[336]	:	Key	71	DOWN	at	1351652 
1356658	[5005]	:	time Target is 1356658
1356945	[287]	:	Key	71	DOWN	at	1356944 
1362003	[5058]	:	time Target is 1362003
1362288	[285]	:	Key	71	DOWN	at	1362287 
1367343	[5055]	:	time Target is 1367343
1367540	[197]	:	Key	71	DOWN	at	1367540 
1372680	[5140]	:	time Target is 1372680
1372912	[232]	:	Key	71	DOWN	at	1372912 
1376997	[4085]	:	Key	71	UP	at	1373060 
1381971	[4974]	:	Key	71	DOWN	at	1381971 
1382018	[47]	:	Key	71	UP	at	1382018 
1387103	[5085]	:	Key	71	DOWN	at	1387103 
1387899	[796]	:	Key	71	UP	at	1387217 
1388168	[269]	:	time Target is 1388168
1388675	[507]	:	Key	71	DOWN	at	1388675 
1393503	[4828]	:	time Target is 1393503
1398842	[5339]	:	time Target is 1398842
1404162	[5320]	:	time Target is 1404162
1409482	[5320]	:	time Target is 1409482
1410031	[549]	:	Key	71	DOWN	at	1410031 
1414824	[4793]	:	time Target is 1414824
1415216	[392]	:	Key	71	DOWN	at	1415215 
1420168	[4952]	:	time Target is 1420168
1425491	[5323]	:	time Target is 1425491
1425890	[399]	:	Key	71	DOWN	at	1425889 
1430828	[4938]	:	time Target is 1430828
1431283	[455]	:	Key	71	DOWN	at	1431283 
1436168	[4885]	:	time Target is 1436168
1441505	[5337]	:	time Target is 1441505
1441828	[323]	:	Key	71	DOWN	at	1441828 
1446844	[5016]	:	time Target is 1446844
1452163	[5319]	:	time Target is 1452163
1452561	[398]	:	Key	71	DOWN	at	1452560 
1457501	[4940]	:	time Target is 1457501
1457861	[360]	:	Key	71	DOWN	at	1457860 
1462845	[4984]	:	time Target is 1462845
1463199	[354]	:	Key	71	DOWN	at	1463199 
1468186	[4987]	:	time Target is 1468186
1468480	[294]	:	Key	71	DOWN	at	1468479 
1473527	[5047]	:	time Target is 1473527
1473890	[363]	:	Key	71	DOWN	at	1473890 
1478904	[5014]	:	time Target is 1478904
1484234	[5330]	:	time Target is 1484234
1489552	[5318]	:	time Target is 1489552
1489954	[402]	:	Key	71	DOWN	at	1489954 
1494904	[4950]	:	time Target is 1494904
1500232	[5328]	:	time Target is 1500232
1505555	[5323]	:	time Target is 1505555
1506288	[733]	:	Key	71	DOWN	at	1506288 
1510885	[4597]	:	time Target is 1510885
1516206	[5321]	:	time Target is 1516206
1521534	[5328]	:	time Target is 1521534
1522034	[500]	:	Key	71	DOWN	at	1522033 
1526876	[4842]	:	time Target is 1526876
1527104	[228]	:	Key	71	DOWN	at	1527104 
1532215	[5111]	:	time Target is 1532215
1532480	[265]	:	Key	71	DOWN	at	1532479 
1537553	[5073]	:	time Target is 1537553
1542878	[5325]	:	time Target is 1542878
1544177	[1299]	:	Key	71	DOWN	at	1544177 
1548214	[4037]	:	time Target is 1548214
1548626	[412]	:	Key	71	DOWN	at	1548626 
1553552	[4926]	:	time Target is 1553552
1554803	[1251]	:	Key	71	DOWN	at	1554802 
1558897	[4094]	:	time Target is 1558897
1559153	[256]	:	Key	71	DOWN	at	1559152 
1564234	[5081]	:	time Target is 1564234
1569615	[5381]	:	time Target is 1569615
1570114	[499]	:	Key	71	DOWN	at	1570113 
1574956	[4842]	:	time Target is 1574956
1575284	[328]	:	Key	71	DOWN	at	1575284 
1580287	[5003]	:	time Target is 1580287
1580549	[262]	:	Key	71	DOWN	at	1580548 
1585624	[5075]	:	time Target is 1585624
1590946	[5322]	:	time Target is 1590946
1592037	[1091]	:	Key	71	DOWN	at	1592036 
1596287	[4250]	:	time Target is 1596287
1601609	[5322]	:	time Target is 1601609
1606929	[5320]	:	time Target is 1606929
1612253	[5324]	:	time Target is 1612253
1612900	[647]	:	Key	71	DOWN	at	1612900 
1617596	[4696]	:	time Target is 1617596
1622918	[5322]	:	time Target is 1622918
1623588	[670]	:	Key	71	DOWN	at	1623588 
1628248	[4660]	:	time Target is 1628248
1633570	[5322]	:	time Target is 1633570
1638901	[5331]	:	time Target is 1638901
1639247	[346]	:	Key	71	DOWN	at	1639247 
1644244	[4997]	:	time Target is 1644244
1649569	[5325]	:	time Target is 1649569
1654896	[5327]	:	time Target is 1654896
1656306	[1410]	:	Key	71	DOWN	at	1656306 
1660234	[3928]	:	time Target is 1660234
1660722	[488]	:	Key	71	DOWN	at	1660722 
1665562	[4840]	:	time Target is 1665562
1665956	[394]	:	Key	71	DOWN	at	1665956 
1670905	[4949]	:	time Target is 1670905
1676221	[5316]	:	time Target is 1676221
1676624	[403]	:	Key	71	DOWN	at	1676623 
1681558	[4934]	:	time Target is 1681558
1686891	[5333]	:	time Target is 1686891
1692214	[5323]	:	time Target is 1692214
1692613	[399]	:	Key	71	DOWN	at	1692612 
1697555	[4942]	:	time Target is 1697555
1702875	[5320]	:	time Target is 1702875
1703428	[553]	:	Key	71	DOWN	at	1703427 
1708218	[4790]	:	time Target is 1708218
1708417	[199]	:	Key	71	DOWN	at	1708416 
1713592	[5175]	:	time Target is 1713592
1718915	[5323]	:	time Target is 1718915
1719733	[818]	:	Key	71	DOWN	at	1719732 
1724257	[4524]	:	time Target is 1724257
1729579	[5322]	:	time Target is 1729579
1734895	[5316]	:	time Target is 1734895
1740220	[5325]	:	time Target is 1740220
1741300	[1080]	:	Key	71	DOWN	at	1741299 
1745564	[4264]	:	time Target is 1745564
1750883	[5319]	:	time Target is 1750883
1751568	[685]	:	Key	71	DOWN	at	1751568 
1756224	[4656]	:	time Target is 1756224
1756992	[768]	:	Key	71	DOWN	at	1756992 
1761564	[4572]	:	time Target is 1761564
1766895	[5331]	:	time Target is 1766895
1767522	[627]	:	Key	71	DOWN	at	1767522 
1772228	[4706]	:	time Target is 1772228
1773028	[800]	:	Key	71	DOWN	at	1773027 
1777563	[4535]	:	time Target is 1777563
1782925	[5362]	:	time Target is 1782925
1783315	[390]	:	Key	71	DOWN	at	1783315 
1788269	[4954]	:	time Target is 1788269
1793593	[5324]	:	time Target is 1793593
1798908	[5315]	:	time Target is 1798908
1799601	[693]	:	Key	71	DOWN	at	1799600 
1804286	[4685]	:	time Target is 1804286
1809613	[5327]	:	time Target is 1809613
1810256	[643]	:	Key	71	DOWN	at	1810256 
1814945	[4689]	:	time Target is 1814945
1815300	[355]	:	Key	71	DOWN	at	1815300 
1820276	[4976]	:	time Target is 1820276
1825655	[5379]	:	time Target is 1825655
1826177	[522]	:	Key	71	DOWN	at	1826177 
1830996	[4819]	:	time Target is 1830996
1836318	[5322]	:	time Target is 1836318
1841639	[5321]	:	time Target is 1841639
1842083	[444]	:	Key	71	DOWN	at	1842083 
1846979	[4896]	:	time Target is 1846979
1847253	[274]	:	Key	71	DOWN	at	1847252 
1852316	[5063]	:	time Target is 1852316
1852545	[229]	:	Key	71	DOWN	at	1852544 
1857658	[5113]	:	time Target is 1857658
1858166	[508]	:	Key	71	DOWN	at	1858165 
1862997	[4831]	:	time Target is 1862997
1870468	[7471]	:	Key	71	DOWN	at	1870468 
1871254	[786]	:	Key	71	UP	at	1870610 
1871522	[268]	:	time Target is 1871522
1876849	[5327]	:	time Target is 1876849
1877168	[319]	:	Key	71	DOWN	at	1877167 
1882198	[5030]	:	time Target is 1882198
1887525	[5327]	:	time Target is 1887525
1887701	[176]	:	Key	71	DOWN	at	1887700 
1892872	[5171]	:	time Target is 1892872
1893137	[265]	:	Key	71	DOWN	at	1893136 
1898207	[5070]	:	time Target is 1898207
1903551	[5344]	:	time Target is 1903551
1904034	[483]	:	Key	71	DOWN	at	1904033 
1908891	[4857]	:	time Target is 1908891
1914211	[5320]	:	time Target is 1914211
1919532	[5321]	:	time Target is 1919532
1920691	[1159]	:	Key	71	DOWN	at	1920691 
1924878	[4187]	:	time Target is 1924878
1925524	[646]	:	Key	71	DOWN	at	1925523 
1930218	[4694]	:	time Target is 1930218
1930608	[390]	:	Key	71	DOWN	at	1930608 
1935559	[4951]	:	time Target is 1935559
1935906	[347]	:	Key	71	DOWN	at	1935906 
1940904	[4998]	:	time Target is 1940904
1946223	[5319]	:	time Target is 1946223
1946626	[403]	:	Key	71	DOWN	at	1946625 
1951571	[4945]	:	time Target is 1951571
1952100	[529]	:	Key	71	DOWN	at	1952100 
1956905	[4805]	:	time Target is 1956905
1962231	[5326]	:	time Target is 1962231
1967553	[5322]	:	time Target is 1967553
1967747	[194]	:	Key	71	DOWN	at	1967747 
1972895	[5148]	:	time Target is 1972895
1974177	[1282]	:	Key	71	DOWN	at	1974177 
1978260	[4083]	:	time Target is 1978260
1978388	[128]	:	Key	71	DOWN	at	1978388 
1983592	[5204]	:	time Target is 1983592
1984229	[637]	:	Key	71	DOWN	at	1984228 
1988937	[4708]	:	time Target is 1988937
1994264	[5327]	:	time Target is 1994264
1994515	[251]	:	Key	71	DOWN	at	1994515 
1999601	[5086]	:	time Target is 1999601
2004932	[5331]	:	time Target is 2004932
2005266	[334]	:	Key	71	DOWN	at	2005265 
2010272	[5006]	:	time Target is 2010272
2010608	[336]	:	Key	71	DOWN	at	2010608 
2015608	[5000]	:	time Target is 2015608
2020925	[5317]	:	time Target is 2020925
2026247	[5322]	:	time Target is 2026247
2026930	[683]	:	Key	71	DOWN	at	2026930 
2031582	[4652]	:	time Target is 2031582
2036909	[5327]	:	time Target is 2036909
2037363	[454]	:	Key	71	DOWN	at	2037362 
2042249	[4886]	:	time Target is 2042249
2047572	[5323]	:	time Target is 2047572
2047936	[364]	:	Key	71	DOWN	at	2047935 
2052907	[4971]	:	time Target is 2052907
2053333	[426]	:	Key	71	DOWN	at	2053333 
2058255	[4922]	:	time Target is 2058255
2058659	[404]	:	Key	71	DOWN	at	2058659 
2063594	[4935]	:	time Target is 2063594
2068915	[5321]	:	time Target is 2068915
2074280	[5365]	:	time Target is 2074280
2074549	[269]	:	Key	71	DOWN	at	2074547 
2079621	[5072]	:	time Target is 2079621
2080628	[1007]	:	Key	71	DOWN	at	2080628 
2084960	[4332]	:	time Target is 2084960
2090282	[5322]	:	time Target is 2090282
2095598	[5316]	:	time Target is 2095598
2100920	[5322]	:	time Target is 2100920
2101283	[363]	:	Key	71	DOWN	at	2101282 
2106322	[5039]	:	time Target is 2106322
2111640	[5318]	:	time Target is 2111640
2116961	[5321]	:	time Target is 2116961
2117074	[113]	:	Key	71	DOWN	at	2117073 
2122297	[5223]	:	time Target is 2122297
2127619	[5322]	:	time Target is 2127619
2132936	[5317]	:	time Target is 2132936
2138267	[5331]	:	time Target is 2138267
2143593	[5326]	:	time Target is 2143593
2144802	[1209]	:	Key	71	DOWN	at	2144801 
2148924	[4122]	:	time Target is 2148924
2149972	[1048]	:	Key	71	DOWN	at	2149972 
2154285	[4313]	:	time Target is 2154285
2159609	[5324]	:	time Target is 2159609
2160323	[714]	:	Key	71	DOWN	at	2160323 
2164951	[4628]	:	time Target is 2164951
2165269	[318]	:	Key	71	DOWN	at	2165269 
2170290	[5021]	:	time Target is 2170290
2175612	[5322]	:	time Target is 2175612
2176163	[551]	:	Key	71	DOWN	at	2176162 
2180951	[4788]	:	time Target is 2180951
2186276	[5325]	:	time Target is 2186276
2186708	[432]	:	Key	71	DOWN	at	2186708 
2191635	[4927]	:	time Target is 2191635
2191938	[303]	:	Key	71	DOWN	at	2191937 
2196976	[5038]	:	time Target is 2196976
2197314	[338]	:	Key	71	DOWN	at	2197314 
2202313	[4999]	:	time Target is 2202313
2202405	[92]	:	Key	71	DOWN	at	2202404 
2207658	[5253]	:	time Target is 2207658
2208196	[538]	:	Key	71	DOWN	at	2208195 
2212998	[4802]	:	time Target is 2212998
2218327	[5329]	:	time Target is 2218327
2223658	[5331]	:	time Target is 2223658
2224036	[378]	:	Key	71	DOWN	at	2224035 
2228998	[4962]	:	time Target is 2228998
2234321	[5323]	:	time Target is 2234321
2239655	[5334]	:	time Target is 2239655
2244980	[5325]	:	time Target is 2244980
2250306	[5326]	:	time Target is 2250306
2255629	[5323]	:	time Target is 2255629
2260971	[5342]	:	time Target is 2260971
2266288	[5317]	:	time Target is 2266288
2266468	[180]	:	Key	71	DOWN	at	2266467 
2271631	[5163]	:	time Target is 2271631
2276955	[5324]	:	time Target is 2276955
2282280	[5325]	:	time Target is 2282280
2282339	[59]	:	Key	71	DOWN	at	2282339 
2287621	[5282]	:	time Target is 2287621
2292938	[5317]	:	time Target is 2292938
2293298	[360]	:	Key	71	DOWN	at	2293298 
2298281	[4983]	:	time Target is 2298281
2299413	[1132]	:	Key	71	DOWN	at	2299413 
2303612	[4199]	:	time Target is 2303612
2303988	[376]	:	Key	71	DOWN	at	2303988 
2308687	[4699]	:	Key	71	DOWN	at	2308675 
2311516	[2829]	:	time Target is 2311516
2311987	[471]	:	Key	71	DOWN	at	2311987 
2316852	[4865]	:	time Target is 2316852
2317524	[672]	:	Key	71	DOWN	at	2317524 
2322189	[4665]	:	time Target is 2322189
2322465	[276]	:	Key	71	DOWN	at	2322464 
2327551	[5086]	:	time Target is 2327551
2327664	[113]	:	Key	71	DOWN	at	2327664 
2332888	[5224]	:	time Target is 2332888
2338206	[5318]	:	time Target is 2338206
2343531	[5325]	:	time Target is 2343531
2343652	[121]	:	Key	71	DOWN	at	2343652 
2347844	[4192]	:	Key	71	UP	at	2343840 
2356769	[8925]	:	Key	71	DOWN	at	2356769 
2356833	[64]	:	Key	71	UP	at	2356832 
2377974	[21141]	:	Key	29	DOWN	at	2377973 
2378065	[91]	:	Key	29	UP	at	2378064 
2382017	[3952]	:	Key	29	DOWN	at	2382017 
2382131	[114]	:	Key	29	UP	at	2382130 
2385443	[3312]	:	Key	28	DOWN	at	2385442 
2385586	[143]	:	Key	28	UP	at	2385586 
2386930	[1344]	:	Key	29	DOWN	at	2386930 
2387059	[129]	:	Key	29	UP	at	2387058 
2388373	[1314]	:	Key	28	DOWN	at	2388373 
2388497	[124]	:	Key	28	UP	at	2388497 
2389317	[820]	:	Key	28	DOWN	at	2389317 
2389428	[111]	:	Key	28	UP	at	2389427 
2392049	[2621]	:	Key	28	DOWN	at	2392048 
2392163	[114]	:	Key	28	UP	at	2392163 
2393732	[1569]	:	Key	28	DOWN	at	2393731 
2393844	[112]	:	Key	28	UP	at	2393843 
2399041	[5197]	:	Key	28	DOWN	at	2399040 
2399185	[144]	:	Key	28	UP	at	2399185 
2399651	[466]	:	Key	29	DOWN	at	2399650 
2399744	[93]	:	Key	29	UP	at	2399744 
2401345	[1601]	:	Key	28	DOWN	at	2401345 
2401426	[81]	:	Key	28	UP	at	2401426 
2401697	[271]	:	Key	28	DOWN	at	2401697 
2401827	[130]	:	Key	28	UP	at	2401826 
2405573	[3746]	:	Key	28	DOWN	at	2405573 
2405699	[126]	:	Key	28	UP	at	2405699 
2406035	[336]	:	Key	29	DOWN	at	2406034 
2406134	[99]	:	Key	29	UP	at	2406133 
2409412	[3278]	:	Key	29	DOWN	at	2409412 
2409506	[94]	:	Key	29	UP	at	2409505 
2410948	[1442]	:	Key	28	DOWN	at	2410947 
2411065	[117]	:	COGENT STOP
