Cog2000 log file Mon Aug 19 15:50:15 2019
gprim v1.33 Compiled:Aug 12 2015 (GLib DirectDraw v7 DX12.0 Compiled:Aug 12 2015)
Display:1024x768x32 59.92Hz
CogInput v1.05 Compiled: May 20 2010
0	[0]	:	COGENT START
8659	[8659]	:	Key	71	DOWN	at	8659    
8692	[33]	:	Key	71	UP	at	8691    
29682	[20990]	:	Key	71	DOWN	at	29681   
29764	[82]	:	Key	71	UP	at	29763   
34483	[4719]	:	Key	71	DOWN	at	34483   
34576	[93]	:	Key	71	UP	at	34575   
46389	[11813]	:	Key	71	DOWN	at	46388   
46499	[110]	:	Key	71	UP	at	46499   
61826	[15327]	:	Key	71	DOWN	at	61825   
61919	[93]	:	Key	71	UP	at	61918   
80721	[18802]	:	Key	71	DOWN	at	80720   
81538	[817]	:	time Target is 81538
82320	[782]	:	Key	71	DOWN	at	82320   
87631	[5311]	:	time Target is 87631
87743	[112]	:	Key	71	DOWN	at	87743   
93718	[5975]	:	time Target is 93718
93732	[14]	:	Key	71	DOWN	at	93732   
99804	[6072]	:	time Target is 99804
100735	[931]	:	Key	71	DOWN	at	100735  
116465	[15730]	:	Key	71	DOWN	at	116465  
117564	[1099]	:	time Target is 117564
123886	[6322]	:	time Target is 123885
130207	[6321]	:	time Target is 130207
136529	[6322]	:	time Target is 136528
156210	[19681]	:	Key	71	DOWN	at	156210  
156399	[189]	:	Key	71	UP	at	156399  
195522	[39123]	:	Key	71	DOWN	at	195522  
195651	[129]	:	Key	71	UP	at	195651  
200723	[5072]	:	Key	71	DOWN	at	200722  
200916	[193]	:	Key	71	UP	at	200915  
210451	[9535]	:	Key	71	DOWN	at	210451  
210641	[190]	:	Key	71	UP	at	210641  
215921	[5280]	:	Key	71	DOWN	at	215920  
216719	[798]	:	Key	71	UP	at	216100  
216744	[25]	:	time Target is 216744
217614	[870]	:	Key	71	DOWN	at	217614  
221838	[4224]	:	time Target is 221838
222497	[659]	:	Key	71	DOWN	at	222497  
226931	[4434]	:	time Target is 226930
227075	[144]	:	Key	71	DOWN	at	227075  
232051	[4976]	:	time Target is 232051
244274	[12223]	:	Key	71	DOWN	at	244274  
244420	[146]	:	Key	71	UP	at	244419  
248654	[4234]	:	Key	71	DOWN	at	248654  
249444	[790]	:	Key	71	UP	at	248849  
249468	[24]	:	time Target is 249468
250612	[1144]	:	Key	71	DOWN	at	250611  
254555	[3943]	:	time Target is 254555
259623	[5068]	:	time Target is 259622
264693	[5070]	:	time Target is 264692
277298	[12605]	:	Key	71	DOWN	at	277298  
277537	[239]	:	Key	71	UP	at	277536  
281311	[3774]	:	Key	71	DOWN	at	281310  
282093	[782]	:	Key	71	UP	at	281486  
282106	[13]	:	time Target is 282106
282990	[884]	:	Key	71	DOWN	at	282990  
287193	[4203]	:	time Target is 287193
292264	[5071]	:	time Target is 292263
292753	[489]	:	Key	71	DOWN	at	292752  
297352	[4599]	:	time Target is 297352
297968	[616]	:	Key	71	DOWN	at	297967  
301650	[3682]	:	Key	71	UP	at	298116  
309347	[7697]	:	Key	71	DOWN	at	309347  
309471	[124]	:	Key	71	UP	at	309471  
313873	[4402]	:	Key	71	DOWN	at	313873  
314663	[790]	:	Key	71	UP	at	314035  
314686	[23]	:	time Target is 314686
315792	[1106]	:	Key	71	DOWN	at	315792  
319776	[3984]	:	time Target is 319776
324841	[5065]	:	time Target is 324841
329910	[5069]	:	time Target is 329910
341859	[11949]	:	Key	71	DOWN	at	341859  
342031	[172]	:	Key	71	UP	at	342031  
357204	[15173]	:	Key	71	DOWN	at	357203  
357409	[205]	:	Key	71	UP	at	357408  
372609	[15200]	:	Key	71	DOWN	at	372607  
372756	[147]	:	Key	71	UP	at	372755  
384993	[12237]	:	Key	71	DOWN	at	384993  
385299	[306]	:	Key	71	UP	at	385298  
392240	[6941]	:	Key	71	DOWN	at	392240  
394799	[2559]	:	time Target is 394799
395490	[691]	:	Key	71	DOWN	at	395490  
400132	[4642]	:	time Target is 400132
400976	[844]	:	Key	71	DOWN	at	400975  
405474	[4498]	:	time Target is 405474
406067	[593]	:	Key	71	DOWN	at	406067  
410811	[4744]	:	time Target is 410811
411438	[627]	:	Key	71	DOWN	at	411438  
416143	[4705]	:	Key	71	DOWN	at	415906  
416144	[1]	:	Key	71	UP	at	416066  
418957	[2813]	:	time Target is 418957
420047	[1090]	:	Key	71	DOWN	at	420047  
424297	[4250]	:	time Target is 424297
429620	[5323]	:	time Target is 429620
430882	[1262]	:	Key	71	DOWN	at	430881  
434953	[4071]	:	time Target is 434953
435552	[599]	:	Key	71	DOWN	at	435552  
440291	[4739]	:	time Target is 440291
445613	[5322]	:	time Target is 445613
446099	[486]	:	Key	71	DOWN	at	446098  
450951	[4852]	:	time Target is 450951
456272	[5321]	:	time Target is 456272
456767	[495]	:	Key	71	DOWN	at	456767  
461608	[4841]	:	time Target is 461608
462274	[666]	:	Key	71	DOWN	at	462274  
466963	[4689]	:	time Target is 466963
472279	[5316]	:	time Target is 472279
477602	[5323]	:	time Target is 477602
478130	[528]	:	Key	71	DOWN	at	478130  
482940	[4810]	:	time Target is 482940
488260	[5320]	:	time Target is 488260
488739	[479]	:	Key	71	DOWN	at	488739  
493599	[4860]	:	time Target is 493599
494516	[917]	:	Key	71	DOWN	at	494516  
498930	[4414]	:	time Target is 498930
499571	[641]	:	Key	71	DOWN	at	499570  
504264	[4693]	:	time Target is 504264
505154	[890]	:	Key	71	DOWN	at	505154  
509600	[4446]	:	time Target is 509600
514938	[5338]	:	time Target is 514938
515458	[520]	:	Key	71	DOWN	at	515458  
520274	[4816]	:	time Target is 520274
525608	[5334]	:	time Target is 525608
526148	[540]	:	Key	71	DOWN	at	526147  
530948	[4800]	:	time Target is 530948
536266	[5318]	:	time Target is 536266
536851	[585]	:	Key	71	DOWN	at	536850  
541602	[4751]	:	time Target is 541602
542578	[976]	:	Key	71	DOWN	at	542578  
546938	[4360]	:	time Target is 546938
547394	[456]	:	Key	71	DOWN	at	547393  
552273	[4879]	:	time Target is 552273
557593	[5320]	:	time Target is 557593
558131	[538]	:	Key	71	DOWN	at	558130  
562933	[4802]	:	time Target is 562933
563665	[732]	:	Key	71	DOWN	at	563664  
568265	[4600]	:	time Target is 568265
568913	[648]	:	Key	71	DOWN	at	568913  
573600	[4687]	:	time Target is 573600
578929	[5329]	:	time Target is 578929
579284	[355]	:	Key	71	DOWN	at	579284  
584264	[4980]	:	time Target is 584264
584800	[536]	:	Key	71	DOWN	at	584800  
589601	[4801]	:	time Target is 589601
590144	[543]	:	Key	71	DOWN	at	590143  
594936	[4792]	:	time Target is 594936
595601	[665]	:	Key	71	DOWN	at	595600  
600273	[4672]	:	time Target is 600273
600836	[563]	:	Key	71	DOWN	at	600836  
605611	[4775]	:	time Target is 605611
606276	[665]	:	Key	71	DOWN	at	606275  
610947	[4671]	:	time Target is 610947
611651	[704]	:	Key	71	DOWN	at	611650  
616286	[4635]	:	time Target is 616286
616975	[689]	:	Key	71	DOWN	at	616975  
621622	[4647]	:	time Target is 621622
622271	[649]	:	Key	71	DOWN	at	622271  
626961	[4690]	:	time Target is 626961
627730	[769]	:	Key	71	DOWN	at	627730  
632294	[4564]	:	time Target is 632294
637629	[5335]	:	time Target is 637629
638176	[547]	:	Key	71	DOWN	at	638176  
642970	[4794]	:	time Target is 642970
643490	[520]	:	Key	71	DOWN	at	643490  
648307	[4817]	:	time Target is 648307
649103	[796]	:	Key	71	DOWN	at	649103  
653645	[4542]	:	time Target is 653645
654658	[1013]	:	Key	71	DOWN	at	654657  
658981	[4323]	:	time Target is 658981
659583	[602]	:	Key	71	DOWN	at	659583  
664318	[4735]	:	time Target is 664318
665280	[962]	:	Key	71	DOWN	at	665279  
669646	[4366]	:	Key	71	DOWN	at	669554  
672458	[2812]	:	time Target is 672458
672913	[455]	:	Key	71	DOWN	at	672912  
677793	[4880]	:	time Target is 677793
683120	[5327]	:	time Target is 683120
683490	[370]	:	Key	71	DOWN	at	683489  
688459	[4969]	:	time Target is 688459
693779	[5320]	:	time Target is 693779
694222	[443]	:	Key	71	DOWN	at	694222  
699121	[4899]	:	time Target is 699121
699667	[546]	:	Key	71	DOWN	at	699667  
704458	[4791]	:	time Target is 704458
704979	[521]	:	Key	71	DOWN	at	704979  
709793	[4814]	:	time Target is 709793
710238	[445]	:	Key	71	DOWN	at	710238  
715128	[4890]	:	time Target is 715128
715600	[472]	:	Key	71	DOWN	at	715600  
720464	[4864]	:	time Target is 720464
720850	[386]	:	Key	71	DOWN	at	720849  
725802	[4952]	:	time Target is 725802
726292	[490]	:	Key	71	DOWN	at	726291  
731138	[4846]	:	time Target is 731138
731842	[704]	:	Key	71	DOWN	at	731842  
736476	[4634]	:	time Target is 736476
741799	[5323]	:	time Target is 741799
747124	[5325]	:	time Target is 747124
747743	[619]	:	Key	71	DOWN	at	747743  
752459	[4716]	:	time Target is 752459
753104	[645]	:	Key	71	DOWN	at	753103  
757796	[4692]	:	time Target is 757796
758388	[592]	:	Key	71	DOWN	at	758387  
763134	[4746]	:	time Target is 763134
763583	[449]	:	Key	71	DOWN	at	763582  
768467	[4884]	:	time Target is 768467
768867	[400]	:	Key	71	DOWN	at	768867  
773800	[4933]	:	time Target is 773800
774894	[1094]	:	Key	71	DOWN	at	774894  
779134	[4240]	:	time Target is 779134
780356	[1222]	:	Key	71	DOWN	at	780355  
784475	[4119]	:	time Target is 784475
784899	[424]	:	Key	71	DOWN	at	784899  
789813	[4914]	:	time Target is 789813
790643	[830]	:	Key	71	DOWN	at	790643  
795152	[4509]	:	time Target is 795152
795713	[561]	:	Key	71	DOWN	at	795713  
800490	[4777]	:	time Target is 800490
801297	[807]	:	Key	71	DOWN	at	801296  
805827	[4530]	:	time Target is 805827
806594	[767]	:	Key	71	DOWN	at	806594  
811165	[4571]	:	time Target is 811165
816482	[5317]	:	time Target is 816482
817137	[655]	:	Key	71	DOWN	at	817136  
821819	[4682]	:	time Target is 821819
823250	[1431]	:	Key	71	DOWN	at	823250  
827152	[3902]	:	time Target is 827152
828531	[1379]	:	Key	71	DOWN	at	828531  
832495	[3964]	:	time Target is 832495
833154	[659]	:	Key	71	DOWN	at	833154  
837827	[4673]	:	time Target is 837827
838545	[718]	:	Key	71	DOWN	at	838545  
843156	[4611]	:	time Target is 843156
843666	[510]	:	Key	71	DOWN	at	843665  
848494	[4828]	:	time Target is 848494
849348	[854]	:	Key	71	DOWN	at	849347  
853824	[4476]	:	time Target is 853824
854544	[720]	:	Key	71	DOWN	at	854544  
859159	[4615]	:	time Target is 859159
860563	[1404]	:	Key	71	DOWN	at	860563  
864493	[3930]	:	time Target is 864493
865779	[1286]	:	Key	71	DOWN	at	865779  
868804	[3025]	:	Key	71	UP	at	866350  
872223	[3419]	:	Key	71	DOWN	at	872222  
873010	[787]	:	Key	71	UP	at	872402  
873277	[267]	:	time Target is 873277
874307	[1030]	:	Key	71	DOWN	at	874307  
878615	[4308]	:	time Target is 878615
883943	[5328]	:	time Target is 883943
884529	[586]	:	Key	71	DOWN	at	884528  
889277	[4748]	:	time Target is 889277
889920	[643]	:	Key	71	DOWN	at	889919  
894616	[4696]	:	time Target is 894616
899939	[5323]	:	time Target is 899939
900596	[657]	:	Key	71	DOWN	at	900595  
905276	[4680]	:	time Target is 905276
906098	[822]	:	Key	71	DOWN	at	906097  
910613	[4515]	:	time Target is 910613
911828	[1215]	:	Key	71	DOWN	at	911828  
915946	[4118]	:	time Target is 915946
921265	[5319]	:	time Target is 921265
926584	[5319]	:	time Target is 926584
931902	[5318]	:	time Target is 931902
937220	[5318]	:	time Target is 937220
938629	[1409]	:	Key	71	DOWN	at	938628  
942557	[3928]	:	time Target is 942557
943151	[594]	:	Key	71	DOWN	at	943151  
947890	[4739]	:	time Target is 947890
948639	[749]	:	Key	71	DOWN	at	948639  
953221	[4582]	:	time Target is 953221
953892	[671]	:	Key	71	DOWN	at	953891  
958557	[4665]	:	time Target is 958557
963877	[5320]	:	time Target is 963877
964400	[523]	:	Key	71	DOWN	at	964399  
969218	[4818]	:	time Target is 969218
969538	[320]	:	Key	71	DOWN	at	969538  
974554	[5016]	:	time Target is 974554
979897	[5343]	:	time Target is 979897
980866	[969]	:	Key	71	DOWN	at	980866  
985233	[4367]	:	time Target is 985233
985731	[498]	:	Key	71	DOWN	at	985731  
990566	[4835]	:	time Target is 990566
991476	[910]	:	Key	71	DOWN	at	991474  
995902	[4426]	:	time Target is 995902
996691	[789]	:	Key	71	DOWN	at	996691  
1001237	[4546]	:	time Target is 1001237
1001982	[745]	:	Key	71	DOWN	at	1001982 
1006577	[4595]	:	time Target is 1006577
1011904	[5327]	:	time Target is 1011903
1012481	[577]	:	Key	71	DOWN	at	1012480 
1017238	[4757]	:	time Target is 1017238
1022559	[5321]	:	time Target is 1022559
1027887	[5328]	:	time Target is 1027887
1028259	[372]	:	Key	71	DOWN	at	1028259 
1033215	[4956]	:	time Target is 1033215
1033890	[675]	:	Key	71	DOWN	at	1033890 
1038555	[4665]	:	time Target is 1038555
1039602	[1047]	:	Key	71	DOWN	at	1039602 
1043887	[4285]	:	time Target is 1043887
1044383	[496]	:	Key	71	DOWN	at	1044383 
1049223	[4840]	:	time Target is 1049223
1049956	[733]	:	Key	71	DOWN	at	1049955 
1054558	[4602]	:	time Target is 1054558
1054979	[421]	:	Key	71	DOWN	at	1054979 
1059897	[4918]	:	time Target is 1059897
1065229	[5332]	:	time Target is 1065229
1065775	[546]	:	Key	71	DOWN	at	1065775 
1070566	[4791]	:	time Target is 1070566
1071823	[1257]	:	Key	71	DOWN	at	1071822 
1075907	[4084]	:	time Target is 1075907
1076757	[850]	:	Key	71	DOWN	at	1076756 
1081245	[4488]	:	time Target is 1081245
1082084	[839]	:	Key	71	DOWN	at	1082082 
1086582	[4498]	:	time Target is 1086582
1091905	[5323]	:	time Target is 1091905
1092562	[657]	:	Key	71	DOWN	at	1092562 
1097242	[4680]	:	time Target is 1097242
1097812	[570]	:	Key	71	DOWN	at	1097811 
1102582	[4770]	:	time Target is 1102582
1107903	[5321]	:	time Target is 1107903
1113222	[5319]	:	time Target is 1113222
1114002	[780]	:	Key	71	DOWN	at	1114002 
1118560	[4558]	:	time Target is 1118560
1119314	[754]	:	Key	71	DOWN	at	1119314 
1123894	[4580]	:	time Target is 1123894
1129211	[5317]	:	time Target is 1129211
1134532	[5321]	:	time Target is 1134532
1139854	[5322]	:	time Target is 1139854
1140352	[498]	:	Key	71	DOWN	at	1140351 
1145192	[4840]	:	time Target is 1145192
1145716	[524]	:	Key	71	DOWN	at	1145715 
1150531	[4815]	:	time Target is 1150531
1155854	[5323]	:	time Target is 1155854
1156383	[529]	:	Key	71	DOWN	at	1156383 
1161191	[4808]	:	time Target is 1161191
1166516	[5325]	:	time Target is 1166516
1171839	[5323]	:	time Target is 1171839
1177156	[5317]	:	time Target is 1177156
1177648	[492]	:	Key	71	DOWN	at	1177647 
1182501	[4853]	:	time Target is 1182501
1183282	[781]	:	Key	71	DOWN	at	1183282 
1187838	[4556]	:	time Target is 1187838
1193161	[5323]	:	time Target is 1193161
1198484	[5323]	:	time Target is 1198484
1199220	[736]	:	Key	71	DOWN	at	1199219 
1203821	[4601]	:	time Target is 1203821
1204291	[470]	:	Key	71	DOWN	at	1204290 
1209164	[4873]	:	time Target is 1209164
1209652	[488]	:	Key	71	DOWN	at	1209651 
1214502	[4850]	:	time Target is 1214502
1215472	[970]	:	Key	71	DOWN	at	1215472 
1219884	[4412]	:	time Target is 1219884
1220340	[456]	:	Key	71	DOWN	at	1220338 
1225219	[4879]	:	time Target is 1225219
1225860	[641]	:	Key	71	DOWN	at	1225859 
1230554	[4694]	:	time Target is 1230554
1231028	[474]	:	Key	71	DOWN	at	1231027 
1235896	[4868]	:	time Target is 1235896
1241220	[5324]	:	time Target is 1241220
1241667	[447]	:	Key	71	DOWN	at	1241667 
1246558	[4891]	:	time Target is 1246558
1247071	[513]	:	Key	71	DOWN	at	1247071 
1251891	[4820]	:	time Target is 1251891
1252369	[478]	:	Key	71	DOWN	at	1252369 
1257215	[4846]	:	time Target is 1257215
1262539	[5324]	:	time Target is 1262539
1263006	[467]	:	Key	71	DOWN	at	1263006 
1267874	[4868]	:	time Target is 1267874
1268259	[385]	:	Key	71	DOWN	at	1268258 
1273216	[4957]	:	time Target is 1273216
1273715	[499]	:	Key	71	DOWN	at	1273715 
1278553	[4838]	:	time Target is 1278553
1278959	[406]	:	Key	71	DOWN	at	1278959 
1283882	[4923]	:	time Target is 1283882
1284416	[534]	:	Key	71	DOWN	at	1284416 
1289217	[4801]	:	time Target is 1289217
1294543	[5326]	:	time Target is 1294543
1299867	[5324]	:	time Target is 1299867
1300755	[888]	:	Key	71	DOWN	at	1300754 
1305203	[4448]	:	time Target is 1305203
1306208	[1005]	:	Key	71	DOWN	at	1306208 
1310543	[4335]	:	time Target is 1310543
1310817	[274]	:	Key	71	DOWN	at	1310816 
1315884	[5067]	:	time Target is 1315884
1316208	[324]	:	Key	71	DOWN	at	1316207 
1321223	[5015]	:	time Target is 1321223
1326546	[5323]	:	time Target is 1326546
1327121	[575]	:	Key	71	DOWN	at	1327121 
1331887	[4766]	:	time Target is 1331887
1332256	[369]	:	Key	71	DOWN	at	1332256 
1337228	[4972]	:	time Target is 1337228
1337793	[565]	:	Key	71	DOWN	at	1337793 
1342563	[4770]	:	time Target is 1342563
1347884	[5321]	:	time Target is 1347884
1349121	[1237]	:	Key	71	DOWN	at	1349121 
1352188	[3067]	:	Key	71	UP	at	1349264 
1354131	[1943]	:	Key	71	DOWN	at	1354131 
1354307	[176]	:	Key	71	UP	at	1354307 
1358596	[4289]	:	Key	71	DOWN	at	1358595 
1359387	[791]	:	Key	71	UP	at	1358722 
1359653	[266]	:	time Target is 1359653
1360401	[748]	:	Key	71	DOWN	at	1360400 
1364993	[4592]	:	time Target is 1364993
1365712	[719]	:	Key	71	DOWN	at	1365712 
1370327	[4615]	:	time Target is 1370327
1371121	[794]	:	Key	71	DOWN	at	1371119 
1375666	[4545]	:	time Target is 1375666
1376400	[734]	:	Key	71	DOWN	at	1376399 
1381005	[4605]	:	time Target is 1381005
1386325	[5320]	:	time Target is 1386325
1387331	[1006]	:	Key	71	DOWN	at	1387330 
1391660	[4329]	:	time Target is 1391660
1392161	[501]	:	Key	71	DOWN	at	1392161 
1396994	[4833]	:	time Target is 1396994
1402317	[5323]	:	time Target is 1402317
1402755	[438]	:	Key	71	DOWN	at	1402754 
1407668	[4913]	:	time Target is 1407668
1412990	[5322]	:	time Target is 1412990
1418311	[5321]	:	time Target is 1418311
1423643	[5332]	:	time Target is 1423643
1428970	[5327]	:	time Target is 1428970
1429343	[373]	:	Key	71	DOWN	at	1429343 
1434310	[4967]	:	time Target is 1434310
1439632	[5322]	:	time Target is 1439632
1440227	[595]	:	Key	71	DOWN	at	1440227 
1444966	[4739]	:	time Target is 1444966
1445395	[429]	:	Key	71	DOWN	at	1445395 
1450304	[4909]	:	time Target is 1450304
1450676	[372]	:	Key	71	DOWN	at	1450675 
1455640	[4964]	:	time Target is 1455640
1456097	[457]	:	Key	71	DOWN	at	1456097 
1460977	[4880]	:	time Target is 1460977
1466299	[5322]	:	time Target is 1466299
1471622	[5323]	:	time Target is 1471622
1476943	[5321]	:	time Target is 1476943
1477264	[321]	:	Key	71	DOWN	at	1477264 
1482279	[5015]	:	time Target is 1482279
1482865	[586]	:	Key	71	DOWN	at	1482864 
1487634	[4769]	:	time Target is 1487634
1488030	[396]	:	Key	71	DOWN	at	1488030 
1492968	[4938]	:	time Target is 1492968
1494129	[1161]	:	Key	71	DOWN	at	1494129 
1498315	[4186]	:	time Target is 1498315
1498863	[548]	:	Key	71	DOWN	at	1498863 
1503658	[4795]	:	time Target is 1503658
1504095	[437]	:	Key	71	DOWN	at	1504094 
1508988	[4893]	:	time Target is 1508988
1514309	[5321]	:	time Target is 1514309
1514815	[506]	:	Key	71	DOWN	at	1514815 
1519660	[4845]	:	time Target is 1519660
1520177	[517]	:	Key	71	DOWN	at	1520177 
1524998	[4821]	:	time Target is 1524998
1530322	[5324]	:	time Target is 1530322
1530752	[430]	:	Key	71	DOWN	at	1530752 
1535662	[4910]	:	time Target is 1535662
1540985	[5323]	:	time Target is 1540985
1546310	[5325]	:	time Target is 1546310
1551633	[5323]	:	time Target is 1551633
1552065	[432]	:	Key	71	DOWN	at	1552065 
1556969	[4904]	:	time Target is 1556969
1562292	[5323]	:	time Target is 1562292
1567615	[5323]	:	time Target is 1567615
1568065	[450]	:	Key	71	DOWN	at	1568065 
1572946	[4881]	:	time Target is 1572946
1573348	[402]	:	Key	71	DOWN	at	1573347 
1578283	[4935]	:	time Target is 1578283
1578755	[472]	:	Key	71	DOWN	at	1578755 
1583622	[4867]	:	time Target is 1583622
1588940	[5318]	:	time Target is 1588940
1594263	[5323]	:	time Target is 1594263
1599586	[5323]	:	time Target is 1599586
1604906	[5320]	:	time Target is 1604906
1610225	[5319]	:	time Target is 1610224
1610880	[655]	:	Key	71	DOWN	at	1610880 
1615563	[4683]	:	time Target is 1615562
1620884	[5321]	:	time Target is 1620884
1626204	[5320]	:	time Target is 1626204
1631524	[5320]	:	time Target is 1631524
1632052	[528]	:	Key	71	DOWN	at	1632051 
1636865	[4813]	:	time Target is 1636865
1642185	[5320]	:	time Target is 1642185
1647515	[5330]	:	time Target is 1647515
1652832	[5317]	:	time Target is 1652832
1653346	[514]	:	Key	71	DOWN	at	1653345 
1658165	[4819]	:	time Target is 1658165
1658528	[363]	:	Key	71	DOWN	at	1658527 
1663495	[4967]	:	time Target is 1663495
1668819	[5324]	:	time Target is 1668819
1669375	[556]	:	Key	71	DOWN	at	1669374 
1674158	[4783]	:	time Target is 1674158
1679481	[5323]	:	time Target is 1679481
1680450	[969]	:	Key	71	DOWN	at	1680449 
1684819	[4369]	:	time Target is 1684819
1685458	[639]	:	Key	71	DOWN	at	1685457 
1690152	[4694]	:	time Target is 1690152
1690849	[697]	:	Key	71	DOWN	at	1690849 
1695491	[4642]	:	time Target is 1695491
1700814	[5323]	:	time Target is 1700814
1701216	[402]	:	Key	71	DOWN	at	1701216 
1706148	[4932]	:	time Target is 1706148
1711462	[5314]	:	time Target is 1711462
1712050	[588]	:	Key	71	DOWN	at	1712050 
1716800	[4750]	:	time Target is 1716800
1722120	[5320]	:	time Target is 1722120
1727438	[5318]	:	time Target is 1727438
1728098	[660]	:	Key	71	DOWN	at	1728097 
1732774	[4676]	:	time Target is 1732774
1738116	[5342]	:	time Target is 1738115
1743437	[5321]	:	time Target is 1743437
1748773	[5336]	:	time Target is 1748773
1749123	[350]	:	Key	71	DOWN	at	1749123 
1754112	[4989]	:	time Target is 1754112
1759431	[5319]	:	time Target is 1759431
1759970	[539]	:	Key	71	DOWN	at	1759969 
1764769	[4799]	:	time Target is 1764769
1765586	[817]	:	Key	71	DOWN	at	1765586 
1770104	[4518]	:	time Target is 1770104
1775427	[5323]	:	time Target is 1775427
1775811	[384]	:	Key	71	DOWN	at	1775810 
1780758	[4947]	:	time Target is 1780758
1786079	[5321]	:	time Target is 1786079
1786526	[447]	:	Key	71	DOWN	at	1786526 
1791416	[4890]	:	time Target is 1791416
1791570	[154]	:	Key	71	DOWN	at	1791569 
1796752	[5182]	:	time Target is 1796752
1802076	[5324]	:	time Target is 1802076
1807398	[5322]	:	time Target is 1807398
1812723	[5325]	:	time Target is 1812723
1813137	[414]	:	Key	71	DOWN	at	1813136 
1818060	[4923]	:	time Target is 1818060
1818898	[838]	:	Key	71	DOWN	at	1818898 
1823400	[4502]	:	time Target is 1823400
1824207	[807]	:	Key	71	DOWN	at	1824207 
1828737	[4530]	:	time Target is 1828737
1829475	[738]	:	Key	71	DOWN	at	1829474 
1834076	[4601]	:	time Target is 1834076
1839649	[5573]	:	Key	71	DOWN	at	1839649 
1840440	[791]	:	Key	71	UP	at	1839809 
1840707	[267]	:	time Target is 1840707
1841408	[701]	:	Key	71	DOWN	at	1841408 
1846046	[4638]	:	time Target is 1846046
1846591	[545]	:	Key	71	DOWN	at	1846591 
1851371	[4780]	:	time Target is 1851371
1851504	[133]	:	Key	71	DOWN	at	1851503 
1856711	[5207]	:	time Target is 1856711
1857058	[347]	:	Key	71	DOWN	at	1857057 
1862044	[4986]	:	time Target is 1862044
1867364	[5320]	:	time Target is 1867364
1867875	[511]	:	Key	71	DOWN	at	1867875 
1872700	[4825]	:	time Target is 1872700
1878031	[5331]	:	time Target is 1878031
1883376	[5345]	:	time Target is 1883376
1884195	[819]	:	Key	71	DOWN	at	1884195 
1888709	[4514]	:	time Target is 1888709
1894030	[5321]	:	time Target is 1894030
1899354	[5324]	:	time Target is 1899354
1899954	[600]	:	Key	71	DOWN	at	1899954 
1904695	[4741]	:	time Target is 1904695
1910015	[5320]	:	time Target is 1910015
1910451	[436]	:	Key	71	DOWN	at	1910451 
1915356	[4905]	:	time Target is 1915356
1920678	[5322]	:	time Target is 1920678
1925999	[5321]	:	time Target is 1925999
1931320	[5321]	:	time Target is 1931320
1932033	[713]	:	Key	71	DOWN	at	1932032 
1936660	[4627]	:	time Target is 1936660
1937792	[1132]	:	Key	71	DOWN	at	1937791 
1941998	[4206]	:	time Target is 1941998
1947319	[5321]	:	time Target is 1947319
1952641	[5322]	:	time Target is 1952641
1953072	[431]	:	Key	71	DOWN	at	1953071 
1957977	[4905]	:	time Target is 1957977
1958686	[709]	:	Key	71	DOWN	at	1958686 
1963314	[4628]	:	time Target is 1963314
1968631	[5317]	:	time Target is 1968631
1973951	[5320]	:	time Target is 1973951
1974499	[548]	:	Key	71	DOWN	at	1974499 
1979290	[4791]	:	time Target is 1979290
1984621	[5331]	:	time Target is 1984621
1989946	[5325]	:	time Target is 1989946
1995263	[5317]	:	time Target is 1995263
1995825	[562]	:	Key	71	DOWN	at	1995825 
2000602	[4777]	:	time Target is 2000602
2000995	[393]	:	Key	71	DOWN	at	2000995 
2005939	[4944]	:	time Target is 2005939
2011268	[5329]	:	time Target is 2011268
2016592	[5324]	:	time Target is 2016592
2017154	[562]	:	Key	71	DOWN	at	2017154 
2021926	[4772]	:	time Target is 2021926
2027248	[5322]	:	time Target is 2027248
2027779	[531]	:	Key	71	DOWN	at	2027779 
2032584	[4805]	:	time Target is 2032584
2037904	[5320]	:	time Target is 2037904
2043228	[5324]	:	time Target is 2043228
2043952	[724]	:	Key	71	DOWN	at	2043952 
2048569	[4617]	:	time Target is 2048569
2053885	[5316]	:	time Target is 2053885
2055043	[1158]	:	Key	71	DOWN	at	2055043 
2059222	[4179]	:	time Target is 2059222
2064540	[5318]	:	time Target is 2064540
2069862	[5322]	:	time Target is 2069862
2075183	[5321]	:	time Target is 2075183
2075600	[417]	:	Key	71	DOWN	at	2075599 
2080518	[4918]	:	time Target is 2080518
2081471	[953]	:	Key	71	DOWN	at	2081471 
2085860	[4389]	:	time Target is 2085860
2091179	[5319]	:	time Target is 2091179
2091554	[375]	:	Key	71	DOWN	at	2091554 
2096514	[4960]	:	time Target is 2096514
2101838	[5324]	:	time Target is 2101838
2107160	[5322]	:	time Target is 2107160
2107584	[424]	:	Key	71	DOWN	at	2107583 
2112495	[4911]	:	time Target is 2112495
2117813	[5318]	:	time Target is 2117813
2118338	[525]	:	Key	71	DOWN	at	2118337 
2123151	[4813]	:	time Target is 2123151
2123699	[548]	:	Key	71	DOWN	at	2123699 
2128479	[4780]	:	time Target is 2128479
2133798	[5319]	:	time Target is 2133798
2139121	[5323]	:	time Target is 2139121
2144441	[5320]	:	time Target is 2144441
2144832	[391]	:	Key	71	DOWN	at	2144831 
2149778	[4946]	:	time Target is 2149778
2150178	[400]	:	Key	71	DOWN	at	2150178 
2155116	[4938]	:	time Target is 2155116
2155650	[534]	:	Key	71	DOWN	at	2155649 
2160455	[4805]	:	time Target is 2160455
2160883	[428]	:	Key	71	DOWN	at	2160882 
2165799	[4916]	:	time Target is 2165799
2171121	[5322]	:	time Target is 2171121
2176443	[5322]	:	time Target is 2176443
2177138	[695]	:	Key	71	DOWN	at	2177138 
2181793	[4655]	:	time Target is 2181793
2182290	[497]	:	Key	71	DOWN	at	2182290 
2187131	[4841]	:	time Target is 2187131
2187615	[484]	:	Key	71	DOWN	at	2187615 
2192468	[4853]	:	time Target is 2192468
2192899	[431]	:	Key	71	DOWN	at	2192899 
2197799	[4900]	:	time Target is 2197799
2198596	[797]	:	Key	71	DOWN	at	2198596 
2203138	[4542]	:	time Target is 2203138
2203843	[705]	:	Key	71	DOWN	at	2203843 
2208475	[4632]	:	time Target is 2208475
2213799	[5324]	:	time Target is 2213799
2219118	[5319]	:	time Target is 2219118
2219588	[470]	:	Key	71	DOWN	at	2219587 
2224452	[4864]	:	time Target is 2224452
2225089	[637]	:	Key	71	DOWN	at	2225089 
2229787	[4698]	:	time Target is 2229787
2235105	[5318]	:	time Target is 2235105
2240428	[5323]	:	time Target is 2240428
2245750	[5322]	:	time Target is 2245750
2251071	[5321]	:	time Target is 2251071
2256390	[5319]	:	time Target is 2256390
2261711	[5321]	:	time Target is 2261711
2262242	[531]	:	Key	71	DOWN	at	2262242 
2267046	[4804]	:	time Target is 2267046
2267714	[668]	:	Key	71	DOWN	at	2267714 
2272380	[4666]	:	time Target is 2272380
2272852	[472]	:	Key	71	DOWN	at	2272851 
2277713	[4861]	:	time Target is 2277713
2278110	[397]	:	Key	71	DOWN	at	2278110 
2283051	[4941]	:	time Target is 2283051
2288370	[5319]	:	time Target is 2288370
2293689	[5319]	:	time Target is 2293689
2294386	[697]	:	Key	71	DOWN	at	2294386 
2299030	[4644]	:	time Target is 2299030
2304352	[5322]	:	time Target is 2304352
2309676	[5324]	:	time Target is 2309676
2315032	[5356]	:	time Target is 2315032
2315663	[631]	:	Key	71	DOWN	at	2315663 
2319339	[3676]	:	Key	71	UP	at	2315823 
2323713	[4374]	:	Key	71	DOWN	at	2323713 
2323902	[189]	:	Key	71	UP	at	2323902 
2331649	[7747]	:	Key	76	DOWN	at	2331649 
2331826	[177]	:	Key	76	UP	at	2331826 
2340832	[9006]	:	Key	28	DOWN	at	2340832 
2341090	[258]	:	Key	28	UP	at	2341090 
2345729	[4639]	:	Key	29	DOWN	at	2345728 
2345923	[194]	:	Key	29	UP	at	2345923 
2351251	[5328]	:	Key	28	DOWN	at	2351250 
2351411	[160]	:	Key	28	UP	at	2351411 
2353072	[1661]	:	Key	28	DOWN	at	2353072 
2353236	[164]	:	Key	28	UP	at	2353235 
2355230	[1994]	:	Key	28	DOWN	at	2355230 
2355363	[133]	:	Key	28	UP	at	2355363 
2356160	[797]	:	Key	28	DOWN	at	2356160 
2356291	[131]	:	Key	28	UP	at	2356291 
2377314	[21023]	:	Key	29	DOWN	at	2377314 
2377456	[142]	:	Key	29	UP	at	2377456 
2378735	[1279]	:	Key	29	DOWN	at	2378735 
2378851	[116]	:	Key	29	UP	at	2378851 
2385363	[6512]	:	Key	29	DOWN	at	2385363 
2385455	[92]	:	Key	29	UP	at	2385455 
2386415	[960]	:	Key	28	DOWN	at	2386415 
2386480	[65]	:	Key	28	UP	at	2386480 
2391230	[4750]	:	Key	28	DOWN	at	2391230 
2391348	[118]	:	Key	28	UP	at	2391347 
2393279	[1931]	:	Key	29	DOWN	at	2393278 
2393426	[147]	:	Key	29	UP	at	2393426 
2395695	[2269]	:	Key	28	DOWN	at	2395695 
2395793	[98]	:	Key	28	UP	at	2395793 
2396707	[914]	:	Key	28	DOWN	at	2396706 
2396865	[158]	:	Key	28	UP	at	2396865 
2398723	[1858]	:	Key	29	DOWN	at	2398723 
2398865	[142]	:	Key	29	UP	at	2398864 
2400371	[1506]	:	Key	29	DOWN	at	2400371 
2400387	[16]	:	COGENT STOP
