Cog2000 log file Sun Sep 29 13:04:14 2019
gprim v1.33 Compiled:Aug 12 2015 (GLib DirectDraw v7 DX12.0 Compiled:Aug 12 2015)
Display:1024x768x32 59.99Hz
Attaching C:\Program Files\Cogent2000v1.33\Toolbox\CogInput.mexw64
CogInput v1.05 Compiled: May 20 2010
4	[4]	:	COGENT START
8064	[8060]	:	Key	71	DOWN	at	8060    
8140	[76]	:	Key	71	UP	at	8140    
28093	[19953]	:	Key	71	DOWN	at	28091   
28238	[145]	:	Key	71	UP	at	28236   
33152	[4914]	:	Key	71	DOWN	at	33148   
33244	[92]	:	Key	71	UP	at	33243   
45405	[12161]	:	Key	71	DOWN	at	45404   
45514	[109]	:	Key	71	UP	at	45514   
61512	[15998]	:	Key	71	DOWN	at	61511   
61625	[113]	:	Key	71	UP	at	61624   
79593	[17968]	:	Key	71	DOWN	at	79593   
80519	[926]	:	time Target is 80506
80956	[437]	:	Key	71	DOWN	at	80956   
86628	[5672]	:	time Target is 86627
87242	[614]	:	Key	71	DOWN	at	87242   
92721	[5479]	:	time Target is 92720
93003	[282]	:	Key	71	DOWN	at	93003   
98842	[5839]	:	time Target is 98841
99385	[543]	:	Key	71	DOWN	at	99385   
108987	[9602]	:	Key	71	DOWN	at	108986  
110055	[1068]	:	time Target is 110051
116392	[6337]	:	time Target is 116391
122713	[6321]	:	time Target is 122713
129038	[6325]	:	time Target is 129038
149147	[20109]	:	Key	71	DOWN	at	149146  
149323	[176]	:	Key	71	UP	at	149323  
153804	[4481]	:	Key	71	DOWN	at	153804  
154010	[206]	:	Key	71	UP	at	154010  
158746	[4736]	:	Key	71	DOWN	at	158746  
158920	[174]	:	Key	71	UP	at	158920  
168108	[9188]	:	Key	71	DOWN	at	168108  
168265	[157]	:	Key	71	UP	at	168265  
172957	[4692]	:	Key	71	DOWN	at	172956  
173775	[818]	:	Key	71	UP	at	173144  
173803	[28]	:	time Target is 173803
174139	[336]	:	Key	71	DOWN	at	174139  
178905	[4766]	:	time Target is 178905
179436	[531]	:	Key	71	DOWN	at	179436  
184006	[4570]	:	time Target is 184005
184586	[580]	:	Key	71	DOWN	at	184585  
189106	[4520]	:	time Target is 189106
189547	[441]	:	Key	71	DOWN	at	189547  
194212	[4665]	:	time Target is 194211
194636	[424]	:	Key	71	DOWN	at	194636  
198524	[3888]	:	Key	71	UP	at	194889  
202217	[3693]	:	Key	71	DOWN	at	202217  
203010	[793]	:	Key	71	UP	at	202411  
203036	[26]	:	time Target is 203036
214970	[11934]	:	Key	71	DOWN	at	214970  
215113	[143]	:	Key	71	UP	at	215112  
219308	[4195]	:	Key	71	DOWN	at	219308  
220100	[792]	:	Key	71	UP	at	219499  
220116	[16]	:	time Target is 220116
225186	[5070]	:	time Target is 225186
225933	[747]	:	Key	71	DOWN	at	225932  
230273	[4340]	:	time Target is 230273
235352	[5079]	:	time Target is 235352
247692	[12340]	:	Key	71	DOWN	at	247691  
247866	[174]	:	Key	71	UP	at	247866  
251501	[3635]	:	Key	71	DOWN	at	251500  
252292	[791]	:	Key	71	UP	at	251690  
252314	[22]	:	time Target is 252314
257394	[5080]	:	time Target is 257394
257757	[363]	:	Key	71	DOWN	at	257757  
262476	[4719]	:	time Target is 262476
267553	[5077]	:	time Target is 267552
268344	[791]	:	Key	71	DOWN	at	268344  
271851	[3507]	:	Key	71	UP	at	268445  
280969	[9118]	:	Key	71	DOWN	at	280968  
281112	[143]	:	Key	71	UP	at	281112  
284680	[3568]	:	Key	71	DOWN	at	284680  
285461	[781]	:	Key	71	UP	at	284841  
285482	[21]	:	time Target is 285482
290556	[5074]	:	time Target is 290556
290937	[381]	:	Key	71	DOWN	at	290937  
295643	[4706]	:	time Target is 295643
300711	[5068]	:	time Target is 300711
312844	[12133]	:	Key	71	DOWN	at	312844  
313067	[223]	:	Key	71	UP	at	313066  
329368	[16301]	:	Key	71	DOWN	at	329368  
329515	[147]	:	Key	71	UP	at	329514  
345337	[15822]	:	Key	71	DOWN	at	345336  
345529	[192]	:	Key	71	UP	at	345529  
358699	[13170]	:	Key	71	DOWN	at	358698  
358891	[192]	:	Key	71	UP	at	358890  
364345	[5454]	:	Key	71	DOWN	at	364345  
366913	[2568]	:	time Target is 366913
367323	[410]	:	Key	71	DOWN	at	367322  
372258	[4935]	:	time Target is 372258
372652	[394]	:	Key	71	DOWN	at	372652  
377601	[4949]	:	time Target is 377601
377981	[380]	:	Key	71	DOWN	at	377980  
382686	[4705]	:	Key	71	DOWN	at	382378  
382687	[1]	:	Key	71	UP	at	382620  
385515	[2828]	:	time Target is 385515
386154	[639]	:	Key	71	DOWN	at	386154  
390862	[4708]	:	time Target is 390862
391242	[380]	:	Key	71	DOWN	at	391242  
396195	[4953]	:	time Target is 396195
401520	[5325]	:	time Target is 401520
406844	[5324]	:	time Target is 406844
412206	[5362]	:	time Target is 412206
417535	[5329]	:	time Target is 417535
417993	[458]	:	Key	71	DOWN	at	417993  
422873	[4880]	:	time Target is 422873
428186	[5313]	:	time Target is 428186
428586	[400]	:	Key	71	DOWN	at	428586  
433525	[4939]	:	time Target is 433525
438845	[5320]	:	time Target is 438845
444167	[5322]	:	time Target is 444167
444765	[598]	:	Key	71	DOWN	at	444764  
449504	[4739]	:	time Target is 449504
454824	[5320]	:	time Target is 454824
460144	[5320]	:	time Target is 460144
460909	[765]	:	Key	71	DOWN	at	460909  
465482	[4573]	:	time Target is 465482
470801	[5319]	:	time Target is 470801
471470	[669]	:	Key	71	DOWN	at	471469  
476144	[4674]	:	time Target is 476144
481468	[5324]	:	time Target is 481468
486789	[5321]	:	time Target is 486789
487501	[712]	:	Key	71	DOWN	at	487500  
492130	[4629]	:	time Target is 492130
497478	[5348]	:	time Target is 497478
497771	[293]	:	Key	71	DOWN	at	497771  
502818	[5047]	:	time Target is 502818
503900	[1082]	:	Key	71	DOWN	at	503900  
508188	[4288]	:	time Target is 508188
513511	[5323]	:	time Target is 513511
518830	[5319]	:	time Target is 518830
519849	[1019]	:	Key	71	DOWN	at	519847  
524181	[4332]	:	time Target is 524181
525643	[1462]	:	Key	71	DOWN	at	525642  
529536	[3893]	:	time Target is 529536
534859	[5323]	:	time Target is 534859
535849	[990]	:	Key	71	DOWN	at	535848  
540194	[4345]	:	time Target is 540194
545521	[5327]	:	time Target is 545521
550850	[5329]	:	time Target is 550850
556169	[5319]	:	time Target is 556169
556510	[341]	:	Key	71	DOWN	at	556509  
561511	[5001]	:	time Target is 561511
566835	[5324]	:	time Target is 566835
572156	[5321]	:	time Target is 572156
572652	[496]	:	Key	71	DOWN	at	572651  
577492	[4840]	:	time Target is 577492
578617	[1125]	:	Key	71	DOWN	at	578617  
582833	[4216]	:	time Target is 582833
583245	[412]	:	Key	71	DOWN	at	583245  
588168	[4923]	:	time Target is 588168
593492	[5324]	:	time Target is 593492
593832	[340]	:	Key	71	DOWN	at	593832  
598837	[5005]	:	time Target is 598837
599293	[456]	:	Key	71	DOWN	at	599293  
604174	[4881]	:	time Target is 604174
604510	[336]	:	Key	71	DOWN	at	604509  
609512	[5002]	:	time Target is 609512
614831	[5319]	:	time Target is 614831
615225	[394]	:	Key	71	DOWN	at	615224  
620160	[4935]	:	time Target is 620160
625483	[5323]	:	time Target is 625483
626282	[799]	:	Key	71	DOWN	at	626282  
630822	[4540]	:	time Target is 630822
636141	[5319]	:	time Target is 636141
636555	[414]	:	Key	71	DOWN	at	636555  
641480	[4925]	:	time Target is 641480
646796	[5316]	:	time Target is 646796
647194	[398]	:	Key	71	DOWN	at	647194  
652139	[4945]	:	time Target is 652139
653020	[881]	:	Key	71	DOWN	at	653020  
657474	[4454]	:	time Target is 657474
657852	[378]	:	Key	71	DOWN	at	657852  
662811	[4959]	:	time Target is 662811
668131	[5320]	:	time Target is 668131
668443	[312]	:	Key	71	DOWN	at	668443  
673475	[5032]	:	time Target is 673474
674013	[538]	:	Key	71	DOWN	at	674013  
678809	[4796]	:	time Target is 678809
684126	[5317]	:	time Target is 684126
689469	[5343]	:	time Target is 689469
689753	[284]	:	Key	71	DOWN	at	689752  
694826	[5073]	:	time Target is 694826
695210	[384]	:	Key	71	DOWN	at	695210  
700163	[4953]	:	time Target is 700163
700538	[375]	:	Key	71	DOWN	at	700537  
705500	[4962]	:	time Target is 705500
705995	[495]	:	Key	71	DOWN	at	705995  
710835	[4840]	:	time Target is 710835
711340	[505]	:	Key	71	DOWN	at	711340  
716173	[4833]	:	time Target is 716173
716587	[414]	:	Key	71	DOWN	at	716586  
721498	[4911]	:	Key	71	DOWN	at	721276  
721499	[1]	:	Key	71	UP	at	721416  
724311	[2812]	:	time Target is 724311
729638	[5327]	:	time Target is 729638
734962	[5324]	:	time Target is 734962
735309	[347]	:	Key	71	DOWN	at	735309  
740298	[4989]	:	time Target is 740298
745623	[5325]	:	time Target is 745623
745915	[292]	:	Key	71	DOWN	at	745914  
750978	[5063]	:	time Target is 750978
751259	[281]	:	Key	71	DOWN	at	751259  
756331	[5072]	:	time Target is 756331
761658	[5327]	:	time Target is 761658
762012	[354]	:	Key	71	DOWN	at	762011  
766999	[4987]	:	time Target is 766999
767355	[356]	:	Key	71	DOWN	at	767355  
772339	[4984]	:	time Target is 772339
772713	[374]	:	Key	71	DOWN	at	772713  
777675	[4962]	:	time Target is 777675
778120	[445]	:	Key	71	DOWN	at	778120  
783011	[4891]	:	time Target is 783011
783865	[854]	:	Key	71	DOWN	at	783864  
788376	[4511]	:	time Target is 788376
788878	[502]	:	Key	71	DOWN	at	788877  
793710	[4832]	:	time Target is 793710
794028	[318]	:	Key	71	DOWN	at	794028  
799046	[5018]	:	time Target is 799046
799533	[487]	:	Key	71	DOWN	at	799533  
804385	[4852]	:	time Target is 804385
805021	[636]	:	Key	71	DOWN	at	805020  
809720	[4699]	:	time Target is 809720
810013	[293]	:	Key	71	DOWN	at	810013  
815059	[5046]	:	time Target is 815059
820372	[5313]	:	time Target is 820372
825695	[5323]	:	time Target is 825695
826059	[364]	:	Key	71	DOWN	at	826058  
831052	[4993]	:	time Target is 831052
831389	[337]	:	Key	71	DOWN	at	831389  
836383	[4994]	:	time Target is 836383
837097	[714]	:	Key	71	DOWN	at	837097  
840693	[3596]	:	Key	71	UP	at	837276  
847915	[7222]	:	Key	71	DOWN	at	847915  
848704	[789]	:	Key	71	UP	at	848109  
848973	[269]	:	time Target is 848973
849480	[507]	:	Key	71	DOWN	at	849480  
854316	[4836]	:	time Target is 854316
854701	[385]	:	Key	71	DOWN	at	854700  
859657	[4956]	:	time Target is 859657
864980	[5323]	:	time Target is 864980
865453	[473]	:	Key	71	DOWN	at	865453  
870314	[4861]	:	time Target is 870314
870621	[307]	:	Key	71	DOWN	at	870620  
875648	[5027]	:	time Target is 875648
880971	[5323]	:	time Target is 880971
881448	[477]	:	Key	71	DOWN	at	881448  
886309	[4861]	:	time Target is 886309
886665	[356]	:	Key	71	DOWN	at	886664  
891647	[4982]	:	time Target is 891647
896972	[5325]	:	time Target is 896972
897308	[336]	:	Key	71	DOWN	at	897308  
902309	[5001]	:	time Target is 902309
907371	[5062]	:	Key	71	DOWN	at	907096  
907371	[0]	:	Key	71	UP	at	907257  
910187	[2816]	:	time Target is 910187
910508	[321]	:	Key	71	DOWN	at	910508  
915522	[5014]	:	time Target is 915522
916121	[599]	:	Key	71	DOWN	at	916121  
920859	[4738]	:	time Target is 920859
921178	[319]	:	Key	71	DOWN	at	921178  
926196	[5018]	:	time Target is 926196
926605	[409]	:	Key	71	DOWN	at	926605  
931535	[4930]	:	time Target is 931535
932285	[750]	:	Key	71	DOWN	at	932285  
936604	[4319]	:	Key	71	DOWN	at	936429  
936605	[1]	:	Key	71	UP	at	936589  
939424	[2819]	:	time Target is 939424
940156	[732]	:	Key	71	DOWN	at	940156  
944761	[4605]	:	time Target is 944761
945259	[498]	:	Key	71	DOWN	at	945259  
950127	[4868]	:	time Target is 950127
950429	[302]	:	Key	71	DOWN	at	950428  
955467	[5038]	:	time Target is 955467
960802	[5335]	:	time Target is 960802
966121	[5319]	:	time Target is 966121
971445	[5324]	:	time Target is 971445
976760	[5315]	:	time Target is 976760
978184	[1424]	:	Key	71	DOWN	at	978184  
982093	[3909]	:	time Target is 982093
987151	[5058]	:	Key	71	DOWN	at	986792  
987152	[1]	:	Key	71	UP	at	986956  
989967	[2815]	:	time Target is 989967
990442	[475]	:	Key	71	DOWN	at	990442  
995302	[4860]	:	time Target is 995302
1000627	[5325]	:	time Target is 1000627
1001338	[711]	:	Key	71	DOWN	at	1001338 
1005963	[4625]	:	time Target is 1005963
1011284	[5321]	:	time Target is 1011284
1011709	[425]	:	Key	71	DOWN	at	1011708 
1016634	[4925]	:	time Target is 1016634
1021956	[5322]	:	time Target is 1021956
1022427	[471]	:	Key	71	DOWN	at	1022427 
1027294	[4867]	:	time Target is 1027294
1032615	[5321]	:	time Target is 1032615
1033405	[790]	:	Key	71	DOWN	at	1033405 
1037959	[4554]	:	time Target is 1037959
1038796	[837]	:	Key	71	DOWN	at	1038796 
1043297	[4501]	:	time Target is 1043297
1044093	[796]	:	Key	71	DOWN	at	1044093 
1048638	[4545]	:	time Target is 1048638
1053963	[5325]	:	time Target is 1053963
1054537	[574]	:	Key	71	DOWN	at	1054536 
1059299	[4762]	:	time Target is 1059299
1059805	[506]	:	Key	71	DOWN	at	1059804 
1064640	[4835]	:	time Target is 1064640
1069958	[5318]	:	time Target is 1069958
1075279	[5321]	:	time Target is 1075279
1075612	[333]	:	Key	71	DOWN	at	1075612 
1080616	[5004]	:	time Target is 1080616
1085940	[5324]	:	time Target is 1085940
1086251	[311]	:	Key	71	DOWN	at	1086251 
1091275	[5024]	:	time Target is 1091275
1091641	[366]	:	Key	71	DOWN	at	1091641 
1096610	[4969]	:	time Target is 1096610
1097083	[473]	:	Key	71	DOWN	at	1097083 
1101947	[4864]	:	time Target is 1101947
1102412	[465]	:	Key	71	DOWN	at	1102412 
1107283	[4871]	:	time Target is 1107283
1107642	[359]	:	Key	71	DOWN	at	1107641 
1112626	[4984]	:	time Target is 1112626
1113304	[678]	:	Key	71	DOWN	at	1113304 
1117959	[4655]	:	time Target is 1117959
1118539	[580]	:	Key	71	DOWN	at	1118539 
1123293	[4754]	:	time Target is 1123293
1123785	[492]	:	Key	71	DOWN	at	1123785 
1128629	[4844]	:	time Target is 1128629
1133951	[5322]	:	time Target is 1133951
1134765	[814]	:	Key	71	DOWN	at	1134764 
1139287	[4522]	:	time Target is 1139287
1144612	[5325]	:	time Target is 1144612
1144940	[328]	:	Key	71	DOWN	at	1144940 
1149953	[5013]	:	time Target is 1149953
1150957	[1004]	:	Key	71	DOWN	at	1150957 
1155292	[4335]	:	time Target is 1155292
1160610	[5318]	:	time Target is 1160610
1165932	[5322]	:	time Target is 1165932
1166300	[368]	:	Key	71	DOWN	at	1166300 
1171272	[4972]	:	time Target is 1171272
1176591	[5319]	:	time Target is 1176591
1176908	[317]	:	Key	71	DOWN	at	1176907 
1181924	[5016]	:	time Target is 1181924
1182251	[327]	:	Key	71	DOWN	at	1182249 
1187264	[5013]	:	time Target is 1187264
1187596	[332]	:	Key	71	DOWN	at	1187595 
1192342	[4746]	:	Key	71	DOWN	at	1192042 
1192343	[1]	:	Key	71	UP	at	1192171 
1195175	[2832]	:	time Target is 1195175
1195560	[385]	:	Key	71	DOWN	at	1195560 
1200514	[4954]	:	time Target is 1200514
1205839	[5325]	:	time Target is 1205839
1206237	[398]	:	Key	71	DOWN	at	1206237 
1211175	[4938]	:	time Target is 1211175
1211498	[323]	:	Key	71	DOWN	at	1211498 
1216514	[5016]	:	time Target is 1216514
1217977	[1463]	:	Key	71	DOWN	at	1217977 
1221855	[3878]	:	time Target is 1221855
1222142	[287]	:	Key	71	DOWN	at	1222141 
1227193	[5051]	:	time Target is 1227193
1227596	[403]	:	Key	71	DOWN	at	1227596 
1232535	[4939]	:	time Target is 1232535
1232873	[338]	:	Key	71	DOWN	at	1232873 
1237872	[4999]	:	time Target is 1237872
1238174	[302]	:	Key	71	DOWN	at	1238173 
1243200	[5026]	:	time Target is 1243200
1248523	[5323]	:	time Target is 1248523
1248857	[334]	:	Key	71	DOWN	at	1248857 
1253853	[4996]	:	time Target is 1253853
1259173	[5320]	:	time Target is 1259173
1264504	[5331]	:	time Target is 1264504
1264926	[422]	:	Key	71	DOWN	at	1264925 
1269841	[4915]	:	time Target is 1269841
1270269	[428]	:	Key	71	DOWN	at	1270268 
1275184	[4915]	:	time Target is 1275184
1280507	[5323]	:	time Target is 1280507
1280908	[401]	:	Key	71	DOWN	at	1280907 
1285849	[4941]	:	time Target is 1285849
1286490	[641]	:	Key	71	DOWN	at	1286490 
1291178	[4688]	:	time Target is 1291178
1296498	[5320]	:	time Target is 1296498
1301820	[5322]	:	time Target is 1301820
1302138	[318]	:	Key	71	DOWN	at	1302137 
1307156	[5018]	:	time Target is 1307156
1312482	[5326]	:	time Target is 1312482
1313451	[969]	:	Key	71	DOWN	at	1313450 
1316805	[3354]	:	Key	71	UP	at	1313644 
1331992	[15187]	:	Key	71	DOWN	at	1331992 
1332157	[165]	:	Key	71	UP	at	1332157 
1333849	[1692]	:	Key	71	DOWN	at	1333848 
1334642	[793]	:	Key	71	UP	at	1333976 
1334911	[269]	:	time Target is 1334911
1336173	[1262]	:	Key	71	DOWN	at	1336172 
1340250	[4077]	:	time Target is 1340250
1340670	[420]	:	Key	71	DOWN	at	1340669 
1345324	[4654]	:	Key	71	DOWN	at	1344985 
1345325	[1]	:	Key	71	UP	at	1345115 
1348140	[2815]	:	time Target is 1348140
1348637	[497]	:	Key	71	DOWN	at	1348636 
1353467	[4830]	:	time Target is 1353467
1354203	[736]	:	Key	71	DOWN	at	1354203 
1358811	[4608]	:	time Target is 1358811
1359308	[497]	:	Key	71	DOWN	at	1359308 
1364151	[4843]	:	time Target is 1364151
1369478	[5327]	:	time Target is 1369478
1374801	[5323]	:	time Target is 1374801
1376141	[1340]	:	Key	71	DOWN	at	1376141 
1380144	[4003]	:	time Target is 1380144
1380443	[299]	:	Key	71	DOWN	at	1380443 
1385473	[5030]	:	time Target is 1385473
1390797	[5324]	:	time Target is 1390797
1396123	[5326]	:	time Target is 1396123
1396716	[593]	:	Key	71	DOWN	at	1396716 
1401461	[4745]	:	time Target is 1401461
1406780	[5319]	:	time Target is 1406780
1407086	[306]	:	Key	71	DOWN	at	1407085 
1412116	[5030]	:	time Target is 1412116
1417440	[5324]	:	time Target is 1417440
1417754	[314]	:	Key	71	DOWN	at	1417754 
1422792	[5038]	:	time Target is 1422792
1423067	[275]	:	Key	71	DOWN	at	1423066 
1428129	[5062]	:	time Target is 1428129
1428413	[284]	:	Key	71	DOWN	at	1428413 
1433466	[5053]	:	time Target is 1433466
1433770	[304]	:	Key	71	DOWN	at	1433769 
1438806	[5036]	:	time Target is 1438806
1439134	[328]	:	Key	71	DOWN	at	1439133 
1444146	[5012]	:	time Target is 1444146
1449472	[5326]	:	time Target is 1449472
1450045	[573]	:	Key	71	DOWN	at	1450045 
1454813	[4768]	:	time Target is 1454813
1455084	[271]	:	Key	71	DOWN	at	1455083 
1460151	[5067]	:	time Target is 1460151
1465478	[5327]	:	time Target is 1465478
1470798	[5320]	:	time Target is 1470798
1476119	[5321]	:	time Target is 1476119
1481442	[5323]	:	time Target is 1481442
1481741	[299]	:	Key	71	DOWN	at	1481741 
1486772	[5031]	:	time Target is 1486772
1492095	[5323]	:	time Target is 1492095
1492425	[330]	:	Key	71	DOWN	at	1492425 
1497438	[5013]	:	time Target is 1497438
1497737	[299]	:	Key	71	DOWN	at	1497736 
1502778	[5041]	:	time Target is 1502778
1508099	[5321]	:	time Target is 1508099
1513423	[5324]	:	time Target is 1513423
1513708	[285]	:	Key	71	DOWN	at	1513707 
1518759	[5051]	:	time Target is 1518759
1524078	[5319]	:	time Target is 1524078
1524428	[350]	:	Key	71	DOWN	at	1524427 
1529413	[4985]	:	time Target is 1529413
1529737	[324]	:	Key	71	DOWN	at	1529737 
1534748	[5011]	:	time Target is 1534748
1535096	[348]	:	Key	71	DOWN	at	1535096 
1540086	[4990]	:	time Target is 1540086
1540426	[340]	:	Key	71	DOWN	at	1540426 
1545425	[4999]	:	time Target is 1545425
1550747	[5322]	:	time Target is 1550747
1551097	[350]	:	Key	71	DOWN	at	1551096 
1556091	[4994]	:	time Target is 1556091
1561413	[5322]	:	time Target is 1561413
1562140	[727]	:	Key	71	DOWN	at	1562140 
1566748	[4608]	:	time Target is 1566748
1567593	[845]	:	Key	71	DOWN	at	1567593 
1572084	[4491]	:	time Target is 1572084
1577400	[5316]	:	time Target is 1577400
1582723	[5323]	:	time Target is 1582723
1588039	[5316]	:	time Target is 1588039
1588331	[292]	:	Key	71	DOWN	at	1588331 
1593378	[5047]	:	time Target is 1593378
1598698	[5320]	:	time Target is 1598698
1604018	[5320]	:	time Target is 1604018
1609336	[5318]	:	time Target is 1609336
1614657	[5321]	:	time Target is 1614657
1615370	[713]	:	Key	71	DOWN	at	1615370 
1619993	[4623]	:	time Target is 1619993
1620302	[309]	:	Key	71	DOWN	at	1620302 
1625322	[5020]	:	time Target is 1625322
1625626	[304]	:	Key	71	DOWN	at	1625626 
1630658	[5032]	:	time Target is 1630658
1631068	[410]	:	Key	71	DOWN	at	1631068 
1635993	[4925]	:	time Target is 1635993
1637309	[1316]	:	Key	71	DOWN	at	1637308 
1641324	[4015]	:	time Target is 1641324
1641661	[337]	:	Key	71	DOWN	at	1641661 
1646668	[5007]	:	time Target is 1646668
1647100	[432]	:	Key	71	DOWN	at	1647099 
1652004	[4904]	:	time Target is 1652004
1657327	[5323]	:	time Target is 1657327
1662654	[5327]	:	time Target is 1662654
1667977	[5323]	:	time Target is 1667977
1668221	[244]	:	Key	71	DOWN	at	1668220 
1673316	[5095]	:	time Target is 1673316
1673662	[346]	:	Key	71	DOWN	at	1673662 
1678668	[5006]	:	time Target is 1678668
1679242	[574]	:	Key	71	DOWN	at	1679242 
1684003	[4761]	:	time Target is 1684003
1684301	[298]	:	Key	71	DOWN	at	1684301 
1689343	[5042]	:	time Target is 1689343
1689755	[412]	:	Key	71	DOWN	at	1689755 
1694675	[4920]	:	time Target is 1694675
1695164	[489]	:	Key	71	DOWN	at	1695164 
1700010	[4846]	:	time Target is 1700010
1705331	[5321]	:	time Target is 1705331
1710660	[5329]	:	time Target is 1710660
1715984	[5324]	:	time Target is 1715984
1716137	[153]	:	Key	71	DOWN	at	1716136 
1721324	[5187]	:	time Target is 1721324
1726653	[5329]	:	time Target is 1726653
1731975	[5322]	:	time Target is 1731975
1732379	[404]	:	Key	71	DOWN	at	1732379 
1737307	[4928]	:	time Target is 1737307
1742370	[5063]	:	Key	71	DOWN	at	1742360 
1745187	[2817]	:	time Target is 1745187
1750522	[5335]	:	time Target is 1750522
1751145	[623]	:	Key	71	DOWN	at	1751144 
1755863	[4718]	:	time Target is 1755863
1756186	[323]	:	Key	71	DOWN	at	1756186 
1761197	[5011]	:	time Target is 1761197
1762366	[1169]	:	Key	71	DOWN	at	1762366 
1766544	[4178]	:	time Target is 1766544
1771867	[5323]	:	time Target is 1771867
1772203	[336]	:	Key	71	DOWN	at	1772203 
1777202	[4999]	:	time Target is 1777202
1777614	[412]	:	Key	71	DOWN	at	1777613 
1782547	[4933]	:	time Target is 1782547
1782810	[263]	:	Key	71	DOWN	at	1782809 
1787888	[5078]	:	time Target is 1787888
1793206	[5318]	:	time Target is 1793206
1798532	[5326]	:	time Target is 1798532
1798862	[330]	:	Key	71	DOWN	at	1798861 
1803869	[5007]	:	time Target is 1803869
1804219	[350]	:	Key	71	DOWN	at	1804219 
1808159	[3940]	:	Key	71	UP	at	1804344 
1810857	[2698]	:	Key	71	DOWN	at	1810857 
1811647	[790]	:	Key	71	UP	at	1811000 
1811915	[268]	:	time Target is 1811915
1817235	[5320]	:	time Target is 1817235
1822556	[5321]	:	time Target is 1822556
1822860	[304]	:	Key	71	DOWN	at	1822859 
1827893	[5033]	:	time Target is 1827893
1833208	[5315]	:	time Target is 1833208
1838530	[5322]	:	time Target is 1838530
1838826	[296]	:	Key	71	DOWN	at	1838826 
1843862	[5036]	:	time Target is 1843862
1844363	[501]	:	Key	71	DOWN	at	1844362 
1849197	[4834]	:	time Target is 1849197
1854519	[5322]	:	time Target is 1854519
1859839	[5320]	:	time Target is 1859839
1860333	[494]	:	Key	71	DOWN	at	1860333 
1865175	[4842]	:	time Target is 1865175
1865611	[436]	:	Key	71	DOWN	at	1865610 
1870518	[4907]	:	time Target is 1870518
1875837	[5319]	:	time Target is 1875837
1881157	[5320]	:	time Target is 1881157
1881612	[455]	:	Key	71	DOWN	at	1881611 
1886500	[4888]	:	time Target is 1886500
1891822	[5322]	:	time Target is 1891822
1892169	[347]	:	Key	71	DOWN	at	1892168 
1897157	[4988]	:	time Target is 1897157
1898474	[1317]	:	Key	71	DOWN	at	1898473 
1902491	[4017]	:	time Target is 1902491
1907812	[5321]	:	time Target is 1907812
1908553	[741]	:	Key	71	DOWN	at	1908552 
1913150	[4597]	:	time Target is 1913150
1918472	[5322]	:	time Target is 1918472
1918793	[321]	:	Key	71	DOWN	at	1918793 
1923804	[5011]	:	time Target is 1923804
1924156	[352]	:	Key	71	DOWN	at	1924156 
1929142	[4986]	:	time Target is 1929142
1929582	[440]	:	Key	71	DOWN	at	1929581 
1934485	[4903]	:	time Target is 1934485
1935419	[934]	:	Key	71	DOWN	at	1935418 
1939808	[4389]	:	time Target is 1939808
1940285	[477]	:	Key	71	DOWN	at	1940284 
1945140	[4855]	:	time Target is 1945140
1950466	[5326]	:	time Target is 1950466
1955787	[5321]	:	time Target is 1955787
1961111	[5324]	:	time Target is 1961111
1966434	[5323]	:	time Target is 1966434
1971754	[5320]	:	time Target is 1971754
1972041	[287]	:	Key	71	DOWN	at	1972041 
1977093	[5052]	:	time Target is 1977093
1977357	[264]	:	Key	71	DOWN	at	1977356 
1982420	[5063]	:	time Target is 1982420
1982697	[277]	:	Key	71	DOWN	at	1982697 
1987764	[5067]	:	time Target is 1987764
1993087	[5323]	:	time Target is 1993087
1993706	[619]	:	Key	71	DOWN	at	1993706 
1998426	[4720]	:	time Target is 1998426
2003747	[5321]	:	time Target is 2003747
2009071	[5324]	:	time Target is 2009071
2009453	[382]	:	Key	71	DOWN	at	2009452 
2014424	[4971]	:	time Target is 2014424
2014891	[467]	:	Key	71	DOWN	at	2014891 
2019764	[4873]	:	time Target is 2019764
2025080	[5316]	:	time Target is 2025080
2025358	[278]	:	Key	71	DOWN	at	2025357 
2030448	[5090]	:	time Target is 2030448
2035770	[5322]	:	time Target is 2035770
2037244	[1474]	:	Key	71	DOWN	at	2037243 
2041104	[3860]	:	time Target is 2041104
2041402	[298]	:	Key	71	DOWN	at	2041402 
2046448	[5046]	:	time Target is 2046448
2051766	[5318]	:	time Target is 2051766
2057081	[5315]	:	time Target is 2057081
2062396	[5315]	:	time Target is 2062396
2062650	[254]	:	Key	71	DOWN	at	2062650 
2067735	[5085]	:	time Target is 2067735
2073054	[5319]	:	time Target is 2073054
2078377	[5323]	:	time Target is 2078377
2083699	[5322]	:	time Target is 2083699
2089023	[5324]	:	time Target is 2089023
2094344	[5321]	:	time Target is 2094344
2094617	[273]	:	Key	71	DOWN	at	2094616 
2099683	[5066]	:	time Target is 2099683
2105006	[5323]	:	time Target is 2105006
2105867	[861]	:	Key	71	DOWN	at	2105867 
2110348	[4481]	:	time Target is 2110348
2111055	[707]	:	Key	71	DOWN	at	2111054 
2115704	[4649]	:	time Target is 2115704
2116379	[675]	:	Key	71	DOWN	at	2116379 
2121033	[4654]	:	time Target is 2121033
2121339	[306]	:	Key	71	DOWN	at	2121339 
2126376	[5037]	:	time Target is 2126376
2131697	[5321]	:	time Target is 2131697
2137020	[5323]	:	time Target is 2137020
2142343	[5323]	:	time Target is 2142343
2147666	[5323]	:	time Target is 2147666
2147929	[263]	:	Key	71	DOWN	at	2147929 
2153007	[5078]	:	time Target is 2153007
2153337	[330]	:	Key	71	DOWN	at	2153337 
2158339	[5002]	:	time Target is 2158339
2158633	[294]	:	Key	71	DOWN	at	2158633 
2163683	[5050]	:	time Target is 2163683
2164013	[330]	:	Key	71	DOWN	at	2164013 
2169019	[5006]	:	time Target is 2169019
2174336	[5317]	:	time Target is 2174336
2179663	[5327]	:	time Target is 2179663
2180025	[362]	:	Key	71	DOWN	at	2180025 
2185004	[4979]	:	time Target is 2185004
2190329	[5325]	:	time Target is 2190329
2195653	[5324]	:	time Target is 2195653
2196089	[436]	:	Key	71	DOWN	at	2196089 
2200992	[4903]	:	time Target is 2200992
2206317	[5325]	:	time Target is 2206317
2206653	[336]	:	Key	71	DOWN	at	2206653 
2211648	[4995]	:	time Target is 2211648
2211978	[330]	:	Key	71	DOWN	at	2211978 
2216982	[5004]	:	time Target is 2216982
2217257	[275]	:	Key	71	DOWN	at	2217257 
2222325	[5068]	:	time Target is 2222325
2227646	[5321]	:	time Target is 2227646
2232970	[5324]	:	time Target is 2232970
2238289	[5319]	:	time Target is 2238289
2238585	[296]	:	Key	71	DOWN	at	2238585 
2243622	[5037]	:	time Target is 2243622
2243932	[310]	:	Key	71	DOWN	at	2243932 
2248962	[5030]	:	time Target is 2248962
2249354	[392]	:	Key	71	DOWN	at	2249354 
2254298	[4944]	:	time Target is 2254298
2259624	[5326]	:	time Target is 2259624
2264957	[5333]	:	time Target is 2264957
2265276	[319]	:	Key	71	DOWN	at	2265276 
2270296	[5020]	:	time Target is 2270296
2275620	[5324]	:	time Target is 2275620
2280941	[5321]	:	time Target is 2280941
2286263	[5322]	:	time Target is 2286263
2287273	[1010]	:	Key	71	DOWN	at	2287273 
2290564	[3291]	:	Key	71	UP	at	2287437 
2302186	[11622]	:	Key	71	DOWN	at	2302186 
2302317	[131]	:	Key	71	UP	at	2302317 
2307946	[5629]	:	Key	29	DOWN	at	2307946 
2308205	[259]	:	Key	29	UP	at	2308205 
2310237	[2032]	:	Key	29	DOWN	at	2310237 
2310409	[172]	:	Key	29	UP	at	2310408 
2314541	[4132]	:	Key	28	DOWN	at	2314540 
2314734	[193]	:	Key	28	UP	at	2314733 
2315753	[1019]	:	Key	28	DOWN	at	2315753 
2315934	[181]	:	Key	28	UP	at	2315933 
2318572	[2638]	:	Key	28	DOWN	at	2318572 
2318746	[174]	:	Key	28	UP	at	2318745 
2319659	[913]	:	Key	29	DOWN	at	2319658 
2319816	[157]	:	Key	29	UP	at	2319816 
2323053	[3237]	:	Key	29	DOWN	at	2323053 
2323198	[145]	:	Key	29	UP	at	2323198 
2323677	[479]	:	Key	28	DOWN	at	2323677 
2323849	[172]	:	Key	28	UP	at	2323849 
2328729	[4880]	:	Key	29	DOWN	at	2328729 
2328877	[148]	:	Key	29	UP	at	2328877 
2330394	[1517]	:	Key	29	DOWN	at	2330393 
2330572	[178]	:	Key	29	UP	at	2330571 
2333241	[2669]	:	Key	28	DOWN	at	2333241 
2333390	[149]	:	Key	28	UP	at	2333388 
2334572	[1182]	:	Key	28	DOWN	at	2334572 
2334712	[140]	:	Key	28	UP	at	2334712 
2336091	[1379]	:	Key	28	DOWN	at	2336091 
2336267	[176]	:	Key	28	UP	at	2336266 
2336986	[719]	:	Key	29	DOWN	at	2336986 
2337161	[175]	:	Key	29	UP	at	2337161 
2341386	[4225]	:	Key	29	DOWN	at	2341385 
2341564	[178]	:	Key	29	UP	at	2341563 
2342617	[1053]	:	Key	28	DOWN	at	2342617 
2342678	[61]	:	COGENT STOP
