Cog2000 log file Mon Aug 26 16:43:36 2019
gprim v1.33 Compiled:Aug 12 2015 (GLib DirectDraw v7 DX12.0 Compiled:Aug 12 2015)
Display:1024x768x32 59.99Hz
CogInput v1.05 Compiled: May 20 2010
0	[0]	:	COGENT START
10831	[10831]	:	Key	71	DOWN	at	10831   
10897	[66]	:	Key	71	UP	at	10896   
30435	[19538]	:	Key	71	DOWN	at	30434   
30480	[45]	:	Key	71	UP	at	30480   
34975	[4495]	:	Key	71	DOWN	at	34975   
35087	[112]	:	Key	71	UP	at	35086   
46162	[11075]	:	Key	71	DOWN	at	46161   
46237	[75]	:	Key	71	UP	at	46237   
61135	[14898]	:	Key	71	DOWN	at	61135   
61200	[65]	:	Key	71	UP	at	61199   
80062	[18862]	:	Key	71	DOWN	at	80062   
80900	[838]	:	time Target is 80900
81985	[1085]	:	Key	71	DOWN	at	81985   
86983	[4998]	:	time Target is 86983
88494	[1511]	:	Key	71	DOWN	at	88493   
88589	[95]	:	Key	71	UP	at	88589   
93065	[4476]	:	time Target is 93065
93987	[922]	:	Key	71	DOWN	at	93987   
99146	[5159]	:	time Target is 99146
100064	[918]	:	Key	71	DOWN	at	100063  
105236	[5172]	:	time Target is 105236
106094	[858]	:	Key	71	DOWN	at	106094  
114818	[8724]	:	Key	71	DOWN	at	114818  
115876	[1058]	:	time Target is 115876
122195	[6319]	:	time Target is 122195
128515	[6320]	:	time Target is 128514
134826	[6311]	:	time Target is 134826
157074	[22248]	:	Key	71	DOWN	at	157074  
157168	[94]	:	Key	71	UP	at	157168  
161757	[4589]	:	Key	71	DOWN	at	161757  
161841	[84]	:	Key	71	UP	at	161840  
166462	[4621]	:	Key	71	DOWN	at	166460  
166577	[115]	:	Key	71	UP	at	166576  
175345	[8768]	:	Key	71	DOWN	at	175345  
175440	[95]	:	Key	71	UP	at	175440  
180977	[5537]	:	Key	71	DOWN	at	180977  
181774	[797]	:	Key	71	UP	at	181023  
181797	[23]	:	time Target is 181797
182433	[636]	:	Key	71	DOWN	at	182433  
186893	[4460]	:	time Target is 186892
191971	[5078]	:	time Target is 191971
193070	[1099]	:	Key	71	DOWN	at	193070  
197051	[3981]	:	time Target is 197050
201339	[4288]	:	Key	71	DOWN	at	198655  
201340	[1]	:	Key	71	UP	at	198768  
208848	[7508]	:	Key	71	DOWN	at	208848  
208925	[77]	:	Key	71	UP	at	208925  
211986	[3061]	:	Key	71	DOWN	at	211986  
212776	[790]	:	Key	71	UP	at	212080  
212800	[24]	:	time Target is 212800
213407	[607]	:	Key	71	DOWN	at	213407  
217884	[4477]	:	time Target is 217883
218669	[785]	:	Key	71	DOWN	at	218669  
222971	[4302]	:	time Target is 222970
228041	[5070]	:	time Target is 228040
241170	[13129]	:	Key	71	DOWN	at	241170  
241245	[75]	:	Key	71	UP	at	241245  
245646	[4401]	:	Key	71	DOWN	at	245646  
246438	[792]	:	Key	71	UP	at	245727  
246462	[24]	:	time Target is 246462
247331	[869]	:	Key	71	DOWN	at	247330  
251551	[4220]	:	time Target is 251551
256620	[5069]	:	time Target is 256620
257618	[998]	:	Key	71	DOWN	at	257617  
261716	[4098]	:	time Target is 261716
273631	[11915]	:	Key	71	DOWN	at	273631  
273726	[95]	:	Key	71	UP	at	273726  
277395	[3669]	:	Key	71	DOWN	at	277394  
278186	[791]	:	Key	71	UP	at	277423  
278208	[22]	:	time Target is 278208
278944	[736]	:	Key	71	DOWN	at	278944  
283299	[4355]	:	time Target is 283299
288370	[5071]	:	time Target is 288370
293441	[5071]	:	time Target is 293440
306686	[13245]	:	Key	71	DOWN	at	306685  
306786	[100]	:	Key	71	UP	at	306785  
322877	[16091]	:	Key	71	DOWN	at	322877  
323007	[130]	:	Key	71	UP	at	323007  
337489	[14482]	:	Key	71	DOWN	at	337489  
337570	[81]	:	Key	71	UP	at	337569  
349328	[11758]	:	Key	71	DOWN	at	349328  
349441	[113]	:	Key	71	UP	at	349441  
356558	[7117]	:	Key	71	DOWN	at	356557  
359119	[2561]	:	time Target is 359119
359602	[483]	:	Key	71	DOWN	at	359602  
364459	[4857]	:	time Target is 364459
364783	[324]	:	Key	71	DOWN	at	364782  
369798	[5015]	:	time Target is 369798
375117	[5319]	:	time Target is 375117
375634	[517]	:	Key	71	DOWN	at	375633  
380457	[4823]	:	time Target is 380457
385777	[5320]	:	time Target is 385777
391095	[5318]	:	time Target is 391095
391522	[427]	:	Key	71	DOWN	at	391522  
396431	[4909]	:	time Target is 396431
401755	[5324]	:	time Target is 401755
402129	[374]	:	Key	71	DOWN	at	402129  
407091	[4962]	:	time Target is 407091
407422	[331]	:	Key	71	DOWN	at	407422  
412433	[5011]	:	time Target is 412433
417753	[5320]	:	time Target is 417753
423075	[5322]	:	time Target is 423075
428401	[5326]	:	time Target is 428401
428738	[337]	:	Key	71	DOWN	at	428737  
433737	[4999]	:	time Target is 433737
434158	[421]	:	Key	71	DOWN	at	434157  
439075	[4917]	:	time Target is 439075
439630	[555]	:	Key	71	DOWN	at	439629  
444416	[4786]	:	time Target is 444416
449735	[5319]	:	time Target is 449735
450370	[635]	:	Key	71	DOWN	at	450369  
455085	[4715]	:	time Target is 455085
460408	[5323]	:	time Target is 460408
460784	[376]	:	Key	71	DOWN	at	460783  
465745	[4961]	:	time Target is 465745
471063	[5318]	:	time Target is 471063
476386	[5323]	:	time Target is 476386
481706	[5320]	:	time Target is 481706
482065	[359]	:	Key	71	DOWN	at	482064  
487042	[4977]	:	time Target is 487042
487506	[464]	:	Key	71	DOWN	at	487506  
492376	[4870]	:	time Target is 492376
497694	[5318]	:	time Target is 497694
498066	[372]	:	Key	71	DOWN	at	498066  
503033	[4967]	:	time Target is 503033
508359	[5326]	:	time Target is 508359
508829	[470]	:	Key	71	DOWN	at	508829  
513688	[4859]	:	time Target is 513688
514078	[390]	:	Key	71	DOWN	at	514078  
519027	[4949]	:	time Target is 519027
524345	[5318]	:	time Target is 524345
529670	[5325]	:	time Target is 529670
534991	[5321]	:	time Target is 534991
540313	[5322]	:	time Target is 540313
540702	[389]	:	Key	71	DOWN	at	540701  
545648	[4946]	:	time Target is 545648
550970	[5322]	:	time Target is 550970
551310	[340]	:	Key	71	DOWN	at	551309  
556324	[5014]	:	time Target is 556324
556643	[319]	:	Key	71	DOWN	at	556642  
561662	[5019]	:	time Target is 561662
566985	[5323]	:	time Target is 566985
567586	[601]	:	Key	71	DOWN	at	567585  
572341	[4755]	:	time Target is 572341
573134	[793]	:	Key	71	DOWN	at	573133  
577678	[4544]	:	time Target is 577678
583002	[5324]	:	time Target is 583002
583423	[421]	:	Key	71	DOWN	at	583423  
588341	[4918]	:	time Target is 588341
593712	[5371]	:	time Target is 593712
599033	[5321]	:	time Target is 599033
604356	[5323]	:	time Target is 604356
609700	[5344]	:	time Target is 609700
610097	[397]	:	Key	71	DOWN	at	610097  
615073	[4976]	:	time Target is 615073
620401	[5328]	:	time Target is 620401
625719	[5318]	:	time Target is 625719
626033	[314]	:	Key	71	DOWN	at	626033  
631055	[5022]	:	time Target is 631055
631473	[418]	:	Key	71	DOWN	at	631473  
636389	[4916]	:	time Target is 636389
636674	[285]	:	Key	71	DOWN	at	636674  
641719	[5045]	:	time Target is 641719
642099	[380]	:	Key	71	DOWN	at	642098  
647068	[4969]	:	time Target is 647068
652388	[5320]	:	time Target is 652388
652865	[477]	:	Key	71	DOWN	at	652864  
657719	[4854]	:	time Target is 657719
663041	[5322]	:	time Target is 663041
663407	[366]	:	Key	71	DOWN	at	663406  
668376	[4969]	:	time Target is 668376
668945	[569]	:	Key	71	DOWN	at	668944  
673706	[4761]	:	time Target is 673706
679029	[5323]	:	time Target is 679029
679553	[524]	:	Key	71	DOWN	at	679552  
684364	[4811]	:	time Target is 684364
689701	[5337]	:	time Target is 689701
695016	[5315]	:	time Target is 695016
695680	[664]	:	Key	71	DOWN	at	695680  
700352	[4672]	:	time Target is 700352
705669	[5317]	:	time Target is 705669
710994	[5325]	:	time Target is 710994
711603	[609]	:	Key	71	DOWN	at	711602  
716332	[4729]	:	time Target is 716332
716944	[612]	:	Key	71	DOWN	at	716944  
721666	[4722]	:	time Target is 721666
726991	[5325]	:	time Target is 726991
732333	[5342]	:	time Target is 732333
737657	[5324]	:	time Target is 737657
743001	[5344]	:	time Target is 743001
748319	[5318]	:	time Target is 748319
753642	[5323]	:	time Target is 753642
758962	[5320]	:	time Target is 758962
759441	[479]	:	Key	71	DOWN	at	759441  
764297	[4856]	:	time Target is 764297
765042	[745]	:	Key	71	DOWN	at	765042  
769638	[4596]	:	time Target is 769638
770943	[1305]	:	Key	71	DOWN	at	770943  
774971	[4028]	:	time Target is 774971
775411	[440]	:	Key	71	DOWN	at	775410  
780306	[4895]	:	time Target is 780306
785630	[5324]	:	time Target is 785630
790947	[5317]	:	time Target is 790947
791358	[411]	:	Key	71	DOWN	at	791358  
796286	[4928]	:	time Target is 796286
796832	[546]	:	Key	71	DOWN	at	796832  
801621	[4789]	:	time Target is 801621
802222	[601]	:	Key	71	DOWN	at	802222  
806980	[4758]	:	time Target is 806980
807535	[555]	:	Key	71	DOWN	at	807534  
812320	[4785]	:	time Target is 812320
817649	[5329]	:	time Target is 817649
817982	[333]	:	Key	71	DOWN	at	817982  
822987	[5005]	:	time Target is 822987
828308	[5321]	:	time Target is 828308
833633	[5325]	:	time Target is 833633
839778	[6145]	:	Key	71	DOWN	at	839778  
840567	[789]	:	Key	71	UP	at	839903  
840834	[267]	:	time Target is 840834
846155	[5321]	:	time Target is 846155
846509	[354]	:	Key	71	DOWN	at	846509  
851495	[4986]	:	time Target is 851495
851825	[330]	:	Key	71	DOWN	at	851825  
856831	[5006]	:	time Target is 856831
862155	[5324]	:	time Target is 862154
862642	[487]	:	Key	71	DOWN	at	862641  
867487	[4845]	:	time Target is 867487
867951	[464]	:	Key	71	DOWN	at	867951  
872823	[4872]	:	time Target is 872823
873249	[426]	:	Key	71	DOWN	at	873249  
878158	[4909]	:	time Target is 878158
883478	[5320]	:	time Target is 883478
888795	[5317]	:	time Target is 888795
894110	[5315]	:	time Target is 894110
894481	[371]	:	Key	71	DOWN	at	894481  
899446	[4965]	:	time Target is 899446
899954	[508]	:	Key	71	DOWN	at	899953  
904785	[4831]	:	time Target is 904785
910108	[5323]	:	time Target is 910108
915431	[5323]	:	time Target is 915431
915968	[537]	:	Key	71	DOWN	at	915967  
920767	[4799]	:	time Target is 920767
921583	[816]	:	Key	71	DOWN	at	921583  
926122	[4539]	:	time Target is 926122
931444	[5322]	:	time Target is 931444
936762	[5318]	:	time Target is 936762
937167	[405]	:	Key	71	DOWN	at	937166  
942103	[4936]	:	time Target is 942103
947426	[5323]	:	time Target is 947426
952755	[5329]	:	time Target is 952755
953120	[365]	:	Key	71	DOWN	at	953120  
958094	[4974]	:	time Target is 958094
963413	[5319]	:	time Target is 963413
968728	[5315]	:	time Target is 968728
969151	[423]	:	Key	71	DOWN	at	969150  
974067	[4916]	:	time Target is 974067
974560	[493]	:	Key	71	DOWN	at	974559  
979403	[4843]	:	time Target is 979403
984720	[5317]	:	time Target is 984720
990042	[5322]	:	time Target is 990042
995374	[5332]	:	time Target is 995374
995793	[419]	:	Key	71	DOWN	at	995793  
1000710	[4917]	:	time Target is 1000710
1006029	[5319]	:	time Target is 1006029
1011351	[5322]	:	time Target is 1011351
1016669	[5318]	:	time Target is 1016669
1022023	[5354]	:	time Target is 1022023
1022323	[300]	:	Key	71	DOWN	at	1022322 
1027362	[5039]	:	time Target is 1027362
1032682	[5320]	:	time Target is 1032682
1033069	[387]	:	Key	71	DOWN	at	1033069 
1038016	[4947]	:	time Target is 1038016
1043333	[5317]	:	time Target is 1043333
1048656	[5323]	:	time Target is 1048656
1049039	[383]	:	Key	71	DOWN	at	1049039 
1053994	[4955]	:	time Target is 1053994
1054416	[422]	:	Key	71	DOWN	at	1054416 
1059328	[4912]	:	time Target is 1059328
1064655	[5327]	:	time Target is 1064655
1065248	[593]	:	Key	71	DOWN	at	1065248 
1069996	[4748]	:	time Target is 1069996
1070546	[550]	:	Key	71	DOWN	at	1070546 
1075334	[4788]	:	time Target is 1075334
1075696	[362]	:	Key	71	DOWN	at	1075695 
1080676	[4980]	:	time Target is 1080676
1085997	[5321]	:	time Target is 1085997
1086354	[357]	:	Key	71	DOWN	at	1086353 
1091070	[4716]	:	Key	71	DOWN	at	1090862 
1091071	[1]	:	Key	71	UP	at	1090960 
1093884	[2813]	:	time Target is 1093884
1099201	[5317]	:	time Target is 1099201
1099651	[450]	:	Key	71	DOWN	at	1099650 
1104538	[4887]	:	time Target is 1104538
1105037	[499]	:	Key	71	DOWN	at	1105037 
1109874	[4837]	:	time Target is 1109874
1110397	[523]	:	Key	71	DOWN	at	1110397 
1115211	[4814]	:	time Target is 1115211
1120547	[5336]	:	time Target is 1120547
1120816	[269]	:	Key	71	DOWN	at	1120815 
1125884	[5068]	:	time Target is 1125884
1131203	[5319]	:	time Target is 1131203
1136525	[5322]	:	time Target is 1136525
1141847	[5322]	:	time Target is 1141847
1142353	[506]	:	Key	71	DOWN	at	1142353 
1147182	[4829]	:	time Target is 1147182
1148178	[996]	:	Key	71	DOWN	at	1148177 
1152518	[4340]	:	time Target is 1152518
1157839	[5321]	:	time Target is 1157839
1163161	[5322]	:	time Target is 1163161
1168484	[5323]	:	time Target is 1168484
1173806	[5322]	:	time Target is 1173806
1174270	[464]	:	Key	71	DOWN	at	1174270 
1179145	[4875]	:	time Target is 1179145
1184467	[5322]	:	time Target is 1184467
1184866	[399]	:	Key	71	DOWN	at	1184866 
1189804	[4938]	:	time Target is 1189804
1190510	[706]	:	Key	71	DOWN	at	1190510 
1195139	[4629]	:	time Target is 1195139
1195487	[348]	:	Key	71	DOWN	at	1195487 
1200474	[4987]	:	time Target is 1200474
1201183	[709]	:	Key	71	DOWN	at	1201183 
1205835	[4652]	:	time Target is 1205835
1206641	[806]	:	Key	71	DOWN	at	1206641 
1211168	[4527]	:	time Target is 1211168
1211474	[306]	:	Key	71	DOWN	at	1211474 
1216505	[5031]	:	time Target is 1216505
1221828	[5323]	:	time Target is 1221828
1227150	[5322]	:	time Target is 1227150
1227472	[322]	:	Key	71	DOWN	at	1227472 
1232487	[5015]	:	time Target is 1232487
1237809	[5322]	:	time Target is 1237809
1243129	[5320]	:	time Target is 1243129
1243617	[488]	:	Key	71	DOWN	at	1243617 
1248468	[4851]	:	time Target is 1248468
1248848	[380]	:	Key	71	DOWN	at	1248848 
1253812	[4964]	:	time Target is 1253812
1254429	[617]	:	Key	71	DOWN	at	1254428 
1259148	[4719]	:	time Target is 1259148
1264467	[5319]	:	time Target is 1264467
1265023	[556]	:	Key	71	DOWN	at	1265023 
1269806	[4783]	:	time Target is 1269806
1270322	[516]	:	Key	71	DOWN	at	1270322 
1275143	[4821]	:	time Target is 1275143
1276013	[870]	:	Key	71	DOWN	at	1276013 
1280477	[4464]	:	time Target is 1280477
1280960	[483]	:	Key	71	DOWN	at	1280960 
1285811	[4851]	:	time Target is 1285811
1291134	[5323]	:	time Target is 1291134
1296461	[5327]	:	time Target is 1296461
1301784	[5323]	:	time Target is 1301784
1307105	[5321]	:	time Target is 1307105
1312429	[5324]	:	time Target is 1312429
1312819	[390]	:	Key	71	DOWN	at	1312818 
1316734	[3915]	:	Key	71	UP	at	1312973 
1317906	[1172]	:	Key	71	DOWN	at	1317906 
1318013	[107]	:	Key	71	UP	at	1318013 
1322301	[4288]	:	Key	71	DOWN	at	1322301 
1323089	[788]	:	Key	71	UP	at	1322413 
1323357	[268]	:	time Target is 1323357
1324143	[786]	:	Key	71	DOWN	at	1324143 
1328698	[4555]	:	time Target is 1328698
1334024	[5326]	:	time Target is 1334024
1334480	[456]	:	Key	71	DOWN	at	1334480 
1339363	[4883]	:	time Target is 1339363
1340017	[654]	:	Key	71	DOWN	at	1340016 
1344701	[4684]	:	time Target is 1344701
1345503	[802]	:	Key	71	DOWN	at	1345503 
1350040	[4537]	:	time Target is 1350040
1350354	[314]	:	Key	71	DOWN	at	1350354 
1355369	[5015]	:	time Target is 1355369
1355743	[374]	:	Key	71	DOWN	at	1355743 
1360705	[4962]	:	time Target is 1360705
1361005	[300]	:	Key	71	DOWN	at	1361005 
1366040	[5035]	:	time Target is 1366040
1366513	[473]	:	Key	71	DOWN	at	1366513 
1371371	[4858]	:	time Target is 1371371
1371808	[437]	:	Key	71	DOWN	at	1371807 
1376706	[4898]	:	time Target is 1376706
1377042	[336]	:	Key	71	DOWN	at	1377042 
1382041	[4999]	:	time Target is 1382041
1387359	[5318]	:	time Target is 1387359
1387825	[466]	:	Key	71	DOWN	at	1387824 
1392696	[4871]	:	time Target is 1392696
1398017	[5321]	:	time Target is 1398017
1403337	[5320]	:	time Target is 1403337
1408657	[5320]	:	time Target is 1408657
1409087	[430]	:	Key	71	DOWN	at	1409087 
1413996	[4909]	:	time Target is 1413996
1414368	[372]	:	Key	71	DOWN	at	1414367 
1419332	[4964]	:	time Target is 1419332
1419698	[366]	:	Key	71	DOWN	at	1419698 
1424670	[4972]	:	time Target is 1424670
1429990	[5320]	:	time Target is 1429990
1435308	[5318]	:	time Target is 1435308
1440629	[5321]	:	time Target is 1440629
1445949	[5320]	:	time Target is 1445949
1451266	[5317]	:	time Target is 1451266
1456591	[5325]	:	time Target is 1456591
1456849	[258]	:	Key	71	DOWN	at	1456848 
1461927	[5078]	:	time Target is 1461927
1467253	[5326]	:	time Target is 1467253
1467728	[475]	:	Key	71	DOWN	at	1467728 
1472590	[4862]	:	time Target is 1472590
1477918	[5328]	:	time Target is 1477918
1483237	[5319]	:	time Target is 1483237
1488553	[5316]	:	time Target is 1488553
1493884	[5331]	:	time Target is 1493884
1494289	[405]	:	Key	71	DOWN	at	1494289 
1499220	[4931]	:	time Target is 1499220
1504543	[5323]	:	time Target is 1504543
1504865	[322]	:	Key	71	DOWN	at	1504864 
1509880	[5015]	:	time Target is 1509880
1510561	[681]	:	Key	71	DOWN	at	1510561 
1515212	[4651]	:	time Target is 1515212
1515516	[304]	:	Key	71	DOWN	at	1515516 
1520548	[5032]	:	time Target is 1520548
1520880	[332]	:	Key	71	DOWN	at	1520879 
1525888	[5008]	:	time Target is 1525888
1526417	[529]	:	Key	71	DOWN	at	1526417 
1531236	[4819]	:	time Target is 1531234
1536558	[5322]	:	time Target is 1536558
1537150	[592]	:	Key	71	DOWN	at	1537150 
1541894	[4744]	:	time Target is 1541894
1542209	[315]	:	Key	71	DOWN	at	1542209 
1547229	[5020]	:	time Target is 1547229
1552555	[5326]	:	time Target is 1552555
1557874	[5319]	:	time Target is 1557874
1558161	[287]	:	Key	71	DOWN	at	1558160 
1563210	[5049]	:	time Target is 1563210
1568532	[5322]	:	time Target is 1568532
1573853	[5321]	:	time Target is 1573853
1579175	[5322]	:	time Target is 1579175
1584498	[5323]	:	time Target is 1584498
1585010	[512]	:	Key	71	DOWN	at	1585009 
1589836	[4826]	:	time Target is 1589836
1590109	[273]	:	Key	71	DOWN	at	1590109 
1595170	[5061]	:	time Target is 1595170
1595249	[79]	:	Key	71	DOWN	at	1595248 
1600246	[4997]	:	Key	71	DOWN	at	1600225 
1603061	[2815]	:	time Target is 1603061
1603711	[650]	:	Key	71	DOWN	at	1603710 
1608402	[4691]	:	time Target is 1608402
1613752	[5350]	:	time Target is 1613752
1619074	[5322]	:	time Target is 1619074
1624397	[5323]	:	time Target is 1624397
1629713	[5316]	:	time Target is 1629713
1635059	[5346]	:	time Target is 1635059
1635393	[334]	:	Key	71	DOWN	at	1635392 
1640395	[5002]	:	time Target is 1640395
1640701	[306]	:	Key	71	DOWN	at	1640701 
1645732	[5031]	:	time Target is 1645732
1651054	[5322]	:	time Target is 1651054
1656388	[5334]	:	time Target is 1656388
1656753	[365]	:	Key	71	DOWN	at	1656753 
1661720	[4967]	:	time Target is 1661720
1667065	[5345]	:	time Target is 1667065
1672388	[5323]	:	time Target is 1672388
1672686	[298]	:	Key	71	DOWN	at	1672686 
1677726	[5040]	:	time Target is 1677726
1678067	[341]	:	Key	71	DOWN	at	1678066 
1683065	[4998]	:	time Target is 1683065
1683421	[356]	:	Key	71	DOWN	at	1683421 
1688402	[4981]	:	time Target is 1688402
1688784	[382]	:	Key	71	DOWN	at	1688784 
1693739	[4955]	:	time Target is 1693739
1694127	[388]	:	Key	71	DOWN	at	1694126 
1699079	[4952]	:	time Target is 1699079
1699536	[457]	:	Key	71	DOWN	at	1699536 
1704428	[4892]	:	time Target is 1704428
1709747	[5319]	:	time Target is 1709747
1715068	[5321]	:	time Target is 1715068
1715438	[370]	:	Key	71	DOWN	at	1715438 
1720405	[4967]	:	time Target is 1720405
1725726	[5321]	:	time Target is 1725726
1726000	[274]	:	Key	71	DOWN	at	1726000 
1731061	[5061]	:	time Target is 1731061
1736386	[5325]	:	time Target is 1736386
1741711	[5325]	:	time Target is 1741711
1747038	[5327]	:	time Target is 1747038
1752364	[5326]	:	time Target is 1752364
1757685	[5321]	:	time Target is 1757685
1758047	[362]	:	Key	71	DOWN	at	1758046 
1763014	[4967]	:	time Target is 1763014
1768331	[5317]	:	time Target is 1768331
1773650	[5319]	:	time Target is 1773650
1778972	[5322]	:	time Target is 1778972
1784288	[5316]	:	time Target is 1784288
1784654	[366]	:	Key	71	DOWN	at	1784653 
1789625	[4971]	:	time Target is 1789625
1789951	[326]	:	Key	71	DOWN	at	1789951 
1794956	[5005]	:	time Target is 1794956
1795360	[404]	:	Key	71	DOWN	at	1795359 
1799266	[3906]	:	Key	71	UP	at	1795471 
1800017	[751]	:	Key	71	DOWN	at	1800016 
1800795	[778]	:	Key	71	UP	at	1800111 
1801062	[267]	:	time Target is 1801062
1801408	[346]	:	Key	71	DOWN	at	1801407 
1806402	[4994]	:	time Target is 1806402
1811746	[5344]	:	time Target is 1811746
1817070	[5324]	:	time Target is 1817070
1822392	[5322]	:	time Target is 1822392
1827713	[5321]	:	time Target is 1827713
1833037	[5324]	:	time Target is 1833037
1833410	[373]	:	Key	71	DOWN	at	1833410 
1838370	[4960]	:	time Target is 1838370
1838671	[301]	:	Key	71	DOWN	at	1838670 
1843707	[5036]	:	time Target is 1843707
1849025	[5318]	:	time Target is 1849025
1854352	[5327]	:	time Target is 1854352
1854672	[320]	:	Key	71	DOWN	at	1854671 
1859690	[5018]	:	time Target is 1859690
1865011	[5321]	:	time Target is 1865011
1865086	[75]	:	Key	71	DOWN	at	1865086 
1870354	[5268]	:	time Target is 1870354
1875682	[5328]	:	time Target is 1875682
1881014	[5332]	:	time Target is 1881014
1886335	[5321]	:	time Target is 1886335
1886588	[253]	:	Key	71	DOWN	at	1886588 
1891669	[5081]	:	time Target is 1891669
1891793	[124]	:	Key	71	DOWN	at	1891792 
1897010	[5217]	:	time Target is 1897010
1902333	[5323]	:	time Target is 1902333
1907657	[5324]	:	time Target is 1907657
1908062	[405]	:	Key	71	DOWN	at	1908062 
1912994	[4932]	:	time Target is 1912994
1913375	[381]	:	Key	71	DOWN	at	1913375 
1918331	[4956]	:	time Target is 1918331
1918925	[594]	:	Key	71	DOWN	at	1918925 
1923668	[4743]	:	time Target is 1923668
1928994	[5326]	:	time Target is 1928994
1934318	[5324]	:	time Target is 1934318
1934702	[384]	:	Key	71	DOWN	at	1934702 
1939657	[4955]	:	time Target is 1939657
1940002	[345]	:	Key	71	DOWN	at	1940001 
1944995	[4993]	:	time Target is 1944995
1945489	[494]	:	Key	71	DOWN	at	1945488 
1950337	[4848]	:	time Target is 1950337
1950673	[336]	:	Key	71	DOWN	at	1950672 
1955675	[5002]	:	time Target is 1955675
1956129	[454]	:	Key	71	DOWN	at	1956129 
1961028	[4899]	:	time Target is 1961028
1961343	[315]	:	Key	71	DOWN	at	1961342 
1966363	[5020]	:	time Target is 1966363
1971680	[5317]	:	time Target is 1971680
1977000	[5320]	:	time Target is 1977000
1982317	[5317]	:	time Target is 1982317
1987636	[5319]	:	time Target is 1987636
1992958	[5322]	:	time Target is 1992958
1993330	[372]	:	Key	71	DOWN	at	1993330 
1998293	[4963]	:	time Target is 1998293
1998369	[76]	:	Key	71	DOWN	at	1998368 
2003632	[5263]	:	time Target is 2003632
2004369	[737]	:	Key	71	DOWN	at	2004369 
2008968	[4599]	:	time Target is 2008968
2009347	[379]	:	Key	71	DOWN	at	2009346 
2014308	[4961]	:	time Target is 2014308
2019631	[5323]	:	time Target is 2019631
2020238	[607]	:	Key	71	DOWN	at	2020237 
2024973	[4735]	:	time Target is 2024973
2025042	[69]	:	Key	71	DOWN	at	2025042 
2030307	[5265]	:	time Target is 2030307
2035646	[5339]	:	time Target is 2035646
2035999	[353]	:	Key	71	DOWN	at	2035999 
2040983	[4984]	:	time Target is 2040983
2046292	[5309]	:	Key	71	DOWN	at	2046064 
2046293	[1]	:	Key	71	UP	at	2046189 
2049103	[2810]	:	time Target is 2049103
2049745	[642]	:	Key	71	DOWN	at	2049744 
2054436	[4691]	:	time Target is 2054436
2059753	[5317]	:	time Target is 2059753
2065070	[5317]	:	time Target is 2065070
2065373	[303]	:	Key	71	DOWN	at	2065373 
2070398	[5025]	:	time Target is 2070398
2070733	[335]	:	Key	71	DOWN	at	2070732 
2075760	[5027]	:	time Target is 2075760
2081081	[5321]	:	time Target is 2081081
2081982	[901]	:	Key	71	DOWN	at	2081982 
2086416	[4434]	:	time Target is 2086416
2091731	[5315]	:	time Target is 2091731
2092110	[379]	:	Key	71	DOWN	at	2092109 
2097069	[4959]	:	time Target is 2097069
2102388	[5319]	:	time Target is 2102388
2107708	[5320]	:	time Target is 2107708
2113026	[5318]	:	time Target is 2113026
2113456	[430]	:	Key	71	DOWN	at	2113455 
2118371	[4915]	:	time Target is 2118371
2118849	[478]	:	Key	71	DOWN	at	2118849 
2123723	[4874]	:	time Target is 2123723
2124031	[308]	:	Key	71	DOWN	at	2124031 
2129057	[5026]	:	time Target is 2129057
2134376	[5319]	:	time Target is 2134376
2135182	[806]	:	Key	71	DOWN	at	2135182 
2139713	[4531]	:	time Target is 2139713
2145036	[5323]	:	time Target is 2145036
2150359	[5323]	:	time Target is 2150359
2155681	[5322]	:	time Target is 2155681
2156259	[578]	:	Key	71	DOWN	at	2156258 
2161011	[4752]	:	Key	71	DOWN	at	2160796 
2161012	[1]	:	Key	71	UP	at	2160896 
2163824	[2812]	:	time Target is 2163824
2164527	[703]	:	Key	71	DOWN	at	2164527 
2169164	[4637]	:	time Target is 2169164
2169999	[835]	:	Key	71	DOWN	at	2169999 
2174502	[4503]	:	time Target is 2174502
2179821	[5319]	:	time Target is 2179821
2185144	[5323]	:	time Target is 2185144
2185582	[438]	:	Key	71	DOWN	at	2185582 
2190501	[4919]	:	time Target is 2190501
2191169	[668]	:	Key	71	DOWN	at	2191169 
2195837	[4668]	:	time Target is 2195837
2201163	[5326]	:	time Target is 2201163
2201646	[483]	:	Key	71	DOWN	at	2201645 
2206500	[4854]	:	time Target is 2206500
2211814	[5314]	:	time Target is 2211814
2217134	[5320]	:	time Target is 2217134
2217935	[801]	:	Key	71	DOWN	at	2217935 
2222478	[4543]	:	time Target is 2222478
2222978	[500]	:	Key	71	DOWN	at	2222978 
2227815	[4837]	:	time Target is 2227815
2228160	[345]	:	Key	71	DOWN	at	2228160 
2233152	[4992]	:	time Target is 2233152
2233665	[513]	:	Key	71	DOWN	at	2233664 
2238491	[4826]	:	time Target is 2238491
2239519	[1028]	:	Key	71	DOWN	at	2239519 
2243828	[4309]	:	time Target is 2243828
2249150	[5322]	:	time Target is 2249150
2254476	[5326]	:	time Target is 2254476
2254831	[355]	:	Key	71	DOWN	at	2254831 
2259813	[4982]	:	time Target is 2259813
2260237	[424]	:	Key	71	DOWN	at	2260237 
2265151	[4914]	:	time Target is 2265151
2265855	[704]	:	Key	71	DOWN	at	2265854 
2270494	[4639]	:	time Target is 2270494
2270946	[452]	:	Key	71	DOWN	at	2270945 
2274799	[3853]	:	Key	71	UP	at	2271069 
2280771	[5972]	:	Key	71	DOWN	at	2280770 
2280864	[93]	:	Key	71	UP	at	2280863 
2290223	[9359]	:	Key	76	DOWN	at	2290222 
2290319	[96]	:	Key	76	UP	at	2290319 
2293839	[3520]	:	Key	76	DOWN	at	2293838 
2294047	[208]	:	Key	76	UP	at	2294046 
2295456	[1409]	:	Key	28	DOWN	at	2295455 
2295564	[108]	:	Key	28	UP	at	2295564 
2300225	[4661]	:	Key	28	DOWN	at	2300224 
2300320	[95]	:	Key	28	UP	at	2300319 
2304034	[3714]	:	Key	28	DOWN	at	2304034 
2304144	[110]	:	Key	28	UP	at	2304144 
2307538	[3394]	:	Key	29	DOWN	at	2307537 
2307680	[142]	:	Key	29	UP	at	2307679 
2310912	[3232]	:	Key	29	DOWN	at	2310912 
2311054	[142]	:	Key	29	UP	at	2311054 
2312784	[1730]	:	Key	28	DOWN	at	2312784 
2312914	[130]	:	Key	28	UP	at	2312914 
2316175	[3261]	:	Key	29	DOWN	at	2316175 
2316287	[112]	:	Key	29	UP	at	2316287 
2317678	[1391]	:	Key	29	DOWN	at	2317678 
2317837	[159]	:	Key	29	UP	at	2317837 
2325372	[7535]	:	Key	29	DOWN	at	2325372 
2325488	[116]	:	Key	29	UP	at	2325488 
2327184	[1696]	:	Key	28	DOWN	at	2327184 
2327296	[112]	:	Key	28	UP	at	2327296 
2338673	[11377]	:	Key	28	DOWN	at	2338672 
2338765	[92]	:	Key	28	UP	at	2338765 
2341137	[2372]	:	Key	29	DOWN	at	2341137 
2341279	[142]	:	Key	29	UP	at	2341278 
2347969	[6690]	:	Key	29	DOWN	at	2347969 
2348098	[129]	:	Key	29	UP	at	2348097 
2350785	[2687]	:	Key	29	DOWN	at	2350785 
2350914	[129]	:	Key	29	UP	at	2350914 
2355121	[4207]	:	Key	28	DOWN	at	2355121 
2355249	[128]	:	Key	28	UP	at	2355248 
2356592	[1343]	:	Key	28	DOWN	at	2356591 
2356624	[32]	:	COGENT STOP
