Cog2000 log file Fri Aug 16 12:58:46 2019
gprim v1.33 Compiled:Aug 12 2015 (GLib DirectDraw v7 DX12.0 Compiled:Aug 12 2015)
Display:1024x768x32 59.95Hz
CogInput v1.05 Compiled: May 20 2010
0	[0]	:	COGENT START
10107	[10107]	:	Key	71	DOWN	at	10107   
10183	[76]	:	Key	71	UP	at	10183   
28505	[18322]	:	Key	71	DOWN	at	28505   
28617	[112]	:	Key	71	UP	at	28617   
32906	[4289]	:	Key	71	DOWN	at	32905   
33001	[95]	:	Key	71	UP	at	33000   
44075	[11074]	:	Key	71	DOWN	at	44073   
44170	[95]	:	Key	71	UP	at	44170   
58763	[14593]	:	Key	71	DOWN	at	58762   
58858	[95]	:	Key	71	UP	at	58857   
76444	[17586]	:	Key	71	DOWN	at	76443   
77275	[831]	:	time Target is 77274
77676	[401]	:	Key	71	DOWN	at	77676   
83375	[5699]	:	time Target is 83375
83784	[409]	:	Key	71	DOWN	at	83783   
89467	[5683]	:	time Target is 89467
90107	[640]	:	Key	71	DOWN	at	90106   
95568	[5461]	:	time Target is 95568
96281	[713]	:	Key	71	DOWN	at	96281   
105388	[9107]	:	Key	71	DOWN	at	105388  
106457	[1069]	:	time Target is 106456
112795	[6338]	:	time Target is 112794
119119	[6324]	:	time Target is 119119
125437	[6318]	:	time Target is 125436
144730	[19293]	:	Key	71	DOWN	at	144729  
144823	[93]	:	Key	71	UP	at	144823  
148856	[4033]	:	Key	71	DOWN	at	148855  
148971	[115]	:	Key	71	UP	at	148971  
153228	[4257]	:	Key	71	DOWN	at	153227  
153384	[156]	:	Key	71	UP	at	153383  
161960	[8576]	:	Key	71	DOWN	at	161960  
162056	[96]	:	Key	71	UP	at	162055  
165978	[3922]	:	Key	71	DOWN	at	165978  
166773	[795]	:	Key	71	UP	at	166087  
166793	[20]	:	time Target is 166793
167258	[465]	:	Key	71	DOWN	at	167258  
171886	[4628]	:	time Target is 171886
176962	[5076]	:	time Target is 176962
177768	[806]	:	Key	71	DOWN	at	177768  
182084	[4316]	:	time Target is 182084
194395	[12311]	:	Key	71	DOWN	at	194395  
194489	[94]	:	Key	71	UP	at	194489  
198072	[3583]	:	Key	71	DOWN	at	198072  
198865	[793]	:	Key	71	UP	at	198231  
198886	[21]	:	time Target is 198886
199338	[452]	:	Key	71	DOWN	at	199337  
203974	[4636]	:	time Target is 203974
209045	[5071]	:	time Target is 209045
214121	[5076]	:	time Target is 214121
214631	[510]	:	Key	71	DOWN	at	214631  
218419	[3788]	:	Key	71	UP	at	214791  
226140	[7721]	:	Key	71	DOWN	at	226140  
226236	[96]	:	Key	71	UP	at	226236  
229688	[3452]	:	Key	71	DOWN	at	229688  
230476	[788]	:	Key	71	UP	at	229816  
230501	[25]	:	time Target is 230501
230874	[373]	:	Key	71	DOWN	at	230873  
235590	[4716]	:	time Target is 235590
240665	[5075]	:	time Target is 240665
241255	[590]	:	Key	71	DOWN	at	241255  
245754	[4499]	:	time Target is 245754
259164	[13410]	:	Key	71	DOWN	at	259164  
259255	[91]	:	Key	71	UP	at	259255  
262153	[2898]	:	Key	71	DOWN	at	262153  
262949	[796]	:	Key	71	UP	at	262251  
262972	[23]	:	time Target is 262972
263405	[433]	:	Key	71	DOWN	at	263404  
268054	[4649]	:	time Target is 268054
273128	[5074]	:	time Target is 273128
273498	[370]	:	Key	71	DOWN	at	273498  
278221	[4723]	:	time Target is 278221
290891	[12670]	:	Key	71	DOWN	at	290891  
290972	[81]	:	Key	71	UP	at	290972  
306280	[15308]	:	Key	71	DOWN	at	306280  
306364	[84]	:	Key	71	UP	at	306364  
320057	[13693]	:	Key	71	DOWN	at	320057  
320141	[84]	:	Key	71	UP	at	320140  
331993	[11852]	:	Key	71	DOWN	at	331992  
332056	[63]	:	Key	71	UP	at	332056  
364443	[32387]	:	Key	71	DOWN	at	364443  
367014	[2571]	:	time Target is 367014
367259	[245]	:	Key	71	DOWN	at	367258  
372358	[5099]	:	time Target is 372358
372922	[564]	:	Key	71	DOWN	at	372921  
377688	[4766]	:	time Target is 377688
383017	[5329]	:	time Target is 383017
383579	[562]	:	Key	71	DOWN	at	383579  
388356	[4777]	:	time Target is 388356
388919	[563]	:	Key	71	DOWN	at	388919  
393698	[4779]	:	time Target is 393698
394296	[598]	:	Key	71	DOWN	at	394295  
399034	[4738]	:	time Target is 399034
399512	[478]	:	Key	71	DOWN	at	399511  
404375	[4863]	:	time Target is 404375
404856	[481]	:	Key	71	DOWN	at	404856  
409707	[4851]	:	time Target is 409707
415024	[5317]	:	time Target is 415024
415483	[459]	:	Key	71	DOWN	at	415482  
420368	[4885]	:	time Target is 420368
420729	[361]	:	Key	71	DOWN	at	420729  
425705	[4976]	:	time Target is 425705
426586	[881]	:	Key	71	DOWN	at	426586  
431043	[4457]	:	time Target is 431043
431676	[633]	:	Key	71	DOWN	at	431675  
436384	[4708]	:	time Target is 436384
436713	[329]	:	Key	71	DOWN	at	436713  
441718	[5005]	:	time Target is 441718
442039	[321]	:	Key	71	DOWN	at	442039  
447053	[5014]	:	time Target is 447053
447386	[333]	:	Key	71	DOWN	at	447386  
452389	[5003]	:	time Target is 452389
457707	[5318]	:	time Target is 457707
458012	[305]	:	Key	71	DOWN	at	458011  
463046	[5034]	:	time Target is 463046
463465	[419]	:	Key	71	DOWN	at	463465  
468385	[4920]	:	time Target is 468385
468763	[378]	:	Key	71	DOWN	at	468763  
473729	[4966]	:	time Target is 473729
479053	[5324]	:	time Target is 479053
479768	[715]	:	Key	71	DOWN	at	479768  
484394	[4626]	:	time Target is 484394
484827	[433]	:	Key	71	DOWN	at	484827  
489731	[4904]	:	time Target is 489731
490253	[522]	:	Key	71	DOWN	at	490252  
495075	[4822]	:	time Target is 495075
500397	[5322]	:	time Target is 500397
500829	[432]	:	Key	71	DOWN	at	500828  
505739	[4910]	:	time Target is 505739
506459	[720]	:	Key	71	DOWN	at	506458  
511077	[4618]	:	time Target is 511077
516404	[5327]	:	time Target is 516404
516860	[456]	:	Key	71	DOWN	at	516860  
521738	[4878]	:	time Target is 521738
522106	[368]	:	Key	71	DOWN	at	522105  
527070	[4964]	:	time Target is 527070
532398	[5328]	:	time Target is 532398
537719	[5321]	:	time Target is 537719
543044	[5325]	:	time Target is 543044
548366	[5322]	:	time Target is 548366
548746	[380]	:	Key	71	DOWN	at	548746  
553707	[4961]	:	time Target is 553707
559029	[5322]	:	time Target is 559029
559371	[342]	:	Key	71	DOWN	at	559370  
564359	[4988]	:	time Target is 564359
564746	[387]	:	Key	71	DOWN	at	564746  
569700	[4954]	:	time Target is 569700
570059	[359]	:	Key	71	DOWN	at	570059  
575037	[4978]	:	time Target is 575037
575531	[494]	:	Key	71	DOWN	at	575530  
580375	[4844]	:	time Target is 580375
580698	[323]	:	Key	71	DOWN	at	580697  
585714	[5016]	:	time Target is 585714
586038	[324]	:	Key	71	DOWN	at	586038  
591047	[5009]	:	time Target is 591047
591431	[384]	:	Key	71	DOWN	at	591431  
596384	[4953]	:	time Target is 596384
601711	[5327]	:	time Target is 601711
602089	[378]	:	Key	71	DOWN	at	602089  
607048	[4959]	:	time Target is 607048
607356	[308]	:	Key	71	DOWN	at	607355  
612374	[5018]	:	time Target is 612374
617685	[5311]	:	time Target is 617685
618440	[755]	:	Key	71	DOWN	at	618439  
623004	[4564]	:	time Target is 623004
623320	[316]	:	Key	71	DOWN	at	623320  
628320	[5000]	:	time Target is 628320
629672	[1352]	:	Key	71	DOWN	at	629672  
633639	[3967]	:	time Target is 633639
634009	[370]	:	Key	71	DOWN	at	634009  
638967	[4958]	:	time Target is 638967
639372	[405]	:	Key	71	DOWN	at	639371  
644284	[4912]	:	time Target is 644284
649597	[5313]	:	time Target is 649597
650027	[430]	:	Key	71	DOWN	at	650026  
654920	[4893]	:	time Target is 654920
655304	[384]	:	Key	71	DOWN	at	655304  
660237	[4933]	:	time Target is 660237
665565	[5328]	:	time Target is 665565
665897	[332]	:	Key	71	DOWN	at	665897  
670897	[5000]	:	time Target is 670897
671275	[378]	:	Key	71	DOWN	at	671274  
676243	[4968]	:	time Target is 676243
676635	[392]	:	Key	71	DOWN	at	676634  
681589	[4954]	:	time Target is 681589
682072	[483]	:	Key	71	DOWN	at	682071  
686930	[4858]	:	time Target is 686930
687243	[313]	:	Key	71	DOWN	at	687242  
692269	[5026]	:	time Target is 692269
697589	[5320]	:	time Target is 697589
702915	[5326]	:	time Target is 702915
708240	[5325]	:	time Target is 708240
709144	[904]	:	Key	71	DOWN	at	709144  
713573	[4429]	:	time Target is 713573
718900	[5327]	:	time Target is 718900
724221	[5321]	:	time Target is 724221
724649	[428]	:	Key	71	DOWN	at	724649  
729563	[4914]	:	time Target is 729563
734885	[5322]	:	time Target is 734885
740207	[5322]	:	time Target is 740207
745530	[5323]	:	time Target is 745530
750861	[5331]	:	time Target is 750861
756182	[5321]	:	time Target is 756182
756540	[358]	:	Key	71	DOWN	at	756540  
761518	[4978]	:	time Target is 761518
761896	[378]	:	Key	71	DOWN	at	761895  
766850	[4954]	:	time Target is 766850
772174	[5324]	:	time Target is 772174
772508	[334]	:	Key	71	DOWN	at	772508  
777511	[5003]	:	time Target is 777511
777963	[452]	:	Key	71	DOWN	at	777962  
782845	[4882]	:	time Target is 782845
788171	[5326]	:	time Target is 788171
793496	[5325]	:	time Target is 793496
798815	[5319]	:	time Target is 798815
799144	[329]	:	Key	71	DOWN	at	799143  
804152	[5008]	:	time Target is 804152
804444	[292]	:	Key	71	DOWN	at	804443  
809494	[5050]	:	time Target is 809494
810028	[534]	:	Key	71	DOWN	at	810028  
814830	[4802]	:	time Target is 814830
815321	[491]	:	Key	71	DOWN	at	815321  
820173	[4852]	:	time Target is 820173
825499	[5326]	:	time Target is 825499
825835	[336]	:	Key	71	DOWN	at	825835  
830837	[5002]	:	time Target is 830837
836165	[5328]	:	time Target is 836165
836490	[325]	:	Key	71	DOWN	at	836489  
841504	[5014]	:	time Target is 841504
841850	[346]	:	Key	71	DOWN	at	841850  
845806	[3956]	:	Key	71	UP	at	841964  
847416	[1610]	:	Key	71	DOWN	at	847416  
848207	[791]	:	Key	71	UP	at	847529  
848476	[269]	:	time Target is 848476
853803	[5327]	:	time Target is 853803
859125	[5322]	:	time Target is 859125
864448	[5323]	:	time Target is 864448
869773	[5325]	:	time Target is 869773
875093	[5320]	:	time Target is 875093
875418	[325]	:	Key	71	DOWN	at	875418  
880429	[5011]	:	time Target is 880429
885749	[5320]	:	time Target is 885749
891073	[5324]	:	time Target is 891073
896400	[5327]	:	time Target is 896400
901722	[5322]	:	time Target is 901722
902536	[814]	:	Key	71	DOWN	at	902535  
907062	[4526]	:	time Target is 907062
907338	[276]	:	Key	71	DOWN	at	907338  
912396	[5058]	:	time Target is 912396
917717	[5321]	:	time Target is 917717
922773	[5056]	:	Key	71	DOWN	at	922522  
922773	[0]	:	Key	71	UP	at	922695  
925590	[2817]	:	time Target is 925590
930912	[5322]	:	time Target is 930912
936231	[5319]	:	time Target is 936231
936587	[356]	:	Key	71	DOWN	at	936587  
941569	[4982]	:	time Target is 941569
946890	[5321]	:	time Target is 946890
952215	[5325]	:	time Target is 952215
952795	[580]	:	Key	71	DOWN	at	952795  
957548	[4753]	:	time Target is 957548
962869	[5321]	:	time Target is 962869
968189	[5320]	:	time Target is 968189
973518	[5329]	:	time Target is 973518
973880	[362]	:	Key	71	DOWN	at	973880  
978854	[4974]	:	time Target is 978854
984174	[5320]	:	time Target is 984174
984554	[380]	:	Key	71	DOWN	at	984553  
989515	[4961]	:	time Target is 989515
989947	[432]	:	Key	71	DOWN	at	989946  
994849	[4902]	:	time Target is 994849
995224	[375]	:	Key	71	DOWN	at	995224  
1000185	[4961]	:	time Target is 1000185
1005504	[5319]	:	time Target is 1005504
1010823	[5319]	:	time Target is 1010823
1011159	[336]	:	Key	71	DOWN	at	1011159 
1016159	[5000]	:	time Target is 1016159
1016489	[330]	:	Key	71	DOWN	at	1016489 
1021495	[5006]	:	time Target is 1021495
1026815	[5320]	:	time Target is 1026815
1027261	[446]	:	Key	71	DOWN	at	1027260 
1032152	[4891]	:	time Target is 1032152
1037472	[5320]	:	time Target is 1037472
1037849	[377]	:	Key	71	DOWN	at	1037848 
1042806	[4957]	:	time Target is 1042806
1043242	[436]	:	Key	71	DOWN	at	1043242 
1048144	[4902]	:	time Target is 1048144
1053466	[5322]	:	time Target is 1053466
1058788	[5322]	:	time Target is 1058788
1059162	[374]	:	Key	71	DOWN	at	1059162 
1064127	[4965]	:	time Target is 1064127
1069453	[5326]	:	time Target is 1069453
1069772	[319]	:	Key	71	DOWN	at	1069771 
1074786	[5014]	:	time Target is 1074786
1075180	[394]	:	Key	71	DOWN	at	1075179 
1080123	[4943]	:	time Target is 1080123
1080491	[368]	:	Key	71	DOWN	at	1080491 
1085465	[4974]	:	time Target is 1085465
1090793	[5328]	:	time Target is 1090793
1096112	[5319]	:	time Target is 1096112
1101430	[5318]	:	time Target is 1101430
1101851	[421]	:	Key	71	DOWN	at	1101851 
1106767	[4916]	:	time Target is 1106767
1107114	[347]	:	Key	71	DOWN	at	1107113 
1112111	[4997]	:	time Target is 1112111
1117425	[5314]	:	time Target is 1117425
1122749	[5324]	:	time Target is 1122749
1123147	[398]	:	Key	71	DOWN	at	1123147 
1128084	[4937]	:	time Target is 1128084
1133403	[5319]	:	time Target is 1133403
1138748	[5345]	:	time Target is 1138748
1139194	[446]	:	Key	71	DOWN	at	1139194 
1144082	[4888]	:	time Target is 1144082
1149404	[5322]	:	time Target is 1149404
1149785	[381]	:	Key	71	DOWN	at	1149785 
1154735	[4950]	:	time Target is 1154735
1160056	[5321]	:	time Target is 1160056
1165393	[5337]	:	time Target is 1165393
1170716	[5323]	:	time Target is 1170716
1171096	[380]	:	Key	71	DOWN	at	1171094 
1176056	[4960]	:	time Target is 1176056
1176396	[340]	:	Key	71	DOWN	at	1176395 
1181395	[4999]	:	time Target is 1181395
1186718	[5323]	:	time Target is 1186718
1187148	[430]	:	Key	71	DOWN	at	1187148 
1192054	[4906]	:	time Target is 1192054
1197378	[5324]	:	time Target is 1197378
1197834	[456]	:	Key	71	DOWN	at	1197834 
1202704	[4870]	:	time Target is 1202704
1208025	[5321]	:	time Target is 1208025
1213346	[5321]	:	time Target is 1213346
1218668	[5322]	:	time Target is 1218667
1219096	[428]	:	Key	71	DOWN	at	1219096 
1224000	[4904]	:	time Target is 1224000
1229318	[5318]	:	time Target is 1229318
1234641	[5323]	:	time Target is 1234641
1239963	[5322]	:	time Target is 1239963
1245285	[5322]	:	time Target is 1245285
1250608	[5323]	:	time Target is 1250608
1250968	[360]	:	Key	71	DOWN	at	1250967 
1255949	[4981]	:	time Target is 1255949
1256423	[474]	:	Key	71	DOWN	at	1256423 
1261294	[4871]	:	time Target is 1261294
1261799	[505]	:	Key	71	DOWN	at	1261799 
1266626	[4827]	:	time Target is 1266626
1267082	[456]	:	Key	71	DOWN	at	1267081 
1271959	[4877]	:	time Target is 1271959
1272328	[369]	:	Key	71	DOWN	at	1272328 
1277297	[4969]	:	time Target is 1277297
1277688	[391]	:	Key	71	DOWN	at	1277688 
1282634	[4946]	:	time Target is 1282634
1282950	[316]	:	Key	71	DOWN	at	1282950 
1287968	[5018]	:	time Target is 1287968
1288249	[281]	:	Key	71	DOWN	at	1288249 
1293305	[5056]	:	time Target is 1293305
1293581	[276]	:	Key	71	DOWN	at	1293580 
1298641	[5060]	:	time Target is 1298641
1303960	[5319]	:	time Target is 1303960
1309279	[5319]	:	time Target is 1309279
1309625	[346]	:	Key	71	DOWN	at	1309624 
1314620	[4995]	:	time Target is 1314620
1315356	[736]	:	Key	71	DOWN	at	1315355 
1319954	[4598]	:	time Target is 1319954
1325079	[5125]	:	Key	71	DOWN	at	1325079 
1325225	[146]	:	Key	71	UP	at	1325225 
1329356	[4131]	:	Key	71	DOWN	at	1329356 
1330134	[778]	:	Key	71	UP	at	1329528 
1330401	[267]	:	time Target is 1330401
1330890	[489]	:	Key	71	DOWN	at	1330890 
1335747	[4857]	:	time Target is 1335747
1336074	[327]	:	Key	71	DOWN	at	1336074 
1341082	[5008]	:	time Target is 1341082
1341383	[301]	:	Key	71	DOWN	at	1341383 
1346428	[5045]	:	time Target is 1346428
1346938	[510]	:	Key	71	DOWN	at	1346937 
1351763	[4825]	:	time Target is 1351763
1351799	[36]	:	Key	71	DOWN	at	1351799 
1357097	[5298]	:	time Target is 1357097
1357915	[818]	:	Key	71	DOWN	at	1357914 
1362438	[4523]	:	time Target is 1362438
1367761	[5323]	:	time Target is 1367761
1368652	[891]	:	Key	71	DOWN	at	1368651 
1373100	[4448]	:	time Target is 1373100
1373369	[269]	:	Key	71	DOWN	at	1373368 
1378438	[5069]	:	time Target is 1378438
1383755	[5317]	:	time Target is 1383755
1384166	[411]	:	Key	71	DOWN	at	1384166 
1389095	[4929]	:	time Target is 1389095
1389451	[356]	:	Key	71	DOWN	at	1389450 
1394420	[4969]	:	time Target is 1394420
1394764	[344]	:	Key	71	DOWN	at	1394764 
1399750	[4986]	:	time Target is 1399750
1400076	[326]	:	Key	71	DOWN	at	1400075 
1405089	[5013]	:	time Target is 1405089
1410410	[5321]	:	time Target is 1410410
1410710	[300]	:	Key	71	DOWN	at	1410710 
1415746	[5036]	:	time Target is 1415746
1416074	[328]	:	Key	71	DOWN	at	1416073 
1421084	[5010]	:	time Target is 1421084
1421451	[367]	:	Key	71	DOWN	at	1421450 
1426422	[4971]	:	time Target is 1426422
1426732	[310]	:	Key	71	DOWN	at	1426731 
1431755	[5023]	:	time Target is 1431755
1432071	[316]	:	Key	71	DOWN	at	1432071 
1437093	[5022]	:	time Target is 1437093
1437352	[259]	:	Key	71	DOWN	at	1437351 
1442423	[5071]	:	time Target is 1442423
1442696	[273]	:	Key	71	DOWN	at	1442696 
1447761	[5065]	:	time Target is 1447761
1448077	[316]	:	Key	71	DOWN	at	1448076 
1453099	[5022]	:	time Target is 1453099
1458436	[5337]	:	time Target is 1458436
1458844	[408]	:	Key	71	DOWN	at	1458844 
1463780	[4936]	:	time Target is 1463780
1464104	[324]	:	Key	71	DOWN	at	1464103 
1469120	[5016]	:	time Target is 1469120
1474443	[5323]	:	time Target is 1474443
1479761	[5318]	:	time Target is 1479761
1485089	[5328]	:	time Target is 1485089
1485160	[71]	:	Key	71	DOWN	at	1485160 
1490429	[5269]	:	time Target is 1490429
1495748	[5319]	:	time Target is 1495748
1501069	[5321]	:	time Target is 1501069
1501399	[330]	:	Key	71	DOWN	at	1501398 
1506407	[5008]	:	time Target is 1506407
1507194	[787]	:	Key	71	DOWN	at	1507193 
1511752	[4558]	:	time Target is 1511752
1512280	[528]	:	Key	71	DOWN	at	1512280 
1517089	[4809]	:	time Target is 1517089
1517737	[648]	:	Key	71	DOWN	at	1517736 
1522425	[4688]	:	time Target is 1522425
1522763	[338]	:	Key	71	DOWN	at	1522763 
1527764	[5001]	:	time Target is 1527764
1528091	[327]	:	Key	71	DOWN	at	1528090 
1533099	[5008]	:	time Target is 1533099
1538422	[5323]	:	time Target is 1538422
1538875	[453]	:	Key	71	DOWN	at	1538874 
1543755	[4880]	:	time Target is 1543755
1544458	[703]	:	Key	71	DOWN	at	1544457 
1549101	[4643]	:	time Target is 1549101
1554421	[5320]	:	time Target is 1554421
1554744	[323]	:	Key	71	DOWN	at	1554744 
1559757	[5013]	:	time Target is 1559757
1560284	[527]	:	Key	71	DOWN	at	1560283 
1565098	[4814]	:	time Target is 1565098
1570413	[5315]	:	time Target is 1570413
1570746	[333]	:	Key	71	DOWN	at	1570746 
1575745	[4999]	:	time Target is 1575745
1581072	[5327]	:	time Target is 1581072
1582137	[1065]	:	Key	71	DOWN	at	1582136 
1586409	[4272]	:	time Target is 1586409
1591724	[5315]	:	time Target is 1591724
1591993	[269]	:	Key	71	DOWN	at	1591993 
1597058	[5065]	:	time Target is 1597058
1602382	[5324]	:	time Target is 1602382
1603165	[783]	:	Key	71	DOWN	at	1603164 
1607718	[4553]	:	time Target is 1607718
1608011	[293]	:	Key	71	DOWN	at	1608011 
1613060	[5049]	:	time Target is 1613060
1618388	[5328]	:	time Target is 1618388
1618716	[328]	:	Key	71	DOWN	at	1618715 
1623728	[5012]	:	time Target is 1623728
1624747	[1019]	:	Key	71	DOWN	at	1624746 
1629068	[4321]	:	time Target is 1629068
1634401	[5333]	:	time Target is 1634401
1634666	[265]	:	Key	71	DOWN	at	1634666 
1639735	[5069]	:	time Target is 1639735
1640060	[325]	:	Key	71	DOWN	at	1640060 
1645065	[5005]	:	time Target is 1645065
1645368	[303]	:	Key	71	DOWN	at	1645368 
1650401	[5033]	:	time Target is 1650401
1650715	[314]	:	Key	71	DOWN	at	1650714 
1655738	[5023]	:	time Target is 1655738
1661063	[5325]	:	time Target is 1661063
1666382	[5319]	:	time Target is 1666382
1666712	[330]	:	Key	71	DOWN	at	1666712 
1671718	[5006]	:	time Target is 1671718
1672070	[352]	:	Key	71	DOWN	at	1672070 
1677056	[4986]	:	time Target is 1677056
1677480	[424]	:	Key	71	DOWN	at	1677479 
1682392	[4912]	:	time Target is 1682392
1687718	[5326]	:	time Target is 1687718
1687977	[259]	:	Key	71	DOWN	at	1687977 
1693057	[5080]	:	time Target is 1693057
1693308	[251]	:	Key	71	DOWN	at	1693308 
1698390	[5082]	:	time Target is 1698390
1698951	[561]	:	Key	71	DOWN	at	1698951 
1703732	[4781]	:	time Target is 1703732
1709045	[5313]	:	time Target is 1709045
1709400	[355]	:	Key	71	DOWN	at	1709399 
1714382	[4982]	:	time Target is 1714382
1714792	[410]	:	Key	71	DOWN	at	1714791 
1719718	[4926]	:	time Target is 1719718
1720363	[645]	:	Key	71	DOWN	at	1720363 
1725048	[4685]	:	time Target is 1725048
1730373	[5325]	:	time Target is 1730373
1730743	[370]	:	Key	71	DOWN	at	1730742 
1735722	[4979]	:	time Target is 1735722
1741043	[5321]	:	time Target is 1741043
1741548	[505]	:	Key	71	DOWN	at	1741548 
1746379	[4831]	:	time Target is 1746379
1746684	[305]	:	Key	71	DOWN	at	1746683 
1751717	[5033]	:	time Target is 1751717
1757041	[5324]	:	time Target is 1757041
1757084	[43]	:	Key	71	DOWN	at	1757084 
1762380	[5296]	:	time Target is 1762380
1762681	[301]	:	Key	71	DOWN	at	1762681 
1767734	[5053]	:	time Target is 1767734
1768556	[822]	:	Key	71	DOWN	at	1768556 
1773070	[4514]	:	time Target is 1773070
1773402	[332]	:	Key	71	DOWN	at	1773401 
1778402	[5000]	:	time Target is 1778402
1778713	[311]	:	Key	71	DOWN	at	1778713 
1783738	[5025]	:	time Target is 1783738
1784055	[317]	:	Key	71	DOWN	at	1784055 
1789075	[5020]	:	time Target is 1789075
1789513	[438]	:	Key	71	DOWN	at	1789513 
1794406	[4893]	:	time Target is 1794406
1799732	[5326]	:	time Target is 1799732
1805056	[5324]	:	time Target is 1805056
1810235	[5179]	:	Key	71	DOWN	at	1810234 
1811024	[789]	:	Key	71	UP	at	1810297 
1811291	[267]	:	time Target is 1811291
1811691	[400]	:	Key	71	DOWN	at	1811691 
1816632	[4941]	:	time Target is 1816632
1816743	[111]	:	Key	71	DOWN	at	1816743 
1821968	[5225]	:	time Target is 1821968
1822664	[696]	:	Key	71	DOWN	at	1822664 
1827306	[4642]	:	time Target is 1827306
1827644	[338]	:	Key	71	DOWN	at	1827643 
1832639	[4995]	:	time Target is 1832639
1837962	[5323]	:	time Target is 1837962
1838281	[319]	:	Key	71	DOWN	at	1838280 
1843299	[5018]	:	time Target is 1843299
1848621	[5322]	:	time Target is 1848621
1848951	[330]	:	Key	71	DOWN	at	1848951 
1853956	[5005]	:	time Target is 1853956
1854283	[327]	:	Key	71	DOWN	at	1854283 
1859293	[5010]	:	time Target is 1859293
1859639	[346]	:	Key	71	DOWN	at	1859639 
1864632	[4993]	:	time Target is 1864632
1864952	[320]	:	Key	71	DOWN	at	1864951 
1869967	[5015]	:	time Target is 1869967
1870824	[857]	:	Key	71	DOWN	at	1870824 
1875306	[4482]	:	time Target is 1875306
1875559	[253]	:	Key	71	DOWN	at	1875559 
1880644	[5085]	:	time Target is 1880644
1885968	[5324]	:	time Target is 1885968
1886279	[311]	:	Key	71	DOWN	at	1886279 
1891305	[5026]	:	time Target is 1891305
1896620	[5315]	:	time Target is 1896620
1896938	[318]	:	Key	71	DOWN	at	1896937 
1901961	[5023]	:	time Target is 1901961
1907285	[5324]	:	time Target is 1907285
1907608	[323]	:	Key	71	DOWN	at	1907607 
1912615	[5007]	:	time Target is 1912615
1912924	[309]	:	Key	71	DOWN	at	1912923 
1917952	[5028]	:	time Target is 1917952
1918282	[330]	:	Key	71	DOWN	at	1918281 
1923292	[5010]	:	time Target is 1923292
1928614	[5322]	:	time Target is 1928614
1928713	[99]	:	Key	71	DOWN	at	1928712 
1933952	[5239]	:	time Target is 1933952
1934378	[426]	:	Key	71	DOWN	at	1934377 
1939288	[4910]	:	time Target is 1939288
1944609	[5321]	:	time Target is 1944609
1949937	[5328]	:	time Target is 1949937
1950232	[295]	:	Key	71	DOWN	at	1950232 
1955275	[5043]	:	time Target is 1955275
1960596	[5321]	:	time Target is 1960596
1960892	[296]	:	Key	71	DOWN	at	1960892 
1965936	[5044]	:	time Target is 1965936
1966199	[263]	:	Key	71	DOWN	at	1966199 
1971272	[5073]	:	time Target is 1971272
1971435	[163]	:	Key	71	DOWN	at	1971434 
1976617	[5182]	:	time Target is 1976617
1981940	[5323]	:	time Target is 1981940
1987265	[5325]	:	time Target is 1987265
1987579	[314]	:	Key	71	DOWN	at	1987578 
1992603	[5024]	:	time Target is 1992603
1997924	[5321]	:	time Target is 1997924
1998235	[311]	:	Key	71	DOWN	at	1998235 
2003261	[5026]	:	time Target is 2003261
2003548	[287]	:	Key	71	DOWN	at	2003548 
2008596	[5048]	:	time Target is 2008596
2008888	[292]	:	Key	71	DOWN	at	2008888 
2013932	[5044]	:	time Target is 2013932
2014040	[108]	:	Key	71	DOWN	at	2014040 
2019271	[5231]	:	time Target is 2019271
2019371	[100]	:	Key	71	DOWN	at	2019370 
2024607	[5236]	:	time Target is 2024607
2024970	[363]	:	Key	71	DOWN	at	2024969 
2029947	[4977]	:	time Target is 2029947
2035295	[5348]	:	time Target is 2035295
2035848	[553]	:	Key	71	DOWN	at	2035848 
2040626	[4778]	:	time Target is 2040626
2040970	[344]	:	Key	71	DOWN	at	2040969 
2045964	[4994]	:	time Target is 2045964
2046284	[320]	:	Key	71	DOWN	at	2046284 
2051295	[5011]	:	time Target is 2051295
2051527	[232]	:	Key	71	DOWN	at	2051527 
2056641	[5114]	:	time Target is 2056641
2061960	[5319]	:	time Target is 2061960
2062297	[337]	:	Key	71	DOWN	at	2062297 
2067295	[4998]	:	time Target is 2067295
2067579	[284]	:	Key	71	DOWN	at	2067578 
2072626	[5047]	:	time Target is 2072626
2072886	[260]	:	Key	71	DOWN	at	2072886 
2077964	[5078]	:	time Target is 2077964
2083280	[5316]	:	time Target is 2083280
2083597	[317]	:	Key	71	DOWN	at	2083596 
2088621	[5024]	:	time Target is 2088621
2088906	[285]	:	Key	71	DOWN	at	2088905 
2093962	[5056]	:	time Target is 2093962
2094121	[159]	:	Key	71	DOWN	at	2094121 
2099299	[5178]	:	time Target is 2099299
2099960	[661]	:	Key	71	DOWN	at	2099960 
2104635	[4675]	:	time Target is 2104635
2105288	[653]	:	Key	71	DOWN	at	2105287 
2109972	[4684]	:	time Target is 2109972
2110028	[56]	:	Key	71	DOWN	at	2110027 
2115317	[5289]	:	time Target is 2115317
2115944	[627]	:	Key	71	DOWN	at	2115943 
2120659	[4715]	:	time Target is 2120659
2121035	[376]	:	Key	71	DOWN	at	2121034 
2125999	[4964]	:	time Target is 2125999
2126347	[348]	:	Key	71	DOWN	at	2126347 
2131334	[4987]	:	time Target is 2131334
2131706	[372]	:	Key	71	DOWN	at	2131705 
2136674	[4968]	:	time Target is 2136674
2137084	[410]	:	Key	71	DOWN	at	2137084 
2142011	[4927]	:	time Target is 2142011
2142377	[366]	:	Key	71	DOWN	at	2142376 
2147350	[4973]	:	time Target is 2147350
2147675	[325]	:	Key	71	DOWN	at	2147675 
2152694	[5019]	:	time Target is 2152694
2153000	[306]	:	Key	71	DOWN	at	2152999 
2158034	[5034]	:	time Target is 2158034
2163352	[5318]	:	time Target is 2163352
2163611	[259]	:	Key	71	DOWN	at	2163611 
2168688	[5077]	:	time Target is 2168688
2169465	[777]	:	Key	71	DOWN	at	2169465 
2174015	[4550]	:	time Target is 2174015
2174300	[285]	:	Key	71	DOWN	at	2174299 
2179356	[5056]	:	time Target is 2179356
2179737	[381]	:	Key	71	DOWN	at	2179737 
2184691	[4954]	:	time Target is 2184691
2184970	[279]	:	Key	71	DOWN	at	2184970 
2190028	[5058]	:	time Target is 2190028
2190152	[124]	:	Key	71	DOWN	at	2190152 
2195365	[5213]	:	time Target is 2195365
2195498	[133]	:	Key	71	DOWN	at	2195497 
2200707	[5209]	:	time Target is 2200707
2200953	[246]	:	Key	71	DOWN	at	2200952 
2206046	[5093]	:	time Target is 2206046
2206154	[108]	:	Key	71	DOWN	at	2206153 
2211385	[5231]	:	time Target is 2211385
2211512	[127]	:	Key	71	DOWN	at	2211511 
2216720	[5208]	:	time Target is 2216720
2216842	[122]	:	Key	71	DOWN	at	2216842 
2222053	[5211]	:	time Target is 2222053
2222360	[307]	:	Key	71	DOWN	at	2222360 
2227389	[5029]	:	time Target is 2227389
2227739	[350]	:	Key	71	DOWN	at	2227739 
2232730	[4991]	:	time Target is 2232730
2233066	[336]	:	Key	71	DOWN	at	2233065 
2238069	[5003]	:	time Target is 2238069
2243389	[5320]	:	time Target is 2243389
2248705	[5316]	:	time Target is 2248705
2249067	[362]	:	Key	71	DOWN	at	2249067 
2254041	[4974]	:	time Target is 2254041
2254764	[723]	:	Key	71	DOWN	at	2254763 
2259381	[4617]	:	time Target is 2259381
2264699	[5318]	:	time Target is 2264699
2265036	[337]	:	Key	71	DOWN	at	2265035 
2270039	[5003]	:	time Target is 2270039
2270411	[372]	:	Key	71	DOWN	at	2270410 
2275375	[4964]	:	time Target is 2275375
2275415	[40]	:	Key	71	DOWN	at	2275415 
2280701	[5286]	:	time Target is 2280701
2281052	[351]	:	Key	71	DOWN	at	2281051 
2286043	[4991]	:	time Target is 2286043
2286156	[113]	:	Key	71	DOWN	at	2286155 
2290348	[4192]	:	Key	71	UP	at	2286298 
2296792	[6444]	:	Key	71	DOWN	at	2296792 
2296921	[129]	:	Key	71	UP	at	2296920 
2303721	[6800]	:	Key	76	DOWN	at	2303721 
2303864	[143]	:	Key	76	UP	at	2303864 
2305560	[1696]	:	Key	28	DOWN	at	2305560 
2305688	[128]	:	Key	28	UP	at	2305687 
2309273	[3585]	:	Key	29	DOWN	at	2309273 
2309433	[160]	:	Key	29	UP	at	2309433 
2312136	[2703]	:	Key	28	DOWN	at	2312136 
2312281	[145]	:	Key	28	UP	at	2312281 
2313655	[1374]	:	Key	28	DOWN	at	2313655 
2313833	[178]	:	Key	28	UP	at	2313832 
2316536	[2703]	:	Key	29	DOWN	at	2316536 
2316664	[128]	:	Key	29	UP	at	2316663 
2317912	[1248]	:	Key	29	DOWN	at	2317911 
2318058	[146]	:	Key	29	UP	at	2318058 
2318792	[734]	:	Key	28	DOWN	at	2318791 
2318907	[115]	:	Key	28	UP	at	2318907 
2319466	[559]	:	Key	28	DOWN	at	2319465 
2319530	[64]	:	Key	28	UP	at	2319529 
2324299	[4769]	:	Key	28	DOWN	at	2324299 
2324445	[146]	:	Key	28	UP	at	2324444 
2326924	[2479]	:	Key	28	DOWN	at	2326923 
2327052	[128]	:	Key	28	UP	at	2327052 
2328183	[1131]	:	Key	28	DOWN	at	2328183 
2328297	[114]	:	Key	28	UP	at	2328297 
2328939	[642]	:	Key	28	DOWN	at	2328939 
2329081	[142]	:	Key	28	UP	at	2329081 
2331879	[2798]	:	Key	29	DOWN	at	2331879 
2332060	[181]	:	Key	29	UP	at	2332060 
2334829	[2769]	:	Key	29	DOWN	at	2334828 
2335035	[206]	:	Key	29	UP	at	2335034 
2338202	[3167]	:	Key	29	DOWN	at	2338202 
2338363	[161]	:	Key	29	UP	at	2338363 
2339165	[802]	:	Key	29	DOWN	at	2339164 
2339180	[15]	:	COGENT STOP
