Cog2000 log file Mon Sep 02 10:40:40 2019
gprim v1.33 Compiled:Aug 12 2015 (GLib DirectDraw v7 DX12.0 Compiled:Aug 12 2015)
Display:1024x768x32 59.99Hz
CogInput v1.05 Compiled: May 20 2010
0	[0]	:	COGENT START
13692	[13692]	:	Key	71	DOWN	at	13691   
13787	[95]	:	Key	71	UP	at	13786   
34187	[20400]	:	Key	71	DOWN	at	34187   
34270	[83]	:	Key	71	UP	at	34269   
39676	[5406]	:	Key	71	DOWN	at	39676   
39770	[94]	:	Key	71	UP	at	39769   
52559	[12789]	:	Key	71	DOWN	at	52559   
52635	[76]	:	Key	71	UP	at	52635   
70973	[18338]	:	Key	71	DOWN	at	70972   
71066	[93]	:	Key	71	UP	at	71065   
93162	[22096]	:	Key	71	DOWN	at	93162   
93979	[817]	:	time Target is 93979
95262	[1283]	:	Key	71	DOWN	at	95262   
95518	[256]	:	Key	71	UP	at	95518   
100070	[4552]	:	time Target is 100070
100795	[725]	:	Key	71	DOWN	at	100795  
106154	[5359]	:	time Target is 106154
106973	[819]	:	Key	71	DOWN	at	106972  
112243	[5270]	:	time Target is 112242
112365	[122]	:	Key	71	DOWN	at	112365  
122364	[9999]	:	Key	71	DOWN	at	122363  
123453	[1089]	:	time Target is 123451
129779	[6326]	:	time Target is 129779
136095	[6316]	:	time Target is 136095
142422	[6327]	:	time Target is 142422
162605	[20183]	:	Key	71	DOWN	at	162605  
162746	[141]	:	Key	71	UP	at	162745  
167390	[4644]	:	Key	71	DOWN	at	167389  
167488	[98]	:	Key	71	UP	at	167487  
172569	[5081]	:	Key	71	DOWN	at	172569  
172831	[262]	:	Key	71	UP	at	172831  
183087	[10256]	:	Key	71	DOWN	at	183086  
183327	[240]	:	Key	71	UP	at	183327  
189562	[6235]	:	Key	71	DOWN	at	189562  
190359	[797]	:	Key	71	UP	at	189805  
190373	[14]	:	time Target is 190373
191021	[648]	:	Key	71	DOWN	at	191021  
195473	[4452]	:	time Target is 195473
196331	[858]	:	Key	71	DOWN	at	196330  
200565	[4234]	:	time Target is 200565
201296	[731]	:	Key	71	DOWN	at	201295  
205664	[4368]	:	time Target is 205664
206331	[667]	:	Key	71	DOWN	at	206331  
210752	[4421]	:	time Target is 210752
211355	[603]	:	Key	71	DOWN	at	211355  
215054	[3699]	:	Key	71	UP	at	211580  
219966	[4912]	:	Key	71	DOWN	at	219966  
220752	[786]	:	Key	71	UP	at	220219  
220775	[23]	:	time Target is 220775
235131	[14356]	:	Key	71	DOWN	at	235131  
235372	[241]	:	Key	71	UP	at	235372  
240318	[4946]	:	Key	71	DOWN	at	240317  
241111	[793]	:	Key	71	UP	at	240524  
241134	[23]	:	time Target is 241134
241850	[716]	:	Key	71	DOWN	at	241850  
246224	[4374]	:	time Target is 246224
246927	[703]	:	Key	71	DOWN	at	246926  
251316	[4389]	:	time Target is 251316
256386	[5070]	:	time Target is 256386
272031	[15645]	:	Key	71	DOWN	at	272030  
272253	[222]	:	Key	71	UP	at	272253  
276973	[4720]	:	Key	71	DOWN	at	276973  
277757	[784]	:	Key	71	UP	at	277165  
277779	[22]	:	time Target is 277779
278605	[826]	:	Key	71	DOWN	at	278605  
282865	[4260]	:	time Target is 282865
287937	[5072]	:	time Target is 287937
288702	[765]	:	Key	71	DOWN	at	288701  
293017	[4315]	:	time Target is 293017
294378	[1361]	:	Key	71	DOWN	at	294378  
297312	[2934]	:	Key	71	UP	at	294554  
308828	[11516]	:	Key	71	DOWN	at	308827  
309020	[192]	:	Key	71	UP	at	309020  
313711	[4691]	:	Key	71	DOWN	at	313711  
314504	[793]	:	Key	71	UP	at	313899  
314520	[16]	:	time Target is 314520
315147	[627]	:	Key	71	DOWN	at	315147  
319608	[4461]	:	time Target is 319608
324683	[5075]	:	time Target is 324683
329753	[5070]	:	time Target is 329753
342090	[12337]	:	Key	71	DOWN	at	342090  
342251	[161]	:	Key	71	UP	at	342251  
360223	[17972]	:	Key	71	DOWN	at	360222  
360430	[207]	:	Key	71	UP	at	360430  
376972	[16542]	:	Key	71	DOWN	at	376972  
377181	[209]	:	Key	71	UP	at	377181  
391167	[13986]	:	Key	71	DOWN	at	391166  
391343	[176]	:	Key	71	UP	at	391342  
393803	[2460]	:	Key	71	DOWN	at	393803  
396362	[2559]	:	time Target is 396362
397038	[676]	:	Key	71	DOWN	at	397037  
401700	[4662]	:	time Target is 401700
402431	[731]	:	Key	71	DOWN	at	402431  
407035	[4604]	:	time Target is 407035
407484	[449]	:	Key	71	DOWN	at	407484  
412371	[4887]	:	time Target is 412371
413133	[762]	:	Key	71	DOWN	at	413133  
417710	[4577]	:	time Target is 417710
418349	[639]	:	Key	71	DOWN	at	418348  
423051	[4702]	:	time Target is 423051
423052	[1]	:	Key	71	DOWN	at	423051  
423194	[142]	:	Key	71	UP	at	423194  
424171	[977]	:	Key	71	DOWN	at	424171  
428376	[4205]	:	Key	71	DOWN	at	428222  
431189	[2813]	:	time Target is 431189
431775	[586]	:	Key	71	DOWN	at	431774  
436534	[4759]	:	Key	71	DOWN	at	436494  
439362	[2828]	:	time Target is 439362
440269	[907]	:	Key	71	DOWN	at	440269  
444690	[4421]	:	time Target is 444690
450012	[5322]	:	time Target is 450012
450541	[529]	:	Key	71	DOWN	at	450541  
455350	[4809]	:	time Target is 455350
456443	[1093]	:	Key	71	DOWN	at	456443  
460685	[4242]	:	time Target is 460685
461532	[847]	:	Key	71	DOWN	at	461531  
466024	[4492]	:	time Target is 466024
471346	[5322]	:	time Target is 471346
476666	[5320]	:	time Target is 476666
481987	[5321]	:	time Target is 481987
482809	[822]	:	Key	71	DOWN	at	482809  
487322	[4513]	:	time Target is 487322
492642	[5320]	:	time Target is 492642
493838	[1196]	:	Key	71	DOWN	at	493838  
497978	[4140]	:	time Target is 497978
503297	[5319]	:	time Target is 503297
504092	[795]	:	Key	71	DOWN	at	504092  
508640	[4548]	:	time Target is 508640
513967	[5327]	:	time Target is 513967
514763	[796]	:	Key	71	DOWN	at	514763  
519296	[4533]	:	time Target is 519296
520335	[1039]	:	Key	71	DOWN	at	520333  
524631	[4296]	:	time Target is 524631
525391	[760]	:	Key	71	DOWN	at	525390  
529969	[4578]	:	time Target is 529969
535295	[5326]	:	time Target is 535295
535885	[590]	:	Key	71	DOWN	at	535884  
540637	[4752]	:	Key	71	DOWN	at	540524  
543492	[2855]	:	time Target is 543492
544075	[583]	:	Key	71	DOWN	at	544074  
548829	[4754]	:	time Target is 548829
549739	[910]	:	Key	71	DOWN	at	549738  
554182	[4443]	:	time Target is 554182
554734	[552]	:	Key	71	DOWN	at	554734  
559509	[4775]	:	Key	71	DOWN	at	559405  
562320	[2811]	:	time Target is 562320
563214	[894]	:	Key	71	DOWN	at	563214  
567656	[4442]	:	time Target is 567656
568604	[948]	:	Key	71	DOWN	at	568604  
572996	[4392]	:	time Target is 572996
573935	[939]	:	Key	71	DOWN	at	573934  
578335	[4400]	:	time Target is 578335
579199	[864]	:	Key	71	DOWN	at	579199  
583667	[4468]	:	time Target is 583667
584701	[1034]	:	Key	71	DOWN	at	584700  
589003	[4302]	:	time Target is 589003
589502	[499]	:	Key	71	DOWN	at	589501  
594346	[4844]	:	time Target is 594346
595050	[704]	:	Key	71	DOWN	at	595050  
599682	[4632]	:	time Target is 599682
600986	[1304]	:	Key	71	DOWN	at	600986  
605022	[4036]	:	time Target is 605022
605661	[639]	:	Key	71	DOWN	at	605661  
610359	[4698]	:	time Target is 610359
610847	[488]	:	Key	71	DOWN	at	610846  
615701	[4854]	:	time Target is 615701
616907	[1206]	:	Key	71	DOWN	at	616907  
621039	[4132]	:	time Target is 621039
622173	[1134]	:	Key	71	DOWN	at	622173  
626376	[4203]	:	time Target is 626376
631693	[5317]	:	time Target is 631693
632219	[526]	:	Key	71	DOWN	at	632219  
637028	[4809]	:	time Target is 637028
637486	[458]	:	Key	71	DOWN	at	637485  
642369	[4883]	:	time Target is 642369
643342	[973]	:	Key	71	DOWN	at	643342  
647704	[4362]	:	time Target is 647704
649114	[1410]	:	Key	71	DOWN	at	649114  
653042	[3928]	:	time Target is 653042
653660	[618]	:	Key	71	DOWN	at	653660  
658377	[4717]	:	time Target is 658377
663699	[5322]	:	time Target is 663699
664125	[426]	:	Key	71	DOWN	at	664125  
669038	[4913]	:	time Target is 669038
674357	[5319]	:	time Target is 674357
679677	[5320]	:	time Target is 679677
685002	[5325]	:	time Target is 685002
685358	[356]	:	Key	71	DOWN	at	685357  
690339	[4981]	:	time Target is 690339
695660	[5321]	:	time Target is 695660
700980	[5320]	:	time Target is 700980
706307	[5327]	:	time Target is 706307
707309	[1002]	:	Key	71	DOWN	at	707309  
711641	[4332]	:	time Target is 711641
712414	[773]	:	Key	71	DOWN	at	712414  
716975	[4561]	:	time Target is 716975
717952	[977]	:	Key	71	DOWN	at	717951  
722313	[4361]	:	time Target is 722313
723614	[1301]	:	Key	71	DOWN	at	723614  
727647	[4033]	:	time Target is 727647
732969	[5322]	:	time Target is 732969
733646	[677]	:	Key	71	DOWN	at	733646  
738303	[4657]	:	time Target is 738303
739168	[865]	:	Key	71	DOWN	at	739167  
743637	[4469]	:	time Target is 743637
744237	[600]	:	Key	71	DOWN	at	744237  
748971	[4734]	:	time Target is 748971
749596	[625]	:	Key	71	DOWN	at	749595  
754308	[4712]	:	time Target is 754308
759631	[5323]	:	time Target is 759631
760460	[829]	:	Key	71	DOWN	at	760460  
764959	[4499]	:	time Target is 764959
770282	[5323]	:	time Target is 770282
775603	[5321]	:	time Target is 775603
780921	[5318]	:	time Target is 780921
782219	[1298]	:	Key	71	DOWN	at	782219  
786261	[4042]	:	time Target is 786261
787131	[870]	:	Key	71	DOWN	at	787130  
791603	[4472]	:	time Target is 791603
792458	[855]	:	Key	71	DOWN	at	792457  
796935	[4477]	:	time Target is 796935
797612	[677]	:	Key	71	DOWN	at	797611  
802273	[4661]	:	time Target is 802273
802970	[697]	:	Key	71	DOWN	at	802970  
807614	[4644]	:	time Target is 807614
812934	[5320]	:	time Target is 812934
814285	[1351]	:	Key	71	DOWN	at	814285  
818264	[3979]	:	time Target is 818264
819230	[966]	:	Key	71	DOWN	at	819230  
823603	[4373]	:	time Target is 823603
824590	[987]	:	Key	71	DOWN	at	824589  
828942	[4352]	:	time Target is 828942
829517	[575]	:	Key	71	DOWN	at	829516  
834282	[4765]	:	time Target is 834282
839605	[5323]	:	time Target is 839605
844925	[5320]	:	time Target is 844925
850243	[5318]	:	time Target is 850243
850860	[617]	:	Key	71	DOWN	at	850859  
855577	[4717]	:	time Target is 855577
860899	[5322]	:	time Target is 860899
862267	[1368]	:	Key	71	DOWN	at	862267  
865214	[2947]	:	Key	71	UP	at	862378  
869658	[4444]	:	Key	71	DOWN	at	869658  
870446	[788]	:	Key	71	UP	at	869821  
870714	[268]	:	time Target is 870714
876035	[5321]	:	time Target is 876035
876621	[586]	:	Key	71	DOWN	at	876620  
881368	[4747]	:	time Target is 881368
886692	[5324]	:	time Target is 886692
888122	[1430]	:	Key	71	DOWN	at	888122  
892034	[3912]	:	time Target is 892034
897361	[5327]	:	time Target is 897361
898718	[1357]	:	Key	71	DOWN	at	898718  
902697	[3979]	:	time Target is 902697
903691	[994]	:	Key	71	DOWN	at	903690  
908036	[4345]	:	time Target is 908036
909034	[998]	:	Key	71	DOWN	at	909034  
913369	[4335]	:	time Target is 913369
913851	[482]	:	Key	71	DOWN	at	913850  
918708	[4857]	:	time Target is 918708
924030	[5322]	:	time Target is 924030
929350	[5320]	:	time Target is 929350
934672	[5322]	:	time Target is 934672
935455	[783]	:	Key	71	DOWN	at	935455  
940009	[4554]	:	time Target is 940009
941086	[1077]	:	Key	71	DOWN	at	941085  
945347	[4261]	:	time Target is 945347
946335	[988]	:	Key	71	DOWN	at	946334  
950677	[4342]	:	time Target is 950677
951339	[662]	:	Key	71	DOWN	at	951339  
956006	[4667]	:	time Target is 956006
956988	[982]	:	Key	71	DOWN	at	956988  
961343	[4355]	:	time Target is 961343
962361	[1018]	:	Key	71	DOWN	at	962361  
966672	[4311]	:	time Target is 966672
967839	[1167]	:	Key	71	DOWN	at	967838  
972011	[4172]	:	time Target is 972011
972988	[977]	:	Key	71	DOWN	at	972987  
977343	[4355]	:	time Target is 977343
978494	[1151]	:	Key	71	DOWN	at	978494  
982677	[4183]	:	time Target is 982677
983340	[663]	:	Key	71	DOWN	at	983340  
988012	[4672]	:	time Target is 988012
988682	[670]	:	Key	71	DOWN	at	988682  
993349	[4667]	:	time Target is 993349
994474	[1125]	:	Key	71	DOWN	at	994474  
998678	[4204]	:	time Target is 998678
999359	[681]	:	Key	71	DOWN	at	999358  
1004018	[4659]	:	time Target is 1004018
1009333	[5315]	:	time Target is 1009333
1010300	[967]	:	Key	71	DOWN	at	1010299 
1014668	[4368]	:	time Target is 1014668
1019994	[5326]	:	time Target is 1019994
1025313	[5319]	:	time Target is 1025313
1030665	[5352]	:	time Target is 1030665
1035986	[5321]	:	time Target is 1035986
1041307	[5321]	:	time Target is 1041307
1046632	[5325]	:	time Target is 1046632
1051986	[5354]	:	time Target is 1051986
1057307	[5321]	:	time Target is 1057307
1062644	[5337]	:	time Target is 1062644
1063230	[586]	:	Key	71	DOWN	at	1063229 
1067984	[4754]	:	time Target is 1067984
1068830	[846]	:	Key	71	DOWN	at	1068830 
1073329	[4499]	:	time Target is 1073329
1073965	[636]	:	Key	71	DOWN	at	1073964 
1078668	[4703]	:	time Target is 1078668
1083987	[5319]	:	time Target is 1083987
1089311	[5324]	:	time Target is 1089311
1090507	[1196]	:	Key	71	DOWN	at	1090507 
1094647	[4140]	:	time Target is 1094647
1095502	[855]	:	Key	71	DOWN	at	1095502 
1099978	[4476]	:	time Target is 1099978
1105307	[5329]	:	time Target is 1105307
1106063	[756]	:	Key	71	DOWN	at	1106062 
1110643	[4580]	:	time Target is 1110643
1111406	[763]	:	Key	71	DOWN	at	1111406 
1115979	[4573]	:	time Target is 1115979
1116942	[963]	:	Key	71	DOWN	at	1116942 
1121315	[4373]	:	time Target is 1121315
1122219	[904]	:	Key	71	DOWN	at	1122218 
1126669	[4450]	:	time Target is 1126669
1127899	[1230]	:	Key	71	DOWN	at	1127899 
1132003	[4104]	:	time Target is 1132003
1133246	[1243]	:	Key	71	DOWN	at	1133246 
1137341	[4095]	:	time Target is 1137341
1138045	[704]	:	Key	71	DOWN	at	1138045 
1142675	[4630]	:	time Target is 1142675
1143277	[602]	:	Key	71	DOWN	at	1143277 
1148017	[4740]	:	time Target is 1148017
1149179	[1162]	:	Key	71	DOWN	at	1149179 
1153354	[4175]	:	time Target is 1153354
1153982	[628]	:	Key	71	DOWN	at	1153982 
1158687	[4705]	:	time Target is 1158687
1159385	[698]	:	Key	71	DOWN	at	1159385 
1164031	[4646]	:	time Target is 1164031
1164763	[732]	:	Key	71	DOWN	at	1164762 
1169368	[4605]	:	time Target is 1169368
1174689	[5321]	:	time Target is 1174689
1175753	[1064]	:	Key	71	DOWN	at	1175753 
1180041	[4288]	:	time Target is 1180041
1181120	[1079]	:	Key	71	DOWN	at	1181118 
1185375	[4255]	:	time Target is 1185375
1186095	[720]	:	Key	71	DOWN	at	1186094 
1190711	[4616]	:	time Target is 1190711
1196036	[5325]	:	time Target is 1196036
1196442	[406]	:	Key	71	DOWN	at	1196442 
1201368	[4926]	:	time Target is 1201368
1202522	[1154]	:	Key	71	DOWN	at	1202521 
1206696	[4174]	:	time Target is 1206696
1212021	[5325]	:	time Target is 1212021
1212958	[937]	:	Key	71	DOWN	at	1212958 
1217358	[4400]	:	time Target is 1217358
1218304	[946]	:	Key	71	DOWN	at	1218302 
1222694	[4390]	:	time Target is 1222694
1223291	[597]	:	Key	71	DOWN	at	1223290 
1228029	[4738]	:	time Target is 1228029
1229034	[1005]	:	Key	71	DOWN	at	1229034 
1233363	[4329]	:	time Target is 1233363
1234060	[697]	:	Key	71	DOWN	at	1234059 
1238699	[4639]	:	time Target is 1238699
1239419	[720]	:	Key	71	DOWN	at	1239418 
1244037	[4618]	:	time Target is 1244037
1245242	[1205]	:	Key	71	DOWN	at	1245241 
1249373	[4131]	:	time Target is 1249373
1254698	[5325]	:	time Target is 1254698
1255533	[835]	:	Key	71	DOWN	at	1255533 
1260028	[4495]	:	time Target is 1260028
1265349	[5321]	:	time Target is 1265349
1266220	[871]	:	Key	71	DOWN	at	1266220 
1270686	[4466]	:	time Target is 1270686
1271066	[380]	:	Key	71	DOWN	at	1271066 
1276018	[4952]	:	time Target is 1276018
1276571	[553]	:	Key	71	DOWN	at	1276570 
1281351	[4780]	:	time Target is 1281351
1286670	[5319]	:	time Target is 1286670
1287050	[380]	:	Key	71	DOWN	at	1287049 
1292011	[4961]	:	time Target is 1292011
1292315	[304]	:	Key	71	DOWN	at	1292314 
1297349	[5034]	:	time Target is 1297349
1298538	[1189]	:	Key	71	DOWN	at	1298538 
1302695	[4157]	:	time Target is 1302695
1308018	[5323]	:	time Target is 1308018
1313342	[5324]	:	time Target is 1313342
1314298	[956]	:	Key	71	DOWN	at	1314298 
1318675	[4377]	:	time Target is 1318675
1323996	[5321]	:	time Target is 1323996
1329318	[5322]	:	time Target is 1329318
1329994	[676]	:	Key	71	DOWN	at	1329994 
1334652	[4658]	:	time Target is 1334652
1335933	[1281]	:	Key	71	DOWN	at	1335933 
1339996	[4063]	:	time Target is 1339996
1340847	[851]	:	Key	71	DOWN	at	1340846 
1345331	[4484]	:	time Target is 1345331
1346380	[1049]	:	Key	71	DOWN	at	1346380 
1349635	[3255]	:	Key	71	UP	at	1346556 
1363949	[14314]	:	Key	71	DOWN	at	1363949 
1364139	[190]	:	Key	71	UP	at	1364138 
1376922	[12783]	:	Key	71	DOWN	at	1376922 
1377713	[791]	:	Key	71	UP	at	1377167 
1377981	[268]	:	time Target is 1377981
1378523	[542]	:	Key	71	DOWN	at	1378523 
1383310	[4787]	:	Key	71	DOWN	at	1383213 
1386125	[2815]	:	time Target is 1386125
1386572	[447]	:	Key	71	DOWN	at	1386572 
1391464	[4892]	:	time Target is 1391464
1392047	[583]	:	Key	71	DOWN	at	1392046 
1396803	[4756]	:	time Target is 1396803
1397483	[680]	:	Key	71	DOWN	at	1397483 
1402137	[4654]	:	time Target is 1402137
1407464	[5327]	:	time Target is 1407464
1412786	[5322]	:	time Target is 1412786
1414111	[1325]	:	Key	71	DOWN	at	1414110 
1418122	[4011]	:	time Target is 1418122
1423442	[5320]	:	time Target is 1423442
1423788	[346]	:	Key	71	DOWN	at	1423787 
1428778	[4990]	:	time Target is 1428778
1434099	[5321]	:	time Target is 1434099
1434522	[423]	:	Key	71	DOWN	at	1434522 
1439431	[4909]	:	time Target is 1439431
1444749	[5318]	:	time Target is 1444749
1445290	[541]	:	Key	71	DOWN	at	1445289 
1450092	[4802]	:	time Target is 1450092
1455414	[5322]	:	time Target is 1455414
1460735	[5321]	:	time Target is 1460735
1466053	[5318]	:	time Target is 1466053
1471370	[5317]	:	time Target is 1471370
1476692	[5322]	:	time Target is 1476692
1482021	[5329]	:	time Target is 1482021
1482973	[952]	:	Key	71	DOWN	at	1482972 
1487364	[4391]	:	time Target is 1487364
1488058	[694]	:	Key	71	DOWN	at	1488058 
1492698	[4640]	:	time Target is 1492698
1494139	[1441]	:	Key	71	DOWN	at	1494139 
1498036	[3897]	:	time Target is 1498036
1499485	[1449]	:	Key	71	DOWN	at	1499485 
1503368	[3883]	:	time Target is 1503368
1504170	[802]	:	Key	71	DOWN	at	1504170 
1508705	[4535]	:	time Target is 1508705
1509342	[637]	:	Key	71	DOWN	at	1509341 
1514044	[4702]	:	time Target is 1514044
1519363	[5319]	:	time Target is 1519363
1520268	[905]	:	Key	71	DOWN	at	1520268 
1524707	[4439]	:	time Target is 1524707
1525244	[537]	:	Key	71	DOWN	at	1525243 
1530041	[4797]	:	time Target is 1530041
1535358	[5317]	:	time Target is 1535358
1535645	[287]	:	Key	71	DOWN	at	1535645 
1540704	[5059]	:	time Target is 1540704
1541948	[1244]	:	Key	71	DOWN	at	1541948 
1546042	[4094]	:	time Target is 1546042
1547372	[1330]	:	Key	71	DOWN	at	1547372 
1551373	[4001]	:	time Target is 1551373
1552619	[1246]	:	Key	71	DOWN	at	1552619 
1556710	[4091]	:	time Target is 1556710
1562028	[5318]	:	time Target is 1562028
1562746	[718]	:	Key	71	DOWN	at	1562746 
1567363	[4617]	:	time Target is 1567363
1572679	[5316]	:	Key	71	DOWN	at	1572670 
1575491	[2812]	:	time Target is 1575491
1576075	[584]	:	Key	71	DOWN	at	1576075 
1580827	[4752]	:	time Target is 1580827
1586145	[5318]	:	time Target is 1586145
1591469	[5324]	:	time Target is 1591469
1596797	[5328]	:	time Target is 1596797
1597308	[511]	:	Key	71	DOWN	at	1597308 
1602133	[4825]	:	time Target is 1602133
1602637	[504]	:	Key	71	DOWN	at	1602636 
1607454	[4817]	:	time Target is 1607454
1612772	[5318]	:	time Target is 1612772
1614043	[1271]	:	Key	71	DOWN	at	1614042 
1618108	[4065]	:	time Target is 1618108
1623428	[5320]	:	time Target is 1623428
1624191	[763]	:	Key	71	DOWN	at	1624191 
1628766	[4575]	:	time Target is 1628766
1634087	[5321]	:	time Target is 1634087
1634654	[567]	:	Key	71	DOWN	at	1634653 
1639423	[4769]	:	time Target is 1639423
1644742	[5319]	:	time Target is 1644742
1650064	[5322]	:	time Target is 1650064
1655380	[5316]	:	time Target is 1655380
1656014	[634]	:	Key	71	DOWN	at	1656014 
1660717	[4703]	:	time Target is 1660717
1661182	[465]	:	Key	71	DOWN	at	1661181 
1666057	[4875]	:	time Target is 1666057
1667178	[1121]	:	Key	71	DOWN	at	1667178 
1671393	[4215]	:	time Target is 1671393
1676713	[5320]	:	time Target is 1676713
1677561	[848]	:	Key	71	DOWN	at	1677561 
1682047	[4486]	:	time Target is 1682047
1682635	[588]	:	Key	71	DOWN	at	1682634 
1687380	[4745]	:	time Target is 1687380
1688302	[922]	:	Key	71	DOWN	at	1688301 
1692723	[4421]	:	time Target is 1692723
1698044	[5321]	:	time Target is 1698044
1703366	[5322]	:	time Target is 1703366
1708687	[5321]	:	time Target is 1708687
1714011	[5324]	:	time Target is 1714011
1715194	[1183]	:	Key	71	DOWN	at	1715194 
1719349	[4155]	:	time Target is 1719349
1720474	[1125]	:	Key	71	DOWN	at	1720474 
1724680	[4206]	:	time Target is 1724680
1725310	[630]	:	Key	71	DOWN	at	1725309 
1730014	[4704]	:	time Target is 1730014
1735333	[5319]	:	time Target is 1735333
1735677	[344]	:	Key	71	DOWN	at	1735677 
1740665	[4988]	:	time Target is 1740665
1741323	[658]	:	Key	71	DOWN	at	1741323 
1746000	[4677]	:	time Target is 1746000
1747038	[1038]	:	Key	71	DOWN	at	1747038 
1751334	[4296]	:	time Target is 1751334
1756652	[5318]	:	time Target is 1756652
1757786	[1134]	:	Key	71	DOWN	at	1757785 
1761998	[4212]	:	time Target is 1761998
1762633	[635]	:	Key	71	DOWN	at	1762633 
1767333	[4700]	:	time Target is 1767333
1767755	[422]	:	Key	71	DOWN	at	1767755 
1772665	[4910]	:	time Target is 1772665
1778019	[5354]	:	time Target is 1778019
1778830	[811]	:	Key	71	DOWN	at	1778830 
1783362	[4532]	:	time Target is 1783362
1784202	[840]	:	Key	71	DOWN	at	1784201 
1788699	[4497]	:	time Target is 1788699
1794016	[5317]	:	time Target is 1794016
1799349	[5333]	:	time Target is 1799349
1800122	[773]	:	Key	71	DOWN	at	1800121 
1804687	[4565]	:	time Target is 1804687
1804734	[47]	:	Key	71	DOWN	at	1804733 
1810024	[5290]	:	time Target is 1810024
1810442	[418]	:	Key	71	DOWN	at	1810442 
1815359	[4917]	:	time Target is 1815359
1820692	[5333]	:	time Target is 1820692
1821802	[1110]	:	Key	71	DOWN	at	1821801 
1826029	[4227]	:	time Target is 1826029
1826907	[878]	:	Key	71	DOWN	at	1826906 
1831367	[4460]	:	time Target is 1831367
1836686	[5319]	:	time Target is 1836686
1837726	[1040]	:	Key	71	DOWN	at	1837724 
1842026	[4300]	:	time Target is 1842026
1847345	[5319]	:	time Target is 1847345
1848558	[1213]	:	Key	71	DOWN	at	1848557 
1851649	[3091]	:	Key	71	UP	at	1848810 
1866829	[15180]	:	Key	71	DOWN	at	1866829 
1867619	[790]	:	Key	71	UP	at	1867004 
1867886	[267]	:	time Target is 1867886
1873210	[5324]	:	time Target is 1873210
1878523	[5313]	:	time Target is 1878523
1879178	[655]	:	Key	71	DOWN	at	1879178 
1883891	[4713]	:	time Target is 1883891
1884201	[310]	:	Key	71	DOWN	at	1884201 
1889233	[5032]	:	time Target is 1889233
1889721	[488]	:	Key	71	DOWN	at	1889721 
1894571	[4850]	:	time Target is 1894571
1895001	[430]	:	Key	71	DOWN	at	1895001 
1899908	[4907]	:	time Target is 1899908
1905235	[5327]	:	time Target is 1905235
1910555	[5320]	:	time Target is 1910555
1915875	[5320]	:	time Target is 1915875
1916364	[489]	:	Key	71	DOWN	at	1916363 
1921214	[4850]	:	time Target is 1921214
1922601	[1387]	:	Key	71	DOWN	at	1922601 
1926557	[3956]	:	time Target is 1926557
1927583	[1026]	:	Key	71	UP	at	1927581 
1927855	[272]	:	Key	71	DOWN	at	1927854 
1931895	[4040]	:	time Target is 1931895
1932252	[357]	:	Key	71	DOWN	at	1932251 
1937224	[4972]	:	time Target is 1937224
1937630	[406]	:	Key	71	DOWN	at	1937630 
1942552	[4922]	:	Key	71	DOWN	at	1942441 
1945369	[2817]	:	time Target is 1945368
1950691	[5322]	:	time Target is 1950691
1956015	[5324]	:	time Target is 1956015
1957515	[1500]	:	Key	71	DOWN	at	1957515 
1961344	[3829]	:	time Target is 1961344
1962173	[829]	:	Key	71	DOWN	at	1962173 
1966684	[4511]	:	Key	71	DOWN	at	1966635 
1969502	[2818]	:	time Target is 1969502
1969870	[368]	:	Key	71	UP	at	1969870 
1970543	[673]	:	Key	71	DOWN	at	1970542 
1974840	[4297]	:	time Target is 1974840
1975515	[675]	:	Key	71	DOWN	at	1975515 
1980172	[4657]	:	time Target is 1980172
1985498	[5326]	:	time Target is 1985498
1985870	[372]	:	Key	71	DOWN	at	1985870 
1990831	[4961]	:	Key	71	DOWN	at	1990794 
1993641	[2810]	:	time Target is 1993641
1994317	[676]	:	Key	71	DOWN	at	1994317 
1998975	[4658]	:	time Target is 1998975
2004296	[5321]	:	time Target is 2004296
2004942	[646]	:	Key	71	DOWN	at	2004941 
2009633	[4691]	:	time Target is 2009633
2014953	[5320]	:	time Target is 2014953
2020267	[5314]	:	time Target is 2020267
2025586	[5319]	:	time Target is 2025586
2025929	[343]	:	Key	71	DOWN	at	2025929 
2030926	[4997]	:	time Target is 2030926
2032013	[1087]	:	Key	71	DOWN	at	2032013 
2036265	[4252]	:	time Target is 2036265
2041321	[5056]	:	Key	71	UP	at	2041113 
2041587	[266]	:	time Target is 2041587
2042462	[875]	:	Key	71	DOWN	at	2042461 
2046925	[4463]	:	time Target is 2046925
2047406	[481]	:	Key	71	DOWN	at	2047406 
2052260	[4854]	:	time Target is 2052260
2053405	[1145]	:	Key	71	DOWN	at	2053405 
2057603	[4198]	:	time Target is 2057603
2062926	[5323]	:	time Target is 2062926
2063851	[925]	:	Key	71	DOWN	at	2063851 
2068266	[4415]	:	time Target is 2068266
2068746	[480]	:	Key	71	DOWN	at	2068746 
2073601	[4855]	:	time Target is 2073601
2074637	[1036]	:	Key	71	DOWN	at	2074637 
2078935	[4298]	:	time Target is 2078935
2079485	[550]	:	Key	71	DOWN	at	2079485 
2084272	[4787]	:	time Target is 2084272
2084862	[590]	:	Key	71	DOWN	at	2084862 
2089612	[4750]	:	time Target is 2089612
2090415	[803]	:	Key	71	DOWN	at	2090415 
2094952	[4537]	:	time Target is 2094952
2100272	[5320]	:	time Target is 2100272
2101518	[1246]	:	Key	71	UP	at	2101518 
2105591	[4073]	:	time Target is 2105591
2105594	[3]	:	Key	71	DOWN	at	2105594 
2110918	[5324]	:	time Target is 2110918
2112315	[1397]	:	Key	71	DOWN	at	2112315 
2116259	[3944]	:	time Target is 2116259
2116970	[711]	:	Key	71	DOWN	at	2116969 
2121597	[4627]	:	time Target is 2121597
2126925	[5328]	:	time Target is 2126925
2127422	[497]	:	Key	71	DOWN	at	2127422 
2132261	[4839]	:	time Target is 2132261
2132988	[727]	:	Key	71	DOWN	at	2132988 
2137596	[4608]	:	time Target is 2137596
2138138	[542]	:	Key	71	DOWN	at	2138138 
2142937	[4799]	:	time Target is 2142937
2147997	[5060]	:	Key	71	UP	at	2147931 
2148262	[265]	:	time Target is 2148262
2149369	[1107]	:	Key	71	DOWN	at	2149369 
2153628	[4259]	:	time Target is 2153628
2154735	[1107]	:	Key	71	DOWN	at	2154734 
2158967	[4232]	:	time Target is 2158967
2159402	[435]	:	Key	71	DOWN	at	2159402 
2164304	[4902]	:	time Target is 2164304
2164686	[382]	:	Key	71	DOWN	at	2164685 
2169635	[4949]	:	time Target is 2169635
2169693	[58]	:	Key	71	DOWN	at	2169693 
2174971	[5278]	:	time Target is 2174971
2176138	[1167]	:	Key	71	DOWN	at	2176138 
2180308	[4170]	:	time Target is 2180308
2180698	[390]	:	Key	71	DOWN	at	2180697 
2185386	[4688]	:	Key	71	DOWN	at	2185098 
2188208	[2822]	:	time Target is 2188208
2189455	[1247]	:	Key	71	DOWN	at	2189454 
2193548	[4093]	:	time Target is 2193548
2194093	[545]	:	Key	71	DOWN	at	2194093 
2198912	[4819]	:	time Target is 2198912
2199196	[284]	:	Key	71	DOWN	at	2199195 
2204251	[5055]	:	time Target is 2204251
2204459	[208]	:	Key	71	DOWN	at	2204459 
2209589	[5130]	:	time Target is 2209589
2210253	[664]	:	Key	71	DOWN	at	2210253 
2214923	[4670]	:	time Target is 2214923
2215547	[624]	:	Key	71	DOWN	at	2215547 
2219993	[4446]	:	Key	71	DOWN	at	2219401 
2222811	[2818]	:	time Target is 2222811
2223371	[560]	:	Key	71	DOWN	at	2223371 
2228147	[4776]	:	time Target is 2228147
2228620	[473]	:	Key	71	DOWN	at	2228620 
2233483	[4863]	:	time Target is 2233483
2233839	[356]	:	Key	71	DOWN	at	2233838 
2238819	[4980]	:	time Target is 2238819
2238895	[76]	:	Key	71	DOWN	at	2238894 
2244154	[5259]	:	time Target is 2244154
2244617	[463]	:	Key	71	DOWN	at	2244617 
2249495	[4878]	:	time Target is 2249495
2254819	[5324]	:	time Target is 2254819
2255643	[824]	:	Key	71	DOWN	at	2255643 
2260157	[4514]	:	time Target is 2260157
2260892	[735]	:	Key	71	DOWN	at	2260891 
2265499	[4607]	:	time Target is 2265499
2270814	[5315]	:	time Target is 2270814
2271901	[1087]	:	Key	71	DOWN	at	2271900 
2276156	[4255]	:	time Target is 2276156
2276762	[606]	:	Key	71	DOWN	at	2276761 
2281490	[4728]	:	time Target is 2281490
2282271	[781]	:	Key	71	DOWN	at	2282270 
2286826	[4555]	:	time Target is 2286826
2287629	[803]	:	Key	71	DOWN	at	2287629 
2292164	[4535]	:	time Target is 2292164
2292350	[186]	:	Key	71	UP	at	2292350 
2293373	[1023]	:	Key	71	DOWN	at	2293372 
2297502	[4129]	:	time Target is 2297502
2298527	[1025]	:	Key	71	DOWN	at	2298526 
2302843	[4316]	:	time Target is 2302843
2303340	[497]	:	Key	71	DOWN	at	2303340 
2308184	[4844]	:	time Target is 2308184
2308846	[662]	:	Key	71	DOWN	at	2308846 
2313522	[4676]	:	time Target is 2313522
2314075	[553]	:	Key	71	DOWN	at	2314074 
2318861	[4786]	:	time Target is 2318861
2319404	[543]	:	Key	71	DOWN	at	2319404 
2324219	[4815]	:	time Target is 2324219
2324985	[766]	:	Key	71	DOWN	at	2324985 
2329570	[4585]	:	time Target is 2329570
2330300	[730]	:	Key	71	DOWN	at	2330300 
2333872	[3572]	:	Key	71	UP	at	2330588 
2343961	[10089]	:	Key	71	DOWN	at	2343961 
2344170	[209]	:	Key	71	UP	at	2344170 
2365773	[21603]	:	Key	37	DOWN	at	2365772 
2366043	[270]	:	Key	37	UP	at	2366043 
2369868	[3825]	:	Key	37	DOWN	at	2369867 
2370170	[302]	:	Key	37	UP	at	2370169 
2372779	[2609]	:	Key	28	DOWN	at	2372779 
2373050	[271]	:	Key	28	UP	at	2373050 
2380698	[7648]	:	Key	28	DOWN	at	2380698 
2381021	[323]	:	Key	28	UP	at	2381021 
2386922	[5901]	:	Key	28	DOWN	at	2386921 
2387178	[256]	:	Key	28	UP	at	2387177 
2391162	[3984]	:	Key	29	DOWN	at	2391162 
2391435	[273]	:	Key	29	UP	at	2391435 
2395674	[4239]	:	Key	28	DOWN	at	2395674 
2395886	[212]	:	Key	28	UP	at	2395886 
2400254	[4368]	:	Key	28	DOWN	at	2400253 
2400473	[219]	:	Key	28	UP	at	2400473 
2404590	[4117]	:	Key	28	DOWN	at	2404590 
2404858	[268]	:	Key	28	UP	at	2404857 
2406397	[1539]	:	Key	28	DOWN	at	2406397 
2406635	[238]	:	Key	28	UP	at	2406635 
2412651	[6016]	:	Key	28	DOWN	at	2412651 
2412910	[259]	:	Key	28	UP	at	2412910 
2414043	[1133]	:	Key	28	DOWN	at	2414043 
2414237	[194]	:	Key	28	UP	at	2414237 
2418685	[4448]	:	Key	29	DOWN	at	2418684 
2418894	[209]	:	Key	29	UP	at	2418894 
2421609	[2715]	:	Key	29	DOWN	at	2421609 
2421886	[277]	:	Key	29	UP	at	2421886 
2426234	[4348]	:	Key	28	DOWN	at	2426234 
2426415	[181]	:	Key	28	UP	at	2426415 
2427357	[942]	:	Key	29	DOWN	at	2427357 
2427486	[129]	:	Key	29	UP	at	2427485 
2433918	[6432]	:	Key	28	DOWN	at	2433918 
2434091	[173]	:	Key	28	UP	at	2434091 
2435308	[1217]	:	Key	28	DOWN	at	2435308 
2435324	[16]	:	COGENT STOP
