Cog2000 log file Tue Jan 07 17:38:40 2020
gprim v1.33 Compiled:Aug 12 2015 (GLib DirectDraw v7 DX12.0 Compiled:Aug 12 2015)
Display:1024x768x32 59.95Hz
Attaching C:\Program Files\Cogent2000v1.33\Toolbox\CogInput.mexw64
CogInput v1.05 Compiled: May 20 2010
7	[7]	:	COGENT START
154911	[154904]	:	Key	71	DOWN	at	154906  
155016	[105]	:	Key	71	UP	at	155016  
171065	[16049]	:	Key	71	DOWN	at	171065  
171148	[83]	:	Key	71	UP	at	171146  
174109	[2961]	:	Key	71	DOWN	at	174107  
174200	[91]	:	Key	71	UP	at	174199  
184731	[10531]	:	Key	71	DOWN	at	184730  
184824	[93]	:	Key	71	UP	at	184823  
198813	[13989]	:	Key	71	DOWN	at	198811  
198907	[94]	:	Key	71	UP	at	198906  
217179	[18272]	:	Key	71	DOWN	at	217178  
218077	[898]	:	time Target is 218059
218618	[541]	:	Key	71	DOWN	at	218618  
224214	[5596]	:	time Target is 224213
224699	[485]	:	Key	71	DOWN	at	224698  
230325	[5626]	:	time Target is 230324
231223	[898]	:	Key	71	DOWN	at	231223  
236433	[5210]	:	time Target is 236432
236778	[345]	:	Key	71	DOWN	at	236778  
246667	[9889]	:	Key	71	DOWN	at	246666  
247745	[1078]	:	time Target is 247740
254080	[6335]	:	time Target is 254080
260404	[6324]	:	time Target is 260404
266738	[6334]	:	time Target is 266738
284426	[17688]	:	Key	71	DOWN	at	284426  
284508	[82]	:	Key	71	UP	at	284507  
288856	[4348]	:	Key	71	DOWN	at	288856  
288936	[80]	:	Key	71	UP	at	288936  
292778	[3842]	:	Key	71	DOWN	at	292778  
292844	[66]	:	Key	71	UP	at	292843  
300281	[7437]	:	Key	71	DOWN	at	300281  
300376	[95]	:	Key	71	UP	at	300376  
304011	[3635]	:	Key	71	DOWN	at	304010  
304841	[830]	:	Key	71	UP	at	304085  
304868	[27]	:	time Target is 304868
305500	[632]	:	Key	71	DOWN	at	305499  
309974	[4474]	:	time Target is 309974
310917	[943]	:	Key	71	DOWN	at	310917  
315075	[4158]	:	time Target is 315075
315131	[56]	:	Key	71	DOWN	at	315131  
320150	[5019]	:	Key	71	DOWN	at	319897  
320150	[0]	:	Key	71	UP	at	319978  
322728	[2578]	:	time Target is 322728
323158	[430]	:	Key	71	DOWN	at	323158  
327041	[3883]	:	Key	71	UP	at	323224  
330470	[3429]	:	Key	71	DOWN	at	330470  
331255	[785]	:	Key	71	UP	at	330538  
331278	[23]	:	time Target is 331278
342282	[11004]	:	Key	71	DOWN	at	342281  
342376	[94]	:	Key	71	UP	at	342375  
345513	[3137]	:	Key	71	DOWN	at	345512  
346303	[790]	:	Key	71	UP	at	345592  
346324	[21]	:	time Target is 346324
347146	[822]	:	Key	71	DOWN	at	347146  
351417	[4271]	:	time Target is 351417
356491	[5074]	:	time Target is 356491
361561	[5070]	:	time Target is 361561
368997	[7436]	:	Key	71	DOWN	at	368997  
369080	[83]	:	Key	71	UP	at	369079  
377287	[8207]	:	Key	71	DOWN	at	377287  
378077	[790]	:	Key	71	UP	at	377368  
378098	[21]	:	time Target is 378098
378730	[632]	:	Key	71	DOWN	at	378729  
383191	[4461]	:	time Target is 383190
388266	[5075]	:	time Target is 388266
388616	[350]	:	Key	71	DOWN	at	388616  
393354	[4738]	:	time Target is 393354
393673	[319]	:	Key	71	DOWN	at	393673  
397651	[3978]	:	Key	71	UP	at	393753  
404663	[7012]	:	Key	71	DOWN	at	404662  
404744	[81]	:	Key	71	UP	at	404744  
407654	[2910]	:	Key	71	DOWN	at	407654  
408445	[791]	:	Key	71	UP	at	407738  
408468	[23]	:	time Target is 408468
409158	[690]	:	Key	71	DOWN	at	409158  
413565	[4407]	:	time Target is 413564
418636	[5071]	:	time Target is 418635
423705	[5069]	:	time Target is 423705
434103	[10398]	:	Key	71	DOWN	at	434102  
434231	[128]	:	Key	71	UP	at	434231  
446857	[12626]	:	Key	71	DOWN	at	446856  
446951	[94]	:	Key	71	UP	at	446950  
462155	[15204]	:	Key	71	DOWN	at	462154  
462219	[64]	:	Key	71	UP	at	462218  
475015	[12796]	:	Key	71	DOWN	at	475015  
475110	[95]	:	Key	71	UP	at	475110  
493802	[18692]	:	Key	71	DOWN	at	493801  
496370	[2568]	:	Key	71	DOWN	at	496170  
496371	[1]	:	Key	71	UP	at	496247  
499188	[2817]	:	time Target is 499188
499669	[481]	:	Key	71	DOWN	at	499669  
504522	[4853]	:	Key	71	DOWN	at	504281  
504522	[0]	:	Key	71	UP	at	504327  
507331	[2809]	:	Key	71	DOWN	at	507096  
507331	[0]	:	Key	71	UP	at	507178  
510156	[2825]	:	time Target is 510155
510455	[299]	:	Key	71	DOWN	at	510454  
515506	[5051]	:	time Target is 515506
515813	[307]	:	Key	71	DOWN	at	515813  
520846	[5033]	:	time Target is 520846
521174	[328]	:	Key	71	DOWN	at	521174  
526190	[5016]	:	time Target is 526190
526538	[348]	:	Key	71	DOWN	at	526538  
531535	[4997]	:	time Target is 531535
536864	[5329]	:	time Target is 536864
542184	[5320]	:	time Target is 542184
542553	[369]	:	Key	71	DOWN	at	542553  
547560	[5007]	:	time Target is 547560
552885	[5325]	:	time Target is 552885
553271	[386]	:	Key	71	DOWN	at	553271  
558239	[4968]	:	time Target is 558239
558615	[376]	:	Key	71	DOWN	at	558615  
563614	[4999]	:	time Target is 563614
563990	[376]	:	Key	71	DOWN	at	563990  
568946	[4956]	:	time Target is 568946
574268	[5322]	:	time Target is 574268
579326	[5058]	:	Key	71	DOWN	at	579179  
579327	[1]	:	Key	71	UP	at	579226  
582147	[2820]	:	time Target is 582147
582489	[342]	:	Key	71	DOWN	at	582489  
587485	[4996]	:	time Target is 587485
587847	[362]	:	Key	71	DOWN	at	587846  
592821	[4974]	:	time Target is 592821
598148	[5327]	:	time Target is 598148
598632	[484]	:	Key	71	DOWN	at	598632  
603485	[4853]	:	time Target is 603485
603897	[412]	:	Key	71	DOWN	at	603896  
608824	[4927]	:	time Target is 608824
614148	[5324]	:	time Target is 614148
614586	[438]	:	Key	71	DOWN	at	614586  
619489	[4903]	:	time Target is 619489
624813	[5324]	:	time Target is 624813
625131	[318]	:	Key	71	DOWN	at	625130  
630142	[5011]	:	time Target is 630142
635468	[5326]	:	time Target is 635468
640793	[5325]	:	time Target is 640793
641175	[382]	:	Key	71	DOWN	at	641175  
646130	[4955]	:	time Target is 646130
651452	[5322]	:	time Target is 651452
656775	[5323]	:	time Target is 656775
662137	[5362]	:	time Target is 662137
662906	[769]	:	Key	71	DOWN	at	662904  
667478	[4572]	:	time Target is 667478
672802	[5324]	:	time Target is 672802
673222	[420]	:	Key	71	DOWN	at	673222  
678139	[4917]	:	time Target is 678139
678458	[319]	:	Key	71	DOWN	at	678458  
683479	[5021]	:	time Target is 683479
688800	[5321]	:	time Target is 688800
694124	[5324]	:	time Target is 694124
699445	[5321]	:	time Target is 699445
699814	[369]	:	Key	71	DOWN	at	699813  
704784	[4970]	:	time Target is 704784
705126	[342]	:	Key	71	DOWN	at	705126  
710120	[4994]	:	time Target is 710120
710410	[290]	:	Key	71	DOWN	at	710410  
715459	[5049]	:	time Target is 715459
715800	[341]	:	Key	71	DOWN	at	715800  
720792	[4992]	:	time Target is 720792
726109	[5317]	:	time Target is 726109
726422	[313]	:	Key	71	DOWN	at	726422  
731448	[5026]	:	time Target is 731448
736769	[5321]	:	time Target is 736769
737177	[408]	:	Key	71	DOWN	at	737177  
742107	[4930]	:	time Target is 742107
747428	[5321]	:	time Target is 747428
747706	[278]	:	Key	71	DOWN	at	747706  
752763	[5057]	:	time Target is 752763
758084	[5321]	:	time Target is 758084
758247	[163]	:	Key	71	DOWN	at	758247  
763420	[5173]	:	time Target is 763420
763720	[300]	:	Key	71	DOWN	at	763719  
768758	[5038]	:	time Target is 768758
769110	[352]	:	Key	71	DOWN	at	769109  
774134	[5024]	:	time Target is 774134
779458	[5324]	:	time Target is 779458
779800	[342]	:	Key	71	DOWN	at	779799  
784826	[5026]	:	time Target is 784826
785272	[446]	:	Key	71	DOWN	at	785271  
790163	[4891]	:	time Target is 790163
795484	[5321]	:	time Target is 795484
795943	[459]	:	Key	71	DOWN	at	795943  
800822	[4879]	:	time Target is 800822
806145	[5323]	:	time Target is 806145
811468	[5323]	:	time Target is 811468
811834	[366]	:	Key	71	DOWN	at	811833  
816810	[4976]	:	time Target is 816810
822135	[5325]	:	time Target is 822135
822681	[546]	:	Key	71	DOWN	at	822681  
827478	[4797]	:	time Target is 827478
832802	[5324]	:	time Target is 832802
833142	[340]	:	Key	71	DOWN	at	833141  
838142	[5000]	:	time Target is 838142
838504	[362]	:	Key	71	DOWN	at	838503  
843480	[4976]	:	time Target is 843480
843815	[335]	:	Key	71	DOWN	at	843815  
848838	[5023]	:	time Target is 848838
854161	[5323]	:	time Target is 854161
854502	[341]	:	Key	71	DOWN	at	854501  
859496	[4994]	:	time Target is 859496
864817	[5321]	:	time Target is 864817
870138	[5321]	:	time Target is 870138
870519	[381]	:	Key	71	DOWN	at	870518  
875478	[4959]	:	time Target is 875478
875783	[305]	:	Key	71	DOWN	at	875782  
880819	[5036]	:	time Target is 880819
886137	[5318]	:	time Target is 886137
886471	[334]	:	Key	71	DOWN	at	886471  
891479	[5008]	:	time Target is 891479
891894	[415]	:	Key	71	DOWN	at	891893  
896811	[4917]	:	time Target is 896811
902133	[5322]	:	time Target is 902133
902471	[338]	:	Key	71	DOWN	at	902471  
907471	[5000]	:	time Target is 907471
912795	[5324]	:	time Target is 912795
913638	[843]	:	Key	71	DOWN	at	913637  
918136	[4498]	:	time Target is 918136
923458	[5322]	:	time Target is 923458
923770	[312]	:	Key	71	DOWN	at	923769  
928790	[5020]	:	time Target is 928790
929787	[997]	:	Key	71	DOWN	at	929786  
934130	[4343]	:	time Target is 934130
934553	[423]	:	Key	71	DOWN	at	934553  
939465	[4912]	:	time Target is 939465
944789	[5324]	:	time Target is 944789
950113	[5324]	:	time Target is 950113
950489	[376]	:	Key	71	DOWN	at	950489  
955451	[4962]	:	time Target is 955451
960773	[5322]	:	time Target is 960773
968265	[7492]	:	Key	71	DOWN	at	968265  
969056	[791]	:	Key	71	UP	at	968360  
969322	[266]	:	time Target is 969322
974645	[5323]	:	time Target is 974645
979987	[5342]	:	time Target is 979987
980421	[434]	:	Key	71	DOWN	at	980421  
985323	[4902]	:	time Target is 985323
990645	[5322]	:	time Target is 990645
995968	[5323]	:	time Target is 995968
996345	[377]	:	Key	71	DOWN	at	996344  
1001309	[4964]	:	time Target is 1001309
1006637	[5328]	:	time Target is 1006637
1011984	[5347]	:	time Target is 1011984
1012344	[360]	:	Key	71	DOWN	at	1012343 
1017325	[4981]	:	time Target is 1017325
1017656	[331]	:	Key	71	DOWN	at	1017656 
1022664	[5008]	:	time Target is 1022664
1028006	[5342]	:	time Target is 1028006
1033330	[5324]	:	time Target is 1033330
1038654	[5324]	:	time Target is 1038654
1039067	[413]	:	Key	71	DOWN	at	1039066 
1043984	[4917]	:	time Target is 1043984
1049306	[5322]	:	time Target is 1049306
1049673	[367]	:	Key	71	DOWN	at	1049673 
1054644	[4971]	:	time Target is 1054644
1055096	[452]	:	Key	71	DOWN	at	1055095 
1060000	[4904]	:	time Target is 1060000
1060297	[297]	:	Key	71	DOWN	at	1060296 
1065335	[5038]	:	time Target is 1065335
1070659	[5324]	:	time Target is 1070659
1070998	[339]	:	Key	71	DOWN	at	1070998 
1075996	[4998]	:	time Target is 1075996
1076362	[366]	:	Key	71	DOWN	at	1076361 
1081333	[4971]	:	time Target is 1081333
1086654	[5321]	:	time Target is 1086654
1087002	[348]	:	Key	71	DOWN	at	1087001 
1091992	[4990]	:	time Target is 1091992
1092773	[781]	:	Key	71	DOWN	at	1092772 
1097334	[4561]	:	time Target is 1097334
1097691	[357]	:	Key	71	DOWN	at	1097690 
1102670	[4979]	:	time Target is 1102670
1107993	[5323]	:	time Target is 1107993
1108343	[350]	:	Key	71	DOWN	at	1108342 
1113341	[4998]	:	time Target is 1113341
1113673	[332]	:	Key	71	DOWN	at	1113673 
1118676	[5003]	:	time Target is 1118676
1124000	[5324]	:	time Target is 1124000
1124360	[360]	:	Key	71	DOWN	at	1124359 
1129331	[4971]	:	time Target is 1129331
1134654	[5323]	:	time Target is 1134654
1135050	[396]	:	Key	71	DOWN	at	1135049 
1139989	[4939]	:	time Target is 1139989
1145312	[5323]	:	time Target is 1145312
1145655	[343]	:	Key	71	DOWN	at	1145655 
1150651	[4996]	:	time Target is 1150651
1155975	[5324]	:	time Target is 1155975
1156457	[482]	:	Key	71	DOWN	at	1156457 
1161316	[4859]	:	time Target is 1161316
1166637	[5321]	:	time Target is 1166637
1166998	[361]	:	Key	71	DOWN	at	1166998 
1171972	[4974]	:	time Target is 1171972
1177291	[5319]	:	time Target is 1177291
1177621	[330]	:	Key	71	DOWN	at	1177621 
1182655	[5034]	:	time Target is 1182655
1182950	[295]	:	Key	71	DOWN	at	1182949 
1187989	[5039]	:	time Target is 1187989
1188389	[400]	:	Key	71	DOWN	at	1188388 
1193328	[4939]	:	time Target is 1193328
1193608	[280]	:	Key	71	DOWN	at	1193608 
1198667	[5059]	:	time Target is 1198667
1198967	[300]	:	Key	71	DOWN	at	1198967 
1204003	[5036]	:	time Target is 1204003
1209325	[5322]	:	time Target is 1209325
1214647	[5322]	:	time Target is 1214647
1215012	[365]	:	Key	71	DOWN	at	1215012 
1219981	[4969]	:	time Target is 1219981
1225305	[5324]	:	time Target is 1225305
1225733	[428]	:	Key	71	DOWN	at	1225732 
1230635	[4902]	:	time Target is 1230635
1235959	[5324]	:	time Target is 1235959
1236309	[350]	:	Key	71	DOWN	at	1236308 
1241300	[4991]	:	time Target is 1241300
1246626	[5326]	:	time Target is 1246626
1246981	[355]	:	Key	71	DOWN	at	1246981 
1251963	[4982]	:	time Target is 1251963
1252199	[236]	:	Key	71	DOWN	at	1252199 
1257296	[5097]	:	time Target is 1257296
1262611	[5315]	:	time Target is 1262611
1262950	[339]	:	Key	71	DOWN	at	1262949 
1267949	[4999]	:	time Target is 1267949
1268212	[263]	:	Key	71	DOWN	at	1268212 
1273289	[5077]	:	time Target is 1273289
1273562	[273]	:	Key	71	DOWN	at	1273561 
1278619	[5057]	:	time Target is 1278619
1278871	[252]	:	Key	71	DOWN	at	1278871 
1283951	[5080]	:	time Target is 1283951
1284228	[277]	:	Key	71	DOWN	at	1284228 
1289290	[5062]	:	time Target is 1289290
1294384	[5094]	:	Key	71	DOWN	at	1294152 
1294385	[1]	:	Key	71	UP	at	1294263 
1297201	[2816]	:	time Target is 1297201
1297496	[295]	:	Key	71	DOWN	at	1297495 
1302569	[5073]	:	time Target is 1302569
1302922	[353]	:	Key	71	DOWN	at	1302922 
1307905	[4983]	:	time Target is 1307905
1313230	[5325]	:	time Target is 1313230
1318551	[5321]	:	time Target is 1318551
1318981	[430]	:	Key	71	DOWN	at	1318981 
1323912	[4931]	:	time Target is 1323912
1329233	[5321]	:	time Target is 1329233
1329526	[293]	:	Key	71	DOWN	at	1329526 
1334571	[5045]	:	time Target is 1334571
1339891	[5320]	:	time Target is 1339891
1340217	[326]	:	Key	71	DOWN	at	1340216 
1344962	[4745]	:	Key	71	DOWN	at	1344889 
1347514	[2552]	:	Key	71	DOWN	at	1347416 
1347515	[1]	:	Key	71	UP	at	1347498 
1350356	[2841]	:	time Target is 1350356
1355680	[5324]	:	time Target is 1355680
1356148	[468]	:	Key	71	DOWN	at	1356148 
1361019	[4871]	:	time Target is 1361019
1366344	[5325]	:	time Target is 1366344
1366612	[268]	:	Key	71	DOWN	at	1366612 
1371682	[5070]	:	time Target is 1371682
1377011	[5329]	:	time Target is 1377011
1382337	[5326]	:	time Target is 1382337
1382711	[374]	:	Key	71	DOWN	at	1382711 
1387677	[4966]	:	time Target is 1387677
1392990	[5313]	:	time Target is 1392990
1393288	[298]	:	Key	71	DOWN	at	1393287 
1398065	[4777]	:	Key	71	DOWN	at	1397973 
1400626	[2561]	:	Key	71	DOWN	at	1400358 
1400627	[1]	:	Key	71	UP	at	1400439 
1403178	[2551]	:	Key	71	DOWN	at	1402871 
1403179	[1]	:	Key	71	UP	at	1402996 
1405995	[2816]	:	time Target is 1405995
1406281	[286]	:	Key	71	DOWN	at	1406280 
1411324	[5043]	:	time Target is 1411324
1411641	[317]	:	Key	71	DOWN	at	1411640 
1416655	[5014]	:	time Target is 1416655
1421976	[5321]	:	time Target is 1421976
1427036	[5060]	:	Key	71	DOWN	at	1426883 
1427037	[1]	:	Key	71	UP	at	1427001 
1455972	[28935]	:	Key	71	DOWN	at	1455972 
1456037	[65]	:	Key	71	UP	at	1456037 
1460359	[4322]	:	Key	71	DOWN	at	1460358 
1461153	[794]	:	Key	71	UP	at	1460453 
1461423	[270]	:	time Target is 1461423
1466745	[5322]	:	time Target is 1466745
1472074	[5329]	:	time Target is 1472074
1477397	[5323]	:	time Target is 1477397
1478132	[735]	:	Key	71	DOWN	at	1478132 
1482738	[4606]	:	time Target is 1482738
1483094	[356]	:	Key	71	DOWN	at	1483093 
1488078	[4984]	:	time Target is 1488078
1493400	[5322]	:	time Target is 1493400
1493768	[368]	:	Key	71	DOWN	at	1493768 
1498737	[4969]	:	time Target is 1498737
1504056	[5319]	:	time Target is 1504056
1504388	[332]	:	Key	71	DOWN	at	1504388 
1509395	[5007]	:	time Target is 1509395
1514724	[5329]	:	time Target is 1514724
1515016	[292]	:	Key	71	DOWN	at	1515016 
1520065	[5049]	:	time Target is 1520065
1525387	[5322]	:	time Target is 1525387
1525558	[171]	:	Key	71	DOWN	at	1525558 
1530737	[5179]	:	time Target is 1530737
1536098	[5361]	:	time Target is 1536098
1536183	[85]	:	Key	71	DOWN	at	1536183 
1541425	[5242]	:	Key	71	DOWN	at	1541207 
1541425	[0]	:	Key	71	UP	at	1541321 
1543974	[2549]	:	Key	71	DOWN	at	1543845 
1543975	[1]	:	Key	71	UP	at	1543944 
1546790	[2815]	:	time Target is 1546790
1552114	[5324]	:	time Target is 1552114
1552420	[306]	:	Key	71	DOWN	at	1552420 
1557450	[5030]	:	time Target is 1557450
1557767	[317]	:	Key	71	DOWN	at	1557767 
1562786	[5019]	:	time Target is 1562786
1568111	[5325]	:	time Target is 1568111
1568535	[424]	:	Key	71	DOWN	at	1568535 
1573451	[4916]	:	time Target is 1573451
1578772	[5321]	:	time Target is 1578772
1579128	[356]	:	Key	71	DOWN	at	1579128 
1584107	[4979]	:	time Target is 1584107
1589431	[5324]	:	time Target is 1589431
1589765	[334]	:	Key	71	DOWN	at	1589764 
1594764	[4999]	:	time Target is 1594764
1600085	[5321]	:	time Target is 1600085
1605415	[5330]	:	time Target is 1605415
1605783	[368]	:	Key	71	DOWN	at	1605783 
1610751	[4968]	:	time Target is 1610751
1611076	[325]	:	Key	71	DOWN	at	1611076 
1616084	[5008]	:	time Target is 1616084
1616467	[383]	:	Key	71	DOWN	at	1616467 
1621436	[4969]	:	time Target is 1621436
1622279	[843]	:	Key	71	DOWN	at	1622278 
1626774	[4495]	:	time Target is 1626774
1627205	[431]	:	Key	71	DOWN	at	1627203 
1632114	[4909]	:	time Target is 1632114
1632409	[295]	:	Key	71	DOWN	at	1632409 
1637454	[5045]	:	time Target is 1637454
1637796	[342]	:	Key	71	DOWN	at	1637796 
1642786	[4990]	:	time Target is 1642786
1643046	[260]	:	Key	71	DOWN	at	1643045 
1648122	[5076]	:	time Target is 1648122
1653481	[5359]	:	time Target is 1653481
1658804	[5323]	:	time Target is 1658804
1664128	[5324]	:	time Target is 1664128
1664585	[457]	:	Key	71	DOWN	at	1664584 
1669461	[4876]	:	time Target is 1669461
1674785	[5324]	:	time Target is 1674785
1680111	[5326]	:	time Target is 1680111
1680407	[296]	:	Key	71	DOWN	at	1680407 
1685462	[5055]	:	time Target is 1685462
1690784	[5322]	:	time Target is 1690784
1696108	[5324]	:	time Target is 1696108
1696391	[283]	:	Key	71	DOWN	at	1696390 
1701444	[5053]	:	time Target is 1701444
1706761	[5317]	:	time Target is 1706761
1707287	[526]	:	Key	71	DOWN	at	1707287 
1712133	[4846]	:	time Target is 1712133
1712630	[497]	:	Key	71	DOWN	at	1712630 
1717474	[4844]	:	time Target is 1717474
1722794	[5320]	:	time Target is 1722794
1728115	[5321]	:	time Target is 1728115
1733443	[5328]	:	time Target is 1733443
1733797	[354]	:	Key	71	DOWN	at	1733797 
1738779	[4982]	:	time Target is 1738779
1744102	[5323]	:	time Target is 1744102
1744470	[368]	:	Key	71	DOWN	at	1744470 
1749443	[4973]	:	time Target is 1749443
1749780	[337]	:	Key	71	DOWN	at	1749780 
1754781	[5001]	:	time Target is 1754781
1760104	[5323]	:	time Target is 1760104
1760422	[318]	:	Key	71	DOWN	at	1760421 
1765468	[5046]	:	time Target is 1765468
1770826	[5358]	:	time Target is 1770826
1771141	[315]	:	Key	71	DOWN	at	1771141 
1776153	[5012]	:	time Target is 1776153
1781476	[5323]	:	time Target is 1781476
1786797	[5321]	:	time Target is 1786797
1792116	[5319]	:	time Target is 1792116
1792408	[292]	:	Key	71	DOWN	at	1792407 
1797458	[5050]	:	time Target is 1797458
1802787	[5329]	:	time Target is 1802787
1803077	[290]	:	Key	71	DOWN	at	1803076 
1808128	[5051]	:	time Target is 1808128
1808260	[132]	:	Key	71	DOWN	at	1808260 
1813466	[5206]	:	time Target is 1813466
1818791	[5325]	:	time Target is 1818791
1818998	[207]	:	Key	71	DOWN	at	1818998 
1824129	[5131]	:	time Target is 1824129
1829449	[5320]	:	time Target is 1829449
1829753	[304]	:	Key	71	DOWN	at	1829752 
1834787	[5034]	:	time Target is 1834787
1835081	[294]	:	Key	71	DOWN	at	1835080 
1840124	[5043]	:	time Target is 1840124
1845447	[5323]	:	time Target is 1845447
1845735	[288]	:	Key	71	DOWN	at	1845735 
1850782	[5047]	:	time Target is 1850782
1856096	[5314]	:	time Target is 1856096
1856392	[296]	:	Key	71	DOWN	at	1856392 
1861440	[5048]	:	time Target is 1861440
1866765	[5325]	:	time Target is 1866765
1867066	[301]	:	Key	71	DOWN	at	1867065 
1872105	[5039]	:	time Target is 1872105
1877430	[5325]	:	time Target is 1877430
1882753	[5323]	:	time Target is 1882753
1883188	[435]	:	Key	71	DOWN	at	1883188 
1888082	[4894]	:	time Target is 1888082
1893409	[5327]	:	time Target is 1893409
1898731	[5322]	:	time Target is 1898731
1899044	[313]	:	Key	71	DOWN	at	1899044 
1904068	[5024]	:	time Target is 1904068
1904360	[292]	:	Key	71	DOWN	at	1904359 
1909414	[5054]	:	time Target is 1909414
1909686	[272]	:	Key	71	DOWN	at	1909685 
1914750	[5064]	:	time Target is 1914750
1915028	[278]	:	Key	71	DOWN	at	1915027 
1920136	[5108]	:	time Target is 1920136
1925466	[5330]	:	time Target is 1925466
1930831	[5365]	:	time Target is 1930831
1931013	[182]	:	Key	71	DOWN	at	1931012 
1935137	[4124]	:	Key	71	UP	at	1931112 
1939528	[4391]	:	Key	71	DOWN	at	1939527 
1940318	[790]	:	Key	71	UP	at	1939545 
1940587	[269]	:	time Target is 1940587
1945907	[5320]	:	time Target is 1945907
1946181	[274]	:	Key	71	DOWN	at	1946181 
1951244	[5063]	:	time Target is 1951244
1951511	[267]	:	Key	71	DOWN	at	1951510 
1956582	[5071]	:	time Target is 1956582
1961903	[5321]	:	time Target is 1961903
1967226	[5323]	:	time Target is 1967226
1967542	[316]	:	Key	71	DOWN	at	1967542 
1972568	[5026]	:	time Target is 1972568
1972855	[287]	:	Key	71	DOWN	at	1972855 
1977904	[5049]	:	time Target is 1977904
1983226	[5322]	:	time Target is 1983226
1983541	[315]	:	Key	71	DOWN	at	1983541 
1988565	[5024]	:	time Target is 1988565
1993889	[5324]	:	time Target is 1993889
1999210	[5321]	:	time Target is 1999210
1999476	[266]	:	Key	71	DOWN	at	1999476 
2004546	[5070]	:	time Target is 2004546
2004856	[310]	:	Key	71	DOWN	at	2004856 
2009913	[5057]	:	time Target is 2009913
2015233	[5320]	:	time Target is 2015233
2020556	[5323]	:	time Target is 2020556
2025875	[5319]	:	time Target is 2025875
2026197	[322]	:	Key	71	DOWN	at	2026197 
2031211	[5014]	:	time Target is 2031211
2031513	[302]	:	Key	71	DOWN	at	2031512 
2036553	[5040]	:	time Target is 2036553
2036825	[272]	:	Key	71	DOWN	at	2036824 
2041891	[5066]	:	time Target is 2041891
2042148	[257]	:	Key	71	DOWN	at	2042148 
2047228	[5080]	:	time Target is 2047228
2052549	[5321]	:	time Target is 2052549
2052821	[272]	:	Key	71	DOWN	at	2052821 
2057888	[5067]	:	time Target is 2057888
2063208	[5320]	:	time Target is 2063208
2063492	[284]	:	Key	71	DOWN	at	2063492 
2068534	[5042]	:	time Target is 2068534
2068788	[254]	:	Key	71	DOWN	at	2068788 
2073877	[5089]	:	time Target is 2073877
2074168	[291]	:	Key	71	DOWN	at	2074167 
2079219	[5051]	:	time Target is 2079219
2079492	[273]	:	Key	71	DOWN	at	2079492 
2084545	[5053]	:	time Target is 2084545
2089870	[5325]	:	time Target is 2089870
2090150	[280]	:	Key	71	DOWN	at	2090150 
2095239	[5089]	:	time Target is 2095239
2095608	[369]	:	Key	71	DOWN	at	2095608 
2100567	[4959]	:	time Target is 2100567
2100822	[255]	:	Key	71	DOWN	at	2100822 
2105938	[5116]	:	time Target is 2105938
2106169	[231]	:	Key	71	DOWN	at	2106168 
2111282	[5113]	:	time Target is 2111282
2112389	[1107]	:	Key	71	DOWN	at	2112389 
2116618	[4229]	:	time Target is 2116618
2121949	[5331]	:	time Target is 2121949
2127274	[5325]	:	time Target is 2127274
2132598	[5324]	:	time Target is 2132598
2137925	[5327]	:	time Target is 2137925
2143251	[5326]	:	time Target is 2143251
2148571	[5320]	:	time Target is 2148571
2148596	[25]	:	Key	71	DOWN	at	2148595 
2153903	[5307]	:	time Target is 2153903
2154244	[341]	:	Key	71	DOWN	at	2154244 
2159242	[4998]	:	time Target is 2159242
2159507	[265]	:	Key	71	DOWN	at	2159507 
2164581	[5074]	:	time Target is 2164581
2169909	[5328]	:	time Target is 2169909
2175233	[5324]	:	time Target is 2175233
2175524	[291]	:	Key	71	DOWN	at	2175524 
2180574	[5050]	:	time Target is 2180574
2180919	[345]	:	Key	71	DOWN	at	2180918 
2185900	[4981]	:	time Target is 2185900
2191258	[5358]	:	time Target is 2191258
2191992	[734]	:	Key	71	DOWN	at	2191991 
2196586	[4594]	:	time Target is 2196586
2201909	[5323]	:	time Target is 2201909
2201940	[31]	:	Key	71	DOWN	at	2201939 
2207246	[5306]	:	time Target is 2207246
2207572	[326]	:	Key	71	DOWN	at	2207572 
2212586	[5014]	:	time Target is 2212586
2217911	[5325]	:	time Target is 2217911
2223238	[5327]	:	time Target is 2223238
2223815	[577]	:	Key	71	DOWN	at	2223815 
2228577	[4762]	:	time Target is 2228577
2229206	[629]	:	Key	71	DOWN	at	2229206 
2233918	[4712]	:	time Target is 2233918
2234405	[487]	:	Key	71	DOWN	at	2234405 
2239254	[4849]	:	time Target is 2239254
2244572	[5318]	:	time Target is 2244572
2244901	[329]	:	Key	71	DOWN	at	2244900 
2249908	[5007]	:	time Target is 2249908
2250534	[626]	:	Key	71	DOWN	at	2250534 
2255250	[4716]	:	time Target is 2255250
2255571	[321]	:	Key	71	DOWN	at	2255571 
2260589	[5018]	:	time Target is 2260589
2265914	[5325]	:	time Target is 2265914
2271243	[5329]	:	time Target is 2271243
2271559	[316]	:	Key	71	DOWN	at	2271559 
2276583	[5024]	:	time Target is 2276583
2276883	[300]	:	Key	71	DOWN	at	2276883 
2281918	[5035]	:	time Target is 2281918
2287264	[5346]	:	time Target is 2287264
2288036	[772]	:	Key	71	DOWN	at	2288036 
2292607	[4571]	:	time Target is 2292607
2292883	[276]	:	Key	71	DOWN	at	2292883 
2297946	[5063]	:	time Target is 2297946
2303272	[5326]	:	time Target is 2303272
2303512	[240]	:	Key	71	DOWN	at	2303511 
2308608	[5096]	:	time Target is 2308608
2308904	[296]	:	Key	71	DOWN	at	2308903 
2313945	[5041]	:	time Target is 2313945
2319268	[5323]	:	time Target is 2319268
2319540	[272]	:	Key	71	DOWN	at	2319539 
2324607	[5067]	:	time Target is 2324607
2324696	[89]	:	Key	71	DOWN	at	2324696 
2329947	[5251]	:	time Target is 2329947
2335269	[5322]	:	time Target is 2335269
2335526	[257]	:	Key	71	DOWN	at	2335526 
2340608	[5082]	:	time Target is 2340608
2345937	[5329]	:	time Target is 2345937
2346199	[262]	:	Key	71	DOWN	at	2346199 
2351277	[5078]	:	time Target is 2351277
2356600	[5323]	:	time Target is 2356600
2357288	[688]	:	Key	71	DOWN	at	2357287 
2361937	[4649]	:	time Target is 2361937
2367255	[5318]	:	time Target is 2367255
2372580	[5325]	:	time Target is 2372580
2372712	[132]	:	Key	71	DOWN	at	2372711 
2377919	[5207]	:	time Target is 2377919
2378504	[585]	:	Key	71	DOWN	at	2378502 
2383250	[4746]	:	time Target is 2383250
2383719	[469]	:	Key	71	DOWN	at	2383719 
2388581	[4862]	:	time Target is 2388581
2389269	[688]	:	Key	71	DOWN	at	2389268 
2393915	[4646]	:	time Target is 2393915
2393974	[59]	:	Key	71	DOWN	at	2393974 
2399251	[5277]	:	time Target is 2399251
2399975	[724]	:	Key	71	DOWN	at	2399975 
2404584	[4609]	:	time Target is 2404584
2404900	[316]	:	Key	71	DOWN	at	2404900 
2409927	[5027]	:	time Target is 2409927
2410483	[556]	:	Key	71	DOWN	at	2410483 
2415301	[4818]	:	time Target is 2415301
2415570	[269]	:	Key	71	DOWN	at	2415570 
2419604	[4034]	:	Key	71	UP	at	2415688 
2425076	[5472]	:	Key	71	DOWN	at	2425076 
2425176	[100]	:	Key	71	UP	at	2425175 
2435747	[10571]	:	Key	28	DOWN	at	2435747 
2435830	[83]	:	Key	28	UP	at	2435829 
2440996	[5166]	:	Key	29	DOWN	at	2440996 
2441095	[99]	:	Key	29	UP	at	2441095 
2443221	[2126]	:	Key	28	DOWN	at	2443221 
2443351	[130]	:	Key	28	UP	at	2443351 
2444839	[1488]	:	Key	28	DOWN	at	2444838 
2444920	[81]	:	Key	28	UP	at	2444920 
2449731	[4811]	:	Key	29	DOWN	at	2449730 
2449829	[98]	:	Key	29	UP	at	2449829 
2451031	[1202]	:	Key	29	DOWN	at	2451030 
2451142	[111]	:	Key	29	UP	at	2451141 
2455922	[4780]	:	Key	29	DOWN	at	2455922 
2456036	[114]	:	Key	29	UP	at	2456035 
2457556	[1520]	:	Key	28	DOWN	at	2457556 
2457655	[99]	:	Key	28	UP	at	2457654 
2464163	[6508]	:	Key	28	DOWN	at	2464163 
2464243	[80]	:	Key	28	UP	at	2464243 
2465495	[1252]	:	Key	29	DOWN	at	2465493 
2465605	[110]	:	Key	29	UP	at	2465605 
2471555	[5950]	:	Key	28	DOWN	at	2471555 
2471671	[116]	:	Key	28	UP	at	2471670 
2472903	[1232]	:	Key	28	DOWN	at	2472902 
2472996	[93]	:	Key	28	UP	at	2472996 
2476291	[3295]	:	Key	29	DOWN	at	2476291 
2476387	[96]	:	Key	29	UP	at	2476387 
2477170	[783]	:	Key	29	DOWN	at	2477170 
2477236	[66]	:	Key	29	UP	at	2477235 
2479942	[2706]	:	Key	29	DOWN	at	2479941 
2480052	[110]	:	Key	29	UP	at	2480051 
2480646	[594]	:	Key	28	DOWN	at	2480646 
2480701	[55]	:	COGENT STOP
