Cog2000 log file Wed Sep 11 18:35:37 2019
gprim v1.33 Compiled:Aug 12 2015 (GLib DirectDraw v7 DX10.0 Compiled:Aug 12 2015)
Display:1024x768x32 60.02Hz
Attaching C:\Users\hartleylab\Downloads\Cogent2000v1.33\Toolbox\CogInput.mexw64
CogInput v1.05 Compiled: May 20 2010
7	[7]	:	COGENT START
8972	[8965]	:	Key	71	DOWN	at	8970    
9080	[108]	:	Key	71	UP	at	9080    
29500	[20420]	:	Key	71	DOWN	at	29500   
29595	[95]	:	Key	71	UP	at	29595   
33545	[3950]	:	Key	71	DOWN	at	33545   
33640	[95]	:	Key	71	UP	at	33640   
45995	[12355]	:	Key	71	DOWN	at	45995   
46105	[110]	:	Key	71	UP	at	46105   
62060	[15955]	:	Key	71	DOWN	at	62060   
62185	[125]	:	Key	71	UP	at	62185   
83290	[21105]	:	Key	71	DOWN	at	83290   
84266	[976]	:	time Target is 84234
85225	[959]	:	Key	71	DOWN	at	85225   
90354	[5129]	:	time Target is 90354
90475	[121]	:	Key	71	DOWN	at	90475   
96453	[5978]	:	time Target is 96453
96920	[467]	:	Key	71	DOWN	at	96920   
102556	[5636]	:	time Target is 102556
103115	[559]	:	Key	71	DOWN	at	103115  
111820	[8705]	:	Key	71	DOWN	at	111820  
112892	[1072]	:	time Target is 112892
119207	[6315]	:	time Target is 119207
125521	[6314]	:	time Target is 125521
131830	[6309]	:	time Target is 131830
151880	[20050]	:	Key	71	DOWN	at	151880  
151960	[80]	:	Key	71	UP	at	151960  
155740	[3780]	:	Key	71	DOWN	at	155740  
155850	[110]	:	Key	71	UP	at	155850  
159545	[3695]	:	Key	71	DOWN	at	159545  
159625	[80]	:	Key	71	UP	at	159625  
167305	[7680]	:	Key	71	DOWN	at	167305  
167400	[95]	:	Key	71	UP	at	167400  
171850	[4450]	:	Key	71	DOWN	at	171850  
172668	[818]	:	Key	71	UP	at	171900  
172684	[16]	:	time Target is 172684
173660	[976]	:	Key	71	DOWN	at	173660  
177767	[4107]	:	time Target is 177767
177930	[163]	:	Key	71	DOWN	at	177930  
182842	[4912]	:	time Target is 182842
182920	[78]	:	Key	71	DOWN	at	182920  
187907	[4987]	:	Key	71	DOWN	at	187755  
187907	[0]	:	Key	71	UP	at	187850  
190473	[2566]	:	time Target is 190473
190920	[447]	:	Key	71	DOWN	at	190920  
194762	[3842]	:	Key	71	UP	at	191020  
198780	[4018]	:	Key	71	DOWN	at	198780  
199565	[785]	:	Key	71	UP	at	198875  
199580	[15]	:	time Target is 199580
212780	[13200]	:	Key	71	DOWN	at	212780  
212890	[110]	:	Key	71	UP	at	212890  
217000	[4110]	:	Key	71	DOWN	at	217000  
217787	[787]	:	Key	71	UP	at	217080  
217800	[13]	:	time Target is 217800
218460	[660]	:	Key	71	DOWN	at	218460  
222869	[4409]	:	time Target is 222869
227929	[5060]	:	time Target is 227929
228460	[531]	:	Key	71	DOWN	at	228460  
232995	[4535]	:	time Target is 232995
233655	[660]	:	Key	71	DOWN	at	233655  
237283	[3628]	:	Key	71	UP	at	233720  
245065	[7782]	:	Key	71	DOWN	at	245065  
245160	[95]	:	Key	71	UP	at	245160  
249370	[4210]	:	Key	71	DOWN	at	249370  
250156	[786]	:	Key	71	UP	at	249450  
250169	[13]	:	time Target is 250169
250970	[801]	:	Key	71	DOWN	at	250970  
255236	[4266]	:	time Target is 255236
256075	[839]	:	Key	71	DOWN	at	256075  
260302	[4227]	:	time Target is 260302
265364	[5062]	:	time Target is 265364
265865	[501]	:	Key	71	DOWN	at	265865  
269650	[3785]	:	Key	71	UP	at	265900  
277320	[7670]	:	Key	71	DOWN	at	277320  
277420	[100]	:	Key	71	UP	at	277420  
281145	[3725]	:	Key	71	DOWN	at	281145  
281931	[786]	:	Key	71	UP	at	281260  
281944	[13]	:	time Target is 281944
282745	[801]	:	Key	71	DOWN	at	282745  
287018	[4273]	:	time Target is 287018
292076	[5058]	:	time Target is 292076
297136	[5060]	:	time Target is 297136
297720	[584]	:	Key	71	DOWN	at	297720  
301480	[3760]	:	Key	71	UP	at	297835  
308185	[6705]	:	Key	71	DOWN	at	308185  
308555	[370]	:	Key	71	UP	at	308555  
324155	[15600]	:	Key	71	DOWN	at	324155  
324200	[45]	:	Key	71	UP	at	324200  
338700	[14500]	:	Key	71	DOWN	at	338700  
338745	[45]	:	Key	71	UP	at	338745  
350410	[11665]	:	Key	71	DOWN	at	350410  
350505	[95]	:	Key	71	UP	at	350505  
356540	[6035]	:	Key	71	DOWN	at	356540  
359125	[2585]	:	time Target is 359125
359705	[580]	:	Key	71	DOWN	at	359705  
364455	[4750]	:	time Target is 364455
365020	[565]	:	Key	71	DOWN	at	365020  
369785	[4765]	:	time Target is 369785
375126	[5341]	:	time Target is 375126
375515	[389]	:	Key	71	DOWN	at	375515  
380450	[4935]	:	time Target is 380450
380760	[310]	:	Key	71	DOWN	at	380760  
385783	[5023]	:	time Target is 385783
391096	[5313]	:	time Target is 391096
396410	[5314]	:	time Target is 396410
401722	[5312]	:	time Target is 401722
407035	[5313]	:	time Target is 407035
407690	[655]	:	Key	71	DOWN	at	407690  
412362	[4672]	:	time Target is 412362
417674	[5312]	:	time Target is 417674
418220	[546]	:	Key	71	DOWN	at	418220  
423000	[4780]	:	time Target is 423000
428312	[5312]	:	time Target is 428312
433630	[5318]	:	time Target is 433630
434955	[1325]	:	Key	71	DOWN	at	434955  
438987	[4032]	:	time Target is 438987
439560	[573]	:	Key	71	DOWN	at	439560  
444314	[4754]	:	time Target is 444314
449626	[5312]	:	time Target is 449626
450540	[914]	:	Key	71	DOWN	at	450540  
454687	[4147]	:	Key	71	DOWN	at	454265  
454687	[0]	:	Key	71	UP	at	454345  
457504	[2817]	:	time Target is 457504
462818	[5314]	:	time Target is 462818
468134	[5316]	:	time Target is 468134
468680	[546]	:	Key	71	DOWN	at	468680  
473460	[4780]	:	time Target is 473460
474220	[760]	:	Key	71	DOWN	at	474220  
478785	[4565]	:	time Target is 478785
484141	[5356]	:	time Target is 484141
489459	[5318]	:	time Target is 489459
489465	[6]	:	Key	71	DOWN	at	489465  
494784	[5319]	:	time Target is 494784
494825	[41]	:	Key	71	DOWN	at	494825  
500106	[5281]	:	time Target is 500106
500280	[174]	:	Key	71	DOWN	at	500280  
505433	[5153]	:	time Target is 505433
510750	[5317]	:	time Target is 510750
510985	[235]	:	Key	71	DOWN	at	510985  
516099	[5114]	:	time Target is 516099
516440	[341]	:	Key	71	DOWN	at	516440  
521421	[4981]	:	time Target is 521421
521850	[429]	:	Key	71	DOWN	at	521850  
526743	[4893]	:	time Target is 526743
532059	[5316]	:	time Target is 532059
532760	[701]	:	Key	71	DOWN	at	532760  
537389	[4629]	:	time Target is 537389
542703	[5314]	:	time Target is 542703
542940	[237]	:	Key	71	DOWN	at	542940  
548035	[5095]	:	time Target is 548035
553351	[5316]	:	time Target is 553351
553595	[244]	:	Key	71	DOWN	at	553595  
558673	[5078]	:	time Target is 558673
563989	[5316]	:	time Target is 563989
564265	[276]	:	Key	71	DOWN	at	564265  
569314	[5049]	:	time Target is 569314
574626	[5312]	:	time Target is 574626
574650	[24]	:	Key	71	DOWN	at	574650  
579939	[5289]	:	Key	71	DOWN	at	579800  
579939	[0]	:	Key	71	UP	at	579850  
582754	[2815]	:	time Target is 582754
583355	[601]	:	Key	71	DOWN	at	583355  
588076	[4721]	:	time Target is 588076
588090	[14]	:	Key	71	UP	at	588090  
588745	[655]	:	Key	71	DOWN	at	588745  
593401	[4656]	:	time Target is 593401
594570	[1169]	:	Key	71	DOWN	at	594570  
598726	[4156]	:	time Target is 598726
599480	[754]	:	Key	71	DOWN	at	599480  
604050	[4570]	:	time Target is 604050
609364	[5314]	:	time Target is 609364
609420	[56]	:	Key	71	DOWN	at	609420  
614686	[5266]	:	time Target is 614686
615545	[859]	:	Key	71	DOWN	at	615545  
620009	[4464]	:	time Target is 620009
620300	[291]	:	Key	71	DOWN	at	620300  
625335	[5035]	:	time Target is 625335
630651	[5316]	:	time Target is 630651
630795	[144]	:	Key	71	DOWN	at	630795  
635977	[5182]	:	time Target is 635977
641289	[5312]	:	time Target is 641289
641400	[111]	:	Key	71	DOWN	at	641400  
646634	[5234]	:	time Target is 646634
646665	[31]	:	Key	71	DOWN	at	646665  
651957	[5292]	:	time Target is 651957
652120	[163]	:	Key	71	DOWN	at	652120  
657280	[5160]	:	time Target is 657280
658040	[760]	:	Key	71	DOWN	at	658040  
662603	[4563]	:	time Target is 662603
667922	[5319]	:	time Target is 667922
673241	[5319]	:	time Target is 673241
673305	[64]	:	Key	71	DOWN	at	673305  
678567	[5262]	:	time Target is 678567
678940	[373]	:	Key	71	DOWN	at	678940  
683892	[4952]	:	time Target is 683892
689206	[5314]	:	time Target is 689206
689625	[419]	:	Key	71	DOWN	at	689625  
694529	[4904]	:	time Target is 694529
694955	[426]	:	Key	71	DOWN	at	694955  
699851	[4896]	:	time Target is 699851
705169	[5318]	:	time Target is 705169
710487	[5318]	:	time Target is 710487
710840	[353]	:	Key	71	DOWN	at	710840  
715813	[4973]	:	time Target is 715813
716920	[1107]	:	Key	71	DOWN	at	716920  
721136	[4216]	:	time Target is 721136
726450	[5314]	:	time Target is 726450
731763	[5313]	:	time Target is 731763
732060	[297]	:	Key	71	DOWN	at	732060  
737087	[5027]	:	time Target is 737087
742400	[5313]	:	time Target is 742400
743530	[1130]	:	Key	71	DOWN	at	743530  
747724	[4194]	:	time Target is 747724
753036	[5312]	:	time Target is 753036
758348	[5312]	:	time Target is 758348
758825	[477]	:	Key	71	DOWN	at	758825  
763674	[4849]	:	time Target is 763674
764570	[896]	:	Key	71	DOWN	at	764570  
769002	[4432]	:	time Target is 769002
774338	[5336]	:	time Target is 774338
774985	[647]	:	Key	71	DOWN	at	774985  
779665	[4680]	:	time Target is 779665
784980	[5315]	:	time Target is 784980
790298	[5318]	:	time Target is 790298
790330	[32]	:	Key	71	DOWN	at	790330  
795625	[5295]	:	time Target is 795625
800944	[5319]	:	time Target is 800944
801000	[56]	:	Key	71	DOWN	at	801000  
806270	[5270]	:	time Target is 806270
806905	[635]	:	Key	71	DOWN	at	806905  
811590	[4685]	:	time Target is 811590
811945	[355]	:	Key	71	DOWN	at	811945  
816916	[4971]	:	time Target is 816916
817705	[789]	:	Key	71	DOWN	at	817705  
822243	[4538]	:	time Target is 822243
822505	[262]	:	Key	71	DOWN	at	822505  
827564	[5059]	:	time Target is 827564
827960	[396]	:	Key	71	DOWN	at	827960  
831847	[3887]	:	Key	71	UP	at	828040  
856860	[25013]	:	Key	71	DOWN	at	856860  
857648	[788]	:	Key	71	UP	at	857035  
857912	[264]	:	time Target is 857912
858170	[258]	:	Key	71	DOWN	at	858170  
863239	[5069]	:	time Target is 863239
863500	[261]	:	Key	71	DOWN	at	863500  
868562	[5062]	:	time Target is 868562
869355	[793]	:	Key	71	DOWN	at	869355  
873886	[4531]	:	time Target is 873886
874105	[219]	:	Key	71	DOWN	at	874105  
879208	[5103]	:	time Target is 879208
884523	[5315]	:	time Target is 884523
889840	[5317]	:	time Target is 889840
890200	[360]	:	Key	71	DOWN	at	890200  
895163	[4963]	:	time Target is 895163
895400	[237]	:	Key	71	DOWN	at	895400  
900486	[5086]	:	time Target is 900486
900795	[309]	:	Key	71	DOWN	at	900795  
905842	[5047]	:	time Target is 905842
911156	[5314]	:	time Target is 911156
911275	[119]	:	Key	71	DOWN	at	911275  
916480	[5205]	:	time Target is 916480
917450	[970]	:	Key	71	DOWN	at	917450  
921807	[4357]	:	time Target is 921807
922280	[473]	:	Key	71	DOWN	at	922280  
927131	[4851]	:	time Target is 927131
932447	[5316]	:	time Target is 932447
933370	[923]	:	Key	71	DOWN	at	933370  
937771	[4401]	:	time Target is 937771
938360	[589]	:	Key	71	DOWN	at	938360  
943096	[4736]	:	time Target is 943096
943465	[369]	:	Key	71	DOWN	at	943465  
948419	[4954]	:	time Target is 948419
949500	[1081]	:	Key	71	DOWN	at	949500  
953744	[4244]	:	time Target is 953744
953880	[136]	:	Key	71	DOWN	at	953880  
958805	[4925]	:	Key	71	DOWN	at	958540  
961616	[2811]	:	time Target is 961616
961930	[314]	:	Key	71	DOWN	at	961930  
966943	[5013]	:	time Target is 966943
966955	[12]	:	Key	71	DOWN	at	966955  
972269	[5314]	:	time Target is 972269
973020	[751]	:	Key	71	DOWN	at	973020  
977592	[4572]	:	time Target is 977592
978345	[753]	:	Key	71	DOWN	at	978345  
982913	[4568]	:	time Target is 982913
983275	[362]	:	Key	71	DOWN	at	983275  
988242	[4967]	:	time Target is 988242
989545	[1303]	:	Key	71	DOWN	at	989545  
993564	[4019]	:	time Target is 993564
998880	[5316]	:	time Target is 998880
999560	[680]	:	Key	71	DOWN	at	999560  
1004204	[4644]	:	time Target is 1004204
1009520	[5316]	:	time Target is 1009520
1010155	[635]	:	Key	71	DOWN	at	1010155 
1014844	[4689]	:	time Target is 1014844
1015675	[831]	:	Key	71	DOWN	at	1015675 
1020165	[4490]	:	time Target is 1020165
1020345	[180]	:	Key	71	DOWN	at	1020345 
1025490	[5145]	:	time Target is 1025490
1026345	[855]	:	Key	71	DOWN	at	1026345 
1030816	[4471]	:	time Target is 1030816
1031800	[984]	:	Key	71	DOWN	at	1031800 
1036137	[4337]	:	time Target is 1036137
1037035	[898]	:	Key	71	DOWN	at	1037035 
1041465	[4430]	:	time Target is 1041465
1041819	[354]	:	Key	71	DOWN	at	1041819 
1046790	[4971]	:	time Target is 1046790
1047385	[595]	:	Key	71	DOWN	at	1047385 
1052115	[4730]	:	time Target is 1052115
1052185	[70]	:	Key	71	DOWN	at	1052185 
1057440	[5255]	:	time Target is 1057440
1058540	[1100]	:	Key	71	DOWN	at	1058540 
1062768	[4228]	:	time Target is 1062768
1068081	[5313]	:	time Target is 1068081
1068380	[299]	:	Key	71	DOWN	at	1068380 
1073403	[5023]	:	time Target is 1073403
1078716	[5313]	:	time Target is 1078716
1079145	[429]	:	Key	71	DOWN	at	1079145 
1084038	[4893]	:	time Target is 1084038
1085000	[962]	:	Key	71	DOWN	at	1085000 
1089361	[4361]	:	time Target is 1089361
1094674	[5313]	:	time Target is 1094674
1095130	[456]	:	Key	71	DOWN	at	1095130 
1099995	[4865]	:	time Target is 1099995
1100600	[605]	:	Key	71	DOWN	at	1100600 
1105321	[4721]	:	time Target is 1105321
1106105	[784]	:	Key	71	DOWN	at	1106105 
1110645	[4540]	:	time Target is 1110645
1115957	[5312]	:	time Target is 1115957
1116505	[548]	:	Key	71	DOWN	at	1116505 
1121285	[4780]	:	time Target is 1121285
1121500	[215]	:	Key	71	DOWN	at	1121500 
1126612	[5112]	:	time Target is 1126612
1126955	[343]	:	Key	71	DOWN	at	1126955 
1131933	[4978]	:	time Target is 1131933
1132060	[127]	:	Key	71	DOWN	at	1132060 
1137258	[5198]	:	time Target is 1137258
1138025	[767]	:	Key	71	DOWN	at	1138025 
1142580	[4555]	:	time Target is 1142580
1147631	[5051]	:	Key	71	DOWN	at	1147340 
1147631	[0]	:	Key	71	UP	at	1147450 
1150443	[2812]	:	time Target is 1150443
1150840	[397]	:	Key	71	DOWN	at	1150840 
1155770	[4930]	:	time Target is 1155770
1156265	[495]	:	Key	71	DOWN	at	1156265 
1161122	[4857]	:	time Target is 1161122
1161720	[598]	:	Key	71	DOWN	at	1161720 
1166452	[4732]	:	time Target is 1166452
1171770	[5318]	:	time Target is 1171770
1172075	[305]	:	Key	71	DOWN	at	1172075 
1177097	[5022]	:	time Target is 1177097
1177305	[208]	:	Key	71	DOWN	at	1177305 
1182422	[5117]	:	time Target is 1182422
1187736	[5314]	:	time Target is 1187736
1188585	[849]	:	Key	71	DOWN	at	1188585 
1193059	[4474]	:	time Target is 1193059
1193900	[841]	:	Key	71	DOWN	at	1193900 
1198385	[4485]	:	time Target is 1198385
1198840	[455]	:	Key	71	DOWN	at	1198840 
1203709	[4869]	:	time Target is 1203709
1204040	[331]	:	Key	71	DOWN	at	1204040 
1209033	[4993]	:	time Target is 1209033
1209900	[867]	:	Key	71	DOWN	at	1209900 
1214354	[4454]	:	time Target is 1214354
1219668	[5314]	:	time Target is 1219668
1224987	[5319]	:	time Target is 1224987
1225865	[878]	:	Key	71	DOWN	at	1225865 
1230312	[4447]	:	time Target is 1230312
1230345	[33]	:	Key	71	DOWN	at	1230345 
1235634	[5289]	:	time Target is 1235634
1240986	[5352]	:	time Target is 1240986
1241785	[799]	:	Key	71	DOWN	at	1241785 
1246312	[4527]	:	time Target is 1246312
1247370	[1058]	:	Key	71	DOWN	at	1247370 
1251637	[4267]	:	time Target is 1251637
1256949	[5312]	:	time Target is 1256949
1257640	[691]	:	Key	71	DOWN	at	1257640 
1262270	[4630]	:	time Target is 1262270
1262955	[685]	:	Key	71	DOWN	at	1262955 
1267595	[4640]	:	time Target is 1267595
1268040	[445]	:	Key	71	DOWN	at	1268040 
1272915	[4875]	:	time Target is 1272915
1273435	[520]	:	Key	71	DOWN	at	1273435 
1278237	[4802]	:	time Target is 1278237
1279320	[1083]	:	Key	71	DOWN	at	1279320 
1283561	[4241]	:	time Target is 1283561
1288880	[5319]	:	time Target is 1288880
1289420	[540]	:	Key	71	DOWN	at	1289420 
1294206	[4786]	:	time Target is 1294206
1295640	[1434]	:	Key	71	DOWN	at	1295640 
1299530	[3890]	:	time Target is 1299530
1300345	[815]	:	Key	71	DOWN	at	1300345 
1304846	[4501]	:	Key	71	DOWN	at	1304745 
1307656	[2810]	:	time Target is 1307656
1308395	[739]	:	Key	71	DOWN	at	1308395 
1312978	[4583]	:	time Target is 1312978
1313530	[552]	:	Key	71	DOWN	at	1313530 
1318302	[4772]	:	time Target is 1318302
1318460	[158]	:	Key	71	UP	at	1318460 
1318810	[350]	:	Key	71	DOWN	at	1318810 
1323626	[4816]	:	time Target is 1323626
1324105	[479]	:	Key	71	DOWN	at	1324105 
1327980	[3875]	:	Key	71	UP	at	1327980 
1441020	[113040]	:	Key	71	DOWN	at	1441020 
1441080	[60]	:	Key	71	UP	at	1441080 
1446060	[4980]	:	Key	71	DOWN	at	1446060 
1446847	[787]	:	Key	71	UP	at	1446105 
1447111	[264]	:	time Target is 1447111
1447530	[419]	:	Key	71	DOWN	at	1447530 
1452477	[4947]	:	time Target is 1452477
1457792	[5315]	:	time Target is 1457792
1463106	[5314]	:	time Target is 1463106
1463560	[454]	:	Key	71	DOWN	at	1463560 
1468167	[4607]	:	Key	71	DOWN	at	1468120 
1470980	[2813]	:	time Target is 1470980
1471580	[600]	:	Key	71	DOWN	at	1471580 
1476323	[4743]	:	time Target is 1476323
1481637	[5314]	:	time Target is 1481637
1482860	[1223]	:	Key	71	DOWN	at	1482860 
1486964	[4104]	:	time Target is 1486964
1492279	[5315]	:	time Target is 1492279
1493160	[881]	:	Key	71	DOWN	at	1493160 
1497599	[4439]	:	time Target is 1497599
1498010	[411]	:	Key	71	DOWN	at	1498010 
1502922	[4912]	:	time Target is 1502922
1508239	[5317]	:	time Target is 1508239
1508780	[541]	:	Key	71	DOWN	at	1508780 
1513566	[4786]	:	time Target is 1513566
1513880	[314]	:	Key	71	DOWN	at	1513880 
1518919	[5039]	:	time Target is 1518919
1519020	[101]	:	Key	71	DOWN	at	1519020 
1524244	[5224]	:	time Target is 1524244
1524795	[551]	:	Key	71	DOWN	at	1524795 
1529570	[4775]	:	time Target is 1529570
1534885	[5315]	:	time Target is 1534885
1535355	[470]	:	Key	71	DOWN	at	1535355 
1540211	[4856]	:	time Target is 1540211
1540780	[569]	:	Key	67	DOWN	at	1540780 
1540825	[45]	:	Key	71	DOWN	at	1540825 
1545534	[4709]	:	time Target is 1545534
1550849	[5315]	:	time Target is 1550849
1551100	[251]	:	Key	71	DOWN	at	1551100 
1555938	[4838]	:	Key	71	DOWN	at	1555675 
1555938	[0]	:	Key	71	UP	at	1555770 
1558750	[2812]	:	time Target is 1558750
1559260	[510]	:	Key	71	DOWN	at	1559260 
1564066	[4806]	:	Key	71	DOWN	at	1564040 
1566879	[2813]	:	time Target is 1566879
1567370	[491]	:	Key	71	DOWN	at	1567370 
1572201	[4831]	:	time Target is 1572201
1577525	[5324]	:	time Target is 1577525
1582843	[5318]	:	time Target is 1582843
1583320	[477]	:	Key	71	DOWN	at	1583320 
1588167	[4847]	:	time Target is 1588167
1588810	[643]	:	Key	71	DOWN	at	1588810 
1593492	[4682]	:	time Target is 1593492
1598813	[5321]	:	time Target is 1598813
1599355	[542]	:	Key	71	DOWN	at	1599355 
1604171	[4816]	:	time Target is 1604171
1605180	[1009]	:	Key	71	DOWN	at	1605180 
1609493	[4313]	:	time Target is 1609493
1610040	[547]	:	Key	71	DOWN	at	1610040 
1614817	[4777]	:	time Target is 1614817
1615320	[503]	:	Key	71	DOWN	at	1615320 
1620143	[4823]	:	time Target is 1620143
1621100	[957]	:	Key	71	DOWN	at	1621100 
1625471	[4371]	:	time Target is 1625471
1626585	[1114]	:	Key	71	DOWN	at	1626585 
1630797	[4212]	:	time Target is 1630797
1635852	[5055]	:	Key	71	DOWN	at	1635515 
1638663	[2811]	:	time Target is 1638663
1639755	[1092]	:	Key	71	DOWN	at	1639755 
1643992	[4237]	:	time Target is 1643992
1649308	[5316]	:	time Target is 1649308
1649625	[317]	:	Key	71	DOWN	at	1649625 
1654369	[4744]	:	Key	71	DOWN	at	1654265 
1657184	[2815]	:	time Target is 1657184
1657290	[106]	:	Key	71	DOWN	at	1657290 
1662511	[5221]	:	time Target is 1662511
1662890	[379]	:	Key	71	DOWN	at	1662890 
1667834	[4944]	:	time Target is 1667834
1673151	[5317]	:	time Target is 1673151
1673785	[634]	:	Key	71	DOWN	at	1673785 
1678476	[4691]	:	time Target is 1678476
1679320	[844]	:	Key	71	DOWN	at	1679320 
1683800	[4480]	:	time Target is 1683800
1689117	[5317]	:	time Target is 1689117
1689835	[718]	:	Key	71	DOWN	at	1689835 
1694462	[4627]	:	time Target is 1694462
1699519	[5057]	:	Key	71	DOWN	at	1699225 
1699519	[0]	:	Key	71	UP	at	1699515 
1702332	[2813]	:	time Target is 1702332
1703240	[908]	:	Key	71	DOWN	at	1703240 
1707656	[4416]	:	time Target is 1707656
1707705	[49]	:	Key	71	DOWN	at	1707705 
1712980	[5275]	:	time Target is 1712980
1713465	[485]	:	Key	71	DOWN	at	1713465 
1718345	[4880]	:	time Target is 1718345
1718620	[275]	:	Key	71	DOWN	at	1718620 
1723409	[4789]	:	Key	71	DOWN	at	1722680 
1723409	[0]	:	Key	71	UP	at	1722940 
1726221	[2812]	:	time Target is 1726221
1726985	[764]	:	Key	71	DOWN	at	1726985 
1731585	[4600]	:	time Target is 1731585
1736898	[5313]	:	time Target is 1736898
1738200	[1302]	:	Key	71	DOWN	at	1738200 
1742220	[4020]	:	time Target is 1742220
1742460	[240]	:	Key	71	DOWN	at	1742460 
1747547	[5087]	:	time Target is 1747547
1752863	[5316]	:	time Target is 1752863
1753640	[777]	:	Key	71	DOWN	at	1753640 
1758186	[4546]	:	time Target is 1758186
1763506	[5320]	:	time Target is 1763506
1764185	[679]	:	Key	71	DOWN	at	1764185 
1768833	[4648]	:	time Target is 1768833
1774147	[5314]	:	time Target is 1774147
1779465	[5318]	:	time Target is 1779465
1784781	[5316]	:	time Target is 1784781
1785065	[284]	:	Key	71	DOWN	at	1785065 
1790111	[5046]	:	time Target is 1790111
1790730	[619]	:	Key	71	DOWN	at	1790730 
1795437	[4707]	:	time Target is 1795437
1795705	[268]	:	Key	71	DOWN	at	1795705 
1800759	[5054]	:	time Target is 1800759
1806077	[5318]	:	time Target is 1806077
1806440	[363]	:	Key	71	DOWN	at	1806440 
1811400	[4960]	:	time Target is 1811400
1811850	[450]	:	Key	71	DOWN	at	1811850 
1816462	[4612]	:	Key	71	DOWN	at	1816105 
1816462	[0]	:	Key	71	UP	at	1816235 
1819275	[2813]	:	time Target is 1819275
1819480	[205]	:	Key	71	DOWN	at	1819480 
1824603	[5123]	:	time Target is 1824603
1824825	[222]	:	Key	71	DOWN	at	1824825 
1829950	[5125]	:	time Target is 1829950
1830200	[250]	:	Key	71	DOWN	at	1830200 
1835278	[5078]	:	time Target is 1835278
1836170	[892]	:	Key	71	DOWN	at	1836170 
1840601	[4431]	:	time Target is 1840601
1841100	[499]	:	Key	71	DOWN	at	1841100 
1845922	[4822]	:	time Target is 1845922
1846715	[793]	:	Key	71	DOWN	at	1846715 
1851246	[4531]	:	time Target is 1851246
1856565	[5319]	:	time Target is 1856565
1857545	[980]	:	Key	71	DOWN	at	1857545 
1861909	[4364]	:	time Target is 1861909
1863180	[1271]	:	Key	71	DOWN	at	1863180 
1867234	[4054]	:	time Target is 1867234
1867580	[346]	:	Key	71	DOWN	at	1867580 
1872561	[4981]	:	time Target is 1872561
1873640	[1079]	:	Key	71	DOWN	at	1873640 
1877621	[3981]	:	Key	71	DOWN	at	1876920 
1877621	[0]	:	Key	71	UP	at	1877560 
1880431	[2810]	:	time Target is 1880431
1881100	[669]	:	Key	71	DOWN	at	1881100 
1885756	[4656]	:	time Target is 1885756
1891069	[5313]	:	time Target is 1891069
1896385	[5316]	:	time Target is 1896385
1957640	[61255]	:	Key	71	DOWN	at	1957640 
1958425	[785]	:	Key	71	UP	at	1957755 
1958688	[263]	:	time Target is 1958688
1959240	[552]	:	Key	71	DOWN	at	1959240 
1964019	[4779]	:	time Target is 1964019
1964425	[406]	:	Key	71	DOWN	at	1964425 
1969381	[4956]	:	time Target is 1969381
1974695	[5314]	:	time Target is 1974695
1975260	[565]	:	Key	71	DOWN	at	1975260 
1980022	[4762]	:	time Target is 1980022
1981195	[1173]	:	Key	71	DOWN	at	1981195 
1985349	[4154]	:	time Target is 1985349
1985835	[486]	:	Key	71	DOWN	at	1985835 
1990672	[4837]	:	time Target is 1990672
1991880	[1208]	:	Key	71	DOWN	at	1991880 
1995735	[3855]	:	Key	71	DOWN	at	1995385 
1998547	[2812]	:	time Target is 1998547
2003865	[5318]	:	time Target is 2003865
2004250	[385]	:	Key	71	DOWN	at	2004250 
2009209	[4959]	:	time Target is 2009209
2009915	[706]	:	Key	71	DOWN	at	2009915 
2014534	[4619]	:	time Target is 2014534
2015560	[1026]	:	Key	71	DOWN	at	2015560 
2019861	[4301]	:	time Target is 2019861
2020650	[789]	:	Key	71	DOWN	at	2020650 
2025227	[4577]	:	time Target is 2025227
2025785	[558]	:	Key	71	DOWN	at	2025785 
2030338	[4553]	:	Key	71	DOWN	at	2029755 
2032911	[2573]	:	Key	71	UP	at	2032745 
2033173	[262]	:	time Target is 2033173
2033785	[612]	:	Key	71	DOWN	at	2033785 
2038234	[4449]	:	Key	71	DOWN	at	2037690 
2040784	[2550]	:	Key	71	DOWN	at	2040410 
2043336	[2552]	:	Key	71	UP	at	2042760 
2043599	[263]	:	time Target is 2043599
2044265	[666]	:	Key	71	DOWN	at	2044265 
2048922	[4657]	:	time Target is 2048922
2049159	[237]	:	Key	71	UP	at	2049159 
2049864	[705]	:	Key	71	DOWN	at	2049864 
2054244	[4380]	:	time Target is 2054244
2059299	[5055]	:	Key	71	UP	at	2058570 
2059562	[263]	:	time Target is 2059562
2060395	[833]	:	Key	71	DOWN	at	2060395 
2064876	[4481]	:	Key	71	UP	at	2064780 
2064876	[0]	:	Key	71	DOWN	at	2064810 
2067687	[2811]	:	time Target is 2067687
2072998	[5311]	:	time Target is 2072998
2074139	[1141]	:	Key	71	DOWN	at	2074139 
2078324	[4185]	:	time Target is 2078324
2079145	[821]	:	Key	71	DOWN	at	2079145 
2083648	[4503]	:	time Target is 2083648
2084330	[682]	:	Key	71	DOWN	at	2084330 
2088978	[4648]	:	time Target is 2088978
2089820	[842]	:	Key	71	DOWN	at	2089820 
2094306	[4486]	:	time Target is 2094306
2095050	[744]	:	Key	71	DOWN	at	2095050 
2099634	[4584]	:	time Target is 2099634
2104949	[5315]	:	time Target is 2104949
2106155	[1206]	:	Key	71	DOWN	at	2106155 
2110273	[4118]	:	time Target is 2110273
2115589	[5316]	:	time Target is 2115589
2116360	[771]	:	Key	71	DOWN	at	2116360 
2120917	[4557]	:	time Target is 2120917
2121960	[1043]	:	Key	71	DOWN	at	2121960 
2126237	[4277]	:	time Target is 2126237
2131552	[5315]	:	time Target is 2131552
2132090	[538]	:	Key	71	DOWN	at	2132090 
2136617	[4527]	:	Key	71	DOWN	at	2135995 
2139466	[2849]	:	time Target is 2139466
2140555	[1089]	:	Key	71	DOWN	at	2140555 
2144823	[4268]	:	time Target is 2144823
2150140	[5317]	:	time Target is 2150140
2151465	[1325]	:	Key	71	DOWN	at	2151465 
2155466	[4001]	:	time Target is 2155466
2156185	[719]	:	Key	71	DOWN	at	2156185 
2160533	[4348]	:	Key	71	UP	at	2160140 
2160795	[262]	:	time Target is 2160795
2166109	[5314]	:	time Target is 2166109
2166810	[701]	:	Key	71	UP	at	2166810 
2167130	[320]	:	Key	71	DOWN	at	2167130 
2171449	[4319]	:	time Target is 2171449
2172540	[1091]	:	Key	71	DOWN	at	2172540 
2176772	[4232]	:	time Target is 2176772
2182086	[5314]	:	time Target is 2182086
2182555	[469]	:	Key	71	DOWN	at	2182555 
2187412	[4857]	:	time Target is 2187412
2188490	[1078]	:	Key	71	DOWN	at	2188490 
2192763	[4273]	:	time Target is 2192763
2193740	[977]	:	Key	71	DOWN	at	2193740 
2198115	[4375]	:	time Target is 2198115
2199610	[1495]	:	Key	71	DOWN	at	2199610 
2203443	[3833]	:	time Target is 2203443
2208757	[5314]	:	time Target is 2208757
2214073	[5316]	:	time Target is 2214073
2219125	[5052]	:	Key	71	UP	at	2218745 
2219389	[264]	:	time Target is 2219389
2220155	[766]	:	Key	71	DOWN	at	2220155 
2224712	[4557]	:	time Target is 2224712
2225100	[388]	:	Key	71	DOWN	at	2225100 
2230036	[4936]	:	time Target is 2230036
2235376	[5340]	:	time Target is 2235376
2236540	[1164]	:	Key	71	DOWN	at	2236540 
2240697	[4157]	:	time Target is 2240697
2241660	[963]	:	Key	71	DOWN	at	2241660 
2246021	[4361]	:	time Target is 2246021
2247225	[1204]	:	Key	71	DOWN	at	2247225 
2251345	[4120]	:	time Target is 2251345
2252380	[1035]	:	Key	71	DOWN	at	2252380 
2256669	[4289]	:	time Target is 2256669
2257530	[861]	:	Key	71	DOWN	at	2257530 
2261997	[4467]	:	time Target is 2261997
2263130	[1133]	:	Key	71	DOWN	at	2263130 
2267324	[4194]	:	time Target is 2267324
2272641	[5317]	:	time Target is 2272641
2277968	[5327]	:	time Target is 2277968
2278780	[812]	:	Key	71	DOWN	at	2278780 
2283296	[4516]	:	time Target is 2283296
2288610	[5314]	:	time Target is 2288610
2289705	[1095]	:	Key	71	DOWN	at	2289705 
2293937	[4232]	:	time Target is 2293937
2299251	[5314]	:	time Target is 2299251
2299660	[409]	:	Key	71	DOWN	at	2299660 
2304576	[4916]	:	time Target is 2304576
2305625	[1049]	:	Key	71	DOWN	at	2305625 
2309899	[4274]	:	time Target is 2309899
2310505	[606]	:	Key	71	DOWN	at	2310505 
2315223	[4718]	:	time Target is 2315223
2320540	[5317]	:	time Target is 2320540
2321720	[1180]	:	Key	71	DOWN	at	2321720 
2325864	[4144]	:	time Target is 2325864
2327275	[1411]	:	Key	71	DOWN	at	2327275 
2331187	[3912]	:	time Target is 2331187
2336503	[5316]	:	time Target is 2336503
2337225	[722]	:	Key	71	DOWN	at	2337225 
2341833	[4608]	:	time Target is 2341833
2342315	[482]	:	Key	71	DOWN	at	2342315 
2347163	[4848]	:	time Target is 2347163
2352477	[5314]	:	time Target is 2352477
2353610	[1133]	:	Key	71	DOWN	at	2353610 
2357800	[4190]	:	time Target is 2357800
2358635	[835]	:	Key	71	DOWN	at	2358635 
2363124	[4489]	:	time Target is 2363124
2368444	[5320]	:	time Target is 2368444
2368985	[541]	:	Key	71	DOWN	at	2368985 
2373809	[4824]	:	time Target is 2373809
2374600	[791]	:	Key	71	DOWN	at	2374600 
2379133	[4533]	:	time Target is 2379133
2384447	[5314]	:	time Target is 2384447
2384490	[43]	:	Key	71	DOWN	at	2384490 
2389773	[5283]	:	time Target is 2389773
2390200	[427]	:	Key	71	DOWN	at	2390200 
2395100	[4900]	:	time Target is 2395100
2395660	[560]	:	Key	71	DOWN	at	2395660 
2400422	[4762]	:	time Target is 2400422
2401655	[1233]	:	Key	71	DOWN	at	2401655 
2405751	[4096]	:	time Target is 2405751
2407115	[1364]	:	Key	71	DOWN	at	2407115 
2411078	[3963]	:	time Target is 2411078
2416392	[5314]	:	time Target is 2416392
2417100	[708]	:	Key	71	DOWN	at	2417100 
2420683	[3583]	:	Key	71	UP	at	2417260 
2430620	[9937]	:	Key	71	DOWN	at	2430620 
2430780	[160]	:	Key	71	UP	at	2430780 
2443355	[12575]	:	Key	28	DOWN	at	2443355 
2443435	[80]	:	Key	28	UP	at	2443435 
2450985	[7550]	:	Key	29	DOWN	at	2450985 
2451115	[130]	:	Key	29	UP	at	2451115 
2455035	[3920]	:	Key	28	DOWN	at	2455035 
2455195	[160]	:	Key	28	UP	at	2455195 
2456730	[1535]	:	Key	28	DOWN	at	2456730 
2456840	[110]	:	Key	28	UP	at	2456840 
2460220	[3380]	:	Key	28	DOWN	at	2460220 
2460360	[140]	:	Key	28	UP	at	2460360 
2460780	[420]	:	Key	28	DOWN	at	2460780 
2460920	[140]	:	Key	28	UP	at	2460920 
2462140	[1220]	:	Key	29	DOWN	at	2462140 
2462200	[60]	:	Key	29	UP	at	2462200 
2462315	[115]	:	Key	29	DOWN	at	2462315 
2462380	[65]	:	Key	29	UP	at	2462380 
2466380	[4000]	:	Key	29	DOWN	at	2466380 
2466440	[60]	:	Key	29	UP	at	2466440 
2466555	[115]	:	Key	29	DOWN	at	2466555 
2466612	[57]	:	Key	29	UP	at	2466585 
2468200	[1588]	:	Key	28	DOWN	at	2468200 
2468280	[80]	:	Key	28	UP	at	2468280 
2468395	[115]	:	Key	28	DOWN	at	2468395 
2468490	[95]	:	Key	28	UP	at	2468490 
2470010	[1520]	:	Key	28	DOWN	at	2470010 
2470120	[110]	:	Key	28	UP	at	2470120 
2470220	[100]	:	Key	28	DOWN	at	2470220 
2470315	[95]	:	Key	28	UP	at	2470315 
2472745	[2430]	:	Key	28	DOWN	at	2472745 
2472840	[95]	:	Key	28	UP	at	2472840 
2472940	[100]	:	Key	28	DOWN	at	2472940 
2473007	[67]	:	COGENT STOP
