Cog2000 log file Fri Oct 11 17:01:37 2019
gprim v1.33 Compiled:Aug 12 2015 (GLib DirectDraw v7 DX12.0 Compiled:Aug 12 2015)
Display:1024x768x32 59.95Hz
Attaching C:\Program Files\Cogent2000v1.33\Toolbox\CogInput.mexw64
CogInput v1.05 Compiled: May 20 2010
6	[6]	:	COGENT START
8674	[8668]	:	Key	71	DOWN	at	8672    
8765	[91]	:	Key	71	UP	at	8763    
29167	[20402]	:	Key	71	DOWN	at	29166   
29249	[82]	:	Key	71	UP	at	29248   
34035	[4786]	:	Key	71	DOWN	at	34033   
34127	[92]	:	Key	71	UP	at	34127   
45791	[11664]	:	Key	71	DOWN	at	45791   
45884	[93]	:	Key	71	UP	at	45884   
63406	[17522]	:	Key	71	DOWN	at	63405   
63505	[99]	:	Key	71	UP	at	63505   
82699	[19194]	:	Key	71	DOWN	at	82699   
83594	[895]	:	time Target is 83577
83836	[242]	:	Key	71	DOWN	at	83836   
89707	[5871]	:	time Target is 89706
89745	[38]	:	Key	71	DOWN	at	89745   
95797	[6052]	:	time Target is 95796
95998	[201]	:	Key	71	DOWN	at	95997   
101888	[5890]	:	time Target is 101887
102175	[287]	:	Key	71	DOWN	at	102175  
111469	[9294]	:	Key	71	DOWN	at	111469  
112539	[1070]	:	time Target is 112534
118873	[6334]	:	time Target is 118872
125198	[6325]	:	time Target is 125198
131521	[6323]	:	time Target is 131521
151616	[20095]	:	Key	71	DOWN	at	151616  
151776	[160]	:	Key	71	UP	at	151775  
156926	[5150]	:	Key	71	DOWN	at	156925  
157102	[176]	:	Key	71	UP	at	157102  
161629	[4527]	:	Key	71	DOWN	at	161628  
161823	[194]	:	Key	71	UP	at	161823  
170491	[8668]	:	Key	71	DOWN	at	170491  
170668	[177]	:	Key	71	UP	at	170668  
175133	[4465]	:	Key	71	DOWN	at	175132  
175968	[835]	:	Key	71	UP	at	175356  
175994	[26]	:	time Target is 175994
176271	[277]	:	Key	71	DOWN	at	176270  
181096	[4825]	:	time Target is 181096
186191	[5095]	:	time Target is 186190
191257	[5066]	:	Key	71	DOWN	at	190845  
191257	[0]	:	Key	71	UP	at	191055  
200941	[9684]	:	Key	71	DOWN	at	200940  
201099	[158]	:	Key	71	UP	at	201099  
204976	[3877]	:	Key	71	DOWN	at	204976  
205775	[799]	:	Key	71	UP	at	205149  
205794	[19]	:	time Target is 205793
206465	[671]	:	Key	71	DOWN	at	206464  
210896	[4431]	:	time Target is 210896
215965	[5069]	:	time Target is 215965
216641	[676]	:	Key	71	DOWN	at	216641  
221051	[4410]	:	time Target is 221050
233037	[11986]	:	Key	71	DOWN	at	233037  
233373	[336]	:	Key	71	UP	at	233372  
237231	[3858]	:	Key	71	DOWN	at	237230  
238023	[792]	:	Key	71	UP	at	237408  
238047	[24]	:	time Target is 238046
243123	[5076]	:	time Target is 243123
243389	[266]	:	Key	71	DOWN	at	243389  
248209	[4820]	:	time Target is 248209
248528	[319]	:	Key	71	DOWN	at	248528  
253300	[4772]	:	time Target is 253300
266289	[12989]	:	Key	71	DOWN	at	266289  
266478	[189]	:	Key	71	UP	at	266477  
269040	[2562]	:	Key	71	DOWN	at	269039  
269831	[791]	:	Key	71	UP	at	269232  
269855	[24]	:	time Target is 269854
270800	[945]	:	Key	71	DOWN	at	270800  
274944	[4144]	:	time Target is 274944
280012	[5068]	:	time Target is 280011
285062	[5050]	:	Key	71	DOWN	at	284704  
285062	[0]	:	Key	71	UP	at	284957  
294828	[9766]	:	Key	71	DOWN	at	294827  
295038	[210]	:	Key	71	UP	at	295038  
315070	[20032]	:	Key	71	DOWN	at	315070  
315278	[208]	:	Key	71	UP	at	315278  
329214	[13936]	:	Key	71	DOWN	at	329213  
329407	[193]	:	Key	71	UP	at	329406  
342397	[12990]	:	Key	71	DOWN	at	342397  
342574	[177]	:	Key	71	UP	at	342574  
349916	[7342]	:	Key	71	DOWN	at	349916  
352497	[2581]	:	time Target is 352497
353101	[604]	:	Key	71	DOWN	at	353100  
357843	[4742]	:	time Target is 357843
363178	[5335]	:	time Target is 363178
363790	[612]	:	Key	71	DOWN	at	363789  
368526	[4736]	:	time Target is 368526
373880	[5354]	:	time Target is 373879
374687	[807]	:	Key	71	DOWN	at	374687  
379229	[4542]	:	time Target is 379229
380427	[1198]	:	Key	71	DOWN	at	380427  
384566	[4139]	:	time Target is 384566
385037	[471]	:	Key	71	DOWN	at	385037  
389908	[4871]	:	time Target is 389908
390768	[860]	:	Key	71	DOWN	at	390767  
395244	[4476]	:	time Target is 395244
395646	[402]	:	Key	71	DOWN	at	395646  
400595	[4949]	:	time Target is 400595
401342	[747]	:	Key	71	DOWN	at	401342  
405929	[4587]	:	time Target is 405929
411256	[5327]	:	time Target is 411256
416572	[5316]	:	time Target is 416572
421898	[5326]	:	time Target is 421898
422975	[1077]	:	Key	71	DOWN	at	422975  
427235	[4260]	:	time Target is 427235
427808	[573]	:	Key	71	DOWN	at	427808  
432592	[4784]	:	time Target is 432592
432974	[382]	:	Key	71	DOWN	at	432973  
437934	[4960]	:	time Target is 437934
443262	[5328]	:	time Target is 443262
448583	[5321]	:	time Target is 448583
453904	[5321]	:	time Target is 453904
459228	[5324]	:	time Target is 459228
459614	[386]	:	Key	71	DOWN	at	459614  
464564	[4950]	:	time Target is 464564
465341	[777]	:	Key	71	DOWN	at	465341  
469904	[4563]	:	time Target is 469904
470351	[447]	:	Key	71	DOWN	at	470351  
475236	[4885]	:	time Target is 475236
480558	[5322]	:	time Target is 480558
481200	[642]	:	Key	71	DOWN	at	481200  
485894	[4694]	:	time Target is 485894
491214	[5320]	:	time Target is 491214
491660	[446]	:	Key	71	DOWN	at	491660  
496567	[4907]	:	time Target is 496567
501890	[5323]	:	time Target is 501890
502431	[541]	:	Key	71	DOWN	at	502431  
507225	[4794]	:	time Target is 507225
508286	[1061]	:	Key	71	DOWN	at	508285  
512563	[4277]	:	time Target is 512563
513888	[1325]	:	Key	71	DOWN	at	513888  
517899	[4011]	:	time Target is 517899
523244	[5345]	:	time Target is 523244
523616	[372]	:	Key	71	DOWN	at	523616  
528581	[4965]	:	time Target is 528581
529616	[1035]	:	Key	71	DOWN	at	529616  
533918	[4302]	:	time Target is 533918
539238	[5320]	:	time Target is 539238
544559	[5321]	:	time Target is 544559
549873	[5314]	:	time Target is 549873
550620	[747]	:	Key	71	DOWN	at	550620  
555204	[4584]	:	time Target is 555204
555612	[408]	:	Key	71	DOWN	at	555611  
560539	[4927]	:	time Target is 560539
565860	[5321]	:	time Target is 565860
566349	[489]	:	Key	71	DOWN	at	566349  
571192	[4843]	:	time Target is 571192
571744	[552]	:	Key	71	DOWN	at	571744  
576536	[4792]	:	time Target is 576536
577090	[554]	:	Key	71	DOWN	at	577089  
581883	[4793]	:	time Target is 581883
587217	[5334]	:	time Target is 587217
587792	[575]	:	Key	71	DOWN	at	587791  
592552	[4760]	:	time Target is 592552
597872	[5320]	:	time Target is 597872
603196	[5324]	:	time Target is 603196
608533	[5337]	:	time Target is 608533
608926	[393]	:	Key	71	DOWN	at	608925  
613869	[4943]	:	time Target is 613869
614911	[1042]	:	Key	71	DOWN	at	614910  
619207	[4296]	:	time Target is 619207
624529	[5322]	:	time Target is 624529
625584	[1055]	:	Key	71	DOWN	at	625583  
629866	[4282]	:	time Target is 629866
635190	[5324]	:	time Target is 635190
640511	[5321]	:	time Target is 640511
645830	[5319]	:	time Target is 645830
646334	[504]	:	Key	71	DOWN	at	646333  
651167	[4833]	:	time Target is 651167
651887	[720]	:	Key	71	DOWN	at	651887  
656508	[4621]	:	time Target is 656508
661829	[5321]	:	time Target is 661829
662959	[1130]	:	Key	71	DOWN	at	662958  
667165	[4206]	:	time Target is 667165
672488	[5323]	:	time Target is 672488
673439	[951]	:	Key	71	DOWN	at	673439  
677829	[4390]	:	time Target is 677829
683174	[5345]	:	time Target is 683174
688511	[5337]	:	time Target is 688511
689313	[802]	:	Key	71	DOWN	at	689313  
693848	[4535]	:	time Target is 693848
694782	[934]	:	Key	71	DOWN	at	694781  
699182	[4400]	:	time Target is 699182
704503	[5321]	:	time Target is 704503
709821	[5318]	:	time Target is 709821
711008	[1187]	:	Key	71	DOWN	at	711007  
715163	[4155]	:	time Target is 715163
720486	[5323]	:	time Target is 720486
721165	[679]	:	Key	71	DOWN	at	721165  
725824	[4659]	:	time Target is 725824
726924	[1100]	:	Key	71	DOWN	at	726924  
731161	[4237]	:	time Target is 731161
736480	[5319]	:	time Target is 736480
737915	[1435]	:	Key	71	DOWN	at	737915  
741818	[3903]	:	time Target is 741818
747140	[5322]	:	time Target is 747140
752461	[5321]	:	time Target is 752461
753676	[1215]	:	Key	71	DOWN	at	753676  
757808	[4132]	:	time Target is 757808
758862	[1054]	:	Key	71	DOWN	at	758862  
763144	[4282]	:	time Target is 763144
763692	[548]	:	Key	71	DOWN	at	763691  
768477	[4785]	:	time Target is 768477
769308	[831]	:	Key	71	DOWN	at	769308  
773811	[4503]	:	time Target is 773811
774811	[1000]	:	Key	71	DOWN	at	774811  
779151	[4340]	:	time Target is 779151
779707	[556]	:	Key	71	DOWN	at	779707  
784488	[4781]	:	time Target is 784488
785758	[1270]	:	Key	71	DOWN	at	785758  
789823	[4065]	:	time Target is 789823
795147	[5324]	:	time Target is 795147
795999	[852]	:	Key	71	DOWN	at	795999  
800486	[4487]	:	time Target is 800486
805808	[5322]	:	time Target is 805808
806337	[529]	:	Key	71	DOWN	at	806336  
811146	[4809]	:	time Target is 811146
816459	[5313]	:	time Target is 816459
821781	[5322]	:	time Target is 821781
822189	[408]	:	Key	71	DOWN	at	822188  
827124	[4935]	:	time Target is 827124
832587	[5463]	:	Key	71	DOWN	at	832587  
833377	[790]	:	Key	71	UP	at	832733  
833646	[269]	:	time Target is 833646
838970	[5324]	:	time Target is 838970
839727	[757]	:	Key	71	DOWN	at	839726  
844306	[4579]	:	time Target is 844306
844925	[619]	:	Key	71	DOWN	at	844924  
849667	[4742]	:	time Target is 849667
850431	[764]	:	Key	71	DOWN	at	850430  
854999	[4568]	:	time Target is 854999
855743	[744]	:	Key	71	DOWN	at	855742  
860331	[4588]	:	time Target is 860331
861229	[898]	:	Key	71	DOWN	at	861229  
865668	[4439]	:	time Target is 865668
870989	[5321]	:	time Target is 870989
871869	[880]	:	Key	71	DOWN	at	871869  
876324	[4455]	:	time Target is 876324
881646	[5322]	:	time Target is 881646
886981	[5335]	:	time Target is 886981
887632	[651]	:	Key	71	DOWN	at	887632  
892312	[4680]	:	time Target is 892312
893484	[1172]	:	Key	71	DOWN	at	893483  
897646	[4162]	:	time Target is 897646
898124	[478]	:	Key	71	DOWN	at	898124  
902980	[4856]	:	time Target is 902980
908302	[5322]	:	time Target is 908302
908731	[429]	:	Key	71	DOWN	at	908731  
913631	[4900]	:	time Target is 913631
918956	[5325]	:	time Target is 918956
924281	[5325]	:	time Target is 924281
924957	[676]	:	Key	71	DOWN	at	924957  
929620	[4663]	:	time Target is 929620
930769	[1149]	:	Key	71	DOWN	at	930767  
934951	[4182]	:	time Target is 934951
935356	[405]	:	Key	71	DOWN	at	935356  
940290	[4934]	:	time Target is 940290
945663	[5373]	:	time Target is 945663
950977	[5314]	:	time Target is 950977
956303	[5326]	:	time Target is 956303
956734	[431]	:	Key	71	DOWN	at	956734  
961644	[4910]	:	time Target is 961644
962252	[608]	:	Key	71	DOWN	at	962252  
966981	[4729]	:	time Target is 966981
968192	[1211]	:	Key	71	DOWN	at	968191  
972372	[4180]	:	time Target is 972372
977693	[5321]	:	time Target is 977693
978604	[911]	:	Key	71	DOWN	at	978603  
983031	[4427]	:	time Target is 983031
983741	[710]	:	Key	71	DOWN	at	983741  
988369	[4628]	:	time Target is 988369
993695	[5326]	:	time Target is 993695
999041	[5346]	:	time Target is 999041
999693	[652]	:	Key	71	DOWN	at	999693  
1004379	[4686]	:	time Target is 1004379
1009702	[5323]	:	time Target is 1009702
1015059	[5357]	:	time Target is 1015059
1020383	[5324]	:	time Target is 1020383
1025702	[5319]	:	time Target is 1025702
1031021	[5319]	:	time Target is 1031021
1031999	[978]	:	Key	71	DOWN	at	1031998 
1036361	[4362]	:	time Target is 1036361
1041846	[5485]	:	time Target is 1041846
1042316	[470]	:	Key	71	DOWN	at	1042316 
1047178	[4862]	:	time Target is 1047178
1047903	[725]	:	Key	71	DOWN	at	1047903 
1052517	[4614]	:	time Target is 1052517
1052895	[378]	:	Key	71	DOWN	at	1052895 
1057855	[4960]	:	time Target is 1057855
1059231	[1376]	:	Key	71	DOWN	at	1059231 
1063198	[3967]	:	time Target is 1063198
1063568	[370]	:	Key	71	DOWN	at	1063567 
1068538	[4970]	:	time Target is 1068538
1073859	[5321]	:	time Target is 1073859
1074333	[474]	:	Key	71	DOWN	at	1074333 
1079195	[4862]	:	time Target is 1079195
1084520	[5325]	:	time Target is 1084520
1089843	[5323]	:	time Target is 1089843
1095164	[5321]	:	time Target is 1095164
1100488	[5324]	:	time Target is 1100488
1105810	[5322]	:	time Target is 1105810
1111135	[5325]	:	time Target is 1111135
1116461	[5326]	:	time Target is 1116461
1121787	[5326]	:	time Target is 1121787
1127106	[5319]	:	time Target is 1127106
1127531	[425]	:	Key	71	DOWN	at	1127531 
1132442	[4911]	:	time Target is 1132442
1132750	[308]	:	Key	71	DOWN	at	1132749 
1137777	[5027]	:	time Target is 1137777
1138448	[671]	:	Key	71	DOWN	at	1138448 
1143113	[4665]	:	time Target is 1143113
1148434	[5321]	:	time Target is 1148434
1149322	[888]	:	Key	71	DOWN	at	1149322 
1153808	[4486]	:	time Target is 1153808
1159128	[5320]	:	time Target is 1159128
1164447	[5319]	:	time Target is 1164447
1165067	[620]	:	Key	71	DOWN	at	1165067 
1169806	[4739]	:	time Target is 1169806
1175128	[5322]	:	time Target is 1175128
1180450	[5322]	:	time Target is 1180450
1185768	[5318]	:	time Target is 1185768
1191104	[5336]	:	time Target is 1191104
1196427	[5323]	:	time Target is 1196427
1196975	[548]	:	Key	71	DOWN	at	1196975 
1201764	[4789]	:	time Target is 1201764
1202154	[390]	:	Key	71	DOWN	at	1202154 
1207102	[4948]	:	time Target is 1207102
1208173	[1071]	:	Key	71	DOWN	at	1208173 
1212439	[4266]	:	time Target is 1212439
1217755	[5316]	:	time Target is 1217755
1218239	[484]	:	Key	71	DOWN	at	1218239 
1223093	[4854]	:	time Target is 1223093
1228415	[5322]	:	time Target is 1228415
1233740	[5325]	:	time Target is 1233740
1234525	[785]	:	Key	71	DOWN	at	1234524 
1239076	[4551]	:	time Target is 1239076
1239422	[346]	:	Key	71	DOWN	at	1239421 
1244415	[4993]	:	time Target is 1244415
1249738	[5323]	:	time Target is 1249738
1255059	[5321]	:	time Target is 1255059
1260385	[5326]	:	time Target is 1260385
1265705	[5320]	:	time Target is 1265705
1271030	[5325]	:	time Target is 1271030
1271388	[358]	:	Key	71	DOWN	at	1271388 
1276365	[4977]	:	time Target is 1276365
1281681	[5316]	:	time Target is 1281681
1282522	[841]	:	Key	71	DOWN	at	1282522 
1287035	[4513]	:	time Target is 1287035
1287339	[304]	:	Key	71	DOWN	at	1287339 
1292373	[5034]	:	time Target is 1292373
1292542	[169]	:	Key	71	DOWN	at	1292542 
1297711	[5169]	:	time Target is 1297711
1298108	[397]	:	Key	71	DOWN	at	1298108 
1303040	[4932]	:	Key	71	DOWN	at	1302859 
1303040	[0]	:	Key	71	UP	at	1302972 
1305853	[2813]	:	time Target is 1305853
1306671	[818]	:	Key	71	DOWN	at	1306670 
1310162	[3491]	:	Key	71	UP	at	1306876 
1324396	[14234]	:	Key	71	DOWN	at	1324395 
1324590	[194]	:	Key	71	UP	at	1324590 
1332602	[8012]	:	Key	71	DOWN	at	1332602 
1333396	[794]	:	Key	71	UP	at	1332732 
1333664	[268]	:	time Target is 1333664
1334253	[589]	:	Key	71	DOWN	at	1334252 
1339021	[4768]	:	time Target is 1339021
1339708	[687]	:	Key	71	DOWN	at	1339707 
1344360	[4652]	:	time Target is 1344360
1344845	[485]	:	Key	71	DOWN	at	1344845 
1349698	[4853]	:	time Target is 1349698
1350282	[584]	:	Key	71	DOWN	at	1350282 
1355033	[4751]	:	time Target is 1355033
1355566	[533]	:	Key	71	DOWN	at	1355566 
1360371	[4805]	:	time Target is 1360371
1360954	[583]	:	Key	71	DOWN	at	1360954 
1365708	[4754]	:	time Target is 1365708
1366637	[929]	:	Key	71	DOWN	at	1366637 
1371046	[4409]	:	time Target is 1371046
1371932	[886]	:	Key	71	DOWN	at	1371930 
1376384	[4452]	:	time Target is 1376384
1376750	[366]	:	Key	71	DOWN	at	1376749 
1381735	[4985]	:	time Target is 1381735
1382398	[663]	:	Key	71	DOWN	at	1382398 
1387074	[4676]	:	time Target is 1387074
1392396	[5322]	:	time Target is 1392396
1397719	[5323]	:	time Target is 1397719
1398299	[580]	:	Key	71	DOWN	at	1398298 
1403059	[4760]	:	time Target is 1403059
1403712	[653]	:	Key	71	DOWN	at	1403711 
1408395	[4683]	:	time Target is 1408395
1408701	[306]	:	Key	71	DOWN	at	1408700 
1413739	[5038]	:	time Target is 1413739
1414222	[483]	:	Key	71	DOWN	at	1414221 
1419079	[4857]	:	time Target is 1419079
1424394	[5315]	:	Key	71	DOWN	at	1424188 
1424394	[0]	:	Key	71	UP	at	1424333 
1427207	[2813]	:	time Target is 1427207
1428062	[855]	:	Key	71	DOWN	at	1428061 
1432572	[4510]	:	time Target is 1432572
1437893	[5321]	:	time Target is 1437893
1443210	[5317]	:	time Target is 1443210
1448531	[5321]	:	time Target is 1448531
1453853	[5322]	:	time Target is 1453853
1459176	[5323]	:	time Target is 1459176
1460576	[1400]	:	Key	71	DOWN	at	1460575 
1464515	[3939]	:	time Target is 1464515
1469837	[5322]	:	time Target is 1469837
1475186	[5349]	:	time Target is 1475186
1475580	[394]	:	Key	71	DOWN	at	1475580 
1480520	[4940]	:	time Target is 1480520
1485840	[5320]	:	time Target is 1485840
1491165	[5325]	:	time Target is 1491165
1491760	[595]	:	Key	71	DOWN	at	1491759 
1496501	[4741]	:	time Target is 1496501
1496955	[454]	:	Key	71	DOWN	at	1496955 
1501842	[4887]	:	time Target is 1501842
1507192	[5350]	:	time Target is 1507192
1512515	[5323]	:	time Target is 1512515
1512973	[458]	:	Key	71	DOWN	at	1512972 
1517854	[4881]	:	time Target is 1517854
1518302	[448]	:	Key	71	DOWN	at	1518301 
1523184	[4882]	:	time Target is 1523184
1528505	[5321]	:	time Target is 1528505
1529183	[678]	:	Key	71	DOWN	at	1529183 
1533845	[4662]	:	time Target is 1533845
1539162	[5317]	:	time Target is 1539162
1544486	[5324]	:	time Target is 1544486
1544924	[438]	:	Key	71	DOWN	at	1544924 
1549823	[4899]	:	time Target is 1549823
1555143	[5320]	:	time Target is 1555143
1560467	[5324]	:	time Target is 1560467
1565788	[5321]	:	time Target is 1565788
1566112	[324]	:	Key	71	DOWN	at	1566111 
1571125	[5013]	:	time Target is 1571125
1576444	[5319]	:	time Target is 1576444
1581767	[5323]	:	time Target is 1581767
1582510	[743]	:	Key	71	DOWN	at	1582510 
1587106	[4596]	:	time Target is 1587106
1587645	[539]	:	Key	71	DOWN	at	1587645 
1592451	[4806]	:	time Target is 1592451
1597774	[5323]	:	time Target is 1597774
1598074	[300]	:	Key	71	DOWN	at	1598074 
1603112	[5038]	:	time Target is 1603112
1608431	[5319]	:	time Target is 1608431
1613752	[5321]	:	time Target is 1613752
1614304	[552]	:	Key	71	DOWN	at	1614303 
1619090	[4786]	:	time Target is 1619090
1619983	[893]	:	Key	71	DOWN	at	1619983 
1624425	[4442]	:	time Target is 1624425
1624922	[497]	:	Key	71	DOWN	at	1624922 
1629767	[4845]	:	time Target is 1629767
1630107	[340]	:	Key	71	DOWN	at	1630107 
1635105	[4998]	:	time Target is 1635105
1640419	[5314]	:	time Target is 1640419
1640815	[396]	:	Key	71	DOWN	at	1640814 
1645760	[4945]	:	time Target is 1645760
1651079	[5319]	:	time Target is 1651079
1651451	[372]	:	Key	71	DOWN	at	1651450 
1656416	[4965]	:	time Target is 1656416
1656559	[143]	:	Key	71	DOWN	at	1656559 
1661753	[5194]	:	time Target is 1661753
1662445	[692]	:	Key	71	DOWN	at	1662444 
1667094	[4649]	:	time Target is 1667094
1672418	[5324]	:	time Target is 1672418
1672766	[348]	:	Key	71	DOWN	at	1672766 
1677754	[4988]	:	time Target is 1677754
1678047	[293]	:	Key	71	DOWN	at	1678046 
1683094	[5047]	:	time Target is 1683094
1683995	[901]	:	Key	71	DOWN	at	1683994 
1688432	[4437]	:	time Target is 1688432
1693798	[5366]	:	time Target is 1693798
1699120	[5322]	:	time Target is 1699120
1699498	[378]	:	Key	71	DOWN	at	1699498 
1704458	[4960]	:	time Target is 1704458
1704475	[17]	:	Key	71	DOWN	at	1704474 
1709783	[5308]	:	time Target is 1709783
1715104	[5321]	:	time Target is 1715104
1720428	[5324]	:	time Target is 1720428
1725761	[5333]	:	time Target is 1725761
1726540	[779]	:	Key	71	DOWN	at	1726540 
1731095	[4555]	:	time Target is 1731095
1731407	[312]	:	Key	71	DOWN	at	1731407 
1736432	[5025]	:	time Target is 1736432
1741755	[5323]	:	time Target is 1741755
1742447	[692]	:	Key	71	DOWN	at	1742447 
1747095	[4648]	:	time Target is 1747095
1747994	[899]	:	Key	71	DOWN	at	1747994 
1752432	[4438]	:	time Target is 1752432
1757760	[5328]	:	time Target is 1757760
1758252	[492]	:	Key	71	DOWN	at	1758251 
1763099	[4847]	:	time Target is 1763099
1768426	[5327]	:	time Target is 1768426
1768973	[547]	:	Key	71	DOWN	at	1768973 
1773761	[4788]	:	time Target is 1773761
1779088	[5327]	:	time Target is 1779088
1779551	[463]	:	Key	71	DOWN	at	1779550 
1784444	[4893]	:	time Target is 1784444
1785804	[1360]	:	Key	71	DOWN	at	1785804 
1789777	[3973]	:	time Target is 1789777
1795098	[5321]	:	time Target is 1795098
1795532	[434]	:	Key	71	DOWN	at	1795532 
1800434	[4902]	:	time Target is 1800434
1805756	[5322]	:	time Target is 1805756
1819227	[13471]	:	Key	71	DOWN	at	1819226 
1820010	[783]	:	Key	71	UP	at	1819695 
1820275	[265]	:	time Target is 1820275
1820799	[524]	:	Key	71	DOWN	at	1820799 
1825620	[4821]	:	time Target is 1825620
1826330	[710]	:	Key	71	DOWN	at	1826330 
1830958	[4628]	:	time Target is 1830958
1831663	[705]	:	Key	71	DOWN	at	1831662 
1836301	[4638]	:	time Target is 1836301
1837018	[717]	:	Key	71	DOWN	at	1837018 
1841637	[4619]	:	time Target is 1841637
1846959	[5322]	:	time Target is 1846959
1847326	[367]	:	Key	71	DOWN	at	1847326 
1852293	[4967]	:	time Target is 1852293
1857615	[5322]	:	time Target is 1857615
1858029	[414]	:	Key	71	DOWN	at	1858029 
1862946	[4917]	:	time Target is 1862946
1868266	[5320]	:	time Target is 1868266
1873591	[5325]	:	time Target is 1873591
1874059	[468]	:	Key	71	DOWN	at	1874059 
1878930	[4871]	:	time Target is 1878930
1884252	[5322]	:	time Target is 1884252
1889574	[5322]	:	time Target is 1889574
1894895	[5321]	:	time Target is 1894895
1895260	[365]	:	Key	71	DOWN	at	1895260 
1900228	[4968]	:	time Target is 1900228
1905548	[5320]	:	time Target is 1905548
1905946	[398]	:	Key	71	DOWN	at	1905946 
1910884	[4938]	:	time Target is 1910884
1916207	[5323]	:	time Target is 1916207
1916445	[238]	:	Key	71	DOWN	at	1916445 
1921543	[5098]	:	time Target is 1921543
1921883	[340]	:	Key	71	DOWN	at	1921883 
1926881	[4998]	:	time Target is 1926881
1927227	[346]	:	Key	71	DOWN	at	1927226 
1932215	[4988]	:	time Target is 1932215
1933084	[869]	:	Key	71	DOWN	at	1933083 
1937555	[4471]	:	time Target is 1937555
1942877	[5322]	:	time Target is 1942877
1943293	[416]	:	Key	71	DOWN	at	1943292 
1948215	[4922]	:	time Target is 1948215
1948651	[436]	:	Key	71	DOWN	at	1948650 
1953579	[4928]	:	Key	71	DOWN	at	1953503 
1956395	[2816]	:	time Target is 1956395
1957087	[692]	:	Key	71	DOWN	at	1957087 
1961732	[4645]	:	time Target is 1961732
1967052	[5320]	:	time Target is 1967052
1972377	[5325]	:	time Target is 1972377
1973131	[754]	:	Key	71	DOWN	at	1973130 
1977727	[4596]	:	time Target is 1977727
1978941	[1214]	:	Key	71	DOWN	at	1978941 
1983067	[4126]	:	time Target is 1983067
1988392	[5325]	:	time Target is 1988392
1988828	[436]	:	Key	71	DOWN	at	1988828 
1993756	[4928]	:	time Target is 1993756
1999074	[5318]	:	time Target is 1999074
2004390	[5316]	:	time Target is 2004390
2005019	[629]	:	Key	71	DOWN	at	2005018 
2009730	[4711]	:	time Target is 2009730
2015054	[5324]	:	time Target is 2015054
2020378	[5324]	:	time Target is 2020378
2025701	[5323]	:	time Target is 2025701
2026522	[821]	:	Key	71	DOWN	at	2026522 
2031078	[4556]	:	time Target is 2031078
2031773	[695]	:	Key	71	DOWN	at	2031773 
2036415	[4642]	:	time Target is 2036415
2041739	[5324]	:	time Target is 2041739
2042731	[992]	:	Key	71	DOWN	at	2042730 
2047072	[4341]	:	time Target is 2047072
2052397	[5325]	:	time Target is 2052397
2057725	[5328]	:	time Target is 2057725
2058297	[572]	:	Key	71	DOWN	at	2058297 
2063050	[4753]	:	time Target is 2063050
2068393	[5343]	:	time Target is 2068393
2069257	[864]	:	Key	71	DOWN	at	2069257 
2073726	[4469]	:	time Target is 2073726
2074141	[415]	:	Key	71	DOWN	at	2074141 
2079059	[4918]	:	time Target is 2079059
2084384	[5325]	:	time Target is 2084384
2089708	[5324]	:	time Target is 2089708
2095027	[5319]	:	time Target is 2095027
2100349	[5322]	:	time Target is 2100349
2100954	[605]	:	Key	71	DOWN	at	2100953 
2105683	[4729]	:	time Target is 2105683
2106783	[1100]	:	Key	71	DOWN	at	2106783 
2111022	[4239]	:	time Target is 2111022
2111469	[447]	:	Key	71	DOWN	at	2111469 
2116362	[4893]	:	time Target is 2116362
2117231	[869]	:	Key	71	DOWN	at	2117231 
2121692	[4461]	:	time Target is 2121692
2127017	[5325]	:	time Target is 2127017
2132341	[5324]	:	time Target is 2132341
2132732	[391]	:	Key	71	DOWN	at	2132732 
2137680	[4948]	:	time Target is 2137680
2138635	[955]	:	Key	71	DOWN	at	2138635 
2143025	[4390]	:	time Target is 2143025
2143835	[810]	:	Key	71	DOWN	at	2143835 
2148358	[4523]	:	time Target is 2148358
2148670	[312]	:	Key	71	DOWN	at	2148669 
2153708	[5038]	:	time Target is 2153708
2153852	[144]	:	Key	71	DOWN	at	2153852 
2159046	[5194]	:	time Target is 2159046
2159578	[532]	:	Key	71	DOWN	at	2159578 
2164386	[4808]	:	time Target is 2164386
2164846	[460]	:	Key	71	DOWN	at	2164845 
2169739	[4893]	:	time Target is 2169739
2170062	[323]	:	Key	71	DOWN	at	2170062 
2175081	[5019]	:	time Target is 2175081
2176221	[1140]	:	Key	71	DOWN	at	2176221 
2180416	[4195]	:	time Target is 2180416
2185735	[5319]	:	time Target is 2185735
2186684	[949]	:	Key	71	DOWN	at	2186684 
2191071	[4387]	:	time Target is 2191071
2191498	[427]	:	Key	71	DOWN	at	2191498 
2196411	[4913]	:	time Target is 2196411
2196846	[435]	:	Key	71	DOWN	at	2196845 
2201777	[4931]	:	time Target is 2201777
2201869	[92]	:	Key	71	DOWN	at	2201869 
2207113	[5244]	:	time Target is 2207113
2207838	[725]	:	Key	71	DOWN	at	2207838 
2212479	[4641]	:	time Target is 2212479
2212893	[414]	:	Key	71	DOWN	at	2212893 
2217551	[4658]	:	Key	71	DOWN	at	2217470 
2220367	[2816]	:	time Target is 2220367
2220795	[428]	:	Key	71	DOWN	at	2220794 
2225705	[4910]	:	time Target is 2225705
2226190	[485]	:	Key	71	DOWN	at	2226190 
2231044	[4854]	:	time Target is 2231044
2232010	[966]	:	Key	71	DOWN	at	2232009 
2236117	[4107]	:	Key	71	DOWN	at	2235997 
2238934	[2817]	:	time Target is 2238934
2244253	[5319]	:	time Target is 2244253
2245151	[898]	:	Key	71	DOWN	at	2245151 
2249590	[4439]	:	time Target is 2249590
2250171	[581]	:	Key	71	DOWN	at	2250170 
2254930	[4759]	:	time Target is 2254930
2260260	[5330]	:	time Target is 2260260
2265578	[5318]	:	time Target is 2265578
2266234	[656]	:	Key	71	DOWN	at	2266234 
2270912	[4678]	:	time Target is 2270912
2271706	[794]	:	Key	71	DOWN	at	2271705 
2276252	[4546]	:	time Target is 2276252
2276702	[450]	:	Key	71	DOWN	at	2276701 
2281590	[4888]	:	time Target is 2281590
2282332	[742]	:	Key	71	DOWN	at	2282332 
2286929	[4597]	:	time Target is 2286929
2287371	[442]	:	Key	71	DOWN	at	2287371 
2291238	[3867]	:	Key	71	UP	at	2287467 
2299727	[8489]	:	Key	71	DOWN	at	2299727 
2299899	[172]	:	Key	71	UP	at	2299898 
2313342	[13443]	:	Key	29	DOWN	at	2313342 
2313514	[172]	:	Key	29	UP	at	2313514 
2318622	[5108]	:	Key	29	DOWN	at	2318621 
2318777	[155]	:	Key	29	UP	at	2318777 
2322044	[3267]	:	Key	28	DOWN	at	2322043 
2322221	[177]	:	Key	28	UP	at	2322221 
2323226	[1005]	:	Key	28	DOWN	at	2323226 
2323401	[175]	:	Key	28	UP	at	2323401 
2325084	[1683]	:	Key	28	DOWN	at	2325083 
2325293	[209]	:	Key	28	UP	at	2325293 
2325886	[593]	:	Key	28	DOWN	at	2325885 
2326075	[189]	:	Key	28	UP	at	2326075 
2327228	[1153]	:	Key	29	DOWN	at	2327228 
2327374	[146]	:	Key	29	UP	at	2327374 
2327743	[369]	:	Key	29	DOWN	at	2327742 
2327867	[124]	:	Key	29	UP	at	2327866 
2337406	[9539]	:	Key	29	DOWN	at	2337405 
2337567	[161]	:	Key	29	UP	at	2337567 
2338238	[671]	:	Key	29	DOWN	at	2338238 
2338313	[75]	:	Key	29	UP	at	2338313 
2339630	[1317]	:	Key	28	DOWN	at	2339630 
2339823	[193]	:	Key	28	UP	at	2339822 
2340185	[362]	:	Key	28	DOWN	at	2340185 
2340302	[117]	:	Key	28	UP	at	2340301 
2342154	[1852]	:	Key	29	DOWN	at	2342154 
2342329	[175]	:	Key	29	UP	at	2342329 
2342655	[326]	:	Key	29	DOWN	at	2342654 
2342765	[110]	:	Key	29	UP	at	2342764 
2344525	[1760]	:	Key	28	DOWN	at	2344524 
2344716	[191]	:	Key	28	UP	at	2344716 
2345822	[1106]	:	Key	28	DOWN	at	2345821 
2345911	[89]	:	COGENT STOP
