Cog2000 log file Thu Sep 05 18:29:20 2019
gprim v1.33 Compiled:Aug 12 2015 (GLib DirectDraw v7 DX10.0 Compiled:Aug 12 2015)
Display:1024x768x32 59.99Hz
Attaching C:\Users\hartleylab\Downloads\Cogent2000v1.33\Toolbox\CogInput.mexw64
CogInput v1.05 Compiled: May 20 2010
7	[7]	:	COGENT START
11582	[11575]	:	Key	71	DOWN	at	11580   
11676	[94]	:	Key	71	UP	at	11675   
34110	[22434]	:	Key	71	DOWN	at	34110   
34235	[125]	:	Key	71	UP	at	34235   
37965	[3730]	:	Key	71	DOWN	at	37965   
38140	[175]	:	Key	71	UP	at	38140   
50255	[12115]	:	Key	71	DOWN	at	50255   
50365	[110]	:	Key	71	UP	at	50365   
66430	[16065]	:	Key	71	DOWN	at	66430   
66555	[125]	:	Key	71	UP	at	66555   
90780	[24225]	:	Key	71	DOWN	at	90780   
91977	[1197]	:	time Target is 91900
92555	[578]	:	Key	71	DOWN	at	92555   
98041	[5486]	:	time Target is 98041
104133	[6092]	:	time Target is 104133
104605	[472]	:	Key	71	DOWN	at	104605  
110220	[5615]	:	time Target is 110220
110910	[690]	:	Key	71	DOWN	at	110910  
116297	[5387]	:	time Target is 116297
116830	[533]	:	Key	71	DOWN	at	116830  
125260	[8430]	:	Key	71	DOWN	at	125260  
126332	[1072]	:	time Target is 126332
132650	[6318]	:	time Target is 132650
138962	[6312]	:	time Target is 138962
145275	[6313]	:	time Target is 145275
167215	[21940]	:	Key	71	DOWN	at	167215  
167340	[125]	:	Key	71	UP	at	167340  
171245	[3905]	:	Key	71	DOWN	at	171245  
171470	[225]	:	Key	71	UP	at	171470  
175180	[3710]	:	Key	71	DOWN	at	175180  
175355	[175]	:	Key	71	UP	at	175355  
183085	[7730]	:	Key	71	DOWN	at	183085  
183275	[190]	:	Key	71	UP	at	183275  
187150	[3875]	:	Key	71	DOWN	at	187150  
188089	[939]	:	Key	71	UP	at	187340  
188106	[17]	:	time Target is 188106
189055	[949]	:	Key	71	DOWN	at	189055  
193196	[4141]	:	time Target is 193196
198262	[5066]	:	time Target is 198262
199100	[838]	:	Key	71	DOWN	at	199100  
203341	[4241]	:	time Target is 203341
204830	[1489]	:	Key	71	DOWN	at	204830  
207639	[2809]	:	Key	71	UP	at	205005  
230700	[23061]	:	Key	71	DOWN	at	230700  
230895	[195]	:	Key	71	UP	at	230895  
235325	[4430]	:	Key	71	DOWN	at	235325  
236113	[788]	:	Key	71	UP	at	235500  
236127	[14]	:	time Target is 236127
241187	[5060]	:	time Target is 241187
241790	[603]	:	Key	71	DOWN	at	241790  
246242	[4452]	:	Key	71	DOWN	at	246205  
248803	[2561]	:	time Target is 248803
249915	[1112]	:	Key	71	DOWN	at	249915  
253091	[3176]	:	Key	71	UP	at	250045  
262860	[9769]	:	Key	71	DOWN	at	262860  
263055	[195]	:	Key	71	UP	at	263055  
266990	[3935]	:	Key	71	DOWN	at	266990  
267777	[787]	:	Key	71	UP	at	267150  
267791	[14]	:	time Target is 267791
268795	[1004]	:	Key	71	DOWN	at	268795  
272846	[4051]	:	Key	71	DOWN	at	272715  
275403	[2557]	:	time Target is 275403
276220	[817]	:	Key	71	DOWN	at	276220  
280470	[4250]	:	time Target is 280470
292140	[11670]	:	Key	71	DOWN	at	292140  
292285	[145]	:	Key	71	UP	at	292285  
295805	[3520]	:	Key	71	DOWN	at	295805  
296592	[787]	:	Key	71	UP	at	295950  
296606	[14]	:	time Target is 296606
297180	[574]	:	Key	71	DOWN	at	297180  
301678	[4498]	:	time Target is 301678
306738	[5060]	:	time Target is 306738
311794	[5056]	:	time Target is 311794
312670	[876]	:	Key	71	DOWN	at	312670  
316157	[3487]	:	Key	71	UP	at	312830  
323340	[7183]	:	Key	71	DOWN	at	323340  
323485	[145]	:	Key	71	UP	at	323485  
338350	[14865]	:	Key	71	DOWN	at	338350  
338475	[125]	:	Key	71	UP	at	338475  
352430	[13955]	:	Key	71	DOWN	at	352430  
352605	[175]	:	Key	71	UP	at	352605  
365390	[12785]	:	Key	71	DOWN	at	365390  
365616	[226]	:	Key	71	UP	at	365615  
370895	[5279]	:	Key	71	DOWN	at	370895  
373519	[2624]	:	time Target is 373519
374540	[1021]	:	Key	71	DOWN	at	374540  
378962	[4422]	:	time Target is 378962
380380	[1418]	:	Key	71	DOWN	at	380380  
384332	[3952]	:	time Target is 384332
384910	[578]	:	Key	71	DOWN	at	384910  
389658	[4748]	:	time Target is 389658
394973	[5315]	:	Key	71	DOWN	at	394765  
394974	[1]	:	Key	71	UP	at	394925  
397845	[2871]	:	time Target is 397845
398765	[920]	:	Key	71	DOWN	at	398765  
403193	[4428]	:	time Target is 403193
408505	[5312]	:	time Target is 408505
413817	[5312]	:	time Target is 413817
414670	[853]	:	Key	71	DOWN	at	414670  
419221	[4551]	:	time Target is 419221
419935	[714]	:	Key	71	DOWN	at	419935  
424543	[4608]	:	time Target is 424543
429852	[5309]	:	Key	71	DOWN	at	429695  
432662	[2810]	:	time Target is 432662
437972	[5310]	:	Key	71	DOWN	at	437965  
440783	[2811]	:	time Target is 440783
441405	[622]	:	Key	71	DOWN	at	441405  
446106	[4701]	:	time Target is 446106
451422	[5316]	:	time Target is 451422
452125	[703]	:	Key	71	DOWN	at	452125  
456743	[4618]	:	time Target is 456743
457630	[887]	:	Key	71	DOWN	at	457630  
462079	[4449]	:	time Target is 462079
467398	[5319]	:	time Target is 467398
468255	[857]	:	Key	71	DOWN	at	468255  
472722	[4467]	:	time Target is 472722
478040	[5318]	:	time Target is 478040
483352	[5312]	:	time Target is 483352
484315	[963]	:	Key	71	DOWN	at	484315  
488678	[4363]	:	time Target is 488678
489500	[822]	:	Key	71	DOWN	at	489500  
494000	[4500]	:	time Target is 494000
499321	[5321]	:	time Target is 499321
500620	[1299]	:	Key	71	DOWN	at	500620  
504645	[4025]	:	time Target is 504645
505215	[570]	:	Key	71	DOWN	at	505215  
509967	[4752]	:	time Target is 509967
515279	[5312]	:	time Target is 515279
515980	[701]	:	Key	71	DOWN	at	515980  
520601	[4621]	:	time Target is 520601
521230	[629]	:	Key	71	DOWN	at	521230  
525926	[4696]	:	time Target is 525926
531241	[5315]	:	time Target is 531241
536557	[5316]	:	time Target is 536557
537275	[718]	:	Key	71	DOWN	at	537275  
541901	[4626]	:	time Target is 541901
547216	[5315]	:	time Target is 547216
547900	[684]	:	Key	71	DOWN	at	547900  
552540	[4640]	:	time Target is 552540
553275	[735]	:	Key	71	DOWN	at	553275  
557864	[4589]	:	time Target is 557864
559115	[1251]	:	Key	71	DOWN	at	559115  
563188	[4073]	:	time Target is 563188
568490	[5302]	:	Key	71	DOWN	at	568270  
568490	[0]	:	Key	71	UP	at	568430  
571300	[2810]	:	time Target is 571300
572045	[745]	:	Key	71	DOWN	at	572045  
576622	[4577]	:	time Target is 576622
577325	[703]	:	Key	71	DOWN	at	577325  
581949	[4624]	:	time Target is 581949
587263	[5314]	:	time Target is 587263
592582	[5319]	:	time Target is 592582
597899	[5317]	:	time Target is 597899
603217	[5318]	:	time Target is 603217
603790	[573]	:	Key	71	DOWN	at	603790  
608540	[4750]	:	time Target is 608540
613856	[5316]	:	time Target is 613856
614495	[639]	:	Key	71	DOWN	at	614495  
619178	[4683]	:	time Target is 619178
619725	[547]	:	Key	71	DOWN	at	619725  
624502	[4777]	:	time Target is 624502
629805	[5303]	:	Key	71	DOWN	at	629580  
629805	[0]	:	Key	71	UP	at	629740  
632617	[2812]	:	time Target is 632617
633260	[643]	:	Key	71	DOWN	at	633260  
637939	[4679]	:	time Target is 637939
643252	[5313]	:	time Target is 643252
643900	[648]	:	Key	71	DOWN	at	643900  
648579	[4679]	:	time Target is 648579
648955	[376]	:	Key	71	DOWN	at	648955  
653899	[4944]	:	time Target is 653899
654335	[436]	:	Key	71	DOWN	at	654335  
659226	[4891]	:	time Target is 659226
664542	[5316]	:	time Target is 664542
669857	[5315]	:	time Target is 669857
670270	[413]	:	Key	71	DOWN	at	670270  
675180	[4910]	:	time Target is 675180
676285	[1105]	:	Key	71	DOWN	at	676285  
680505	[4220]	:	time Target is 680505
685818	[5313]	:	time Target is 685818
691134	[5316]	:	time Target is 691134
692235	[1101]	:	Key	71	DOWN	at	692235  
696459	[4224]	:	time Target is 696459
697085	[626]	:	Key	71	DOWN	at	697085  
701786	[4701]	:	time Target is 701786
707100	[5314]	:	time Target is 707100
707515	[415]	:	Key	71	DOWN	at	707515  
712425	[4910]	:	time Target is 712425
717740	[5315]	:	time Target is 717740
723058	[5318]	:	time Target is 723058
724475	[1417]	:	Key	71	DOWN	at	724475  
728390	[3915]	:	time Target is 728390
729260	[870]	:	Key	71	DOWN	at	729260  
733713	[4453]	:	time Target is 733713
734445	[732]	:	Key	71	DOWN	at	734445  
739037	[4592]	:	time Target is 739037
740270	[1233]	:	Key	71	DOWN	at	740270  
744363	[4093]	:	time Target is 744363
745295	[932]	:	Key	71	DOWN	at	745295  
749692	[4397]	:	time Target is 749692
750735	[1043]	:	Key	71	DOWN	at	750735  
755019	[4284]	:	time Target is 755019
760331	[5312]	:	time Target is 760331
765636	[5305]	:	Key	71	DOWN	at	765615  
768448	[2812]	:	time Target is 768448
773763	[5315]	:	time Target is 773763
774365	[602]	:	Key	71	DOWN	at	774365  
779086	[4721]	:	time Target is 779086
779550	[464]	:	Key	71	DOWN	at	779550  
784401	[4851]	:	Key	71	DOWN	at	784220  
784401	[0]	:	Key	71	UP	at	784300  
787213	[2812]	:	time Target is 787213
792526	[5313]	:	time Target is 792526
797841	[5315]	:	time Target is 797841
798815	[974]	:	Key	71	DOWN	at	798815  
803166	[4351]	:	time Target is 803166
803775	[609]	:	Key	71	DOWN	at	803775  
808489	[4714]	:	time Target is 808489
809035	[546]	:	Key	71	DOWN	at	809035  
813813	[4778]	:	time Target is 813813
814510	[697]	:	Key	71	DOWN	at	814510  
819138	[4628]	:	time Target is 819138
824450	[5312]	:	time Target is 824450
824910	[460]	:	Key	71	DOWN	at	824910  
829775	[4865]	:	time Target is 829775
830285	[510]	:	Key	71	DOWN	at	830285  
834058	[3773]	:	Key	71	UP	at	830460  
836510	[2452]	:	Key	71	DOWN	at	836510  
837295	[785]	:	Key	71	UP	at	836605  
837558	[263]	:	time Target is 837558
842872	[5314]	:	time Target is 842872
843535	[663]	:	Key	71	DOWN	at	843535  
848196	[4661]	:	time Target is 848196
849100	[904]	:	Key	71	DOWN	at	849100  
853523	[4423]	:	time Target is 853523
858840	[5317]	:	time Target is 858840
864156	[5316]	:	time Target is 864156
869471	[5315]	:	time Target is 869471
870255	[784]	:	Key	71	DOWN	at	870255  
874857	[4602]	:	time Target is 874857
880171	[5314]	:	time Target is 880171
880590	[419]	:	Key	71	DOWN	at	880590  
885493	[4903]	:	time Target is 885493
886315	[822]	:	Key	71	DOWN	at	886315  
890818	[4503]	:	time Target is 890818
891195	[377]	:	Key	71	DOWN	at	891195  
896148	[4953]	:	time Target is 896148
901462	[5314]	:	time Target is 901462
906775	[5313]	:	time Target is 906775
912092	[5317]	:	time Target is 912092
917406	[5314]	:	time Target is 917406
922723	[5317]	:	time Target is 922723
928037	[5314]	:	time Target is 928037
933349	[5312]	:	time Target is 933349
933915	[566]	:	Key	71	DOWN	at	933915  
938672	[4757]	:	time Target is 938672
943985	[5313]	:	time Target is 943985
944525	[540]	:	Key	71	DOWN	at	944525  
949307	[4782]	:	time Target is 949307
949965	[658]	:	Key	71	DOWN	at	949965  
954661	[4696]	:	time Target is 954661
959975	[5314]	:	time Target is 959975
965311	[5336]	:	time Target is 965311
966030	[719]	:	Key	71	DOWN	at	966030  
970640	[4610]	:	time Target is 970640
975955	[5315]	:	time Target is 975955
976445	[490]	:	Key	71	DOWN	at	976445  
981281	[4836]	:	time Target is 981281
986594	[5313]	:	time Target is 986594
987150	[556]	:	Key	71	DOWN	at	987150  
991917	[4767]	:	time Target is 991917
993005	[1088]	:	Key	71	DOWN	at	993005  
997249	[4244]	:	time Target is 997249
997790	[541]	:	Key	71	DOWN	at	997790  
1002573	[4783]	:	time Target is 1002573
1007887	[5314]	:	time Target is 1007887
1013203	[5316]	:	time Target is 1013203
1018517	[5314]	:	time Target is 1018517
1019020	[503]	:	Key	71	DOWN	at	1019020 
1023845	[4825]	:	time Target is 1023845
1029156	[5311]	:	time Target is 1029156
1029710	[554]	:	Key	71	DOWN	at	1029710 
1034479	[4769]	:	time Target is 1034479
1034910	[431]	:	Key	71	DOWN	at	1034910 
1039808	[4898]	:	time Target is 1039808
1040510	[702]	:	Key	71	DOWN	at	1040510 
1045134	[4624]	:	time Target is 1045134
1050450	[5316]	:	time Target is 1050450
1055764	[5314]	:	time Target is 1055764
1061083	[5319]	:	time Target is 1061083
1062095	[1012]	:	Key	71	DOWN	at	1062095 
1066404	[4309]	:	time Target is 1066404
1071724	[5320]	:	time Target is 1071724
1072430	[706]	:	Key	71	DOWN	at	1072430 
1077047	[4617]	:	time Target is 1077047
1077550	[503]	:	Key	71	DOWN	at	1077550 
1082370	[4820]	:	time Target is 1082370
1087688	[5318]	:	time Target is 1087688
1093001	[5313]	:	time Target is 1093001
1093565	[564]	:	Key	71	DOWN	at	1093565 
1098324	[4759]	:	time Target is 1098324
1103375	[5051]	:	Key	71	DOWN	at	1103260 
1103375	[0]	:	Key	71	UP	at	1103375 
1106189	[2814]	:	time Target is 1106189
1111504	[5315]	:	time Target is 1111504
1116822	[5318]	:	time Target is 1116822
1117295	[473]	:	Key	71	DOWN	at	1117295 
1122154	[4859]	:	time Target is 1122154
1122685	[531]	:	Key	71	DOWN	at	1122685 
1127478	[4793]	:	time Target is 1127478
1128155	[677]	:	Key	71	DOWN	at	1128155 
1132803	[4648]	:	time Target is 1132803
1138116	[5313]	:	time Target is 1138116
1138780	[664]	:	Key	71	DOWN	at	1138780 
1143442	[4662]	:	time Target is 1143442
1148760	[5318]	:	time Target is 1148760
1154072	[5312]	:	time Target is 1154072
1154540	[468]	:	Key	71	DOWN	at	1154540 
1159399	[4859]	:	time Target is 1159399
1164713	[5314]	:	time Target is 1164713
1165195	[482]	:	Key	71	DOWN	at	1165195 
1170036	[4841]	:	time Target is 1170036
1170590	[554]	:	Key	71	DOWN	at	1170590 
1175363	[4773]	:	time Target is 1175363
1180676	[5313]	:	time Target is 1180676
1185988	[5312]	:	time Target is 1185988
1186620	[632]	:	Key	71	DOWN	at	1186620 
1191309	[4689]	:	time Target is 1191309
1196622	[5313]	:	time Target is 1196622
1201939	[5317]	:	time Target is 1201939
1207250	[5311]	:	time Target is 1207250
1208015	[765]	:	Key	71	DOWN	at	1208015 
1212573	[4558]	:	time Target is 1212573
1213115	[542]	:	Key	71	DOWN	at	1213115 
1217901	[4786]	:	time Target is 1217901
1223220	[5319]	:	time Target is 1223220
1223710	[490]	:	Key	71	DOWN	at	1223710 
1228550	[4840]	:	time Target is 1228550
1228990	[440]	:	Key	71	DOWN	at	1228990 
1233875	[4885]	:	time Target is 1233875
1233950	[75]	:	Key	71	DOWN	at	1233950 
1239198	[5248]	:	time Target is 1239198
1239870	[672]	:	Key	71	DOWN	at	1239870 
1244526	[4656]	:	time Target is 1244526
1245035	[509]	:	Key	71	DOWN	at	1245035 
1249850	[4815]	:	time Target is 1249850
1255165	[5315]	:	time Target is 1255165
1255630	[465]	:	Key	71	DOWN	at	1255630 
1260490	[4860]	:	time Target is 1260490
1261165	[675]	:	Key	71	DOWN	at	1261165 
1265811	[4646]	:	time Target is 1265811
1271127	[5316]	:	time Target is 1271127
1271660	[533]	:	Key	71	DOWN	at	1271660 
1276452	[4792]	:	time Target is 1276452
1276925	[473]	:	Key	71	DOWN	at	1276925 
1281775	[4850]	:	time Target is 1281775
1282590	[815]	:	Key	71	DOWN	at	1282590 
1287099	[4509]	:	time Target is 1287099
1287630	[531]	:	Key	71	DOWN	at	1287630 
1292425	[4795]	:	time Target is 1292425
1293085	[660]	:	Key	71	DOWN	at	1293085 
1297746	[4661]	:	time Target is 1297746
1303059	[5313]	:	time Target is 1303059
1308374	[5315]	:	time Target is 1308374
1436445	[128071]	:	Key	71	DOWN	at	1436445 
1436655	[210]	:	Key	71	UP	at	1436655 
1459835	[23180]	:	Key	71	DOWN	at	1459835 
1460690	[855]	:	Key	71	UP	at	1460060 
1460954	[264]	:	time Target is 1460954
1461595	[641]	:	Key	71	DOWN	at	1461595 
1466352	[4757]	:	time Target is 1466352
1471663	[5311]	:	time Target is 1471663
1476977	[5314]	:	time Target is 1476977
1482291	[5314]	:	time Target is 1482291
1482990	[699]	:	Key	71	DOWN	at	1482990 
1487642	[4652]	:	time Target is 1487642
1488670	[1028]	:	Key	71	DOWN	at	1488670 
1492964	[4294]	:	time Target is 1492964
1494015	[1051]	:	Key	71	DOWN	at	1494015 
1498315	[4300]	:	time Target is 1498315
1498940	[625]	:	Key	71	DOWN	at	1498940 
1503637	[4697]	:	time Target is 1503637
1504555	[918]	:	Key	71	DOWN	at	1504555 
1508978	[4423]	:	time Target is 1508978
1509515	[537]	:	Key	71	DOWN	at	1509515 
1514300	[4785]	:	time Target is 1514300
1519612	[5312]	:	time Target is 1519612
1524931	[5319]	:	time Target is 1524931
1530306	[5375]	:	time Target is 1530306
1535623	[5317]	:	time Target is 1535623
1540936	[5313]	:	time Target is 1540936
1541645	[709]	:	Key	71	DOWN	at	1541645 
1546259	[4614]	:	time Target is 1546259
1551573	[5314]	:	time Target is 1551573
1552685	[1112]	:	Key	71	DOWN	at	1552685 
1556898	[4213]	:	time Target is 1556898
1558365	[1467]	:	Key	71	DOWN	at	1558365 
1562229	[3864]	:	time Target is 1562229
1562750	[521]	:	Key	71	DOWN	at	1562750 
1567560	[4810]	:	time Target is 1567560
1568205	[645]	:	Key	71	DOWN	at	1568205 
1572893	[4688]	:	time Target is 1572893
1578213	[5320]	:	time Target is 1578213
1579020	[807]	:	Key	71	DOWN	at	1579020 
1583538	[4518]	:	time Target is 1583538
1588857	[5319]	:	time Target is 1588857
1589470	[613]	:	Key	71	DOWN	at	1589470 
1594180	[4710]	:	time Target is 1594180
1599496	[5316]	:	time Target is 1599496
1604810	[5314]	:	time Target is 1604810
1605565	[755]	:	Key	71	DOWN	at	1605565 
1610153	[4588]	:	time Target is 1610153
1615469	[5316]	:	time Target is 1615469
1620785	[5316]	:	time Target is 1620785
1626108	[5323]	:	time Target is 1626108
1631435	[5327]	:	time Target is 1631435
1632175	[740]	:	Key	71	DOWN	at	1632175 
1636762	[4587]	:	time Target is 1636762
1642077	[5315]	:	time Target is 1642077
1643100	[1023]	:	Key	71	DOWN	at	1643100 
1647406	[4306]	:	time Target is 1647406
1652727	[5321]	:	time Target is 1652727
1658049	[5322]	:	time Target is 1658049
1663371	[5322]	:	time Target is 1663371
1663870	[499]	:	Key	71	DOWN	at	1663870 
1668699	[4829]	:	time Target is 1668699
1674034	[5335]	:	time Target is 1674034
1674445	[411]	:	Key	71	DOWN	at	1674445 
1679366	[4921]	:	time Target is 1679366
1684688	[5322]	:	time Target is 1684688
1685215	[527]	:	Key	71	DOWN	at	1685215 
1690016	[4801]	:	time Target is 1690016
1690815	[799]	:	Key	71	DOWN	at	1690815 
1695344	[4529]	:	time Target is 1695344
1700660	[5316]	:	time Target is 1700660
1701055	[395]	:	Key	71	DOWN	at	1701055 
1705988	[4933]	:	time Target is 1705988
1711353	[5365]	:	time Target is 1711353
1711855	[502]	:	Key	71	DOWN	at	1711855 
1716677	[4822]	:	time Target is 1716677
1717755	[1078]	:	Key	71	DOWN	at	1717755 
1722006	[4251]	:	time Target is 1722006
1722380	[374]	:	Key	71	DOWN	at	1722380 
1727335	[4955]	:	time Target is 1727335
1727695	[360]	:	Key	71	DOWN	at	1727695 
1732666	[4971]	:	time Target is 1732666
1737982	[5316]	:	time Target is 1737982
1738445	[463]	:	Key	71	DOWN	at	1738445 
1743309	[4864]	:	time Target is 1743309
1748629	[5320]	:	time Target is 1748629
1749355	[726]	:	Key	71	DOWN	at	1749355 
1753955	[4600]	:	time Target is 1753955
1754620	[665]	:	Key	71	DOWN	at	1754620 
1759281	[4661]	:	time Target is 1759281
1764597	[5316]	:	time Target is 1764597
1765485	[888]	:	Key	71	DOWN	at	1765485 
1769922	[4437]	:	time Target is 1769922
1775246	[5324]	:	time Target is 1775246
1775820	[574]	:	Key	71	DOWN	at	1775820 
1780574	[4754]	:	time Target is 1780574
1785889	[5315]	:	time Target is 1785889
1786605	[716]	:	Key	71	DOWN	at	1786605 
1791215	[4610]	:	time Target is 1791215
1791805	[590]	:	Key	71	DOWN	at	1791805 
1796540	[4735]	:	time Target is 1796540
1801859	[5319]	:	time Target is 1801859
1807179	[5320]	:	time Target is 1807179
1807775	[596]	:	Key	71	DOWN	at	1807775 
1812504	[4729]	:	time Target is 1812504
1813165	[661]	:	Key	71	DOWN	at	1813165 
1817829	[4664]	:	time Target is 1817829
1818815	[986]	:	Key	71	DOWN	at	1818815 
1823160	[4345]	:	time Target is 1823160
1823660	[500]	:	Key	71	DOWN	at	1823660 
1828489	[4829]	:	time Target is 1828489
1833809	[5320]	:	time Target is 1833809
1834300	[491]	:	Key	71	DOWN	at	1834300 
1839135	[4835]	:	time Target is 1839135
1839820	[685]	:	Key	71	DOWN	at	1839820 
1844462	[4642]	:	time Target is 1844462
1849782	[5320]	:	time Target is 1849782
1850205	[423]	:	Key	71	DOWN	at	1850205 
1855105	[4900]	:	time Target is 1855105
1855565	[460]	:	Key	71	DOWN	at	1855565 
1860430	[4865]	:	time Target is 1860430
1861020	[590]	:	Key	71	DOWN	at	1861020 
1865759	[4739]	:	time Target is 1865759
1866735	[976]	:	Key	71	DOWN	at	1866735 
1871083	[4348]	:	time Target is 1871083
1871470	[387]	:	Key	71	DOWN	at	1871470 
1876406	[4936]	:	time Target is 1876406
1877085	[679]	:	Key	71	DOWN	at	1877085 
1881754	[4669]	:	time Target is 1881754
1882510	[756]	:	Key	71	DOWN	at	1882510 
1887081	[4571]	:	time Target is 1887081
1887515	[434]	:	Key	71	DOWN	at	1887515 
1892410	[4895]	:	time Target is 1892410
1892860	[450]	:	Key	71	DOWN	at	1892860 
1897766	[4906]	:	time Target is 1897766
1903085	[5319]	:	time Target is 1903085
1903695	[610]	:	Key	71	DOWN	at	1903695 
1908410	[4715]	:	time Target is 1908410
1908925	[515]	:	Key	71	DOWN	at	1908925 
1913735	[4810]	:	time Target is 1913735
1914895	[1160]	:	Key	71	DOWN	at	1914895 
1919061	[4166]	:	time Target is 1919061
1919500	[439]	:	Key	71	DOWN	at	1919500 
1924391	[4891]	:	time Target is 1924391
1924890	[499]	:	Key	71	DOWN	at	1924890 
1929722	[4832]	:	time Target is 1929722
1935036	[5314]	:	time Target is 1935036
1935500	[464]	:	Key	71	DOWN	at	1935500 
1939321	[3821]	:	Key	71	UP	at	1935675 
1956075	[16754]	:	Key	71	DOWN	at	1956075 
1957115	[1040]	:	Key	71	UP	at	1956875 
1957125	[10]	:	time Target is 1957125
1958380	[1255]	:	Key	71	DOWN	at	1958380 
1962454	[4074]	:	time Target is 1962454
1962860	[406]	:	Key	71	DOWN	at	1962860 
1967787	[4927]	:	time Target is 1967787
1968235	[448]	:	Key	71	DOWN	at	1968235 
1973113	[4878]	:	time Target is 1973113
1973420	[307]	:	Key	71	DOWN	at	1973420 
1978441	[5021]	:	time Target is 1978441
1983761	[5320]	:	time Target is 1983761
1989077	[5316]	:	time Target is 1989077
1990030	[953]	:	Key	71	DOWN	at	1990030 
1994413	[4383]	:	time Target is 1994413
1994860	[447]	:	Key	71	DOWN	at	1994860 
1999739	[4879]	:	time Target is 1999739
2000380	[641]	:	Key	71	DOWN	at	2000380 
2005064	[4684]	:	time Target is 2005064
2005515	[451]	:	Key	71	DOWN	at	2005515 
2010392	[4877]	:	time Target is 2010392
2015726	[5334]	:	time Target is 2015726
2016430	[704]	:	Key	71	DOWN	at	2016430 
2021059	[4629]	:	time Target is 2021059
2021565	[506]	:	Key	71	DOWN	at	2021565 
2026386	[4821]	:	time Target is 2026386
2031706	[5320]	:	time Target is 2031706
2032175	[469]	:	Key	71	DOWN	at	2032175 
2037031	[4856]	:	time Target is 2037031
2037535	[504]	:	Key	71	DOWN	at	2037535 
2042358	[4823]	:	time Target is 2042358
2043035	[677]	:	Key	71	DOWN	at	2043035 
2047684	[4649]	:	time Target is 2047684
2053004	[5320]	:	time Target is 2053004
2053114	[110]	:	Key	71	DOWN	at	2053114 
2058331	[5217]	:	time Target is 2058331
2058875	[544]	:	Key	71	DOWN	at	2058875 
2063687	[4812]	:	time Target is 2063687
2064190	[503]	:	Key	71	DOWN	at	2064190 
2069012	[4822]	:	time Target is 2069012
2069695	[683]	:	Key	71	DOWN	at	2069695 
2074337	[4642]	:	time Target is 2074337
2079650	[5313]	:	time Target is 2079650
2084967	[5317]	:	time Target is 2084967
2085455	[488]	:	Key	71	DOWN	at	2085455 
2090290	[4835]	:	time Target is 2090290
2095610	[5320]	:	time Target is 2095610
2096699	[1089]	:	Key	71	DOWN	at	2096699 
2100941	[4242]	:	time Target is 2100941
2101595	[654]	:	Key	71	DOWN	at	2101595 
2106267	[4672]	:	time Target is 2106267
2111583	[5316]	:	time Target is 2111583
2112125	[542]	:	Key	71	DOWN	at	2112125 
2116908	[4783]	:	time Target is 2116908
2122229	[5321]	:	time Target is 2122229
2122830	[601]	:	Key	71	DOWN	at	2122830 
2127555	[4725]	:	time Target is 2127555
2132875	[5320]	:	time Target is 2132875
2133355	[480]	:	Key	71	DOWN	at	2133355 
2138204	[4849]	:	time Target is 2138204
2138955	[751]	:	Key	71	DOWN	at	2138955 
2143531	[4576]	:	time Target is 2143531
2144045	[514]	:	Key	71	DOWN	at	2144045 
2148873	[4828]	:	time Target is 2148873
2149595	[722]	:	Key	71	DOWN	at	2149595 
2154198	[4603]	:	time Target is 2154198
2159518	[5320]	:	time Target is 2159518
2160060	[542]	:	Key	71	DOWN	at	2160060 
2164835	[4775]	:	Key	71	DOWN	at	2164715 
2164835	[0]	:	Key	71	UP	at	2164830 
2167650	[2815]	:	time Target is 2167650
2168125	[475]	:	Key	71	DOWN	at	2168125 
2172975	[4850]	:	time Target is 2172975
2173695	[720]	:	Key	71	DOWN	at	2173695 
2178305	[4610]	:	time Target is 2178305
2183629	[5324]	:	time Target is 2183629
2188948	[5319]	:	time Target is 2188948
2194263	[5315]	:	time Target is 2194263
2195515	[1252]	:	Key	71	DOWN	at	2195515 
2199593	[4078]	:	time Target is 2199593
2200190	[597]	:	Key	71	DOWN	at	2200190 
2204921	[4731]	:	time Target is 2204921
2205375	[454]	:	Key	71	DOWN	at	2205375 
2210252	[4877]	:	time Target is 2210252
2215571	[5319]	:	time Target is 2215571
2216015	[444]	:	Key	71	DOWN	at	2216015 
2220901	[4886]	:	time Target is 2220901
2226223	[5322]	:	time Target is 2226223
2227115	[892]	:	Key	71	DOWN	at	2227115 
2231574	[4459]	:	time Target is 2231574
2236892	[5318]	:	time Target is 2236892
2237390	[498]	:	Key	71	DOWN	at	2237390 
2242222	[4832]	:	time Target is 2242222
2242795	[573]	:	Key	71	DOWN	at	2242795 
2247574	[4779]	:	time Target is 2247574
2248030	[456]	:	Key	71	DOWN	at	2248030 
2252901	[4871]	:	time Target is 2252901
2253420	[519]	:	Key	71	DOWN	at	2253420 
2258233	[4813]	:	time Target is 2258233
2258990	[757]	:	Key	71	DOWN	at	2258990 
2263298	[4308]	:	Key	71	UP	at	2262685 
2263562	[264]	:	time Target is 2263562
2268881	[5319]	:	time Target is 2268881
2269615	[734]	:	Key	71	DOWN	at	2269615 
2274213	[4598]	:	time Target is 2274213
2279530	[5317]	:	time Target is 2279530
2284850	[5320]	:	time Target is 2284850
2290168	[5318]	:	time Target is 2290168
2295484	[5316]	:	time Target is 2295484
2300805	[5321]	:	time Target is 2300805
2306122	[5317]	:	time Target is 2306122
2311447	[5325]	:	time Target is 2311447
2316770	[5323]	:	time Target is 2316770
2317375	[605]	:	Key	71	DOWN	at	2317375 
2322099	[4724]	:	time Target is 2322099
2322735	[636]	:	Key	71	DOWN	at	2322735 
2327429	[4694]	:	time Target is 2327429
2332751	[5322]	:	time Target is 2332751
2338072	[5321]	:	time Target is 2338072
2338735	[663]	:	Key	71	DOWN	at	2338735 
2343398	[4663]	:	time Target is 2343398
2343950	[552]	:	Key	71	DOWN	at	2343950 
2348726	[4776]	:	time Target is 2348726
2354048	[5322]	:	time Target is 2354048
2359370	[5322]	:	time Target is 2359370
2360205	[835]	:	Key	71	DOWN	at	2360205 
2364698	[4493]	:	time Target is 2364698
2365295	[597]	:	Key	71	DOWN	at	2365295 
2370026	[4731]	:	time Target is 2370026
2370815	[789]	:	Key	71	DOWN	at	2370815 
2375351	[4536]	:	time Target is 2375351
2375850	[499]	:	Key	71	DOWN	at	2375850 
2380684	[4834]	:	time Target is 2380684
2381150	[466]	:	Key	71	DOWN	at	2381150 
2386015	[4865]	:	time Target is 2386015
2391339	[5324]	:	time Target is 2391339
2396662	[5323]	:	time Target is 2396662
2397355	[693]	:	Key	71	DOWN	at	2397355 
2401991	[4636]	:	time Target is 2401991
2407308	[5317]	:	time Target is 2407308
2412627	[5319]	:	time Target is 2412627
2417950	[5323]	:	time Target is 2417950
2418575	[625]	:	Key	71	DOWN	at	2418575 
2423281	[4706]	:	time Target is 2423281
2423870	[589]	:	Key	71	DOWN	at	2423870 
2428610	[4740]	:	time Target is 2428610
2443005	[14395]	:	Key	71	DOWN	at	2443005 
2443197	[192]	:	Key	71	UP	at	2443197 
2454462	[11265]	:	Key	29	DOWN	at	2454462 
2454587	[125]	:	Key	29	UP	at	2454587 
2460892	[6305]	:	Key	28	DOWN	at	2460892 
2461067	[175]	:	Key	28	UP	at	2461067 
2467022	[5955]	:	Key	28	DOWN	at	2467022 
2467076	[54]	:	Key	28	UP	at	2467052 
2469517	[2441]	:	Key	28	DOWN	at	2469517 
2469627	[110]	:	Key	28	UP	at	2469627 
2474767	[5140]	:	Key	28	DOWN	at	2474767 
2474972	[205]	:	Key	28	UP	at	2474972 
2476767	[1795]	:	Key	29	DOWN	at	2476767 
2476907	[140]	:	Key	29	UP	at	2476907 
2485707	[8800]	:	Key	29	DOWN	at	2485707 
2485947	[240]	:	Key	29	UP	at	2485947 
2487262	[1315]	:	Key	28	DOWN	at	2487262 
2487452	[190]	:	Key	28	UP	at	2487452 
2493947	[6495]	:	Key	28	DOWN	at	2493947 
2494157	[210]	:	Key	28	UP	at	2494157 
2496062	[1905]	:	Key	28	DOWN	at	2496062 
2496267	[205]	:	Key	28	UP	at	2496267 
2504107	[7840]	:	Key	29	DOWN	at	2504107 
2504317	[210]	:	Key	29	UP	at	2504317 
2506142	[1825]	:	Key	29	DOWN	at	2506142 
2506302	[160]	:	Key	29	UP	at	2506302 
2507917	[1615]	:	Key	29	DOWN	at	2507917 
2508047	[130]	:	Key	29	UP	at	2508047 
2508652	[605]	:	Key	29	DOWN	at	2508652 
2508747	[95]	:	Key	29	UP	at	2508747 
2509502	[755]	:	Key	28	DOWN	at	2509502 
2509677	[175]	:	Key	28	UP	at	2509677 
2510252	[575]	:	Key	28	DOWN	at	2510252 
2510324	[72]	:	COGENT STOP
