Cog2000 log file Wed Sep 04 18:19:18 2019
gprim v1.33 Compiled:Aug 12 2015 (GLib DirectDraw v7 DX12.0 Compiled:Aug 12 2015)
Display:1024x768x32 59.99Hz
Attaching C:\Program Files\Cogent2000v1.33\Toolbox\CogInput.mexw64
CogInput v1.05 Compiled: May 20 2010
7	[7]	:	COGENT START
11032	[11025]	:	Key	71	DOWN	at	11026   
11126	[94]	:	Key	71	UP	at	11125   
39543	[28417]	:	Key	71	DOWN	at	39542   
39637	[94]	:	Key	71	UP	at	39637   
44054	[4417]	:	Key	71	DOWN	at	44051   
44149	[95]	:	Key	71	UP	at	44148   
55814	[11665]	:	Key	71	DOWN	at	55814   
55891	[77]	:	Key	71	UP	at	55891   
72021	[16130]	:	Key	71	DOWN	at	72020   
72103	[82]	:	Key	71	UP	at	72102   
92726	[20623]	:	Key	71	DOWN	at	92725   
93654	[928]	:	time Target is 93610
94025	[371]	:	Key	71	DOWN	at	94024   
99741	[5716]	:	time Target is 99739
100516	[775]	:	Key	71	DOWN	at	100516  
105840	[5324]	:	time Target is 105839
106774	[934]	:	Key	71	DOWN	at	106773  
111943	[5169]	:	time Target is 111942
112918	[975]	:	Key	71	DOWN	at	112918  
123128	[10210]	:	Key	71	DOWN	at	123128  
124196	[1068]	:	time Target is 124191
130525	[6329]	:	time Target is 130525
136859	[6334]	:	time Target is 136859
143183	[6324]	:	time Target is 143183
163191	[20008]	:	Key	71	DOWN	at	163191  
163270	[79]	:	Key	71	UP	at	163269  
167654	[4384]	:	Key	71	DOWN	at	167653  
167752	[98]	:	Key	71	UP	at	167752  
172004	[4252]	:	Key	71	DOWN	at	172002  
172103	[99]	:	Key	71	UP	at	172102  
180450	[8347]	:	Key	71	DOWN	at	180450  
180549	[99]	:	Key	71	UP	at	180548  
185750	[5201]	:	Key	71	DOWN	at	185749  
186579	[829]	:	Key	71	UP	at	185944  
186605	[26]	:	time Target is 186605
187635	[1030]	:	Key	71	DOWN	at	187635  
191719	[4084]	:	time Target is 191718
196794	[5075]	:	time Target is 196794
201883	[5089]	:	time Target is 201883
202951	[1068]	:	Key	71	DOWN	at	202951  
206197	[3246]	:	Key	71	UP	at	203109  
213526	[7329]	:	Key	71	DOWN	at	213526  
213671	[145]	:	Key	71	UP	at	213670  
219496	[5825]	:	Key	71	DOWN	at	219496  
220291	[795]	:	Key	71	UP	at	219575  
220321	[30]	:	time Target is 220320
225401	[5080]	:	time Target is 225401
226071	[670]	:	Key	71	DOWN	at	226071  
230486	[4415]	:	time Target is 230486
235561	[5075]	:	time Target is 235561
247443	[11882]	:	Key	71	DOWN	at	247443  
247525	[82]	:	Key	71	UP	at	247525  
251641	[4116]	:	Key	71	DOWN	at	251640  
252428	[787]	:	Key	71	UP	at	251811  
252451	[23]	:	time Target is 252451
253127	[676]	:	Key	71	DOWN	at	253126  
257539	[4412]	:	time Target is 257539
262615	[5076]	:	time Target is 262615
267685	[5070]	:	time Target is 267685
268550	[865]	:	Key	71	DOWN	at	268549  
271991	[3441]	:	Key	71	UP	at	268675  
281286	[9295]	:	Key	71	DOWN	at	281285  
281363	[77]	:	Key	71	UP	at	281363  
284982	[3619]	:	Key	71	DOWN	at	284981  
285773	[791]	:	Key	71	UP	at	285160  
285794	[21]	:	time Target is 285794
286596	[802]	:	Key	71	DOWN	at	286596  
290893	[4297]	:	time Target is 290893
295970	[5077]	:	time Target is 295970
296824	[854]	:	Key	71	DOWN	at	296823  
301067	[4243]	:	time Target is 301067
313031	[11964]	:	Key	71	DOWN	at	313031  
313127	[96]	:	Key	71	UP	at	313126  
329591	[16464]	:	Key	71	DOWN	at	329591  
329668	[77]	:	Key	71	UP	at	329668  
343767	[14099]	:	Key	71	DOWN	at	343766  
343859	[92]	:	Key	71	UP	at	343859  
355829	[11970]	:	Key	71	DOWN	at	355828  
355927	[98]	:	Key	71	UP	at	355926  
373349	[17422]	:	Key	71	DOWN	at	373348  
375921	[2572]	:	time Target is 375921
376518	[597]	:	Key	71	DOWN	at	376518  
381272	[4754]	:	time Target is 381272
381911	[639]	:	Key	71	DOWN	at	381910  
386615	[4704]	:	time Target is 386615
387254	[639]	:	Key	71	DOWN	at	387253  
391957	[4703]	:	time Target is 391957
397290	[5333]	:	time Target is 397290
397795	[505]	:	Key	71	DOWN	at	397795  
402646	[4851]	:	time Target is 402646
403222	[576]	:	Key	71	DOWN	at	403222  
407986	[4764]	:	time Target is 407986
408726	[740]	:	Key	71	DOWN	at	408726  
413329	[4603]	:	time Target is 413329
414598	[1269]	:	Key	71	DOWN	at	414597  
418670	[4072]	:	time Target is 418670
423993	[5323]	:	time Target is 423993
425029	[1036]	:	Key	71	DOWN	at	425028  
429339	[4310]	:	time Target is 429339
429988	[649]	:	Key	71	DOWN	at	429987  
434680	[4692]	:	time Target is 434680
435380	[700]	:	Key	71	DOWN	at	435380  
440019	[4639]	:	time Target is 440019
440629	[610]	:	Key	71	DOWN	at	440628  
445357	[4728]	:	time Target is 445357
446051	[694]	:	Key	71	DOWN	at	446051  
450694	[4643]	:	time Target is 450694
456042	[5348]	:	time Target is 456042
456759	[717]	:	Key	71	DOWN	at	456759  
461386	[4627]	:	time Target is 461386
466739	[5353]	:	time Target is 466739
472067	[5328]	:	time Target is 472067
472504	[437]	:	Key	71	DOWN	at	472504  
477404	[4900]	:	time Target is 477404
478085	[681]	:	Key	71	DOWN	at	478085  
482745	[4660]	:	time Target is 482745
483396	[651]	:	Key	71	DOWN	at	483396  
488083	[4687]	:	time Target is 488083
488822	[739]	:	Key	71	DOWN	at	488821  
493424	[4602]	:	time Target is 493424
494019	[595]	:	Key	71	DOWN	at	494019  
498759	[4740]	:	time Target is 498759
499496	[737]	:	Key	71	DOWN	at	499496  
504096	[4600]	:	time Target is 504096
509420	[5324]	:	time Target is 509420
510053	[633]	:	Key	71	DOWN	at	510052  
514759	[4706]	:	time Target is 514759
515191	[432]	:	Key	71	DOWN	at	515191  
520092	[4901]	:	time Target is 520092
525416	[5324]	:	time Target is 525416
526024	[608]	:	Key	71	DOWN	at	526024  
530768	[4744]	:	time Target is 530768
531284	[516]	:	Key	71	DOWN	at	531284  
536097	[4813]	:	time Target is 536097
536628	[531]	:	Key	71	DOWN	at	536628  
541439	[4811]	:	time Target is 541439
542105	[666]	:	Key	71	DOWN	at	542104  
546777	[4672]	:	time Target is 546777
552098	[5321]	:	time Target is 552098
552534	[436]	:	Key	71	DOWN	at	552533  
557431	[4897]	:	time Target is 557431
557992	[561]	:	Key	71	DOWN	at	557991  
562769	[4777]	:	time Target is 562769
563540	[771]	:	Key	71	DOWN	at	563539  
568105	[4565]	:	time Target is 568105
568757	[652]	:	Key	71	DOWN	at	568757  
573444	[4687]	:	time Target is 573444
573863	[419]	:	Key	71	DOWN	at	573863  
578768	[4905]	:	time Target is 578768
584090	[5322]	:	time Target is 584090
589409	[5319]	:	time Target is 589409
590150	[741]	:	Key	71	DOWN	at	590149  
594748	[4598]	:	time Target is 594748
595253	[505]	:	Key	71	DOWN	at	595253  
600082	[4829]	:	time Target is 600082
600485	[403]	:	Key	71	DOWN	at	600484  
605420	[4935]	:	time Target is 605420
606294	[874]	:	Key	71	DOWN	at	606294  
610763	[4469]	:	time Target is 610763
611480	[717]	:	Key	71	DOWN	at	611479  
616097	[4617]	:	time Target is 616097
616663	[566]	:	Key	71	DOWN	at	616662  
621430	[4767]	:	time Target is 621430
626754	[5324]	:	time Target is 626754
632074	[5320]	:	time Target is 632074
632617	[543]	:	Key	71	DOWN	at	632616  
637413	[4796]	:	time Target is 637413
637956	[543]	:	Key	71	DOWN	at	637956  
642747	[4791]	:	time Target is 642747
648069	[5322]	:	time Target is 648069
648565	[496]	:	Key	71	DOWN	at	648565  
653428	[4863]	:	time Target is 653428
653945	[517]	:	Key	71	DOWN	at	653944  
658761	[4816]	:	time Target is 658761
659429	[668]	:	Key	71	DOWN	at	659429  
664104	[4675]	:	time Target is 664104
669429	[5325]	:	time Target is 669429
669893	[464]	:	Key	71	DOWN	at	669892  
674765	[4872]	:	time Target is 674765
675492	[727]	:	Key	71	DOWN	at	675491  
680101	[4609]	:	time Target is 680101
685430	[5329]	:	time Target is 685430
685815	[385]	:	Key	71	DOWN	at	685814  
690772	[4957]	:	time Target is 690772
691208	[436]	:	Key	71	DOWN	at	691207  
696107	[4899]	:	time Target is 696107
696550	[443]	:	Key	71	DOWN	at	696549  
701443	[4893]	:	time Target is 701443
701976	[533]	:	Key	71	DOWN	at	701976  
706776	[4800]	:	time Target is 706776
707288	[512]	:	Key	71	DOWN	at	707287  
712106	[4818]	:	time Target is 712106
712566	[460]	:	Key	71	DOWN	at	712566  
717447	[4881]	:	time Target is 717447
722772	[5325]	:	time Target is 722772
723141	[369]	:	Key	71	DOWN	at	723140  
728112	[4971]	:	time Target is 728112
728788	[676]	:	Key	71	DOWN	at	728787  
733445	[4657]	:	time Target is 733445
734262	[817]	:	Key	71	DOWN	at	734262  
738782	[4520]	:	time Target is 738782
739224	[442]	:	Key	71	DOWN	at	739224  
744116	[4892]	:	time Target is 744116
744614	[498]	:	Key	71	DOWN	at	744613  
749464	[4850]	:	time Target is 749464
754790	[5326]	:	time Target is 754790
755317	[527]	:	Key	71	DOWN	at	755316  
760135	[4818]	:	time Target is 760135
765454	[5319]	:	time Target is 765454
765845	[391]	:	Key	71	DOWN	at	765844  
770797	[4952]	:	time Target is 770797
771142	[345]	:	Key	71	DOWN	at	771142  
776134	[4992]	:	time Target is 776134
781453	[5319]	:	time Target is 781453
782279	[826]	:	Key	71	DOWN	at	782278  
786791	[4512]	:	time Target is 786791
788008	[1217]	:	Key	71	DOWN	at	788007  
792135	[4127]	:	time Target is 792135
792487	[352]	:	Key	71	DOWN	at	792487  
797472	[4985]	:	time Target is 797472
802794	[5322]	:	time Target is 802794
808114	[5320]	:	time Target is 808114
808423	[309]	:	Key	71	DOWN	at	808422  
813449	[5026]	:	time Target is 813449
813798	[349]	:	Key	71	DOWN	at	813798  
818786	[4988]	:	time Target is 818786
824111	[5325]	:	time Target is 824111
824467	[356]	:	Key	71	DOWN	at	824466  
829447	[4980]	:	time Target is 829447
829781	[334]	:	Key	71	DOWN	at	829781  
834777	[4996]	:	time Target is 834777
835158	[381]	:	Key	71	DOWN	at	835158  
840118	[4960]	:	time Target is 840118
840499	[381]	:	Key	71	DOWN	at	840499  
845456	[4957]	:	time Target is 845456
845812	[356]	:	Key	71	DOWN	at	845811  
850791	[4979]	:	time Target is 850791
1085492	[234701]	:	Key	71	DOWN	at	1085490 
1086285	[793]	:	Key	71	UP	at	1085620 
1086558	[273]	:	time Target is 1086558
1086966	[408]	:	Key	71	DOWN	at	1086966 
1091902	[4936]	:	time Target is 1091902
1092500	[598]	:	Key	71	DOWN	at	1092500 
1097237	[4737]	:	time Target is 1097237
1102556	[5319]	:	time Target is 1102556
1102885	[329]	:	Key	71	DOWN	at	1102885 
1107895	[5010]	:	time Target is 1107895
1108454	[559]	:	Key	71	DOWN	at	1108454 
1113231	[4777]	:	time Target is 1113231
1118548	[5317]	:	time Target is 1118548
1119124	[576]	:	Key	71	DOWN	at	1119124 
1123881	[4757]	:	time Target is 1123881
1124933	[1052]	:	Key	71	DOWN	at	1124933 
1129217	[4284]	:	time Target is 1129217
1129571	[354]	:	Key	71	DOWN	at	1129571 
1134551	[4980]	:	time Target is 1134551
1139883	[5332]	:	time Target is 1139883
1145204	[5321]	:	time Target is 1145204
1145317	[113]	:	Key	71	DOWN	at	1145316 
1150540	[5223]	:	time Target is 1150540
1151140	[600]	:	Key	71	DOWN	at	1151140 
1155878	[4738]	:	time Target is 1155878
1156920	[1042]	:	Key	71	DOWN	at	1156919 
1161224	[4304]	:	time Target is 1161224
1166553	[5329]	:	time Target is 1166553
1171870	[5317]	:	time Target is 1171870
1177209	[5339]	:	time Target is 1177209
1182530	[5321]	:	time Target is 1182530
1183397	[867]	:	Key	71	DOWN	at	1183396 
1187860	[4463]	:	time Target is 1187860
1193190	[5330]	:	time Target is 1193190
1193748	[558]	:	Key	71	DOWN	at	1193747 
1198535	[4787]	:	time Target is 1198535
1203852	[5317]	:	time Target is 1203852
1209172	[5320]	:	time Target is 1209172
1214493	[5321]	:	time Target is 1214493
1219815	[5322]	:	time Target is 1219815
1225136	[5321]	:	time Target is 1225136
1225732	[596]	:	Key	71	DOWN	at	1225732 
1230471	[4739]	:	time Target is 1230471
1235792	[5321]	:	time Target is 1235792
1241113	[5321]	:	time Target is 1241113
1242358	[1245]	:	Key	71	DOWN	at	1242357 
1246443	[4085]	:	time Target is 1246443
1251759	[5316]	:	time Target is 1251759
1257084	[5325]	:	time Target is 1257084
1257798	[714]	:	Key	71	DOWN	at	1257797 
1262425	[4627]	:	time Target is 1262425
1263156	[731]	:	Key	71	DOWN	at	1263155 
1267763	[4607]	:	time Target is 1267763
1268566	[803]	:	Key	71	DOWN	at	1268565 
1273100	[4534]	:	time Target is 1273100
1273655	[555]	:	Key	71	DOWN	at	1273655 
1278440	[4785]	:	time Target is 1278440
1283762	[5322]	:	time Target is 1283762
1289078	[5316]	:	time Target is 1289078
1289685	[607]	:	Key	71	DOWN	at	1289684 
1294422	[4737]	:	time Target is 1294422
1295175	[753]	:	Key	71	DOWN	at	1295175 
1299758	[4583]	:	time Target is 1299758
1305076	[5318]	:	time Target is 1305076
1310399	[5323]	:	time Target is 1310399
1311122	[723]	:	Key	71	DOWN	at	1311122 
1315751	[4629]	:	time Target is 1315751
1321088	[5337]	:	time Target is 1321088
1321652	[564]	:	Key	71	DOWN	at	1321652 
1326428	[4776]	:	time Target is 1326428
1326886	[458]	:	Key	71	DOWN	at	1326885 
1331761	[4875]	:	time Target is 1331761
1337080	[5319]	:	time Target is 1337080
1337527	[447]	:	Key	71	DOWN	at	1337527 
1342426	[4899]	:	time Target is 1342426
1347764	[5338]	:	time Target is 1347764
1353086	[5322]	:	time Target is 1353086
1353428	[342]	:	Key	71	DOWN	at	1353427 
1358479	[5051]	:	time Target is 1358479
1363801	[5322]	:	time Target is 1363801
1369120	[5319]	:	time Target is 1369120
1374443	[5323]	:	time Target is 1374443
1379772	[5329]	:	time Target is 1379772
1380324	[552]	:	Key	71	DOWN	at	1380324 
1385108	[4784]	:	time Target is 1385108
1385478	[370]	:	Key	71	DOWN	at	1385477 
1390451	[4973]	:	time Target is 1390451
1395782	[5331]	:	time Target is 1395782
1401102	[5320]	:	time Target is 1401102
1401528	[426]	:	Key	71	DOWN	at	1401527 
1406436	[4908]	:	time Target is 1406436
1407030	[594]	:	Key	71	DOWN	at	1407030 
1411776	[4746]	:	time Target is 1411776
1417094	[5318]	:	time Target is 1417094
1417492	[398]	:	Key	71	DOWN	at	1417491 
1422429	[4937]	:	time Target is 1422429
1423414	[985]	:	Key	71	DOWN	at	1423414 
1427767	[4353]	:	time Target is 1427767
1428231	[464]	:	Key	71	DOWN	at	1428231 
1433105	[4874]	:	time Target is 1433105
1438428	[5323]	:	time Target is 1438428
1439557	[1129]	:	Key	71	DOWN	at	1439557 
1443763	[4206]	:	time Target is 1443763
1449101	[5338]	:	time Target is 1449101
1454423	[5322]	:	time Target is 1454423
1455379	[956]	:	Key	71	DOWN	at	1455379 
1459761	[4382]	:	time Target is 1459761
1465080	[5319]	:	time Target is 1465080
1470409	[5329]	:	time Target is 1470409
1470996	[587]	:	Key	71	DOWN	at	1470996 
1475752	[4756]	:	time Target is 1475752
1476472	[720]	:	Key	71	DOWN	at	1476472 
1481095	[4623]	:	time Target is 1481095
1486410	[5315]	:	time Target is 1486410
1491741	[5331]	:	time Target is 1491741
1492372	[631]	:	Key	71	DOWN	at	1492372 
1497077	[4705]	:	time Target is 1497077
1502420	[5343]	:	time Target is 1502420
1507747	[5327]	:	time Target is 1507747
1508228	[481]	:	Key	71	DOWN	at	1508228 
1513085	[4857]	:	time Target is 1513085
1518402	[5317]	:	time Target is 1518402
1523724	[5322]	:	time Target is 1523724
1529050	[5326]	:	time Target is 1529050
1534371	[5321]	:	time Target is 1534371
1539700	[5329]	:	time Target is 1539700
1545024	[5324]	:	time Target is 1545024
1546180	[1156]	:	Key	71	DOWN	at	1546180 
1550360	[4180]	:	time Target is 1550360
1555683	[5323]	:	time Target is 1555683
1561009	[5326]	:	time Target is 1561009
1561527	[518]	:	Key	71	DOWN	at	1561527 
1565310	[3783]	:	Key	71	UP	at	1561766 
1566360	[1050]	:	Key	71	DOWN	at	1566359 
1566567	[207]	:	Key	71	UP	at	1566567 
1570055	[3488]	:	Key	71	DOWN	at	1570055 
1570848	[793]	:	Key	71	UP	at	1570262 
1571117	[269]	:	time Target is 1571117
1571846	[729]	:	Key	71	DOWN	at	1571846 
1576502	[4656]	:	time Target is 1576502
1577048	[546]	:	Key	71	DOWN	at	1577047 
1581842	[4794]	:	time Target is 1581842
1582659	[817]	:	Key	71	DOWN	at	1582659 
1587180	[4521]	:	time Target is 1587180
1587508	[328]	:	Key	71	DOWN	at	1587508 
1592518	[5010]	:	time Target is 1592518
1592839	[321]	:	Key	71	DOWN	at	1592839 
1597851	[5012]	:	time Target is 1597851
1598150	[299]	:	Key	71	DOWN	at	1598149 
1603194	[5044]	:	time Target is 1603194
1608516	[5322]	:	time Target is 1608516
1613836	[5320]	:	time Target is 1613836
1614328	[492]	:	Key	71	DOWN	at	1614327 
1619178	[4850]	:	time Target is 1619178
1620164	[986]	:	Key	71	DOWN	at	1620164 
1624511	[4347]	:	time Target is 1624511
1625955	[1444]	:	Key	71	DOWN	at	1625955 
1629846	[3891]	:	time Target is 1629846
1635170	[5324]	:	time Target is 1635170
1640494	[5324]	:	time Target is 1640494
1645817	[5323]	:	time Target is 1645817
1646456	[639]	:	Key	71	DOWN	at	1646456 
1651152	[4696]	:	time Target is 1651152
1651639	[487]	:	Key	71	DOWN	at	1651638 
1656491	[4852]	:	time Target is 1656491
1661841	[5350]	:	time Target is 1661841
1662389	[548]	:	Key	71	DOWN	at	1662389 
1667181	[4792]	:	time Target is 1667181
1672502	[5321]	:	time Target is 1672502
1677819	[5317]	:	time Target is 1677819
1683144	[5325]	:	time Target is 1683144
1683560	[416]	:	Key	71	DOWN	at	1683559 
1688482	[4922]	:	time Target is 1688482
1689667	[1185]	:	Key	71	DOWN	at	1689667 
1693818	[4151]	:	time Target is 1693818
1694178	[360]	:	Key	71	DOWN	at	1694178 
1699164	[4986]	:	time Target is 1699164
1704495	[5331]	:	time Target is 1704495
1709813	[5318]	:	time Target is 1709813
1710324	[511]	:	Key	71	DOWN	at	1710323 
1715158	[4834]	:	time Target is 1715158
1715479	[321]	:	Key	71	DOWN	at	1715479 
1720502	[5023]	:	time Target is 1720502
1721816	[1314]	:	Key	71	DOWN	at	1721815 
1725839	[4023]	:	time Target is 1725839
1731191	[5352]	:	time Target is 1731191
1732103	[912]	:	Key	71	DOWN	at	1732103 
1736525	[4422]	:	time Target is 1736525
1741846	[5321]	:	time Target is 1741846
1747167	[5321]	:	time Target is 1747167
1747765	[598]	:	Key	71	DOWN	at	1747764 
1752510	[4745]	:	time Target is 1752510
1757852	[5342]	:	time Target is 1757852
1758324	[472]	:	Key	71	DOWN	at	1758324 
1763184	[4860]	:	time Target is 1763184
1768510	[5326]	:	time Target is 1768510
1769111	[601]	:	Key	71	DOWN	at	1769110 
1773875	[4764]	:	time Target is 1773875
1774533	[658]	:	Key	71	DOWN	at	1774533 
1779250	[4717]	:	time Target is 1779250
1779637	[387]	:	Key	71	DOWN	at	1779636 
1784583	[4946]	:	time Target is 1784583
1785652	[1069]	:	Key	71	DOWN	at	1785652 
1789921	[4269]	:	time Target is 1789921
1790279	[358]	:	Key	71	DOWN	at	1790279 
1795261	[4982]	:	time Target is 1795261
1795654	[393]	:	Key	71	DOWN	at	1795654 
1800605	[4951]	:	time Target is 1800605
1805932	[5327]	:	time Target is 1805932
1811257	[5325]	:	time Target is 1811257
1816584	[5327]	:	time Target is 1816584
1821906	[5322]	:	time Target is 1821906
1827233	[5327]	:	time Target is 1827233
1827764	[531]	:	Key	71	DOWN	at	1827764 
1832570	[4806]	:	time Target is 1832570
1837895	[5325]	:	time Target is 1837895
1843214	[5319]	:	time Target is 1843214
1843622	[408]	:	Key	71	DOWN	at	1843622 
1848560	[4938]	:	time Target is 1848560
1853884	[5324]	:	time Target is 1853884
1859208	[5324]	:	time Target is 1859208
1864522	[5314]	:	time Target is 1864522
1864985	[463]	:	Key	71	DOWN	at	1864983 
1869865	[4880]	:	time Target is 1869865
1875205	[5340]	:	time Target is 1875205
1875829	[624]	:	Key	71	DOWN	at	1875828 
1880549	[4720]	:	time Target is 1880549
1885870	[5321]	:	time Target is 1885870
1886294	[424]	:	Key	71	DOWN	at	1886294 
1891209	[4915]	:	time Target is 1891209
1896535	[5326]	:	time Target is 1896535
1901858	[5323]	:	time Target is 1901858
1907184	[5326]	:	time Target is 1907184
1912512	[5328]	:	time Target is 1912512
1917830	[5318]	:	time Target is 1917830
1918454	[624]	:	Key	71	DOWN	at	1918454 
1923163	[4709]	:	time Target is 1923163
1923719	[556]	:	Key	71	DOWN	at	1923719 
1928498	[4779]	:	time Target is 1928498
1933825	[5327]	:	time Target is 1933825
1939145	[5320]	:	time Target is 1939145
1944474	[5329]	:	time Target is 1944474
1949807	[5333]	:	time Target is 1949807
1955130	[5323]	:	time Target is 1955130
1955513	[383]	:	Key	71	DOWN	at	1955511 
1960462	[4949]	:	time Target is 1960462
1961079	[617]	:	Key	71	DOWN	at	1961079 
1965835	[4756]	:	time Target is 1965835
1971168	[5333]	:	time Target is 1971168
1976490	[5322]	:	time Target is 1976490
1981815	[5325]	:	time Target is 1981815
1987141	[5326]	:	time Target is 1987141
1987944	[803]	:	Key	71	DOWN	at	1987944 
1992477	[4533]	:	time Target is 1992477
1997799	[5322]	:	time Target is 1997799
2003120	[5321]	:	time Target is 2003120
2004389	[1269]	:	Key	71	DOWN	at	2004388 
2008458	[4069]	:	time Target is 2008458
2013786	[5328]	:	time Target is 2013786
2019107	[5321]	:	time Target is 2019107
2024431	[5324]	:	time Target is 2024431
2025126	[695]	:	Key	71	DOWN	at	2025125 
2029767	[4641]	:	time Target is 2029767
2030723	[956]	:	Key	71	DOWN	at	2030723 
2035110	[4387]	:	time Target is 2035110
2040436	[5326]	:	time Target is 2040436
2045762	[5326]	:	time Target is 2045762
2046244	[482]	:	Key	71	DOWN	at	2046244 
2050060	[3816]	:	Key	71	UP	at	2046438 
2051219	[1159]	:	Key	71	DOWN	at	2051219 
2052007	[788]	:	Key	71	UP	at	2051379 
2052274	[267]	:	time Target is 2052274
2057592	[5318]	:	time Target is 2057592
2062911	[5319]	:	time Target is 2062911
2063416	[505]	:	Key	71	DOWN	at	2063415 
2068246	[4830]	:	time Target is 2068246
2069495	[1249]	:	Key	71	DOWN	at	2069494 
2073578	[4083]	:	time Target is 2073578
2074420	[842]	:	Key	71	DOWN	at	2074418 
2078917	[4497]	:	time Target is 2078917
2084237	[5320]	:	time Target is 2084237
2089559	[5322]	:	time Target is 2089559
2094882	[5323]	:	time Target is 2094882
2100205	[5323]	:	time Target is 2100205
2100580	[375]	:	Key	71	DOWN	at	2100580 
2105539	[4959]	:	time Target is 2105539
2110865	[5326]	:	time Target is 2110865
2111558	[693]	:	Key	71	DOWN	at	2111558 
2116215	[4657]	:	time Target is 2116215
2116599	[384]	:	Key	71	DOWN	at	2116599 
2121552	[4953]	:	time Target is 2121552
2126871	[5319]	:	time Target is 2126871
2132194	[5323]	:	time Target is 2132194
2137513	[5319]	:	time Target is 2137513
2138504	[991]	:	Key	71	DOWN	at	2138503 
2142842	[4338]	:	time Target is 2142842
2148167	[5325]	:	time Target is 2148167
2153499	[5332]	:	time Target is 2153499
2153764	[265]	:	Key	71	DOWN	at	2153763 
2158830	[5066]	:	time Target is 2158830
2164158	[5328]	:	time Target is 2164158
2164533	[375]	:	Key	71	DOWN	at	2164532 
2169501	[4968]	:	time Target is 2169501
2174831	[5330]	:	time Target is 2174831
2175219	[388]	:	Key	71	DOWN	at	2175219 
2180167	[4948]	:	time Target is 2180167
2185485	[5318]	:	time Target is 2185485
2185958	[473]	:	Key	71	DOWN	at	2185958 
2190824	[4866]	:	time Target is 2190824
2191238	[414]	:	Key	71	DOWN	at	2191237 
2196151	[4913]	:	time Target is 2196151
2196567	[416]	:	Key	71	DOWN	at	2196566 
2201496	[4929]	:	time Target is 2201496
2202548	[1052]	:	Key	71	DOWN	at	2202547 
2206836	[4288]	:	time Target is 2206836
2207286	[450]	:	Key	71	DOWN	at	2207286 
2212171	[4885]	:	time Target is 2212171
2217496	[5325]	:	time Target is 2217496
2222815	[5319]	:	time Target is 2222815
2223511	[696]	:	Key	71	DOWN	at	2223510 
2228150	[4639]	:	time Target is 2228150
2233477	[5327]	:	time Target is 2233477
2238798	[5321]	:	time Target is 2238798
2244122	[5324]	:	time Target is 2244122
2249443	[5321]	:	time Target is 2249443
2254764	[5321]	:	time Target is 2254764
2255940	[1176]	:	Key	71	DOWN	at	2255938 
2260101	[4161]	:	time Target is 2260101
2265423	[5322]	:	time Target is 2265423
2266038	[615]	:	Key	71	DOWN	at	2266038 
2270761	[4723]	:	time Target is 2270761
2276082	[5321]	:	time Target is 2276082
2281417	[5335]	:	time Target is 2281417
2286740	[5323]	:	time Target is 2286740
2287126	[386]	:	Key	71	DOWN	at	2287125 
2292078	[4952]	:	time Target is 2292078
2297408	[5330]	:	time Target is 2297408
2298197	[789]	:	Key	71	DOWN	at	2298197 
2302738	[4541]	:	time Target is 2302738
2308054	[5316]	:	time Target is 2308054
2308887	[833]	:	Key	71	DOWN	at	2308886 
2313398	[4511]	:	time Target is 2313398
2314245	[847]	:	Key	71	DOWN	at	2314245 
2318732	[4487]	:	time Target is 2318732
2324086	[5354]	:	time Target is 2324086
2329412	[5326]	:	time Target is 2329412
2334752	[5340]	:	time Target is 2334752
2340074	[5322]	:	time Target is 2340074
2340744	[670]	:	Key	71	DOWN	at	2340743 
2345418	[4674]	:	time Target is 2345418
2350739	[5321]	:	time Target is 2350739
2351634	[895]	:	Key	71	DOWN	at	2351634 
2356084	[4450]	:	time Target is 2356084
2361398	[5314]	:	time Target is 2361398
2366722	[5324]	:	time Target is 2366722
2372048	[5326]	:	time Target is 2372048
2377370	[5322]	:	time Target is 2377370
2382699	[5329]	:	time Target is 2382699
2388020	[5321]	:	time Target is 2388020
2393340	[5320]	:	time Target is 2393340
2398679	[5339]	:	time Target is 2398679
2399027	[348]	:	Key	71	DOWN	at	2399027 
2404018	[4991]	:	time Target is 2404018
2404503	[485]	:	Key	71	DOWN	at	2404503 
2409342	[4839]	:	time Target is 2409342
2414660	[5318]	:	time Target is 2414660
2419980	[5320]	:	time Target is 2419980
2425303	[5323]	:	time Target is 2425303
2425943	[640]	:	Key	71	DOWN	at	2425943 
2430661	[4718]	:	time Target is 2430661
2431571	[910]	:	Key	71	DOWN	at	2431571 
2435993	[4422]	:	time Target is 2435993
2436930	[937]	:	Key	71	DOWN	at	2436930 
2441323	[4393]	:	time Target is 2441323
2441877	[554]	:	Key	71	DOWN	at	2441876 
2446657	[4780]	:	time Target is 2446657
2447109	[452]	:	Key	71	DOWN	at	2447108 
2451997	[4888]	:	time Target is 2451997
2457318	[5321]	:	time Target is 2457318
2458166	[848]	:	Key	71	DOWN	at	2458166 
2462650	[4484]	:	time Target is 2462650
2463316	[666]	:	Key	71	DOWN	at	2463316 
2468007	[4691]	:	time Target is 2468007
2473327	[5320]	:	time Target is 2473327
2478649	[5322]	:	time Target is 2478649
2483972	[5323]	:	time Target is 2483972
2484564	[592]	:	Key	71	DOWN	at	2484563 
2489309	[4745]	:	time Target is 2489309
2494632	[5323]	:	time Target is 2494632
2499968	[5336]	:	time Target is 2499968
2505292	[5324]	:	time Target is 2505292
2506055	[763]	:	Key	71	DOWN	at	2506055 
2510631	[4576]	:	time Target is 2510631
2511671	[1040]	:	Key	71	DOWN	at	2511671 
2515968	[4297]	:	time Target is 2515968
2521292	[5324]	:	time Target is 2521292
2522152	[860]	:	Key	71	DOWN	at	2522151 
2526636	[4484]	:	time Target is 2526636
2547061	[20425]	:	Key	71	DOWN	at	2547061 
2547271	[210]	:	Key	71	UP	at	2547270 
2556820	[9549]	:	Key	28	DOWN	at	2556820 
2556984	[164]	:	Key	28	UP	at	2556983 
2559956	[2972]	:	Key	28	DOWN	at	2559955 
2560119	[163]	:	Key	28	UP	at	2560118 
2563443	[3324]	:	Key	29	DOWN	at	2563443 
2563620	[177]	:	Key	29	UP	at	2563620 
2564882	[1262]	:	Key	29	DOWN	at	2564882 
2565047	[165]	:	Key	29	UP	at	2565047 
2566867	[1820]	:	Key	28	DOWN	at	2566867 
2567029	[162]	:	Key	28	UP	at	2567028 
2567877	[848]	:	Key	28	DOWN	at	2567877 
2568040	[163]	:	Key	28	UP	at	2568039 
2570901	[2861]	:	Key	29	DOWN	at	2570901 
2571075	[174]	:	Key	29	UP	at	2571075 
2571958	[883]	:	Key	29	DOWN	at	2571958 
2572116	[158]	:	Key	29	UP	at	2572115 
2575429	[3313]	:	Key	28	DOWN	at	2575428 
2575572	[143]	:	Key	28	UP	at	2575572 
2576519	[947]	:	Key	28	DOWN	at	2576519 
2576678	[159]	:	Key	28	UP	at	2576678 
2580131	[3453]	:	Key	29	DOWN	at	2580131 
2580278	[147]	:	Key	29	UP	at	2580277 
2582516	[2238]	:	Key	29	DOWN	at	2582515 
2582661	[145]	:	Key	29	UP	at	2582661 
2585509	[2848]	:	Key	29	DOWN	at	2585509 
2585656	[147]	:	Key	29	UP	at	2585655 
2586264	[608]	:	Key	28	DOWN	at	2586263 
2586421	[157]	:	Key	28	UP	at	2586420 
2589315	[2894]	:	Key	29	DOWN	at	2589314 
2589479	[164]	:	Key	29	UP	at	2589478 
2591107	[1628]	:	Key	29	DOWN	at	2591107 
2591162	[55]	:	COGENT STOP
