Cog2000 log file Thu Aug 29 15:33:14 2019
gprim v1.33 Compiled:Aug 12 2015 (GLib DirectDraw v7 DX12.0 Compiled:Aug 12 2015)
Display:1024x768x32 59.95Hz
Attaching C:\Program Files\Cogent2000v1.33\Toolbox\CogInput.mexw64
CogInput v1.05 Compiled: May 20 2010
6	[6]	:	COGENT START
8834	[8828]	:	Key	71	DOWN	at	8828    
8910	[76]	:	Key	71	UP	at	8910    
29292	[20382]	:	Key	71	DOWN	at	29291   
29373	[81]	:	Key	71	UP	at	29373   
34621	[5248]	:	Key	71	DOWN	at	34618   
34700	[79]	:	Key	71	UP	at	34700   
46780	[12080]	:	Key	71	DOWN	at	46780   
46828	[48]	:	Key	71	UP	at	46827   
63150	[16322]	:	Key	71	DOWN	at	63149   
63245	[95]	:	Key	71	UP	at	63244   
84574	[21329]	:	Key	71	DOWN	at	84574   
85499	[925]	:	time Target is 85467
86127	[628]	:	Key	71	DOWN	at	86126   
91572	[5445]	:	time Target is 91570
92313	[741]	:	Key	71	DOWN	at	92313   
97677	[5364]	:	time Target is 97675
99885	[2208]	:	Key	71	DOWN	at	99885   
103464	[3579]	:	time Target is 103462
103818	[354]	:	Key	71	DOWN	at	103818  
109572	[5754]	:	time Target is 109567
110301	[729]	:	Key	71	DOWN	at	110301  
123083	[12782]	:	Key	71	DOWN	at	123083  
124196	[1113]	:	time Target is 124195
130526	[6330]	:	time Target is 130526
136882	[6356]	:	time Target is 136882
143210	[6328]	:	time Target is 143209
164623	[21413]	:	Key	71	DOWN	at	164622  
164714	[91]	:	Key	71	UP	at	164714  
169501	[4787]	:	Key	71	DOWN	at	169501  
169595	[94]	:	Key	71	UP	at	169594  
174427	[4832]	:	Key	71	DOWN	at	174426  
174541	[114]	:	Key	71	UP	at	174541  
184987	[10446]	:	Key	71	DOWN	at	184986  
185102	[115]	:	Key	71	UP	at	185102  
190158	[5056]	:	Key	71	DOWN	at	190158  
190992	[834]	:	Key	71	UP	at	190332  
191019	[27]	:	time Target is 191019
191453	[434]	:	Key	71	DOWN	at	191453  
196125	[4672]	:	time Target is 196125
201206	[5081]	:	time Target is 201205
206263	[5057]	:	Key	71	DOWN	at	205934  
206263	[0]	:	Key	71	UP	at	206122  
216842	[10579]	:	Key	71	DOWN	at	216842  
217038	[196]	:	Key	71	UP	at	217038  
225995	[8957]	:	Key	71	DOWN	at	225995  
226789	[794]	:	Key	71	UP	at	226255  
226817	[28]	:	time Target is 226817
227435	[618]	:	Key	71	DOWN	at	227435  
231913	[4478]	:	time Target is 231913
232092	[179]	:	Key	71	DOWN	at	232091  
237001	[4909]	:	time Target is 237001
238111	[1110]	:	Key	71	DOWN	at	238111  
242089	[3978]	:	time Target is 242089
256618	[14529]	:	Key	71	DOWN	at	256618  
256765	[147]	:	Key	71	UP	at	256764  
261261	[4496]	:	Key	71	DOWN	at	261261  
262043	[782]	:	Key	71	UP	at	261514  
262067	[24]	:	time Target is 262067
267120	[5053]	:	Key	71	DOWN	at	266875  
267120	[0]	:	Key	71	UP	at	267035  
269690	[2570]	:	time Target is 269689
270269	[579]	:	Key	71	DOWN	at	270268  
274781	[4512]	:	time Target is 274781
289114	[14333]	:	Key	71	DOWN	at	289114  
289260	[146]	:	Key	71	UP	at	289260  
292957	[3697]	:	Key	71	DOWN	at	292957  
293742	[785]	:	Key	71	UP	at	293119  
293765	[23]	:	time Target is 293765
294205	[440]	:	Key	71	DOWN	at	294204  
298855	[4650]	:	time Target is 298855
303935	[5080]	:	time Target is 303935
309004	[5069]	:	time Target is 309004
309962	[958]	:	Key	71	DOWN	at	309962  
313310	[3348]	:	Key	71	UP	at	310137  
321374	[8064]	:	Key	71	DOWN	at	321374  
321515	[141]	:	Key	71	UP	at	321514  
339599	[18084]	:	Key	71	DOWN	at	339598  
339710	[111]	:	Key	71	UP	at	339709  
355967	[16257]	:	Key	71	DOWN	at	355966  
356061	[94]	:	Key	71	UP	at	356060  
368988	[12927]	:	Key	71	DOWN	at	368987  
369069	[81]	:	Key	71	UP	at	369069  
374670	[5601]	:	Key	71	DOWN	at	374670  
377250	[2580]	:	time Target is 377250
377962	[712]	:	Key	71	DOWN	at	377962  
382593	[4631]	:	time Target is 382593
384074	[1481]	:	Key	71	DOWN	at	384074  
387937	[3863]	:	time Target is 387937
389050	[1113]	:	Key	71	DOWN	at	389050  
393279	[4229]	:	time Target is 393279
398613	[5334]	:	time Target is 398612
403939	[5326]	:	time Target is 403939
409256	[5317]	:	time Target is 409256
414577	[5321]	:	time Target is 414577
415002	[425]	:	Key	71	DOWN	at	415002  
419907	[4905]	:	time Target is 419907
425234	[5327]	:	time Target is 425234
425979	[745]	:	Key	71	DOWN	at	425979  
430566	[4587]	:	time Target is 430566
435884	[5318]	:	time Target is 435884
436172	[288]	:	Key	71	DOWN	at	436171  
441226	[5054]	:	time Target is 441226
446547	[5321]	:	time Target is 446547
446991	[444]	:	Key	71	DOWN	at	446990  
451887	[4896]	:	time Target is 451887
452556	[669]	:	Key	71	DOWN	at	452556  
457230	[4674]	:	time Target is 457230
462573	[5343]	:	time Target is 462573
463644	[1071]	:	Key	71	DOWN	at	463644  
467911	[4267]	:	time Target is 467911
473234	[5323]	:	time Target is 473234
478556	[5322]	:	time Target is 478556
478972	[416]	:	Key	71	DOWN	at	478971  
483890	[4918]	:	time Target is 483890
484299	[409]	:	Key	71	DOWN	at	484299  
489231	[4932]	:	time Target is 489231
494552	[5321]	:	time Target is 494552
499872	[5320]	:	time Target is 499872
505200	[5328]	:	time Target is 505200
505850	[650]	:	Key	71	DOWN	at	505850  
510533	[4683]	:	time Target is 510533
515851	[5318]	:	time Target is 515851
521168	[5317]	:	time Target is 521168
526484	[5316]	:	time Target is 526484
531808	[5324]	:	time Target is 531808
532236	[428]	:	Key	71	DOWN	at	532236  
537140	[4904]	:	time Target is 537140
537786	[646]	:	Key	71	DOWN	at	537786  
542479	[4693]	:	time Target is 542479
547799	[5320]	:	time Target is 547799
548234	[435]	:	Key	71	DOWN	at	548234  
553134	[4900]	:	time Target is 553134
558451	[5317]	:	time Target is 558451
559581	[1130]	:	Key	71	DOWN	at	559580  
563787	[4206]	:	time Target is 563787
569102	[5315]	:	Key	71	DOWN	at	568895  
569102	[0]	:	Key	71	UP	at	569051  
571918	[2816]	:	time Target is 571918
572284	[366]	:	Key	71	DOWN	at	572283  
577252	[4968]	:	time Target is 577252
578174	[922]	:	Key	71	DOWN	at	578174  
582602	[4428]	:	time Target is 582602
587921	[5319]	:	time Target is 587921
593245	[5324]	:	time Target is 593245
594316	[1071]	:	Key	71	DOWN	at	594315  
598581	[4265]	:	time Target is 598581
599391	[810]	:	Key	71	DOWN	at	599390  
603914	[4523]	:	time Target is 603914
605182	[1268]	:	Key	71	DOWN	at	605182  
609247	[4065]	:	time Target is 609247
609678	[431]	:	Key	71	DOWN	at	609678  
614585	[4907]	:	time Target is 614585
615434	[849]	:	Key	71	DOWN	at	615434  
619916	[4482]	:	time Target is 619916
625227	[5311]	:	time Target is 625227
630543	[5316]	:	time Target is 630543
635867	[5324]	:	time Target is 635867
636460	[593]	:	Key	71	DOWN	at	636459  
641196	[4736]	:	time Target is 641196
642045	[849]	:	Key	71	DOWN	at	642045  
646534	[4489]	:	time Target is 646534
647740	[1206]	:	Key	71	DOWN	at	647739  
651874	[4134]	:	time Target is 651874
657199	[5325]	:	time Target is 657199
658637	[1438]	:	Key	71	DOWN	at	658637  
662533	[3896]	:	time Target is 662533
667854	[5321]	:	time Target is 667854
668220	[366]	:	Key	71	DOWN	at	668219  
673190	[4970]	:	time Target is 673190
678510	[5320]	:	time Target is 678510
679375	[865]	:	Key	71	DOWN	at	679374  
683850	[4475]	:	time Target is 683850
689170	[5320]	:	time Target is 689170
689835	[665]	:	Key	71	DOWN	at	689834  
694510	[4675]	:	time Target is 694510
699831	[5321]	:	time Target is 699831
699998	[167]	:	Key	71	DOWN	at	699997  
705169	[5171]	:	time Target is 705169
710480	[5311]	:	Key	71	DOWN	at	710332  
713326	[2846]	:	Key	71	DOWN	at	713276  
715876	[2550]	:	Key	71	DOWN	at	715579  
715877	[1]	:	Key	71	UP	at	715678  
718687	[2810]	:	time Target is 718687
719131	[444]	:	Key	71	DOWN	at	719131  
724021	[4890]	:	time Target is 724021
729346	[5325]	:	time Target is 729346
729788	[442]	:	Key	71	DOWN	at	729787  
734679	[4891]	:	time Target is 734679
735051	[372]	:	Key	71	DOWN	at	735050  
739755	[4704]	:	Key	71	DOWN	at	739563  
739756	[1]	:	Key	71	UP	at	739710  
742564	[2808]	:	time Target is 742564
743068	[504]	:	Key	71	DOWN	at	743068  
747905	[4837]	:	time Target is 747905
749003	[1098]	:	Key	71	DOWN	at	749003  
753243	[4240]	:	time Target is 753243
758305	[5062]	:	Key	71	DOWN	at	758043  
758305	[0]	:	Key	71	UP	at	758190  
761124	[2819]	:	time Target is 761124
761564	[440]	:	Key	71	DOWN	at	761564  
766461	[4897]	:	time Target is 766461
771813	[5352]	:	time Target is 771813
772618	[805]	:	Key	71	DOWN	at	772618  
777145	[4527]	:	time Target is 777145
777869	[724]	:	Key	71	DOWN	at	777868  
782482	[4613]	:	time Target is 782482
783005	[523]	:	Key	71	DOWN	at	783004  
787819	[4814]	:	time Target is 787819
788494	[675]	:	Key	71	DOWN	at	788493  
793158	[4664]	:	time Target is 793158
793739	[581]	:	Key	71	DOWN	at	793739  
798494	[4755]	:	time Target is 798494
799742	[1248]	:	Key	71	DOWN	at	799742  
803829	[4087]	:	time Target is 803829
804317	[488]	:	Key	71	DOWN	at	804317  
809172	[4855]	:	time Target is 809172
810617	[1445]	:	Key	71	DOWN	at	810617  
814505	[3888]	:	time Target is 814505
815261	[756]	:	Key	71	DOWN	at	815261  
819842	[4581]	:	time Target is 819842
825162	[5320]	:	time Target is 825162
825498	[336]	:	Key	71	DOWN	at	825498  
830506	[5008]	:	time Target is 830506
835827	[5321]	:	time Target is 835827
836205	[378]	:	Key	71	DOWN	at	836205  
840128	[3923]	:	Key	71	UP	at	836364  
840129	[1]	:	Key	71	DOWN	at	836492  
840129	[0]	:	Key	71	UP	at	836734  
845723	[5594]	:	Key	71	DOWN	at	845723  
846511	[788]	:	Key	71	UP	at	845836  
846783	[272]	:	time Target is 846783
848141	[1358]	:	Key	71	DOWN	at	848141  
852120	[3979]	:	time Target is 852120
852640	[520]	:	Key	71	DOWN	at	852639  
857510	[4870]	:	time Target is 857510
862833	[5323]	:	time Target is 862833
867891	[5058]	:	Key	71	DOWN	at	867661  
867892	[1]	:	Key	71	UP	at	867802  
870707	[2815]	:	time Target is 870707
876029	[5322]	:	time Target is 876029
877438	[1409]	:	Key	71	DOWN	at	877438  
881362	[3924]	:	time Target is 881362
886684	[5322]	:	time Target is 886684
887308	[624]	:	Key	71	DOWN	at	887307  
892019	[4711]	:	time Target is 892019
897331	[5312]	:	Key	71	DOWN	at	897294  
900143	[2812]	:	time Target is 900143
900585	[442]	:	Key	71	DOWN	at	900585  
905485	[4900]	:	time Target is 905485
906142	[657]	:	Key	71	DOWN	at	906141  
910824	[4682]	:	time Target is 910824
916140	[5316]	:	time Target is 916140
921461	[5321]	:	time Target is 921461
926782	[5321]	:	time Target is 926782
932119	[5337]	:	time Target is 932119
932734	[615]	:	Key	71	DOWN	at	932733  
937448	[4714]	:	time Target is 937448
942769	[5321]	:	time Target is 942769
943952	[1183]	:	Key	71	DOWN	at	943951  
948113	[4161]	:	time Target is 948113
948893	[780]	:	Key	71	DOWN	at	948893  
953444	[4551]	:	time Target is 953444
953835	[391]	:	Key	71	DOWN	at	953834  
958519	[4684]	:	Key	71	DOWN	at	958383  
961337	[2818]	:	time Target is 961337
962046	[709]	:	Key	71	DOWN	at	962045  
966671	[4625]	:	time Target is 966671
967147	[476]	:	Key	71	DOWN	at	967147  
972008	[4861]	:	time Target is 972008
973054	[1046]	:	Key	71	DOWN	at	973053  
977344	[4290]	:	time Target is 977344
978494	[1150]	:	Key	71	DOWN	at	978494  
982677	[4183]	:	time Target is 982677
987998	[5321]	:	time Target is 987998
988495	[497]	:	Key	71	DOWN	at	988494  
993338	[4843]	:	time Target is 993338
994491	[1153]	:	Key	71	DOWN	at	994491  
998674	[4183]	:	time Target is 998674
999098	[424]	:	Key	71	DOWN	at	999097  
1004014	[4916]	:	time Target is 1004014
1009331	[5317]	:	time Target is 1009331
1010347	[1016]	:	Key	71	DOWN	at	1010346 
1014669	[4322]	:	time Target is 1014669
1019991	[5322]	:	time Target is 1019991
1020590	[599]	:	Key	71	DOWN	at	1020590 
1025061	[4471]	:	Key	71	DOWN	at	1025020 
1027611	[2550]	:	Key	71	UP	at	1027261 
1027877	[266]	:	time Target is 1027877
1033198	[5321]	:	time Target is 1033198
1033983	[785]	:	Key	71	DOWN	at	1033982 
1038539	[4556]	:	time Target is 1038539
1043858	[5319]	:	time Target is 1043858
1049174	[5316]	:	time Target is 1049174
1049549	[375]	:	Key	71	DOWN	at	1049549 
1054524	[4975]	:	time Target is 1054524
1054667	[143]	:	Key	71	DOWN	at	1054667 
1059594	[4927]	:	Key	71	DOWN	at	1059548 
1059594	[0]	:	Key	71	UP	at	1059565 
1062405	[2811]	:	time Target is 1062405
1063261	[856]	:	Key	71	DOWN	at	1063261 
1067738	[4477]	:	time Target is 1067738
1068185	[447]	:	Key	71	DOWN	at	1068185 
1073071	[4886]	:	time Target is 1073071
1078388	[5317]	:	time Target is 1078388
1083709	[5321]	:	time Target is 1083709
1084380	[671]	:	Key	71	DOWN	at	1084379 
1089050	[4670]	:	time Target is 1089050
1094366	[5316]	:	time Target is 1094366
1095643	[1277]	:	Key	71	UP	at	1095642 
1095690	[47]	:	Key	71	DOWN	at	1095689 
1099707	[4017]	:	time Target is 1099707
1100239	[532]	:	Key	71	DOWN	at	1100239 
1105031	[4792]	:	Key	71	DOWN	at	1104811 
1107579	[2548]	:	Key	71	DOWN	at	1107260 
1107579	[0]	:	Key	71	UP	at	1107548 
1110391	[2812]	:	time Target is 1110391
1110830	[439]	:	Key	71	DOWN	at	1110830 
1115731	[4901]	:	time Target is 1115731
1116203	[472]	:	Key	71	DOWN	at	1116203 
1120804	[4601]	:	Key	71	DOWN	at	1120526 
1123611	[2807]	:	time Target is 1123611
1123917	[306]	:	Key	71	DOWN	at	1123917 
1128946	[5029]	:	time Target is 1128946
1129422	[476]	:	Key	71	DOWN	at	1129422 
1134283	[4861]	:	time Target is 1134283
1134974	[691]	:	Key	71	DOWN	at	1134974 
1139613	[4639]	:	time Target is 1139613
1140557	[944]	:	Key	71	DOWN	at	1140557 
1144955	[4398]	:	time Target is 1144955
1145391	[436]	:	Key	71	DOWN	at	1145390 
1150294	[4903]	:	time Target is 1150294
1151550	[1256]	:	Key	71	DOWN	at	1151550 
1155630	[4080]	:	time Target is 1155630
1160950	[5320]	:	time Target is 1160950
1166009	[5059]	:	Key	71	DOWN	at	1165867 
1168824	[2815]	:	time Target is 1168824
1169502	[678]	:	Key	71	DOWN	at	1169502 
1174170	[4668]	:	time Target is 1174170
1175278	[1108]	:	Key	71	DOWN	at	1175277 
1179503	[4225]	:	time Target is 1179503
1184821	[5318]	:	Key	71	DOWN	at	1184634 
1187634	[2813]	:	time Target is 1187634
1188108	[474]	:	Key	71	DOWN	at	1188107 
1192977	[4869]	:	time Target is 1192977
1194379	[1402]	:	Key	71	DOWN	at	1194378 
1198319	[3940]	:	time Target is 1198319
1198606	[287]	:	Key	71	DOWN	at	1198605 
1203659	[5053]	:	time Target is 1203659
1204588	[929]	:	Key	71	DOWN	at	1204587 
1209001	[4413]	:	time Target is 1209001
1214327	[5326]	:	time Target is 1214327
1219650	[5323]	:	time Target is 1219650
1224971	[5321]	:	time Target is 1224971
1230291	[5320]	:	time Target is 1230291
1231326	[1035]	:	Key	71	DOWN	at	1231325 
1235627	[4301]	:	time Target is 1235627
1240944	[5317]	:	time Target is 1240944
1241675	[731]	:	Key	71	DOWN	at	1241674 
1246286	[4611]	:	time Target is 1246286
1246985	[699]	:	Key	71	DOWN	at	1246985 
1251619	[4634]	:	time Target is 1251619
1251709	[90]	:	Key	71	UP	at	1251709 
1252444	[735]	:	Key	71	DOWN	at	1252443 
1256958	[4514]	:	time Target is 1256958
1257865	[907]	:	Key	71	DOWN	at	1257865 
1262291	[4426]	:	time Target is 1262291
1263051	[760]	:	Key	71	DOWN	at	1263051 
1267629	[4578]	:	time Target is 1267629
1268110	[481]	:	Key	71	DOWN	at	1268110 
1272965	[4855]	:	time Target is 1272965
1273611	[646]	:	Key	71	DOWN	at	1273610 
1278305	[4694]	:	time Target is 1278305
1278958	[653]	:	Key	71	DOWN	at	1278957 
1283648	[4690]	:	time Target is 1283648
1289107	[5459]	:	time Target is 1289107
1289839	[732]	:	Key	71	DOWN	at	1289838 
1294445	[4606]	:	time Target is 1294445
1298732	[4287]	:	Key	71	DOWN	at	1297387 
1298733	[1]	:	Key	71	UP	at	1297515 
1309839	[11106]	:	Key	71	DOWN	at	1309838 
1310143	[304]	:	Key	71	UP	at	1310142 
1314986	[4843]	:	Key	71	DOWN	at	1314986 
1315779	[793]	:	Key	71	UP	at	1315260 
1316045	[266]	:	time Target is 1316045
1316619	[574]	:	Key	71	DOWN	at	1316617 
1321368	[4749]	:	Key	71	DOWN	at	1321275 
1324181	[2813]	:	time Target is 1324181
1324826	[645]	:	Key	71	DOWN	at	1324825 
1329520	[4694]	:	time Target is 1329520
1329920	[400]	:	Key	71	DOWN	at	1329919 
1334858	[4938]	:	time Target is 1334858
1335258	[400]	:	Key	71	DOWN	at	1335258 
1340196	[4938]	:	time Target is 1340196
1345525	[5329]	:	time Target is 1345525
1346031	[506]	:	Key	71	DOWN	at	1346030 
1350862	[4831]	:	time Target is 1350862
1351387	[525]	:	Key	71	DOWN	at	1351386 
1356202	[4815]	:	time Target is 1356202
1356875	[673]	:	Key	71	DOWN	at	1356875 
1361536	[4661]	:	time Target is 1361536
1361887	[351]	:	Key	71	DOWN	at	1361886 
1366865	[4978]	:	Key	71	DOWN	at	1366844 
1369681	[2816]	:	time Target is 1369681
1370156	[475]	:	Key	71	DOWN	at	1370156 
1375009	[4853]	:	Key	71	DOWN	at	1374989 
1377554	[2545]	:	Key	71	DOWN	at	1377434 
1377555	[1]	:	Key	71	UP	at	1377517 
1380368	[2813]	:	time Target is 1380368
1385688	[5320]	:	time Target is 1385688
1390750	[5062]	:	Key	71	DOWN	at	1390702 
1393342	[2592]	:	Key	71	DOWN	at	1393326 
1396157	[2815]	:	time Target is 1396157
1401478	[5321]	:	time Target is 1401478
1402606	[1128]	:	Key	71	DOWN	at	1402605 
1406833	[4227]	:	time Target is 1406833
1407852	[1019]	:	Key	71	DOWN	at	1407852 
1412172	[4320]	:	time Target is 1412172
1417229	[5057]	:	Key	71	DOWN	at	1416490 
1417230	[1]	:	Key	71	UP	at	1416890 
1420042	[2812]	:	time Target is 1420042
1420894	[852]	:	Key	71	DOWN	at	1420893 
1425400	[4506]	:	time Target is 1425400
1430456	[5056]	:	Key	71	DOWN	at	1430331 
1433262	[2806]	:	time Target is 1433262
1438584	[5322]	:	time Target is 1438584
1439225	[641]	:	Key	71	DOWN	at	1439225 
1443910	[4685]	:	time Target is 1443910
1449232	[5322]	:	time Target is 1449232
1454547	[5315]	:	time Target is 1454547
1459873	[5326]	:	time Target is 1459873
1465195	[5322]	:	time Target is 1465195
1465211	[16]	:	Key	71	DOWN	at	1465210 
1470528	[5317]	:	time Target is 1470528
1470954	[426]	:	Key	71	DOWN	at	1470954 
1475865	[4911]	:	time Target is 1475865
1476558	[693]	:	Key	71	DOWN	at	1476557 
1481208	[4650]	:	time Target is 1481208
1481758	[550]	:	Key	71	DOWN	at	1481758 
1486285	[4527]	:	Key	71	DOWN	at	1486222 
1489100	[2815]	:	time Target is 1489100
1489487	[387]	:	Key	71	DOWN	at	1489486 
1494436	[4949]	:	time Target is 1494436
1495117	[681]	:	Key	71	DOWN	at	1495116 
1499773	[4656]	:	time Target is 1499773
1505095	[5322]	:	time Target is 1505095
1505583	[488]	:	Key	71	DOWN	at	1505582 
1510467	[4884]	:	time Target is 1510467
1511260	[793]	:	Key	71	DOWN	at	1511259 
1515804	[4544]	:	time Target is 1515804
1516397	[593]	:	Key	71	DOWN	at	1516396 
1521136	[4739]	:	time Target is 1521136
1521579	[443]	:	Key	71	DOWN	at	1521579 
1526468	[4889]	:	time Target is 1526468
1527007	[539]	:	Key	71	DOWN	at	1527006 
1531806	[4799]	:	time Target is 1531806
1537135	[5329]	:	time Target is 1537135
1538013	[878]	:	Key	71	DOWN	at	1538012 
1542471	[4458]	:	time Target is 1542471
1543226	[755]	:	Key	71	DOWN	at	1543226 
1547809	[4583]	:	time Target is 1547809
1548892	[1083]	:	Key	71	DOWN	at	1548892 
1553144	[4252]	:	time Target is 1553144
1558471	[5327]	:	time Target is 1558471
1559454	[983]	:	Key	71	DOWN	at	1559454 
1563801	[4347]	:	time Target is 1563801
1569123	[5322]	:	time Target is 1569123
1569261	[138]	:	Key	71	DOWN	at	1569261 
1574459	[5198]	:	time Target is 1574459
1579784	[5325]	:	time Target is 1579784
1580666	[882]	:	Key	71	DOWN	at	1580666 
1585122	[4456]	:	time Target is 1585122
1590437	[5315]	:	time Target is 1590437
1595761	[5324]	:	time Target is 1595761
1597210	[1449]	:	Key	71	DOWN	at	1597209 
1601097	[3887]	:	time Target is 1601097
1601277	[180]	:	Key	71	DOWN	at	1601276 
1606430	[5153]	:	time Target is 1606430
1606940	[510]	:	Key	71	DOWN	at	1606940 
1611768	[4828]	:	time Target is 1611768
1617086	[5318]	:	time Target is 1617086
1622405	[5319]	:	time Target is 1622405
1623019	[614]	:	Key	71	DOWN	at	1623019 
1627744	[4725]	:	time Target is 1627744
1632806	[5062]	:	Key	71	DOWN	at	1632318 
1635623	[2817]	:	time Target is 1635623
1636045	[422]	:	Key	71	DOWN	at	1636045 
1640959	[4914]	:	time Target is 1640959
1641502	[543]	:	Key	71	DOWN	at	1641502 
1646295	[4793]	:	time Target is 1646295
1647391	[1096]	:	Key	71	DOWN	at	1647390 
1651646	[4255]	:	time Target is 1651646
1652589	[943]	:	Key	71	DOWN	at	1652588 
1656982	[4393]	:	time Target is 1656982
1662333	[5351]	:	time Target is 1662333
1662863	[530]	:	Key	71	DOWN	at	1662863 
1667665	[4802]	:	time Target is 1667665
1673030	[5365]	:	time Target is 1673030
1678351	[5321]	:	time Target is 1678351
1678863	[512]	:	Key	71	DOWN	at	1678863 
1683680	[4817]	:	time Target is 1683680
1689003	[5323]	:	time Target is 1689003
1694332	[5329]	:	time Target is 1694332
1699654	[5322]	:	time Target is 1699654
1700302	[648]	:	Key	71	DOWN	at	1700302 
1704986	[4684]	:	time Target is 1704986
1705466	[480]	:	Key	71	DOWN	at	1705466 
1710320	[4854]	:	time Target is 1710320
1710729	[409]	:	Key	71	DOWN	at	1710729 
1715657	[4928]	:	time Target is 1715657
1720984	[5327]	:	time Target is 1720984
1721422	[438]	:	Key	71	DOWN	at	1721422 
1726325	[4903]	:	time Target is 1726325
1726747	[422]	:	Key	71	DOWN	at	1726747 
1731656	[4909]	:	time Target is 1731656
1732010	[354]	:	Key	71	DOWN	at	1732010 
1736993	[4983]	:	time Target is 1736993
1738445	[1452]	:	Key	71	DOWN	at	1738444 
1742331	[3886]	:	time Target is 1742331
1742761	[430]	:	Key	71	DOWN	at	1742761 
1747671	[4910]	:	time Target is 1747671
1752995	[5324]	:	time Target is 1752995
1758316	[5321]	:	time Target is 1758316
1758682	[366]	:	Key	71	DOWN	at	1758681 
1763658	[4976]	:	time Target is 1763658
1767978	[4320]	:	Key	71	DOWN	at	1767692 
1767979	[1]	:	Key	71	UP	at	1767963 
1777982	[10003]	:	Key	71	DOWN	at	1777982 
1778771	[789]	:	Key	71	UP	at	1778089 
1779038	[267]	:	time Target is 1779038
1779902	[864]	:	Key	71	DOWN	at	1779902 
1784374	[4472]	:	time Target is 1784374
1789721	[5347]	:	time Target is 1789721
1790140	[419]	:	Key	71	DOWN	at	1790140 
1795058	[4918]	:	time Target is 1795058
1800380	[5322]	:	time Target is 1800380
1805441	[5061]	:	Key	71	DOWN	at	1805390 
1808255	[2814]	:	time Target is 1808255
1813574	[5319]	:	Key	71	DOWN	at	1813436 
1816124	[2550]	:	Key	71	DOWN	at	1816107 
1818674	[2550]	:	Key	71	UP	at	1818092 
1818941	[267]	:	time Target is 1818941
1819564	[623]	:	Key	71	DOWN	at	1819563 
1824287	[4723]	:	time Target is 1824287
1824621	[334]	:	Key	71	DOWN	at	1824620 
1829362	[4741]	:	Key	71	DOWN	at	1829178 
1831913	[2551]	:	Key	71	DOWN	at	1831626 
1831914	[1]	:	Key	71	UP	at	1831913 
1834728	[2814]	:	time Target is 1834728
1835469	[741]	:	Key	71	DOWN	at	1835469 
1840066	[4597]	:	time Target is 1840066
1840475	[409]	:	Key	71	DOWN	at	1840475 
1845403	[4928]	:	time Target is 1845403
1845915	[512]	:	Key	71	DOWN	at	1845914 
1850740	[4825]	:	time Target is 1850740
1851566	[826]	:	Key	71	DOWN	at	1851566 
1856074	[4508]	:	time Target is 1856074
1857498	[1424]	:	Key	71	DOWN	at	1857498 
1861410	[3912]	:	time Target is 1861410
1866733	[5323]	:	time Target is 1866733
1871793	[5060]	:	Key	71	DOWN	at	1871227 
1871793	[0]	:	Key	71	UP	at	1871594 
1874609	[2816]	:	time Target is 1874609
1879930	[5321]	:	time Target is 1879930
1880397	[467]	:	Key	71	DOWN	at	1880396 
1885267	[4870]	:	time Target is 1885267
1886206	[939]	:	Key	71	DOWN	at	1886205 
1890611	[4405]	:	time Target is 1890611
1890894	[283]	:	Key	71	DOWN	at	1890894 
1895944	[5050]	:	time Target is 1895944
1896906	[962]	:	Key	71	DOWN	at	1896905 
1901276	[4370]	:	time Target is 1901276
1906334	[5058]	:	Key	71	UP	at	1905995 
1906601	[267]	:	time Target is 1906601
1907165	[564]	:	Key	71	DOWN	at	1907165 
1911932	[4767]	:	time Target is 1911932
1917250	[5318]	:	time Target is 1917250
1917611	[361]	:	Key	71	DOWN	at	1917611 
1922582	[4971]	:	Key	71	DOWN	at	1922410 
1925129	[2547]	:	Key	71	DOWN	at	1924379 
1927942	[2813]	:	time Target is 1927942
1927951	[9]	:	Key	71	UP	at	1927950 
1928298	[347]	:	Key	71	DOWN	at	1928297 
1933285	[4987]	:	time Target is 1933285
1933774	[489]	:	Key	71	DOWN	at	1933774 
1938624	[4850]	:	time Target is 1938624
1938987	[363]	:	Key	71	DOWN	at	1938987 
1943962	[4975]	:	time Target is 1943962
1949286	[5324]	:	time Target is 1949286
1954609	[5323]	:	time Target is 1954609
1959931	[5322]	:	time Target is 1959931
1960348	[417]	:	Key	71	DOWN	at	1960347 
1965268	[4920]	:	time Target is 1965268
1965851	[583]	:	Key	71	DOWN	at	1965851 
1970605	[4754]	:	time Target is 1970605
1971053	[448]	:	Key	71	DOWN	at	1971053 
1975940	[4887]	:	time Target is 1975940
1976379	[439]	:	Key	71	DOWN	at	1976379 
1981274	[4895]	:	time Target is 1981274
1986593	[5319]	:	time Target is 1986593
1991911	[5318]	:	time Target is 1991911
1992989	[1078]	:	Key	71	DOWN	at	1992988 
1997252	[4263]	:	time Target is 1997252
2002577	[5325]	:	time Target is 2002577
2003836	[1259]	:	Key	71	DOWN	at	2003834 
2007915	[4079]	:	time Target is 2007915
2008396	[481]	:	Key	71	DOWN	at	2008395 
2013242	[4846]	:	Key	71	DOWN	at	2013019 
2013242	[0]	:	Key	71	UP	at	2013132 
2016056	[2814]	:	time Target is 2016056
2017454	[1398]	:	Key	71	DOWN	at	2017454 
2021390	[3936]	:	time Target is 2021390
2026714	[5324]	:	time Target is 2026714
2027564	[850]	:	Key	70	DOWN	at	2027563 
2027835	[271]	:	Key	70	UP	at	2027834 
2032038	[4203]	:	time Target is 2032038
2032718	[680]	:	Key	71	DOWN	at	2032718 
2037375	[4657]	:	time Target is 2037375
2042693	[5318]	:	time Target is 2042693
2048018	[5325]	:	time Target is 2048018
2053342	[5324]	:	time Target is 2053342
2058677	[5335]	:	time Target is 2058677
2063993	[5316]	:	time Target is 2063993
2069313	[5320]	:	time Target is 2069313
2074629	[5316]	:	time Target is 2074629
2075114	[485]	:	Key	71	DOWN	at	2075114 
2079967	[4853]	:	time Target is 2079967
2080670	[703]	:	Key	71	DOWN	at	2080670 
2085304	[4634]	:	time Target is 2085304
2090627	[5323]	:	time Target is 2090627
2095949	[5322]	:	time Target is 2095949
2101267	[5318]	:	Key	71	UP	at	2101242 
2101275	[8]	:	time Target is 2101275
2101962	[687]	:	Key	71	DOWN	at	2101961 
2106610	[4648]	:	time Target is 2106610
2111667	[5057]	:	Key	71	UP	at	2110970 
2111934	[267]	:	time Target is 2111934
2117258	[5324]	:	time Target is 2117258
2122581	[5323]	:	time Target is 2122581
2123261	[680]	:	Key	71	DOWN	at	2123260 
2127923	[4662]	:	time Target is 2127923
2133247	[5324]	:	time Target is 2133247
2138573	[5326]	:	time Target is 2138573
2143903	[5330]	:	time Target is 2143903
2144288	[385]	:	Key	71	DOWN	at	2144287 
2149243	[4955]	:	time Target is 2149243
2149854	[611]	:	Key	71	DOWN	at	2149854 
2154576	[4722]	:	time Target is 2154576
2156027	[1451]	:	Key	71	DOWN	at	2156027 
2159914	[3887]	:	time Target is 2159914
2160447	[533]	:	Key	71	DOWN	at	2160446 
2165250	[4803]	:	time Target is 2165250
2165977	[727]	:	Key	71	DOWN	at	2165977 
2170589	[4612]	:	time Target is 2170589
2171130	[541]	:	Key	71	DOWN	at	2171130 
2175924	[4794]	:	time Target is 2175924
2176541	[617]	:	Key	71	DOWN	at	2176541 
2181259	[4718]	:	time Target is 2181259
2181724	[465]	:	Key	71	DOWN	at	2181723 
2186594	[4870]	:	time Target is 2186594
2191915	[5321]	:	time Target is 2191915
2197236	[5321]	:	time Target is 2197236
2202560	[5324]	:	time Target is 2202560
2207884	[5324]	:	time Target is 2207884
2213207	[5323]	:	time Target is 2213207
2218529	[5322]	:	time Target is 2218529
2219130	[601]	:	Key	71	DOWN	at	2219130 
2223865	[4735]	:	time Target is 2223865
2224958	[1093]	:	Key	71	DOWN	at	2224958 
2229199	[4241]	:	time Target is 2229199
2229708	[509]	:	Key	71	DOWN	at	2229708 
2233507	[3799]	:	Key	71	UP	at	2229867 
2241789	[8282]	:	Key	71	DOWN	at	2241788 
2242138	[349]	:	Key	71	UP	at	2242137 
2260602	[18464]	:	Key	28	DOWN	at	2260602 
2260782	[180]	:	Key	28	UP	at	2260782 
2270747	[9965]	:	Key	29	DOWN	at	2270746 
2270909	[162]	:	Key	29	UP	at	2270909 
2280654	[9745]	:	Key	29	DOWN	at	2280654 
2280748	[94]	:	Key	29	UP	at	2280748 
2281711	[963]	:	Key	29	DOWN	at	2281710 
2281791	[80]	:	Key	29	UP	at	2281791 
2289534	[7743]	:	Key	28	DOWN	at	2289533 
2289821	[287]	:	Key	28	UP	at	2289821 
2290475	[654]	:	Key	29	DOWN	at	2290475 
2290669	[194]	:	Key	29	UP	at	2290668 
2295147	[4478]	:	Key	28	DOWN	at	2295147 
2295275	[128]	:	Key	28	UP	at	2295274 
2296172	[897]	:	Key	28	DOWN	at	2296172 
2296285	[113]	:	Key	28	UP	at	2296284 
2297770	[1485]	:	Key	29	DOWN	at	2297770 
2297901	[131]	:	Key	29	UP	at	2297900 
2298141	[240]	:	Key	29	DOWN	at	2298140 
2298252	[111]	:	Key	29	UP	at	2298252 
2301466	[3214]	:	Key	29	DOWN	at	2301466 
2301629	[163]	:	Key	29	UP	at	2301628 
2304956	[3327]	:	Key	29	DOWN	at	2304955 
2305101	[145]	:	Key	29	UP	at	2305101 
2308795	[3694]	:	Key	28	DOWN	at	2308795 
2308922	[127]	:	Key	28	UP	at	2308921 
2309086	[164]	:	Key	28	DOWN	at	2309085 
2309167	[81]	:	Key	28	UP	at	2309166 
2310906	[1739]	:	Key	28	DOWN	at	2310906 
2310975	[69]	:	Key	28	UP	at	2310974 
2311131	[156]	:	Key	28	DOWN	at	2311131 
2311202	[71]	:	COGENT STOP
