Cog2000 log file Mon Aug 19 10:19:57 2019
gprim v1.33 Compiled:Aug 12 2015 (GLib DirectDraw v7 DX12.0 Compiled:Aug 12 2015)
Display:1024x768x32 59.99Hz
Attaching C:\Program Files\Cogent2000v1.33\Toolbox\CogInput.mexw64
CogInput v1.05 Compiled: May 20 2010
6	[6]	:	COGENT START
7201	[7195]	:	Key	71	DOWN	at	7197    
7309	[108]	:	Key	71	UP	at	7309    
26317	[19008]	:	Key	71	DOWN	at	26316   
26398	[81]	:	Key	71	UP	at	26398   
30688	[4290]	:	Key	71	DOWN	at	30685   
30795	[107]	:	Key	71	UP	at	30795   
45626	[14831]	:	Key	71	DOWN	at	45625   
45691	[65]	:	Key	71	UP	at	45690   
60239	[14548]	:	Key	71	DOWN	at	60238   
60301	[62]	:	Key	71	UP	at	60301   
78989	[18688]	:	Key	71	DOWN	at	78989   
79890	[901]	:	time Target is 79864
80253	[363]	:	Key	71	DOWN	at	80252   
85985	[5732]	:	time Target is 85984
86284	[299]	:	Key	71	DOWN	at	86284   
92082	[5798]	:	time Target is 92082
92411	[329]	:	Key	71	DOWN	at	92411   
98185	[5774]	:	time Target is 98184
99276	[1091]	:	Key	71	DOWN	at	99276   
107020	[7744]	:	Key	71	DOWN	at	107020  
108096	[1076]	:	time Target is 108092
114428	[6332]	:	time Target is 114427
120751	[6323]	:	time Target is 120751
127074	[6323]	:	time Target is 127073
145913	[18839]	:	Key	71	DOWN	at	145913  
146042	[129]	:	Key	71	UP	at	146042  
150060	[4018]	:	Key	71	DOWN	at	150059  
150142	[82]	:	Key	71	UP	at	150141  
154521	[4379]	:	Key	71	DOWN	at	154521  
154585	[64]	:	Key	71	UP	at	154585  
163227	[8642]	:	Key	71	DOWN	at	163227  
163321	[94]	:	Key	71	UP	at	163321  
168361	[5040]	:	Key	71	DOWN	at	168361  
169189	[828]	:	Key	71	UP	at	168508  
169213	[24]	:	time Target is 169213
169819	[606]	:	Key	71	DOWN	at	169818  
174316	[4497]	:	time Target is 174316
179398	[5082]	:	time Target is 179398
179466	[68]	:	Key	71	DOWN	at	179465  
184496	[5030]	:	time Target is 184496
196221	[11725]	:	Key	71	DOWN	at	196220  
196284	[63]	:	Key	71	UP	at	196284  
200665	[4381]	:	Key	71	DOWN	at	200665  
201458	[793]	:	Key	71	UP	at	200794  
201478	[20]	:	time Target is 201477
202140	[662]	:	Key	71	DOWN	at	202140  
206571	[4431]	:	time Target is 206571
211644	[5073]	:	time Target is 211644
212299	[655]	:	Key	71	DOWN	at	212299  
216731	[4432]	:	time Target is 216731
228026	[11295]	:	Key	71	DOWN	at	228024  
228108	[82]	:	Key	71	UP	at	228107  
232714	[4606]	:	Key	71	DOWN	at	232713  
233504	[790]	:	Key	71	UP	at	232825  
233527	[23]	:	time Target is 233527
233934	[407]	:	Key	71	DOWN	at	233934  
238613	[4679]	:	time Target is 238613
243693	[5080]	:	time Target is 243692
244717	[1024]	:	Key	71	DOWN	at	244717  
248780	[4063]	:	time Target is 248779
260872	[12092]	:	Key	71	DOWN	at	260872  
260940	[68]	:	Key	71	UP	at	260940  
266527	[5587]	:	Key	71	DOWN	at	266526  
267317	[790]	:	Key	71	UP	at	266635  
267338	[21]	:	time Target is 267338
267994	[656]	:	Key	71	DOWN	at	267994  
272433	[4439]	:	time Target is 272433
272940	[507]	:	Key	71	DOWN	at	272940  
277535	[4595]	:	time Target is 277534
282606	[5071]	:	time Target is 282605
293899	[11293]	:	Key	60	DOWN	at	293899  
293964	[65]	:	Key	60	UP	at	293963  
294572	[608]	:	Key	71	DOWN	at	294571  
294653	[81]	:	Key	71	UP	at	294652  
309720	[15067]	:	Key	71	DOWN	at	309720  
309820	[100]	:	Key	71	UP	at	309820  
323708	[13888]	:	Key	71	DOWN	at	323708  
323804	[96]	:	Key	71	UP	at	323804  
347899	[24095]	:	Key	71	DOWN	at	347899  
347982	[83]	:	Key	71	UP	at	347981  
350570	[2588]	:	Key	71	DOWN	at	350570  
353149	[2579]	:	time Target is 353149
353678	[529]	:	Key	71	DOWN	at	353678  
358477	[4799]	:	time Target is 358477
363803	[5326]	:	time Target is 363803
364542	[739]	:	Key	71	DOWN	at	364541  
369146	[4604]	:	time Target is 369146
374484	[5338]	:	time Target is 374483
379812	[5328]	:	time Target is 379812
380171	[359]	:	Key	71	DOWN	at	380171  
385153	[4982]	:	time Target is 385153
386137	[984]	:	Key	71	DOWN	at	386137  
390490	[4353]	:	time Target is 390490
395812	[5322]	:	time Target is 395812
396107	[295]	:	Key	71	DOWN	at	396106  
401155	[5048]	:	time Target is 401155
402520	[1365]	:	Key	71	DOWN	at	402520  
406496	[3976]	:	time Target is 406496
411821	[5325]	:	time Target is 411821
413146	[1325]	:	Key	71	DOWN	at	413146  
417159	[4013]	:	time Target is 417159
417659	[500]	:	Key	71	DOWN	at	417659  
422490	[4831]	:	time Target is 422490
427812	[5322]	:	time Target is 427812
428282	[470]	:	Key	71	DOWN	at	428282  
433153	[4871]	:	time Target is 433153
433471	[318]	:	Key	71	DOWN	at	433470  
438490	[5019]	:	time Target is 438490
438799	[309]	:	Key	71	DOWN	at	438798  
443825	[5026]	:	time Target is 443825
449150	[5325]	:	time Target is 449150
454470	[5320]	:	time Target is 454470
454810	[340]	:	Key	71	DOWN	at	454810  
459807	[4997]	:	time Target is 459806
465128	[5321]	:	time Target is 465128
465466	[338]	:	Key	71	DOWN	at	465465  
470466	[5000]	:	time Target is 470466
475779	[5313]	:	time Target is 475779
476204	[425]	:	Key	71	DOWN	at	476204  
481116	[4912]	:	time Target is 481116
481947	[831]	:	Key	71	DOWN	at	481947  
486452	[4505]	:	time Target is 486452
487116	[664]	:	Key	71	DOWN	at	487116  
491788	[4672]	:	time Target is 491788
497112	[5324]	:	time Target is 497112
497594	[482]	:	Key	71	DOWN	at	497594  
502453	[4859]	:	time Target is 502453
503113	[660]	:	Key	71	DOWN	at	503113  
507527	[4414]	:	Key	71	DOWN	at	507262  
507528	[1]	:	Key	71	UP	at	507308  
510344	[2816]	:	time Target is 510344
510702	[358]	:	Key	71	DOWN	at	510702  
515682	[4980]	:	time Target is 515682
520998	[5316]	:	time Target is 520998
526316	[5318]	:	time Target is 526316
526686	[370]	:	Key	71	DOWN	at	526685  
531652	[4966]	:	time Target is 531652
536972	[5320]	:	time Target is 536972
542290	[5318]	:	time Target is 542290
542664	[374]	:	Key	71	DOWN	at	542664  
547628	[4964]	:	time Target is 547628
552951	[5323]	:	time Target is 552951
553645	[694]	:	Key	71	DOWN	at	553645  
558289	[4644]	:	time Target is 558289
558653	[364]	:	Key	71	DOWN	at	558653  
563625	[4972]	:	time Target is 563625
564364	[739]	:	Key	71	DOWN	at	564364  
568966	[4602]	:	time Target is 568966
569982	[1016]	:	Key	71	DOWN	at	569982  
574305	[4323]	:	time Target is 574305
579629	[5324]	:	time Target is 579629
584948	[5319]	:	time Target is 584948
585256	[308]	:	Key	71	DOWN	at	585256  
590281	[5025]	:	time Target is 590281
595602	[5321]	:	time Target is 595602
600915	[5313]	:	time Target is 600915
602365	[1450]	:	Key	71	DOWN	at	602365  
606252	[3887]	:	time Target is 606252
611575	[5323]	:	time Target is 611575
612747	[1172]	:	Key	71	DOWN	at	612747  
616910	[4163]	:	time Target is 616910
617868	[958]	:	Key	71	DOWN	at	617868  
622245	[4377]	:	time Target is 622245
627563	[5318]	:	time Target is 627563
629037	[1474]	:	Key	71	DOWN	at	629036  
632898	[3861]	:	time Target is 632898
638217	[5319]	:	time Target is 638217
638541	[324]	:	Key	71	DOWN	at	638541  
643552	[5011]	:	time Target is 643552
648874	[5322]	:	time Target is 648874
654193	[5319]	:	time Target is 654193
659512	[5319]	:	time Target is 659512
660253	[741]	:	Key	71	DOWN	at	660253  
664849	[4596]	:	time Target is 664849
670171	[5322]	:	time Target is 670171
670541	[370]	:	Key	71	DOWN	at	670541  
675505	[4964]	:	time Target is 675505
676044	[539]	:	Key	71	DOWN	at	676044  
680840	[4796]	:	time Target is 680840
686158	[5318]	:	time Target is 686158
686696	[538]	:	Key	71	DOWN	at	686696  
691493	[4797]	:	time Target is 691493
691820	[327]	:	Key	71	DOWN	at	691820  
696831	[5011]	:	time Target is 696831
697181	[350]	:	Key	71	DOWN	at	697181  
702157	[4976]	:	time Target is 702157
707480	[5323]	:	time Target is 707480
712803	[5323]	:	time Target is 712803
713132	[329]	:	Key	71	DOWN	at	713132  
718134	[5002]	:	time Target is 718134
719626	[1492]	:	Key	71	DOWN	at	719625  
723469	[3843]	:	time Target is 723469
728786	[5317]	:	time Target is 728786
734101	[5315]	:	time Target is 734101
739421	[5320]	:	time Target is 739421
740168	[747]	:	Key	71	DOWN	at	740168  
744756	[4588]	:	time Target is 744756
745325	[569]	:	Key	71	DOWN	at	745324  
750093	[4768]	:	time Target is 750093
755415	[5322]	:	time Target is 755415
755949	[534]	:	Key	71	DOWN	at	755949  
760756	[4807]	:	time Target is 760756
761517	[761]	:	Key	71	DOWN	at	761517  
766089	[4572]	:	time Target is 766089
771407	[5318]	:	time Target is 771407
776736	[5329]	:	time Target is 776736
782058	[5322]	:	time Target is 782058
782714	[656]	:	Key	71	DOWN	at	782714  
787393	[4679]	:	time Target is 787393
792709	[5316]	:	time Target is 792709
798030	[5321]	:	time Target is 798030
798910	[880]	:	Key	71	DOWN	at	798909  
803369	[4459]	:	time Target is 803369
804380	[1011]	:	Key	71	DOWN	at	804380  
808703	[4323]	:	time Target is 808703
814027	[5324]	:	time Target is 814027
814333	[306]	:	Key	71	DOWN	at	814333  
819362	[5029]	:	time Target is 819362
819690	[328]	:	Key	71	DOWN	at	819690  
824694	[5004]	:	time Target is 824694
825051	[357]	:	Key	71	DOWN	at	825051  
828995	[3944]	:	Key	71	UP	at	825162  
830429	[1434]	:	Key	71	DOWN	at	830428  
831217	[788]	:	Key	71	UP	at	830540  
831487	[270]	:	time Target is 831487
832329	[842]	:	Key	71	DOWN	at	832329  
836822	[4493]	:	time Target is 836822
837688	[866]	:	Key	71	DOWN	at	837688  
842159	[4471]	:	time Target is 842159
842651	[492]	:	Key	71	DOWN	at	842651  
847485	[4834]	:	time Target is 847485
847997	[512]	:	Key	71	DOWN	at	847997  
852818	[4821]	:	time Target is 852818
853131	[313]	:	Key	71	DOWN	at	853130  
858154	[5023]	:	time Target is 858154
858478	[324]	:	Key	71	DOWN	at	858477  
863484	[5006]	:	time Target is 863484
863758	[274]	:	Key	71	DOWN	at	863758  
868814	[5056]	:	time Target is 868814
870110	[1296]	:	Key	71	DOWN	at	870109  
874154	[4044]	:	time Target is 874154
874445	[291]	:	Key	71	DOWN	at	874445  
879484	[5039]	:	time Target is 879484
884807	[5323]	:	time Target is 884807
885117	[310]	:	Key	71	DOWN	at	885117  
890139	[5022]	:	time Target is 890139
890875	[736]	:	Key	71	DOWN	at	890875  
895474	[4599]	:	time Target is 895474
895838	[364]	:	Key	71	DOWN	at	895838  
900811	[4973]	:	time Target is 900811
901532	[721]	:	Key	71	DOWN	at	901532  
906146	[4614]	:	time Target is 906146
911472	[5326]	:	time Target is 911472
911774	[302]	:	Key	71	DOWN	at	911773  
916805	[5031]	:	time Target is 916805
917161	[356]	:	Key	71	DOWN	at	917161  
922146	[4985]	:	time Target is 922146
922478	[332]	:	Key	71	DOWN	at	922477  
927486	[5008]	:	time Target is 927486
927772	[286]	:	Key	71	DOWN	at	927771  
932825	[5053]	:	time Target is 932825
933309	[484]	:	Key	71	DOWN	at	933309  
938161	[4852]	:	time Target is 938161
938555	[394]	:	Key	71	DOWN	at	938555  
943498	[4943]	:	time Target is 943498
948817	[5319]	:	time Target is 948817
949466	[649]	:	Key	71	DOWN	at	949465  
954157	[4691]	:	time Target is 954157
959477	[5320]	:	time Target is 959477
959883	[406]	:	Key	71	DOWN	at	959883  
964809	[4926]	:	time Target is 964809
965246	[437]	:	Key	71	DOWN	at	965246  
970143	[4897]	:	time Target is 970143
975466	[5323]	:	time Target is 975466
980779	[5313]	:	time Target is 980779
986105	[5326]	:	time Target is 986105
987192	[1087]	:	Key	71	DOWN	at	987192  
991440	[4248]	:	time Target is 991440
996763	[5323]	:	time Target is 996763
997688	[925]	:	Key	71	DOWN	at	997688  
1002101	[4413]	:	time Target is 1002101
1007420	[5319]	:	time Target is 1007420
1012738	[5318]	:	time Target is 1012738
1018069	[5331]	:	time Target is 1018069
1023388	[5319]	:	time Target is 1023388
1028709	[5321]	:	time Target is 1028709
1034025	[5316]	:	time Target is 1034025
1039343	[5318]	:	time Target is 1039343
1040444	[1101]	:	Key	71	DOWN	at	1040443 
1044679	[4235]	:	time Target is 1044679
1049997	[5318]	:	time Target is 1049997
1050556	[559]	:	Key	71	DOWN	at	1050556 
1055335	[4779]	:	time Target is 1055335
1060654	[5319]	:	time Target is 1060654
1065978	[5324]	:	time Target is 1065978
1071299	[5321]	:	time Target is 1071299
1072078	[779]	:	Key	71	DOWN	at	1072077 
1076633	[4555]	:	time Target is 1076633
1081953	[5320]	:	time Target is 1081953
1083416	[1463]	:	Key	71	DOWN	at	1083416 
1087288	[3872]	:	time Target is 1087288
1092603	[5315]	:	time Target is 1092603
1097926	[5323]	:	time Target is 1097926
1103249	[5323]	:	time Target is 1103249
1108565	[5316]	:	time Target is 1108565
1113886	[5321]	:	time Target is 1113886
1119207	[5321]	:	time Target is 1119207
1124526	[5319]	:	time Target is 1124526
1129580	[5054]	:	Key	71	DOWN	at	1129467 
1132392	[2812]	:	time Target is 1132392
1137712	[5320]	:	time Target is 1137712
1138029	[317]	:	Key	71	DOWN	at	1138029 
1143048	[5019]	:	time Target is 1143048
1144443	[1395]	:	Key	71	DOWN	at	1144442 
1148381	[3938]	:	time Target is 1148381
1153698	[5317]	:	time Target is 1153698
1154126	[428]	:	Key	71	DOWN	at	1154125 
1159041	[4915]	:	time Target is 1159041
1159433	[392]	:	Key	71	DOWN	at	1159432 
1164377	[4944]	:	time Target is 1164377
1165289	[912]	:	Key	71	DOWN	at	1165288 
1169716	[4427]	:	time Target is 1169716
1175034	[5318]	:	time Target is 1175034
1175640	[606]	:	Key	71	DOWN	at	1175640 
1180369	[4729]	:	time Target is 1180369
1185688	[5319]	:	time Target is 1185688
1186139	[451]	:	Key	71	DOWN	at	1186138 
1191029	[4890]	:	time Target is 1191029
1191933	[904]	:	Key	71	DOWN	at	1191932 
1196357	[4424]	:	time Target is 1196357
1197066	[709]	:	Key	71	DOWN	at	1197066 
1201695	[4629]	:	time Target is 1201695
1207018	[5323]	:	time Target is 1207018
1208110	[1092]	:	Key	71	DOWN	at	1208109 
1212350	[4240]	:	time Target is 1212350
1217672	[5322]	:	time Target is 1217672
1218030	[358]	:	Key	71	DOWN	at	1218029 
1223011	[4981]	:	time Target is 1223011
1228336	[5325]	:	time Target is 1228336
1233661	[5325]	:	time Target is 1233661
1234046	[385]	:	Key	71	DOWN	at	1234045 
1238998	[4952]	:	time Target is 1238998
1244320	[5322]	:	time Target is 1244320
1249643	[5323]	:	time Target is 1249643
1254961	[5318]	:	time Target is 1254961
1260283	[5322]	:	time Target is 1260283
1261049	[766]	:	Key	71	DOWN	at	1261048 
1265612	[4563]	:	time Target is 1265612
1270934	[5322]	:	time Target is 1270934
1271180	[246]	:	Key	71	DOWN	at	1271179 
1276270	[5090]	:	time Target is 1276270
1276811	[541]	:	Key	71	DOWN	at	1276811 
1281607	[4796]	:	time Target is 1281607
1286930	[5323]	:	time Target is 1286930
1287962	[1032]	:	Key	71	DOWN	at	1287962 
1292264	[4302]	:	time Target is 1292264
1297577	[5313]	:	time Target is 1297577
1298653	[1076]	:	Key	71	DOWN	at	1298653 
1302920	[4267]	:	time Target is 1302920
1303705	[785]	:	Key	71	DOWN	at	1303705 
1307223	[3518]	:	Key	71	UP	at	1303805 
1309385	[2162]	:	Key	71	DOWN	at	1309385 
1309485	[100]	:	Key	71	UP	at	1309484 
1313257	[3772]	:	Key	71	DOWN	at	1313257 
1314050	[793]	:	Key	71	UP	at	1313401 
1314318	[268]	:	time Target is 1314318
1315213	[895]	:	Key	71	DOWN	at	1315213 
1319645	[4432]	:	time Target is 1319645
1324970	[5325]	:	time Target is 1324970
1325644	[674]	:	Key	71	DOWN	at	1325643 
1330307	[4663]	:	time Target is 1330307
1331115	[808]	:	Key	71	DOWN	at	1331115 
1335642	[4527]	:	time Target is 1335642
1336492	[850]	:	Key	71	DOWN	at	1336492 
1340984	[4492]	:	time Target is 1340984
1346039	[5055]	:	Key	71	DOWN	at	1346013 
1348858	[2819]	:	time Target is 1348858
1349451	[593]	:	Key	71	DOWN	at	1349451 
1354195	[4744]	:	time Target is 1354195
1355179	[984]	:	Key	71	DOWN	at	1355179 
1359529	[4350]	:	time Target is 1359529
1364855	[5326]	:	time Target is 1364855
1370178	[5323]	:	time Target is 1370178
1371452	[1274]	:	Key	71	DOWN	at	1371452 
1375513	[4061]	:	time Target is 1375513
1376494	[981]	:	Key	71	DOWN	at	1376493 
1380850	[4356]	:	time Target is 1380850
1386169	[5319]	:	time Target is 1386169
1391494	[5325]	:	time Target is 1391494
1392105	[611]	:	Key	71	DOWN	at	1392105 
1396830	[4725]	:	time Target is 1396830
1397147	[317]	:	Key	71	DOWN	at	1397147 
1402163	[5016]	:	time Target is 1402163
1407481	[5318]	:	time Target is 1407481
1408013	[532]	:	Key	71	DOWN	at	1408013 
1412807	[4794]	:	time Target is 1412807
1413694	[887]	:	Key	71	DOWN	at	1413693 
1418148	[4454]	:	time Target is 1418148
1418987	[839]	:	Key	71	DOWN	at	1418987 
1423480	[4493]	:	time Target is 1423480
1423820	[340]	:	Key	71	DOWN	at	1423820 
1428813	[4993]	:	time Target is 1428813
1434130	[5317]	:	time Target is 1434130
1435483	[1353]	:	Key	71	DOWN	at	1435483 
1439471	[3988]	:	time Target is 1439471
1440523	[1052]	:	Key	71	DOWN	at	1440523 
1444804	[4281]	:	time Target is 1444804
1450124	[5320]	:	time Target is 1450124
1455445	[5321]	:	time Target is 1455445
1456159	[714]	:	Key	71	DOWN	at	1456158 
1460775	[4616]	:	time Target is 1460775
1466094	[5319]	:	time Target is 1466094
1466478	[384]	:	Key	71	DOWN	at	1466477 
1471433	[4955]	:	time Target is 1471433
1476754	[5321]	:	time Target is 1476754
1482068	[5314]	:	time Target is 1482068
1482509	[441]	:	Key	71	DOWN	at	1482509 
1487405	[4896]	:	time Target is 1487405
1492725	[5320]	:	time Target is 1492725
1493147	[422]	:	Key	71	DOWN	at	1493146 
1498059	[4912]	:	time Target is 1498059
1503380	[5321]	:	time Target is 1503380
1508703	[5323]	:	time Target is 1508703
1514018	[5315]	:	time Target is 1514018
1519341	[5323]	:	time Target is 1519341
1520252	[911]	:	Key	71	DOWN	at	1520252 
1524670	[4418]	:	time Target is 1524670
1526057	[1387]	:	Key	71	DOWN	at	1526056 
1530007	[3950]	:	time Target is 1530007
1530347	[340]	:	Key	71	DOWN	at	1530346 
1535348	[5001]	:	time Target is 1535348
1535993	[645]	:	Key	71	DOWN	at	1535993 
1540682	[4689]	:	time Target is 1540682
1541116	[434]	:	Key	71	DOWN	at	1541116 
1546016	[4900]	:	time Target is 1546016
1551340	[5324]	:	time Target is 1551340
1556661	[5321]	:	time Target is 1556661
1561979	[5318]	:	time Target is 1561979
1562456	[477]	:	Key	71	DOWN	at	1562456 
1567316	[4860]	:	time Target is 1567316
1567836	[520]	:	Key	71	DOWN	at	1567836 
1572652	[4816]	:	time Target is 1572652
1577972	[5320]	:	time Target is 1577972
1578316	[344]	:	Key	71	DOWN	at	1578316 
1583308	[4992]	:	time Target is 1583308
1588629	[5321]	:	time Target is 1588629
1593951	[5322]	:	time Target is 1593951
1594777	[826]	:	Key	71	DOWN	at	1594777 
1599289	[4512]	:	time Target is 1599289
1599594	[305]	:	Key	71	DOWN	at	1599593 
1604627	[5033]	:	time Target is 1604627
1604906	[279]	:	Key	71	DOWN	at	1604906 
1609957	[5051]	:	time Target is 1609957
1615279	[5322]	:	time Target is 1615279
1620603	[5324]	:	time Target is 1620603
1625927	[5324]	:	time Target is 1625927
1626233	[306]	:	Key	71	DOWN	at	1626232 
1631262	[5029]	:	time Target is 1631262
1636581	[5319]	:	time Target is 1636581
1637849	[1268]	:	Key	71	DOWN	at	1637849 
1641916	[4067]	:	time Target is 1641916
1642186	[270]	:	Key	71	DOWN	at	1642185 
1647245	[5059]	:	time Target is 1647245
1652565	[5320]	:	time Target is 1652565
1653226	[661]	:	Key	71	DOWN	at	1653226 
1657897	[4671]	:	time Target is 1657897
1663236	[5339]	:	time Target is 1663236
1663709	[473]	:	Key	71	DOWN	at	1663708 
1668579	[4870]	:	time Target is 1668579
1673900	[5321]	:	time Target is 1673900
1674474	[574]	:	Key	71	DOWN	at	1674473 
1679238	[4764]	:	time Target is 1679238
1684556	[5318]	:	time Target is 1684556
1684985	[429]	:	Key	71	DOWN	at	1684985 
1689892	[4907]	:	time Target is 1689892
1695211	[5319]	:	time Target is 1695211
1696105	[894]	:	Key	71	DOWN	at	1696104 
1700550	[4445]	:	time Target is 1700550
1705894	[5344]	:	time Target is 1705893
1711217	[5323]	:	time Target is 1711217
1712142	[925]	:	Key	71	DOWN	at	1712142 
1716554	[4412]	:	time Target is 1716554
1717001	[447]	:	Key	71	DOWN	at	1717000 
1721892	[4891]	:	time Target is 1721892
1722152	[260]	:	Key	71	DOWN	at	1722152 
1727227	[5075]	:	time Target is 1727227
1728541	[1314]	:	Key	71	DOWN	at	1728540 
1732566	[4025]	:	time Target is 1732566
1737882	[5316]	:	time Target is 1737882
1738589	[707]	:	Key	71	DOWN	at	1738588 
1743221	[4632]	:	time Target is 1743221
1748540	[5319]	:	time Target is 1748540
1749387	[847]	:	Key	71	DOWN	at	1749386 
1753885	[4498]	:	time Target is 1753885
1759209	[5324]	:	time Target is 1759209
1760120	[911]	:	Key	71	DOWN	at	1760120 
1764535	[4415]	:	time Target is 1764535
1765867	[1332]	:	Key	71	DOWN	at	1765867 
1769864	[3997]	:	time Target is 1769864
1771228	[1364]	:	Key	71	DOWN	at	1771227 
1775201	[3973]	:	time Target is 1775201
1780521	[5320]	:	time Target is 1780521
1781545	[1024]	:	Key	71	DOWN	at	1781545 
1785852	[4307]	:	time Target is 1785852
1791807	[5955]	:	Key	71	DOWN	at	1791806 
1792597	[790]	:	Key	71	UP	at	1791930 
1792865	[268]	:	time Target is 1792865
1793294	[429]	:	Key	71	DOWN	at	1793294 
1798222	[4928]	:	time Target is 1798222
1798953	[731]	:	Key	71	DOWN	at	1798953 
1803572	[4619]	:	time Target is 1803572
1808894	[5322]	:	time Target is 1808894
1809148	[254]	:	Key	71	DOWN	at	1809148 
1814232	[5084]	:	time Target is 1814232
1815051	[819]	:	Key	71	DOWN	at	1815050 
1819570	[4519]	:	time Target is 1819570
1824889	[5319]	:	time Target is 1824889
1825436	[547]	:	Key	71	DOWN	at	1825435 
1830228	[4792]	:	time Target is 1830228
1835546	[5318]	:	time Target is 1835546
1835898	[352]	:	Key	71	DOWN	at	1835897 
1840877	[4979]	:	time Target is 1840877
1841357	[480]	:	Key	71	DOWN	at	1841356 
1846221	[4864]	:	time Target is 1846221
1851539	[5318]	:	time Target is 1851539
1856863	[5324]	:	time Target is 1856863
1857195	[332]	:	Key	71	DOWN	at	1857194 
1862201	[5006]	:	time Target is 1862201
1867523	[5322]	:	time Target is 1867523
1867981	[458]	:	Key	71	DOWN	at	1867980 
1872856	[4875]	:	time Target is 1872856
1873310	[454]	:	Key	71	DOWN	at	1873309 
1878195	[4885]	:	time Target is 1878195
1878637	[442]	:	Key	71	DOWN	at	1878636 
1883529	[4892]	:	time Target is 1883529
1888850	[5321]	:	time Target is 1888850
1894175	[5325]	:	time Target is 1894175
1895323	[1148]	:	Key	71	DOWN	at	1895322 
1899511	[4188]	:	time Target is 1899511
1900014	[503]	:	Key	71	DOWN	at	1900013 
1904845	[4831]	:	time Target is 1904845
1906121	[1276]	:	Key	71	DOWN	at	1906121 
1910180	[4059]	:	time Target is 1910180
1915498	[5318]	:	time Target is 1915498
1916906	[1408]	:	Key	71	DOWN	at	1916906 
1920833	[3927]	:	time Target is 1920833
1926166	[5333]	:	time Target is 1926166
1926891	[725]	:	Key	71	DOWN	at	1926890 
1931501	[4610]	:	time Target is 1931501
1936824	[5323]	:	time Target is 1936824
1942144	[5320]	:	time Target is 1942144
1942445	[301]	:	Key	71	DOWN	at	1942445 
1947478	[5033]	:	time Target is 1947478
1948506	[1028]	:	Key	71	DOWN	at	1948506 
1952817	[4311]	:	time Target is 1952817
1958133	[5316]	:	time Target is 1958133
1963458	[5325]	:	time Target is 1963458
1964350	[892]	:	Key	71	DOWN	at	1964350 
1968795	[4445]	:	time Target is 1968795
1974113	[5318]	:	time Target is 1974113
1979429	[5316]	:	time Target is 1979429
1984748	[5319]	:	time Target is 1984748
1990072	[5324]	:	time Target is 1990072
1991229	[1157]	:	Key	71	DOWN	at	1991228 
1995408	[4179]	:	time Target is 1995408
1995852	[444]	:	Key	71	DOWN	at	1995852 
2000755	[4903]	:	time Target is 2000755
2001004	[249]	:	Key	71	DOWN	at	2001004 
2006097	[5093]	:	time Target is 2006097
2011421	[5324]	:	time Target is 2011421
2016741	[5320]	:	time Target is 2016741
2022065	[5324]	:	time Target is 2022065
2022381	[316]	:	Key	71	DOWN	at	2022381 
2027402	[5021]	:	time Target is 2027402
2027898	[496]	:	Key	71	DOWN	at	2027898 
2032737	[4839]	:	time Target is 2032737
2038066	[5329]	:	time Target is 2038066
2043390	[5324]	:	time Target is 2043390
2048710	[5320]	:	time Target is 2048710
2049534	[824]	:	Key	71	DOWN	at	2049534 
2054043	[4509]	:	time Target is 2054043
2059360	[5317]	:	time Target is 2059360
2060155	[795]	:	Key	71	DOWN	at	2060154 
2064703	[4548]	:	time Target is 2064703
2065784	[1081]	:	Key	71	DOWN	at	2065784 
2070041	[4257]	:	time Target is 2070041
2070492	[451]	:	Key	71	DOWN	at	2070492 
2075371	[4879]	:	time Target is 2075371
2080690	[5319]	:	time Target is 2080690
2081820	[1130]	:	Key	71	DOWN	at	2081819 
2086025	[4205]	:	time Target is 2086025
2091340	[5315]	:	time Target is 2091340
2096661	[5321]	:	time Target is 2096661
2097034	[373]	:	Key	71	DOWN	at	2097033 
2101999	[4965]	:	time Target is 2101999
2102329	[330]	:	Key	71	DOWN	at	2102329 
2107325	[4996]	:	time Target is 2107325
2112646	[5321]	:	time Target is 2112646
2117967	[5321]	:	time Target is 2117967
2123293	[5326]	:	time Target is 2123293
2128608	[5315]	:	time Target is 2128608
2133928	[5320]	:	time Target is 2133928
2139249	[5321]	:	time Target is 2139249
2144573	[5324]	:	time Target is 2144573
2145211	[638]	:	Key	71	DOWN	at	2145210 
2149911	[4700]	:	time Target is 2149911
2155231	[5320]	:	time Target is 2155231
2160552	[5321]	:	time Target is 2160552
2161195	[643]	:	Key	71	DOWN	at	2161195 
2165889	[4694]	:	time Target is 2165889
2171213	[5324]	:	time Target is 2171213
2176536	[5323]	:	time Target is 2176536
2177018	[482]	:	Key	71	DOWN	at	2177018 
2181872	[4854]	:	time Target is 2181872
2182268	[396]	:	Key	71	DOWN	at	2182268 
2187209	[4941]	:	time Target is 2187209
2192526	[5317]	:	time Target is 2192526
2197845	[5319]	:	time Target is 2197845
2198442	[597]	:	Key	71	DOWN	at	2198442 
2203176	[4734]	:	time Target is 2203176
2203544	[368]	:	Key	71	DOWN	at	2203544 
2208508	[4964]	:	time Target is 2208508
2209017	[509]	:	Key	71	DOWN	at	2209017 
2213849	[4832]	:	time Target is 2213849
2214814	[965]	:	Key	71	DOWN	at	2214813 
2219185	[4371]	:	time Target is 2219185
2220137	[952]	:	Key	71	DOWN	at	2220136 
2224514	[4377]	:	time Target is 2224514
2229836	[5322]	:	time Target is 2229836
2231084	[1248]	:	Key	71	DOWN	at	2231084 
2235172	[4088]	:	time Target is 2235172
2240492	[5320]	:	time Target is 2240492
2240781	[289]	:	Key	71	DOWN	at	2240781 
2245823	[5042]	:	time Target is 2245823
2251146	[5323]	:	time Target is 2251146
2256469	[5323]	:	time Target is 2256469
2261791	[5322]	:	time Target is 2261791
2267112	[5321]	:	time Target is 2267112
2267437	[325]	:	Key	71	DOWN	at	2267437 
2271415	[3978]	:	Key	71	UP	at	2267544 
2278344	[6929]	:	Key	71	DOWN	at	2278344 
2278413	[69]	:	Key	71	UP	at	2278413 
2278442	[29]	:	Key	71	DOWN	at	2278442 
2278572	[130]	:	Key	71	UP	at	2278572 
2289802	[11230]	:	Key	29	DOWN	at	2289802 
2289899	[97]	:	Key	29	UP	at	2289898 
2296538	[6639]	:	Key	28	DOWN	at	2296538 
2296666	[128]	:	Key	28	UP	at	2296665 
2301530	[4864]	:	Key	28	DOWN	at	2301530 
2301658	[128]	:	Key	28	UP	at	2301658 
2303643	[1985]	:	Key	28	DOWN	at	2303643 
2303785	[142]	:	Key	28	UP	at	2303785 
2314046	[10261]	:	Key	29	DOWN	at	2314045 
2314204	[158]	:	Key	29	UP	at	2314203 
2321083	[6879]	:	Key	29	DOWN	at	2321083 
2321262	[179]	:	Key	29	UP	at	2321261 
2326718	[5456]	:	Key	28	DOWN	at	2326717 
2326858	[140]	:	Key	28	UP	at	2326858 
2337518	[10660]	:	Key	29	DOWN	at	2337517 
2337611	[93]	:	Key	29	UP	at	2337611 
2357549	[19938]	:	Key	29	DOWN	at	2357549 
2357738	[189]	:	Key	29	UP	at	2357737 
2359163	[1425]	:	Key	28	DOWN	at	2359163 
2359305	[142]	:	Key	28	UP	at	2359304 
2365710	[6405]	:	Key	29	DOWN	at	2365709 
2365820	[110]	:	Key	29	UP	at	2365820 
2367226	[1406]	:	Key	29	DOWN	at	2367226 
2367355	[129]	:	Key	29	UP	at	2367355 
2380682	[13327]	:	Key	28	DOWN	at	2380682 
2380814	[132]	:	Key	28	UP	at	2380813 
2388842	[8028]	:	Key	28	DOWN	at	2388841 
2388953	[111]	:	Key	28	UP	at	2388953 
2400733	[11780]	:	Key	29	DOWN	at	2400733 
2400926	[193]	:	Key	29	UP	at	2400925 
2404394	[3468]	:	Key	29	DOWN	at	2404394 
2404452	[58]	:	COGENT STOP
