Cog2000 log file Mon Jan 13 15:55:15 2020
gprim v1.33 Compiled:Aug 12 2015 (GLib DirectDraw v7 DX12.0 Compiled:Aug 12 2015)
Display:1024x768x32 59.95Hz
Attaching C:\Program Files\Cogent2000v1.33\Toolbox\CogInput.mexw64
CogInput v1.05 Compiled: May 20 2010
7	[7]	:	COGENT START
7843	[7836]	:	Key	71	DOWN	at	7838    
7936	[93]	:	Key	71	UP	at	7936    
26689	[18753]	:	Key	71	DOWN	at	26687   
26768	[79]	:	Key	71	UP	at	26768   
31248	[4480]	:	Key	71	DOWN	at	31244   
31344	[96]	:	Key	71	UP	at	31344   
42897	[11553]	:	Key	71	DOWN	at	42897   
42973	[76]	:	Key	71	UP	at	42972   
59517	[16544]	:	Key	71	DOWN	at	59517   
59629	[112]	:	Key	71	UP	at	59628   
77788	[18159]	:	Key	71	DOWN	at	77788   
78657	[869]	:	Key	71	UP	at	78655   
78695	[38]	:	time Target is 78676
79406	[711]	:	Key	71	DOWN	at	79405   
80525	[1119]	:	Key	71	UP	at	80524   
84799	[4274]	:	time Target is 84798
85056	[257]	:	Key	71	UP	at	85056   
90895	[5839]	:	time Target is 90894
91679	[784]	:	Key	71	DOWN	at	91678   
96992	[5313]	:	time Target is 96991
97279	[287]	:	Key	71	DOWN	at	97279   
98543	[1264]	:	Key	71	DOWN	at	98543   
102111	[3568]	:	Key	71	UP	at	102110  
102132	[21]	:	time Target is 102127
102558	[426]	:	Key	71	DOWN	at	102558  
111853	[9295]	:	Key	71	DOWN	at	111853  
112915	[1062]	:	time Target is 112915
113037	[122]	:	Key	71	DOWN	at	113037  
119265	[6228]	:	time Target is 119264
125586	[6321]	:	time Target is 125585
131913	[6327]	:	time Target is 131912
138250	[6337]	:	time Target is 138250
159664	[21414]	:	Key	71	DOWN	at	159664  
159759	[95]	:	Key	71	UP	at	159758  
165200	[5441]	:	Key	71	DOWN	at	165199  
165310	[110]	:	Key	71	UP	at	165310  
170176	[4866]	:	Key	71	DOWN	at	170175  
170286	[110]	:	Key	71	UP	at	170286  
179615	[9329]	:	Key	71	DOWN	at	179614  
179725	[110]	:	Key	71	UP	at	179725  
184125	[4400]	:	Key	71	DOWN	at	184125  
185005	[880]	:	Key	71	UP	at	184251  
185006	[1]	:	Key	71	DOWN	at	184700  
185006	[0]	:	Key	71	UP	at	184845  
187586	[2580]	:	time Target is 187586
187999	[413]	:	Key	71	DOWN	at	187999  
192687	[4688]	:	time Target is 192686
192989	[302]	:	Key	71	DOWN	at	192989  
197783	[4794]	:	time Target is 197783
198096	[313]	:	Key	71	DOWN	at	198096  
202863	[4767]	:	Key	71	DOWN	at	202783  
204652	[1789]	:	Key	71	UP	at	203183  
207999	[3347]	:	Key	71	DOWN	at	207999  
208785	[786]	:	Key	71	UP	at	208176  
208815	[30]	:	time Target is 208814
221597	[12782]	:	Key	71	DOWN	at	221597  
221854	[257]	:	Key	71	UP	at	221853  
225996	[4142]	:	Key	71	DOWN	at	225995  
226789	[793]	:	Key	71	UP	at	226171  
226789	[0]	:	Key	71	DOWN	at	226668  
226790	[1]	:	Key	71	UP	at	226782  
229359	[2569]	:	time Target is 229359
229692	[333]	:	Key	71	DOWN	at	229692  
234452	[4760]	:	time Target is 234451
234781	[329]	:	Key	71	DOWN	at	234780  
239540	[4759]	:	time Target is 239539
239920	[380]	:	Key	71	DOWN	at	239920  
244627	[4707]	:	time Target is 244626
245071	[444]	:	Key	71	DOWN	at	245071  
249714	[4643]	:	time Target is 249713
250125	[411]	:	Key	71	DOWN	at	250125  
254014	[3889]	:	Key	71	UP	at	250253  
256541	[2527]	:	Key	71	DOWN	at	256540  
257334	[793]	:	Key	71	UP	at	256671  
257357	[23]	:	time Target is 257357
269947	[12590]	:	Key	71	DOWN	at	269947  
270128	[181]	:	Key	71	UP	at	270128  
273645	[3517]	:	Key	71	DOWN	at	273644  
274438	[793]	:	Key	71	UP	at	273773  
274460	[22]	:	time Target is 274460
274894	[434]	:	Key	71	DOWN	at	274894  
279547	[4653]	:	time Target is 279547
280095	[548]	:	Key	71	DOWN	at	280095  
284631	[4536]	:	time Target is 284631
284910	[279]	:	Key	71	DOWN	at	284909  
289718	[4808]	:	time Target is 289718
290060	[342]	:	Key	71	DOWN	at	290059  
294815	[4755]	:	time Target is 294814
295132	[317]	:	Key	71	DOWN	at	295131  
299902	[4770]	:	time Target is 299902
300238	[336]	:	Key	71	DOWN	at	300238  
304203	[3965]	:	Key	71	UP	at	300365  
306512	[2309]	:	Key	71	DOWN	at	306512  
307305	[793]	:	Key	71	UP	at	306672  
307328	[23]	:	time Target is 307328
319344	[12016]	:	Key	71	DOWN	at	319344  
319472	[128]	:	Key	71	UP	at	319471  
322814	[3342]	:	Key	71	DOWN	at	322814  
323606	[792]	:	Key	71	UP	at	322940  
323629	[23]	:	time Target is 323629
323999	[370]	:	Key	71	DOWN	at	323998  
328724	[4725]	:	time Target is 328723
329149	[425]	:	Key	71	DOWN	at	329148  
333813	[4664]	:	time Target is 333813
334129	[316]	:	Key	71	DOWN	at	334128  
338898	[4769]	:	time Target is 338898
339232	[334]	:	Key	71	DOWN	at	339232  
343991	[4759]	:	time Target is 343991
344301	[310]	:	Key	71	DOWN	at	344301  
349082	[4781]	:	time Target is 349082
349441	[359]	:	Key	71	DOWN	at	349441  
353378	[3937]	:	Key	71	UP	at	349531  
355355	[1977]	:	Key	71	DOWN	at	355355  
356147	[792]	:	Key	71	UP	at	355467  
356168	[21]	:	time Target is 356168
367776	[11608]	:	Key	71	DOWN	at	367776  
367919	[143]	:	Key	71	UP	at	367919  
402476	[34557]	:	Key	71	DOWN	at	402476  
402636	[160]	:	Key	71	UP	at	402636  
417247	[14611]	:	Key	71	DOWN	at	417247  
417501	[254]	:	Key	71	UP	at	417501  
429885	[12384]	:	Key	71	DOWN	at	429885  
430112	[227]	:	Key	71	UP	at	430111  
438701	[8589]	:	Key	71	DOWN	at	438701  
441281	[2580]	:	time Target is 441281
441536	[255]	:	Key	71	UP	at	441536  
441948	[412]	:	Key	71	DOWN	at	441948  
446626	[4678]	:	time Target is 446626
451955	[5329]	:	time Target is 451955
452574	[619]	:	Key	71	DOWN	at	452574  
457301	[4727]	:	time Target is 457301
462639	[5338]	:	time Target is 462638
463099	[460]	:	Key	71	DOWN	at	463099  
467986	[4887]	:	time Target is 467986
473308	[5322]	:	time Target is 473308
473629	[321]	:	Key	71	DOWN	at	473628  
478649	[5020]	:	time Target is 478649
478943	[294]	:	Key	71	DOWN	at	478942  
483991	[5048]	:	time Target is 483991
489320	[5329]	:	time Target is 489320
489582	[262]	:	Key	71	DOWN	at	489582  
494655	[5073]	:	time Target is 494655
494942	[287]	:	Key	71	DOWN	at	494942  
500048	[5106]	:	time Target is 500048
500365	[317]	:	Key	71	DOWN	at	500365  
505387	[5022]	:	time Target is 505387
510709	[5322]	:	time Target is 510709
516034	[5325]	:	time Target is 516034
521361	[5327]	:	time Target is 521361
522255	[894]	:	Key	71	DOWN	at	522255  
526696	[4441]	:	time Target is 526696
532014	[5318]	:	time Target is 532014
537336	[5322]	:	time Target is 537336
537918	[582]	:	Key	71	DOWN	at	537918  
542697	[4779]	:	time Target is 542697
548023	[5326]	:	time Target is 548023
553347	[5324]	:	time Target is 553347
558667	[5320]	:	time Target is 558667
563990	[5323]	:	time Target is 563990
569316	[5326]	:	time Target is 569316
574641	[5325]	:	time Target is 574641
579957	[5316]	:	time Target is 579957
580192	[235]	:	Key	71	DOWN	at	580191  
585301	[5109]	:	time Target is 585301
590627	[5326]	:	time Target is 590627
595952	[5325]	:	time Target is 595952
601276	[5324]	:	time Target is 601276
601743	[467]	:	Key	71	DOWN	at	601742  
606614	[4871]	:	time Target is 606614
611938	[5324]	:	time Target is 611938
617261	[5323]	:	time Target is 617261
622583	[5322]	:	time Target is 622583
627910	[5327]	:	time Target is 627910
628572	[662]	:	Key	71	DOWN	at	628572  
633235	[4663]	:	Key	71	DOWN	at	633054  
633235	[0]	:	Key	71	UP	at	633166  
636051	[2816]	:	time Target is 636051
641372	[5321]	:	time Target is 641372
641487	[115]	:	Key	71	DOWN	at	641487  
646707	[5220]	:	time Target is 646707
646927	[220]	:	Key	71	DOWN	at	646926  
652051	[5124]	:	time Target is 652051
657371	[5320]	:	time Target is 657371
662694	[5323]	:	time Target is 662694
668019	[5325]	:	time Target is 668019
673332	[5313]	:	time Target is 673332
678669	[5337]	:	time Target is 678669
684001	[5332]	:	time Target is 684001
689327	[5326]	:	time Target is 689327
689564	[237]	:	Key	71	DOWN	at	689564  
694659	[5095]	:	time Target is 694659
694861	[202]	:	Key	71	DOWN	at	694861  
700003	[5142]	:	time Target is 700003
700557	[554]	:	Key	71	DOWN	at	700556  
705338	[4781]	:	time Target is 705338
705615	[277]	:	Key	71	DOWN	at	705615  
710671	[5056]	:	time Target is 710671
710796	[125]	:	Key	71	DOWN	at	710795  
716011	[5215]	:	time Target is 716011
721335	[5324]	:	time Target is 721335
726654	[5319]	:	time Target is 726654
731971	[5317]	:	time Target is 731971
737289	[5318]	:	time Target is 737289
737520	[231]	:	Key	71	DOWN	at	737518  
742625	[5105]	:	time Target is 742625
747996	[5371]	:	time Target is 747996
748190	[194]	:	Key	71	DOWN	at	748190  
753333	[5143]	:	time Target is 753333
758654	[5321]	:	time Target is 758654
764005	[5351]	:	time Target is 764005
764288	[283]	:	Key	71	DOWN	at	764287  
769339	[5051]	:	Key	71	DOWN	at	769310  
772153	[2814]	:	time Target is 772153
777472	[5319]	:	time Target is 777472
782799	[5327]	:	time Target is 782799
788124	[5325]	:	time Target is 788124
788894	[770]	:	Key	71	DOWN	at	788894  
793459	[4565]	:	time Target is 793459
793696	[237]	:	Key	71	DOWN	at	793694  
798802	[5106]	:	time Target is 798802
804127	[5325]	:	time Target is 804127
809450	[5323]	:	time Target is 809450
809824	[374]	:	Key	71	DOWN	at	809823  
814784	[4960]	:	time Target is 814784
820106	[5322]	:	time Target is 820106
820334	[228]	:	Key	71	DOWN	at	820333  
825446	[5112]	:	time Target is 825446
825888	[442]	:	Key	71	DOWN	at	825887  
830785	[4897]	:	time Target is 830785
836112	[5327]	:	time Target is 836112
836618	[506]	:	Key	71	DOWN	at	836618  
841452	[4834]	:	time Target is 841452
846808	[5356]	:	time Target is 846808
847722	[914]	:	Key	71	DOWN	at	847722  
852175	[4453]	:	time Target is 852175
852378	[203]	:	Key	71	DOWN	at	852378  
857513	[5135]	:	time Target is 857513
858256	[743]	:	Key	71	DOWN	at	858256  
862847	[4591]	:	time Target is 862847
863196	[349]	:	Key	71	DOWN	at	863196  
868182	[4986]	:	time Target is 868182
873503	[5321]	:	time Target is 873503
874316	[813]	:	Key	71	DOWN	at	874316  
878839	[4523]	:	time Target is 878839
879451	[612]	:	Key	71	DOWN	at	879450  
884179	[4728]	:	time Target is 884179
884479	[300]	:	Key	71	DOWN	at	884478  
889533	[5054]	:	time Target is 889533
894856	[5323]	:	time Target is 894856
895099	[243]	:	Key	71	DOWN	at	895099  
900188	[5089]	:	time Target is 900188
905511	[5323]	:	time Target is 905511
910837	[5326]	:	time Target is 910837
941393	[30556]	:	Key	71	DOWN	at	941392  
942183	[790]	:	Key	71	UP	at	941563  
942451	[268]	:	time Target is 942451
943131	[680]	:	Key	71	DOWN	at	943131  
947779	[4648]	:	time Target is 947779
948443	[664]	:	Key	71	DOWN	at	948442  
953118	[4675]	:	time Target is 953118
953516	[398]	:	Key	71	DOWN	at	953516  
958457	[4941]	:	time Target is 958457
959374	[917]	:	Key	71	DOWN	at	959374  
963800	[4426]	:	time Target is 963800
964094	[294]	:	Key	71	DOWN	at	964093  
969175	[5081]	:	time Target is 969175
974540	[5365]	:	time Target is 974540
979865	[5325]	:	time Target is 979865
985186	[5321]	:	time Target is 985186
985423	[237]	:	Key	71	DOWN	at	985423  
990531	[5108]	:	time Target is 990531
990910	[379]	:	Key	71	DOWN	at	990910  
995863	[4953]	:	time Target is 995863
1001181	[5318]	:	time Target is 1001181
1001932	[751]	:	Key	71	DOWN	at	1001932 
1006534	[4602]	:	time Target is 1006534
1006831	[297]	:	Key	71	DOWN	at	1006831 
1011861	[5030]	:	time Target is 1011861
1017179	[5318]	:	time Target is 1017179
1022559	[5380]	:	time Target is 1022559
1027881	[5322]	:	time Target is 1027881
1033200	[5319]	:	time Target is 1033200
1038527	[5327]	:	time Target is 1038527
1038991	[464]	:	Key	71	DOWN	at	1038990 
1043868	[4877]	:	time Target is 1043868
1044239	[371]	:	Key	71	DOWN	at	1044239 
1049202	[4963]	:	time Target is 1049202
1049391	[189]	:	Key	71	DOWN	at	1049391 
1054536	[5145]	:	time Target is 1054536
1054782	[246]	:	Key	71	DOWN	at	1054781 
1059875	[5093]	:	time Target is 1059875
1060075	[200]	:	Key	71	DOWN	at	1060074 
1065214	[5139]	:	time Target is 1065214
1070537	[5323]	:	time Target is 1070537
1075860	[5323]	:	time Target is 1075860
1081184	[5324]	:	time Target is 1081184
1081483	[299]	:	Key	71	DOWN	at	1081483 
1086521	[5038]	:	time Target is 1086521
1086765	[244]	:	Key	71	DOWN	at	1086765 
1091859	[5094]	:	time Target is 1091859
1097177	[5318]	:	time Target is 1097177
1102497	[5320]	:	time Target is 1102497
1107829	[5332]	:	time Target is 1107829
1113155	[5326]	:	time Target is 1113155
1118479	[5324]	:	time Target is 1118479
1123799	[5320]	:	time Target is 1123799
1124061	[262]	:	Key	71	DOWN	at	1124060 
1129137	[5076]	:	time Target is 1129137
1134460	[5323]	:	time Target is 1134460
1139784	[5324]	:	time Target is 1139784
1140094	[310]	:	Key	71	DOWN	at	1140094 
1145122	[5028]	:	time Target is 1145122
1150443	[5321]	:	time Target is 1150443
1155766	[5323]	:	time Target is 1155766
1161087	[5321]	:	time Target is 1161087
1166453	[5366]	:	time Target is 1166453
1166717	[264]	:	Key	71	DOWN	at	1166716 
1171794	[5077]	:	time Target is 1171794
1177113	[5319]	:	time Target is 1177113
1182482	[5369]	:	time Target is 1182482
1183212	[730]	:	Key	71	DOWN	at	1183212 
1187822	[4610]	:	time Target is 1187822
1193144	[5322]	:	time Target is 1193144
1193632	[488]	:	Key	71	DOWN	at	1193631 
1198487	[4855]	:	time Target is 1198487
1198687	[200]	:	Key	71	DOWN	at	1198686 
1203826	[5139]	:	time Target is 1203826
1204925	[1099]	:	Key	71	DOWN	at	1204925 
1209160	[4235]	:	time Target is 1209160
1209405	[245]	:	Key	71	DOWN	at	1209405 
1214531	[5126]	:	time Target is 1214531
1219859	[5328]	:	time Target is 1219859
1220138	[279]	:	Key	71	DOWN	at	1220138 
1225193	[5055]	:	time Target is 1225193
1225451	[258]	:	Key	71	DOWN	at	1225450 
1230533	[5082]	:	time Target is 1230533
1235849	[5316]	:	time Target is 1235849
1236079	[230]	:	Key	71	DOWN	at	1236079 
1241186	[5107]	:	time Target is 1241186
1246506	[5320]	:	time Target is 1246506
1251829	[5323]	:	time Target is 1251829
1252042	[213]	:	Key	71	DOWN	at	1252042 
1257169	[5127]	:	time Target is 1257169
1257437	[268]	:	Key	71	DOWN	at	1257437 
1262511	[5074]	:	time Target is 1262511
1262782	[271]	:	Key	71	DOWN	at	1262781 
1267853	[5071]	:	time Target is 1267853
1273177	[5324]	:	time Target is 1273177
1274316	[1139]	:	Key	71	DOWN	at	1274315 
1278516	[4200]	:	time Target is 1278516
1278731	[215]	:	Key	71	DOWN	at	1278731 
1283855	[5124]	:	time Target is 1283855
1289180	[5325]	:	time Target is 1289180
1289993	[813]	:	Key	71	DOWN	at	1289993 
1294514	[4521]	:	time Target is 1294514
1299835	[5321]	:	time Target is 1299835
1300122	[287]	:	Key	71	DOWN	at	1300122 
1305166	[5044]	:	time Target is 1305166
1310490	[5324]	:	time Target is 1310490
1315814	[5324]	:	time Target is 1315814
1321138	[5324]	:	time Target is 1321138
1321550	[412]	:	Key	71	DOWN	at	1321550 
1326476	[4926]	:	time Target is 1326476
1327503	[1027]	:	Key	71	DOWN	at	1327502 
1331817	[4314]	:	time Target is 1331817
1337143	[5326]	:	time Target is 1337143
1337439	[296]	:	Key	71	DOWN	at	1337438 
1342478	[5039]	:	time Target is 1342478
1343132	[654]	:	Key	71	DOWN	at	1343132 
1347818	[4686]	:	time Target is 1347818
1348300	[482]	:	Key	71	DOWN	at	1348300 
1353160	[4860]	:	time Target is 1353160
1358482	[5322]	:	time Target is 1358482
1363804	[5322]	:	time Target is 1363804
1364654	[850]	:	Key	71	DOWN	at	1364653 
1369144	[4490]	:	time Target is 1369144
1369420	[276]	:	Key	71	DOWN	at	1369420 
1374482	[5062]	:	time Target is 1374482
1379805	[5323]	:	time Target is 1379805
1380313	[508]	:	Key	71	DOWN	at	1380313 
1385131	[4818]	:	time Target is 1385131
1390457	[5326]	:	time Target is 1390457
1391180	[723]	:	Key	71	DOWN	at	1391180 
1395802	[4622]	:	time Target is 1395802
1401126	[5324]	:	time Target is 1401126
1406451	[5325]	:	time Target is 1406451
1406780	[329]	:	Key	71	DOWN	at	1406780 
1411785	[5005]	:	time Target is 1411785
1411917	[132]	:	Key	71	DOWN	at	1411916 
1417126	[5209]	:	time Target is 1417126
1417599	[473]	:	Key	71	DOWN	at	1417598 
1421428	[3829]	:	Key	71	UP	at	1417693 
1423227	[1799]	:	Key	71	DOWN	at	1423227 
1423388	[161]	:	Key	71	UP	at	1423387 
1425146	[1758]	:	Key	71	DOWN	at	1425146 
1425938	[792]	:	Key	71	UP	at	1425260 
1426205	[267]	:	time Target is 1426205
1427084	[879]	:	Key	71	DOWN	at	1427084 
1431544	[4460]	:	time Target is 1431544
1436868	[5324]	:	time Target is 1436868
1442191	[5323]	:	time Target is 1442191
1447515	[5324]	:	time Target is 1447515
1452846	[5331]	:	time Target is 1452846
1458176	[5330]	:	time Target is 1458176
1463491	[5315]	:	Key	71	DOWN	at	1463485 
1466306	[2815]	:	time Target is 1466306
1471629	[5323]	:	time Target is 1471629
1471901	[272]	:	Key	71	DOWN	at	1471900 
1476967	[5066]	:	time Target is 1476967
1477216	[249]	:	Key	71	DOWN	at	1477215 
1482318	[5102]	:	time Target is 1482318
1487645	[5327]	:	time Target is 1487645
1492967	[5322]	:	time Target is 1492967
1493483	[516]	:	Key	71	DOWN	at	1493482 
1498305	[4822]	:	time Target is 1498305
1503627	[5322]	:	time Target is 1503627
1503917	[290]	:	Key	71	DOWN	at	1503916 
1508966	[5049]	:	time Target is 1508966
1509658	[692]	:	Key	71	DOWN	at	1509658 
1514303	[4645]	:	time Target is 1514303
1514748	[445]	:	Key	71	DOWN	at	1514747 
1519639	[4891]	:	time Target is 1519639
1524961	[5322]	:	time Target is 1524961
1525740	[779]	:	Key	71	DOWN	at	1525740 
1530302	[4562]	:	time Target is 1530302
1535624	[5322]	:	time Target is 1535624
1536175	[551]	:	Key	71	DOWN	at	1536174 
1540966	[4791]	:	time Target is 1540966
1541274	[308]	:	Key	71	DOWN	at	1541274 
1546310	[5036]	:	time Target is 1546310
1551634	[5324]	:	time Target is 1551634
1556953	[5319]	:	time Target is 1556953
1557261	[308]	:	Key	71	DOWN	at	1557260 
1562296	[5035]	:	time Target is 1562296
1562569	[273]	:	Key	71	DOWN	at	1562569 
1567637	[5068]	:	time Target is 1567637
1568122	[485]	:	Key	71	DOWN	at	1568121 
1572970	[4848]	:	time Target is 1572970
1578294	[5324]	:	time Target is 1578294
1583616	[5322]	:	time Target is 1583616
1588938	[5322]	:	time Target is 1588938
1590028	[1090]	:	Key	71	DOWN	at	1590027 
1594278	[4250]	:	time Target is 1594278
1599595	[5317]	:	time Target is 1599595
1604919	[5324]	:	time Target is 1604919
1610241	[5322]	:	time Target is 1610241
1615562	[5321]	:	time Target is 1615562
1620883	[5321]	:	time Target is 1620883
1621263	[380]	:	Key	71	DOWN	at	1621263 
1626223	[4960]	:	time Target is 1626223
1626335	[112]	:	Key	71	DOWN	at	1626334 
1631562	[5227]	:	time Target is 1631562
1632445	[883]	:	Key	71	DOWN	at	1632445 
1636900	[4455]	:	time Target is 1636900
1642221	[5321]	:	time Target is 1642221
1647544	[5323]	:	time Target is 1647544
1652870	[5326]	:	time Target is 1652870
1658192	[5322]	:	time Target is 1658192
1663513	[5321]	:	time Target is 1663513
1668833	[5320]	:	time Target is 1668833
1673892	[5059]	:	Key	71	DOWN	at	1673692 
1676709	[2817]	:	time Target is 1676709
1676971	[262]	:	Key	71	DOWN	at	1676971 
1682048	[5077]	:	time Target is 1682048
1682252	[204]	:	Key	71	DOWN	at	1682252 
1687388	[5136]	:	time Target is 1687388
1692728	[5340]	:	time Target is 1692728
1698049	[5321]	:	time Target is 1698049
1699321	[1272]	:	Key	71	DOWN	at	1699321 
1703386	[4065]	:	time Target is 1703386
1703661	[275]	:	Key	71	DOWN	at	1703661 
1708725	[5064]	:	time Target is 1708725
1714045	[5320]	:	time Target is 1714045
1719369	[5324]	:	time Target is 1719369
1720093	[724]	:	Key	71	DOWN	at	1720093 
1724698	[4605]	:	time Target is 1724698
1730022	[5324]	:	time Target is 1730022
1730297	[275]	:	Key	71	DOWN	at	1730297 
1735361	[5064]	:	time Target is 1735361
1735866	[505]	:	Key	71	DOWN	at	1735865 
1740714	[4848]	:	time Target is 1740714
1741070	[356]	:	Key	71	DOWN	at	1741070 
1746068	[4998]	:	time Target is 1746068
1746635	[567]	:	Key	71	DOWN	at	1746634 
1751411	[4776]	:	time Target is 1751411
1756732	[5321]	:	time Target is 1756732
1762050	[5318]	:	time Target is 1762050
1762936	[886]	:	Key	71	DOWN	at	1762936 
1767389	[4453]	:	time Target is 1767389
1772713	[5324]	:	time Target is 1772713
1773278	[565]	:	Key	71	DOWN	at	1773278 
1778047	[4769]	:	time Target is 1778047
1783375	[5328]	:	time Target is 1783375
1783563	[188]	:	Key	71	DOWN	at	1783563 
1788708	[5145]	:	time Target is 1788708
1789757	[1049]	:	Key	71	DOWN	at	1789757 
1794088	[4331]	:	time Target is 1794088
1799409	[5321]	:	time Target is 1799409
1804733	[5324]	:	time Target is 1804733
1805742	[1009]	:	Key	71	DOWN	at	1805742 
1810075	[4333]	:	time Target is 1810075
1815399	[5324]	:	time Target is 1815399
1815609	[210]	:	Key	71	DOWN	at	1815609 
1820735	[5126]	:	time Target is 1820735
1826060	[5325]	:	time Target is 1826060
1826250	[190]	:	Key	71	DOWN	at	1826250 
1831396	[5146]	:	time Target is 1831396
1836720	[5324]	:	time Target is 1836720
1842041	[5321]	:	time Target is 1842041
1847363	[5322]	:	time Target is 1847363
1848541	[1178]	:	Key	71	DOWN	at	1848540 
1852697	[4156]	:	time Target is 1852697
1858022	[5325]	:	time Target is 1858022
1863345	[5323]	:	time Target is 1863345
1868669	[5324]	:	time Target is 1868669
1869192	[523]	:	Key	71	DOWN	at	1869192 
1874006	[4814]	:	time Target is 1874006
1879327	[5321]	:	time Target is 1879327
1880383	[1056]	:	Key	71	DOWN	at	1880382 
1884700	[4317]	:	time Target is 1884700
1890022	[5322]	:	time Target is 1890022
1895345	[5323]	:	time Target is 1895345
1901006	[5661]	:	Key	71	DOWN	at	1901005 
1901797	[791]	:	Key	71	UP	at	1901112 
1902065	[268]	:	time Target is 1902065
1907413	[5348]	:	time Target is 1907413
1907721	[308]	:	Key	71	DOWN	at	1907721 
1912758	[5037]	:	time Target is 1912758
1912878	[120]	:	Key	71	DOWN	at	1912877 
1918099	[5221]	:	time Target is 1918099
1919134	[1035]	:	Key	71	DOWN	at	1919133 
1923431	[4297]	:	time Target is 1923431
1928756	[5325]	:	time Target is 1928756
1934081	[5325]	:	time Target is 1934081
1939406	[5325]	:	time Target is 1939406
1944731	[5325]	:	time Target is 1944731
1944974	[243]	:	Key	71	DOWN	at	1944974 
1950072	[5098]	:	time Target is 1950072
1955391	[5319]	:	time Target is 1955391
1956474	[1083]	:	Key	71	DOWN	at	1956474 
1960732	[4258]	:	time Target is 1960732
1961914	[1182]	:	Key	71	DOWN	at	1961913 
1966109	[4195]	:	time Target is 1966109
1971436	[5327]	:	time Target is 1971436
1971915	[479]	:	Key	71	DOWN	at	1971915 
1976773	[4858]	:	time Target is 1976773
1977966	[1193]	:	Key	71	DOWN	at	1977965 
1982113	[4147]	:	time Target is 1982113
1982331	[218]	:	Key	71	DOWN	at	1982331 
1987454	[5123]	:	time Target is 1987454
1987678	[224]	:	Key	71	DOWN	at	1987677 
1992796	[5118]	:	time Target is 1992796
1994091	[1295]	:	Key	71	DOWN	at	1994091 
1998133	[4042]	:	time Target is 1998133
2003462	[5329]	:	time Target is 2003462
2008787	[5325]	:	time Target is 2008787
2014135	[5348]	:	time Target is 2014135
2019457	[5322]	:	time Target is 2019457
2020233	[776]	:	Key	71	DOWN	at	2020233 
2024796	[4563]	:	time Target is 2024796
2030112	[5316]	:	time Target is 2030112
2035433	[5321]	:	time Target is 2035433
2040802	[5369]	:	time Target is 2040802
2042126	[1324]	:	Key	71	DOWN	at	2042125 
2046140	[4014]	:	time Target is 2046140
2051460	[5320]	:	time Target is 2051460
2052650	[1190]	:	Key	71	DOWN	at	2052649 
2056797	[4147]	:	time Target is 2056797
2057244	[447]	:	Key	71	DOWN	at	2057244 
2062134	[4890]	:	time Target is 2062134
2067452	[5318]	:	time Target is 2067452
2068746	[1294]	:	Key	71	DOWN	at	2068746 
2072790	[4044]	:	time Target is 2072790
2073880	[1090]	:	Key	71	DOWN	at	2073880 
2078134	[4254]	:	time Target is 2078134
2078362	[228]	:	Key	71	DOWN	at	2078360 
2083503	[5141]	:	time Target is 2083503
2088820	[5317]	:	time Target is 2088820
2089242	[422]	:	Key	71	DOWN	at	2089241 
2094159	[4917]	:	time Target is 2094159
2094232	[73]	:	Key	71	UP	at	2094232 
2094621	[389]	:	Key	71	DOWN	at	2094621 
2099536	[4915]	:	time Target is 2099536
2099788	[252]	:	Key	71	DOWN	at	2099788 
2104877	[5089]	:	time Target is 2104877
2105658	[781]	:	Key	71	DOWN	at	2105657 
2110212	[4554]	:	time Target is 2110212
2110460	[248]	:	Key	71	DOWN	at	2110460 
2115554	[5094]	:	time Target is 2115554
2115723	[169]	:	Key	71	DOWN	at	2115722 
2120893	[5170]	:	time Target is 2120893
2121848	[955]	:	Key	71	DOWN	at	2121848 
2126231	[4383]	:	time Target is 2126231
2131553	[5322]	:	time Target is 2131553
2136876	[5323]	:	time Target is 2136876
2137518	[642]	:	Key	71	DOWN	at	2137517 
2142254	[4736]	:	time Target is 2142254
2147577	[5323]	:	time Target is 2147577
2147691	[114]	:	Key	71	DOWN	at	2147691 
2152917	[5226]	:	time Target is 2152917
2158237	[5320]	:	time Target is 2158237
2163562	[5325]	:	time Target is 2163562
2163677	[115]	:	Key	71	DOWN	at	2163676 
2168902	[5225]	:	time Target is 2168902
2174224	[5322]	:	time Target is 2174224
2175323	[1099]	:	Key	71	DOWN	at	2175322 
2179563	[4240]	:	time Target is 2179563
2179869	[306]	:	Key	71	DOWN	at	2179868 
2184906	[5037]	:	time Target is 2184906
2185466	[560]	:	Key	71	DOWN	at	2185465 
2190242	[4776]	:	time Target is 2190242
2190555	[313]	:	Key	71	DOWN	at	2190555 
2195575	[5020]	:	time Target is 2195575
2200896	[5321]	:	time Target is 2200896
2206220	[5324]	:	time Target is 2206220
2211544	[5324]	:	time Target is 2211544
2216870	[5326]	:	time Target is 2216870
2217594	[724]	:	Key	71	DOWN	at	2217594 
2222206	[4612]	:	time Target is 2222206
2227534	[5328]	:	time Target is 2227534
2232859	[5325]	:	time Target is 2232859
2238172	[5313]	:	time Target is 2238172
2238315	[143]	:	Key	71	DOWN	at	2238314 
2243515	[5200]	:	time Target is 2243515
2248841	[5326]	:	time Target is 2248841
2254163	[5322]	:	time Target is 2254163
2259492	[5329]	:	time Target is 2259492
2264813	[5321]	:	time Target is 2264813
2270136	[5323]	:	time Target is 2270136
2271197	[1061]	:	Key	71	DOWN	at	2271197 
2275474	[4277]	:	time Target is 2275474
2276887	[1413]	:	Key	71	DOWN	at	2276887 
2280813	[3926]	:	time Target is 2280813
2281209	[396]	:	Key	71	DOWN	at	2281209 
2286153	[4944]	:	time Target is 2286153
2291490	[5337]	:	time Target is 2291490
2296817	[5327]	:	time Target is 2296817
2297004	[187]	:	Key	71	DOWN	at	2297003 
2302174	[5170]	:	time Target is 2302174
2307495	[5321]	:	time Target is 2307495
2307865	[370]	:	Key	71	DOWN	at	2307865 
2312834	[4969]	:	time Target is 2312834
2313017	[183]	:	Key	71	DOWN	at	2313017 
2318170	[5153]	:	time Target is 2318170
2323492	[5322]	:	time Target is 2323492
2328817	[5325]	:	time Target is 2328817
2329419	[602]	:	Key	71	DOWN	at	2329418 
2334152	[4733]	:	time Target is 2334152
2334474	[322]	:	Key	71	DOWN	at	2334474 
2339491	[5017]	:	time Target is 2339491
2344812	[5321]	:	time Target is 2344812
2349868	[5056]	:	Key	71	DOWN	at	2349565 
2349869	[1]	:	Key	71	UP	at	2349657 
2352688	[2819]	:	time Target is 2352688
2352922	[234]	:	Key	71	DOWN	at	2352922 
2358023	[5101]	:	time Target is 2358023
2363344	[5321]	:	time Target is 2363344
2368674	[5330]	:	time Target is 2368674
2374000	[5326]	:	time Target is 2374000
2374234	[234]	:	Key	71	DOWN	at	2374234 
2378306	[4072]	:	Key	71	UP	at	2374312 
2380281	[1975]	:	Key	71	DOWN	at	2380281 
2380375	[94]	:	Key	71	UP	at	2380375 
2391309	[10934]	:	Key	28	DOWN	at	2391309 
2391390	[81]	:	Key	28	UP	at	2391389 
2396169	[4779]	:	Key	28	DOWN	at	2396168 
2396250	[81]	:	Key	28	UP	at	2396250 
2398619	[2369]	:	Key	28	DOWN	at	2398619 
2398718	[99]	:	Key	28	UP	at	2398717 
2399675	[957]	:	Key	28	DOWN	at	2399675 
2399752	[77]	:	Key	28	UP	at	2399752 
2402603	[2851]	:	Key	28	DOWN	at	2402602 
2402653	[50]	:	Key	28	UP	at	2402620 
2403787	[1134]	:	Key	28	DOWN	at	2403786 
2403853	[66]	:	Key	28	UP	at	2403852 
2405949	[2096]	:	Key	29	DOWN	at	2405949 
2406043	[94]	:	Key	29	UP	at	2406042 
2407049	[1006]	:	Key	29	DOWN	at	2407049 
2407130	[81]	:	Key	29	UP	at	2407130 
2408605	[1475]	:	Key	29	DOWN	at	2408604 
2408666	[61]	:	Key	29	UP	at	2408666 
2410364	[1698]	:	Key	29	DOWN	at	2410364 
2410457	[93]	:	Key	29	UP	at	2410456 
2412380	[1923]	:	Key	29	DOWN	at	2412380 
2412460	[80]	:	Key	29	UP	at	2412460 
2413593	[1133]	:	Key	29	DOWN	at	2413592 
2413692	[99]	:	Key	29	UP	at	2413691 
2416712	[3020]	:	Key	28	DOWN	at	2416711 
2416764	[52]	:	Key	28	UP	at	2416764 
2417435	[671]	:	Key	28	DOWN	at	2417435 
2417499	[64]	:	Key	28	UP	at	2417498 
2419097	[1598]	:	Key	28	DOWN	at	2419096 
2419193	[96]	:	Key	28	UP	at	2419193 
2419753	[560]	:	Key	28	DOWN	at	2419752 
2419900	[147]	:	COGENT STOP
