Cog2000 log file Thu Aug 22 15:10:43 2019
gprim v1.33 Compiled:Aug 12 2015 (GLib DirectDraw v7 DX12.0 Compiled:Aug 12 2015)
Display:1024x768x32 59.95Hz
CogInput v1.05 Compiled: May 20 2010
0	[0]	:	COGENT START
9582	[9582]	:	Key	71	DOWN	at	9581    
9681	[99]	:	Key	71	UP	at	9680    
27264	[17583]	:	Key	71	DOWN	at	27263   
27342	[78]	:	Key	71	UP	at	27341   
31439	[4097]	:	Key	71	DOWN	at	31438   
31565	[126]	:	Key	71	UP	at	31564   
42029	[10464]	:	Key	71	DOWN	at	42028   
42127	[98]	:	Key	71	UP	at	42127   
56272	[14145]	:	Key	71	DOWN	at	56271   
56382	[110]	:	Key	71	UP	at	56382   
74461	[18079]	:	Key	71	DOWN	at	74461   
75283	[822]	:	time Target is 75282
76620	[1337]	:	Key	71	DOWN	at	76619   
76892	[272]	:	Key	71	UP	at	76892   
81374	[4482]	:	time Target is 81374
87450	[6076]	:	time Target is 87450
87937	[487]	:	Key	71	DOWN	at	87936   
93543	[5606]	:	time Target is 93543
94428	[885]	:	Key	71	DOWN	at	94428   
99627	[5199]	:	time Target is 99627
100336	[709]	:	Key	71	DOWN	at	100336  
110480	[10144]	:	Key	71	DOWN	at	110480  
111544	[1064]	:	time Target is 111543
117866	[6322]	:	time Target is 117865
124186	[6320]	:	time Target is 124186
130508	[6322]	:	time Target is 130508
149617	[19109]	:	Key	71	DOWN	at	149616  
149692	[75]	:	Key	71	UP	at	149691  
154094	[4402]	:	Key	71	DOWN	at	154094  
154177	[83]	:	Key	71	UP	at	154176  
158429	[4252]	:	Key	71	DOWN	at	158429  
158495	[66]	:	Key	71	UP	at	158495  
167260	[8765]	:	Key	71	DOWN	at	167259  
167360	[100]	:	Key	71	UP	at	167360  
172253	[4893]	:	Key	71	DOWN	at	172252  
173048	[795]	:	Key	71	UP	at	172365  
173073	[25]	:	time Target is 173073
173838	[765]	:	Key	71	DOWN	at	173838  
178165	[4327]	:	time Target is 178165
183239	[5074]	:	time Target is 183239
183884	[645]	:	Key	71	DOWN	at	183884  
188335	[4451]	:	time Target is 188335
200093	[11758]	:	Key	71	DOWN	at	200093  
200205	[112]	:	Key	71	UP	at	200204  
204987	[4782]	:	Key	71	DOWN	at	204987  
205777	[790]	:	Key	71	UP	at	205088  
205799	[22]	:	time Target is 205799
210874	[5075]	:	time Target is 210874
211600	[726]	:	Key	71	DOWN	at	211599  
215962	[4362]	:	time Target is 215962
216558	[596]	:	Key	71	DOWN	at	216557  
221044	[4486]	:	time Target is 221044
221740	[696]	:	Key	71	DOWN	at	221740  
225342	[3602]	:	Key	71	UP	at	221885  
233309	[7967]	:	Key	71	DOWN	at	233309  
233408	[99]	:	Key	71	UP	at	233408  
236459	[3051]	:	Key	71	DOWN	at	236459  
237250	[791]	:	Key	71	UP	at	236541  
237272	[22]	:	time Target is 237272
237919	[647]	:	Key	71	DOWN	at	237918  
242355	[4436]	:	time Target is 242355
242973	[618]	:	Key	71	DOWN	at	242972  
247435	[4462]	:	time Target is 247435
252519	[5084]	:	time Target is 252519
252988	[469]	:	Key	71	DOWN	at	252986  
256817	[3829]	:	Key	71	UP	at	253133  
264365	[7548]	:	Key	71	DOWN	at	264365  
264477	[112]	:	Key	71	UP	at	264477  
268461	[3984]	:	Key	71	DOWN	at	268461  
269245	[784]	:	Key	71	UP	at	268540  
269264	[19]	:	time Target is 269263
269852	[588]	:	Key	71	DOWN	at	269851  
274350	[4498]	:	time Target is 274350
279421	[5071]	:	time Target is 279421
284499	[5078]	:	time Target is 284499
302508	[18009]	:	Key	71	DOWN	at	302508  
302607	[99]	:	Key	71	UP	at	302606  
318124	[15517]	:	Key	71	DOWN	at	318124  
318207	[83]	:	Key	71	UP	at	318206  
332090	[13883]	:	Key	71	DOWN	at	332090  
332156	[66]	:	Key	71	UP	at	332155  
343646	[11490]	:	Key	71	DOWN	at	343646  
343745	[99]	:	Key	71	UP	at	343744  
350270	[6525]	:	Key	71	DOWN	at	350270  
352828	[2558]	:	time Target is 352828
353341	[513]	:	Key	71	DOWN	at	353341  
358164	[4823]	:	time Target is 358164
358975	[811]	:	Key	71	DOWN	at	358975  
363499	[4524]	:	Key	71	DOWN	at	363391  
363500	[1]	:	Key	71	UP	at	363499  
366317	[2817]	:	time Target is 366317
366896	[579]	:	Key	71	DOWN	at	366895  
371657	[4761]	:	time Target is 371657
372128	[471]	:	Key	71	DOWN	at	372128  
376998	[4870]	:	time Target is 376998
377439	[441]	:	Key	71	DOWN	at	377439  
382334	[4895]	:	time Target is 382334
382895	[561]	:	Key	71	DOWN	at	382895  
387672	[4777]	:	time Target is 387672
392726	[5054]	:	Key	71	DOWN	at	392543  
392727	[1]	:	Key	71	UP	at	392636  
395541	[2814]	:	time Target is 395541
396127	[586]	:	Key	71	DOWN	at	396127  
400877	[4750]	:	time Target is 400877
406195	[5318]	:	time Target is 406195
411512	[5317]	:	time Target is 411512
412033	[521]	:	Key	71	DOWN	at	412032  
416849	[4816]	:	time Target is 416849
417389	[540]	:	Key	71	DOWN	at	417389  
422189	[4800]	:	time Target is 422189
422543	[354]	:	Key	71	DOWN	at	422543  
427522	[4979]	:	time Target is 427522
428011	[489]	:	Key	71	DOWN	at	428011  
432870	[4859]	:	time Target is 432870
433228	[358]	:	Key	71	DOWN	at	433227  
438206	[4978]	:	time Target is 438206
443524	[5318]	:	time Target is 443524
444187	[663]	:	Key	71	DOWN	at	444187  
448857	[4670]	:	time Target is 448857
449357	[500]	:	Key	71	DOWN	at	449357  
454194	[4837]	:	time Target is 454194
459521	[5327]	:	time Target is 459521
464841	[5320]	:	time Target is 464841
465595	[754]	:	Key	71	DOWN	at	465595  
470178	[4583]	:	time Target is 470178
475503	[5325]	:	time Target is 475503
476126	[623]	:	Key	71	DOWN	at	476126  
480841	[4715]	:	time Target is 480841
486163	[5322]	:	time Target is 486163
486862	[699]	:	Key	71	DOWN	at	486861  
491504	[4642]	:	time Target is 491504
496827	[5323]	:	time Target is 496827
498095	[1268]	:	Key	71	DOWN	at	498095  
502162	[4067]	:	time Target is 502162
507484	[5322]	:	time Target is 507484
508045	[561]	:	Key	71	DOWN	at	508045  
512817	[4772]	:	time Target is 512817
513328	[511]	:	Key	71	DOWN	at	513328  
518154	[4826]	:	time Target is 518154
518667	[513]	:	Key	71	DOWN	at	518667  
523490	[4823]	:	time Target is 523490
528809	[5319]	:	time Target is 528809
534129	[5320]	:	time Target is 534129
539451	[5322]	:	time Target is 539451
544773	[5322]	:	time Target is 544773
545308	[535]	:	Key	71	DOWN	at	545307  
549855	[4547]	:	Key	71	DOWN	at	549584  
549856	[1]	:	Key	71	UP	at	549743  
552686	[2830]	:	time Target is 552686
553150	[464]	:	Key	71	DOWN	at	553150  
558026	[4876]	:	time Target is 558026
563350	[5324]	:	time Target is 563350
568671	[5321]	:	time Target is 568671
573991	[5320]	:	time Target is 573991
574490	[499]	:	Key	71	DOWN	at	574490  
579326	[4836]	:	time Target is 579326
579789	[463]	:	Key	71	DOWN	at	579789  
584670	[4881]	:	time Target is 584670
589990	[5320]	:	time Target is 589990
595313	[5323]	:	time Target is 595313
595776	[463]	:	Key	71	DOWN	at	595776  
600650	[4874]	:	time Target is 600650
601052	[402]	:	Key	71	DOWN	at	601051  
605979	[4927]	:	time Target is 605979
611312	[5333]	:	time Target is 611312
611761	[449]	:	Key	71	DOWN	at	611760  
616650	[4889]	:	time Target is 616650
617052	[402]	:	Key	71	DOWN	at	617052  
621985	[4933]	:	time Target is 621985
622481	[496]	:	Key	71	DOWN	at	622480  
627346	[4865]	:	time Target is 627346
627756	[410]	:	Key	71	DOWN	at	627756  
632686	[4930]	:	time Target is 632686
638007	[5321]	:	time Target is 638007
643335	[5328]	:	time Target is 643335
648661	[5326]	:	time Target is 648661
649099	[438]	:	Key	71	DOWN	at	649099  
653994	[4895]	:	time Target is 653994
654491	[497]	:	Key	71	DOWN	at	654491  
659340	[4849]	:	time Target is 659340
664661	[5321]	:	time Target is 664661
665116	[455]	:	Key	71	DOWN	at	665116  
669992	[4876]	:	time Target is 669992
670394	[402]	:	Key	71	DOWN	at	670394  
675329	[4935]	:	time Target is 675329
680651	[5322]	:	time Target is 680651
681072	[421]	:	Key	71	DOWN	at	681072  
685988	[4916]	:	time Target is 685988
686544	[556]	:	Key	71	DOWN	at	686543  
691327	[4783]	:	time Target is 691327
696650	[5323]	:	time Target is 696650
697200	[550]	:	Key	71	DOWN	at	697200  
701976	[4776]	:	time Target is 701976
702396	[420]	:	Key	71	DOWN	at	702396  
707306	[4910]	:	time Target is 707306
712637	[5331]	:	time Target is 712637
713103	[466]	:	Key	71	DOWN	at	713102  
717976	[4873]	:	time Target is 717976
718284	[308]	:	Key	71	DOWN	at	718284  
723310	[5026]	:	time Target is 723310
724078	[768]	:	Key	71	DOWN	at	724077  
728655	[4577]	:	time Target is 728655
733976	[5321]	:	time Target is 733976
739298	[5322]	:	time Target is 739298
744623	[5325]	:	time Target is 744623
749945	[5322]	:	time Target is 749945
750606	[661]	:	Key	71	DOWN	at	750606  
755278	[4672]	:	time Target is 755278
760608	[5330]	:	time Target is 760608
765931	[5323]	:	time Target is 765931
766333	[402]	:	Key	71	DOWN	at	766333  
771268	[4935]	:	time Target is 771268
771598	[330]	:	Key	71	DOWN	at	771598  
776603	[5005]	:	time Target is 776603
776960	[357]	:	Key	71	DOWN	at	776960  
781937	[4977]	:	time Target is 781937
787260	[5323]	:	time Target is 787260
792586	[5326]	:	time Target is 792586
797913	[5327]	:	time Target is 797913
798445	[532]	:	Key	71	DOWN	at	798445  
803252	[4807]	:	time Target is 803252
803710	[458]	:	Key	71	DOWN	at	803709  
808596	[4886]	:	time Target is 808596
813934	[5338]	:	time Target is 813934
819259	[5325]	:	time Target is 819259
825548	[6289]	:	Key	71	DOWN	at	825548  
826337	[789]	:	Key	71	UP	at	825726  
826608	[271]	:	time Target is 826608
827357	[749]	:	Key	71	DOWN	at	827356  
831944	[4587]	:	time Target is 831944
837270	[5326]	:	time Target is 837270
837819	[549]	:	Key	71	DOWN	at	837819  
842616	[4797]	:	time Target is 842616
847939	[5323]	:	time Target is 847939
853258	[5319]	:	time Target is 853258
858585	[5327]	:	time Target is 858585
863910	[5325]	:	time Target is 863910
864289	[379]	:	Key	71	DOWN	at	864288  
869259	[4970]	:	time Target is 869259
874577	[5318]	:	time Target is 874577
875087	[510]	:	Key	71	DOWN	at	875086  
879914	[4827]	:	time Target is 879914
885238	[5324]	:	time Target is 885238
885551	[313]	:	Key	71	DOWN	at	885550  
890568	[5017]	:	time Target is 890568
895895	[5327]	:	time Target is 895895
901223	[5328]	:	time Target is 901223
901484	[261]	:	Key	71	DOWN	at	901484  
906556	[5072]	:	time Target is 906556
906944	[388]	:	Key	71	DOWN	at	906944  
911893	[4949]	:	time Target is 911893
912287	[394]	:	Key	71	DOWN	at	912286  
917230	[4943]	:	time Target is 917230
917979	[749]	:	Key	71	DOWN	at	917979  
922570	[4591]	:	time Target is 922570
922960	[390]	:	Key	71	DOWN	at	922959  
927900	[4940]	:	time Target is 927900
933226	[5326]	:	time Target is 933226
933661	[435]	:	Key	71	DOWN	at	933660  
938556	[4895]	:	time Target is 938556
943890	[5334]	:	time Target is 943890
949213	[5323]	:	time Target is 949213
949693	[480]	:	Key	71	DOWN	at	949693  
954543	[4850]	:	time Target is 954543
954926	[383]	:	Key	71	DOWN	at	954926  
959882	[4956]	:	time Target is 959882
965208	[5326]	:	time Target is 965208
965726	[518]	:	Key	71	DOWN	at	965725  
970536	[4810]	:	time Target is 970536
975861	[5325]	:	time Target is 975861
981183	[5322]	:	time Target is 981183
981547	[364]	:	Key	71	DOWN	at	981547  
986521	[4974]	:	time Target is 986521
991845	[5324]	:	time Target is 991845
997167	[5322]	:	time Target is 997167
1002491	[5324]	:	time Target is 1002491
1003232	[741]	:	Key	71	DOWN	at	1003231 
1007829	[4597]	:	time Target is 1007829
1013153	[5324]	:	time Target is 1013153
1018473	[5320]	:	time Target is 1018473
1018796	[323]	:	Key	71	DOWN	at	1018795 
1023808	[5012]	:	time Target is 1023808
1029135	[5327]	:	time Target is 1029135
1029483	[348]	:	Key	71	DOWN	at	1029483 
1034473	[4990]	:	time Target is 1034473
1035309	[836]	:	Key	71	DOWN	at	1035308 
1039805	[4496]	:	time Target is 1039805
1040637	[832]	:	Key	71	DOWN	at	1040637 
1045152	[4515]	:	time Target is 1045152
1045455	[303]	:	Key	71	DOWN	at	1045454 
1050491	[5036]	:	time Target is 1050491
1050764	[273]	:	Key	71	DOWN	at	1050764 
1055831	[5067]	:	time Target is 1055831
1056511	[680]	:	Key	71	DOWN	at	1056511 
1061184	[4673]	:	time Target is 1061184
1061504	[320]	:	Key	71	DOWN	at	1061503 
1066523	[5019]	:	time Target is 1066523
1066862	[339]	:	Key	71	DOWN	at	1066862 
1071854	[4992]	:	time Target is 1071854
1072172	[318]	:	Key	71	DOWN	at	1072172 
1077188	[5016]	:	time Target is 1077188
1082508	[5320]	:	time Target is 1082508
1087829	[5321]	:	time Target is 1087829
1088141	[312]	:	Key	71	DOWN	at	1088141 
1093159	[5018]	:	time Target is 1093159
1098484	[5325]	:	time Target is 1098484
1099039	[555]	:	Key	71	DOWN	at	1099039 
1103820	[4781]	:	time Target is 1103820
1109146	[5326]	:	time Target is 1109146
1114467	[5321]	:	time Target is 1114467
1119781	[5314]	:	time Target is 1119781
1125108	[5327]	:	time Target is 1125108
1130446	[5338]	:	time Target is 1130446
1135812	[5366]	:	time Target is 1135812
1136315	[503]	:	Key	71	DOWN	at	1136315 
1141149	[4834]	:	time Target is 1141149
1141662	[513]	:	Key	71	DOWN	at	1141662 
1146488	[4826]	:	time Target is 1146488
1146893	[405]	:	Key	71	DOWN	at	1146893 
1151826	[4933]	:	time Target is 1151826
1152080	[254]	:	Key	71	DOWN	at	1152079 
1157166	[5086]	:	time Target is 1157166
1157468	[302]	:	Key	71	DOWN	at	1157468 
1162504	[5036]	:	time Target is 1162504
1167827	[5323]	:	time Target is 1167827
1168091	[264]	:	Key	71	DOWN	at	1168091 
1173164	[5073]	:	time Target is 1173164
1174239	[1075]	:	Key	71	DOWN	at	1174238 
1178508	[4269]	:	time Target is 1178508
1178861	[353]	:	Key	71	DOWN	at	1178861 
1183842	[4981]	:	time Target is 1183842
1189166	[5324]	:	time Target is 1189166
1194487	[5321]	:	time Target is 1194487
1199811	[5324]	:	time Target is 1199811
1200027	[216]	:	Key	71	DOWN	at	1200027 
1205144	[5117]	:	time Target is 1205144
1210470	[5326]	:	time Target is 1210470
1211243	[773]	:	Key	71	DOWN	at	1211243 
1215805	[4562]	:	time Target is 1215805
1221131	[5326]	:	time Target is 1221131
1226463	[5332]	:	time Target is 1226463
1227069	[606]	:	Key	71	DOWN	at	1227068 
1231800	[4731]	:	time Target is 1231800
1237130	[5330]	:	time Target is 1237130
1237675	[545]	:	Key	71	DOWN	at	1237675 
1242472	[4797]	:	time Target is 1242472
1242847	[375]	:	Key	71	DOWN	at	1242847 
1247811	[4964]	:	time Target is 1247811
1253131	[5320]	:	time Target is 1253131
1253484	[353]	:	Key	71	DOWN	at	1253484 
1258471	[4987]	:	time Target is 1258471
1263793	[5322]	:	time Target is 1263793
1264060	[267]	:	Key	71	DOWN	at	1264060 
1269124	[5064]	:	time Target is 1269124
1269387	[263]	:	Key	71	DOWN	at	1269387 
1274461	[5074]	:	time Target is 1274461
1279783	[5322]	:	time Target is 1279783
1285106	[5323]	:	time Target is 1285106
1290432	[5326]	:	time Target is 1290432
1295755	[5323]	:	time Target is 1295755
1301076	[5321]	:	time Target is 1301076
1301422	[346]	:	Key	71	DOWN	at	1301422 
1305371	[3949]	:	Key	71	UP	at	1301550 
1308736	[3365]	:	Key	71	DOWN	at	1308736 
1308861	[125]	:	Key	71	UP	at	1308861 
1314220	[5359]	:	Key	71	DOWN	at	1314219 
1315011	[791]	:	Key	71	UP	at	1314367 
1315279	[268]	:	time Target is 1315279
1316013	[734]	:	Key	71	DOWN	at	1316013 
1320353	[4340]	:	Key	71	DOWN	at	1320302 
1323169	[2816]	:	time Target is 1323169
1323696	[527]	:	Key	71	DOWN	at	1323695 
1328515	[4819]	:	time Target is 1328515
1328912	[397]	:	Key	71	DOWN	at	1328912 
1333850	[4938]	:	time Target is 1333850
1339172	[5322]	:	time Target is 1339172
1344497	[5325]	:	time Target is 1344497
1349826	[5329]	:	time Target is 1349826
1350318	[492]	:	Key	71	DOWN	at	1350318 
1355165	[4847]	:	time Target is 1355165
1355599	[434]	:	Key	71	DOWN	at	1355598 
1360507	[4908]	:	time Target is 1360507
1365831	[5324]	:	time Target is 1365831
1366348	[517]	:	Key	71	DOWN	at	1366348 
1371167	[4819]	:	time Target is 1371167
1376494	[5327]	:	time Target is 1376494
1381820	[5326]	:	time Target is 1381820
1387140	[5320]	:	time Target is 1387140
1392461	[5321]	:	time Target is 1392461
1392734	[273]	:	Key	71	DOWN	at	1392734 
1397797	[5063]	:	time Target is 1397797
1398094	[297]	:	Key	71	DOWN	at	1398093 
1403132	[5038]	:	time Target is 1403132
1408457	[5325]	:	time Target is 1408457
1408748	[291]	:	Key	71	DOWN	at	1408747 
1413797	[5049]	:	time Target is 1413797
1414156	[359]	:	Key	71	DOWN	at	1414154 
1419136	[4980]	:	time Target is 1419136
1419516	[380]	:	Key	71	DOWN	at	1419516 
1424476	[4960]	:	time Target is 1424476
1429801	[5325]	:	time Target is 1429801
1435120	[5319]	:	time Target is 1435120
1440439	[5319]	:	time Target is 1440439
1440988	[549]	:	Key	71	DOWN	at	1440988 
1445770	[4782]	:	time Target is 1445770
1451089	[5319]	:	time Target is 1451089
1456411	[5322]	:	time Target is 1456411
1461730	[5319]	:	time Target is 1461730
1461839	[109]	:	Key	71	DOWN	at	1461838 
1467072	[5233]	:	time Target is 1467072
1467340	[268]	:	Key	71	DOWN	at	1467340 
1472409	[5069]	:	time Target is 1472409
1477736	[5327]	:	time Target is 1477736
1483057	[5321]	:	time Target is 1483057
1483325	[268]	:	Key	71	DOWN	at	1483325 
1488394	[5069]	:	time Target is 1488394
1493720	[5326]	:	time Target is 1493720
1493758	[38]	:	Key	71	DOWN	at	1493758 
1499053	[5295]	:	time Target is 1499053
1504373	[5320]	:	time Target is 1504373
1504879	[506]	:	Key	71	DOWN	at	1504879 
1509712	[4833]	:	time Target is 1509712
1510193	[481]	:	Key	71	DOWN	at	1510192 
1515060	[4867]	:	time Target is 1515060
1520379	[5319]	:	time Target is 1520379
1520479	[100]	:	Key	71	DOWN	at	1520479 
1525718	[5239]	:	time Target is 1525718
1526141	[423]	:	Key	71	DOWN	at	1526141 
1531063	[4922]	:	time Target is 1531063
1531580	[517]	:	Key	71	DOWN	at	1531580 
1536403	[4823]	:	time Target is 1536403
1541726	[5323]	:	time Target is 1541726
1547048	[5322]	:	time Target is 1547048
1547392	[344]	:	Key	71	DOWN	at	1547392 
1552384	[4992]	:	time Target is 1552384
1552750	[366]	:	Key	71	DOWN	at	1552750 
1557724	[4974]	:	time Target is 1557724
1563058	[5334]	:	time Target is 1563058
1563741	[683]	:	Key	71	DOWN	at	1563741 
1568403	[4662]	:	time Target is 1568403
1568928	[525]	:	Key	71	DOWN	at	1568927 
1573746	[4818]	:	time Target is 1573746
1574030	[284]	:	Key	71	DOWN	at	1574029 
1579081	[5051]	:	time Target is 1579081
1584405	[5324]	:	time Target is 1584405
1584720	[315]	:	Key	71	DOWN	at	1584719 
1589744	[5024]	:	time Target is 1589744
1595059	[5315]	:	time Target is 1595059
1600384	[5325]	:	time Target is 1600384
1600624	[240]	:	Key	71	DOWN	at	1600623 
1605726	[5102]	:	time Target is 1605726
1611058	[5332]	:	time Target is 1611058
1611358	[300]	:	Key	71	DOWN	at	1611357 
1616395	[5037]	:	time Target is 1616395
1616667	[272]	:	Key	71	DOWN	at	1616666 
1621733	[5066]	:	time Target is 1621733
1621792	[59]	:	Key	71	DOWN	at	1621792 
1627076	[5284]	:	time Target is 1627076
1632396	[5320]	:	time Target is 1632396
1632684	[288]	:	Key	71	DOWN	at	1632683 
1637725	[5041]	:	time Target is 1637725
1637916	[191]	:	Key	71	DOWN	at	1637915 
1643066	[5150]	:	time Target is 1643066
1648384	[5318]	:	time Target is 1648384
1653703	[5319]	:	time Target is 1653703
1659033	[5330]	:	time Target is 1659033
1659407	[374]	:	Key	71	DOWN	at	1659407 
1664372	[4965]	:	time Target is 1664372
1664479	[107]	:	Key	71	DOWN	at	1664478 
1669710	[5231]	:	time Target is 1669710
1670043	[333]	:	Key	71	DOWN	at	1670043 
1675057	[5014]	:	time Target is 1675057
1675263	[206]	:	Key	71	DOWN	at	1675262 
1680393	[5130]	:	time Target is 1680393
1681324	[931]	:	Key	71	DOWN	at	1681324 
1685736	[4412]	:	time Target is 1685736
1691074	[5338]	:	time Target is 1691074
1696393	[5319]	:	time Target is 1696393
1701710	[5317]	:	time Target is 1701710
1702302	[592]	:	Key	71	DOWN	at	1702301 
1707047	[4745]	:	time Target is 1707047
1708318	[1271]	:	Key	71	DOWN	at	1708318 
1712385	[4067]	:	time Target is 1712385
1717704	[5319]	:	time Target is 1717704
1718015	[311]	:	Key	71	DOWN	at	1718014 
1723044	[5029]	:	time Target is 1723044
1728371	[5327]	:	time Target is 1728371
1733692	[5321]	:	time Target is 1733692
1734030	[338]	:	Key	71	DOWN	at	1734030 
1739030	[5000]	:	time Target is 1739030
1744353	[5323]	:	time Target is 1744353
1745407	[1054]	:	Key	71	DOWN	at	1745407 
1749687	[4280]	:	time Target is 1749687
1755013	[5326]	:	time Target is 1755013
1760341	[5328]	:	time Target is 1760341
1765669	[5328]	:	time Target is 1765669
1766138	[469]	:	Key	71	DOWN	at	1766138 
1771007	[4869]	:	time Target is 1771007
1771788	[781]	:	Key	71	DOWN	at	1771788 
1776354	[4566]	:	time Target is 1776354
1776958	[604]	:	Key	71	DOWN	at	1776958 
1781692	[4734]	:	time Target is 1781692
1787016	[5324]	:	time Target is 1787016
1787473	[457]	:	Key	71	DOWN	at	1787471 
1791318	[3845]	:	Key	71	UP	at	1787613 
1794366	[3048]	:	Key	71	DOWN	at	1794366 
1795151	[785]	:	Key	71	UP	at	1794491 
1795420	[269]	:	time Target is 1795420
1796224	[804]	:	Key	71	DOWN	at	1796223 
1800755	[4531]	:	time Target is 1800755
1806086	[5331]	:	time Target is 1806086
1811421	[5335]	:	time Target is 1811421
1816745	[5324]	:	time Target is 1816745
1822071	[5326]	:	time Target is 1822071
1822688	[617]	:	Key	71	DOWN	at	1822688 
1827412	[4724]	:	time Target is 1827412
1832731	[5319]	:	time Target is 1832731
1838053	[5322]	:	time Target is 1838053
1838444	[391]	:	Key	71	DOWN	at	1838444 
1843402	[4958]	:	time Target is 1843402
1848725	[5323]	:	time Target is 1848725
1849053	[328]	:	Key	71	DOWN	at	1849053 
1854073	[5020]	:	time Target is 1854073
1859399	[5326]	:	time Target is 1859399
1864733	[5334]	:	time Target is 1864733
1870057	[5324]	:	time Target is 1870057
1870464	[407]	:	Key	71	DOWN	at	1870464 
1875389	[4925]	:	time Target is 1875389
1875820	[431]	:	Key	71	DOWN	at	1875820 
1880733	[4913]	:	time Target is 1880733
1881198	[465]	:	Key	71	DOWN	at	1881197 
1886072	[4874]	:	time Target is 1886072
1886252	[180]	:	Key	71	DOWN	at	1886251 
1891413	[5161]	:	time Target is 1891413
1892219	[806]	:	Key	71	DOWN	at	1892219 
1896754	[4535]	:	time Target is 1896754
1902073	[5319]	:	time Target is 1902073
1902351	[278]	:	Key	71	DOWN	at	1902350 
1907413	[5062]	:	time Target is 1907413
1907645	[232]	:	Key	71	DOWN	at	1907645 
1912746	[5101]	:	time Target is 1912746
1918070	[5324]	:	time Target is 1918070
1923396	[5326]	:	time Target is 1923396
1928725	[5329]	:	time Target is 1928725
1929243	[518]	:	Key	71	DOWN	at	1929243 
1934067	[4824]	:	time Target is 1934067
1939388	[5321]	:	time Target is 1939388
1939823	[435]	:	Key	71	DOWN	at	1939822 
1944737	[4914]	:	time Target is 1944737
1945023	[286]	:	Key	71	DOWN	at	1945023 
1950071	[5048]	:	time Target is 1950071
1955402	[5331]	:	time Target is 1955402
1960738	[5336]	:	time Target is 1960738
1966058	[5320]	:	time Target is 1966058
1966415	[357]	:	Key	71	DOWN	at	1966414 
1971397	[4982]	:	time Target is 1971397
1971981	[584]	:	Key	71	DOWN	at	1971981 
1976733	[4752]	:	time Target is 1976733
1977132	[399]	:	Key	71	DOWN	at	1977132 
1982067	[4935]	:	time Target is 1982067
1987388	[5321]	:	time Target is 1987388
1992724	[5336]	:	time Target is 1992724
1998057	[5333]	:	time Target is 1998057
2003379	[5322]	:	time Target is 2003379
2003902	[523]	:	Key	71	DOWN	at	2003902 
2008719	[4817]	:	time Target is 2008719
2014051	[5332]	:	time Target is 2014051
2014271	[220]	:	Key	71	DOWN	at	2014271 
2019382	[5111]	:	time Target is 2019382
2024717	[5335]	:	time Target is 2024717
2024876	[159]	:	Key	71	DOWN	at	2024876 
2030051	[5175]	:	time Target is 2030051
2030318	[267]	:	Key	71	DOWN	at	2030317 
2035383	[5065]	:	time Target is 2035383
2035870	[487]	:	Key	71	DOWN	at	2035869 
2040735	[4865]	:	time Target is 2040735
2041565	[830]	:	Key	71	DOWN	at	2041565 
2046080	[4515]	:	time Target is 2046080
2051400	[5320]	:	time Target is 2051400
2051884	[484]	:	Key	71	DOWN	at	2051882 
2056737	[4853]	:	time Target is 2056737
2057103	[366]	:	Key	71	DOWN	at	2057101 
2062076	[4973]	:	time Target is 2062076
2062348	[272]	:	Key	71	DOWN	at	2062347 
2067409	[5061]	:	time Target is 2067409
2072726	[5317]	:	time Target is 2072726
2073099	[373]	:	Key	71	DOWN	at	2073099 
2078054	[4955]	:	time Target is 2078054
2083380	[5326]	:	time Target is 2083380
2088706	[5326]	:	time Target is 2088706
2094034	[5328]	:	time Target is 2094034
2099352	[5318]	:	time Target is 2099352
2104674	[5322]	:	time Target is 2104674
2104958	[284]	:	Key	71	DOWN	at	2104957 
2110022	[5064]	:	time Target is 2110022
2115342	[5320]	:	time Target is 2115342
2115530	[188]	:	Key	71	DOWN	at	2115530 
2120676	[5146]	:	time Target is 2120676
2126004	[5328]	:	time Target is 2126004
2131326	[5322]	:	time Target is 2131326
2131821	[495]	:	Key	71	DOWN	at	2131821 
2136649	[4828]	:	time Target is 2136649
2141971	[5322]	:	time Target is 2141971
2143338	[1367]	:	Key	71	DOWN	at	2143338 
2147308	[3970]	:	time Target is 2147308
2147615	[307]	:	Key	71	DOWN	at	2147615 
2152645	[5030]	:	time Target is 2152645
2152799	[154]	:	Key	71	DOWN	at	2152798 
2157991	[5192]	:	time Target is 2157991
2158445	[454]	:	Key	71	DOWN	at	2158445 
2163332	[4887]	:	time Target is 2163332
2164575	[1243]	:	Key	71	DOWN	at	2164575 
2168670	[4095]	:	time Target is 2168670
2173997	[5327]	:	time Target is 2173997
2174639	[642]	:	Key	71	DOWN	at	2174639 
2179331	[4692]	:	time Target is 2179331
2179806	[475]	:	Key	71	DOWN	at	2179805 
2184671	[4865]	:	time Target is 2184671
2184912	[241]	:	Key	71	DOWN	at	2184911 
2190003	[5091]	:	time Target is 2190003
2190417	[414]	:	Key	71	DOWN	at	2190416 
2195343	[4926]	:	time Target is 2195343
2200665	[5322]	:	time Target is 2200665
2205984	[5319]	:	time Target is 2205984
2211304	[5320]	:	time Target is 2211304
2211631	[327]	:	Key	71	DOWN	at	2211631 
2216645	[5014]	:	time Target is 2216645
2221969	[5324]	:	time Target is 2221969
2222286	[317]	:	Key	71	DOWN	at	2222286 
2227313	[5027]	:	time Target is 2227313
2228124	[811]	:	Key	71	DOWN	at	2228124 
2232657	[4533]	:	time Target is 2232657
2237977	[5320]	:	time Target is 2237977
2238252	[275]	:	Key	71	DOWN	at	2238252 
2243317	[5065]	:	time Target is 2243317
2248635	[5318]	:	time Target is 2248635
2249536	[901]	:	Key	71	DOWN	at	2249535 
2253974	[4438]	:	time Target is 2253974
2259310	[5336]	:	time Target is 2259310
2264632	[5322]	:	time Target is 2264632
2269954	[5322]	:	time Target is 2269954
2281853	[11899]	:	Key	71	DOWN	at	2281852 
2281979	[126]	:	Key	71	UP	at	2281979 
2292635	[10656]	:	Key	28	DOWN	at	2292635 
2292780	[145]	:	Key	28	UP	at	2292779 
2296011	[3231]	:	Key	28	DOWN	at	2296011 
2296158	[147]	:	Key	28	UP	at	2296157 
2301836	[5678]	:	Key	29	DOWN	at	2301835 
2301981	[145]	:	Key	29	UP	at	2301981 
2305788	[3807]	:	Key	29	DOWN	at	2305788 
2305933	[145]	:	Key	29	UP	at	2305932 
2307214	[1281]	:	Key	29	DOWN	at	2307213 
2307360	[146]	:	Key	29	UP	at	2307360 
2307614	[254]	:	Key	29	DOWN	at	2307613 
2307755	[141]	:	Key	29	UP	at	2307755 
2308560	[805]	:	Key	28	DOWN	at	2308559 
2308685	[125]	:	Key	28	UP	at	2308685 
2308829	[144]	:	Key	28	DOWN	at	2308829 
2308956	[127]	:	Key	28	UP	at	2308955 
2310767	[1811]	:	Key	28	DOWN	at	2310767 
2310878	[111]	:	Key	28	UP	at	2310877 
2311008	[130]	:	Key	28	DOWN	at	2311007 
2311149	[141]	:	Key	28	UP	at	2311149 
2311867	[718]	:	Key	28	DOWN	at	2311867 
2311983	[116]	:	Key	28	UP	at	2311982 
2312140	[157]	:	Key	28	DOWN	at	2312140 
2312253	[113]	:	Key	28	UP	at	2312253 
2313389	[1136]	:	Key	29	DOWN	at	2313388 
2313533	[144]	:	Key	29	UP	at	2313533 
2315070	[1537]	:	Key	29	DOWN	at	2315069 
2315181	[111]	:	Key	29	UP	at	2315180 
2316444	[1263]	:	Key	29	DOWN	at	2316444 
2316590	[146]	:	Key	29	UP	at	2316589 
2317024	[434]	:	Key	29	DOWN	at	2317023 
2317039	[15]	:	COGENT STOP
