Cog2000 log file Fri Sep 13 16:34:12 2019
gprim v1.33 Compiled:Aug 12 2015 (GLib DirectDraw v7 DX12.0 Compiled:Aug 12 2015)
Display:1024x768x32 59.99Hz
CogInput v1.05 Compiled: May 20 2010
0	[0]	:	COGENT START
10077	[10077]	:	Key	71	DOWN	at	10076   
10192	[115]	:	Key	71	UP	at	10192   
29152	[18960]	:	Key	71	DOWN	at	29152   
29228	[76]	:	Key	71	UP	at	29227   
33980	[4752]	:	Key	71	DOWN	at	33979   
34064	[84]	:	Key	71	UP	at	34063   
45103	[11039]	:	Key	71	DOWN	at	45103   
45214	[111]	:	Key	71	UP	at	45214   
61118	[15904]	:	Key	71	DOWN	at	61118   
61232	[114]	:	Key	71	UP	at	61231   
80669	[19437]	:	Key	71	DOWN	at	80669   
81495	[826]	:	time Target is 81494
81887	[392]	:	Key	71	DOWN	at	81886   
87596	[5709]	:	time Target is 87596
87902	[306]	:	Key	71	DOWN	at	87902   
93678	[5776]	:	time Target is 93678
94074	[396]	:	Key	71	DOWN	at	94074   
99770	[5696]	:	time Target is 99770
100079	[309]	:	Key	71	DOWN	at	100078  
109947	[9868]	:	Key	71	DOWN	at	109946  
111009	[1062]	:	time Target is 111008
117336	[6327]	:	time Target is 117336
123657	[6321]	:	time Target is 123657
129977	[6320]	:	time Target is 129977
150479	[20502]	:	Key	71	DOWN	at	150479  
150687	[208]	:	Key	71	UP	at	150687  
155133	[4446]	:	Key	71	DOWN	at	155133  
155323	[190]	:	Key	71	UP	at	155322  
160075	[4752]	:	Key	71	DOWN	at	160075  
160219	[144]	:	Key	71	UP	at	160218  
169583	[9364]	:	Key	71	DOWN	at	169582  
169756	[173]	:	Key	71	UP	at	169756  
174238	[4482]	:	Key	71	DOWN	at	174238  
175038	[800]	:	Key	71	UP	at	174410  
175062	[24]	:	time Target is 175062
175647	[585]	:	Key	71	DOWN	at	175646  
180165	[4518]	:	time Target is 180165
185249	[5084]	:	time Target is 185248
185983	[734]	:	Key	71	DOWN	at	185983  
190353	[4370]	:	time Target is 190352
191085	[732]	:	Key	71	DOWN	at	191083  
194659	[3574]	:	Key	71	UP	at	191278  
202157	[7498]	:	Key	71	DOWN	at	202156  
202286	[129]	:	Key	71	UP	at	202285  
206715	[4429]	:	Key	71	DOWN	at	206715  
207506	[791]	:	Key	71	UP	at	206846  
207527	[21]	:	time Target is 207527
208175	[648]	:	Key	71	DOWN	at	208174  
212613	[4438]	:	time Target is 212613
217684	[5071]	:	time Target is 217684
222755	[5071]	:	time Target is 222755
234363	[11608]	:	Key	71	DOWN	at	234362  
234540	[177]	:	Key	71	UP	at	234540  
238239	[3699]	:	Key	71	DOWN	at	238239  
239029	[790]	:	Key	71	UP	at	238398  
239050	[21]	:	time Target is 239050
239744	[694]	:	Key	71	DOWN	at	239743  
244144	[4400]	:	time Target is 244143
249219	[5075]	:	time Target is 249219
249802	[583]	:	Key	71	DOWN	at	249802  
254302	[4500]	:	time Target is 254302
254891	[589]	:	Key	71	DOWN	at	254891  
258593	[3702]	:	Key	71	UP	at	255037  
265630	[7037]	:	Key	71	DOWN	at	265630  
265824	[194]	:	Key	71	UP	at	265823  
270064	[4240]	:	Key	71	DOWN	at	270063  
270856	[792]	:	Key	71	UP	at	270235  
270880	[24]	:	time Target is 270880
275951	[5071]	:	time Target is 275950
276570	[619]	:	Key	71	DOWN	at	276570  
281038	[4468]	:	time Target is 281037
286109	[5071]	:	time Target is 286108
297514	[11405]	:	Key	71	DOWN	at	297514  
297691	[177]	:	Key	71	UP	at	297691  
313580	[15889]	:	Key	71	DOWN	at	313579  
313835	[255]	:	Key	71	UP	at	313835  
328893	[15058]	:	Key	71	DOWN	at	328893  
329083	[190]	:	Key	71	UP	at	329083  
341371	[12288]	:	Key	71	DOWN	at	341371  
341599	[228]	:	Key	71	UP	at	341599  
346970	[5371]	:	Key	71	DOWN	at	346970  
349532	[2562]	:	time Target is 349532
350016	[484]	:	Key	71	DOWN	at	350015  
354874	[4858]	:	time Target is 354874
355275	[401]	:	Key	71	DOWN	at	355275  
360214	[4939]	:	time Target is 360214
361390	[1176]	:	Key	71	DOWN	at	361390  
365555	[4165]	:	time Target is 365555
365979	[424]	:	Key	71	DOWN	at	365979  
370892	[4913]	:	time Target is 370892
376210	[5318]	:	time Target is 376210
376525	[315]	:	Key	71	DOWN	at	376525  
381545	[5020]	:	time Target is 381545
386868	[5323]	:	time Target is 386868
387759	[891]	:	Key	71	DOWN	at	387759  
392221	[4462]	:	time Target is 392221
397542	[5321]	:	time Target is 397542
397948	[406]	:	Key	71	DOWN	at	397948  
402897	[4949]	:	time Target is 402897
408217	[5320]	:	time Target is 408217
413542	[5325]	:	time Target is 413542
413949	[407]	:	Key	71	DOWN	at	413948  
418882	[4933]	:	time Target is 418882
419358	[476]	:	Key	71	DOWN	at	419357  
424219	[4861]	:	time Target is 424219
429541	[5322]	:	time Target is 429541
434861	[5320]	:	time Target is 434861
435566	[705]	:	Key	71	DOWN	at	435566  
440196	[4630]	:	time Target is 440196
440877	[681]	:	Key	71	DOWN	at	440877  
445532	[4655]	:	time Target is 445532
445851	[319]	:	Key	71	DOWN	at	445851  
450872	[5021]	:	time Target is 450872
452026	[1154]	:	Key	71	DOWN	at	452026  
456207	[4181]	:	time Target is 456207
461531	[5324]	:	time Target is 461531
461856	[325]	:	Key	71	DOWN	at	461855  
466872	[5016]	:	time Target is 466872
472202	[5330]	:	time Target is 472202
472624	[422]	:	Key	71	DOWN	at	472623  
477534	[4910]	:	time Target is 477534
482854	[5320]	:	time Target is 482854
488174	[5320]	:	time Target is 488174
493498	[5324]	:	time Target is 493498
493806	[308]	:	Key	71	DOWN	at	493805  
498848	[5042]	:	time Target is 498848
499183	[335]	:	Key	71	DOWN	at	499182  
504187	[5004]	:	time Target is 504187
509515	[5328]	:	time Target is 509515
514831	[5316]	:	time Target is 514831
515150	[319]	:	Key	71	DOWN	at	515150  
520163	[5013]	:	time Target is 520163
525487	[5324]	:	time Target is 525487
530817	[5330]	:	time Target is 530817
531151	[334]	:	Key	71	DOWN	at	531150  
536151	[5000]	:	time Target is 536151
541470	[5319]	:	time Target is 541470
546793	[5323]	:	time Target is 546793
552116	[5323]	:	time Target is 552116
557433	[5317]	:	time Target is 557433
562753	[5320]	:	time Target is 562753
563548	[795]	:	Key	71	DOWN	at	563548  
568092	[4544]	:	time Target is 568092
573433	[5341]	:	time Target is 573433
573789	[356]	:	Key	71	DOWN	at	573789  
578770	[4981]	:	time Target is 578770
584126	[5356]	:	time Target is 584126
584637	[511]	:	Key	71	DOWN	at	584636  
589464	[4827]	:	time Target is 589464
594788	[5324]	:	time Target is 594788
595099	[311]	:	Key	71	DOWN	at	595098  
600128	[5029]	:	time Target is 600128
605454	[5326]	:	time Target is 605454
605963	[509]	:	Key	71	DOWN	at	605963  
610790	[4827]	:	time Target is 610790
611213	[423]	:	Key	71	DOWN	at	611213  
616131	[4918]	:	time Target is 616131
616495	[364]	:	Key	71	DOWN	at	616494  
621468	[4973]	:	time Target is 621468
626787	[5319]	:	time Target is 626787
627580	[793]	:	Key	71	DOWN	at	627579  
632126	[4546]	:	time Target is 632126
637448	[5322]	:	time Target is 637448
642769	[5321]	:	time Target is 642769
648096	[5327]	:	time Target is 648096
648426	[330]	:	Key	71	DOWN	at	648426  
653429	[5003]	:	time Target is 653429
658770	[5341]	:	time Target is 658770
664090	[5320]	:	time Target is 664090
664556	[466]	:	Key	71	DOWN	at	664556  
669428	[4872]	:	time Target is 669428
669726	[298]	:	Key	71	DOWN	at	669726  
674762	[5036]	:	time Target is 674762
680111	[5349]	:	time Target is 680111
680463	[352]	:	Key	71	DOWN	at	680462  
685453	[4990]	:	time Target is 685453
685785	[332]	:	Key	71	DOWN	at	685785  
690786	[5001]	:	time Target is 690786
696116	[5330]	:	time Target is 696116
701438	[5322]	:	time Target is 701438
701693	[255]	:	Key	71	DOWN	at	701693  
706775	[5082]	:	time Target is 706775
707356	[581]	:	Key	71	DOWN	at	707355  
712113	[4757]	:	time Target is 712113
712427	[314]	:	Key	71	DOWN	at	712427  
717454	[5027]	:	time Target is 717454
722777	[5323]	:	time Target is 722777
723197	[420]	:	Key	71	DOWN	at	723196  
728114	[4917]	:	time Target is 728114
728411	[297]	:	Key	71	DOWN	at	728411  
733452	[5041]	:	time Target is 733452
738776	[5324]	:	time Target is 738776
739082	[306]	:	Key	71	DOWN	at	739082  
744114	[5032]	:	time Target is 744114
745357	[1243]	:	Key	71	DOWN	at	745357  
749485	[4128]	:	time Target is 749485
749741	[256]	:	Key	71	DOWN	at	749741  
754822	[5081]	:	time Target is 754822
755116	[294]	:	Key	71	DOWN	at	755116  
760156	[5040]	:	time Target is 760156
760446	[290]	:	Key	71	DOWN	at	760445  
765503	[5057]	:	time Target is 765503
770818	[5315]	:	time Target is 770818
771178	[360]	:	Key	71	DOWN	at	771178  
776158	[4980]	:	time Target is 776158
781481	[5323]	:	time Target is 781481
786798	[5317]	:	time Target is 786798
792131	[5333]	:	time Target is 792131
797452	[5321]	:	time Target is 797452
802780	[5328]	:	time Target is 802780
803274	[494]	:	Key	71	DOWN	at	803274  
808119	[4845]	:	time Target is 808119
813445	[5326]	:	time Target is 813445
818767	[5322]	:	time Target is 818767
819487	[720]	:	Key	71	DOWN	at	819487  
824097	[4610]	:	time Target is 824097
824428	[331]	:	Key	71	DOWN	at	824428  
828397	[3969]	:	Key	71	UP	at	824570  
830571	[2174]	:	Key	71	DOWN	at	830570  
831360	[789]	:	Key	71	UP	at	830733  
831629	[269]	:	time Target is 831629
832620	[991]	:	Key	71	DOWN	at	832620  
836970	[4350]	:	time Target is 836970
842298	[5328]	:	time Target is 842298
842718	[420]	:	Key	71	DOWN	at	842717  
847639	[4921]	:	time Target is 847639
852962	[5323]	:	time Target is 852962
858286	[5324]	:	time Target is 858286
863613	[5327]	:	time Target is 863613
863965	[352]	:	Key	71	DOWN	at	863964  
868945	[4980]	:	time Target is 868945
874268	[5323]	:	time Target is 874268
874827	[559]	:	Key	71	DOWN	at	874826  
879599	[4772]	:	time Target is 879599
879920	[321]	:	Key	71	DOWN	at	879918  
884939	[5019]	:	time Target is 884939
885260	[321]	:	Key	71	DOWN	at	885259  
890282	[5022]	:	time Target is 890282
895600	[5318]	:	time Target is 895600
895902	[302]	:	Key	71	DOWN	at	895901  
900939	[5037]	:	time Target is 900939
901691	[752]	:	Key	71	DOWN	at	901690  
906278	[4587]	:	time Target is 906278
911599	[5321]	:	time Target is 911599
912029	[430]	:	Key	71	DOWN	at	912029  
916937	[4908]	:	time Target is 916937
922252	[5315]	:	time Target is 922252
927573	[5321]	:	time Target is 927573
927900	[327]	:	Key	71	DOWN	at	927900  
932911	[5011]	:	time Target is 932911
933279	[368]	:	Key	71	DOWN	at	933278  
938250	[4971]	:	time Target is 938250
943571	[5321]	:	time Target is 943571
948893	[5322]	:	time Target is 948893
954215	[5322]	:	time Target is 954215
959557	[5342]	:	time Target is 959557
964883	[5326]	:	time Target is 964883
965261	[378]	:	Key	71	DOWN	at	965260  
970255	[4994]	:	time Target is 970255
975594	[5339]	:	time Target is 975594
980915	[5321]	:	time Target is 980915
986234	[5319]	:	time Target is 986234
991554	[5320]	:	time Target is 991554
991898	[344]	:	Key	71	DOWN	at	991898  
996928	[5030]	:	time Target is 996928
1002250	[5322]	:	time Target is 1002250
1002575	[325]	:	Key	71	DOWN	at	1002575 
1007591	[5016]	:	time Target is 1007591
1012912	[5321]	:	time Target is 1012912
1013243	[331]	:	Key	71	DOWN	at	1013243 
1018251	[5008]	:	time Target is 1018251
1018636	[385]	:	Key	71	DOWN	at	1018636 
1023607	[4971]	:	time Target is 1023607
1028933	[5326]	:	time Target is 1028933
1029275	[342]	:	Key	71	DOWN	at	1029275 
1034268	[4993]	:	time Target is 1034268
1034559	[291]	:	Key	71	DOWN	at	1034558 
1039593	[5034]	:	time Target is 1039593
1044915	[5322]	:	time Target is 1044915
1045183	[268]	:	Key	71	DOWN	at	1045182 
1050255	[5072]	:	time Target is 1050255
1050557	[302]	:	Key	71	DOWN	at	1050557 
1055586	[5029]	:	time Target is 1055586
1060904	[5318]	:	time Target is 1060904
1066226	[5322]	:	time Target is 1066226
1071558	[5332]	:	time Target is 1071558
1076878	[5320]	:	time Target is 1076878
1077194	[316]	:	Key	71	DOWN	at	1077194 
1082219	[5025]	:	time Target is 1082219
1087564	[5345]	:	time Target is 1087564
1087852	[288]	:	Key	71	DOWN	at	1087852 
1092902	[5050]	:	time Target is 1092902
1093242	[340]	:	Key	71	DOWN	at	1093242 
1098239	[4997]	:	time Target is 1098239
1103564	[5325]	:	time Target is 1103564
1103948	[384]	:	Key	71	DOWN	at	1103948 
1108902	[4954]	:	time Target is 1108902
1114223	[5321]	:	time Target is 1114223
1119543	[5320]	:	time Target is 1119543
1124885	[5342]	:	time Target is 1124885
1125227	[342]	:	Key	71	DOWN	at	1125227 
1130214	[4987]	:	time Target is 1130214
1135533	[5319]	:	time Target is 1135533
1140853	[5320]	:	time Target is 1140853
1141277	[424]	:	Key	71	DOWN	at	1141276 
1146194	[4917]	:	time Target is 1146194
1146698	[504]	:	Key	71	DOWN	at	1146697 
1151531	[4833]	:	time Target is 1151531
1156859	[5328]	:	time Target is 1156859
1157133	[274]	:	Key	71	DOWN	at	1157132 
1162214	[5081]	:	time Target is 1162214
1162509	[295]	:	Key	71	DOWN	at	1162508 
1167552	[5043]	:	time Target is 1167552
1167865	[313]	:	Key	71	DOWN	at	1167865 
1172891	[5026]	:	time Target is 1172891
1173148	[257]	:	Key	71	DOWN	at	1173148 
1178224	[5076]	:	time Target is 1178224
1183547	[5323]	:	time Target is 1183547
1183834	[287]	:	Key	71	DOWN	at	1183833 
1188877	[5043]	:	time Target is 1188877
1189199	[322]	:	Key	71	DOWN	at	1189198 
1194233	[5034]	:	time Target is 1194233
1199550	[5317]	:	time Target is 1199550
1204872	[5322]	:	time Target is 1204872
1205306	[434]	:	Key	71	DOWN	at	1205306 
1210207	[4901]	:	time Target is 1210207
1215528	[5321]	:	time Target is 1215528
1220846	[5318]	:	time Target is 1220846
1226167	[5321]	:	time Target is 1226167
1227354	[1187]	:	Key	71	DOWN	at	1227354 
1231514	[4160]	:	time Target is 1231514
1231786	[272]	:	Key	71	DOWN	at	1231785 
1236875	[5089]	:	time Target is 1236875
1237145	[270]	:	Key	71	DOWN	at	1237145 
1242203	[5058]	:	time Target is 1242203
1242493	[290]	:	Key	71	DOWN	at	1242493 
1247542	[5049]	:	time Target is 1247542
1248043	[501]	:	Key	71	DOWN	at	1248043 
1252882	[4839]	:	time Target is 1252882
1258218	[5336]	:	time Target is 1258218
1258703	[485]	:	Key	71	DOWN	at	1258702 
1263558	[4855]	:	time Target is 1263558
1268882	[5324]	:	time Target is 1268882
1274203	[5321]	:	time Target is 1274203
1279528	[5325]	:	time Target is 1279528
1279945	[417]	:	Key	71	DOWN	at	1279945 
1284863	[4918]	:	time Target is 1284863
1290190	[5327]	:	time Target is 1290190
1295508	[5318]	:	time Target is 1295508
1295806	[298]	:	Key	71	DOWN	at	1295806 
1300848	[5042]	:	time Target is 1300848
1306169	[5321]	:	time Target is 1306169
1306523	[354]	:	Key	71	DOWN	at	1306522 
1310473	[3950]	:	Key	71	UP	at	1306684 
1371290	[60817]	:	Key	71	DOWN	at	1371289 
1371453	[163]	:	Key	71	UP	at	1371453 
1375916	[4463]	:	Key	71	DOWN	at	1375915 
1376707	[791]	:	Key	71	UP	at	1376076 
1376977	[270]	:	time Target is 1376977
1382297	[5320]	:	time Target is 1382297
1382622	[325]	:	Key	71	DOWN	at	1382622 
1387628	[5006]	:	time Target is 1387628
1392950	[5322]	:	time Target is 1392950
1394079	[1129]	:	Key	71	DOWN	at	1394078 
1398289	[4210]	:	time Target is 1398289
1399386	[1097]	:	Key	71	DOWN	at	1399385 
1403626	[4240]	:	time Target is 1403626
1408954	[5328]	:	time Target is 1408954
1409581	[627]	:	Key	71	DOWN	at	1409581 
1414292	[4711]	:	time Target is 1414292
1419614	[5322]	:	time Target is 1419614
1419673	[59]	:	Key	71	DOWN	at	1419673 
1424953	[5280]	:	time Target is 1424953
1425261	[308]	:	Key	71	DOWN	at	1425261 
1430290	[5029]	:	time Target is 1430290
1430652	[362]	:	Key	71	DOWN	at	1430651 
1435631	[4979]	:	time Target is 1435631
1440953	[5322]	:	time Target is 1440953
1441180	[227]	:	Key	71	DOWN	at	1441179 
1446288	[5108]	:	time Target is 1446288
1446729	[441]	:	Key	71	DOWN	at	1446729 
1451626	[4897]	:	time Target is 1451626
1456951	[5325]	:	time Target is 1456951
1457262	[311]	:	Key	71	DOWN	at	1457262 
1462286	[5024]	:	time Target is 1462286
1467613	[5327]	:	time Target is 1467613
1467867	[254]	:	Key	71	DOWN	at	1467867 
1472949	[5082]	:	time Target is 1472949
1478269	[5320]	:	time Target is 1478269
1483592	[5323]	:	time Target is 1483592
1484349	[757]	:	Key	71	DOWN	at	1484348 
1488931	[4582]	:	time Target is 1488931
1489579	[648]	:	Key	71	DOWN	at	1489579 
1494264	[4685]	:	time Target is 1494264
1494909	[645]	:	Key	71	DOWN	at	1494909 
1499603	[4694]	:	time Target is 1499603
1499882	[279]	:	Key	71	DOWN	at	1499882 
1504937	[5055]	:	time Target is 1504937
1510264	[5327]	:	time Target is 1510264
1510841	[577]	:	Key	71	DOWN	at	1510841 
1515604	[4763]	:	time Target is 1515604
1520925	[5321]	:	time Target is 1520925
1526255	[5330]	:	time Target is 1526255
1526508	[253]	:	Key	71	DOWN	at	1526508 
1531581	[5073]	:	time Target is 1531581
1536907	[5326]	:	time Target is 1536907
1537291	[384]	:	Key	71	DOWN	at	1537291 
1542242	[4951]	:	time Target is 1542242
1542556	[314]	:	Key	71	DOWN	at	1542555 
1547578	[5022]	:	time Target is 1547578
1547900	[322]	:	Key	71	DOWN	at	1547900 
1552919	[5019]	:	time Target is 1552919
1553229	[310]	:	Key	71	DOWN	at	1553228 
1558253	[5024]	:	time Target is 1558253
1559660	[1407]	:	Key	71	DOWN	at	1559660 
1563589	[3929]	:	time Target is 1563589
1563838	[249]	:	Key	71	DOWN	at	1563838 
1568925	[5087]	:	time Target is 1568925
1569132	[207]	:	Key	71	DOWN	at	1569132 
1574260	[5128]	:	time Target is 1574260
1579612	[5352]	:	time Target is 1579612
1579917	[305]	:	Key	71	DOWN	at	1579916 
1584948	[5031]	:	time Target is 1584948
1590269	[5321]	:	time Target is 1590269
1595589	[5320]	:	time Target is 1595589
1595902	[313]	:	Key	71	DOWN	at	1595902 
1600928	[5026]	:	time Target is 1600928
1601178	[250]	:	Key	71	DOWN	at	1601177 
1606266	[5088]	:	time Target is 1606266
1611610	[5344]	:	time Target is 1611610
1612253	[643]	:	Key	71	DOWN	at	1612253 
1616951	[4698]	:	time Target is 1616951
1617626	[675]	:	Key	71	DOWN	at	1617626 
1622288	[4662]	:	time Target is 1622288
1627613	[5325]	:	time Target is 1627613
1627930	[317]	:	Key	71	DOWN	at	1627929 
1632944	[5014]	:	time Target is 1632944
1633180	[236]	:	Key	71	DOWN	at	1633180 
1638281	[5101]	:	time Target is 1638281
1639707	[1426]	:	Key	71	DOWN	at	1639706 
1643622	[3915]	:	time Target is 1643622
1648942	[5320]	:	time Target is 1648942
1654264	[5322]	:	time Target is 1654264
1654605	[341]	:	Key	71	DOWN	at	1654605 
1659601	[4996]	:	time Target is 1659601
1659754	[153]	:	Key	71	DOWN	at	1659753 
1664937	[5183]	:	time Target is 1664937
1665197	[260]	:	Key	71	DOWN	at	1665196 
1670277	[5080]	:	time Target is 1670277
1670542	[265]	:	Key	71	DOWN	at	1670541 
1675614	[5072]	:	time Target is 1675614
1680936	[5322]	:	time Target is 1680936
1681181	[245]	:	Key	71	DOWN	at	1681180 
1686273	[5092]	:	time Target is 1686273
1691616	[5343]	:	time Target is 1691616
1691837	[221]	:	Key	71	DOWN	at	1691837 
1696954	[5117]	:	time Target is 1696954
1697150	[196]	:	Key	71	DOWN	at	1697150 
1702293	[5143]	:	time Target is 1702293
1707613	[5320]	:	time Target is 1707613
1707901	[288]	:	Key	71	DOWN	at	1707901 
1712952	[5051]	:	time Target is 1712952
1713260	[308]	:	Key	71	DOWN	at	1713260 
1718289	[5029]	:	time Target is 1718289
1718555	[266]	:	Key	71	DOWN	at	1718554 
1723628	[5073]	:	time Target is 1723628
1723852	[224]	:	Key	71	DOWN	at	1723851 
1728957	[5105]	:	time Target is 1728957
1730186	[1229]	:	Key	71	DOWN	at	1730185 
1734305	[4119]	:	time Target is 1734305
1739369	[5064]	:	Key	71	DOWN	at	1739164 
1739369	[0]	:	Key	71	UP	at	1739293 
1742191	[2822]	:	time Target is 1742191
1747520	[5329]	:	time Target is 1747520
1747914	[394]	:	Key	71	DOWN	at	1747914 
1752858	[4944]	:	time Target is 1752858
1753326	[468]	:	Key	71	DOWN	at	1753326 
1758189	[4863]	:	time Target is 1758189
1758668	[479]	:	Key	71	DOWN	at	1758667 
1763528	[4860]	:	time Target is 1763528
1763949	[421]	:	Key	71	DOWN	at	1763949 
1768868	[4919]	:	time Target is 1768868
1769288	[420]	:	Key	71	DOWN	at	1769288 
1774215	[4927]	:	time Target is 1774215
1774526	[311]	:	Key	71	DOWN	at	1774526 
1779553	[5027]	:	time Target is 1779553
1779933	[380]	:	Key	71	DOWN	at	1779933 
1784883	[4950]	:	time Target is 1784883
1785406	[523]	:	Key	71	DOWN	at	1785405 
1790241	[4835]	:	time Target is 1790241
1790780	[539]	:	Key	71	DOWN	at	1790779 
1795581	[4801]	:	time Target is 1795581
1795981	[400]	:	Key	71	DOWN	at	1795980 
1800917	[4936]	:	time Target is 1800917
1801596	[679]	:	Key	71	DOWN	at	1801596 
1806253	[4657]	:	time Target is 1806253
1806634	[381]	:	Key	71	DOWN	at	1806634 
1811585	[4951]	:	time Target is 1811585
1811918	[333]	:	Key	71	DOWN	at	1811918 
1816918	[5000]	:	time Target is 1816918
1817276	[358]	:	Key	71	DOWN	at	1817276 
1822253	[4977]	:	time Target is 1822253
1822557	[304]	:	Key	71	DOWN	at	1822556 
1827594	[5037]	:	time Target is 1827594
1827918	[324]	:	Key	71	DOWN	at	1827917 
1832940	[5022]	:	time Target is 1832940
1833336	[396]	:	Key	71	DOWN	at	1833336 
1838295	[4959]	:	time Target is 1838295
1843616	[5321]	:	time Target is 1843616
1843932	[316]	:	Key	71	DOWN	at	1843932 
1848954	[5022]	:	time Target is 1848954
1915848	[66894]	:	Key	71	DOWN	at	1915848 
1916641	[793]	:	Key	71	UP	at	1916011 
1916909	[268]	:	time Target is 1916909
1917326	[417]	:	Key	71	DOWN	at	1917326 
1922245	[4919]	:	time Target is 1922245
1922649	[404]	:	Key	71	DOWN	at	1922649 
1927588	[4939]	:	time Target is 1927588
1932907	[5319]	:	time Target is 1932907
1938227	[5320]	:	time Target is 1938227
1943544	[5317]	:	time Target is 1943544
1948864	[5320]	:	time Target is 1948864
1949356	[492]	:	Key	71	DOWN	at	1949356 
1954205	[4849]	:	time Target is 1954205
1954572	[367]	:	Key	71	DOWN	at	1954572 
1959535	[4963]	:	time Target is 1959535
1959899	[364]	:	Key	71	DOWN	at	1959899 
1964864	[4965]	:	time Target is 1964864
1965437	[573]	:	Key	71	DOWN	at	1965436 
1970200	[4763]	:	time Target is 1970200
1975524	[5324]	:	time Target is 1975524
1980838	[5314]	:	time Target is 1980838
1981293	[455]	:	Key	71	DOWN	at	1981293 
1986171	[4878]	:	time Target is 1986171
1986521	[350]	:	Key	71	DOWN	at	1986521 
1991508	[4987]	:	time Target is 1991508
1991820	[312]	:	Key	71	DOWN	at	1991820 
1996844	[5024]	:	time Target is 1996844
1997531	[687]	:	Key	71	DOWN	at	1997531 
2002179	[4648]	:	time Target is 2002179
2002621	[442]	:	Key	71	DOWN	at	2002621 
2007507	[4886]	:	time Target is 2007507
2008061	[554]	:	Key	71	DOWN	at	2008061 
2012847	[4786]	:	time Target is 2012847
2013913	[1066]	:	Key	71	DOWN	at	2013913 
2018187	[4274]	:	time Target is 2018187
2023508	[5321]	:	time Target is 2023508
2023882	[374]	:	Key	71	DOWN	at	2023881 
2028845	[4963]	:	time Target is 2028845
2034168	[5323]	:	time Target is 2034168
2034588	[420]	:	Key	71	DOWN	at	2034588 
2039505	[4917]	:	time Target is 2039505
2039914	[409]	:	Key	71	DOWN	at	2039914 
2044876	[4962]	:	time Target is 2044876
2045771	[895]	:	Key	71	DOWN	at	2045771 
2050235	[4464]	:	time Target is 2050235
2050587	[352]	:	Key	71	DOWN	at	2050585 
2055581	[4994]	:	time Target is 2055581
2060904	[5323]	:	time Target is 2060904
2061339	[435]	:	Key	71	DOWN	at	2061338 
2066239	[4900]	:	time Target is 2066239
2071553	[5314]	:	time Target is 2071553
2071678	[125]	:	Key	71	DOWN	at	2071677 
2076886	[5208]	:	time Target is 2076886
2077208	[322]	:	Key	71	DOWN	at	2077208 
2082222	[5014]	:	time Target is 2082222
2082522	[300]	:	Key	71	DOWN	at	2082521 
2087556	[5034]	:	time Target is 2087556
2087917	[361]	:	Key	71	DOWN	at	2087917 
2092886	[4969]	:	time Target is 2092886
2093356	[470]	:	Key	71	DOWN	at	2093355 
2098227	[4871]	:	time Target is 2098227
2103547	[5320]	:	time Target is 2103547
2108869	[5322]	:	time Target is 2108869
2109289	[420]	:	Key	71	DOWN	at	2109289 
2114206	[4917]	:	time Target is 2114206
2114316	[110]	:	Key	71	DOWN	at	2114316 
2119544	[5228]	:	time Target is 2119544
2119912	[368]	:	Key	71	DOWN	at	2119912 
2124883	[4971]	:	time Target is 2124883
2125754	[871]	:	Key	71	DOWN	at	2125754 
2130223	[4469]	:	time Target is 2130223
2130477	[254]	:	Key	71	DOWN	at	2130477 
2135560	[5083]	:	time Target is 2135560
2135979	[419]	:	Key	71	DOWN	at	2135978 
2140896	[4917]	:	time Target is 2140896
2146219	[5323]	:	time Target is 2146219
2146539	[320]	:	Key	71	DOWN	at	2146539 
2151556	[5017]	:	time Target is 2151556
2156890	[5334]	:	time Target is 2156890
2157260	[370]	:	Key	71	DOWN	at	2157259 
2162223	[4963]	:	time Target is 2162223
2162749	[526]	:	Key	71	DOWN	at	2162749 
2167561	[4812]	:	time Target is 2167561
2167965	[404]	:	Key	71	DOWN	at	2167965 
2172899	[4934]	:	time Target is 2172899
2173276	[377]	:	Key	71	DOWN	at	2173276 
2178239	[4963]	:	time Target is 2178239
2178589	[350]	:	Key	71	DOWN	at	2178588 
2183582	[4993]	:	time Target is 2183581
2183832	[250]	:	Key	71	DOWN	at	2183832 
2188922	[5090]	:	time Target is 2188922
2194239	[5317]	:	time Target is 2194239
2194589	[350]	:	Key	71	DOWN	at	2194589 
2199577	[4988]	:	time Target is 2199577
2204897	[5320]	:	time Target is 2204897
2205625	[728]	:	Key	71	DOWN	at	2205625 
2210236	[4611]	:	time Target is 2210236
2210569	[333]	:	Key	71	DOWN	at	2210568 
2215575	[5006]	:	time Target is 2215575
2215934	[359]	:	Key	71	DOWN	at	2215933 
2220916	[4982]	:	time Target is 2220916
2221209	[293]	:	Key	71	DOWN	at	2221209 
2226255	[5046]	:	time Target is 2226255
2227179	[924]	:	Key	71	DOWN	at	2227179 
2231590	[4411]	:	time Target is 2231590
2231946	[356]	:	Key	71	DOWN	at	2231946 
2236926	[4980]	:	time Target is 2236926
2237291	[365]	:	Key	71	DOWN	at	2237291 
2242273	[4982]	:	time Target is 2242273
2247596	[5323]	:	time Target is 2247596
2248093	[497]	:	Key	71	DOWN	at	2248093 
2252923	[4830]	:	time Target is 2252923
2258245	[5322]	:	time Target is 2258245
2258621	[376]	:	Key	71	DOWN	at	2258621 
2263318	[4697]	:	Key	71	DOWN	at	2262953 
2263319	[1]	:	Key	71	UP	at	2263113 
2266138	[2819]	:	time Target is 2266138
2266632	[494]	:	Key	71	DOWN	at	2266632 
2271517	[4885]	:	time Target is 2271517
2272267	[750]	:	Key	71	DOWN	at	2272266 
2276856	[4589]	:	time Target is 2276856
2282176	[5320]	:	time Target is 2282176
2282621	[445]	:	Key	71	DOWN	at	2282620 
2287518	[4897]	:	time Target is 2287518
2287866	[348]	:	Key	71	DOWN	at	2287866 
2292853	[4987]	:	time Target is 2292853
2293355	[502]	:	Key	71	DOWN	at	2293355 
2298188	[4833]	:	time Target is 2298188
2298509	[321]	:	Key	71	DOWN	at	2298508 
2303521	[5012]	:	time Target is 2303521
2303995	[474]	:	Key	71	DOWN	at	2303995 
2308857	[4862]	:	time Target is 2308857
2314182	[5325]	:	time Target is 2314182
2314730	[548]	:	Key	71	DOWN	at	2314730 
2319519	[4789]	:	time Target is 2319519
2324838	[5319]	:	time Target is 2324838
2325162	[324]	:	Key	71	DOWN	at	2325161 
2330175	[5013]	:	time Target is 2330175
2330824	[649]	:	Key	71	DOWN	at	2330824 
2335517	[4693]	:	time Target is 2335517
2336041	[524]	:	Key	71	DOWN	at	2336041 
2340855	[4814]	:	time Target is 2340855
2342009	[1154]	:	Key	71	DOWN	at	2342009 
2346189	[4180]	:	time Target is 2346189
2346539	[350]	:	Key	71	DOWN	at	2346538 
2351527	[4988]	:	time Target is 2351527
2351933	[406]	:	Key	71	DOWN	at	2351932 
2356860	[4927]	:	time Target is 2356860
2362180	[5320]	:	time Target is 2362180
2367503	[5323]	:	time Target is 2367503
2367949	[446]	:	Key	71	DOWN	at	2367949 
2372841	[4892]	:	time Target is 2372841
2373421	[580]	:	Key	71	DOWN	at	2373420 
2378173	[4752]	:	time Target is 2378173
2383492	[5319]	:	time Target is 2383492
2388823	[5331]	:	time Target is 2388823
2389165	[342]	:	Key	71	DOWN	at	2389165 
2393129	[3964]	:	Key	71	UP	at	2389322 
2400953	[7824]	:	Key	71	DOWN	at	2400952 
2401114	[161]	:	Key	71	UP	at	2401113 
2417706	[16592]	:	Key	29	DOWN	at	2417705 
2417885	[179]	:	Key	29	UP	at	2417885 
2424526	[6641]	:	Key	29	DOWN	at	2424525 
2424668	[142]	:	Key	29	UP	at	2424667 
2427705	[3037]	:	Key	28	DOWN	at	2427705 
2427880	[175]	:	Key	28	UP	at	2427880 
2434825	[6945]	:	Key	28	DOWN	at	2434825 
2435001	[176]	:	Key	28	UP	at	2435000 
2438184	[3183]	:	Key	28	DOWN	at	2438184 
2438360	[176]	:	Key	28	UP	at	2438360 
2439468	[1108]	:	Key	28	DOWN	at	2439468 
2439609	[141]	:	Key	28	UP	at	2439608 
2445070	[5461]	:	Key	29	DOWN	at	2445069 
2445165	[95]	:	Key	29	UP	at	2445164 
2446586	[1421]	:	Key	29	DOWN	at	2446585 
2446717	[131]	:	Key	29	UP	at	2446717 
2452234	[5517]	:	Key	28	DOWN	at	2452234 
2452475	[241]	:	Key	28	UP	at	2452474 
2453931	[1456]	:	Key	28	DOWN	at	2453931 
2454110	[179]	:	Key	28	UP	at	2454109 
2456158	[2048]	:	Key	29	DOWN	at	2456157 
2456332	[174]	:	Key	29	UP	at	2456332 
2459290	[2958]	:	Key	29	DOWN	at	2459290 
2459416	[126]	:	Key	29	UP	at	2459416 
2462377	[2961]	:	Key	29	DOWN	at	2462376 
2462538	[161]	:	Key	29	UP	at	2462538 
2469533	[6995]	:	Key	29	DOWN	at	2469533 
2469707	[174]	:	Key	29	UP	at	2469706 
2473964	[4257]	:	Key	28	DOWN	at	2473963 
2474157	[193]	:	Key	28	UP	at	2474156 
2475661	[1504]	:	Key	28	DOWN	at	2475661 
2475722	[61]	:	COGENT STOP
