Cog2000 log file Tue Sep 03 10:19:54 2019
gprim v1.33 Compiled:Aug 12 2015 (GLib DirectDraw v7 DX12.0 Compiled:Aug 12 2015)
Display:1024x768x32 59.99Hz
CogInput v1.05 Compiled: May 20 2010
0	[0]	:	COGENT START
11045	[11045]	:	Key	71	DOWN	at	11044   
11138	[93]	:	Key	71	UP	at	11138   
32417	[21279]	:	Key	71	DOWN	at	32417   
32518	[101]	:	Key	71	UP	at	32517   
37478	[4960]	:	Key	71	DOWN	at	37478   
37555	[77]	:	Key	71	UP	at	37555   
50164	[12609]	:	Key	71	DOWN	at	50164   
50262	[98]	:	Key	71	UP	at	50262   
67638	[17376]	:	Key	71	DOWN	at	67638   
67685	[47]	:	Key	71	UP	at	67684   
87972	[20287]	:	Key	71	DOWN	at	87972   
88793	[821]	:	time Target is 88792
89620	[827]	:	Key	71	DOWN	at	89620   
94897	[5277]	:	time Target is 94897
95028	[131]	:	Key	71	DOWN	at	95027   
100989	[5961]	:	time Target is 100989
101090	[101]	:	Key	71	UP	at	101090  
102038	[948]	:	Key	71	DOWN	at	102037  
107081	[5043]	:	time Target is 107081
107155	[74]	:	Key	71	UP	at	107155  
107782	[627]	:	Key	71	DOWN	at	107782  
126679	[18897]	:	Key	71	DOWN	at	126679  
127744	[1065]	:	time Target is 127743
134077	[6333]	:	time Target is 134077
140399	[6322]	:	time Target is 140398
146725	[6326]	:	time Target is 146725
167830	[21105]	:	Key	71	DOWN	at	167829  
167941	[111]	:	Key	71	UP	at	167941  
172404	[4463]	:	Key	71	DOWN	at	172404  
172501	[97]	:	Key	71	UP	at	172501  
177827	[5326]	:	Key	71	DOWN	at	177827  
177956	[129]	:	Key	71	UP	at	177956  
188069	[10113]	:	Key	71	DOWN	at	188068  
188164	[95]	:	Key	71	UP	at	188164  
202662	[14498]	:	Key	71	DOWN	at	202662  
203464	[802]	:	Key	71	UP	at	202834  
203481	[17]	:	time Target is 203481
204775	[1294]	:	Key	71	DOWN	at	204774  
208574	[3799]	:	time Target is 208574
213654	[5080]	:	time Target is 213654
213827	[173]	:	Key	71	DOWN	at	213827  
218748	[4921]	:	time Target is 218748
223035	[4287]	:	Key	71	DOWN	at	220451  
223036	[1]	:	Key	71	UP	at	220583  
231894	[8858]	:	Key	71	DOWN	at	231893  
231957	[63]	:	Key	71	UP	at	231957  
240759	[8802]	:	Key	92	DOWN	at	240758  
240882	[123]	:	Key	92	UP	at	240882  
241827	[945]	:	Key	71	DOWN	at	241826  
242617	[790]	:	Key	71	UP	at	241844  
242637	[20]	:	time Target is 242637
243862	[1225]	:	Key	71	DOWN	at	243860  
247730	[3868]	:	time Target is 247730
252801	[5071]	:	time Target is 252801
257870	[5069]	:	time Target is 257870
271571	[13701]	:	Key	71	DOWN	at	271571  
271670	[99]	:	Key	71	UP	at	271670  
278418	[6748]	:	Key	71	DOWN	at	278418  
279209	[791]	:	Key	71	UP	at	278532  
279231	[22]	:	time Target is 279231
280228	[997]	:	Key	71	DOWN	at	280227  
284314	[4086]	:	time Target is 284314
289366	[5052]	:	Key	71	DOWN	at	289317  
291910	[2544]	:	Key	71	DOWN	at	291842  
293686	[1776]	:	Key	71	UP	at	291958  
321332	[27646]	:	Key	71	DOWN	at	321331  
321442	[110]	:	Key	71	UP	at	321442  
327573	[6131]	:	Key	71	DOWN	at	327573  
328369	[796]	:	Key	71	UP	at	327654  
328392	[23]	:	time Target is 328392
329479	[1087]	:	Key	71	DOWN	at	329478  
333483	[4004]	:	time Target is 333483
338558	[5075]	:	time Target is 338558
343631	[5073]	:	time Target is 343631
347917	[4286]	:	Key	71	DOWN	at	345251  
347917	[0]	:	Key	71	UP	at	345414  
358521	[10604]	:	Key	71	DOWN	at	358519  
358614	[93]	:	Key	71	UP	at	358613  
376067	[17453]	:	Key	71	DOWN	at	376067  
376196	[129]	:	Key	71	UP	at	376196  
392035	[15839]	:	Key	71	DOWN	at	392035  
392147	[112]	:	Key	71	UP	at	392147  
405030	[12883]	:	Key	71	DOWN	at	405030  
405095	[65]	:	Key	71	UP	at	405094  
410611	[5516]	:	Key	71	DOWN	at	410611  
413181	[2570]	:	time Target is 413181
413526	[345]	:	Key	71	DOWN	at	413525  
418520	[4994]	:	time Target is 418519
419955	[1435]	:	Key	71	DOWN	at	419955  
423845	[3890]	:	time Target is 423845
429159	[5314]	:	Key	71	DOWN	at	429139  
431971	[2812]	:	time Target is 431971
432545	[574]	:	Key	71	DOWN	at	432545  
437309	[4764]	:	time Target is 437309
442628	[5319]	:	time Target is 442628
443076	[448]	:	Key	71	DOWN	at	443074  
447964	[4888]	:	time Target is 447964
448038	[74]	:	Key	71	DOWN	at	448038  
453300	[5262]	:	time Target is 453300
458629	[5329]	:	time Target is 458629
459281	[652]	:	Key	71	DOWN	at	459281  
463966	[4685]	:	time Target is 463966
469289	[5323]	:	time Target is 469289
469858	[569]	:	Key	71	DOWN	at	469858  
474632	[4774]	:	time Target is 474632
475459	[827]	:	Key	71	DOWN	at	475459  
479967	[4508]	:	time Target is 479967
480467	[500]	:	Key	71	DOWN	at	480467  
485303	[4836]	:	time Target is 485303
486103	[800]	:	Key	71	DOWN	at	486102  
490643	[4540]	:	time Target is 490643
490967	[324]	:	Key	71	DOWN	at	490966  
495978	[5011]	:	time Target is 495978
496646	[668]	:	Key	71	DOWN	at	496646  
501314	[4668]	:	time Target is 501314
502292	[978]	:	Key	71	DOWN	at	502292  
506652	[4360]	:	time Target is 506652
511978	[5326]	:	time Target is 511978
512500	[522]	:	Key	71	DOWN	at	512499  
517313	[4813]	:	time Target is 517313
517859	[546]	:	Key	71	DOWN	at	517857  
522647	[4788]	:	time Target is 522647
523383	[736]	:	Key	71	DOWN	at	523381  
527988	[4605]	:	time Target is 527988
528648	[660]	:	Key	71	DOWN	at	528647  
533324	[4676]	:	time Target is 533324
534182	[858]	:	Key	71	DOWN	at	534181  
538661	[4479]	:	time Target is 538661
543983	[5322]	:	time Target is 543983
545271	[1288]	:	Key	71	DOWN	at	545271  
549316	[4045]	:	time Target is 549316
549814	[498]	:	Key	71	DOWN	at	549814  
554652	[4838]	:	time Target is 554652
559966	[5314]	:	time Target is 559966
561284	[1318]	:	Key	71	DOWN	at	561284  
565304	[4020]	:	time Target is 565304
570624	[5320]	:	time Target is 570624
575946	[5322]	:	time Target is 575946
576502	[556]	:	Key	71	DOWN	at	576501  
581282	[4780]	:	time Target is 581282
582406	[1124]	:	Key	71	DOWN	at	582406  
586623	[4217]	:	time Target is 586623
591942	[5319]	:	time Target is 591942
592966	[1024]	:	Key	71	DOWN	at	592965  
597278	[4312]	:	time Target is 597278
602599	[5321]	:	time Target is 602599
603109	[510]	:	Key	71	DOWN	at	603109  
607938	[4829]	:	time Target is 607938
608760	[822]	:	Key	71	DOWN	at	608759  
613276	[4516]	:	time Target is 613276
614565	[1289]	:	Key	71	DOWN	at	614565  
618611	[4046]	:	time Target is 618611
619191	[580]	:	Key	71	DOWN	at	619191  
623952	[4761]	:	time Target is 623952
624471	[519]	:	Key	71	DOWN	at	624469  
629290	[4819]	:	time Target is 629290
629784	[494]	:	Key	71	DOWN	at	629783  
634628	[4844]	:	time Target is 634628
635590	[962]	:	Key	71	DOWN	at	635590  
639963	[4373]	:	time Target is 639963
641381	[1418]	:	Key	71	DOWN	at	641381  
645299	[3918]	:	time Target is 645299
645956	[657]	:	Key	71	DOWN	at	645956  
650639	[4683]	:	time Target is 650639
655959	[5320]	:	time Target is 655959
661282	[5323]	:	time Target is 661282
661668	[386]	:	Key	71	DOWN	at	661667  
666618	[4950]	:	time Target is 666618
667268	[650]	:	Key	71	DOWN	at	667266  
671957	[4689]	:	time Target is 671957
677278	[5321]	:	time Target is 677278
677622	[344]	:	Key	71	DOWN	at	677622  
682610	[4988]	:	time Target is 682610
683704	[1094]	:	Key	71	DOWN	at	683703  
687943	[4239]	:	time Target is 687943
688674	[731]	:	Key	71	DOWN	at	688674  
693285	[4611]	:	time Target is 693285
693972	[687]	:	Key	71	DOWN	at	693972  
698623	[4651]	:	time Target is 698623
699095	[472]	:	Key	71	DOWN	at	699094  
703953	[4858]	:	time Target is 703953
704530	[577]	:	Key	71	DOWN	at	704530  
709288	[4758]	:	time Target is 709288
710739	[1451]	:	Key	71	DOWN	at	710738  
714626	[3887]	:	time Target is 714626
719949	[5323]	:	time Target is 719949
720465	[516]	:	Key	71	DOWN	at	720465  
725289	[4824]	:	time Target is 725289
725813	[524]	:	Key	71	DOWN	at	725813  
730626	[4813]	:	time Target is 730626
731206	[580]	:	Key	71	DOWN	at	731206  
735955	[4749]	:	time Target is 735955
736806	[851]	:	Key	71	DOWN	at	736805  
741294	[4488]	:	time Target is 741294
746614	[5320]	:	time Target is 746614
747411	[797]	:	Key	71	DOWN	at	747411  
751949	[4538]	:	time Target is 751949
757265	[5316]	:	time Target is 757265
758214	[949]	:	Key	71	DOWN	at	758214  
762594	[4380]	:	time Target is 762594
763748	[1154]	:	Key	71	DOWN	at	763748  
767932	[4184]	:	time Target is 767932
768452	[520]	:	Key	71	DOWN	at	768451  
773267	[4815]	:	time Target is 773267
774131	[864]	:	Key	71	DOWN	at	774131  
778606	[4475]	:	time Target is 778606
783930	[5324]	:	time Target is 783930
784740	[810]	:	Key	71	DOWN	at	784740  
789269	[4529]	:	time Target is 789269
789810	[541]	:	Key	71	DOWN	at	789810  
794606	[4796]	:	time Target is 794606
795271	[665]	:	Key	71	DOWN	at	795270  
799937	[4666]	:	time Target is 799937
801364	[1427]	:	Key	71	DOWN	at	801363  
805274	[3910]	:	time Target is 805274
805558	[284]	:	Key	71	DOWN	at	805558  
810614	[5056]	:	time Target is 810614
811799	[1185]	:	Key	71	DOWN	at	811798  
815950	[4151]	:	time Target is 815950
816629	[679]	:	Key	71	DOWN	at	816629  
821285	[4656]	:	time Target is 821285
821845	[560]	:	Key	71	DOWN	at	821844  
826619	[4774]	:	time Target is 826619
827878	[1259]	:	Key	71	DOWN	at	827877  
831959	[4081]	:	time Target is 831959
832630	[671]	:	Key	71	DOWN	at	832630  
837297	[4667]	:	time Target is 837297
837958	[661]	:	Key	71	DOWN	at	837958  
842632	[4674]	:	time Target is 842632
847955	[5323]	:	time Target is 847955
848580	[625]	:	Key	71	DOWN	at	848579  
853294	[4714]	:	time Target is 853294
854418	[1124]	:	Key	71	DOWN	at	854418  
858631	[4213]	:	time Target is 858631
859251	[620]	:	Key	71	DOWN	at	859251  
863974	[4723]	:	time Target is 863974
864452	[478]	:	Key	71	DOWN	at	864452  
869310	[4858]	:	time Target is 869310
869941	[631]	:	Key	71	DOWN	at	869941  
874657	[4716]	:	time Target is 874657
875782	[1125]	:	Key	71	DOWN	at	875781  
879995	[4213]	:	time Target is 879995
880486	[491]	:	Key	71	DOWN	at	880486  
885331	[4845]	:	time Target is 885331
885846	[515]	:	Key	71	DOWN	at	885846  
889637	[3791]	:	Key	71	UP	at	886035  
893476	[3839]	:	Key	71	DOWN	at	893475  
894265	[789]	:	Key	71	UP	at	893555  
894534	[269]	:	time Target is 894534
895319	[785]	:	Key	71	DOWN	at	895318  
899872	[4553]	:	time Target is 899872
900534	[662]	:	Key	71	DOWN	at	900533  
905210	[4676]	:	time Target is 905210
906023	[813]	:	Key	71	DOWN	at	906022  
910543	[4520]	:	time Target is 910543
910995	[452]	:	Key	71	DOWN	at	910994  
915877	[4882]	:	time Target is 915877
921201	[5324]	:	time Target is 921201
926525	[5324]	:	time Target is 926525
927303	[778]	:	Key	71	DOWN	at	927302  
931867	[4564]	:	time Target is 931867
936928	[5061]	:	Key	71	UP	at	936306  
937194	[266]	:	time Target is 937194
938211	[1017]	:	Key	71	DOWN	at	938211  
942529	[4318]	:	time Target is 942529
944023	[1494]	:	Key	71	DOWN	at	944023  
947871	[3848]	:	time Target is 947871
953197	[5326]	:	time Target is 953197
953521	[324]	:	Key	71	DOWN	at	953521  
958529	[5008]	:	time Target is 958529
959284	[755]	:	Key	71	DOWN	at	959284  
963872	[4588]	:	time Target is 963872
969185	[5313]	:	Key	71	DOWN	at	968997  
969185	[0]	:	Key	71	UP	at	969125  
972003	[2818]	:	time Target is 972003
972600	[597]	:	Key	71	DOWN	at	972599  
977339	[4739]	:	time Target is 977339
977877	[538]	:	Key	71	DOWN	at	977877  
982681	[4804]	:	time Target is 982681
983650	[969]	:	Key	71	DOWN	at	983650  
988026	[4376]	:	time Target is 988026
989332	[1306]	:	Key	71	DOWN	at	989331  
993358	[4026]	:	time Target is 993358
994038	[680]	:	Key	71	DOWN	at	994038  
998697	[4659]	:	time Target is 998697
1004021	[5324]	:	time Target is 1004021
1004951	[930]	:	Key	71	DOWN	at	1004951 
1009359	[4408]	:	time Target is 1009359
1009876	[517]	:	Key	71	DOWN	at	1009875 
1014699	[4823]	:	time Target is 1014699
1015431	[732]	:	Key	71	DOWN	at	1015431 
1020036	[4605]	:	time Target is 1020036
1020675	[639]	:	Key	71	DOWN	at	1020673 
1025378	[4703]	:	time Target is 1025378
1026743	[1365]	:	Key	71	DOWN	at	1026742 
1030719	[3976]	:	time Target is 1030719
1036031	[5312]	:	Key	71	UP	at	1035781 
1036044	[13]	:	time Target is 1036044
1041366	[5322]	:	time Target is 1041366
1046430	[5064]	:	Key	71	DOWN	at	1046373 
1049246	[2816]	:	time Target is 1049246
1054565	[5319]	:	time Target is 1054565
1055270	[705]	:	Key	71	DOWN	at	1055270 
1059902	[4632]	:	time Target is 1059902
1060627	[725]	:	Key	71	DOWN	at	1060626 
1065241	[4614]	:	time Target is 1065241
1070561	[5320]	:	time Target is 1070561
1071364	[803]	:	Key	71	DOWN	at	1071362 
1075896	[4532]	:	time Target is 1075896
1076515	[619]	:	Key	71	DOWN	at	1076514 
1081232	[4717]	:	time Target is 1081232
1081925	[693]	:	Key	71	DOWN	at	1081925 
1086563	[4638]	:	time Target is 1086563
1087445	[882]	:	Key	71	DOWN	at	1087445 
1091903	[4458]	:	time Target is 1091903
1097228	[5325]	:	time Target is 1097228
1097734	[506]	:	Key	71	DOWN	at	1097734 
1102553	[4819]	:	time Target is 1102553
1103154	[601]	:	Key	71	DOWN	at	1103154 
1107892	[4738]	:	time Target is 1107892
1108518	[626]	:	Key	71	DOWN	at	1108517 
1113234	[4716]	:	time Target is 1113234
1118553	[5319]	:	time Target is 1118553
1119220	[667]	:	Key	71	DOWN	at	1119220 
1123888	[4668]	:	time Target is 1123888
1124434	[546]	:	Key	71	DOWN	at	1124434 
1129226	[4792]	:	time Target is 1129226
1129813	[587]	:	Key	71	DOWN	at	1129812 
1134559	[4746]	:	time Target is 1134559
1139883	[5324]	:	time Target is 1139883
1140580	[697]	:	Key	71	DOWN	at	1140579 
1145217	[4637]	:	time Target is 1145217
1145654	[437]	:	Key	71	DOWN	at	1145654 
1150555	[4901]	:	time Target is 1150555
1155876	[5321]	:	time Target is 1155876
1156677	[801]	:	Key	71	DOWN	at	1156677 
1161212	[4535]	:	time Target is 1161212
1161922	[710]	:	Key	71	DOWN	at	1161922 
1166556	[4634]	:	time Target is 1166556
1167239	[683]	:	Key	71	DOWN	at	1167238 
1171896	[4657]	:	time Target is 1171896
1172486	[590]	:	Key	71	DOWN	at	1172486 
1177232	[4746]	:	time Target is 1177232
1177556	[324]	:	Key	71	DOWN	at	1177556 
1182566	[5010]	:	time Target is 1182566
1183028	[462]	:	Key	71	DOWN	at	1183028 
1187902	[4874]	:	time Target is 1187902
1193226	[5324]	:	time Target is 1193226
1193684	[458]	:	Key	71	DOWN	at	1193683 
1198566	[4882]	:	time Target is 1198566
1203889	[5323]	:	time Target is 1203889
1205330	[1441]	:	Key	71	DOWN	at	1205330 
1209224	[3894]	:	time Target is 1209224
1214545	[5321]	:	time Target is 1214545
1219869	[5324]	:	time Target is 1219869
1225190	[5321]	:	time Target is 1225190
1225685	[495]	:	Key	71	DOWN	at	1225684 
1230530	[4845]	:	time Target is 1230530
1231298	[768]	:	Key	71	DOWN	at	1231297 
1235868	[4570]	:	time Target is 1235868
1237109	[1241]	:	Key	71	DOWN	at	1237109 
1241205	[4096]	:	time Target is 1241205
1241524	[319]	:	Key	71	DOWN	at	1241523 
1246549	[5025]	:	time Target is 1246549
1247315	[766]	:	Key	71	DOWN	at	1247315 
1251889	[4574]	:	time Target is 1251889
1257217	[5328]	:	time Target is 1257217
1258196	[979]	:	Key	71	DOWN	at	1258196 
1262556	[4360]	:	time Target is 1262556
1267607	[5051]	:	Key	71	UP	at	1266869 
1267873	[266]	:	time Target is 1267873
1273200	[5327]	:	time Target is 1273200
1273810	[610]	:	Key	71	DOWN	at	1273810 
1278534	[4724]	:	time Target is 1278534
1279061	[527]	:	Key	71	DOWN	at	1279061 
1283868	[4807]	:	time Target is 1283868
1288928	[5060]	:	Key	71	UP	at	1288258 
1289193	[265]	:	time Target is 1289193
1294516	[5323]	:	time Target is 1294516
1295174	[658]	:	Key	71	DOWN	at	1295173 
1299859	[4685]	:	time Target is 1299859
1300727	[868]	:	Key	71	DOWN	at	1300727 
1305190	[4463]	:	time Target is 1305190
1310511	[5321]	:	time Target is 1310511
1315822	[5311]	:	Key	71	DOWN	at	1315573 
1318635	[2813]	:	time Target is 1318635
1319476	[841]	:	Key	71	DOWN	at	1319476 
1323966	[4490]	:	time Target is 1323966
1329279	[5313]	:	Key	71	DOWN	at	1329250 
1332091	[2812]	:	time Target is 1332091
1332947	[856]	:	Key	71	DOWN	at	1332946 
1337426	[4479]	:	time Target is 1337426
1337895	[469]	:	Key	71	DOWN	at	1337894 
1342767	[4872]	:	time Target is 1342767
1343206	[439]	:	Key	71	DOWN	at	1343205 
1348101	[4895]	:	time Target is 1348101
1348727	[626]	:	Key	71	DOWN	at	1348727 
1353439	[4712]	:	time Target is 1353439
1358873	[5434]	:	time Target is 1358873
1359189	[316]	:	Key	71	DOWN	at	1359189 
1363179	[3990]	:	Key	71	UP	at	1359346 
1367411	[4232]	:	Key	71	DOWN	at	1367411 
1367652	[241]	:	Key	71	UP	at	1367651 
1374582	[6930]	:	Key	71	DOWN	at	1374580 
1375375	[793]	:	Key	71	UP	at	1374918 
1375644	[269]	:	time Target is 1375644
1380962	[5318]	:	time Target is 1380962
1381589	[627]	:	Key	71	DOWN	at	1381589 
1386297	[4708]	:	time Target is 1386297
1391612	[5315]	:	Key	71	DOWN	at	1391495 
1394161	[2549]	:	Key	71	DOWN	at	1394050 
1396975	[2814]	:	time Target is 1396975
1397794	[819]	:	Key	71	DOWN	at	1397793 
1402315	[4521]	:	time Target is 1402315
1403062	[747]	:	Key	71	DOWN	at	1403061 
1407658	[4596]	:	time Target is 1407658
1408020	[362]	:	Key	71	DOWN	at	1408020 
1412985	[4965]	:	Key	71	DOWN	at	1412774 
1415797	[2812]	:	time Target is 1415797
1416386	[589]	:	Key	71	DOWN	at	1416385 
1421128	[4742]	:	time Target is 1421128
1421541	[413]	:	Key	71	DOWN	at	1421541 
1426468	[4927]	:	time Target is 1426468
1427107	[639]	:	Key	71	DOWN	at	1427106 
1431804	[4697]	:	time Target is 1431804
1433188	[1384]	:	Key	71	DOWN	at	1433187 
1437142	[3954]	:	time Target is 1437142
1442483	[5341]	:	time Target is 1442483
1447807	[5324]	:	time Target is 1447807
1448164	[357]	:	Key	71	DOWN	at	1448163 
1453142	[4978]	:	time Target is 1453142
1453846	[704]	:	Key	71	DOWN	at	1453846 
1458474	[4628]	:	time Target is 1458474
1463797	[5323]	:	time Target is 1463797
1464067	[270]	:	Key	71	DOWN	at	1464067 
1469131	[5064]	:	time Target is 1469131
1474453	[5322]	:	time Target is 1474453
1475127	[674]	:	Key	71	DOWN	at	1475127 
1479789	[4662]	:	time Target is 1479789
1479890	[101]	:	Key	71	DOWN	at	1479890 
1485128	[5238]	:	time Target is 1485128
1485619	[491]	:	Key	71	DOWN	at	1485618 
1490466	[4847]	:	time Target is 1490466
1495522	[5056]	:	Key	71	UP	at	1495059 
1495791	[269]	:	time Target is 1495791
1501109	[5318]	:	time Target is 1501109
1501875	[766]	:	Key	71	DOWN	at	1501875 
1506448	[4573]	:	time Target is 1506448
1507362	[914]	:	Key	71	DOWN	at	1507362 
1511785	[4423]	:	time Target is 1511785
1512370	[585]	:	Key	71	DOWN	at	1512370 
1517125	[4755]	:	time Target is 1517125
1518085	[960]	:	Key	71	DOWN	at	1518084 
1522464	[4379]	:	time Target is 1522464
1523815	[1351]	:	Key	71	DOWN	at	1523815 
1527806	[3991]	:	time Target is 1527806
1533129	[5323]	:	time Target is 1533129
1533300	[171]	:	Key	71	DOWN	at	1533300 
1538460	[5160]	:	Key	71	UP	at	1538341 
1538469	[9]	:	time Target is 1538469
1539026	[557]	:	Key	71	DOWN	at	1539026 
1543808	[4782]	:	time Target is 1543808
1544293	[485]	:	Key	71	DOWN	at	1544293 
1549146	[4853]	:	time Target is 1549146
1550151	[1005]	:	Key	71	DOWN	at	1550150 
1554488	[4337]	:	time Target is 1554488
1559811	[5323]	:	time Target is 1559811
1560339	[528]	:	Key	71	DOWN	at	1560339 
1565147	[4808]	:	time Target is 1565147
1565670	[523]	:	Key	71	DOWN	at	1565669 
1570484	[4814]	:	time Target is 1570484
1570871	[387]	:	Key	71	DOWN	at	1570871 
1575820	[4949]	:	time Target is 1575820
1576295	[475]	:	Key	71	DOWN	at	1576295 
1581158	[4863]	:	time Target is 1581158
1581558	[400]	:	Key	71	DOWN	at	1581557 
1586497	[4939]	:	time Target is 1586497
1591819	[5322]	:	time Target is 1591819
1592115	[296]	:	Key	71	DOWN	at	1592115 
1597157	[5042]	:	time Target is 1597157
1597973	[816]	:	Key	71	DOWN	at	1597972 
1602499	[4526]	:	time Target is 1602499
1602901	[402]	:	Key	71	DOWN	at	1602901 
1607836	[4935]	:	time Target is 1607836
1613161	[5325]	:	time Target is 1613161
1613586	[425]	:	Key	71	DOWN	at	1613586 
1618502	[4916]	:	time Target is 1618502
1623558	[5056]	:	Key	71	UP	at	1622853 
1623825	[267]	:	time Target is 1623825
1624132	[307]	:	Key	71	DOWN	at	1624132 
1629162	[5030]	:	time Target is 1629162
1630179	[1017]	:	Key	71	DOWN	at	1630178 
1634492	[4313]	:	time Target is 1634492
1635222	[730]	:	Key	71	DOWN	at	1635222 
1639829	[4607]	:	time Target is 1639829
1640165	[336]	:	Key	71	DOWN	at	1640165 
1645169	[5004]	:	time Target is 1645169
1650494	[5325]	:	time Target is 1650494
1655816	[5322]	:	time Target is 1655816
1656211	[395]	:	Key	71	DOWN	at	1656210 
1661155	[4944]	:	time Target is 1661155
1666476	[5321]	:	time Target is 1666476
1666967	[491]	:	Key	71	DOWN	at	1666966 
1671812	[4845]	:	time Target is 1671812
1672695	[883]	:	Key	71	DOWN	at	1672694 
1677149	[4454]	:	time Target is 1677149
1677748	[599]	:	Key	71	DOWN	at	1677748 
1682489	[4741]	:	time Target is 1682489
1687811	[5322]	:	time Target is 1687811
1688485	[674]	:	Key	71	DOWN	at	1688484 
1693155	[4670]	:	time Target is 1693155
1693828	[673]	:	Key	71	DOWN	at	1693827 
1698486	[4658]	:	time Target is 1698486
1698707	[221]	:	Key	71	DOWN	at	1698706 
1703822	[5115]	:	time Target is 1703822
1704212	[390]	:	Key	71	DOWN	at	1704212 
1709160	[4948]	:	time Target is 1709160
1714483	[5323]	:	time Target is 1714483
1715143	[660]	:	Key	71	DOWN	at	1715142 
1719821	[4678]	:	time Target is 1719821
1725142	[5321]	:	time Target is 1725142
1725845	[703]	:	Key	71	DOWN	at	1725845 
1730475	[4630]	:	time Target is 1730475
1735798	[5323]	:	time Target is 1735798
1736231	[433]	:	Key	71	DOWN	at	1736231 
1741136	[4905]	:	time Target is 1741136
1746461	[5325]	:	time Target is 1746461
1746839	[378]	:	Key	71	DOWN	at	1746839 
1751802	[4963]	:	time Target is 1751802
1757125	[5323]	:	time Target is 1757125
1762443	[5318]	:	time Target is 1762443
1763016	[573]	:	Key	71	DOWN	at	1763015 
1767783	[4767]	:	time Target is 1767783
1773108	[5325]	:	time Target is 1773108
1773574	[466]	:	Key	71	DOWN	at	1773573 
1778446	[4872]	:	time Target is 1778446
1779042	[596]	:	Key	71	DOWN	at	1779041 
1783776	[4734]	:	time Target is 1783776
1784483	[707]	:	Key	71	DOWN	at	1784482 
1789112	[4629]	:	time Target is 1789112
1789684	[572]	:	Key	71	DOWN	at	1789683 
1794453	[4769]	:	time Target is 1794453
1799774	[5321]	:	time Target is 1799774
1800292	[518]	:	Key	71	DOWN	at	1800292 
1805114	[4822]	:	time Target is 1805114
1805175	[61]	:	Key	71	DOWN	at	1805174 
1810452	[5277]	:	time Target is 1810452
1810819	[367]	:	Key	71	DOWN	at	1810818 
1815785	[4966]	:	time Target is 1815785
1816932	[1147]	:	Key	71	DOWN	at	1816932 
1821138	[4206]	:	time Target is 1821138
1826458	[5320]	:	time Target is 1826458
1831515	[5057]	:	Key	71	UP	at	1831298 
1831780	[265]	:	time Target is 1831780
1832102	[322]	:	Key	71	DOWN	at	1832102 
1837121	[5019]	:	time Target is 1837121
1838277	[1156]	:	Key	71	DOWN	at	1838277 
1842458	[4181]	:	time Target is 1842458
1876070	[33612]	:	Key	71	DOWN	at	1876070 
1876862	[792]	:	Key	71	UP	at	1876134 
1877131	[269]	:	time Target is 1877131
1877541	[410]	:	Key	71	DOWN	at	1877541 
1882469	[4928]	:	time Target is 1882469
1887789	[5320]	:	time Target is 1887789
1888324	[535]	:	Key	71	DOWN	at	1888324 
1893133	[4809]	:	time Target is 1893133
1898454	[5321]	:	time Target is 1898454
1898806	[352]	:	Key	71	DOWN	at	1898806 
1903799	[4993]	:	time Target is 1903799
1904215	[416]	:	Key	71	DOWN	at	1904215 
1909138	[4923]	:	time Target is 1909138
1909203	[65]	:	Key	71	DOWN	at	1909202 
1914470	[5267]	:	Key	71	DOWN	at	1914436 
1917284	[2814]	:	time Target is 1917284
1917462	[178]	:	Key	71	DOWN	at	1917462 
1922621	[5159]	:	time Target is 1922621
1927948	[5327]	:	time Target is 1927948
1933273	[5325]	:	time Target is 1933273
1933924	[651]	:	Key	71	DOWN	at	1933923 
1938612	[4688]	:	time Target is 1938612
1939751	[1139]	:	Key	71	DOWN	at	1939751 
1943951	[4200]	:	time Target is 1943951
1944309	[358]	:	Key	71	DOWN	at	1944309 
1949289	[4980]	:	time Target is 1949289
1954608	[5319]	:	time Target is 1954608
1959930	[5322]	:	time Target is 1959930
1960469	[539]	:	Key	71	DOWN	at	1960469 
1965262	[4793]	:	time Target is 1965262
1965268	[6]	:	Key	71	DOWN	at	1965268 
1970596	[5328]	:	time Target is 1970596
1975655	[5059]	:	Key	71	DOWN	at	1975650 
1978474	[2819]	:	time Target is 1978474
1978998	[524]	:	Key	71	DOWN	at	1978998 
1983821	[4823]	:	time Target is 1983821
1983975	[154]	:	Key	71	DOWN	at	1983974 
1989158	[5183]	:	time Target is 1989158
1994482	[5324]	:	time Target is 1994482
1999793	[5311]	:	Key	71	DOWN	at	1999654 
1999793	[0]	:	Key	71	UP	at	1999747 
2002604	[2811]	:	time Target is 2002604
2003124	[520]	:	Key	71	DOWN	at	2003124 
2007940	[4816]	:	time Target is 2007940
2008021	[81]	:	Key	71	DOWN	at	2008020 
2013282	[5261]	:	time Target is 2013282
2014406	[1124]	:	Key	71	DOWN	at	2014406 
2018609	[4203]	:	Key	71	UP	at	2018550 
2018617	[8]	:	time Target is 2018617
2018696	[79]	:	Key	71	DOWN	at	2018695 
2023960	[5264]	:	time Target is 2023960
2029014	[5054]	:	Key	71	UP	at	2028643 
2029285	[271]	:	time Target is 2029285
2030306	[1021]	:	Key	71	DOWN	at	2030305 
2034622	[4316]	:	time Target is 2034622
2034723	[101]	:	Key	71	DOWN	at	2034722 
2039961	[5238]	:	time Target is 2039961
2040483	[522]	:	Key	71	DOWN	at	2040483 
2045300	[4817]	:	time Target is 2045300
2045829	[529]	:	Key	71	DOWN	at	2045828 
2050641	[4812]	:	time Target is 2050641
2051043	[402]	:	Key	71	DOWN	at	2051043 
2055982	[4939]	:	time Target is 2055982
2061299	[5317]	:	time Target is 2061299
2066619	[5320]	:	time Target is 2066619
2068067	[1448]	:	Key	71	DOWN	at	2068067 
2071946	[3879]	:	Key	71	DOWN	at	2071891 
2074755	[2809]	:	time Target is 2074755
2075254	[499]	:	Key	71	DOWN	at	2075254 
2080092	[4838]	:	time Target is 2080092
2085408	[5316]	:	time Target is 2085408
2085800	[392]	:	Key	71	DOWN	at	2085799 
2090746	[4946]	:	time Target is 2090746
2091349	[603]	:	Key	71	DOWN	at	2091348 
2096078	[4729]	:	time Target is 2096078
2101397	[5319]	:	time Target is 2101397
2101442	[45]	:	Key	71	DOWN	at	2101441 
2106734	[5292]	:	time Target is 2106734
2111793	[5059]	:	Key	71	UP	at	2111076 
2112058	[265]	:	time Target is 2112058
2113048	[990]	:	Key	71	DOWN	at	2113047 
2117394	[4346]	:	time Target is 2117394
2117891	[497]	:	Key	71	DOWN	at	2117890 
2122735	[4844]	:	time Target is 2122735
2122789	[54]	:	Key	71	DOWN	at	2122789 
2128067	[5278]	:	time Target is 2128067
2128741	[674]	:	Key	71	DOWN	at	2128741 
2133406	[4665]	:	time Target is 2133406
2138735	[5329]	:	time Target is 2138735
2144059	[5324]	:	time Target is 2144059
2145122	[1063]	:	Key	71	DOWN	at	2145121 
2149401	[4279]	:	Key	71	DOWN	at	2149203 
2149401	[0]	:	Key	71	UP	at	2149332 
2152211	[2810]	:	time Target is 2152211
2152630	[419]	:	Key	71	DOWN	at	2152630 
2157537	[4907]	:	Key	71	DOWN	at	2157427 
2160349	[2812]	:	time Target is 2160349
2161059	[710]	:	Key	71	DOWN	at	2161059 
2165684	[4625]	:	time Target is 2165684
2171008	[5324]	:	time Target is 2171008
2171702	[694]	:	Key	71	DOWN	at	2171701 
2176342	[4640]	:	time Target is 2176342
2176355	[13]	:	Key	71	DOWN	at	2176354 
2181679	[5324]	:	time Target is 2181679
2181830	[151]	:	Key	71	DOWN	at	2181829 
2186751	[4921]	:	Key	90	DOWN	at	2186658 
2189569	[2818]	:	time Target is 2189569
2190263	[694]	:	Key	71	DOWN	at	2190262 
2194910	[4647]	:	time Target is 2194910
2200231	[5321]	:	time Target is 2200231
2200567	[336]	:	Key	71	DOWN	at	2200567 
2205553	[4986]	:	Key	71	DOWN	at	2205459 
2208363	[2810]	:	time Target is 2208363
2208471	[108]	:	Key	71	DOWN	at	2208471 
2213697	[5226]	:	time Target is 2213697
2219020	[5323]	:	time Target is 2219020
2219234	[214]	:	Key	71	DOWN	at	2219234 
2224350	[5116]	:	Key	71	DOWN	at	2224325 
2227160	[2810]	:	time Target is 2227160
2232470	[5310]	:	Key	71	DOWN	at	2232423 
2235283	[2813]	:	time Target is 2235283
2235573	[290]	:	Key	71	DOWN	at	2235573 
2240621	[5048]	:	time Target is 2240621
2241092	[471]	:	Key	71	DOWN	at	2241091 
2245961	[4869]	:	time Target is 2245961
2251280	[5319]	:	time Target is 2251280
2256337	[5057]	:	Key	71	UP	at	2256242 
2256594	[257]	:	Key	71	DOWN	at	2256562 
2259408	[2814]	:	time Target is 2259408
2260356	[948]	:	Key	71	DOWN	at	2260356 
2264738	[4382]	:	Key	71	DOWN	at	2264678 
2267554	[2816]	:	time Target is 2267554
2267909	[355]	:	Key	71	DOWN	at	2267909 
2272887	[4978]	:	time Target is 2272887
2278201	[5314]	:	Key	71	DOWN	at	2278054 
2278201	[0]	:	Key	71	UP	at	2278178 
2281013	[2812]	:	time Target is 2281013
2282198	[1185]	:	Key	71	DOWN	at	2282198 
2286343	[4145]	:	Key	71	DOWN	at	2286324 
2289153	[2810]	:	time Target is 2289153
2289975	[822]	:	Key	71	DOWN	at	2289973 
2294497	[4522]	:	time Target is 2294497
2299820	[5323]	:	time Target is 2299820
2305142	[5322]	:	time Target is 2305142
2305158	[16]	:	Key	71	DOWN	at	2305158 
2310474	[5316]	:	time Target is 2310474
2315799	[5325]	:	time Target is 2315799
2315990	[191]	:	Key	71	DOWN	at	2315989 
2320102	[4112]	:	Key	71	UP	at	2316166 
2326454	[6352]	:	Key	22	DOWN	at	2326454 
2328423	[1969]	:	Key	22	UP	at	2328422 
2329747	[1324]	:	Key	71	DOWN	at	2329747 
2329847	[100]	:	Key	71	UP	at	2329846 
2348278	[18431]	:	Key	28	DOWN	at	2348278 
2348374	[96]	:	Key	28	UP	at	2348374 
2353095	[4721]	:	Key	28	DOWN	at	2353095 
2353299	[204]	:	Key	28	UP	at	2353299 
2360885	[7586]	:	Key	28	DOWN	at	2360885 
2361204	[319]	:	Key	28	UP	at	2361204 
2364294	[3090]	:	Key	28	DOWN	at	2364294 
2364486	[192]	:	Key	28	UP	at	2364486 
2368548	[4062]	:	Key	29	DOWN	at	2368547 
2368712	[164]	:	Key	29	UP	at	2368710 
2370359	[1647]	:	Key	29	DOWN	at	2370358 
2370499	[140]	:	Key	29	UP	at	2370498 
2374692	[4193]	:	Key	29	DOWN	at	2374692 
2374866	[174]	:	Key	29	UP	at	2374866 
2376883	[2017]	:	Key	29	DOWN	at	2376882 
2377093	[210]	:	Key	29	UP	at	2377092 
2381686	[4593]	:	Key	28	DOWN	at	2381685 
2381796	[110]	:	Key	28	UP	at	2381795 
2384163	[2367]	:	Key	28	DOWN	at	2384162 
2384292	[129]	:	Key	28	UP	at	2384291 
2386068	[1776]	:	Key	28	DOWN	at	2386067 
2386146	[78]	:	Key	28	UP	at	2386146 
2387858	[1712]	:	Key	28	DOWN	at	2387857 
2387987	[129]	:	Key	28	UP	at	2387987 
2389797	[1810]	:	Key	29	DOWN	at	2389797 
2389958	[161]	:	Key	29	UP	at	2389957 
2391063	[1105]	:	Key	29	DOWN	at	2391062 
2391140	[77]	:	Key	29	UP	at	2391140 
2393972	[2832]	:	Key	29	DOWN	at	2393972 
2394054	[82]	:	Key	29	UP	at	2394053 
2396340	[2286]	:	Key	29	DOWN	at	2396340 
2396359	[19]	:	COGENT STOP
