Cog2000 log file Mon Aug 26 11:53:57 2019
gprim v1.33 Compiled:Aug 12 2015 (GLib DirectDraw v7 DX12.0 Compiled:Aug 12 2015)
Display:1024x768x32 59.95Hz
Attaching C:\Program Files\Cogent2000v1.33\Toolbox\CogInput.mexw64
CogInput v1.05 Compiled: May 20 2010
7	[7]	:	COGENT START
8729	[8722]	:	Key	71	DOWN	at	8723    
8805	[76]	:	Key	71	UP	at	8804    
29509	[20704]	:	Key	71	DOWN	at	29507   
29603	[94]	:	Key	71	UP	at	29602   
34537	[4934]	:	Key	71	DOWN	at	34534   
34647	[110]	:	Key	71	UP	at	34646   
47027	[12380]	:	Key	71	DOWN	at	47027   
47108	[81]	:	Key	71	UP	at	47108   
64292	[17184]	:	Key	71	DOWN	at	64290   
64373	[81]	:	Key	71	UP	at	64373   
85943	[21570]	:	Key	71	DOWN	at	85942   
86876	[933]	:	time Target is 86844
88070	[1194]	:	Key	71	DOWN	at	88069   
92954	[4884]	:	time Target is 92954
93300	[346]	:	Key	71	DOWN	at	93300   
99055	[5755]	:	time Target is 99054
100501	[1446]	:	Key	71	DOWN	at	100501  
100679	[178]	:	Key	71	UP	at	100678  
105152	[4473]	:	time Target is 105151
105624	[472]	:	Key	71	DOWN	at	105623  
116565	[10941]	:	Key	71	DOWN	at	116565  
117665	[1100]	:	time Target is 117660
123993	[6328]	:	time Target is 123993
130317	[6324]	:	time Target is 130316
136645	[6328]	:	time Target is 136645
157189	[20544]	:	Key	71	DOWN	at	157188  
157283	[94]	:	Key	71	UP	at	157283  
161926	[4643]	:	Key	71	DOWN	at	161925  
162020	[94]	:	Key	71	UP	at	162019  
167158	[5138]	:	Key	71	DOWN	at	167157  
167270	[112]	:	Key	71	UP	at	167268  
177799	[10529]	:	Key	71	DOWN	at	177799  
177894	[95]	:	Key	71	UP	at	177894  
184182	[6288]	:	Key	71	DOWN	at	184182  
185007	[825]	:	Key	71	UP	at	184323  
185035	[28]	:	time Target is 185034
190119	[5084]	:	time Target is 190118
190900	[781]	:	Key	71	DOWN	at	190900  
195218	[4318]	:	time Target is 195218
200305	[5087]	:	time Target is 200304
216867	[16562]	:	Key	71	DOWN	at	216866  
216962	[95]	:	Key	71	UP	at	216962  
222039	[5077]	:	Key	71	DOWN	at	222038  
222831	[792]	:	Key	71	UP	at	222162  
222850	[19]	:	time Target is 222850
227933	[5083]	:	time Target is 227933
228788	[855]	:	Key	71	DOWN	at	228787  
233027	[4239]	:	time Target is 233027
238095	[5068]	:	time Target is 238095
242382	[4287]	:	Key	71	DOWN	at	239718  
242383	[1]	:	Key	71	UP	at	239830  
251892	[9509]	:	Key	71	DOWN	at	251891  
251975	[83]	:	Key	71	UP	at	251974  
257250	[5275]	:	Key	71	DOWN	at	257249  
258034	[784]	:	Key	71	UP	at	257426  
258058	[24]	:	time Target is 258058
259141	[1083]	:	Key	71	DOWN	at	259140  
263144	[4003]	:	time Target is 263144
268213	[5069]	:	time Target is 268213
268866	[653]	:	Key	71	DOWN	at	268866  
273299	[4433]	:	time Target is 273299
286820	[13521]	:	Key	71	DOWN	at	286820  
286899	[79]	:	Key	71	UP	at	286898  
291458	[4559]	:	Key	71	DOWN	at	291457  
292242	[784]	:	Key	71	UP	at	291571  
292264	[22]	:	time Target is 292263
293204	[940]	:	Key	71	DOWN	at	293204  
297351	[4147]	:	time Target is 297350
302422	[5071]	:	time Target is 302421
307498	[5076]	:	time Target is 307498
322338	[14840]	:	Key	71	DOWN	at	322338  
322439	[101]	:	Key	71	UP	at	322438  
339812	[17373]	:	Key	71	DOWN	at	339811  
339877	[65]	:	Key	71	UP	at	339877  
357028	[17151]	:	Key	71	DOWN	at	357028  
357122	[94]	:	Key	71	UP	at	357122  
370290	[13168]	:	Key	71	DOWN	at	370290  
370356	[66]	:	Key	71	UP	at	370356  
380918	[10562]	:	Key	71	DOWN	at	380917  
383499	[2581]	:	time Target is 383498
384407	[908]	:	Key	71	DOWN	at	384407  
388842	[4435]	:	time Target is 388842
394174	[5332]	:	time Target is 394174
395094	[920]	:	Key	71	DOWN	at	395094  
399521	[4427]	:	time Target is 399520
404844	[5323]	:	Key	71	DOWN	at	404611  
407666	[2822]	:	time Target is 407665
412995	[5329]	:	time Target is 412995
413767	[772]	:	Key	71	DOWN	at	413767  
418329	[4562]	:	time Target is 418329
423655	[5326]	:	time Target is 423655
428980	[5325]	:	time Target is 428980
429635	[655]	:	Key	71	DOWN	at	429635  
434320	[4685]	:	time Target is 434320
439641	[5321]	:	time Target is 439641
440242	[601]	:	Key	71	DOWN	at	440242  
444981	[4739]	:	time Target is 444981
450334	[5353]	:	time Target is 450334
455655	[5321]	:	time Target is 455655
456487	[832]	:	Key	71	DOWN	at	456487  
460991	[4504]	:	time Target is 460991
461399	[408]	:	Key	71	DOWN	at	461398  
466328	[4929]	:	time Target is 466328
471651	[5323]	:	time Target is 471651
476972	[5321]	:	time Target is 476972
482295	[5323]	:	time Target is 482295
483121	[826]	:	Key	71	DOWN	at	483121  
487636	[4515]	:	time Target is 487636
488147	[511]	:	Key	71	DOWN	at	488147  
492976	[4829]	:	time Target is 492976
493410	[434]	:	Key	71	DOWN	at	493410  
498317	[4907]	:	time Target is 498317
499412	[1095]	:	Key	71	DOWN	at	499412  
503651	[4239]	:	time Target is 503651
504356	[705]	:	Key	71	DOWN	at	504356  
508988	[4632]	:	time Target is 508988
514313	[5325]	:	time Target is 514313
515284	[971]	:	Key	71	DOWN	at	515283  
519649	[4365]	:	time Target is 519649
520501	[852]	:	Key	71	DOWN	at	520500  
524987	[4486]	:	time Target is 524987
525475	[488]	:	Key	71	DOWN	at	525475  
530319	[4844]	:	time Target is 530319
535642	[5323]	:	time Target is 535642
536325	[683]	:	Key	71	DOWN	at	536324  
540984	[4659]	:	time Target is 540984
546300	[5316]	:	Key	71	DOWN	at	546292  
549110	[2810]	:	time Target is 549110
549864	[754]	:	Key	71	DOWN	at	549863  
554449	[4585]	:	time Target is 554449
555298	[849]	:	Key	71	DOWN	at	555298  
559785	[4487]	:	time Target is 559785
565104	[5319]	:	time Target is 565104
565782	[678]	:	Key	71	DOWN	at	565781  
570434	[4652]	:	time Target is 570434
571379	[945]	:	Key	71	DOWN	at	571379  
575773	[4394]	:	time Target is 575773
581093	[5320]	:	time Target is 581093
581749	[656]	:	Key	71	DOWN	at	581748  
586430	[4681]	:	time Target is 586430
591756	[5326]	:	time Target is 591756
592499	[743]	:	Key	71	DOWN	at	592498  
597093	[4594]	:	time Target is 597093
602412	[5319]	:	time Target is 602412
607731	[5319]	:	time Target is 607731
608359	[628]	:	Key	71	DOWN	at	608359  
613068	[4709]	:	time Target is 613068
613510	[442]	:	Key	71	DOWN	at	613510  
618405	[4895]	:	time Target is 618405
623721	[5316]	:	time Target is 623721
629041	[5320]	:	time Target is 629041
634363	[5322]	:	time Target is 634363
639424	[5061]	:	Key	71	DOWN	at	639317  
642242	[2818]	:	time Target is 642242
642915	[673]	:	Key	71	DOWN	at	642915  
647576	[4661]	:	time Target is 647576
648516	[940]	:	Key	71	DOWN	at	648516  
652907	[4391]	:	time Target is 652907
653383	[476]	:	Key	71	DOWN	at	653382  
658244	[4861]	:	time Target is 658244
663569	[5325]	:	time Target is 663569
664196	[627]	:	Key	71	DOWN	at	664196  
668904	[4708]	:	time Target is 668904
674227	[5323]	:	time Target is 674227
679545	[5318]	:	time Target is 679545
680085	[540]	:	Key	71	DOWN	at	680085  
684917	[4832]	:	time Target is 684917
686003	[1086]	:	Key	71	DOWN	at	686002  
690254	[4251]	:	time Target is 690254
695576	[5322]	:	time Target is 695576
700904	[5328]	:	time Target is 700904
706233	[5329]	:	time Target is 706233
706884	[651]	:	Key	71	DOWN	at	706884  
711572	[4688]	:	time Target is 711572
716887	[5315]	:	time Target is 716887
717192	[305]	:	Key	71	DOWN	at	717191  
722224	[5032]	:	time Target is 722224
727536	[5312]	:	Key	71	DOWN	at	727348  
727536	[0]	:	Key	71	UP	at	727378  
730346	[2810]	:	time Target is 730346
735675	[5329]	:	time Target is 735675
736373	[698]	:	Key	71	DOWN	at	736372  
741013	[4640]	:	time Target is 741013
746335	[5322]	:	time Target is 746335
747000	[665]	:	Key	71	DOWN	at	746999  
751408	[4408]	:	Key	71	DOWN	at	751350  
754222	[2814]	:	time Target is 754222
755318	[1096]	:	Key	71	DOWN	at	755317  
759561	[4243]	:	time Target is 759561
759910	[349]	:	Key	71	DOWN	at	759910  
764896	[4986]	:	time Target is 764896
765462	[566]	:	Key	71	DOWN	at	765461  
770226	[4764]	:	time Target is 770226
771300	[1074]	:	Key	71	DOWN	at	771300  
775562	[4262]	:	time Target is 775562
776328	[766]	:	Key	71	DOWN	at	776327  
780900	[4572]	:	time Target is 780900
786217	[5317]	:	time Target is 786217
786930	[713]	:	Key	71	DOWN	at	786930  
791554	[4624]	:	time Target is 791554
792151	[597]	:	Key	71	DOWN	at	792150  
796890	[4739]	:	time Target is 796890
802209	[5319]	:	time Target is 802209
807527	[5318]	:	time Target is 807527
808228	[701]	:	Key	71	DOWN	at	808228  
812858	[4630]	:	time Target is 812858
813396	[538]	:	Key	71	DOWN	at	813396  
818196	[4800]	:	time Target is 818196
818915	[719]	:	Key	71	DOWN	at	818915  
823531	[4616]	:	time Target is 823531
823989	[458]	:	Key	71	DOWN	at	823988  
828868	[4879]	:	time Target is 828868
834187	[5319]	:	time Target is 834187
839512	[5325]	:	time Target is 839512
839956	[444]	:	Key	71	DOWN	at	839956  
844847	[4891]	:	time Target is 844847
845281	[434]	:	Key	71	DOWN	at	845281  
849142	[3861]	:	Key	71	UP	at	845383  
860630	[11488]	:	Key	71	DOWN	at	860629  
861420	[790]	:	Key	71	UP	at	860710  
861689	[269]	:	time Target is 861689
867019	[5330]	:	time Target is 867019
867541	[522]	:	Key	71	DOWN	at	867540  
872353	[4812]	:	time Target is 872353
872855	[502]	:	Key	71	DOWN	at	872855  
877689	[4834]	:	time Target is 877689
878151	[462]	:	Key	71	DOWN	at	878150  
883025	[4874]	:	time Target is 883025
883682	[657]	:	Key	71	DOWN	at	883682  
888361	[4679]	:	time Target is 888361
889335	[974]	:	Key	71	DOWN	at	889334  
893697	[4362]	:	time Target is 893697
899024	[5327]	:	time Target is 899024
904346	[5322]	:	time Target is 904346
905300	[954]	:	Key	71	DOWN	at	905299  
909677	[4377]	:	time Target is 909677
910323	[646]	:	Key	71	DOWN	at	910322  
915012	[4689]	:	time Target is 915012
920333	[5321]	:	time Target is 920333
920722	[389]	:	Key	71	DOWN	at	920722  
925670	[4948]	:	time Target is 925670
926323	[653]	:	Key	71	DOWN	at	926323  
931007	[4684]	:	time Target is 931007
931766	[759]	:	Key	71	DOWN	at	931765  
936341	[4575]	:	time Target is 936341
936723	[382]	:	Key	71	DOWN	at	936722  
941679	[4956]	:	time Target is 941679
946995	[5316]	:	time Target is 946995
952315	[5320]	:	time Target is 952315
953525	[1210]	:	Key	71	DOWN	at	953525  
957647	[4122]	:	time Target is 957647
962971	[5324]	:	time Target is 962971
968290	[5319]	:	time Target is 968290
968645	[355]	:	Key	71	DOWN	at	968645  
973621	[4976]	:	time Target is 973621
978941	[5320]	:	time Target is 978941
979382	[441]	:	Key	71	DOWN	at	979381  
984279	[4897]	:	time Target is 984279
985575	[1296]	:	Key	71	DOWN	at	985574  
989612	[4037]	:	time Target is 989612
990007	[395]	:	Key	71	DOWN	at	990006  
994950	[4943]	:	time Target is 994950
995378	[428]	:	Key	71	DOWN	at	995377  
1000286	[4908]	:	time Target is 1000286
1000821	[535]	:	Key	71	DOWN	at	1000821 
1005621	[4800]	:	time Target is 1005621
1006275	[654]	:	Key	71	DOWN	at	1006274 
1010961	[4686]	:	time Target is 1010961
1011618	[657]	:	Key	71	DOWN	at	1011618 
1016296	[4678]	:	time Target is 1016296
1016823	[527]	:	Key	71	DOWN	at	1016822 
1021633	[4810]	:	time Target is 1021633
1026958	[5325]	:	time Target is 1026958
1032278	[5320]	:	time Target is 1032278
1032854	[576]	:	Key	71	DOWN	at	1032854 
1037617	[4763]	:	time Target is 1037617
1038328	[711]	:	Key	71	DOWN	at	1038327 
1042957	[4629]	:	time Target is 1042957
1048273	[5316]	:	time Target is 1048273
1048885	[612]	:	Key	71	DOWN	at	1048885 
1053603	[4718]	:	time Target is 1053603
1054115	[512]	:	Key	71	DOWN	at	1054115 
1058943	[4828]	:	time Target is 1058943
1064266	[5323]	:	time Target is 1064266
1069583	[5317]	:	time Target is 1069583
1074906	[5323]	:	time Target is 1074906
1075474	[568]	:	Key	71	DOWN	at	1075474 
1080246	[4772]	:	time Target is 1080246
1080773	[527]	:	Key	71	DOWN	at	1080773 
1085580	[4807]	:	time Target is 1085580
1090905	[5325]	:	time Target is 1090905
1091044	[139]	:	Key	71	DOWN	at	1091044 
1096240	[5196]	:	time Target is 1096240
1096630	[390]	:	Key	71	DOWN	at	1096630 
1101578	[4948]	:	time Target is 1101578
1106902	[5324]	:	time Target is 1106902
1107333	[431]	:	Key	71	DOWN	at	1107333 
1112241	[4908]	:	time Target is 1112241
1117565	[5324]	:	time Target is 1117565
1122887	[5322]	:	time Target is 1122887
1128203	[5316]	:	time Target is 1128203
1128579	[376]	:	Key	71	DOWN	at	1128578 
1133545	[4966]	:	time Target is 1133545
1134213	[668]	:	Key	71	DOWN	at	1134213 
1138879	[4666]	:	time Target is 1138879
1139267	[388]	:	Key	71	DOWN	at	1139265 
1144218	[4951]	:	time Target is 1144218
1149543	[5325]	:	time Target is 1149543
1154864	[5321]	:	time Target is 1154864
1160212	[5348]	:	time Target is 1160212
1160887	[675]	:	Key	71	DOWN	at	1160886 
1165552	[4665]	:	time Target is 1165552
1166115	[563]	:	Key	71	DOWN	at	1166115 
1170906	[4791]	:	time Target is 1170906
1171447	[541]	:	Key	71	DOWN	at	1171446 
1176245	[4798]	:	time Target is 1176245
1177028	[783]	:	Key	71	DOWN	at	1177027 
1181582	[4554]	:	time Target is 1181582
1182019	[437]	:	Key	71	DOWN	at	1182019 
1186915	[4896]	:	time Target is 1186915
1192231	[5316]	:	time Target is 1192231
1197553	[5322]	:	time Target is 1197553
1202869	[5316]	:	time Target is 1202869
1203444	[575]	:	Key	71	DOWN	at	1203443 
1208210	[4766]	:	time Target is 1208210
1213531	[5321]	:	time Target is 1213531
1214135	[604]	:	Key	71	DOWN	at	1214135 
1218862	[4727]	:	time Target is 1218862
1219285	[423]	:	Key	71	DOWN	at	1219284 
1224202	[4917]	:	time Target is 1224202
1229521	[5319]	:	time Target is 1229521
1234842	[5321]	:	time Target is 1234842
1240162	[5320]	:	time Target is 1240162
1245482	[5320]	:	time Target is 1245482
1250803	[5321]	:	time Target is 1250803
1251542	[739]	:	Key	71	DOWN	at	1251542 
1256139	[4597]	:	time Target is 1256139
1261464	[5325]	:	time Target is 1261464
1266784	[5320]	:	time Target is 1266784
1272107	[5323]	:	time Target is 1272107
1277432	[5325]	:	time Target is 1277432
1282754	[5322]	:	time Target is 1282754
1288072	[5318]	:	time Target is 1288072
1288418	[346]	:	Key	71	DOWN	at	1288418 
1293408	[4990]	:	time Target is 1293408
1294004	[596]	:	Key	71	DOWN	at	1294003 
1298745	[4741]	:	time Target is 1298745
1299094	[349]	:	Key	71	DOWN	at	1299093 
1304077	[4983]	:	time Target is 1304077
1309401	[5324]	:	time Target is 1309401
1310068	[667]	:	Key	71	DOWN	at	1310068 
1314739	[4671]	:	time Target is 1314739
1320060	[5321]	:	time Target is 1320060
1325381	[5321]	:	time Target is 1325381
1325703	[322]	:	Key	71	DOWN	at	1325702 
1330718	[5015]	:	time Target is 1330718
1331206	[488]	:	Key	71	DOWN	at	1331206 
1336056	[4850]	:	time Target is 1336056
1350119	[14063]	:	Key	71	DOWN	at	1350119 
1350275	[156]	:	Key	71	UP	at	1350275 
1357190	[6915]	:	Key	71	DOWN	at	1357190 
1357976	[786]	:	Key	71	UP	at	1357445 
1358246	[270]	:	time Target is 1358246
1363566	[5320]	:	time Target is 1363566
1364307	[741]	:	Key	71	DOWN	at	1364306 
1368906	[4599]	:	time Target is 1368906
1374232	[5326]	:	time Target is 1374232
1379554	[5322]	:	time Target is 1379554
1380065	[511]	:	Key	71	DOWN	at	1380065 
1384890	[4825]	:	time Target is 1384890
1390206	[5316]	:	time Target is 1390206
1391187	[981]	:	Key	71	DOWN	at	1391187 
1395546	[4359]	:	time Target is 1395546
1395972	[426]	:	Key	71	DOWN	at	1395972 
1400884	[4912]	:	time Target is 1400884
1401797	[913]	:	Key	71	DOWN	at	1401797 
1406254	[4457]	:	time Target is 1406254
1411571	[5317]	:	time Target is 1411571
1416906	[5335]	:	time Target is 1416906
1417527	[621]	:	Key	71	DOWN	at	1417526 
1422267	[4740]	:	time Target is 1422267
1427599	[5332]	:	time Target is 1427599
1428323	[724]	:	Key	71	DOWN	at	1428323 
1432933	[4610]	:	time Target is 1432933
1438257	[5324]	:	time Target is 1438257
1443576	[5319]	:	time Target is 1443576
1448938	[5362]	:	time Target is 1448938
1449445	[507]	:	Key	71	DOWN	at	1449445 
1454278	[4833]	:	time Target is 1454278
1454884	[606]	:	Key	71	DOWN	at	1454883 
1459615	[4731]	:	time Target is 1459615
1464938	[5323]	:	time Target is 1464938
1470257	[5319]	:	time Target is 1470257
1475573	[5316]	:	time Target is 1475573
1480895	[5322]	:	time Target is 1480895
1486217	[5322]	:	time Target is 1486217
1486899	[682]	:	Key	71	DOWN	at	1486899 
1491588	[4689]	:	time Target is 1491588
1496912	[5324]	:	time Target is 1496912
1497812	[900]	:	Key	71	DOWN	at	1497812 
1502245	[4433]	:	time Target is 1502245
1507574	[5329]	:	time Target is 1507574
1512900	[5326]	:	time Target is 1512900
1518224	[5324]	:	time Target is 1518224
1523551	[5327]	:	time Target is 1523551
1523974	[423]	:	Key	71	DOWN	at	1523973 
1528891	[4917]	:	time Target is 1528891
1530004	[1113]	:	Key	71	DOWN	at	1530004 
1534228	[4224]	:	time Target is 1534228
1539552	[5324]	:	time Target is 1539552
1544875	[5323]	:	time Target is 1544875
1545411	[536]	:	Key	71	DOWN	at	1545411 
1550209	[4798]	:	time Target is 1550209
1555533	[5324]	:	time Target is 1555533
1555876	[343]	:	Key	71	DOWN	at	1555875 
1560868	[4992]	:	time Target is 1560868
1561236	[368]	:	Key	71	DOWN	at	1561236 
1566210	[4974]	:	time Target is 1566210
1571533	[5323]	:	time Target is 1571533
1571975	[442]	:	Key	71	DOWN	at	1571974 
1576871	[4896]	:	time Target is 1576871
1577845	[974]	:	Key	71	DOWN	at	1577844 
1582210	[4365]	:	time Target is 1582210
1582950	[740]	:	Key	71	DOWN	at	1582950 
1587545	[4595]	:	time Target is 1587545
1592874	[5329]	:	time Target is 1592874
1593413	[539]	:	Key	71	DOWN	at	1593412 
1598210	[4797]	:	time Target is 1598210
1603532	[5322]	:	time Target is 1603532
1603846	[314]	:	Key	71	DOWN	at	1603845 
1608870	[5024]	:	time Target is 1608870
1614193	[5323]	:	time Target is 1614193
1614549	[356]	:	Key	71	DOWN	at	1614549 
1619530	[4981]	:	time Target is 1619530
1624848	[5318]	:	time Target is 1624848
1630170	[5322]	:	time Target is 1630170
1635494	[5324]	:	time Target is 1635494
1636102	[608]	:	Key	71	DOWN	at	1636101 
1640829	[4727]	:	time Target is 1640829
1641523	[694]	:	Key	71	DOWN	at	1641522 
1646171	[4648]	:	time Target is 1646171
1651498	[5327]	:	time Target is 1651498
1652054	[556]	:	Key	71	DOWN	at	1652053 
1656828	[4774]	:	time Target is 1656828
1662151	[5323]	:	time Target is 1662151
1662549	[398]	:	Key	71	DOWN	at	1662549 
1667488	[4939]	:	time Target is 1667488
1672811	[5323]	:	time Target is 1672811
1678133	[5322]	:	time Target is 1678133
1678581	[448]	:	Key	71	DOWN	at	1678581 
1683468	[4887]	:	time Target is 1683468
1683924	[456]	:	Key	71	DOWN	at	1683923 
1688822	[4898]	:	time Target is 1688822
1689921	[1099]	:	Key	71	DOWN	at	1689921 
1694157	[4236]	:	time Target is 1694157
1699476	[5319]	:	time Target is 1699476
1704799	[5323]	:	time Target is 1704799
1710122	[5323]	:	time Target is 1710122
1715439	[5317]	:	time Target is 1715439
1716211	[772]	:	Key	71	DOWN	at	1716211 
1720772	[4561]	:	time Target is 1720772
1721124	[352]	:	Key	71	DOWN	at	1721123 
1726107	[4983]	:	time Target is 1726107
1726628	[521]	:	Key	71	DOWN	at	1726628 
1731445	[4817]	:	time Target is 1731445
1731989	[544]	:	Key	71	DOWN	at	1731988 
1736788	[4799]	:	time Target is 1736788
1737717	[929]	:	Key	71	DOWN	at	1737716 
1742128	[4411]	:	time Target is 1742128
1747454	[5326]	:	time Target is 1747454
1752776	[5322]	:	time Target is 1752776
1758126	[5350]	:	time Target is 1758126
1758711	[585]	:	Key	71	DOWN	at	1758710 
1763461	[4750]	:	time Target is 1763461
1764118	[657]	:	Key	71	DOWN	at	1764118 
1768795	[4677]	:	time Target is 1768795
1774111	[5316]	:	time Target is 1774111
1774519	[408]	:	Key	71	DOWN	at	1774518 
1779455	[4936]	:	time Target is 1779455
1779896	[441]	:	Key	71	DOWN	at	1779894 
1784794	[4898]	:	time Target is 1784794
1785190	[396]	:	Key	71	DOWN	at	1785190 
1790134	[4944]	:	time Target is 1790134
1790630	[496]	:	Key	71	DOWN	at	1790630 
1795490	[4860]	:	time Target is 1795490
1795875	[385]	:	Key	71	DOWN	at	1795875 
1800858	[4983]	:	time Target is 1800858
1806181	[5323]	:	time Target is 1806181
1811501	[5320]	:	time Target is 1811501
1812021	[520]	:	Key	71	DOWN	at	1812021 
1816867	[4846]	:	time Target is 1816867
1817845	[978]	:	Key	71	DOWN	at	1817845 
1822206	[4361]	:	time Target is 1822206
1827532	[5326]	:	time Target is 1827532
1827879	[347]	:	Key	71	DOWN	at	1827878 
1832868	[4989]	:	time Target is 1832868
1833316	[448]	:	Key	71	DOWN	at	1833316 
1837173	[3857]	:	Key	71	UP	at	1833446 
1847653	[10480]	:	Key	71	DOWN	at	1847652 
1848437	[784]	:	Key	71	UP	at	1847782 
1848704	[267]	:	time Target is 1848704
1854027	[5323]	:	time Target is 1854027
1854549	[522]	:	Key	71	DOWN	at	1854549 
1859342	[4793]	:	Key	71	DOWN	at	1859173 
1859342	[0]	:	Key	71	UP	at	1859331 
1862153	[2811]	:	time Target is 1862153
1862677	[524]	:	Key	71	DOWN	at	1862677 
1867489	[4812]	:	time Target is 1867489
1868307	[818]	:	Key	71	DOWN	at	1868306 
1872832	[4525]	:	time Target is 1872832
1873250	[418]	:	Key	71	DOWN	at	1873250 
1878180	[4930]	:	time Target is 1878180
1883504	[5324]	:	time Target is 1883504
1884343	[839]	:	Key	71	DOWN	at	1884343 
1888850	[4507]	:	time Target is 1888850
1889826	[976]	:	Key	71	DOWN	at	1889825 
1894191	[4365]	:	time Target is 1894191
1899525	[5334]	:	time Target is 1899525
1904849	[5324]	:	time Target is 1904849
1905378	[529]	:	Key	71	DOWN	at	1905378 
1910188	[4810]	:	time Target is 1910188
1915504	[5316]	:	time Target is 1915504
1920830	[5326]	:	time Target is 1920830
1926152	[5322]	:	time Target is 1926152
1926550	[398]	:	Key	71	DOWN	at	1926549 
1931487	[4937]	:	time Target is 1931487
1936809	[5322]	:	time Target is 1936809
1937157	[348]	:	Key	71	DOWN	at	1937156 
1942146	[4989]	:	time Target is 1942146
1942483	[337]	:	Key	71	DOWN	at	1942482 
1947486	[5003]	:	time Target is 1947486
1952797	[5311]	:	time Target is 1952797
1953142	[345]	:	Key	71	DOWN	at	1953141 
1958135	[4993]	:	time Target is 1958135
1963458	[5323]	:	time Target is 1963458
1963927	[469]	:	Key	71	DOWN	at	1963926 
1968797	[4870]	:	time Target is 1968797
1969397	[600]	:	Key	71	DOWN	at	1969396 
1974134	[4737]	:	time Target is 1974134
1979466	[5332]	:	time Target is 1979466
1979938	[472]	:	Key	71	DOWN	at	1979938 
1984807	[4869]	:	time Target is 1984807
1985254	[447]	:	Key	71	DOWN	at	1985254 
1990161	[4907]	:	time Target is 1990161
1991044	[883]	:	Key	71	DOWN	at	1991044 
1995496	[4452]	:	time Target is 1995496
1995941	[445]	:	Key	71	DOWN	at	1995941 
2000836	[4895]	:	time Target is 2000836
2001254	[418]	:	Key	71	DOWN	at	2001253 
2006170	[4916]	:	time Target is 2006170
2011490	[5320]	:	time Target is 2011490
2012164	[674]	:	Key	71	DOWN	at	2012163 
2016825	[4661]	:	time Target is 2016825
2017463	[638]	:	Key	71	DOWN	at	2017461 
2022160	[4697]	:	time Target is 2022160
2022482	[322]	:	Key	71	DOWN	at	2022482 
2027498	[5016]	:	time Target is 2027498
2027810	[312]	:	Key	71	DOWN	at	2027810 
2032860	[5050]	:	time Target is 2032860
2033396	[536]	:	Key	71	DOWN	at	2033395 
2038194	[4798]	:	time Target is 2038194
2038566	[372]	:	Key	71	DOWN	at	2038566 
2043535	[4969]	:	time Target is 2043535
2043842	[307]	:	Key	71	DOWN	at	2043842 
2048871	[5029]	:	time Target is 2048871
2054192	[5321]	:	time Target is 2054192
2054545	[353]	:	Key	71	DOWN	at	2054545 
2059532	[4987]	:	time Target is 2059532
2064851	[5319]	:	time Target is 2064851
2070175	[5324]	:	time Target is 2070175
2070545	[370]	:	Key	71	DOWN	at	2070545 
2075512	[4967]	:	time Target is 2075512
2076051	[539]	:	Key	71	DOWN	at	2076051 
2080840	[4789]	:	time Target is 2080840
2081925	[1085]	:	Key	71	DOWN	at	2081925 
2086179	[4254]	:	time Target is 2086179
2091498	[5319]	:	time Target is 2091498
2091940	[442]	:	Key	71	DOWN	at	2091940 
2096837	[4897]	:	time Target is 2096837
2097332	[495]	:	Key	71	DOWN	at	2097331 
2102174	[4842]	:	time Target is 2102174
2107500	[5326]	:	time Target is 2107500
2107941	[441]	:	Key	71	DOWN	at	2107941 
2112837	[4896]	:	time Target is 2112837
2118166	[5329]	:	time Target is 2118166
2118484	[318]	:	Key	71	DOWN	at	2118484 
2123501	[5017]	:	time Target is 2123501
2124151	[650]	:	Key	71	DOWN	at	2124150 
2128835	[4684]	:	time Target is 2128835
2134158	[5323]	:	time Target is 2134158
2139477	[5319]	:	time Target is 2139477
2144796	[5319]	:	time Target is 2144796
2150117	[5321]	:	time Target is 2150117
2150804	[687]	:	Key	71	DOWN	at	2150804 
2155452	[4648]	:	time Target is 2155452
2156069	[617]	:	Key	71	DOWN	at	2156068 
2160790	[4721]	:	time Target is 2160790
2166116	[5326]	:	time Target is 2166116
2166547	[431]	:	Key	71	DOWN	at	2166546 
2171455	[4908]	:	time Target is 2171455
2171879	[424]	:	Key	71	DOWN	at	2171878 
2176794	[4915]	:	time Target is 2176794
2182113	[5319]	:	time Target is 2182113
2182854	[741]	:	Key	71	DOWN	at	2182854 
2187449	[4595]	:	time Target is 2187449
2192771	[5322]	:	time Target is 2192771
2193379	[608]	:	Key	71	DOWN	at	2193378 
2198128	[4749]	:	time Target is 2198128
2198696	[568]	:	Key	71	DOWN	at	2198695 
2203470	[4774]	:	time Target is 2203470
2204071	[601]	:	Key	71	DOWN	at	2204071 
2208809	[4738]	:	time Target is 2208809
2209301	[492]	:	Key	71	DOWN	at	2209301 
2214129	[4828]	:	time Target is 2214129
2219449	[5320]	:	time Target is 2219449
2219906	[457]	:	Key	71	DOWN	at	2219906 
2224785	[4879]	:	time Target is 2224785
2229846	[5061]	:	Key	71	DOWN	at	2229766 
2232664	[2818]	:	time Target is 2232664
2237984	[5320]	:	time Target is 2237984
2238247	[263]	:	Key	71	DOWN	at	2238247 
2243321	[5074]	:	time Target is 2243321
2243749	[428]	:	Key	71	DOWN	at	2243748 
2248654	[4905]	:	time Target is 2248654
2249346	[692]	:	Key	71	DOWN	at	2249346 
2253986	[4640]	:	time Target is 2253986
2254452	[466]	:	Key	71	DOWN	at	2254452 
2259320	[4868]	:	time Target is 2259320
2260178	[858]	:	Key	71	DOWN	at	2260178 
2264657	[4479]	:	time Target is 2264657
2264871	[214]	:	Key	71	DOWN	at	2264870 
2269992	[5121]	:	time Target is 2269992
2275312	[5320]	:	time Target is 2275312
2275638	[326]	:	Key	71	DOWN	at	2275638 
2280652	[5014]	:	time Target is 2280651
2281239	[587]	:	Key	71	DOWN	at	2281238 
2285983	[4744]	:	time Target is 2285983
2286422	[439]	:	Key	71	DOWN	at	2286422 
2291324	[4902]	:	time Target is 2291324
2291746	[422]	:	Key	71	DOWN	at	2291745 
2296659	[4913]	:	time Target is 2296659
2301981	[5322]	:	time Target is 2301981
2307299	[5318]	:	time Target is 2307299
2308054	[755]	:	Key	71	DOWN	at	2308054 
2312637	[4583]	:	time Target is 2312637
2313767	[1130]	:	Key	71	DOWN	at	2313766 
2317977	[4210]	:	time Target is 2317977
2318532	[555]	:	Key	71	DOWN	at	2318532 
2322275	[3743]	:	Key	71	UP	at	2318675 
2337077	[14802]	:	Key	71	DOWN	at	2337077 
2337207	[130]	:	Key	71	UP	at	2337206 
2369749	[32542]	:	Key	28	DOWN	at	2369749 
2369890	[141]	:	Key	28	UP	at	2369889 
2379589	[9699]	:	Key	28	DOWN	at	2379588 
2379730	[141]	:	Key	28	UP	at	2379730 
2390151	[10421]	:	Key	28	DOWN	at	2390150 
2390247	[96]	:	Key	28	UP	at	2390246 
2394274	[4027]	:	Key	29	DOWN	at	2394273 
2394422	[148]	:	Key	29	UP	at	2394421 
2398868	[4446]	:	Key	28	DOWN	at	2398868 
2398962	[94]	:	Key	28	UP	at	2398961 
2402950	[3988]	:	Key	28	DOWN	at	2402950 
2403028	[78]	:	Key	28	UP	at	2403027 
2408119	[5091]	:	Key	29	DOWN	at	2408119 
2408277	[158]	:	Key	29	UP	at	2408277 
2412084	[3807]	:	Key	29	DOWN	at	2412084 
2412246	[162]	:	Key	29	UP	at	2412245 
2423524	[11278]	:	Key	29	DOWN	at	2423524 
2423716	[192]	:	Key	29	UP	at	2423716 
2429030	[5314]	:	Key	29	DOWN	at	2429030 
2429203	[173]	:	Key	29	UP	at	2429202 
2434230	[5027]	:	Key	29	DOWN	at	2434230 
2434388	[158]	:	Key	29	UP	at	2434387 
2436227	[1839]	:	Key	29	DOWN	at	2436227 
2436385	[158]	:	Key	29	UP	at	2436385 
2441475	[5090]	:	Key	28	DOWN	at	2441474 
2441636	[161]	:	Key	28	UP	at	2441635 
2443063	[1427]	:	Key	28	DOWN	at	2443062 
2443189	[126]	:	Key	28	UP	at	2443188 
2452198	[9009]	:	Key	28	DOWN	at	2452198 
2452371	[173]	:	Key	28	UP	at	2452370 
2453701	[1330]	:	Key	28	DOWN	at	2453700 
2453798	[97]	:	COGENT STOP
