Cog2000 log file Thu Aug 15 15:29:39 2019
gprim v1.33 Compiled:Aug 12 2015 (GLib DirectDraw v7 DX12.0 Compiled:Aug 12 2015)
Display:1024x768x32 59.99Hz
CogInput v1.05 Compiled: May 20 2010
0	[0]	:	COGENT START
12464	[12464]	:	Key	71	DOWN	at	12464   
12542	[78]	:	Key	71	UP	at	12542   
32192	[19650]	:	Key	71	DOWN	at	32192   
32287	[95]	:	Key	71	UP	at	32286   
37120	[4833]	:	Key	71	DOWN	at	37119   
37249	[129]	:	Key	71	UP	at	37248   
48881	[11632]	:	Key	71	DOWN	at	48881   
48946	[65]	:	Key	71	UP	at	48946   
65203	[16257]	:	Key	71	DOWN	at	65203   
65263	[60]	:	Key	71	UP	at	65262   
85616	[20353]	:	Key	71	DOWN	at	85614   
86444	[828]	:	time Target is 86443
87650	[1206]	:	Key	71	DOWN	at	87649   
92548	[4898]	:	time Target is 92548
93300	[752]	:	Key	71	DOWN	at	93298   
98641	[5341]	:	time Target is 98641
99486	[845]	:	Key	71	DOWN	at	99486   
104730	[5244]	:	time Target is 104730
105808	[1078]	:	Key	71	DOWN	at	105807  
114559	[8751]	:	Key	71	DOWN	at	114559  
115633	[1074]	:	time Target is 115633
121957	[6324]	:	time Target is 121957
128277	[6320]	:	time Target is 128277
134597	[6320]	:	time Target is 134596
154513	[19916]	:	Key	71	DOWN	at	154513  
154560	[47]	:	Key	71	UP	at	154560  
159280	[4720]	:	Key	71	DOWN	at	159280  
159363	[83]	:	Key	71	UP	at	159362  
163903	[4540]	:	Key	71	DOWN	at	163902  
164002	[99]	:	Key	71	UP	at	164002  
173264	[9262]	:	Key	71	DOWN	at	173264  
173359	[95]	:	Key	71	UP	at	173359  
179267	[5908]	:	Key	71	DOWN	at	179267  
180069	[802]	:	Key	71	UP	at	179619  
180091	[22]	:	time Target is 180091
185155	[5064]	:	time Target is 185155
186004	[849]	:	Key	71	DOWN	at	186004  
190256	[4252]	:	time Target is 190255
195332	[5076]	:	time Target is 195332
207747	[12415]	:	Key	71	DOWN	at	207746  
207840	[93]	:	Key	71	UP	at	207840  
211906	[4066]	:	Key	71	DOWN	at	211905  
212698	[792]	:	Key	71	UP	at	212065  
212722	[24]	:	time Target is 212722
213999	[1277]	:	Key	71	DOWN	at	213998  
217809	[3810]	:	time Target is 217809
222880	[5071]	:	time Target is 222880
224303	[1423]	:	Key	71	DOWN	at	224303  
227968	[3665]	:	time Target is 227967
240881	[12913]	:	Key	71	DOWN	at	240880  
240962	[81]	:	Key	71	UP	at	240962  
245360	[4398]	:	Key	71	DOWN	at	245360  
246153	[793]	:	Key	71	UP	at	245568  
246174	[21]	:	time Target is 246174
251254	[5080]	:	time Target is 251254
256329	[5075]	:	time Target is 256329
256786	[457]	:	Key	71	DOWN	at	256785  
261411	[4625]	:	time Target is 261411
262689	[1278]	:	Key	71	DOWN	at	262689  
265707	[3018]	:	Key	71	UP	at	262866  
273490	[7783]	:	Key	71	DOWN	at	273490  
273582	[92]	:	Key	71	UP	at	273582  
277251	[3669]	:	Key	71	DOWN	at	277250  
278035	[784]	:	Key	71	UP	at	277454  
278055	[20]	:	time Target is 278055
279458	[1403]	:	Key	71	DOWN	at	279457  
283127	[3669]	:	time Target is 283126
288191	[5064]	:	time Target is 288191
289459	[1268]	:	Key	71	DOWN	at	289459  
293284	[3825]	:	time Target is 293284
297571	[4287]	:	Key	71	DOWN	at	294897  
297571	[0]	:	Key	71	UP	at	295025  
305569	[7998]	:	Key	71	DOWN	at	305568  
305667	[98]	:	Key	71	UP	at	305667  
321396	[15729]	:	Key	71	DOWN	at	321395  
321489	[93]	:	Key	71	UP	at	321489  
336817	[15328]	:	Key	71	DOWN	at	336817  
336931	[114]	:	Key	71	UP	at	336931  
350399	[13468]	:	Key	71	DOWN	at	350399  
350511	[112]	:	Key	71	UP	at	350511  
358514	[8003]	:	Key	71	DOWN	at	358514  
361081	[2567]	:	time Target is 361081
366400	[5319]	:	time Target is 366400
366881	[481]	:	Key	71	DOWN	at	366881  
371746	[4865]	:	time Target is 371746
377069	[5323]	:	time Target is 377069
378146	[1077]	:	Key	71	DOWN	at	378146  
382405	[4259]	:	time Target is 382405
387727	[5322]	:	time Target is 387727
388144	[417]	:	Key	71	DOWN	at	388143  
393067	[4923]	:	time Target is 393067
398390	[5323]	:	time Target is 398390
403709	[5319]	:	time Target is 403709
404561	[852]	:	Key	71	DOWN	at	404561  
409049	[4488]	:	time Target is 409049
410466	[1417]	:	Key	71	DOWN	at	410466  
414387	[3921]	:	time Target is 414387
419710	[5323]	:	time Target is 419710
420484	[774]	:	Key	71	DOWN	at	420483  
424785	[4301]	:	Key	71	DOWN	at	424594  
424786	[1]	:	Key	71	UP	at	424735  
427597	[2811]	:	time Target is 427597
428772	[1175]	:	Key	71	DOWN	at	428772  
432934	[4162]	:	time Target is 432934
433537	[603]	:	Key	71	DOWN	at	433537  
438314	[4777]	:	time Target is 438314
438800	[486]	:	Key	71	DOWN	at	438800  
443643	[4843]	:	time Target is 443643
444227	[584]	:	Key	71	DOWN	at	444227  
448989	[4762]	:	time Target is 448989
449631	[642]	:	Key	71	DOWN	at	449631  
454330	[4699]	:	time Target is 454330
459648	[5318]	:	time Target is 459648
460272	[624]	:	Key	71	DOWN	at	460272  
464995	[4723]	:	time Target is 464995
470316	[5321]	:	time Target is 470316
470754	[438]	:	Key	71	DOWN	at	470753  
475645	[4891]	:	time Target is 475645
476208	[563]	:	Key	71	DOWN	at	476207  
480990	[4782]	:	time Target is 480990
486310	[5320]	:	time Target is 486310
486896	[586]	:	Key	71	DOWN	at	486896  
491643	[4747]	:	time Target is 491643
496989	[5346]	:	time Target is 496989
497951	[962]	:	Key	71	DOWN	at	497951  
502320	[4369]	:	time Target is 502320
503556	[1236]	:	Key	71	DOWN	at	503556  
507647	[4091]	:	Key	71	DOWN	at	507491  
510463	[2816]	:	time Target is 510463
511072	[609]	:	Key	71	DOWN	at	511071  
515793	[4721]	:	time Target is 515793
516738	[945]	:	Key	71	DOWN	at	516736  
521131	[4393]	:	time Target is 521131
526471	[5340]	:	time Target is 526471
527055	[584]	:	Key	71	DOWN	at	527055  
531814	[4759]	:	time Target is 531814
532963	[1149]	:	Key	71	DOWN	at	532963  
537151	[4188]	:	time Target is 537151
537953	[802]	:	Key	71	DOWN	at	537952  
542491	[4538]	:	time Target is 542491
547821	[5330]	:	time Target is 547821
549280	[1459]	:	Key	71	DOWN	at	549280  
553169	[3889]	:	time Target is 553169
558488	[5319]	:	time Target is 558488
563809	[5321]	:	time Target is 563809
569136	[5327]	:	time Target is 569136
569827	[691]	:	Key	71	DOWN	at	569827  
574482	[4655]	:	time Target is 574482
575951	[1469]	:	Key	71	DOWN	at	575950  
579823	[3872]	:	time Target is 579823
585137	[5314]	:	Key	71	DOWN	at	584928  
585137	[0]	:	Key	71	UP	at	585073  
587951	[2814]	:	time Target is 587951
588642	[691]	:	Key	71	DOWN	at	588642  
593289	[4647]	:	time Target is 593289
593713	[424]	:	Key	71	DOWN	at	593713  
598634	[4921]	:	time Target is 598634
600128	[1494]	:	Key	71	DOWN	at	600128  
603973	[3845]	:	time Target is 603973
605105	[1132]	:	Key	71	DOWN	at	605104  
609349	[4244]	:	time Target is 609349
610414	[1065]	:	Key	71	DOWN	at	610414  
614692	[4278]	:	time Target is 614692
620013	[5321]	:	time Target is 620013
620559	[546]	:	Key	71	DOWN	at	620558  
625392	[4833]	:	time Target is 625392
626002	[610]	:	Key	71	DOWN	at	626002  
630719	[4717]	:	Key	71	DOWN	at	630611  
633538	[2819]	:	time Target is 633538
638862	[5324]	:	time Target is 638862
639969	[1107]	:	Key	71	DOWN	at	639969  
644200	[4231]	:	time Target is 644200
644915	[715]	:	Key	71	DOWN	at	644915  
649551	[4636]	:	time Target is 649551
650130	[579]	:	Key	71	DOWN	at	650129  
654895	[4765]	:	time Target is 654895
655922	[1027]	:	Key	71	DOWN	at	655922  
660234	[4312]	:	time Target is 660234
661472	[1238]	:	Key	71	DOWN	at	661471  
665571	[4099]	:	time Target is 665571
670896	[5325]	:	time Target is 670896
672145	[1249]	:	Key	71	DOWN	at	672144  
676230	[4085]	:	time Target is 676230
681556	[5326]	:	time Target is 681556
686880	[5324]	:	time Target is 686880
692232	[5352]	:	time Target is 692232
697556	[5324]	:	time Target is 697556
698030	[474]	:	Key	71	DOWN	at	698030  
702896	[4866]	:	time Target is 702896
708215	[5319]	:	time Target is 708215
713538	[5323]	:	time Target is 713538
714068	[530]	:	Key	71	DOWN	at	714067  
718876	[4808]	:	time Target is 718876
724198	[5322]	:	time Target is 724198
725459	[1261]	:	Key	71	DOWN	at	725458  
729538	[4079]	:	time Target is 729538
734867	[5329]	:	time Target is 734867
735347	[480]	:	Key	71	DOWN	at	735347  
740202	[4855]	:	time Target is 740202
741042	[840]	:	Key	71	DOWN	at	741042  
745538	[4496]	:	time Target is 745538
745918	[380]	:	Key	71	DOWN	at	745918  
750879	[4961]	:	time Target is 750879
751779	[900]	:	Key	71	DOWN	at	751778  
756220	[4441]	:	time Target is 756220
756739	[519]	:	Key	71	DOWN	at	756738  
761573	[4834]	:	time Target is 761573
762401	[828]	:	Key	71	DOWN	at	762400  
766909	[4508]	:	time Target is 766909
767556	[647]	:	Key	71	DOWN	at	767555  
772245	[4689]	:	time Target is 772245
773217	[972]	:	Key	71	DOWN	at	773216  
777581	[4364]	:	time Target is 777581
778144	[563]	:	Key	71	DOWN	at	778144  
782921	[4777]	:	time Target is 782921
783074	[153]	:	Key	71	DOWN	at	783074  
788262	[5188]	:	time Target is 788262
789568	[1306]	:	Key	71	UP	at	789567  
793582	[4014]	:	time Target is 793582
794226	[644]	:	Key	71	DOWN	at	794225  
798924	[4698]	:	time Target is 798924
804244	[5320]	:	time Target is 804244
805172	[928]	:	Key	71	DOWN	at	805171  
809315	[4143]	:	Key	71	DOWN	at	808978  
812136	[2821]	:	time Target is 812136
812915	[779]	:	Key	71	DOWN	at	812915  
817471	[4556]	:	time Target is 817471
817844	[373]	:	Key	71	DOWN	at	817843  
822837	[4993]	:	time Target is 822837
824095	[1258]	:	Key	71	DOWN	at	824095  
827138	[3043]	:	Key	71	UP	at	824399  
831135	[3997]	:	Key	71	DOWN	at	831135  
831922	[787]	:	Key	71	UP	at	831713  
832190	[268]	:	time Target is 832190
833539	[1349]	:	Key	71	DOWN	at	833539  
837526	[3987]	:	time Target is 837526
837923	[397]	:	Key	71	DOWN	at	837923  
842608	[4685]	:	Key	71	DOWN	at	842420  
845427	[2819]	:	time Target is 845427
846465	[1038]	:	Key	71	DOWN	at	846465  
850765	[4300]	:	time Target is 850765
851237	[472]	:	Key	71	DOWN	at	851236  
856103	[4866]	:	time Target is 856103
856705	[602]	:	Key	71	DOWN	at	856704  
861440	[4735]	:	time Target is 861440
862242	[802]	:	Key	71	DOWN	at	862241  
866780	[4538]	:	time Target is 866780
867647	[867]	:	Key	71	DOWN	at	867647  
872113	[4466]	:	time Target is 872113
872688	[575]	:	Key	71	DOWN	at	872688  
877449	[4761]	:	time Target is 877449
878048	[599]	:	Key	71	DOWN	at	878047  
882833	[4785]	:	time Target is 882833
883731	[898]	:	Key	71	DOWN	at	883730  
888182	[4451]	:	time Target is 888182
893508	[5326]	:	time Target is 893508
898832	[5324]	:	time Target is 898832
904155	[5323]	:	time Target is 904155
905122	[967]	:	Key	71	DOWN	at	905122  
909496	[4374]	:	time Target is 909496
910722	[1226]	:	Key	71	DOWN	at	910721  
914832	[4110]	:	time Target is 914832
915632	[800]	:	Key	71	DOWN	at	915632  
920170	[4538]	:	time Target is 920170
925490	[5320]	:	time Target is 925490
926226	[736]	:	Key	71	DOWN	at	926226  
930818	[4592]	:	time Target is 930818
936154	[5336]	:	time Target is 936154
941482	[5328]	:	time Target is 941482
942242	[760]	:	Key	71	DOWN	at	942242  
946811	[4569]	:	time Target is 946811
952133	[5322]	:	time Target is 952133
953507	[1374]	:	Key	71	DOWN	at	953507  
957470	[3963]	:	time Target is 957470
962794	[5324]	:	time Target is 962794
963347	[553]	:	Key	71	DOWN	at	963347  
968135	[4788]	:	time Target is 968135
969618	[1483]	:	Key	71	DOWN	at	969617  
973210	[3592]	:	Key	71	UP	at	972546  
973477	[267]	:	time Target is 973477
978800	[5323]	:	time Target is 978800
979870	[1070]	:	Key	71	DOWN	at	979870  
984145	[4275]	:	time Target is 984145
989468	[5323]	:	time Target is 989468
994787	[5319]	:	time Target is 994787
995329	[542]	:	Key	71	DOWN	at	995329  
1000129	[4800]	:	time Target is 1000129
1005450	[5321]	:	time Target is 1005449
1006210	[760]	:	Key	71	DOWN	at	1006209 
1010789	[4579]	:	time Target is 1010789
1016128	[5339]	:	time Target is 1016128
1016915	[787]	:	Key	71	DOWN	at	1016914 
1021464	[4549]	:	time Target is 1021464
1022227	[763]	:	Key	71	DOWN	at	1022227 
1026805	[4578]	:	time Target is 1026805
1032121	[5316]	:	time Target is 1032121
1037444	[5323]	:	time Target is 1037444
1042500	[5056]	:	Key	71	DOWN	at	1042238 
1045323	[2823]	:	time Target is 1045323
1046239	[916]	:	Key	71	DOWN	at	1046239 
1050672	[4433]	:	time Target is 1050672
1051187	[515]	:	Key	71	DOWN	at	1051187 
1056009	[4822]	:	time Target is 1056009
1061332	[5323]	:	time Target is 1061332
1062177	[845]	:	Key	71	DOWN	at	1062177 
1066671	[4494]	:	time Target is 1066671
1071997	[5326]	:	time Target is 1071997
1077316	[5319]	:	time Target is 1077316
1082643	[5327]	:	time Target is 1082643
1083154	[511]	:	Key	71	DOWN	at	1083153 
1087980	[4826]	:	time Target is 1087980
1088468	[488]	:	Key	71	DOWN	at	1088467 
1093310	[4842]	:	time Target is 1093310
1093859	[549]	:	Key	71	DOWN	at	1093859 
1098651	[4792]	:	time Target is 1098651
1099154	[503]	:	Key	71	DOWN	at	1099153 
1103990	[4836]	:	time Target is 1103990
1105106	[1116]	:	Key	71	DOWN	at	1105106 
1109337	[4231]	:	time Target is 1109337
1110130	[793]	:	Key	71	DOWN	at	1110130 
1114678	[4548]	:	time Target is 1114678
1115331	[653]	:	Key	71	DOWN	at	1115331 
1120016	[4685]	:	time Target is 1120016
1120595	[579]	:	Key	71	DOWN	at	1120594 
1125351	[4756]	:	time Target is 1125351
1126372	[1021]	:	Key	71	DOWN	at	1126371 
1130686	[4314]	:	time Target is 1130686
1131171	[485]	:	Key	71	DOWN	at	1131170 
1136027	[4856]	:	time Target is 1136027
1137297	[1270]	:	Key	71	DOWN	at	1137297 
1141364	[4067]	:	time Target is 1141364
1142288	[924]	:	Key	71	DOWN	at	1142287 
1146696	[4408]	:	time Target is 1146696
1148065	[1369]	:	Key	71	UP	at	1148065 
1152012	[3947]	:	Key	71	DOWN	at	1151839 
1154827	[2815]	:	time Target is 1154827
1160152	[5325]	:	time Target is 1160152
1161073	[921]	:	Key	71	DOWN	at	1161072 
1165498	[4425]	:	time Target is 1165498
1170832	[5334]	:	time Target is 1170832
1176143	[5311]	:	Key	71	DOWN	at	1175968 
1178954	[2811]	:	time Target is 1178954
1179283	[329]	:	Key	71	DOWN	at	1179282 
1184290	[5007]	:	time Target is 1184290
1189605	[5315]	:	Key	71	DOWN	at	1189508 
1189605	[0]	:	Key	71	UP	at	1189601 
1192417	[2812]	:	time Target is 1192417
1192912	[495]	:	Key	71	DOWN	at	1192911 
1197759	[4847]	:	time Target is 1197759
1203081	[5322]	:	time Target is 1203081
1208138	[5057]	:	Key	71	DOWN	at	1207793 
1210962	[2824]	:	time Target is 1210962
1211599	[637]	:	Key	71	DOWN	at	1211599 
1216301	[4702]	:	time Target is 1216301
1221628	[5327]	:	time Target is 1221628
1222175	[547]	:	Key	71	DOWN	at	1222175 
1226967	[4792]	:	time Target is 1226967
1227536	[569]	:	Key	71	DOWN	at	1227536 
1232307	[4771]	:	time Target is 1232307
1237627	[5320]	:	time Target is 1237627
1238082	[455]	:	Key	71	DOWN	at	1238082 
1242999	[4917]	:	time Target is 1242999
1243765	[766]	:	Key	71	DOWN	at	1243764 
1248333	[4568]	:	time Target is 1248333
1249284	[951]	:	Key	71	DOWN	at	1249283 
1253671	[4387]	:	time Target is 1253671
1254947	[1276]	:	Key	71	DOWN	at	1254947 
1259013	[4066]	:	time Target is 1259013
1260062	[1049]	:	Key	71	DOWN	at	1260062 
1264341	[4279]	:	time Target is 1264341
1269658	[5317]	:	time Target is 1269658
1274987	[5329]	:	time Target is 1274987
1275572	[585]	:	Key	71	DOWN	at	1275571 
1280325	[4753]	:	time Target is 1280325
1280992	[667]	:	Key	71	DOWN	at	1280992 
1285689	[4697]	:	time Target is 1285689
1286132	[443]	:	Key	71	DOWN	at	1286131 
1291031	[4899]	:	time Target is 1291031
1291873	[842]	:	Key	71	DOWN	at	1291873 
1295336	[3463]	:	Key	71	UP	at	1292162 
1297313	[1977]	:	Key	71	DOWN	at	1297313 
1297427	[114]	:	Key	71	UP	at	1297427 
1302180	[4753]	:	Key	71	DOWN	at	1302179 
1302973	[793]	:	Key	71	UP	at	1302414 
1303241	[268]	:	time Target is 1303241
1304738	[1497]	:	Key	71	DOWN	at	1304738 
1308588	[3850]	:	time Target is 1308588
1313916	[5328]	:	time Target is 1313916
1315008	[1092]	:	Key	71	DOWN	at	1315007 
1319255	[4247]	:	time Target is 1319255
1324567	[5312]	:	Key	71	DOWN	at	1324354 
1324567	[0]	:	Key	71	UP	at	1324548 
1327378	[2811]	:	time Target is 1327378
1328321	[943]	:	Key	71	DOWN	at	1328320 
1332716	[4395]	:	time Target is 1332716
1338071	[5355]	:	time Target is 1338071
1338676	[605]	:	Key	71	DOWN	at	1338676 
1343410	[4734]	:	time Target is 1343410
1344191	[781]	:	Key	71	DOWN	at	1344191 
1348746	[4555]	:	time Target is 1348746
1349550	[804]	:	Key	71	DOWN	at	1349550 
1354084	[4534]	:	time Target is 1354084
1354772	[688]	:	Key	71	DOWN	at	1354771 
1359425	[4653]	:	time Target is 1359425
1364747	[5322]	:	time Target is 1364747
1365600	[853]	:	Key	71	DOWN	at	1365599 
1370087	[4487]	:	time Target is 1370087
1375409	[5322]	:	time Target is 1375409
1375780	[371]	:	Key	71	DOWN	at	1375779 
1380750	[4970]	:	time Target is 1380750
1386092	[5342]	:	time Target is 1386092
1386962	[870]	:	Key	71	DOWN	at	1386962 
1391431	[4469]	:	time Target is 1391431
1391857	[426]	:	Key	71	DOWN	at	1391856 
1396766	[4909]	:	time Target is 1396766
1402087	[5321]	:	time Target is 1402087
1402868	[781]	:	Key	71	UP	at	1402867 
1403044	[176]	:	Key	71	DOWN	at	1403043 
1407426	[4382]	:	time Target is 1407426
1412746	[5320]	:	time Target is 1412746
1418079	[5333]	:	time Target is 1418079
1419121	[1042]	:	Key	71	DOWN	at	1419121 
1423416	[4295]	:	time Target is 1423416
1423859	[443]	:	Key	71	DOWN	at	1423858 
1428755	[4896]	:	time Target is 1428755
1429249	[494]	:	Key	71	DOWN	at	1429249 
1434128	[4879]	:	time Target is 1434128
1434671	[543]	:	Key	71	DOWN	at	1434671 
1439476	[4805]	:	time Target is 1439476
1444796	[5320]	:	time Target is 1444796
1446291	[1495]	:	Key	71	DOWN	at	1446291 
1450138	[3847]	:	time Target is 1450138
1450594	[456]	:	Key	71	DOWN	at	1450594 
1455475	[4881]	:	time Target is 1455475
1455843	[368]	:	Key	71	DOWN	at	1455843 
1460811	[4968]	:	time Target is 1460811
1461184	[373]	:	Key	71	DOWN	at	1461184 
1466148	[4964]	:	time Target is 1466148
1466495	[347]	:	Key	71	DOWN	at	1466495 
1471480	[4985]	:	time Target is 1471480
1471955	[475]	:	Key	71	DOWN	at	1471955 
1476815	[4860]	:	time Target is 1476815
1477809	[994]	:	Key	71	DOWN	at	1477809 
1482158	[4349]	:	time Target is 1482158
1483313	[1155]	:	Key	71	DOWN	at	1483313 
1487502	[4189]	:	time Target is 1487502
1492823	[5321]	:	time Target is 1492823
1493552	[729]	:	Key	71	DOWN	at	1493551 
1498167	[4615]	:	time Target is 1498167
1499104	[937]	:	Key	71	DOWN	at	1499104 
1503523	[4419]	:	time Target is 1503523
1504099	[576]	:	Key	71	DOWN	at	1504098 
1508862	[4763]	:	time Target is 1508862
1509615	[753]	:	Key	71	DOWN	at	1509615 
1514198	[4583]	:	time Target is 1514198
1514688	[490]	:	Key	71	DOWN	at	1514687 
1519272	[4584]	:	Key	71	DOWN	at	1518975 
1519273	[1]	:	Key	71	UP	at	1519091 
1522087	[2814]	:	time Target is 1522087
1522516	[429]	:	Key	71	DOWN	at	1522516 
1527421	[4905]	:	time Target is 1527421
1528015	[594]	:	Key	71	DOWN	at	1528015 
1532758	[4743]	:	time Target is 1532758
1533568	[810]	:	Key	71	DOWN	at	1533568 
1538093	[4525]	:	time Target is 1538093
1543419	[5326]	:	time Target is 1543419
1544673	[1254]	:	Key	71	DOWN	at	1544672 
1548779	[4106]	:	time Target is 1548779
1549343	[564]	:	Key	71	DOWN	at	1549343 
1554123	[4780]	:	time Target is 1554123
1554610	[487]	:	Key	71	UP	at	1554609 
1555168	[558]	:	Key	71	DOWN	at	1555168 
1559462	[4294]	:	time Target is 1559462
1564793	[5331]	:	time Target is 1564793
1565444	[651]	:	Key	71	DOWN	at	1565443 
1570134	[4690]	:	time Target is 1570134
1571200	[1066]	:	Key	71	DOWN	at	1571200 
1575471	[4271]	:	time Target is 1575471
1576274	[803]	:	Key	71	DOWN	at	1576274 
1580815	[4541]	:	time Target is 1580815
1586137	[5322]	:	time Target is 1586137
1587055	[918]	:	Key	71	DOWN	at	1587054 
1591476	[4421]	:	time Target is 1591476
1592255	[779]	:	Key	71	DOWN	at	1592255 
1596560	[4305]	:	Key	71	DOWN	at	1595922 
1596561	[1]	:	Key	71	UP	at	1596449 
1599372	[2811]	:	time Target is 1599372
1599791	[419]	:	Key	71	DOWN	at	1599791 
1604715	[4924]	:	time Target is 1604715
1610037	[5322]	:	time Target is 1610037
1610915	[878]	:	Key	71	DOWN	at	1610914 
1615122	[4207]	:	Key	71	DOWN	at	1615103 
1617936	[2814]	:	time Target is 1617936
1618676	[740]	:	Key	71	DOWN	at	1618676 
1623271	[4595]	:	time Target is 1623271
1624276	[1005]	:	Key	71	DOWN	at	1624276 
1628610	[4334]	:	time Target is 1628610
1629221	[611]	:	Key	71	DOWN	at	1629220 
1633946	[4725]	:	time Target is 1633946
1634627	[681]	:	Key	71	DOWN	at	1634627 
1639277	[4650]	:	time Target is 1639277
1640211	[934]	:	Key	71	DOWN	at	1640211 
1644616	[4405]	:	time Target is 1644616
1645443	[827]	:	Key	71	DOWN	at	1645443 
1649958	[4515]	:	time Target is 1649958
1655279	[5321]	:	time Target is 1655279
1660606	[5327]	:	time Target is 1660606
1661457	[851]	:	Key	71	DOWN	at	1661457 
1665942	[4485]	:	time Target is 1665942
1671263	[5321]	:	time Target is 1671263
1671761	[498]	:	Key	71	DOWN	at	1671761 
1676598	[4837]	:	time Target is 1676598
1677297	[699]	:	Key	71	DOWN	at	1677297 
1681936	[4639]	:	time Target is 1681936
1687257	[5321]	:	time Target is 1687257
1687987	[730]	:	Key	71	DOWN	at	1687986 
1692593	[4606]	:	time Target is 1692593
1693091	[498]	:	Key	71	DOWN	at	1693091 
1697949	[4858]	:	time Target is 1697949
1703272	[5323]	:	time Target is 1703272
1703955	[683]	:	Key	71	DOWN	at	1703954 
1708603	[4648]	:	time Target is 1708603
1709843	[1240]	:	Key	71	DOWN	at	1709843 
1713946	[4103]	:	time Target is 1713946
1715108	[1162]	:	Key	71	DOWN	at	1715107 
1719283	[4175]	:	time Target is 1719283
1719905	[622]	:	Key	71	DOWN	at	1719904 
1724617	[4712]	:	time Target is 1724617
1729955	[5338]	:	time Target is 1729955
1735281	[5326]	:	time Target is 1735281
1735906	[625]	:	Key	71	DOWN	at	1735905 
1740625	[4719]	:	time Target is 1740625
1745952	[5327]	:	time Target is 1745952
1751280	[5328]	:	time Target is 1751280
1756615	[5335]	:	time Target is 1756615
1761946	[5331]	:	time Target is 1761946
1762627	[681]	:	Key	71	DOWN	at	1762626 
1767282	[4655]	:	time Target is 1767282
1768036	[754]	:	Key	71	DOWN	at	1768036 
1771585	[3549]	:	Key	71	UP	at	1768224 
1772687	[1102]	:	Key	71	DOWN	at	1772687 
1773477	[790]	:	Key	71	UP	at	1773040 
1773745	[268]	:	time Target is 1773745
1774164	[419]	:	Key	71	DOWN	at	1774163 
1779092	[4928]	:	time Target is 1779092
1780130	[1038]	:	Key	71	DOWN	at	1780129 
1784437	[4307]	:	time Target is 1784437
1784915	[478]	:	Key	71	DOWN	at	1784915 
1789772	[4857]	:	time Target is 1789772
1791263	[1491]	:	Key	71	DOWN	at	1791263 
1795121	[3858]	:	time Target is 1795121
1795907	[786]	:	Key	71	DOWN	at	1795907 
1800462	[4555]	:	time Target is 1800462
1800802	[340]	:	Key	71	DOWN	at	1800802 
1805792	[4990]	:	time Target is 1805792
1806512	[720]	:	Key	71	DOWN	at	1806511 
1811133	[4621]	:	time Target is 1811133
1811539	[406]	:	Key	71	DOWN	at	1811538 
1816471	[4932]	:	time Target is 1816471
1821790	[5319]	:	time Target is 1821790
1827109	[5319]	:	time Target is 1827109
1832439	[5330]	:	time Target is 1832439
1837763	[5324]	:	time Target is 1837763
1842824	[5061]	:	Key	71	UP	at	1842707 
1843094	[270]	:	time Target is 1843094
1848416	[5322]	:	time Target is 1848416
1848976	[560]	:	Key	71	DOWN	at	1848976 
1853751	[4775]	:	time Target is 1853751
1854527	[776]	:	Key	71	DOWN	at	1854526 
1859092	[4565]	:	time Target is 1859092
1860367	[1275]	:	Key	71	DOWN	at	1860367 
1864435	[4068]	:	time Target is 1864435
1865779	[1344]	:	Key	71	DOWN	at	1865779 
1869792	[4013]	:	time Target is 1869792
1870419	[627]	:	Key	71	DOWN	at	1870419 
1875151	[4732]	:	time Target is 1875151
1880481	[5330]	:	time Target is 1880481
1885804	[5323]	:	time Target is 1885804
1891137	[5333]	:	time Target is 1891137
1891699	[562]	:	Key	71	DOWN	at	1891699 
1896484	[4785]	:	time Target is 1896484
1901803	[5319]	:	time Target is 1901803
1907131	[5328]	:	time Target is 1907131
1907538	[407]	:	Key	71	DOWN	at	1907537 
1912473	[4935]	:	time Target is 1912473
1913409	[936]	:	Key	71	DOWN	at	1913409 
1917810	[4401]	:	time Target is 1917810
1919041	[1231]	:	Key	71	DOWN	at	1919041 
1923149	[4108]	:	time Target is 1923149
1924210	[1061]	:	Key	71	DOWN	at	1924210 
1928486	[4276]	:	time Target is 1928486
1929972	[1486]	:	Key	71	DOWN	at	1929971 
1933824	[3852]	:	time Target is 1933824
1939152	[5328]	:	time Target is 1939152
1939663	[511]	:	Key	71	DOWN	at	1939663 
1944497	[4834]	:	time Target is 1944497
1949818	[5321]	:	time Target is 1949818
1951043	[1225]	:	Key	71	DOWN	at	1951042 
1955184	[4141]	:	time Target is 1955184
1960622	[5438]	:	time Target is 1960622
1965945	[5323]	:	time Target is 1965945
1966915	[970]	:	Key	71	DOWN	at	1966915 
1971284	[4369]	:	time Target is 1971284
1976609	[5325]	:	time Target is 1976609
1981665	[5056]	:	Key	71	DOWN	at	1981043 
1984481	[2816]	:	time Target is 1984481
1989800	[5319]	:	time Target is 1989800
1995122	[5322]	:	time Target is 1995122
1995761	[639]	:	Key	71	DOWN	at	1995760 
2000458	[4697]	:	time Target is 2000458
2005780	[5322]	:	time Target is 2005780
2011102	[5322]	:	time Target is 2011102
2011521	[419]	:	Key	71	UP	at	2011520 
2016424	[4903]	:	time Target is 2016424
2017170	[746]	:	Key	71	DOWN	at	2017170 
2021768	[4598]	:	time Target is 2021768
2027089	[5321]	:	time Target is 2027089
2032414	[5325]	:	time Target is 2032414
2037745	[5331]	:	time Target is 2037745
2043067	[5322]	:	time Target is 2043067
2043924	[857]	:	Key	71	DOWN	at	2043924 
2048409	[4485]	:	time Target is 2048409
2053728	[5319]	:	time Target is 2053728
2054772	[1044]	:	Key	71	DOWN	at	2054772 
2059063	[4291]	:	time Target is 2059063
2059795	[732]	:	Key	71	DOWN	at	2059795 
2064405	[4610]	:	time Target is 2064405
2069728	[5323]	:	time Target is 2069728
2070178	[450]	:	Key	71	DOWN	at	2070178 
2075068	[4890]	:	time Target is 2075068
2080388	[5320]	:	time Target is 2080388
2085705	[5317]	:	time Target is 2085705
2091030	[5325]	:	time Target is 2091030
2092481	[1451]	:	Key	71	DOWN	at	2092481 
2096360	[3879]	:	time Target is 2096360
2097074	[714]	:	Key	71	DOWN	at	2097072 
2101696	[4622]	:	time Target is 2101696
2107020	[5324]	:	time Target is 2107020
2108210	[1190]	:	Key	71	DOWN	at	2108210 
2112360	[4150]	:	time Target is 2112360
2117688	[5328]	:	time Target is 2117688
2118767	[1079]	:	Key	71	DOWN	at	2118767 
2123018	[4251]	:	Key	71	DOWN	at	2122974 
2125837	[2819]	:	time Target is 2125837
2126559	[722]	:	Key	71	DOWN	at	2126559 
2131174	[4615]	:	time Target is 2131174
2132064	[890]	:	Key	71	DOWN	at	2132063 
2136506	[4442]	:	time Target is 2136506
2141825	[5319]	:	time Target is 2141825
2147145	[5320]	:	time Target is 2147145
2147920	[775]	:	Key	71	DOWN	at	2147920 
2152480	[4560]	:	time Target is 2152480
2153106	[626]	:	Key	71	DOWN	at	2153106 
2157818	[4712]	:	time Target is 2157818
2163136	[5318]	:	time Target is 2163136
2164178	[1042]	:	Key	71	DOWN	at	2164178 
2168472	[4294]	:	time Target is 2168472
2173793	[5321]	:	time Target is 2173793
2179118	[5325]	:	time Target is 2179118
2180034	[916]	:	Key	71	DOWN	at	2180034 
2184460	[4426]	:	time Target is 2184460
2184960	[500]	:	Key	71	DOWN	at	2184960 
2189795	[4835]	:	time Target is 2189795
2190626	[831]	:	Key	71	DOWN	at	2190626 
2195131	[4505]	:	time Target is 2195131
2200451	[5320]	:	time Target is 2200451
2205775	[5324]	:	time Target is 2205775
2206436	[661]	:	Key	71	DOWN	at	2206435 
2210849	[4413]	:	Key	71	DOWN	at	2210657 
2213676	[2827]	:	time Target is 2213676
2214784	[1108]	:	Key	71	DOWN	at	2214784 
2219009	[4225]	:	time Target is 2219009
2220160	[1151]	:	Key	71	DOWN	at	2220160 
2224355	[4195]	:	time Target is 2224355
2225203	[848]	:	Key	71	DOWN	at	2225203 
2229688	[4485]	:	time Target is 2229688
2230895	[1207]	:	Key	71	DOWN	at	2230895 
2235038	[4143]	:	time Target is 2235038
2235538	[500]	:	Key	71	DOWN	at	2235537 
2240378	[4840]	:	time Target is 2240378
2251059	[10681]	:	Key	71	DOWN	at	2251059 
2251520	[461]	:	Key	71	UP	at	2251519 
2288656	[37136]	:	Key	28	DOWN	at	2288656 
2288769	[113]	:	Key	28	UP	at	2288768 
2297679	[8910]	:	Key	29	DOWN	at	2297679 
2297810	[131]	:	Key	29	UP	at	2297809 
2304836	[7026]	:	Key	29	DOWN	at	2304835 
2305124	[288]	:	Key	29	UP	at	2305124 
2310849	[5725]	:	Key	28	DOWN	at	2310849 
2310977	[128]	:	Key	28	UP	at	2310976 
2317076	[6099]	:	Key	28	DOWN	at	2317075 
2317199	[123]	:	Key	28	UP	at	2317199 
2321714	[4515]	:	Key	29	DOWN	at	2321714 
2321840	[126]	:	Key	29	UP	at	2321839 
2326287	[4447]	:	Key	28	DOWN	at	2326287 
2326497	[210]	:	Key	28	UP	at	2326497 
2330436	[3939]	:	Key	29	DOWN	at	2330435 
2330611	[175]	:	Key	29	UP	at	2330611 
2334543	[3932]	:	Key	28	DOWN	at	2334543 
2334721	[178]	:	Key	28	UP	at	2334720 
2336897	[2176]	:	Key	29	DOWN	at	2336897 
2337090	[193]	:	Key	29	UP	at	2337090 
2340675	[3585]	:	Key	28	DOWN	at	2340675 
2340851	[176]	:	Key	28	UP	at	2340850 
2342610	[1759]	:	Key	29	DOWN	at	2342610 
2342769	[159]	:	Key	29	UP	at	2342769 
2346224	[3455]	:	Key	28	DOWN	at	2346224 
2346371	[147]	:	Key	28	UP	at	2346371 
2348162	[1791]	:	Key	29	DOWN	at	2348162 
2348387	[225]	:	Key	29	UP	at	2348387 
2350194	[1807]	:	Key	29	DOWN	at	2350193 
2350386	[192]	:	Key	29	UP	at	2350385 
2352917	[2531]	:	Key	28	DOWN	at	2352916 
2352934	[17]	:	COGENT STOP
