Cog2000 log file Mon Sep 23 18:57:52 2019
gprim v1.33 Compiled:Aug 12 2015 (GLib DirectDraw v7 DX12.0 Compiled:Aug 12 2015)
Display:1024x768x32 59.99Hz
Attaching C:\Program Files\Cogent2000v1.33\Toolbox\CogInput.mexw64
CogInput v1.05 Compiled: May 20 2010
7	[7]	:	COGENT START
8151	[8144]	:	Key	71	DOWN	at	8147    
8223	[72]	:	Key	71	UP	at	8223    
28176	[19953]	:	Key	71	DOWN	at	28175   
28288	[112]	:	Key	71	UP	at	28287   
32530	[4242]	:	Key	71	DOWN	at	32526   
32607	[77]	:	Key	71	UP	at	32607   
44607	[12000]	:	Key	71	DOWN	at	44607   
44707	[100]	:	Key	71	UP	at	44706   
60672	[15965]	:	Key	71	DOWN	at	60670   
60753	[81]	:	Key	71	UP	at	60752   
79278	[18525]	:	Key	71	DOWN	at	79278   
80231	[953]	:	time Target is 80171
80574	[343]	:	Key	71	DOWN	at	80574   
86293	[5719]	:	time Target is 86292
87278	[985]	:	Key	71	DOWN	at	87278   
92395	[5117]	:	time Target is 92394
93267	[872]	:	Key	71	DOWN	at	93267   
98494	[5227]	:	time Target is 98493
99438	[944]	:	Key	71	DOWN	at	99438   
108224	[8786]	:	Key	71	DOWN	at	108222  
109291	[1067]	:	time Target is 109286
115623	[6332]	:	time Target is 115622
121946	[6323]	:	time Target is 121946
128280	[6334]	:	time Target is 128280
147999	[19719]	:	Key	71	DOWN	at	147998  
148174	[175]	:	Key	71	UP	at	148174  
152211	[4037]	:	Key	71	DOWN	at	152210  
152367	[156]	:	Key	71	UP	at	152367  
167521	[15154]	:	Key	71	DOWN	at	167520  
167645	[124]	:	Key	71	UP	at	167645  
177314	[9669]	:	Key	71	DOWN	at	177314  
177492	[178]	:	Key	71	UP	at	177491  
181521	[4029]	:	Key	71	DOWN	at	181520  
182344	[823]	:	Key	71	UP	at	181630  
182372	[28]	:	time Target is 182372
183155	[783]	:	Key	71	DOWN	at	183154  
187484	[4329]	:	time Target is 187484
192575	[5091]	:	time Target is 192575
193455	[880]	:	Key	71	DOWN	at	193455  
197675	[4220]	:	time Target is 197675
209773	[12098]	:	Key	71	DOWN	at	209773  
209921	[148]	:	Key	71	UP	at	209920  
212835	[2914]	:	Key	71	DOWN	at	212835  
213629	[794]	:	Key	71	UP	at	212975  
213648	[19]	:	time Target is 213647
214848	[1200]	:	Key	71	DOWN	at	214848  
218738	[3890]	:	time Target is 218738
223822	[5084]	:	time Target is 223821
228893	[5071]	:	time Target is 228893
240942	[12049]	:	Key	71	DOWN	at	240942  
241058	[116]	:	Key	71	UP	at	241057  
244898	[3840]	:	Key	71	DOWN	at	244897  
245693	[795]	:	Key	71	UP	at	245023  
245715	[22]	:	time Target is 245715
246239	[524]	:	Key	71	DOWN	at	246239  
250793	[4554]	:	time Target is 250792
255866	[5073]	:	time Target is 255866
256290	[424]	:	Key	71	DOWN	at	256290  
260954	[4664]	:	time Target is 260954
261567	[613]	:	Key	71	DOWN	at	261567  
265251	[3684]	:	Key	71	UP	at	261678  
272494	[7243]	:	Key	71	DOWN	at	272494  
272642	[148]	:	Key	71	UP	at	272642  
275058	[2416]	:	Key	71	DOWN	at	275058  
275853	[795]	:	Key	71	UP	at	275423  
275878	[25]	:	time Target is 275878
276448	[570]	:	Key	71	DOWN	at	276448  
280982	[4534]	:	time Target is 280982
286052	[5070]	:	time Target is 286052
291123	[5071]	:	time Target is 291123
302499	[11376]	:	Key	71	DOWN	at	302498  
302643	[144]	:	Key	71	UP	at	302642  
318750	[16107]	:	Key	71	DOWN	at	318750  
318926	[176]	:	Key	71	UP	at	318926  
333232	[14306]	:	Key	71	DOWN	at	333232  
333363	[131]	:	Key	71	UP	at	333362  
345858	[12495]	:	Key	71	DOWN	at	345858  
346003	[145]	:	Key	71	UP	at	346002  
352337	[6334]	:	Key	71	DOWN	at	352336  
354912	[2575]	:	time Target is 354912
355344	[432]	:	Key	71	DOWN	at	355343  
360254	[4910]	:	time Target is 360254
365581	[5327]	:	time Target is 365581
366353	[772]	:	Key	71	DOWN	at	366353  
370925	[4572]	:	time Target is 370925
371471	[546]	:	Key	71	DOWN	at	371471  
376277	[4806]	:	time Target is 376277
376977	[700]	:	Key	71	DOWN	at	376977  
381616	[4639]	:	time Target is 381616
386939	[5323]	:	time Target is 386939
392260	[5321]	:	time Target is 392260
392786	[526]	:	Key	71	DOWN	at	392785  
397605	[4819]	:	time Target is 397605
402926	[5321]	:	time Target is 402926
408261	[5335]	:	time Target is 408261
409058	[797]	:	Key	71	DOWN	at	409057  
413603	[4545]	:	time Target is 413603
418923	[5320]	:	time Target is 418923
424239	[5316]	:	time Target is 424239
424768	[529]	:	Key	71	DOWN	at	424767  
429575	[4807]	:	time Target is 429575
430098	[523]	:	Key	71	DOWN	at	430098  
434908	[4810]	:	time Target is 434908
440236	[5328]	:	time Target is 440236
441298	[1062]	:	Key	71	DOWN	at	441297  
445573	[4275]	:	time Target is 445573
450898	[5325]	:	time Target is 450898
456215	[5317]	:	time Target is 456215
457027	[812]	:	Key	71	DOWN	at	457026  
461564	[4537]	:	time Target is 461564
466888	[5324]	:	time Target is 466888
472211	[5323]	:	time Target is 472211
477534	[5323]	:	time Target is 477534
478144	[610]	:	Key	71	DOWN	at	478143  
482869	[4725]	:	time Target is 482869
488185	[5316]	:	time Target is 488185
493508	[5323]	:	time Target is 493508
498834	[5326]	:	time Target is 498834
504156	[5322]	:	time Target is 504156
509476	[5320]	:	time Target is 509476
510206	[730]	:	Key	71	DOWN	at	510206  
514813	[4607]	:	time Target is 514813
515645	[832]	:	Key	71	DOWN	at	515645  
520144	[4499]	:	time Target is 520144
525462	[5318]	:	time Target is 525462
530782	[5320]	:	time Target is 530782
531635	[853]	:	Key	71	DOWN	at	531634  
536114	[4479]	:	time Target is 536114
541427	[5313]	:	time Target is 541427
546750	[5323]	:	time Target is 546750
548002	[1252]	:	Key	71	DOWN	at	548001  
552126	[4124]	:	time Target is 552126
557444	[5318]	:	time Target is 557444
558689	[1245]	:	Key	71	DOWN	at	558688  
562795	[4106]	:	time Target is 562795
563984	[1189]	:	Key	71	DOWN	at	563984  
568130	[4146]	:	time Target is 568130
568591	[461]	:	Key	71	DOWN	at	568590  
573465	[4874]	:	time Target is 573465
578815	[5350]	:	time Target is 578815
584133	[5318]	:	time Target is 584133
589450	[5317]	:	time Target is 589450
594778	[5328]	:	time Target is 594778
595215	[437]	:	Key	71	DOWN	at	595214  
600118	[4903]	:	time Target is 600118
605441	[5323]	:	time Target is 605441
610769	[5328]	:	time Target is 610769
616097	[5328]	:	time Target is 616097
621415	[5318]	:	time Target is 621415
626736	[5321]	:	time Target is 626736
627087	[351]	:	Key	71	DOWN	at	627086  
632077	[4990]	:	time Target is 632077
637399	[5322]	:	time Target is 637399
642721	[5322]	:	time Target is 642721
648043	[5322]	:	time Target is 648043
648350	[307]	:	Key	71	DOWN	at	648350  
653374	[5024]	:	time Target is 653374
658695	[5321]	:	time Target is 658695
664024	[5329]	:	time Target is 664023
669345	[5321]	:	time Target is 669345
670415	[1070]	:	Key	71	DOWN	at	670415  
674688	[4273]	:	time Target is 674688
680008	[5320]	:	time Target is 680008
685335	[5327]	:	time Target is 685335
690653	[5318]	:	time Target is 690653
692034	[1381]	:	Key	71	DOWN	at	692034  
695993	[3959]	:	time Target is 695993
701314	[5321]	:	time Target is 701314
706635	[5321]	:	time Target is 706635
706990	[355]	:	Key	71	DOWN	at	706990  
711974	[4984]	:	time Target is 711974
717297	[5323]	:	time Target is 717297
722618	[5321]	:	time Target is 722618
722911	[293]	:	Key	71	DOWN	at	722911  
727946	[5035]	:	time Target is 727946
733267	[5321]	:	time Target is 733267
738584	[5317]	:	time Target is 738584
743904	[5320]	:	time Target is 743904
743920	[16]	:	Key	71	DOWN	at	743919  
749232	[5312]	:	time Target is 749232
754556	[5324]	:	time Target is 754556
754719	[163]	:	Key	71	DOWN	at	754719  
759890	[5171]	:	time Target is 759890
765239	[5349]	:	time Target is 765239
770560	[5321]	:	time Target is 770560
775912	[5352]	:	time Target is 775912
781279	[5367]	:	time Target is 781279
786597	[5318]	:	time Target is 786597
791987	[5390]	:	time Target is 791987
797306	[5319]	:	time Target is 797306
802628	[5322]	:	time Target is 802628
803106	[478]	:	Key	71	DOWN	at	803105  
807962	[4856]	:	time Target is 807962
813285	[5323]	:	time Target is 813285
818606	[5321]	:	time Target is 818606
823924	[5318]	:	time Target is 823924
829251	[5327]	:	time Target is 829251
835603	[6352]	:	Key	71	DOWN	at	835602  
836390	[787]	:	Key	71	UP	at	835681  
836659	[269]	:	time Target is 836659
842014	[5355]	:	time Target is 842014
847338	[5324]	:	time Target is 847338
848033	[695]	:	Key	71	DOWN	at	848033  
852686	[4653]	:	time Target is 852686
858006	[5320]	:	time Target is 858006
863324	[5318]	:	time Target is 863324
868651	[5327]	:	time Target is 868651
873973	[5322]	:	time Target is 873973
879307	[5334]	:	time Target is 879307
880080	[773]	:	Key	71	DOWN	at	880080  
884650	[4570]	:	time Target is 884650
884942	[292]	:	Key	71	DOWN	at	884942  
889993	[5051]	:	time Target is 889993
890915	[922]	:	Key	71	DOWN	at	890915  
895331	[4416]	:	time Target is 895331
900655	[5324]	:	time Target is 900655
902094	[1439]	:	Key	71	DOWN	at	902093  
905995	[3901]	:	time Target is 905995
906899	[904]	:	Key	71	DOWN	at	906898  
911346	[4447]	:	time Target is 911346
916665	[5319]	:	time Target is 916665
921986	[5321]	:	time Target is 921986
927309	[5323]	:	time Target is 927309
932631	[5322]	:	time Target is 932631
937951	[5320]	:	time Target is 937951
943267	[5316]	:	time Target is 943267
948594	[5327]	:	time Target is 948594
953915	[5321]	:	time Target is 953915
959236	[5321]	:	time Target is 959236
964563	[5327]	:	time Target is 964563
969885	[5322]	:	time Target is 969885
975208	[5323]	:	time Target is 975208
980518	[5310]	:	Key	71	DOWN	at	980510  
983337	[2819]	:	time Target is 983337
988656	[5319]	:	time Target is 988656
988995	[339]	:	Key	71	DOWN	at	988994  
993993	[4998]	:	time Target is 993993
999314	[5321]	:	time Target is 999314
999746	[432]	:	Key	71	DOWN	at	999746  
1004639	[4893]	:	time Target is 1004639
1009962	[5323]	:	time Target is 1009962
1015284	[5322]	:	time Target is 1015284
1020600	[5316]	:	time Target is 1020600
1025923	[5323]	:	time Target is 1025923
1031262	[5339]	:	time Target is 1031262
1031792	[530]	:	Key	71	DOWN	at	1031792 
1036598	[4806]	:	time Target is 1036598
1037282	[684]	:	Key	71	DOWN	at	1037281 
1041938	[4656]	:	time Target is 1041938
1043075	[1137]	:	Key	71	DOWN	at	1043073 
1047275	[4200]	:	time Target is 1047275
1047650	[375]	:	Key	71	DOWN	at	1047650 
1052604	[4954]	:	time Target is 1052604
1052978	[374]	:	Key	71	DOWN	at	1052977 
1057949	[4971]	:	time Target is 1057949
1058258	[309]	:	Key	71	DOWN	at	1058257 
1063289	[5031]	:	time Target is 1063289
1068656	[5367]	:	time Target is 1068656
1073984	[5328]	:	time Target is 1073984
1075248	[1264]	:	Key	71	DOWN	at	1075247 
1079320	[4072]	:	time Target is 1079320
1079377	[57]	:	Key	71	DOWN	at	1079376 
1084657	[5280]	:	time Target is 1084657
1089979	[5322]	:	time Target is 1089979
1090467	[488]	:	Key	71	DOWN	at	1090466 
1095317	[4850]	:	time Target is 1095317
1096643	[1326]	:	Key	71	DOWN	at	1096642 
1100655	[4012]	:	time Target is 1100655
1105977	[5322]	:	time Target is 1105977
1106307	[330]	:	Key	71	DOWN	at	1106306 
1111312	[5005]	:	time Target is 1111312
1111793	[481]	:	Key	71	DOWN	at	1111793 
1116642	[4849]	:	time Target is 1116642
1121963	[5321]	:	time Target is 1121963
1127323	[5360]	:	time Target is 1127323
1127954	[631]	:	Key	71	DOWN	at	1127953 
1132655	[4701]	:	time Target is 1132655
1137976	[5321]	:	time Target is 1137976
1138466	[490]	:	Key	71	DOWN	at	1138465 
1143320	[4854]	:	time Target is 1143320
1143650	[330]	:	Key	71	DOWN	at	1143650 
1148660	[5010]	:	time Target is 1148660
1153981	[5321]	:	time Target is 1153981
1154704	[723]	:	Key	71	DOWN	at	1154703 
1159319	[4615]	:	time Target is 1159319
1164662	[5343]	:	time Target is 1164662
1169979	[5317]	:	time Target is 1169979
1175299	[5320]	:	time Target is 1175299
1175793	[494]	:	Key	71	DOWN	at	1175792 
1180628	[4835]	:	time Target is 1180628
1181041	[413]	:	Key	71	DOWN	at	1181041 
1185958	[4917]	:	time Target is 1185958
1191275	[5317]	:	time Target is 1191275
1191855	[580]	:	Key	71	DOWN	at	1191853 
1196648	[4793]	:	time Target is 1196648
1201963	[5315]	:	time Target is 1201963
1207292	[5329]	:	time Target is 1207292
1207874	[582]	:	Key	71	DOWN	at	1207874 
1212648	[4774]	:	time Target is 1212648
1213745	[1097]	:	Key	71	DOWN	at	1213745 
1217986	[4241]	:	time Target is 1217986
1218287	[301]	:	Key	71	DOWN	at	1218286 
1223340	[5053]	:	time Target is 1223340
1224723	[1383]	:	Key	71	DOWN	at	1224723 
1228675	[3952]	:	time Target is 1228675
1233995	[5320]	:	time Target is 1233995
1239312	[5317]	:	time Target is 1239312
1244667	[5355]	:	time Target is 1244667
1245329	[662]	:	Key	71	DOWN	at	1245328 
1250004	[4675]	:	time Target is 1250004
1255327	[5323]	:	time Target is 1255327
1260648	[5321]	:	time Target is 1260648
1265969	[5321]	:	time Target is 1265969
1267315	[1346]	:	Key	71	DOWN	at	1267314 
1271299	[3984]	:	time Target is 1271299
1276629	[5330]	:	time Target is 1276629
1276847	[218]	:	Key	71	DOWN	at	1276847 
1281962	[5115]	:	time Target is 1281962
1287285	[5323]	:	time Target is 1287285
1288690	[1405]	:	Key	71	DOWN	at	1288690 
1292616	[3926]	:	time Target is 1292616
1297939	[5323]	:	time Target is 1297939
1298270	[331]	:	Key	71	DOWN	at	1298270 
1303275	[5005]	:	time Target is 1303275
1308597	[5322]	:	time Target is 1308597
1316515	[7918]	:	Key	71	DOWN	at	1316515 
1316688	[173]	:	Key	71	UP	at	1316688 
1321650	[4962]	:	Key	71	DOWN	at	1321650 
1322438	[788]	:	Key	71	UP	at	1321791 
1322707	[269]	:	time Target is 1322707
1328026	[5319]	:	time Target is 1328026
1329345	[1319]	:	Key	71	DOWN	at	1329344 
1333396	[4051]	:	time Target is 1333396
1334019	[623]	:	Key	71	DOWN	at	1334019 
1338742	[4723]	:	time Target is 1338742
1339231	[489]	:	Key	71	DOWN	at	1339230 
1344104	[4873]	:	time Target is 1344104
1349426	[5322]	:	time Target is 1349426
1350866	[1440]	:	Key	71	DOWN	at	1350866 
1354813	[3947]	:	time Target is 1354813
1355939	[1126]	:	Key	71	DOWN	at	1355939 
1360149	[4210]	:	time Target is 1360149
1360369	[220]	:	Key	71	DOWN	at	1360369 
1365486	[5117]	:	time Target is 1365486
1370808	[5322]	:	time Target is 1370808
1376130	[5322]	:	time Target is 1376130
1381446	[5316]	:	time Target is 1381446
1381504	[58]	:	Key	71	DOWN	at	1381503 
1386782	[5278]	:	time Target is 1386782
1392104	[5322]	:	time Target is 1392104
1392962	[858]	:	Key	71	DOWN	at	1392962 
1397434	[4472]	:	Key	71	DOWN	at	1397361 
1400246	[2812]	:	time Target is 1400246
1405565	[5319]	:	time Target is 1405565
1406207	[642]	:	Key	71	DOWN	at	1406207 
1410901	[4694]	:	time Target is 1410901
1411347	[446]	:	Key	71	DOWN	at	1411346 
1416239	[4892]	:	time Target is 1416239
1416607	[368]	:	Key	71	DOWN	at	1416606 
1421579	[4972]	:	time Target is 1421579
1421743	[164]	:	Key	71	DOWN	at	1421743 
1426917	[5174]	:	time Target is 1426917
1432242	[5325]	:	time Target is 1432242
1432594	[352]	:	Key	71	DOWN	at	1432593 
1437590	[4996]	:	time Target is 1437590
1442912	[5322]	:	time Target is 1442912
1443218	[306]	:	Key	71	DOWN	at	1443217 
1448254	[5036]	:	time Target is 1448254
1453577	[5323]	:	time Target is 1453577
1458905	[5328]	:	time Target is 1458905
1459358	[453]	:	Key	71	DOWN	at	1459358 
1464241	[4883]	:	time Target is 1464241
1465455	[1214]	:	Key	71	DOWN	at	1465454 
1469571	[4116]	:	time Target is 1469571
1469891	[320]	:	Key	71	DOWN	at	1469890 
1474906	[5015]	:	time Target is 1474906
1475427	[521]	:	Key	71	DOWN	at	1475426 
1480241	[4814]	:	time Target is 1480241
1485567	[5326]	:	time Target is 1485567
1490894	[5327]	:	time Target is 1490894
1491249	[355]	:	Key	71	DOWN	at	1491249 
1496258	[5009]	:	time Target is 1496258
1497553	[1295]	:	Key	71	DOWN	at	1497552 
1501593	[4040]	:	time Target is 1501593
1506909	[5316]	:	time Target is 1506909
1507278	[369]	:	Key	71	DOWN	at	1507278 
1512247	[4969]	:	time Target is 1512247
1512591	[344]	:	Key	71	DOWN	at	1512590 
1517589	[4998]	:	time Target is 1517589
1522917	[5328]	:	time Target is 1522917
1523392	[475]	:	Key	71	DOWN	at	1523391 
1528261	[4869]	:	time Target is 1528261
1529214	[953]	:	Key	71	DOWN	at	1529214 
1533598	[4384]	:	time Target is 1533598
1534034	[436]	:	Key	71	DOWN	at	1534033 
1538938	[4904]	:	time Target is 1538938
1539458	[520]	:	Key	71	DOWN	at	1539457 
1544270	[4812]	:	time Target is 1544270
1545376	[1106]	:	Key	71	DOWN	at	1545376 
1549601	[4225]	:	time Target is 1549601
1549986	[385]	:	Key	71	DOWN	at	1549986 
1554932	[4946]	:	time Target is 1554932
1555299	[367]	:	Key	71	DOWN	at	1555299 
1560273	[4974]	:	time Target is 1560273
1560609	[336]	:	Key	71	DOWN	at	1560608 
1565616	[5007]	:	time Target is 1565616
1566706	[1090]	:	Key	71	DOWN	at	1566705 
1570986	[4280]	:	time Target is 1570986
1572050	[1064]	:	Key	71	DOWN	at	1572050 
1576328	[4278]	:	time Target is 1576328
1576656	[328]	:	Key	71	DOWN	at	1576655 
1581663	[5007]	:	time Target is 1581663
1586978	[5315]	:	time Target is 1586978
1592309	[5331]	:	time Target is 1592309
1597630	[5321]	:	time Target is 1597630
1597953	[323]	:	Key	71	DOWN	at	1597953 
1602962	[5009]	:	time Target is 1602962
1603538	[576]	:	Key	71	DOWN	at	1603537 
1608297	[4759]	:	time Target is 1608297
1608625	[328]	:	Key	71	DOWN	at	1608625 
1613631	[5006]	:	time Target is 1613631
1613919	[288]	:	Key	71	DOWN	at	1613919 
1618968	[5049]	:	time Target is 1618968
1620385	[1417]	:	Key	71	DOWN	at	1620385 
1624308	[3923]	:	time Target is 1624308
1624642	[334]	:	Key	71	DOWN	at	1624642 
1629651	[5009]	:	time Target is 1629651
1630033	[382]	:	Key	71	DOWN	at	1630033 
1634988	[4955]	:	time Target is 1634988
1640306	[5318]	:	time Target is 1640306
1640672	[366]	:	Key	71	DOWN	at	1640671 
1645647	[4975]	:	time Target is 1645647
1645777	[130]	:	Key	71	DOWN	at	1645776 
1650985	[5208]	:	time Target is 1650985
1651313	[328]	:	Key	71	DOWN	at	1651313 
1656317	[5004]	:	time Target is 1656317
1661643	[5326]	:	time Target is 1661643
1662000	[357]	:	Key	71	DOWN	at	1662000 
1666983	[4983]	:	time Target is 1666983
1672316	[5333]	:	time Target is 1672316
1672910	[594]	:	Key	71	DOWN	at	1672910 
1677686	[4776]	:	time Target is 1677686
1678542	[856]	:	Key	71	DOWN	at	1678542 
1683025	[4483]	:	time Target is 1683025
1683361	[336]	:	Key	71	DOWN	at	1683361 
1688357	[4996]	:	time Target is 1688357
1688660	[303]	:	Key	71	DOWN	at	1688659 
1693694	[5034]	:	time Target is 1693694
1694096	[402]	:	Key	71	DOWN	at	1694096 
1699032	[4936]	:	time Target is 1699032
1700208	[1176]	:	Key	71	DOWN	at	1700207 
1704368	[4160]	:	time Target is 1704368
1709699	[5331]	:	time Target is 1709699
1710657	[958]	:	Key	71	DOWN	at	1710656 
1715040	[4383]	:	time Target is 1715040
1720368	[5328]	:	time Target is 1720368
1725729	[5361]	:	time Target is 1725729
1731056	[5327]	:	time Target is 1731056
1731390	[334]	:	Key	71	DOWN	at	1731390 
1736390	[5000]	:	time Target is 1736390
1736753	[363]	:	Key	71	DOWN	at	1736753 
1741730	[4977]	:	time Target is 1741730
1742558	[828]	:	Key	71	DOWN	at	1742558 
1747074	[4516]	:	time Target is 1747074
1752400	[5326]	:	time Target is 1752400
1757726	[5326]	:	time Target is 1757726
1758046	[320]	:	Key	71	DOWN	at	1758046 
1763064	[5018]	:	time Target is 1763064
1763411	[347]	:	Key	71	DOWN	at	1763410 
1768412	[5001]	:	time Target is 1768412
1773736	[5324]	:	time Target is 1773736
1774047	[311]	:	Key	71	DOWN	at	1774047 
1779074	[5027]	:	time Target is 1779074
1784391	[5317]	:	time Target is 1784391
1785218	[827]	:	Key	71	DOWN	at	1785217 
1789746	[4528]	:	time Target is 1789746
1795070	[5324]	:	time Target is 1795070
1795407	[337]	:	Key	71	DOWN	at	1795407 
1799373	[3966]	:	Key	71	UP	at	1795555 
1804112	[4739]	:	Key	71	DOWN	at	1804112 
1804903	[791]	:	Key	71	UP	at	1804258 
1805171	[268]	:	time Target is 1805171
1805551	[380]	:	Key	71	DOWN	at	1805551 
1810507	[4956]	:	time Target is 1810507
1811678	[1171]	:	Key	71	DOWN	at	1811678 
1815853	[4175]	:	time Target is 1815853
1821174	[5321]	:	time Target is 1821174
1826496	[5322]	:	time Target is 1826496
1826978	[482]	:	Key	71	DOWN	at	1826978 
1831845	[4867]	:	time Target is 1831845
1837169	[5324]	:	time Target is 1837169
1837600	[431]	:	Key	71	DOWN	at	1837600 
1842502	[4902]	:	time Target is 1842502
1842900	[398]	:	Key	71	DOWN	at	1842899 
1847839	[4939]	:	time Target is 1847839
1848355	[516]	:	Key	71	DOWN	at	1848354 
1853213	[4858]	:	time Target is 1853213
1853427	[214]	:	Key	71	DOWN	at	1853427 
1858539	[5112]	:	time Target is 1858539
1863868	[5329]	:	time Target is 1863868
1864223	[355]	:	Key	71	DOWN	at	1864222 
1869200	[4977]	:	time Target is 1869200
1874519	[5319]	:	time Target is 1874519
1879850	[5331]	:	time Target is 1879850
1880194	[344]	:	Key	71	DOWN	at	1880194 
1885188	[4994]	:	time Target is 1885188
1885491	[303]	:	Key	71	DOWN	at	1885491 
1890527	[5036]	:	time Target is 1890527
1895853	[5326]	:	time Target is 1895853
1896415	[562]	:	Key	71	DOWN	at	1896415 
1901192	[4777]	:	time Target is 1901192
1906512	[5320]	:	time Target is 1906512
1911848	[5336]	:	time Target is 1911848
1917165	[5317]	:	time Target is 1917165
1922484	[5319]	:	time Target is 1922484
1927806	[5322]	:	time Target is 1927806
1928095	[289]	:	Key	71	DOWN	at	1928095 
1933140	[5045]	:	time Target is 1933140
1933551	[411]	:	Key	71	UP	at	1933550 
1938458	[4907]	:	time Target is 1938458
1943777	[5319]	:	time Target is 1943777
1949101	[5324]	:	time Target is 1949101
1954449	[5348]	:	time Target is 1954449
1954879	[430]	:	Key	71	DOWN	at	1954879 
1959782	[4903]	:	time Target is 1959782
1960062	[280]	:	Key	71	DOWN	at	1960062 
1965128	[5066]	:	time Target is 1965128
1965392	[264]	:	Key	71	DOWN	at	1965392 
1970464	[5072]	:	time Target is 1970464
1970848	[384]	:	Key	71	DOWN	at	1970848 
1975795	[4947]	:	time Target is 1975795
1981171	[5376]	:	time Target is 1981171
1981807	[636]	:	Key	71	DOWN	at	1981807 
1986508	[4701]	:	time Target is 1986508
1991827	[5319]	:	time Target is 1991827
1992030	[203]	:	Key	71	DOWN	at	1992030 
1997174	[5144]	:	time Target is 1997174
1997713	[539]	:	Key	71	DOWN	at	1997713 
2002512	[4799]	:	time Target is 2002512
2002979	[467]	:	Key	71	DOWN	at	2002979 
2007865	[4886]	:	time Target is 2007865
2008163	[298]	:	Key	71	DOWN	at	2008162 
2013231	[5068]	:	time Target is 2013231
2018576	[5345]	:	time Target is 2018576
2018801	[225]	:	Key	71	DOWN	at	2018801 
2023914	[5113]	:	time Target is 2023914
2029235	[5321]	:	time Target is 2029235
2030432	[1197]	:	Key	71	DOWN	at	2030431 
2034575	[4143]	:	time Target is 2034575
2039896	[5321]	:	time Target is 2039896
2041296	[1400]	:	Key	71	DOWN	at	2041296 
2045231	[3935]	:	time Target is 2045231
2045567	[336]	:	Key	71	DOWN	at	2045567 
2050574	[5007]	:	time Target is 2050574
2055909	[5335]	:	time Target is 2055909
2056596	[687]	:	Key	71	DOWN	at	2056594 
2061244	[4648]	:	time Target is 2061244
2061902	[658]	:	Key	71	DOWN	at	2061902 
2066578	[4676]	:	time Target is 2066578
2071900	[5322]	:	time Target is 2071900
2077222	[5322]	:	time Target is 2077222
2082542	[5320]	:	time Target is 2082542
2087870	[5328]	:	time Target is 2087870
2093199	[5329]	:	time Target is 2093199
2093295	[96]	:	Key	71	DOWN	at	2093293 
2098539	[5244]	:	time Target is 2098539
2098800	[261]	:	Key	71	DOWN	at	2098799 
2103879	[5079]	:	time Target is 2103879
2104224	[345]	:	Key	71	DOWN	at	2104223 
2109215	[4991]	:	time Target is 2109215
2109678	[463]	:	Key	71	DOWN	at	2109678 
2114555	[4877]	:	time Target is 2114555
2114962	[407]	:	Key	71	DOWN	at	2114961 
2119897	[4935]	:	time Target is 2119897
2120416	[519]	:	Key	71	DOWN	at	2120415 
2125214	[4798]	:	Key	71	DOWN	at	2124977 
2125215	[1]	:	Key	71	UP	at	2125106 
2128032	[2817]	:	time Target is 2128032
2133353	[5321]	:	time Target is 2133353
2133762	[409]	:	Key	71	DOWN	at	2133762 
2138689	[4927]	:	time Target is 2138689
2144011	[5322]	:	time Target is 2144011
2144817	[806]	:	Key	71	DOWN	at	2144816 
2149355	[4538]	:	time Target is 2149355
2154685	[5330]	:	time Target is 2154685
2160009	[5324]	:	time Target is 2160009
2165320	[5311]	:	time Target is 2165320
2170646	[5326]	:	time Target is 2170646
2171153	[507]	:	Key	71	DOWN	at	2171153 
2175984	[4831]	:	time Target is 2175984
2181309	[5325]	:	time Target is 2181309
2181471	[162]	:	Key	71	DOWN	at	2181471 
2186656	[5185]	:	time Target is 2186656
2187027	[371]	:	Key	71	DOWN	at	2187027 
2191994	[4967]	:	time Target is 2191994
2192322	[328]	:	Key	71	DOWN	at	2192321 
2197334	[5012]	:	time Target is 2197334
2202655	[5321]	:	time Target is 2202655
2202978	[323]	:	Key	71	DOWN	at	2202978 
2207989	[5011]	:	time Target is 2207989
2213312	[5323]	:	time Target is 2213312
2213716	[404]	:	Key	71	DOWN	at	2213715 
2218649	[4933]	:	time Target is 2218649
2223974	[5325]	:	time Target is 2223974
2224434	[460]	:	Key	71	DOWN	at	2224434 
2229311	[4877]	:	time Target is 2229311
2229919	[608]	:	Key	71	DOWN	at	2229918 
2234649	[4730]	:	time Target is 2234649
2235215	[566]	:	Key	71	DOWN	at	2235215 
2239998	[4783]	:	time Target is 2239998
2245318	[5320]	:	time Target is 2245318
2250637	[5319]	:	time Target is 2250637
2251680	[1043]	:	Key	71	DOWN	at	2251679 
2255974	[4294]	:	time Target is 2255974
2261293	[5319]	:	time Target is 2261293
2261635	[342]	:	Key	71	DOWN	at	2261634 
2266629	[4994]	:	time Target is 2266629
2271951	[5322]	:	time Target is 2271951
2277309	[5358]	:	time Target is 2277309
2290959	[13650]	:	Key	71	DOWN	at	2290959 
2291104	[145]	:	Key	71	UP	at	2291103 
2305395	[14291]	:	Key	29	DOWN	at	2305395 
2305587	[192]	:	Key	29	UP	at	2305587 
2312192	[6605]	:	Key	29	DOWN	at	2312191 
2312353	[161]	:	Key	29	UP	at	2312352 
2314514	[2161]	:	Key	29	DOWN	at	2314513 
2314707	[193]	:	Key	29	UP	at	2314707 
2315378	[671]	:	Key	28	DOWN	at	2315377 
2315487	[109]	:	Key	28	UP	at	2315486 
2320703	[5216]	:	Key	29	DOWN	at	2320703 
2320866	[163]	:	Key	29	UP	at	2320865 
2321216	[350]	:	Key	29	DOWN	at	2321216 
2321375	[159]	:	Key	29	UP	at	2321374 
2334752	[13377]	:	Key	28	DOWN	at	2334752 
2334944	[192]	:	Key	28	UP	at	2334944 
2338401	[3457]	:	Key	29	DOWN	at	2338401 
2338577	[176]	:	Key	29	UP	at	2338577 
2341264	[2687]	:	Key	28	DOWN	at	2341264 
2341376	[112]	:	Key	28	UP	at	2341376 
2343604	[2228]	:	Key	28	DOWN	at	2343603 
2343764	[160]	:	Key	28	UP	at	2343763 
2346784	[3020]	:	Key	28	DOWN	at	2346784 
2346931	[147]	:	Key	28	UP	at	2346930 
2347582	[651]	:	Key	28	DOWN	at	2347582 
2347728	[146]	:	Key	28	UP	at	2347728 
2348942	[1214]	:	Key	28	DOWN	at	2348942 
2349071	[129]	:	Key	28	UP	at	2349070 
2349731	[660]	:	Key	28	DOWN	at	2349731 
2349854	[123]	:	Key	28	UP	at	2349854 
2353488	[3634]	:	Key	29	DOWN	at	2353488 
2353615	[127]	:	Key	29	UP	at	2353614 
2354210	[595]	:	Key	29	DOWN	at	2354210 
2354309	[99]	:	COGENT STOP
