Cog2000 log file Fri Aug 16 12:09:29 2019
gprim v1.33 Compiled:Aug 12 2015 (GLib DirectDraw v7 DX12.0 Compiled:Aug 12 2015)
Display:1024x768x32 59.95Hz
Attaching C:\Program Files\Cogent2000v1.33\Toolbox\CogInput.mexw64
CogInput v1.05 Compiled: May 20 2010
7	[7]	:	COGENT START
8000	[7993]	:	Key	71	DOWN	at	7996    
8090	[90]	:	Key	71	UP	at	8090    
26954	[18864]	:	Key	71	DOWN	at	26954   
27035	[81]	:	Key	71	UP	at	27035   
31153	[4118]	:	Key	71	DOWN	at	31148   
31229	[76]	:	Key	71	UP	at	31229   
41771	[10542]	:	Key	71	DOWN	at	41771   
41870	[99]	:	Key	71	UP	at	41870   
56987	[15117]	:	Key	71	DOWN	at	56987   
57049	[62]	:	Key	71	UP	at	57048   
87647	[30598]	:	Key	71	DOWN	at	87646   
88646	[999]	:	time Target is 88613
89196	[550]	:	Key	71	DOWN	at	89196   
94737	[5541]	:	time Target is 94736
95358	[621]	:	Key	71	DOWN	at	95358   
100836	[5478]	:	time Target is 100835
101357	[521]	:	Key	71	DOWN	at	101356  
106943	[5586]	:	time Target is 106942
107533	[590]	:	Key	71	DOWN	at	107533  
115915	[8382]	:	Key	71	DOWN	at	115914  
116985	[1070]	:	time Target is 116978
123318	[6333]	:	time Target is 123317
129640	[6322]	:	time Target is 129640
135962	[6322]	:	time Target is 135962
155035	[19073]	:	Key	71	DOWN	at	155035  
155163	[128]	:	Key	71	UP	at	155162  
159481	[4318]	:	Key	71	DOWN	at	159481  
159544	[63]	:	Key	71	UP	at	159544  
164077	[4533]	:	Key	71	DOWN	at	164077  
164154	[77]	:	Key	71	UP	at	164153  
172526	[8372]	:	Key	71	DOWN	at	172525  
172637	[111]	:	Key	71	UP	at	172637  
177274	[4637]	:	Key	71	DOWN	at	177274  
178101	[827]	:	Key	71	UP	at	177339  
178125	[24]	:	time Target is 178124
178569	[444]	:	Key	71	DOWN	at	178569  
183229	[4660]	:	time Target is 183229
188316	[5087]	:	time Target is 188315
188670	[354]	:	Key	71	DOWN	at	188670  
193420	[4750]	:	time Target is 193419
193691	[271]	:	Key	71	DOWN	at	193691  
197729	[4038]	:	Key	71	UP	at	193832  
205947	[8218]	:	Key	71	DOWN	at	205946  
206078	[131]	:	Key	71	UP	at	206078  
210555	[4477]	:	Key	71	DOWN	at	210555  
211348	[793]	:	Key	71	UP	at	210621  
211378	[30]	:	time Target is 211377
211885	[507]	:	Key	71	DOWN	at	211885  
216476	[4591]	:	time Target is 216476
221558	[5082]	:	time Target is 221557
226640	[5082]	:	time Target is 226640
238637	[11997]	:	Key	71	DOWN	at	238637  
238718	[81]	:	Key	71	UP	at	238717  
242235	[3517]	:	Key	71	DOWN	at	242234  
243014	[779]	:	Key	71	UP	at	242312  
243035	[21]	:	time Target is 243035
243500	[465]	:	Key	71	DOWN	at	243499  
248123	[4623]	:	time Target is 248123
253199	[5076]	:	time Target is 253198
253660	[461]	:	Key	71	DOWN	at	253660  
258286	[4626]	:	time Target is 258286
258697	[411]	:	Key	71	DOWN	at	258697  
262587	[3890]	:	Key	71	UP	at	258796  
269853	[7266]	:	Key	71	DOWN	at	269852  
269945	[92]	:	Key	71	UP	at	269945  
273337	[3392]	:	Key	71	DOWN	at	273337  
274119	[782]	:	Key	71	UP	at	273434  
274141	[22]	:	time Target is 274141
274586	[445]	:	Key	71	DOWN	at	274585  
279235	[4649]	:	time Target is 279235
284306	[5071]	:	time Target is 284305
289377	[5071]	:	time Target is 289377
301869	[12492]	:	Key	71	DOWN	at	301869  
301964	[95]	:	Key	71	UP	at	301963  
319067	[17103]	:	Key	71	DOWN	at	319065  
319178	[111]	:	Key	71	UP	at	319177  
334267	[15089]	:	Key	71	DOWN	at	334266  
334349	[82]	:	Key	71	UP	at	334348  
345803	[11454]	:	Key	71	DOWN	at	345803  
345885	[82]	:	Key	71	UP	at	345885  
354572	[8687]	:	Key	71	DOWN	at	354572  
357148	[2576]	:	time Target is 357147
357484	[336]	:	Key	71	DOWN	at	357483  
362490	[5006]	:	time Target is 362490
362872	[382]	:	Key	71	DOWN	at	362872  
367836	[4964]	:	time Target is 367836
368393	[557]	:	Key	71	DOWN	at	368393  
373171	[4778]	:	time Target is 373171
378507	[5336]	:	time Target is 378506
383838	[5331]	:	time Target is 383838
384139	[301]	:	Key	71	DOWN	at	384139  
389172	[5033]	:	time Target is 389172
389674	[502]	:	Key	71	DOWN	at	389674  
394512	[4838]	:	time Target is 394512
394764	[252]	:	Key	71	DOWN	at	394763  
399856	[5092]	:	time Target is 399856
405176	[5320]	:	time Target is 405176
405533	[357]	:	Key	71	DOWN	at	405533  
410518	[4985]	:	time Target is 410518
415842	[5324]	:	time Target is 415842
416507	[665]	:	Key	71	DOWN	at	416506  
421177	[4670]	:	time Target is 421177
421532	[355]	:	Key	71	DOWN	at	421531  
426519	[4987]	:	time Target is 426519
431840	[5321]	:	time Target is 431840
432141	[301]	:	Key	71	DOWN	at	432140  
437178	[5037]	:	time Target is 437178
437646	[468]	:	Key	71	DOWN	at	437646  
442519	[4873]	:	time Target is 442519
447841	[5322]	:	time Target is 447841
453165	[5324]	:	time Target is 453165
453273	[108]	:	Key	71	DOWN	at	453273  
458504	[5231]	:	time Target is 458504
463822	[5318]	:	time Target is 463822
469142	[5320]	:	time Target is 469142
474466	[5324]	:	time Target is 474466
474826	[360]	:	Key	71	DOWN	at	474825  
479802	[4976]	:	time Target is 479802
479980	[178]	:	Key	71	DOWN	at	479980  
485146	[5166]	:	time Target is 485146
490468	[5322]	:	time Target is 490468
491100	[632]	:	Key	71	DOWN	at	491100  
495804	[4704]	:	time Target is 495804
496172	[368]	:	Key	71	DOWN	at	496172  
501139	[4967]	:	time Target is 501139
506458	[5319]	:	time Target is 506458
506506	[48]	:	Key	71	DOWN	at	506505  
511795	[5289]	:	time Target is 511795
513053	[1258]	:	Key	71	DOWN	at	513053  
517130	[4077]	:	time Target is 517130
522445	[5315]	:	time Target is 522445
522940	[495]	:	Key	71	DOWN	at	522938  
527787	[4847]	:	time Target is 527787
527996	[209]	:	Key	71	DOWN	at	527996  
533128	[5132]	:	time Target is 533128
533258	[130]	:	Key	71	DOWN	at	533258  
538460	[5202]	:	time Target is 538460
543786	[5326]	:	time Target is 543786
543947	[161]	:	Key	71	DOWN	at	543947  
549125	[5178]	:	time Target is 549125
554440	[5315]	:	time Target is 554440
559764	[5324]	:	time Target is 559764
565083	[5319]	:	time Target is 565083
565323	[240]	:	Key	71	DOWN	at	565322  
570434	[5111]	:	time Target is 570434
575753	[5319]	:	time Target is 575753
581074	[5321]	:	time Target is 581074
581740	[666]	:	Key	71	DOWN	at	581739  
586408	[4668]	:	time Target is 586408
586684	[276]	:	Key	71	DOWN	at	586684  
591849	[5165]	:	time Target is 591848
597166	[5317]	:	time Target is 597166
597387	[221]	:	Key	71	DOWN	at	597386  
602505	[5118]	:	time Target is 602505
607849	[5344]	:	time Target is 607849
613163	[5314]	:	time Target is 613163
618482	[5319]	:	time Target is 618482
619545	[1063]	:	Key	71	DOWN	at	619545  
623816	[4271]	:	time Target is 623816
629136	[5320]	:	time Target is 629136
634456	[5320]	:	time Target is 634456
634811	[355]	:	Key	71	DOWN	at	634811  
639788	[4977]	:	time Target is 639788
641064	[1276]	:	Key	71	DOWN	at	641064  
645128	[4064]	:	time Target is 645128
646411	[1283]	:	Key	71	DOWN	at	646411  
650462	[4051]	:	time Target is 650462
650890	[428]	:	Key	71	DOWN	at	650890  
655799	[4909]	:	time Target is 655799
656874	[1075]	:	Key	71	DOWN	at	656873  
661135	[4261]	:	time Target is 661135
666454	[5319]	:	time Target is 666454
671777	[5323]	:	time Target is 671777
677101	[5324]	:	time Target is 677101
677579	[478]	:	Key	71	DOWN	at	677579  
682436	[4857]	:	time Target is 682436
682571	[135]	:	Key	71	DOWN	at	682570  
687771	[5200]	:	time Target is 687771
693093	[5322]	:	time Target is 693093
693372	[279]	:	Key	71	DOWN	at	693372  
698436	[5064]	:	time Target is 698436
703492	[5056]	:	Key	71	DOWN	at	703353  
706315	[2823]	:	time Target is 706315
706505	[190]	:	Key	71	DOWN	at	706505  
711651	[5146]	:	time Target is 711651
716975	[5324]	:	time Target is 716975
717260	[285]	:	Key	71	DOWN	at	717259  
722311	[5051]	:	time Target is 722311
722890	[579]	:	Key	71	DOWN	at	722889  
727649	[4759]	:	time Target is 727649
728297	[648]	:	Key	71	DOWN	at	728297  
732980	[4683]	:	time Target is 732980
738303	[5323]	:	time Target is 738303
743625	[5322]	:	time Target is 743625
748948	[5323]	:	time Target is 748948
749305	[357]	:	Key	71	DOWN	at	749304  
754301	[4996]	:	time Target is 754301
754717	[416]	:	Key	71	DOWN	at	754717  
759376	[4659]	:	Key	71	DOWN	at	759068  
759376	[0]	:	Key	71	UP	at	759257  
762189	[2813]	:	time Target is 762189
762491	[302]	:	Key	71	DOWN	at	762491  
767526	[5035]	:	time Target is 767526
769002	[1476]	:	Key	71	DOWN	at	769001  
772866	[3864]	:	time Target is 772866
778188	[5322]	:	time Target is 778188
778474	[286]	:	Key	71	DOWN	at	778474  
783526	[5052]	:	time Target is 783526
783613	[87]	:	Key	71	DOWN	at	783613  
788863	[5250]	:	time Target is 788863
794179	[5316]	:	time Target is 794179
799504	[5325]	:	time Target is 799504
800078	[574]	:	Key	71	DOWN	at	800077  
804840	[4762]	:	time Target is 804840
805131	[291]	:	Key	71	DOWN	at	805131  
810177	[5046]	:	time Target is 810177
810714	[537]	:	Key	71	DOWN	at	810713  
815517	[4803]	:	time Target is 815517
820832	[5315]	:	time Target is 820832
821214	[382]	:	Key	71	DOWN	at	821213  
826169	[4955]	:	time Target is 826169
839512	[13343]	:	Key	71	DOWN	at	839512  
840303	[791]	:	Key	71	UP	at	839581  
840573	[270]	:	time Target is 840573
840938	[365]	:	Key	71	DOWN	at	840938  
845907	[4969]	:	time Target is 845907
846218	[311]	:	Key	71	DOWN	at	846218  
851242	[5024]	:	time Target is 851242
856564	[5322]	:	time Target is 856564
856604	[40]	:	Key	71	DOWN	at	856603  
861896	[5292]	:	time Target is 861896
867220	[5324]	:	time Target is 867220
868410	[1190]	:	Key	71	DOWN	at	868410  
872561	[4151]	:	time Target is 872561
873006	[445]	:	Key	71	DOWN	at	873005  
877899	[4893]	:	time Target is 877899
883223	[5324]	:	time Target is 883223
883721	[498]	:	Key	71	DOWN	at	883720  
888565	[4844]	:	time Target is 888565
889421	[856]	:	Key	71	DOWN	at	889421  
893899	[4478]	:	time Target is 893899
894601	[702]	:	Key	71	DOWN	at	894600  
899244	[4643]	:	time Target is 899244
904559	[5315]	:	time Target is 904559
905003	[444]	:	Key	71	DOWN	at	905003  
909899	[4896]	:	time Target is 909899
910237	[338]	:	Key	71	DOWN	at	910237  
915242	[5005]	:	time Target is 915242
915610	[368]	:	Key	71	DOWN	at	915610  
920580	[4970]	:	time Target is 920580
920651	[71]	:	Key	71	DOWN	at	920651  
925915	[5264]	:	time Target is 925915
931233	[5318]	:	time Target is 931233
931308	[75]	:	Key	71	DOWN	at	931308  
936569	[5261]	:	time Target is 936569
936587	[18]	:	Key	71	DOWN	at	936586  
941901	[5314]	:	time Target is 941901
942298	[397]	:	Key	71	DOWN	at	942298  
947238	[4940]	:	time Target is 947238
952558	[5320]	:	time Target is 952558
957883	[5325]	:	time Target is 957883
958314	[431]	:	Key	71	DOWN	at	958314  
963217	[4903]	:	time Target is 963217
968532	[5315]	:	time Target is 968532
969002	[470]	:	Key	71	DOWN	at	969002  
973872	[4870]	:	time Target is 973872
974621	[749]	:	Key	71	DOWN	at	974620  
979206	[4585]	:	time Target is 979206
979566	[360]	:	Key	71	DOWN	at	979565  
984540	[4974]	:	time Target is 984540
984840	[300]	:	Key	71	DOWN	at	984840  
989878	[5038]	:	time Target is 989878
990235	[357]	:	Key	71	DOWN	at	990234  
995217	[4982]	:	time Target is 995217
995625	[408]	:	Key	71	DOWN	at	995625  
1000551	[4926]	:	time Target is 1000551
1000665	[114]	:	Key	71	DOWN	at	1000664 
1005890	[5225]	:	time Target is 1005890
1006045	[155]	:	Key	71	DOWN	at	1006044 
1011226	[5181]	:	time Target is 1011226
1011354	[128]	:	Key	71	DOWN	at	1011354 
1016564	[5210]	:	time Target is 1016564
1016700	[136]	:	Key	71	DOWN	at	1016700 
1021901	[5201]	:	time Target is 1021901
1022203	[302]	:	Key	71	DOWN	at	1022202 
1027236	[5033]	:	time Target is 1027236
1032559	[5323]	:	time Target is 1032559
1032732	[173]	:	Key	71	DOWN	at	1032731 
1037898	[5166]	:	time Target is 1037898
1038026	[128]	:	Key	71	DOWN	at	1038025 
1043242	[5216]	:	time Target is 1043242
1043672	[430]	:	Key	71	DOWN	at	1043672 
1048582	[4910]	:	time Target is 1048582
1049084	[502]	:	Key	71	DOWN	at	1049083 
1053911	[4827]	:	time Target is 1053911
1054042	[131]	:	Key	71	DOWN	at	1054042 
1059245	[5203]	:	time Target is 1059245
1059563	[318]	:	Key	71	DOWN	at	1059563 
1064578	[5015]	:	time Target is 1064578
1064618	[40]	:	Key	71	DOWN	at	1064617 
1069908	[5290]	:	time Target is 1069908
1075226	[5318]	:	time Target is 1075226
1075882	[656]	:	Key	71	DOWN	at	1075882 
1080563	[4681]	:	time Target is 1080563
1085886	[5323]	:	time Target is 1085886
1086909	[1023]	:	Key	71	DOWN	at	1086909 
1091221	[4312]	:	time Target is 1091221
1096542	[5321]	:	time Target is 1096542
1101856	[5314]	:	time Target is 1101856
1102109	[253]	:	Key	71	DOWN	at	1102109 
1107196	[5087]	:	time Target is 1107196
1107370	[174]	:	Key	71	DOWN	at	1107369 
1112533	[5163]	:	time Target is 1112533
1112666	[133]	:	Key	71	DOWN	at	1112665 
1117874	[5208]	:	time Target is 1117874
1118203	[329]	:	Key	71	DOWN	at	1118202 
1123209	[5006]	:	time Target is 1123209
1123338	[129]	:	Key	71	DOWN	at	1123338 
1128545	[5207]	:	time Target is 1128545
1128571	[26]	:	Key	71	DOWN	at	1128571 
1133880	[5309]	:	time Target is 1133880
1133965	[85]	:	Key	71	DOWN	at	1133965 
1139218	[5253]	:	time Target is 1139218
1144544	[5326]	:	time Target is 1144544
1144794	[250]	:	Key	71	DOWN	at	1144794 
1149883	[5089]	:	time Target is 1149883
1150206	[323]	:	Key	71	DOWN	at	1150205 
1155210	[5004]	:	time Target is 1155210
1155593	[383]	:	Key	71	DOWN	at	1155593 
1160547	[4954]	:	time Target is 1160547
1161019	[472]	:	Key	71	DOWN	at	1161018 
1165882	[4863]	:	time Target is 1165882
1165947	[65]	:	Key	71	DOWN	at	1165947 
1171213	[5266]	:	time Target is 1171213
1171450	[237]	:	Key	71	DOWN	at	1171449 
1176551	[5101]	:	time Target is 1176551
1176861	[310]	:	Key	71	DOWN	at	1176860 
1181888	[5027]	:	time Target is 1181888
1182509	[621]	:	Key	71	DOWN	at	1182509 
1187220	[4711]	:	time Target is 1187220
1187726	[506]	:	Key	71	DOWN	at	1187725 
1192556	[4830]	:	time Target is 1192556
1193035	[479]	:	Key	71	DOWN	at	1193035 
1197897	[4862]	:	time Target is 1197897
1203219	[5322]	:	time Target is 1203219
1203321	[102]	:	Key	71	DOWN	at	1203321 
1208552	[5231]	:	time Target is 1208552
1208828	[276]	:	Key	71	DOWN	at	1208828 
1213889	[5061]	:	time Target is 1213889
1214796	[907]	:	Key	71	DOWN	at	1214796 
1219224	[4428]	:	time Target is 1219224
1219496	[272]	:	Key	71	DOWN	at	1219496 
1224563	[5067]	:	time Target is 1224563
1224830	[267]	:	Key	71	DOWN	at	1224829 
1229899	[5069]	:	time Target is 1229899
1231006	[1107]	:	Key	71	DOWN	at	1231005 
1235234	[4228]	:	time Target is 1235234
1235706	[472]	:	Key	71	DOWN	at	1235706 
1240571	[4865]	:	time Target is 1240571
1240654	[83]	:	Key	71	DOWN	at	1240653 
1245916	[5262]	:	time Target is 1245916
1246907	[991]	:	Key	71	DOWN	at	1246906 
1251257	[4350]	:	time Target is 1251257
1256579	[5322]	:	time Target is 1256579
1256715	[136]	:	Key	71	DOWN	at	1256715 
1261910	[5195]	:	time Target is 1261910
1262509	[599]	:	Key	71	DOWN	at	1262509 
1267242	[4733]	:	time Target is 1267242
1267402	[160]	:	Key	71	DOWN	at	1267402 
1272578	[5176]	:	time Target is 1272578
1272970	[392]	:	Key	71	DOWN	at	1272970 
1277917	[4947]	:	time Target is 1277917
1283238	[5321]	:	time Target is 1283238
1283483	[245]	:	Key	71	DOWN	at	1283483 
1288572	[5089]	:	time Target is 1288572
1288956	[384]	:	Key	71	DOWN	at	1288955 
1293906	[4950]	:	time Target is 1293906
1293980	[74]	:	Key	71	DOWN	at	1293980 
1299246	[5266]	:	time Target is 1299246
1304567	[5321]	:	time Target is 1304567
1309888	[5321]	:	time Target is 1309888
1309996	[108]	:	Key	71	DOWN	at	1309996 
1315220	[5224]	:	time Target is 1315220
1315672	[452]	:	Key	71	DOWN	at	1315672 
1319516	[3844]	:	Key	71	UP	at	1315816 
1330442	[10926]	:	Key	71	DOWN	at	1330441 
1330570	[128]	:	Key	71	UP	at	1330570 
1334862	[4292]	:	Key	71	DOWN	at	1334861 
1335652	[790]	:	Key	71	UP	at	1335037 
1335919	[267]	:	time Target is 1335919
1341237	[5318]	:	time Target is 1341237
1341389	[152]	:	Key	71	DOWN	at	1341389 
1346579	[5190]	:	time Target is 1346579
1346973	[394]	:	Key	71	DOWN	at	1346972 
1351916	[4943]	:	time Target is 1351916
1352254	[338]	:	Key	71	DOWN	at	1352253 
1357252	[4998]	:	time Target is 1357252
1362580	[5328]	:	time Target is 1362580
1362860	[280]	:	Key	71	DOWN	at	1362860 
1367913	[5053]	:	time Target is 1367913
1368347	[434]	:	Key	71	DOWN	at	1368346 
1373247	[4900]	:	time Target is 1373247
1378568	[5321]	:	time Target is 1378568
1383885	[5317]	:	time Target is 1383885
1384109	[224]	:	Key	71	DOWN	at	1384108 
1389222	[5113]	:	time Target is 1389222
1389241	[19]	:	Key	71	DOWN	at	1389240 
1394551	[5310]	:	time Target is 1394551
1395085	[534]	:	Key	71	DOWN	at	1395085 
1399887	[4802]	:	time Target is 1399887
1405212	[5325]	:	time Target is 1405212
1410535	[5323]	:	time Target is 1410535
1410684	[149]	:	Key	71	DOWN	at	1410683 
1415871	[5187]	:	time Target is 1415871
1415947	[76]	:	Key	71	DOWN	at	1415946 
1421210	[5263]	:	time Target is 1421210
1426534	[5324]	:	time Target is 1426534
1427146	[612]	:	Key	71	DOWN	at	1427146 
1431867	[4721]	:	time Target is 1431867
1437185	[5318]	:	time Target is 1437185
1442506	[5321]	:	time Target is 1442506
1442827	[321]	:	Key	71	DOWN	at	1442827 
1447835	[5008]	:	time Target is 1447835
1448315	[480]	:	Key	71	DOWN	at	1448314 
1453173	[4858]	:	time Target is 1453173
1458490	[5317]	:	time Target is 1458490
1458764	[274]	:	Key	71	DOWN	at	1458764 
1463822	[5058]	:	time Target is 1463822
1463993	[171]	:	Key	71	DOWN	at	1463993 
1469159	[5166]	:	time Target is 1469159
1469564	[405]	:	Key	71	DOWN	at	1469563 
1474495	[4931]	:	time Target is 1474495
1479818	[5323]	:	time Target is 1479818
1480077	[259]	:	Key	71	DOWN	at	1480077 
1485157	[5080]	:	time Target is 1485157
1485918	[761]	:	Key	71	DOWN	at	1485917 
1490490	[4572]	:	time Target is 1490490
1495806	[5316]	:	time Target is 1495806
1501121	[5315]	:	Key	71	DOWN	at	1500955 
1501122	[1]	:	Key	71	UP	at	1501101 
1503939	[2817]	:	time Target is 1503939
1509258	[5319]	:	time Target is 1509258
1509562	[304]	:	Key	71	DOWN	at	1509561 
1514597	[5035]	:	time Target is 1514597
1519914	[5317]	:	time Target is 1519914
1520060	[146]	:	Key	71	DOWN	at	1520059 
1525251	[5191]	:	time Target is 1525251
1525755	[504]	:	Key	71	DOWN	at	1525755 
1530585	[4830]	:	time Target is 1530585
1535904	[5319]	:	time Target is 1535904
1541228	[5324]	:	time Target is 1541228
1546552	[5324]	:	time Target is 1546552
1551876	[5324]	:	time Target is 1551876
1557198	[5322]	:	time Target is 1557198
1562517	[5319]	:	time Target is 1562517
1562908	[391]	:	Key	71	DOWN	at	1562907 
1567852	[4944]	:	time Target is 1567852
1568314	[462]	:	Key	71	DOWN	at	1568313 
1573197	[4883]	:	time Target is 1573197
1578513	[5316]	:	time Target is 1578513
1583834	[5321]	:	time Target is 1583834
1589157	[5323]	:	time Target is 1589157
1594477	[5320]	:	time Target is 1594477
1599796	[5319]	:	time Target is 1599796
1605116	[5320]	:	time Target is 1605116
1605229	[113]	:	Key	71	DOWN	at	1605229 
1610451	[5222]	:	time Target is 1610451
1610762	[311]	:	Key	71	DOWN	at	1610762 
1615791	[5029]	:	time Target is 1615791
1615934	[143]	:	Key	71	DOWN	at	1615933 
1621123	[5189]	:	time Target is 1621123
1621293	[170]	:	Key	71	DOWN	at	1621293 
1626461	[5168]	:	time Target is 1626461
1626845	[384]	:	Key	71	DOWN	at	1626845 
1631798	[4953]	:	time Target is 1631798
1637119	[5321]	:	time Target is 1637119
1642442	[5323]	:	time Target is 1642442
1642552	[110]	:	Key	71	DOWN	at	1642552 
1647780	[5228]	:	time Target is 1647780
1653098	[5318]	:	time Target is 1653098
1653358	[260]	:	Key	71	DOWN	at	1653357 
1658432	[5074]	:	time Target is 1658432
1663754	[5322]	:	time Target is 1663754
1663869	[115]	:	Key	71	DOWN	at	1663868 
1669083	[5214]	:	time Target is 1669083
1669194	[111]	:	Key	71	DOWN	at	1669194 
1674425	[5231]	:	time Target is 1674425
1679745	[5320]	:	time Target is 1679745
1685067	[5322]	:	time Target is 1685067
1690389	[5322]	:	time Target is 1690389
1691002	[613]	:	Key	71	DOWN	at	1691001 
1695724	[4722]	:	time Target is 1695724
1696297	[573]	:	Key	71	DOWN	at	1696297 
1701059	[4762]	:	time Target is 1701059
1701401	[342]	:	Key	71	DOWN	at	1701401 
1706389	[4988]	:	time Target is 1706389
1711710	[5321]	:	time Target is 1711710
1717034	[5324]	:	time Target is 1717034
1717886	[852]	:	Key	71	DOWN	at	1717885 
1722367	[4481]	:	time Target is 1722367
1722797	[430]	:	Key	71	DOWN	at	1722797 
1727696	[4899]	:	time Target is 1727696
1727884	[188]	:	Key	71	DOWN	at	1727884 
1733036	[5152]	:	time Target is 1733036
1733133	[97]	:	Key	71	DOWN	at	1733132 
1738375	[5242]	:	time Target is 1738375
1743698	[5323]	:	time Target is 1743698
1743785	[87]	:	Key	71	DOWN	at	1743784 
1749038	[5253]	:	time Target is 1749038
1754356	[5318]	:	time Target is 1754356
1759685	[5329]	:	time Target is 1759685
1765007	[5322]	:	time Target is 1765007
1770330	[5323]	:	time Target is 1770330
1775654	[5324]	:	time Target is 1775654
1780980	[5326]	:	time Target is 1780980
1781435	[455]	:	Key	71	DOWN	at	1781435 
1786306	[4871]	:	time Target is 1786306
1791630	[5324]	:	time Target is 1791630
1796952	[5322]	:	time Target is 1796952
1797068	[116]	:	Key	71	DOWN	at	1797068 
1802285	[5217]	:	time Target is 1802285
1802428	[143]	:	Key	71	DOWN	at	1802428 
1807621	[5193]	:	time Target is 1807621
1807933	[312]	:	Key	71	DOWN	at	1807933 
1811924	[3991]	:	Key	71	UP	at	1808042 
1813582	[1658]	:	Key	71	DOWN	at	1813581 
1814369	[787]	:	Key	71	UP	at	1813672 
1814637	[268]	:	time Target is 1814637
1819957	[5320]	:	time Target is 1819957
1820172	[215]	:	Key	71	DOWN	at	1820171 
1825293	[5121]	:	time Target is 1825293
1825612	[319]	:	Key	71	DOWN	at	1825611 
1830621	[5009]	:	time Target is 1830621
1831053	[432]	:	Key	71	DOWN	at	1831053 
1835966	[4913]	:	time Target is 1835966
1841288	[5322]	:	time Target is 1841288
1846613	[5325]	:	time Target is 1846613
1851937	[5324]	:	time Target is 1851937
1857259	[5322]	:	time Target is 1857259
1857609	[350]	:	Key	71	DOWN	at	1857609 
1862596	[4987]	:	time Target is 1862596
1862745	[149]	:	Key	71	DOWN	at	1862744 
1867931	[5186]	:	time Target is 1867931
1868233	[302]	:	Key	71	DOWN	at	1868233 
1873268	[5035]	:	time Target is 1873268
1878594	[5326]	:	time Target is 1878594
1883918	[5324]	:	time Target is 1883918
1889244	[5326]	:	time Target is 1889244
1889640	[396]	:	Key	71	DOWN	at	1889640 
1894586	[4946]	:	time Target is 1894586
1895582	[996]	:	Key	71	DOWN	at	1895581 
1899923	[4341]	:	time Target is 1899923
1900073	[150]	:	Key	71	DOWN	at	1900072 
1905262	[5189]	:	time Target is 1905262
1910584	[5322]	:	time Target is 1910584
1910890	[306]	:	Key	71	DOWN	at	1910889 
1915919	[5029]	:	time Target is 1915919
1921239	[5320]	:	time Target is 1921239
1926555	[5316]	:	time Target is 1926555
1926699	[144]	:	Key	71	DOWN	at	1926699 
1931898	[5199]	:	time Target is 1931898
1932216	[318]	:	Key	71	DOWN	at	1932216 
1937237	[5021]	:	time Target is 1937237
1937421	[184]	:	Key	71	DOWN	at	1937420 
1942573	[5152]	:	time Target is 1942573
1947900	[5327]	:	time Target is 1947900
1948877	[977]	:	Key	71	DOWN	at	1948877 
1953237	[4360]	:	time Target is 1953237
1958567	[5330]	:	time Target is 1958567
1959018	[451]	:	Key	71	DOWN	at	1959017 
1963901	[4883]	:	time Target is 1963901
1964141	[240]	:	Key	71	DOWN	at	1964140 
1969240	[5099]	:	time Target is 1969240
1974563	[5323]	:	time Target is 1974563
1974985	[422]	:	Key	71	DOWN	at	1974985 
1979896	[4911]	:	time Target is 1979896
1980446	[550]	:	Key	71	DOWN	at	1980445 
1985234	[4788]	:	time Target is 1985234
1985517	[283]	:	Key	71	DOWN	at	1985517 
1990569	[5052]	:	time Target is 1990569
1995894	[5325]	:	time Target is 1995894
1996265	[371]	:	Key	71	DOWN	at	1996265 
2001232	[4967]	:	time Target is 2001232
2001661	[429]	:	Key	71	DOWN	at	2001661 
2006563	[4902]	:	time Target is 2006563
2011888	[5325]	:	time Target is 2011888
2017212	[5324]	:	time Target is 2017212
2022533	[5321]	:	time Target is 2022533
2022715	[182]	:	Key	71	DOWN	at	2022714 
2027867	[5152]	:	time Target is 2027867
2028252	[385]	:	Key	71	DOWN	at	2028252 
2033208	[4956]	:	time Target is 2033208
2038527	[5319]	:	time Target is 2038527
2043850	[5323]	:	time Target is 2043850
2049175	[5325]	:	time Target is 2049175
2049851	[676]	:	Key	71	DOWN	at	2049851 
2054509	[4658]	:	time Target is 2054509
2055225	[716]	:	Key	71	DOWN	at	2055224 
2059848	[4623]	:	time Target is 2059848
2060300	[452]	:	Key	71	DOWN	at	2060299 
2065181	[4881]	:	time Target is 2065181
2065193	[12]	:	Key	71	DOWN	at	2065193 
2070510	[5317]	:	time Target is 2070510
2075830	[5320]	:	time Target is 2075830
2076429	[599]	:	Key	71	DOWN	at	2076429 
2081166	[4737]	:	time Target is 2081166
2086484	[5318]	:	time Target is 2086484
2091804	[5320]	:	time Target is 2091804
2097121	[5317]	:	time Target is 2097121
2102444	[5323]	:	time Target is 2102444
2107767	[5323]	:	time Target is 2107767
2113087	[5320]	:	time Target is 2113087
2118408	[5321]	:	time Target is 2118408
2118474	[66]	:	Key	71	DOWN	at	2118473 
2123743	[5269]	:	time Target is 2123743
2123979	[236]	:	Key	71	DOWN	at	2123979 
2129072	[5093]	:	time Target is 2129072
2134395	[5323]	:	time Target is 2134395
2134765	[370]	:	Key	71	DOWN	at	2134765 
2139730	[4965]	:	time Target is 2139730
2140842	[1112]	:	Key	71	DOWN	at	2140841 
2145069	[4227]	:	time Target is 2145069
2145085	[16]	:	Key	71	DOWN	at	2145084 
2150392	[5307]	:	time Target is 2150392
2150974	[582]	:	Key	71	DOWN	at	2150973 
2155725	[4751]	:	time Target is 2155725
2156409	[684]	:	Key	71	DOWN	at	2156409 
2161072	[4663]	:	time Target is 2161072
2166387	[5315]	:	time Target is 2166387
2171709	[5322]	:	time Target is 2171709
2177032	[5323]	:	time Target is 2177032
2182353	[5321]	:	time Target is 2182353
2182972	[619]	:	Key	71	DOWN	at	2182971 
2187692	[4720]	:	time Target is 2187692
2188377	[685]	:	Key	71	DOWN	at	2188377 
2193029	[4652]	:	time Target is 2193029
2198346	[5317]	:	time Target is 2198346
2198925	[579]	:	Key	71	DOWN	at	2198925 
2203683	[4758]	:	time Target is 2203683
2209008	[5325]	:	time Target is 2209008
2209530	[522]	:	Key	71	DOWN	at	2209530 
2214342	[4812]	:	time Target is 2214342
2214697	[355]	:	Key	71	DOWN	at	2214697 
2219675	[4978]	:	time Target is 2219675
2224996	[5321]	:	time Target is 2224996
2225964	[968]	:	Key	71	DOWN	at	2225964 
2230336	[4372]	:	time Target is 2230336
2235656	[5320]	:	time Target is 2235656
2240974	[5318]	:	time Target is 2240974
2246295	[5321]	:	time Target is 2246295
2251620	[5325]	:	time Target is 2251620
2256941	[5321]	:	time Target is 2256941
2262259	[5318]	:	time Target is 2262259
2262780	[521]	:	Key	71	DOWN	at	2262779 
2267596	[4816]	:	time Target is 2267596
2268713	[1117]	:	Key	71	DOWN	at	2268712 
2272932	[4219]	:	time Target is 2272932
2273420	[488]	:	Key	71	DOWN	at	2273419 
2278272	[4852]	:	time Target is 2278272
2278680	[408]	:	Key	71	DOWN	at	2278680 
2283605	[4925]	:	time Target is 2283605
2283690	[85]	:	Key	71	DOWN	at	2283689 
2288941	[5251]	:	time Target is 2288941
2302713	[13772]	:	Key	71	DOWN	at	2302713 
2302795	[82]	:	Key	71	UP	at	2302795 
2312013	[9218]	:	Key	28	DOWN	at	2312012 
2312204	[191]	:	Key	28	UP	at	2312204 
2315081	[2877]	:	Key	28	DOWN	at	2315081 
2315240	[159]	:	Key	28	UP	at	2315240 
2321964	[6724]	:	Key	28	DOWN	at	2321964 
2322141	[177]	:	Key	28	UP	at	2322140 
2322698	[557]	:	Key	29	DOWN	at	2322698 
2322907	[209]	:	Key	29	UP	at	2322906 
2326795	[3888]	:	Key	28	DOWN	at	2326794 
2327004	[209]	:	Key	28	UP	at	2327004 
2327897	[893]	:	Key	29	DOWN	at	2327897 
2328058	[161]	:	Key	29	UP	at	2328057 
2329400	[1342]	:	Key	28	DOWN	at	2329400 
2329578	[178]	:	Key	28	UP	at	2329577 
2329852	[274]	:	Key	28	DOWN	at	2329851 
2329995	[143]	:	Key	28	UP	at	2329994 
2333241	[3246]	:	Key	29	DOWN	at	2333240 
2333404	[163]	:	Key	29	UP	at	2333404 
2334285	[881]	:	Key	28	DOWN	at	2334285 
2334462	[177]	:	Key	28	UP	at	2334461 
2341533	[7071]	:	Key	28	DOWN	at	2341533 
2341693	[160]	:	Key	28	UP	at	2341692 
2343532	[1839]	:	Key	28	DOWN	at	2343532 
2343673	[141]	:	Key	28	UP	at	2343673 
2346044	[2371]	:	Key	28	DOWN	at	2346044 
2346200	[156]	:	Key	28	UP	at	2346200 
2346473	[273]	:	Key	29	DOWN	at	2346473 
2346637	[164]	:	Key	29	UP	at	2346636 
2348334	[1697]	:	Key	29	DOWN	at	2348333 
2348474	[140]	:	Key	29	UP	at	2348473 
2348974	[500]	:	Key	29	DOWN	at	2348973 
2349063	[89]	:	COGENT STOP
