Cog2000 log file Mon Sep 30 18:09:52 2019
gprim v1.33 Compiled:Aug 12 2015 (GLib DirectDraw v7 DX12.0 Compiled:Aug 12 2015)
Display:1024x768x32 59.99Hz
CogInput v1.05 Compiled: May 20 2010
0	[0]	:	COGENT START
9638	[9638]	:	Key	71	DOWN	at	9638    
9704	[66]	:	Key	71	UP	at	9703    
28662	[18958]	:	Key	71	DOWN	at	28662   
28774	[112]	:	Key	71	UP	at	28774   
33253	[4479]	:	Key	71	DOWN	at	33252   
33334	[81]	:	Key	71	UP	at	33334   
44743	[11409]	:	Key	71	DOWN	at	44742   
44869	[126]	:	Key	71	UP	at	44869   
60665	[15796]	:	Key	71	DOWN	at	60665   
60743	[78]	:	Key	71	UP	at	60742   
77205	[16462]	:	Key	93	DOWN	at	77205   
77288	[83]	:	Key	93	UP	at	77288   
79978	[2690]	:	Key	71	DOWN	at	79977   
80804	[826]	:	time Target is 80804
81610	[806]	:	Key	71	DOWN	at	81610   
86912	[5302]	:	time Target is 86912
87559	[647]	:	Key	71	DOWN	at	87559   
92996	[5437]	:	time Target is 92995
93544	[548]	:	Key	71	DOWN	at	93544   
99083	[5539]	:	time Target is 99083
99626	[543]	:	Key	71	DOWN	at	99625   
108967	[9341]	:	Key	71	DOWN	at	108967  
110027	[1060]	:	time Target is 110026
116353	[6326]	:	time Target is 116353
122674	[6321]	:	time Target is 122674
128989	[6315]	:	time Target is 128989
149480	[20491]	:	Key	71	DOWN	at	149480  
149593	[113]	:	Key	71	UP	at	149592  
153736	[4143]	:	Key	71	DOWN	at	153736  
153848	[112]	:	Key	71	UP	at	153847  
158408	[4560]	:	Key	71	DOWN	at	158408  
158503	[95]	:	Key	71	UP	at	158503  
167557	[9054]	:	Key	71	DOWN	at	167557  
167669	[112]	:	Key	71	UP	at	167669  
172921	[5252]	:	Key	71	DOWN	at	172921  
173721	[800]	:	Key	71	UP	at	172997  
173745	[24]	:	time Target is 173745
174664	[919]	:	Key	71	DOWN	at	174664  
178835	[4171]	:	time Target is 178835
179913	[1078]	:	Key	71	DOWN	at	179912  
183925	[4012]	:	time Target is 183925
184661	[736]	:	Key	71	DOWN	at	184660  
189019	[4358]	:	time Target is 189018
190006	[987]	:	Key	71	DOWN	at	190006  
194106	[4100]	:	time Target is 194105
195124	[1018]	:	Key	71	DOWN	at	195124  
198407	[3283]	:	Key	71	UP	at	195236  
201832	[3425]	:	Key	71	DOWN	at	201832  
202620	[788]	:	Key	71	UP	at	201941  
202642	[22]	:	time Target is 202642
214505	[11863]	:	Key	71	DOWN	at	214505  
214601	[96]	:	Key	71	UP	at	214600  
218536	[3935]	:	Key	71	DOWN	at	218535  
219327	[791]	:	Key	71	UP	at	218648  
219350	[23]	:	time Target is 219350
220360	[1010]	:	Key	71	DOWN	at	220360  
224436	[4076]	:	time Target is 224436
225319	[883]	:	Key	71	DOWN	at	225319  
229523	[4204]	:	time Target is 229523
230342	[819]	:	Key	71	DOWN	at	230341  
234606	[4264]	:	time Target is 234606
235288	[682]	:	Key	71	DOWN	at	235288  
239696	[4408]	:	time Target is 239696
240708	[1012]	:	Key	71	DOWN	at	240708  
244785	[4077]	:	time Target is 244785
245402	[617]	:	Key	71	DOWN	at	245402  
249084	[3682]	:	Key	71	UP	at	245508  
252646	[3562]	:	Key	71	DOWN	at	252645  
253436	[790]	:	Key	71	UP	at	252743  
253457	[21]	:	time Target is 253457
265333	[11876]	:	Key	71	DOWN	at	265333  
265416	[83]	:	Key	71	UP	at	265415  
269125	[3709]	:	Key	71	DOWN	at	269124  
269909	[784]	:	Key	71	UP	at	269238  
269933	[24]	:	time Target is 269933
270932	[999]	:	Key	71	DOWN	at	270932  
275022	[4090]	:	time Target is 275022
275833	[811]	:	Key	71	DOWN	at	275832  
280111	[4278]	:	time Target is 280111
285180	[5069]	:	time Target is 285180
297288	[12108]	:	Key	71	DOWN	at	297288  
297400	[112]	:	Key	71	UP	at	297400  
301321	[3921]	:	Key	71	DOWN	at	301321  
302113	[792]	:	Key	71	UP	at	301429  
302138	[25]	:	time Target is 302138
303189	[1051]	:	Key	71	DOWN	at	303189  
307219	[4030]	:	time Target is 307219
312290	[5071]	:	time Target is 312290
317366	[5076]	:	time Target is 317366
318087	[721]	:	Key	71	DOWN	at	318087  
321731	[3644]	:	Key	71	UP	at	318199  
329881	[8150]	:	Key	71	DOWN	at	329881  
330009	[128]	:	Key	71	UP	at	330008  
361062	[31053]	:	Key	71	DOWN	at	361062  
361173	[111]	:	Key	71	UP	at	361173  
376058	[14885]	:	Key	71	DOWN	at	376057  
376167	[109]	:	Key	71	UP	at	376166  
388441	[12274]	:	Key	71	DOWN	at	388440  
388522	[81]	:	Key	71	UP	at	388521  
395108	[6586]	:	Key	71	DOWN	at	395108  
397673	[2565]	:	time Target is 397673
398308	[635]	:	Key	71	DOWN	at	398308  
403013	[4705]	:	time Target is 403013
403973	[960]	:	Key	71	DOWN	at	403973  
408351	[4378]	:	time Target is 408351
409014	[663]	:	Key	71	DOWN	at	409013  
413690	[4676]	:	time Target is 413690
419011	[5321]	:	time Target is 419011
419844	[833]	:	Key	71	DOWN	at	419844  
424351	[4507]	:	time Target is 424351
424837	[486]	:	Key	71	DOWN	at	424837  
429689	[4852]	:	time Target is 429689
435011	[5322]	:	time Target is 435011
435623	[612]	:	Key	71	DOWN	at	435623  
440346	[4723]	:	time Target is 440346
445665	[5319]	:	time Target is 445665
446393	[728]	:	Key	71	DOWN	at	446393  
451001	[4608]	:	time Target is 451001
452151	[1150]	:	Key	71	DOWN	at	452151  
456340	[4189]	:	time Target is 456340
456900	[560]	:	Key	71	DOWN	at	456900  
461676	[4776]	:	time Target is 461676
462567	[891]	:	Key	71	DOWN	at	462567  
467012	[4445]	:	time Target is 467012
467508	[496]	:	Key	71	DOWN	at	467508  
472350	[4842]	:	time Target is 472350
477678	[5328]	:	time Target is 477678
478472	[794]	:	Key	71	DOWN	at	478472  
483014	[4542]	:	time Target is 483014
483511	[497]	:	Key	71	DOWN	at	483510  
488351	[4840]	:	time Target is 488351
488854	[503]	:	Key	71	DOWN	at	488854  
493689	[4835]	:	time Target is 493689
499015	[5326]	:	time Target is 499015
499701	[686]	:	Key	71	DOWN	at	499700  
504355	[4654]	:	time Target is 504355
505353	[998]	:	Key	71	DOWN	at	505353  
509690	[4337]	:	time Target is 509690
515008	[5318]	:	time Target is 515008
515895	[887]	:	Key	71	DOWN	at	515895  
520347	[4452]	:	time Target is 520347
520760	[413]	:	Key	71	DOWN	at	520760  
525682	[4922]	:	time Target is 525682
526266	[584]	:	Key	71	DOWN	at	526265  
531018	[4752]	:	time Target is 531018
536342	[5324]	:	time Target is 536342
541658	[5316]	:	time Target is 541658
542149	[491]	:	Key	71	DOWN	at	542149  
546991	[4842]	:	time Target is 546991
548055	[1064]	:	Key	71	DOWN	at	548054  
552334	[4279]	:	time Target is 552334
552776	[442]	:	Key	71	DOWN	at	552776  
557673	[4897]	:	time Target is 557673
558407	[734]	:	Key	71	DOWN	at	558407  
563008	[4601]	:	time Target is 563008
563382	[374]	:	Key	71	DOWN	at	563382  
568342	[4960]	:	time Target is 568342
568919	[577]	:	Key	71	DOWN	at	568919  
573679	[4760]	:	time Target is 573679
574218	[539]	:	Key	71	DOWN	at	574217  
579017	[4799]	:	time Target is 579017
579766	[749]	:	Key	71	DOWN	at	579766  
584347	[4581]	:	time Target is 584347
584709	[362]	:	Key	71	DOWN	at	584709  
589687	[4978]	:	time Target is 589687
590375	[688]	:	Key	71	DOWN	at	590375  
595021	[4646]	:	time Target is 595021
596325	[1304]	:	Key	71	DOWN	at	596325  
600356	[4031]	:	time Target is 600356
600871	[515]	:	Key	71	DOWN	at	600871  
605691	[4820]	:	time Target is 605691
606183	[492]	:	Key	71	DOWN	at	606183  
611026	[4843]	:	time Target is 611026
616352	[5326]	:	time Target is 616352
617078	[726]	:	Key	71	DOWN	at	617078  
621689	[4611]	:	time Target is 621689
627011	[5322]	:	time Target is 627011
627509	[498]	:	Key	71	DOWN	at	627509  
632348	[4839]	:	time Target is 632348
633222	[874]	:	Key	71	DOWN	at	633221  
637690	[4468]	:	time Target is 637690
643010	[5320]	:	time Target is 643010
643398	[388]	:	Key	71	DOWN	at	643397  
648347	[4949]	:	time Target is 648347
649144	[797]	:	Key	71	DOWN	at	649143  
653682	[4538]	:	time Target is 653682
654073	[391]	:	Key	71	DOWN	at	654073  
659023	[4950]	:	time Target is 659023
664347	[5324]	:	time Target is 664347
665063	[716]	:	Key	71	DOWN	at	665063  
669680	[4617]	:	time Target is 669680
670521	[841]	:	Key	71	DOWN	at	670520  
675015	[4494]	:	time Target is 675015
675605	[590]	:	Key	71	DOWN	at	675605  
680352	[4747]	:	time Target is 680352
681094	[742]	:	Key	71	DOWN	at	681094  
685425	[4331]	:	Key	71	DOWN	at	685381  
688242	[2817]	:	time Target is 688242
688790	[548]	:	Key	71	DOWN	at	688790  
693575	[4785]	:	time Target is 693575
698893	[5318]	:	time Target is 698893
699496	[603]	:	Key	71	DOWN	at	699496  
704231	[4735]	:	time Target is 704231
705610	[1379]	:	Key	71	DOWN	at	705610  
709570	[3960]	:	time Target is 709570
710070	[500]	:	Key	71	DOWN	at	710070  
714907	[4837]	:	time Target is 714907
715559	[652]	:	Key	71	DOWN	at	715559  
720243	[4684]	:	time Target is 720243
725565	[5322]	:	time Target is 725565
726054	[489]	:	Key	71	DOWN	at	726053  
730896	[4842]	:	time Target is 730896
731270	[374]	:	Key	71	DOWN	at	731270  
736233	[4963]	:	time Target is 736233
736778	[545]	:	Key	71	DOWN	at	736777  
741566	[4788]	:	time Target is 741566
741893	[327]	:	Key	71	DOWN	at	741893  
746902	[5009]	:	time Target is 746902
747544	[642]	:	Key	71	DOWN	at	747544  
752234	[4690]	:	time Target is 752234
752760	[526]	:	Key	71	DOWN	at	752759  
757575	[4815]	:	time Target is 757575
762901	[5326]	:	time Target is 762901
768230	[5329]	:	time Target is 768230
773551	[5321]	:	time Target is 773551
774087	[536]	:	Key	71	DOWN	at	774087  
778892	[4805]	:	time Target is 778892
779796	[904]	:	Key	71	DOWN	at	779796  
784227	[4431]	:	time Target is 784227
784743	[516]	:	Key	71	DOWN	at	784743  
789562	[4819]	:	time Target is 789562
794883	[5321]	:	time Target is 794883
800203	[5320]	:	time Target is 800203
805528	[5325]	:	time Target is 805528
806501	[973]	:	Key	71	DOWN	at	806501  
810864	[4363]	:	time Target is 810864
816189	[5325]	:	time Target is 816188
816663	[474]	:	Key	71	DOWN	at	816663  
821524	[4861]	:	time Target is 821524
822101	[577]	:	Key	71	DOWN	at	822101  
826860	[4759]	:	time Target is 826860
832183	[5323]	:	time Target is 832183
832505	[322]	:	Key	71	DOWN	at	832505  
837524	[5019]	:	time Target is 837524
842847	[5323]	:	time Target is 842847
843256	[409]	:	Key	71	DOWN	at	843256  
848180	[4924]	:	time Target is 848180
849370	[1190]	:	Key	71	DOWN	at	849369  
853513	[4143]	:	time Target is 853513
858838	[5325]	:	time Target is 858838
859175	[337]	:	Key	71	DOWN	at	859175  
864176	[5001]	:	time Target is 864176
864678	[502]	:	Key	71	DOWN	at	864677  
869514	[4836]	:	time Target is 869514
869944	[430]	:	Key	71	DOWN	at	869944  
873816	[3872]	:	Key	71	UP	at	870070  
882504	[8688]	:	Key	71	DOWN	at	882503  
883295	[791]	:	Key	71	UP	at	882646  
883562	[267]	:	time Target is 883562
884266	[704]	:	Key	71	DOWN	at	884265  
888901	[4635]	:	time Target is 888901
894227	[5326]	:	time Target is 894227
894693	[466]	:	Key	71	DOWN	at	894692  
899560	[4867]	:	time Target is 899560
899832	[272]	:	Key	71	DOWN	at	899832  
904903	[5071]	:	time Target is 904903
910228	[5325]	:	time Target is 910228
910618	[390]	:	Key	71	DOWN	at	910617  
915559	[4941]	:	Key	71	DOWN	at	915461  
915559	[0]	:	Key	71	UP	at	915542  
918371	[2812]	:	time Target is 918371
918874	[503]	:	Key	71	DOWN	at	918873  
923710	[4836]	:	time Target is 923710
924200	[490]	:	Key	71	DOWN	at	924199  
929050	[4850]	:	time Target is 929050
934375	[5325]	:	time Target is 934375
934885	[510]	:	Key	71	DOWN	at	934884  
939715	[4830]	:	time Target is 939715
940585	[870]	:	Key	71	DOWN	at	940585  
945054	[4469]	:	time Target is 945054
950376	[5322]	:	time Target is 950376
955694	[5318]	:	time Target is 955694
961012	[5318]	:	time Target is 961012
966338	[5326]	:	time Target is 966338
971662	[5324]	:	time Target is 971662
972154	[492]	:	Key	71	DOWN	at	972153  
977003	[4849]	:	time Target is 977003
982323	[5320]	:	time Target is 982323
982967	[644]	:	Key	71	DOWN	at	982966  
987660	[4693]	:	time Target is 987660
992980	[5320]	:	time Target is 992980
998302	[5322]	:	time Target is 998302
998708	[406]	:	Key	71	DOWN	at	998708  
1003638	[4930]	:	time Target is 1003638
1004180	[542]	:	Key	71	DOWN	at	1004180 
1008972	[4792]	:	time Target is 1008972
1009478	[506]	:	Key	71	DOWN	at	1009478 
1014310	[4832]	:	time Target is 1014310
1015111	[801]	:	Key	71	DOWN	at	1015110 
1019647	[4536]	:	time Target is 1019647
1020692	[1045]	:	Key	71	DOWN	at	1020692 
1024981	[4289]	:	time Target is 1024981
1025512	[531]	:	Key	71	DOWN	at	1025512 
1030319	[4807]	:	time Target is 1030319
1030680	[361]	:	Key	71	DOWN	at	1030680 
1035653	[4973]	:	time Target is 1035653
1036580	[927]	:	Key	71	DOWN	at	1036580 
1040992	[4412]	:	time Target is 1040992
1041526	[534]	:	Key	71	DOWN	at	1041526 
1046328	[4802]	:	time Target is 1046328
1047401	[1073]	:	Key	71	DOWN	at	1047400 
1051658	[4257]	:	time Target is 1051658
1052039	[381]	:	Key	71	DOWN	at	1052038 
1056729	[4690]	:	Key	71	DOWN	at	1056695 
1059543	[2814]	:	time Target is 1059543
1060054	[511]	:	Key	71	DOWN	at	1060054 
1064879	[4825]	:	time Target is 1064879
1070196	[5317]	:	time Target is 1070196
1070744	[548]	:	Key	71	DOWN	at	1070744 
1075531	[4787]	:	time Target is 1075531
1076135	[604]	:	Key	71	DOWN	at	1076133 
1080867	[4732]	:	time Target is 1080867
1081252	[385]	:	Key	71	DOWN	at	1081252 
1086203	[4951]	:	time Target is 1086203
1086869	[666]	:	Key	71	DOWN	at	1086869 
1091537	[4668]	:	time Target is 1091537
1092677	[1140]	:	Key	71	DOWN	at	1092677 
1096874	[4197]	:	time Target is 1096874
1097895	[1021]	:	Key	71	DOWN	at	1097895 
1102209	[4314]	:	time Target is 1102209
1102776	[567]	:	Key	71	DOWN	at	1102776 
1107547	[4771]	:	time Target is 1107547
1108201	[654]	:	Key	71	DOWN	at	1108200 
1112885	[4684]	:	time Target is 1112885
1118204	[5319]	:	time Target is 1118204
1119364	[1160]	:	Key	71	DOWN	at	1119364 
1123541	[4177]	:	time Target is 1123541
1128861	[5320]	:	time Target is 1128861
1129561	[700]	:	Key	71	DOWN	at	1129560 
1134191	[4630]	:	time Target is 1134191
1135446	[1255]	:	Key	71	DOWN	at	1135446 
1139531	[4085]	:	time Target is 1139531
1140087	[556]	:	Key	71	DOWN	at	1140086 
1144873	[4786]	:	time Target is 1144873
1145577	[704]	:	Key	71	DOWN	at	1145576 
1150212	[4635]	:	time Target is 1150212
1150661	[449]	:	Key	71	DOWN	at	1150661 
1155550	[4889]	:	time Target is 1155550
1160871	[5321]	:	time Target is 1160871
1161543	[672]	:	Key	71	DOWN	at	1161543 
1166206	[4663]	:	time Target is 1166206
1166661	[455]	:	Key	71	DOWN	at	1166661 
1171538	[4877]	:	time Target is 1171538
1172022	[484]	:	Key	71	DOWN	at	1172022 
1176875	[4853]	:	time Target is 1176875
1182199	[5324]	:	time Target is 1182199
1182869	[670]	:	Key	71	DOWN	at	1182869 
1187530	[4661]	:	time Target is 1187530
1188486	[956]	:	Key	71	DOWN	at	1188486 
1192868	[4382]	:	time Target is 1192868
1198189	[5321]	:	time Target is 1198189
1203515	[5326]	:	time Target is 1203515
1204201	[686]	:	Key	71	DOWN	at	1204201 
1208852	[4651]	:	time Target is 1208852
1209529	[677]	:	Key	71	DOWN	at	1209529 
1214188	[4659]	:	time Target is 1214188
1215413	[1225]	:	Key	71	DOWN	at	1215413 
1219523	[4110]	:	time Target is 1219523
1220214	[691]	:	Key	71	DOWN	at	1220214 
1224860	[4646]	:	time Target is 1224860
1226357	[1497]	:	Key	71	DOWN	at	1226357 
1230189	[3832]	:	Key	71	DOWN	at	1230008 
1230189	[0]	:	Key	71	UP	at	1230056 
1233002	[2813]	:	time Target is 1233002
1233512	[510]	:	Key	71	DOWN	at	1233512 
1238335	[4823]	:	time Target is 1238335
1238762	[427]	:	Key	71	DOWN	at	1238761 
1243677	[4915]	:	time Target is 1243677
1244169	[492]	:	Key	71	DOWN	at	1244168 
1249022	[4853]	:	time Target is 1249022
1249639	[617]	:	Key	71	DOWN	at	1249637 
1254360	[4721]	:	time Target is 1254360
1259679	[5319]	:	time Target is 1259679
1260280	[601]	:	Key	71	DOWN	at	1260280 
1265014	[4734]	:	time Target is 1265014
1265556	[542]	:	Key	71	DOWN	at	1265556 
1270350	[4794]	:	time Target is 1270350
1275671	[5321]	:	time Target is 1275671
1280993	[5322]	:	time Target is 1280993
1281973	[980]	:	Key	71	DOWN	at	1281973 
1286319	[4346]	:	time Target is 1286319
1286837	[518]	:	Key	71	DOWN	at	1286837 
1291653	[4816]	:	time Target is 1291653
1292310	[657]	:	Key	71	DOWN	at	1292309 
1296997	[4687]	:	time Target is 1296997
1297481	[484]	:	Key	71	DOWN	at	1297480 
1302331	[4850]	:	time Target is 1302331
1307655	[5324]	:	time Target is 1307655
1308376	[721]	:	Key	71	DOWN	at	1308376 
1312996	[4620]	:	time Target is 1312996
1313429	[433]	:	Key	71	DOWN	at	1313429 
1318332	[4903]	:	time Target is 1318332
1318726	[394]	:	Key	71	DOWN	at	1318726 
1323668	[4942]	:	time Target is 1323668
1324181	[513]	:	Key	71	DOWN	at	1324180 
1329004	[4823]	:	time Target is 1329004
1329385	[381]	:	Key	71	DOWN	at	1329385 
1334336	[4951]	:	time Target is 1334336
1334679	[343]	:	Key	71	DOWN	at	1334678 
1339674	[4995]	:	time Target is 1339674
1344994	[5320]	:	time Target is 1344994
1350317	[5323]	:	time Target is 1350317
1350696	[379]	:	Key	71	DOWN	at	1350696 
1354621	[3925]	:	Key	71	UP	at	1350821 
1375924	[21303]	:	Key	71	DOWN	at	1375924 
1376054	[130]	:	Key	71	UP	at	1376053 
1379945	[3891]	:	Key	71	DOWN	at	1379943 
1380735	[790]	:	Key	71	UP	at	1380019 
1381005	[270]	:	time Target is 1381005
1381640	[635]	:	Key	71	DOWN	at	1381640 
1386344	[4704]	:	time Target is 1386344
1386677	[333]	:	Key	71	DOWN	at	1386676 
1391682	[5005]	:	time Target is 1391682
1397000	[5318]	:	time Target is 1397000
1397591	[591]	:	Key	71	DOWN	at	1397590 
1402339	[4748]	:	time Target is 1402339
1402633	[294]	:	Key	71	DOWN	at	1402632 
1407675	[5042]	:	time Target is 1407675
1408805	[1130]	:	Key	71	DOWN	at	1408805 
1413009	[4204]	:	time Target is 1413009
1413352	[343]	:	Key	71	DOWN	at	1413352 
1418348	[4996]	:	time Target is 1418348
1423672	[5324]	:	time Target is 1423672
1424100	[428]	:	Key	71	DOWN	at	1424100 
1429006	[4906]	:	time Target is 1429006
1429738	[732]	:	Key	71	DOWN	at	1429737 
1434342	[4604]	:	time Target is 1434342
1435576	[1234]	:	Key	71	DOWN	at	1435575 
1439683	[4107]	:	time Target is 1439683
1440088	[405]	:	Key	71	DOWN	at	1440087 
1445022	[4934]	:	time Target is 1445022
1445384	[362]	:	Key	71	DOWN	at	1445384 
1450359	[4975]	:	time Target is 1450359
1455681	[5322]	:	time Target is 1455681
1456184	[503]	:	Key	71	DOWN	at	1456184 
1461019	[4835]	:	time Target is 1461019
1466342	[5323]	:	time Target is 1466342
1471660	[5318]	:	time Target is 1471660
1476975	[5315]	:	time Target is 1476975
1477463	[488]	:	Key	71	DOWN	at	1477463 
1482306	[4843]	:	time Target is 1482306
1487630	[5324]	:	time Target is 1487630
1492948	[5318]	:	time Target is 1492948
1498266	[5318]	:	time Target is 1498266
1503588	[5322]	:	time Target is 1503588
1508902	[5314]	:	Key	71	DOWN	at	1508664 
1508902	[0]	:	Key	71	UP	at	1508758 
1511449	[2547]	:	Key	71	DOWN	at	1511143 
1511450	[1]	:	Key	71	UP	at	1511225 
1514263	[2813]	:	time Target is 1514263
1514967	[704]	:	Key	71	DOWN	at	1514966 
1519602	[4635]	:	time Target is 1519602
1520327	[725]	:	Key	71	DOWN	at	1520327 
1524936	[4609]	:	time Target is 1524936
1530252	[5316]	:	Key	71	DOWN	at	1530181 
1530252	[0]	:	Key	71	UP	at	1530244 
1533064	[2812]	:	time Target is 1533064
1533753	[689]	:	Key	71	DOWN	at	1533753 
1538405	[4652]	:	time Target is 1538405
1539177	[772]	:	Key	71	DOWN	at	1539177 
1543744	[4567]	:	time Target is 1543744
1549069	[5325]	:	time Target is 1549069
1550134	[1065]	:	Key	71	DOWN	at	1550133 
1554404	[4270]	:	time Target is 1554404
1555495	[1091]	:	Key	71	DOWN	at	1555494 
1559741	[4246]	:	time Target is 1559741
1560473	[732]	:	Key	71	DOWN	at	1560473 
1565079	[4606]	:	time Target is 1565079
1565753	[674]	:	Key	71	DOWN	at	1565753 
1570415	[4662]	:	time Target is 1570415
1575744	[5329]	:	time Target is 1575744
1577017	[1273]	:	Key	71	DOWN	at	1577017 
1581083	[4066]	:	time Target is 1581083
1581717	[634]	:	Key	71	DOWN	at	1581716 
1586421	[4704]	:	time Target is 1586421
1591746	[5325]	:	time Target is 1591746
1592838	[1092]	:	Key	71	DOWN	at	1592838 
1597086	[4248]	:	time Target is 1597086
1602407	[5321]	:	time Target is 1602407
1607728	[5321]	:	time Target is 1607728
1613050	[5322]	:	time Target is 1613050
1618367	[5317]	:	time Target is 1618367
1618775	[408]	:	Key	71	DOWN	at	1618775 
1623705	[4930]	:	time Target is 1623705
1629031	[5326]	:	time Target is 1629031
1634353	[5322]	:	time Target is 1634353
1634885	[532]	:	Key	71	DOWN	at	1634885 
1639689	[4804]	:	time Target is 1639689
1645011	[5322]	:	time Target is 1645011
1650332	[5321]	:	time Target is 1650332
1655650	[5318]	:	time Target is 1655650
1656359	[709]	:	Key	71	DOWN	at	1656358 
1660986	[4627]	:	time Target is 1660986
1661476	[490]	:	Key	71	DOWN	at	1661476 
1666325	[4849]	:	time Target is 1666325
1671639	[5314]	:	time Target is 1671639
1676961	[5322]	:	time Target is 1676961
1682282	[5321]	:	time Target is 1682282
1682821	[539]	:	Key	71	DOWN	at	1682821 
1687612	[4791]	:	time Target is 1687612
1692936	[5324]	:	time Target is 1692936
1693721	[785]	:	Key	71	DOWN	at	1693720 
1698278	[4557]	:	time Target is 1698278
1703601	[5323]	:	time Target is 1703601
1708918	[5317]	:	time Target is 1708918
1714237	[5319]	:	time Target is 1714237
1719558	[5321]	:	time Target is 1719558
1720022	[464]	:	Key	71	DOWN	at	1720022 
1724894	[4872]	:	time Target is 1724894
1725399	[505]	:	Key	71	DOWN	at	1725399 
1730234	[4835]	:	time Target is 1730234
1730630	[396]	:	Key	71	DOWN	at	1730630 
1735569	[4939]	:	time Target is 1735569
1736853	[1284]	:	Key	71	DOWN	at	1736853 
1740907	[4054]	:	time Target is 1740907
1741720	[813]	:	Key	71	DOWN	at	1741720 
1746250	[4530]	:	time Target is 1746250
1746616	[366]	:	Key	71	DOWN	at	1746615 
1751586	[4970]	:	time Target is 1751586
1753016	[1430]	:	Key	71	DOWN	at	1753015 
1756919	[3903]	:	time Target is 1756919
1762241	[5322]	:	time Target is 1762241
1767563	[5322]	:	time Target is 1767563
1772879	[5316]	:	time Target is 1772879
1773446	[567]	:	Key	71	DOWN	at	1773446 
1778215	[4769]	:	time Target is 1778215
1778775	[560]	:	Key	71	DOWN	at	1778775 
1783289	[4514]	:	Key	71	DOWN	at	1783270 
1786096	[2807]	:	time Target is 1786096
1786596	[500]	:	Key	71	DOWN	at	1786596 
1791434	[4838]	:	time Target is 1791434
1796754	[5320]	:	time Target is 1796754
1802080	[5326]	:	time Target is 1802080
1802680	[600]	:	Key	71	DOWN	at	1802678 
1807411	[4731]	:	time Target is 1807411
1812737	[5326]	:	time Target is 1812737
1818057	[5320]	:	time Target is 1818057
1818665	[608]	:	Key	71	DOWN	at	1818665 
1823395	[4730]	:	time Target is 1823395
1828714	[5319]	:	time Target is 1828714
1834034	[5320]	:	time Target is 1834034
1834760	[726]	:	Key	71	DOWN	at	1834759 
1839377	[4617]	:	time Target is 1839377
1840105	[728]	:	Key	71	DOWN	at	1840104 
1844714	[4609]	:	time Target is 1844714
1845237	[523]	:	Key	71	DOWN	at	1845236 
1849019	[3782]	:	Key	71	UP	at	1845336 
1862886	[13867]	:	Key	71	DOWN	at	1862886 
1863675	[789]	:	Key	71	UP	at	1862966 
1863942	[267]	:	time Target is 1863942
1864646	[704]	:	Key	71	DOWN	at	1864645 
1869017	[4371]	:	Key	71	DOWN	at	1868916 
1869018	[1]	:	Key	71	UP	at	1868999 
1871836	[2818]	:	time Target is 1871836
1872549	[713]	:	Key	71	DOWN	at	1872549 
1877173	[4624]	:	time Target is 1877173
1882499	[5326]	:	time Target is 1882499
1883496	[997]	:	Key	71	DOWN	at	1883495 
1887836	[4340]	:	time Target is 1887836
1893164	[5328]	:	time Target is 1893164
1893479	[315]	:	Key	71	DOWN	at	1893478 
1898495	[5016]	:	time Target is 1898495
1903815	[5320]	:	time Target is 1903815
1905015	[1200]	:	Key	71	DOWN	at	1905015 
1909151	[4136]	:	time Target is 1909151
1914473	[5322]	:	time Target is 1914473
1915269	[796]	:	Key	71	DOWN	at	1915268 
1919811	[4542]	:	time Target is 1919811
1920549	[738]	:	Key	71	DOWN	at	1920549 
1925142	[4593]	:	time Target is 1925142
1925561	[419]	:	Key	71	DOWN	at	1925561 
1930481	[4920]	:	time Target is 1930481
1935801	[5320]	:	time Target is 1935801
1936502	[701]	:	Key	71	DOWN	at	1936502 
1941129	[4627]	:	time Target is 1941129
1941621	[492]	:	Key	71	DOWN	at	1941621 
1946469	[4848]	:	time Target is 1946469
1947063	[594]	:	Key	71	DOWN	at	1947063 
1951805	[4742]	:	time Target is 1951805
1957118	[5313]	:	time Target is 1957118
1962439	[5321]	:	time Target is 1962439
1962981	[542]	:	Key	71	DOWN	at	1962980 
1967764	[4783]	:	time Target is 1967764
1968724	[960]	:	Key	71	DOWN	at	1968724 
1973102	[4378]	:	time Target is 1973102
1973719	[617]	:	Key	71	DOWN	at	1973719 
1978441	[4722]	:	time Target is 1978441
1978761	[320]	:	Key	71	DOWN	at	1978761 
1983776	[5015]	:	time Target is 1983776
1989098	[5322]	:	time Target is 1989098
1994422	[5324]	:	time Target is 1994422
1994920	[498]	:	Key	71	DOWN	at	1994920 
1999758	[4838]	:	time Target is 1999758
2005082	[5324]	:	time Target is 2005082
2005962	[880]	:	Key	71	DOWN	at	2005960 
2010423	[4461]	:	time Target is 2010423
2011334	[911]	:	Key	71	DOWN	at	2011334 
2015758	[4424]	:	time Target is 2015758
2021079	[5321]	:	time Target is 2021079
2026401	[5322]	:	time Target is 2026401
2026759	[358]	:	Key	71	DOWN	at	2026758 
2031743	[4984]	:	time Target is 2031743
2032853	[1110]	:	Key	71	DOWN	at	2032852 
2037085	[4232]	:	time Target is 2037085
2037479	[394]	:	Key	71	DOWN	at	2037479 
2042420	[4941]	:	time Target is 2042420
2047748	[5328]	:	time Target is 2047748
2048583	[835]	:	Key	71	DOWN	at	2048583 
2053080	[4497]	:	time Target is 2053080
2053545	[465]	:	Key	71	DOWN	at	2053545 
2058408	[4863]	:	time Target is 2058408
2058695	[287]	:	Key	71	DOWN	at	2058694 
2063745	[5050]	:	time Target is 2063745
2069061	[5316]	:	time Target is 2069061
2074384	[5323]	:	time Target is 2074384
2079699	[5315]	:	time Target is 2079699
2080117	[418]	:	Key	71	DOWN	at	2080117 
2085030	[4913]	:	time Target is 2085030
2085109	[79]	:	Key	71	DOWN	at	2085109 
2090364	[5255]	:	time Target is 2090364
2095683	[5319]	:	time Target is 2095683
2096362	[679]	:	Key	71	DOWN	at	2096360 
2101030	[4668]	:	time Target is 2101030
2106348	[5318]	:	time Target is 2106348
2111669	[5321]	:	time Target is 2111669
2116989	[5320]	:	time Target is 2116989
2118137	[1148]	:	Key	71	DOWN	at	2118136 
2122325	[4188]	:	time Target is 2122325
2122822	[497]	:	Key	71	DOWN	at	2122822 
2127661	[4839]	:	time Target is 2127661
2128054	[393]	:	Key	71	DOWN	at	2128053 
2132999	[4945]	:	time Target is 2132999
2133718	[719]	:	Key	71	DOWN	at	2133718 
2138335	[4617]	:	time Target is 2138335
2138745	[410]	:	Key	71	DOWN	at	2138745 
2143668	[4923]	:	time Target is 2143668
2143993	[325]	:	Key	71	DOWN	at	2143992 
2149003	[5010]	:	time Target is 2149003
2149526	[523]	:	Key	71	DOWN	at	2149526 
2154339	[4813]	:	time Target is 2154339
2154710	[371]	:	Key	71	DOWN	at	2154710 
2159674	[4964]	:	time Target is 2159674
2160564	[890]	:	Key	71	DOWN	at	2160564 
2165013	[4449]	:	time Target is 2165013
2165354	[341]	:	Key	71	DOWN	at	2165353 
2170351	[4997]	:	time Target is 2170351
2170757	[406]	:	Key	71	DOWN	at	2170757 
2175686	[4929]	:	time Target is 2175686
2176549	[863]	:	Key	71	DOWN	at	2176549 
2181024	[4475]	:	time Target is 2181024
2186345	[5321]	:	time Target is 2186345
2191667	[5322]	:	time Target is 2191667
2192101	[434]	:	Key	71	DOWN	at	2192100 
2197010	[4909]	:	time Target is 2197010
2202332	[5322]	:	time Target is 2202332
2202649	[317]	:	Key	71	DOWN	at	2202648 
2207662	[5013]	:	time Target is 2207662
2208038	[376]	:	Key	71	DOWN	at	2208037 
2212996	[4958]	:	time Target is 2212996
2213591	[595]	:	Key	71	DOWN	at	2213591 
2218336	[4745]	:	time Target is 2218336
2218919	[583]	:	Key	71	DOWN	at	2218919 
2223668	[4749]	:	time Target is 2223668
2228990	[5322]	:	time Target is 2228990
2234309	[5319]	:	time Target is 2234309
2235062	[753]	:	Key	71	DOWN	at	2235062 
2239652	[4590]	:	time Target is 2239652
2240454	[802]	:	Key	71	DOWN	at	2240454 
2244990	[4536]	:	time Target is 2244990
2245751	[761]	:	Key	71	DOWN	at	2245750 
2250331	[4580]	:	time Target is 2250331
2255653	[5322]	:	time Target is 2255653
2256406	[753]	:	Key	71	DOWN	at	2256405 
2260989	[4583]	:	time Target is 2260989
2266310	[5321]	:	time Target is 2266310
2267066	[756]	:	Key	71	DOWN	at	2267065 
2271642	[4576]	:	time Target is 2271642
2272376	[734]	:	Key	71	DOWN	at	2272376 
2276976	[4600]	:	time Target is 2276976
2277252	[276]	:	Key	71	DOWN	at	2277252 
2282311	[5059]	:	time Target is 2282311
2287632	[5321]	:	time Target is 2287632
2292955	[5323]	:	time Target is 2292955
2298279	[5324]	:	time Target is 2298279
2298646	[367]	:	Key	71	DOWN	at	2298646 
2303615	[4969]	:	time Target is 2303615
2308939	[5324]	:	time Target is 2308939
2314259	[5320]	:	time Target is 2314259
2314629	[370]	:	Key	71	DOWN	at	2314629 
2319597	[4968]	:	time Target is 2319597
2324913	[5316]	:	time Target is 2324913
2330234	[5321]	:	time Target is 2330234
2335554	[5320]	:	time Target is 2335554
2336245	[691]	:	Key	71	DOWN	at	2336245 
2339862	[3617]	:	Key	71	UP	at	2336376 
2347671	[7809]	:	Key	71	DOWN	at	2347671 
2347737	[66]	:	Key	71	UP	at	2347736 
2358951	[11214]	:	Key	29	DOWN	at	2358950 
2359013	[62]	:	Key	29	UP	at	2359013 
2362887	[3874]	:	Key	29	DOWN	at	2362887 
2362980	[93]	:	Key	29	UP	at	2362980 
2365700	[2720]	:	Key	29	DOWN	at	2365700 
2365829	[129]	:	Key	29	UP	at	2365829 
2366952	[1123]	:	Key	29	DOWN	at	2366952 
2367030	[78]	:	Key	29	UP	at	2367028 
2368616	[1586]	:	Key	28	DOWN	at	2368615 
2368708	[92]	:	Key	28	UP	at	2368708 
2370217	[1509]	:	Key	28	DOWN	at	2370216 
2370328	[111]	:	Key	28	UP	at	2370328 
2372345	[2017]	:	Key	28	DOWN	at	2372344 
2372425	[80]	:	Key	28	UP	at	2372424 
2373029	[604]	:	Key	28	DOWN	at	2373029 
2373128	[99]	:	Key	28	UP	at	2373128 
2374777	[1649]	:	Key	29	DOWN	at	2374777 
2374886	[109]	:	Key	29	UP	at	2374885 
2376391	[1505]	:	Key	29	DOWN	at	2376391 
2376487	[96]	:	Key	29	UP	at	2376486 
2377894	[1407]	:	Key	28	DOWN	at	2377894 
2377993	[99]	:	Key	28	UP	at	2377993 
2378838	[845]	:	Key	28	DOWN	at	2378838 
2378933	[95]	:	Key	28	UP	at	2378932 
2380823	[1890]	:	Key	29	DOWN	at	2380822 
2380951	[128]	:	Key	29	UP	at	2380951 
2382185	[1234]	:	Key	28	DOWN	at	2382184 
2382312	[127]	:	Key	28	UP	at	2382312 
2383784	[1472]	:	Key	29	DOWN	at	2383783 
2383911	[127]	:	Key	29	UP	at	2383911 
2384326	[415]	:	Key	29	DOWN	at	2384326 
2384345	[19]	:	COGENT STOP
