Cog2000 log file Tue Sep 03 09:24:10 2019
gprim v1.33 Compiled:Aug 12 2015 (GLib DirectDraw v7 DX12.0 Compiled:Aug 12 2015)
Display:1024x768x32 59.95Hz
Attaching C:\Program Files\Cogent2000v1.33\Toolbox\CogInput.mexw64
CogInput v1.05 Compiled: May 20 2010
6	[6]	:	COGENT START
8162	[8156]	:	Key	71	DOWN	at	8156    
8253	[91]	:	Key	71	UP	at	8252    
27067	[18814]	:	Key	71	DOWN	at	27065   
27160	[93]	:	Key	71	UP	at	27160   
32320	[5160]	:	Key	71	DOWN	at	32317   
32380	[60]	:	Key	71	UP	at	32380   
44555	[12175]	:	Key	71	DOWN	at	44554   
44668	[113]	:	Key	71	UP	at	44667   
61294	[16626]	:	Key	71	DOWN	at	61293   
61388	[94]	:	Key	71	UP	at	61388   
80029	[18641]	:	Key	71	DOWN	at	80029   
80947	[918]	:	time Target is 80914
81368	[421]	:	Key	71	DOWN	at	81368   
87027	[5659]	:	time Target is 87026
93112	[6085]	:	time Target is 93110
93500	[388]	:	Key	71	DOWN	at	93500   
99211	[5711]	:	time Target is 99210
99515	[304]	:	Key	71	DOWN	at	99515   
105318	[5803]	:	time Target is 105313
105597	[279]	:	Key	71	DOWN	at	105597  
115484	[9887]	:	Key	71	DOWN	at	115484  
116545	[1061]	:	time Target is 116544
122874	[6329]	:	time Target is 122874
129205	[6331]	:	time Target is 129204
135531	[6326]	:	time Target is 135530
156395	[20864]	:	Key	71	DOWN	at	156395  
156507	[112]	:	Key	71	UP	at	156507  
161868	[5361]	:	Key	71	DOWN	at	161868  
161963	[95]	:	Key	71	UP	at	161962  
167278	[5315]	:	Key	71	DOWN	at	167278  
167385	[107]	:	Key	71	UP	at	167384  
176860	[9475]	:	Key	71	DOWN	at	176860  
176973	[113]	:	Key	71	UP	at	176972  
181497	[4524]	:	Key	71	DOWN	at	181497  
182322	[825]	:	Key	71	UP	at	181611  
182348	[26]	:	time Target is 182348
182828	[480]	:	Key	71	DOWN	at	182828  
187450	[4622]	:	time Target is 187449
188457	[1007]	:	Key	71	DOWN	at	188456  
192551	[4094]	:	time Target is 192551
197629	[5078]	:	time Target is 197629
197866	[237]	:	Key	71	DOWN	at	197866  
201941	[4075]	:	Key	71	UP	at	197981  
210556	[8615]	:	Key	71	DOWN	at	210554  
210651	[95]	:	Key	71	UP	at	210650  
215274	[4623]	:	Key	71	DOWN	at	215274  
216068	[794]	:	Key	71	UP	at	215405  
216098	[30]	:	time Target is 216097
216584	[486]	:	Key	71	DOWN	at	216584  
221180	[4596]	:	time Target is 221180
222232	[1052]	:	Key	71	DOWN	at	222232  
226272	[4040]	:	time Target is 226272
227258	[986]	:	Key	71	DOWN	at	227257  
231366	[4108]	:	time Target is 231365
232106	[740]	:	Key	71	DOWN	at	232105  
236453	[4347]	:	time Target is 236452
236909	[456]	:	Key	71	DOWN	at	236907  
241543	[4634]	:	time Target is 241543
241854	[311]	:	Key	71	DOWN	at	241853  
245839	[3985]	:	Key	71	UP	at	241949  
248635	[2796]	:	Key	71	DOWN	at	248635  
249427	[792]	:	Key	71	UP	at	248731  
249450	[23]	:	time Target is 249450
264074	[14624]	:	Key	71	DOWN	at	264074  
264169	[95]	:	Key	71	UP	at	264168  
267977	[3808]	:	Key	71	DOWN	at	267977  
268769	[792]	:	Key	71	UP	at	268075  
268795	[26]	:	time Target is 268794
269389	[594]	:	Key	71	DOWN	at	269388  
273885	[4496]	:	time Target is 273885
274588	[703]	:	Key	71	DOWN	at	274588  
278954	[4366]	:	Key	71	DOWN	at	278601  
281525	[2571]	:	time Target is 281525
282381	[856]	:	Key	71	DOWN	at	282381  
286614	[4233]	:	time Target is 286614
287243	[629]	:	Key	71	DOWN	at	287242  
291703	[4460]	:	time Target is 291703
292074	[371]	:	Key	71	DOWN	at	292073  
296011	[3937]	:	Key	71	UP	at	292203  
298588	[2577]	:	Key	71	DOWN	at	298588  
299379	[791]	:	Key	71	UP	at	298701  
299400	[21]	:	time Target is 299400
312413	[13013]	:	Key	71	DOWN	at	312412  
312508	[95]	:	Key	71	UP	at	312507  
316139	[3631]	:	Key	71	DOWN	at	316139  
316929	[790]	:	Key	71	UP	at	316267  
316949	[20]	:	time Target is 316949
317417	[468]	:	Key	71	DOWN	at	317416  
322042	[4625]	:	time Target is 322042
322552	[510]	:	Key	71	DOWN	at	322552  
327139	[4587]	:	time Target is 327139
332211	[5072]	:	time Target is 332211
333081	[870]	:	Key	71	DOWN	at	333081  
336518	[3437]	:	Key	71	UP	at	333242  
344895	[8377]	:	Key	71	DOWN	at	344894  
345003	[108]	:	Key	71	UP	at	345002  
362795	[17792]	:	Key	71	DOWN	at	362794  
362893	[98]	:	Key	71	UP	at	362893  
379757	[16864]	:	Key	71	DOWN	at	379757  
379868	[111]	:	Key	71	UP	at	379867  
392332	[12464]	:	Key	71	DOWN	at	392331  
392426	[94]	:	Key	71	UP	at	392425  
396989	[4563]	:	Key	71	DOWN	at	396988  
399568	[2579]	:	time Target is 399568
399998	[430]	:	Key	71	DOWN	at	399997  
404928	[4930]	:	time Target is 404928
410257	[5329]	:	time Target is 410257
415587	[5330]	:	time Target is 415587
416474	[887]	:	Key	71	DOWN	at	416474  
420935	[4461]	:	time Target is 420935
426264	[5329]	:	time Target is 426264
431593	[5329]	:	time Target is 431593
432090	[497]	:	Key	71	DOWN	at	432088  
436937	[4847]	:	time Target is 436937
437597	[660]	:	Key	71	DOWN	at	437597  
442273	[4676]	:	time Target is 442273
442877	[604]	:	Key	71	DOWN	at	442877  
447615	[4738]	:	time Target is 447615
452942	[5327]	:	time Target is 452942
453176	[234]	:	Key	71	DOWN	at	453176  
458277	[5101]	:	time Target is 458277
458574	[297]	:	Key	71	DOWN	at	458573  
463611	[5037]	:	time Target is 463611
468935	[5324]	:	time Target is 468935
469417	[482]	:	Key	71	DOWN	at	469417  
474275	[4858]	:	time Target is 474275
474745	[470]	:	Key	71	DOWN	at	474745  
479611	[4866]	:	time Target is 479611
484933	[5322]	:	time Target is 484933
484958	[25]	:	Key	71	DOWN	at	484957  
490277	[5319]	:	time Target is 490277
491113	[836]	:	Key	71	DOWN	at	491113  
495623	[4510]	:	time Target is 495623
500943	[5320]	:	time Target is 500943
501338	[395]	:	Key	71	DOWN	at	501338  
506285	[4947]	:	time Target is 506285
507290	[1005]	:	Key	71	DOWN	at	507289  
511626	[4336]	:	time Target is 511626
512509	[883]	:	Key	71	DOWN	at	512508  
516960	[4451]	:	time Target is 516960
522283	[5323]	:	time Target is 522283
522745	[462]	:	Key	71	DOWN	at	522745  
527616	[4871]	:	time Target is 527616
528078	[462]	:	Key	71	DOWN	at	528078  
532954	[4876]	:	time Target is 532954
533852	[898]	:	Key	71	DOWN	at	533851  
538293	[4441]	:	time Target is 538293
538762	[469]	:	Key	71	DOWN	at	538761  
543634	[4872]	:	time Target is 543634
544010	[376]	:	Key	71	DOWN	at	544009  
548971	[4961]	:	time Target is 548971
554293	[5322]	:	time Target is 554293
554956	[663]	:	Key	71	DOWN	at	554956  
559629	[4673]	:	time Target is 559629
564959	[5330]	:	time Target is 564959
565529	[570]	:	Key	71	DOWN	at	565528  
570289	[4760]	:	time Target is 570289
570875	[586]	:	Key	71	DOWN	at	570875  
575626	[4751]	:	time Target is 575626
576745	[1119]	:	Key	71	DOWN	at	576745  
580958	[4213]	:	time Target is 580958
581501	[543]	:	Key	71	DOWN	at	581500  
586291	[4790]	:	time Target is 586291
587401	[1110]	:	Key	71	DOWN	at	587401  
591629	[4228]	:	time Target is 591629
596959	[5330]	:	time Target is 596959
602281	[5322]	:	time Target is 602281
607597	[5316]	:	time Target is 607597
607867	[270]	:	Key	71	DOWN	at	607867  
612935	[5068]	:	time Target is 612935
618262	[5327]	:	time Target is 618262
618523	[261]	:	Key	71	DOWN	at	618522  
623602	[5079]	:	time Target is 623602
624301	[699]	:	Key	71	DOWN	at	624301  
628941	[4640]	:	time Target is 628941
630076	[1135]	:	Key	71	DOWN	at	630076  
634293	[4217]	:	time Target is 634293
639609	[5316]	:	time Target is 639609
639948	[339]	:	Key	71	DOWN	at	639948  
644943	[4995]	:	time Target is 644943
650258	[5315]	:	time Target is 650258
650607	[349]	:	Key	71	DOWN	at	650606  
655593	[4986]	:	time Target is 655593
656570	[977]	:	Key	71	DOWN	at	656570  
660933	[4363]	:	time Target is 660933
666251	[5318]	:	time Target is 666251
671570	[5319]	:	time Target is 671570
672170	[600]	:	Key	71	DOWN	at	672170  
676905	[4735]	:	time Target is 676905
681969	[5064]	:	Key	71	DOWN	at	681579  
681969	[0]	:	Key	71	UP	at	681691  
684780	[2811]	:	time Target is 684780
685278	[498]	:	Key	71	DOWN	at	685277  
690115	[4837]	:	time Target is 690115
695438	[5323]	:	time Target is 695438
700752	[5314]	:	time Target is 700752
701593	[841]	:	Key	71	DOWN	at	701593  
706083	[4490]	:	time Target is 706083
706601	[518]	:	Key	71	DOWN	at	706601  
711415	[4814]	:	time Target is 711415
712890	[1475]	:	Key	71	DOWN	at	712890  
716748	[3858]	:	time Target is 716748
722071	[5323]	:	time Target is 722071
727390	[5319]	:	time Target is 727390
727403	[13]	:	Key	71	DOWN	at	727402  
732717	[5314]	:	time Target is 732717
733165	[448]	:	Key	71	DOWN	at	733165  
738054	[4889]	:	time Target is 738054
739467	[1413]	:	Key	71	DOWN	at	739467  
743393	[3926]	:	time Target is 743393
748715	[5322]	:	time Target is 748715
749710	[995]	:	Key	71	DOWN	at	749709  
754054	[4344]	:	time Target is 754054
759373	[5319]	:	time Target is 759373
764696	[5323]	:	time Target is 764696
765421	[725]	:	Key	71	DOWN	at	765421  
770034	[4613]	:	time Target is 770034
775357	[5323]	:	time Target is 775357
780676	[5319]	:	time Target is 780676
781178	[502]	:	Key	71	DOWN	at	781177  
786010	[4832]	:	time Target is 786010
791328	[5318]	:	time Target is 791328
791676	[348]	:	Key	71	DOWN	at	791676  
796649	[4973]	:	Key	71	DOWN	at	796572  
799463	[2814]	:	time Target is 799463
799836	[373]	:	Key	71	DOWN	at	799836  
804801	[4965]	:	time Target is 804801
810124	[5323]	:	time Target is 810124
815439	[5315]	:	time Target is 815439
816010	[571]	:	Key	71	DOWN	at	816010  
820772	[4762]	:	time Target is 820772
825829	[5057]	:	Key	71	DOWN	at	825323  
825829	[0]	:	Key	71	UP	at	825787  
828643	[2814]	:	time Target is 828643
833968	[5325]	:	time Target is 833968
839287	[5319]	:	time Target is 839287
839965	[678]	:	Key	71	DOWN	at	839964  
844625	[4660]	:	time Target is 844625
845421	[796]	:	Key	71	DOWN	at	845420  
849962	[4541]	:	time Target is 849962
855285	[5323]	:	time Target is 855285
856510	[1225]	:	Key	71	DOWN	at	856509  
860624	[4114]	:	time Target is 860624
861356	[732]	:	Key	71	DOWN	at	861356  
865962	[4606]	:	time Target is 865962
866889	[927]	:	Key	71	DOWN	at	866889  
870265	[3376]	:	Key	71	UP	at	867021  
871482	[1217]	:	Key	71	DOWN	at	871482  
872272	[790]	:	Key	71	UP	at	871610  
872541	[269]	:	time Target is 872541
873517	[976]	:	Key	71	DOWN	at	873517  
877876	[4359]	:	time Target is 877876
882932	[5056]	:	Key	71	DOWN	at	882475  
882933	[1]	:	Key	71	UP	at	882588  
885750	[2817]	:	time Target is 885750
886395	[645]	:	Key	71	DOWN	at	886395  
891086	[4691]	:	time Target is 891086
896409	[5323]	:	time Target is 896409
897483	[1074]	:	Key	71	DOWN	at	897482  
901743	[4260]	:	time Target is 901743
902201	[458]	:	Key	71	DOWN	at	902200  
907094	[4893]	:	time Target is 907094
907560	[466]	:	Key	71	DOWN	at	907560  
912430	[4870]	:	time Target is 912430
917755	[5325]	:	time Target is 917755
918604	[849]	:	Key	71	DOWN	at	918604  
923094	[4490]	:	time Target is 923094
928415	[5321]	:	time Target is 928415
933735	[5320]	:	time Target is 933735
934206	[471]	:	Key	71	DOWN	at	934205  
939075	[4869]	:	time Target is 939075
940026	[951]	:	Key	71	DOWN	at	940026  
944413	[4387]	:	time Target is 944413
949733	[5320]	:	time Target is 949733
950492	[759]	:	Key	71	DOWN	at	950492  
955067	[4575]	:	time Target is 955067
960396	[5329]	:	time Target is 960396
961560	[1164]	:	Key	71	DOWN	at	961560  
965735	[4175]	:	time Target is 965735
966425	[690]	:	Key	71	DOWN	at	966424  
971076	[4651]	:	time Target is 971076
971597	[521]	:	Key	71	DOWN	at	971597  
976421	[4824]	:	time Target is 976421
976779	[358]	:	Key	71	DOWN	at	976778  
981756	[4977]	:	time Target is 981756
982539	[783]	:	Key	71	DOWN	at	982539  
987095	[4556]	:	time Target is 987095
992420	[5325]	:	time Target is 992420
992776	[356]	:	Key	71	DOWN	at	992776  
997758	[4982]	:	time Target is 997758
1003099	[5341]	:	time Target is 1003099
1004234	[1135]	:	Key	71	DOWN	at	1004233 
1008436	[4202]	:	time Target is 1008436
1009342	[906]	:	Key	71	DOWN	at	1009341 
1013778	[4436]	:	time Target is 1013778
1014525	[747]	:	Key	71	DOWN	at	1014524 
1019119	[4594]	:	time Target is 1019119
1020411	[1292]	:	Key	71	DOWN	at	1020411 
1024461	[4050]	:	time Target is 1024461
1029785	[5324]	:	time Target is 1029785
1030730	[945]	:	Key	71	DOWN	at	1030730 
1035111	[4381]	:	Key	71	DOWN	at	1034859 
1035111	[0]	:	Key	71	UP	at	1034939 
1037919	[2808]	:	time Target is 1037919
1043242	[5323]	:	time Target is 1043242
1048560	[5318]	:	time Target is 1048560
1048954	[394]	:	Key	71	DOWN	at	1048954 
1053897	[4943]	:	time Target is 1053897
1054153	[256]	:	Key	71	DOWN	at	1054153 
1059231	[5078]	:	time Target is 1059231
1060104	[873]	:	Key	71	DOWN	at	1060104 
1064562	[4458]	:	time Target is 1064562
1069884	[5322]	:	time Target is 1069884
1070553	[669]	:	Key	71	DOWN	at	1070552 
1075225	[4672]	:	time Target is 1075225
1080541	[5316]	:	time Target is 1080541
1081964	[1423]	:	Key	71	DOWN	at	1081964 
1085878	[3914]	:	time Target is 1085878
1086217	[339]	:	Key	71	DOWN	at	1086217 
1091209	[4992]	:	time Target is 1091209
1091720	[511]	:	Key	71	DOWN	at	1091720 
1096547	[4827]	:	time Target is 1096547
1101873	[5326]	:	time Target is 1101873
1102252	[379]	:	Key	71	DOWN	at	1102252 
1107212	[4960]	:	time Target is 1107212
1107469	[257]	:	Key	71	DOWN	at	1107469 
1112553	[5084]	:	time Target is 1112553
1112969	[416]	:	Key	71	DOWN	at	1112968 
1117892	[4923]	:	time Target is 1117892
1123214	[5322]	:	time Target is 1123214
1128537	[5323]	:	time Target is 1128537
1133855	[5318]	:	time Target is 1133855
1133900	[45]	:	Key	71	DOWN	at	1133900 
1139192	[5292]	:	time Target is 1139192
1139497	[305]	:	Key	71	DOWN	at	1139497 
1144524	[5027]	:	time Target is 1144524
1145354	[830]	:	Key	71	DOWN	at	1145354 
1149858	[4504]	:	time Target is 1149858
1150172	[314]	:	Key	71	DOWN	at	1150171 
1155195	[5023]	:	time Target is 1155195
1155452	[257]	:	Key	71	DOWN	at	1155451 
1160536	[5084]	:	time Target is 1160536
1160808	[272]	:	Key	71	DOWN	at	1160808 
1165872	[5064]	:	time Target is 1165872
1171198	[5326]	:	time Target is 1171198
1171482	[284]	:	Key	71	DOWN	at	1171482 
1176534	[5052]	:	time Target is 1176534
1177931	[1397]	:	Key	71	DOWN	at	1177930 
1181869	[3938]	:	time Target is 1181869
1182907	[1038]	:	Key	71	DOWN	at	1182907 
1187203	[4296]	:	time Target is 1187203
1187741	[538]	:	Key	71	DOWN	at	1187740 
1192541	[4800]	:	time Target is 1192541
1192989	[448]	:	Key	71	DOWN	at	1192989 
1197879	[4890]	:	time Target is 1197879
1198185	[306]	:	Key	71	DOWN	at	1198185 
1203216	[5031]	:	time Target is 1203216
1203819	[603]	:	Key	71	DOWN	at	1203818 
1208553	[4734]	:	time Target is 1208553
1213877	[5324]	:	time Target is 1213877
1214174	[297]	:	Key	71	DOWN	at	1214173 
1219217	[5043]	:	time Target is 1219217
1224537	[5320]	:	time Target is 1224537
1224793	[256]	:	Key	71	DOWN	at	1224792 
1229875	[5082]	:	time Target is 1229875
1230377	[502]	:	Key	71	DOWN	at	1230377 
1235211	[4834]	:	time Target is 1235211
1235785	[574]	:	Key	71	DOWN	at	1235784 
1240549	[4764]	:	time Target is 1240549
1240841	[292]	:	Key	71	DOWN	at	1240841 
1245883	[5042]	:	time Target is 1245883
1246156	[273]	:	Key	71	DOWN	at	1246156 
1251217	[5061]	:	time Target is 1251217
1251502	[285]	:	Key	71	DOWN	at	1251502 
1256553	[5051]	:	time Target is 1256553
1261876	[5323]	:	time Target is 1261876
1262156	[280]	:	Key	71	DOWN	at	1262156 
1267210	[5054]	:	time Target is 1267210
1267656	[446]	:	Key	71	DOWN	at	1267656 
1272547	[4891]	:	time Target is 1272547
1272760	[213]	:	Key	71	DOWN	at	1272760 
1277883	[5123]	:	time Target is 1277883
1279150	[1267]	:	Key	71	DOWN	at	1279149 
1283229	[4079]	:	time Target is 1283229
1288549	[5320]	:	time Target is 1288549
1288826	[277]	:	Key	71	DOWN	at	1288825 
1293885	[5059]	:	time Target is 1293885
1294731	[846]	:	Key	71	DOWN	at	1294731 
1299226	[4495]	:	time Target is 1299226
1300062	[836]	:	Key	71	DOWN	at	1300061 
1304558	[4496]	:	time Target is 1304558
1309881	[5323]	:	time Target is 1309881
1310346	[465]	:	Key	71	DOWN	at	1310345 
1315219	[4873]	:	time Target is 1315219
1320539	[5320]	:	time Target is 1320539
1321114	[575]	:	Key	71	DOWN	at	1321113 
1325876	[4762]	:	time Target is 1325876
1326573	[697]	:	Key	71	DOWN	at	1326573 
1331217	[4644]	:	time Target is 1331217
1336537	[5320]	:	time Target is 1336537
1336937	[400]	:	Key	71	DOWN	at	1336937 
1341873	[4936]	:	time Target is 1341873
1342493	[620]	:	Key	71	DOWN	at	1342492 
1346175	[3682]	:	Key	71	UP	at	1342621 
1347754	[1579]	:	Key	71	DOWN	at	1347753 
1347885	[131]	:	Key	71	UP	at	1347885 
1355802	[7917]	:	Key	71	DOWN	at	1355802 
1356597	[795]	:	Key	71	UP	at	1355932 
1356866	[269]	:	time Target is 1356866
1357388	[522]	:	Key	71	DOWN	at	1357388 
1362189	[4801]	:	time Target is 1362189
1367512	[5323]	:	time Target is 1367512
1367832	[320]	:	Key	71	DOWN	at	1367832 
1372853	[5021]	:	time Target is 1372853
1373242	[389]	:	Key	71	DOWN	at	1373241 
1378192	[4950]	:	time Target is 1378192
1383512	[5320]	:	time Target is 1383512
1384074	[562]	:	Key	71	DOWN	at	1384073 
1388851	[4777]	:	time Target is 1388851
1394179	[5328]	:	time Target is 1394179
1394909	[730]	:	Key	71	DOWN	at	1394908 
1399513	[4604]	:	time Target is 1399513
1404835	[5322]	:	time Target is 1404835
1405149	[314]	:	Key	71	DOWN	at	1405148 
1410174	[5025]	:	time Target is 1410174
1415490	[5316]	:	time Target is 1415490
1420821	[5331]	:	time Target is 1420821
1426142	[5321]	:	time Target is 1426142
1426634	[492]	:	Key	71	DOWN	at	1426634 
1431492	[4858]	:	time Target is 1431492
1436813	[5321]	:	time Target is 1436813
1442135	[5322]	:	time Target is 1442135
1442557	[422]	:	Key	71	DOWN	at	1442556 
1447469	[4912]	:	time Target is 1447469
1447964	[495]	:	Key	71	DOWN	at	1447964 
1452808	[4844]	:	time Target is 1452808
1453469	[661]	:	Key	71	DOWN	at	1453468 
1458140	[4671]	:	time Target is 1458140
1463463	[5323]	:	time Target is 1463463
1463848	[385]	:	Key	71	DOWN	at	1463848 
1468802	[4954]	:	time Target is 1468802
1474125	[5323]	:	time Target is 1474125
1474442	[317]	:	Key	71	DOWN	at	1474441 
1479464	[5022]	:	time Target is 1479464
1480586	[1122]	:	Key	71	DOWN	at	1480586 
1484805	[4219]	:	time Target is 1484805
1490127	[5322]	:	time Target is 1490127
1490825	[698]	:	Key	71	DOWN	at	1490825 
1495461	[4636]	:	time Target is 1495461
1496699	[1238]	:	Key	71	DOWN	at	1496698 
1500814	[4115]	:	time Target is 1500814
1506133	[5319]	:	time Target is 1506133
1506362	[229]	:	Key	71	DOWN	at	1506361 
1511473	[5111]	:	time Target is 1511473
1511913	[440]	:	Key	71	DOWN	at	1511913 
1516545	[4632]	:	Key	71	DOWN	at	1516346 
1516546	[1]	:	Key	71	UP	at	1516458 
1519363	[2817]	:	time Target is 1519363
1524679	[5316]	:	time Target is 1524679
1525518	[839]	:	Key	71	DOWN	at	1525517 
1530028	[4510]	:	time Target is 1530028
1535352	[5324]	:	time Target is 1535352
1540676	[5324]	:	time Target is 1540676
1546000	[5324]	:	time Target is 1546000
1547213	[1213]	:	Key	71	DOWN	at	1547212 
1551343	[4130]	:	time Target is 1551343
1556666	[5323]	:	time Target is 1556666
1557052	[386]	:	Key	71	DOWN	at	1557052 
1562005	[4953]	:	time Target is 1562005
1567327	[5322]	:	time Target is 1567327
1568139	[812]	:	Key	71	DOWN	at	1568139 
1572661	[4522]	:	time Target is 1572661
1573534	[873]	:	Key	71	DOWN	at	1573533 
1577993	[4459]	:	time Target is 1577993
1578952	[959]	:	Key	71	DOWN	at	1578952 
1583319	[4367]	:	time Target is 1583319
1588645	[5326]	:	time Target is 1588645
1589338	[693]	:	Key	71	DOWN	at	1589338 
1593986	[4648]	:	time Target is 1593986
1599326	[5340]	:	time Target is 1599326
1599721	[395]	:	Key	71	DOWN	at	1599720 
1604654	[4933]	:	time Target is 1604654
1609978	[5324]	:	time Target is 1609978
1615299	[5321]	:	time Target is 1615299
1615581	[282]	:	Key	71	DOWN	at	1615581 
1620639	[5058]	:	time Target is 1620639
1620938	[299]	:	Key	71	DOWN	at	1620937 
1625976	[5038]	:	time Target is 1625976
1626460	[484]	:	Key	71	DOWN	at	1626460 
1631307	[4847]	:	time Target is 1631307
1636639	[5332]	:	time Target is 1636639
1641961	[5322]	:	time Target is 1641961
1642397	[436]	:	Key	71	DOWN	at	1642396 
1647301	[4904]	:	time Target is 1647301
1647612	[311]	:	Key	71	DOWN	at	1647612 
1652642	[5030]	:	time Target is 1652642
1657967	[5325]	:	time Target is 1657967
1658058	[91]	:	Key	71	DOWN	at	1658058 
1663302	[5244]	:	time Target is 1663302
1668627	[5325]	:	time Target is 1668627
1668812	[185]	:	Key	71	DOWN	at	1668812 
1673959	[5147]	:	time Target is 1673959
1679283	[5324]	:	time Target is 1679283
1684604	[5321]	:	time Target is 1684604
1685180	[576]	:	Key	71	DOWN	at	1685179 
1689951	[4771]	:	time Target is 1689951
1691291	[1340]	:	Key	71	DOWN	at	1691290 
1695294	[4003]	:	time Target is 1695294
1700625	[5331]	:	time Target is 1700625
1701275	[650]	:	Key	71	DOWN	at	1701274 
1705959	[4684]	:	time Target is 1705959
1711284	[5325]	:	time Target is 1711284
1711660	[376]	:	Key	71	DOWN	at	1711660 
1716623	[4963]	:	time Target is 1716623
1721948	[5325]	:	time Target is 1721948
1722683	[735]	:	Key	71	DOWN	at	1722683 
1727292	[4609]	:	time Target is 1727292
1728395	[1103]	:	Key	71	DOWN	at	1728395 
1732633	[4238]	:	time Target is 1732633
1732876	[243]	:	Key	71	DOWN	at	1732875 
1737975	[5099]	:	time Target is 1737975
1743299	[5324]	:	time Target is 1743299
1743769	[470]	:	Key	71	DOWN	at	1743768 
1748638	[4869]	:	time Target is 1748638
1753960	[5322]	:	time Target is 1753960
1754060	[100]	:	Key	71	DOWN	at	1754059 
1759300	[5240]	:	time Target is 1759300
1759626	[326]	:	Key	71	DOWN	at	1759625 
1764638	[5012]	:	time Target is 1764638
1769962	[5324]	:	time Target is 1769962
1770316	[354]	:	Key	71	DOWN	at	1770316 
1775302	[4986]	:	time Target is 1775302
1780622	[5320]	:	time Target is 1780622
1780986	[364]	:	Key	71	DOWN	at	1780986 
1785959	[4973]	:	time Target is 1785959
1791289	[5330]	:	time Target is 1791289
1796611	[5322]	:	time Target is 1796611
1796956	[345]	:	Key	71	DOWN	at	1796955 
1801950	[4994]	:	time Target is 1801950
1802508	[558]	:	Key	71	DOWN	at	1802507 
1807281	[4773]	:	time Target is 1807281
1812611	[5330]	:	time Target is 1812611
1812955	[344]	:	Key	71	DOWN	at	1812954 
1817945	[4990]	:	time Target is 1817945
1818473	[528]	:	Key	71	DOWN	at	1818473 
1823271	[4798]	:	time Target is 1823271
1828596	[5325]	:	time Target is 1828596
1829341	[745]	:	Key	71	DOWN	at	1829341 
1832897	[3556]	:	Key	71	UP	at	1829499 
1834141	[1244]	:	Key	71	DOWN	at	1834140 
1834930	[789]	:	Key	71	UP	at	1834348 
1835198	[268]	:	time Target is 1835198
1835852	[654]	:	Key	71	DOWN	at	1835852 
1840540	[4688]	:	time Target is 1840540
1845870	[5330]	:	time Target is 1845870
1851193	[5323]	:	time Target is 1851193
1856516	[5323]	:	time Target is 1856516
1861843	[5327]	:	time Target is 1861843
1867163	[5320]	:	time Target is 1867163
1872486	[5323]	:	time Target is 1872486
1877808	[5322]	:	time Target is 1877808
1883128	[5320]	:	time Target is 1883128
1883625	[497]	:	Key	71	DOWN	at	1883624 
1888472	[4847]	:	time Target is 1888472
1893797	[5325]	:	time Target is 1893797
1899123	[5326]	:	time Target is 1899123
1899548	[425]	:	Key	71	DOWN	at	1899547 
1904460	[4912]	:	time Target is 1904460
1909785	[5325]	:	time Target is 1909785
1915108	[5323]	:	time Target is 1915108
1920429	[5321]	:	time Target is 1920429
1920777	[348]	:	Key	71	DOWN	at	1920777 
1925766	[4989]	:	time Target is 1925766
1931092	[5326]	:	time Target is 1931092
1936413	[5321]	:	time Target is 1936413
1936716	[303]	:	Key	71	DOWN	at	1936716 
1941757	[5041]	:	time Target is 1941757
1947080	[5323]	:	time Target is 1947080
1952401	[5321]	:	time Target is 1952401
1952634	[233]	:	Key	71	DOWN	at	1952633 
1957732	[5098]	:	time Target is 1957732
1958169	[437]	:	Key	71	DOWN	at	1958168 
1963070	[4901]	:	time Target is 1963070
1968393	[5323]	:	time Target is 1968393
1973711	[5318]	:	time Target is 1973711
1979035	[5324]	:	time Target is 1979035
1980394	[1359]	:	Key	71	DOWN	at	1980393 
1984374	[3980]	:	time Target is 1984374
1989693	[5319]	:	time Target is 1989693
1989944	[251]	:	Key	71	DOWN	at	1989944 
1995029	[5085]	:	time Target is 1995029
1996490	[1461]	:	Key	71	DOWN	at	1996489 
2000370	[3880]	:	time Target is 2000370
2000925	[555]	:	Key	71	DOWN	at	2000925 
2005700	[4775]	:	Key	71	DOWN	at	2005645 
2008516	[2816]	:	time Target is 2008516
2013838	[5322]	:	time Target is 2013838
2019162	[5324]	:	time Target is 2019162
2024488	[5326]	:	time Target is 2024488
2029815	[5327]	:	time Target is 2029815
2035144	[5329]	:	time Target is 2035144
2040475	[5331]	:	time Target is 2040475
2045799	[5324]	:	time Target is 2045799
2051118	[5319]	:	time Target is 2051118
2051417	[299]	:	Key	71	DOWN	at	2051417 
2056456	[5039]	:	time Target is 2056456
2056714	[258]	:	Key	71	DOWN	at	2056713 
2061793	[5079]	:	time Target is 2061793
2067118	[5325]	:	time Target is 2067118
2072437	[5319]	:	time Target is 2072437
2077757	[5320]	:	time Target is 2077757
2083080	[5323]	:	time Target is 2083080
2083405	[325]	:	Key	71	DOWN	at	2083405 
2088413	[5008]	:	time Target is 2088413
2093725	[5312]	:	time Target is 2093725
2099050	[5325]	:	time Target is 2099050
2104371	[5321]	:	time Target is 2104371
2104715	[344]	:	Key	71	DOWN	at	2104714 
2109711	[4996]	:	time Target is 2109711
2110013	[302]	:	Key	71	DOWN	at	2110013 
2115048	[5035]	:	time Target is 2115048
2120373	[5325]	:	time Target is 2120373
2121673	[1300]	:	Key	71	DOWN	at	2121673 
2125715	[4042]	:	time Target is 2125715
2126475	[760]	:	Key	71	DOWN	at	2126475 
2131053	[4578]	:	time Target is 2131053
2136367	[5314]	:	time Target is 2136367
2136760	[393]	:	Key	71	DOWN	at	2136760 
2141707	[4947]	:	time Target is 2141707
2147030	[5323]	:	time Target is 2147030
2152350	[5320]	:	time Target is 2152350
2157670	[5320]	:	time Target is 2157670
2162994	[5324]	:	time Target is 2162994
2168315	[5321]	:	time Target is 2168315
2173638	[5323]	:	time Target is 2173638
2178960	[5322]	:	time Target is 2178960
2179289	[329]	:	Key	71	DOWN	at	2179288 
2184302	[5013]	:	time Target is 2184302
2189626	[5324]	:	time Target is 2189626
2190170	[544]	:	Key	71	DOWN	at	2190170 
2194963	[4793]	:	time Target is 2194963
2195306	[343]	:	Key	71	DOWN	at	2195306 
2200299	[4993]	:	time Target is 2200299
2205618	[5319]	:	time Target is 2205618
2210944	[5326]	:	time Target is 2210944
2216267	[5323]	:	time Target is 2216267
2221592	[5325]	:	time Target is 2221592
2221978	[386]	:	Key	71	DOWN	at	2221977 
2226931	[4953]	:	time Target is 2226931
2232255	[5324]	:	time Target is 2232255
2237579	[5324]	:	time Target is 2237579
2242900	[5321]	:	time Target is 2242900
2248228	[5328]	:	time Target is 2248228
2248538	[310]	:	Key	71	DOWN	at	2248538 
2253560	[5022]	:	time Target is 2253560
2258885	[5325]	:	time Target is 2258885
2264210	[5325]	:	time Target is 2264210
2264265	[55]	:	Key	71	DOWN	at	2264265 
2269551	[5286]	:	time Target is 2269551
2274872	[5321]	:	time Target is 2274872
2280194	[5322]	:	time Target is 2280194
2280764	[570]	:	Key	71	DOWN	at	2280764 
2285535	[4771]	:	time Target is 2285535
2290857	[5322]	:	time Target is 2290857
2296176	[5319]	:	time Target is 2296176
2301492	[5316]	:	time Target is 2301492
2306813	[5321]	:	time Target is 2306813
2318217	[11404]	:	Key	71	DOWN	at	2318216 
2318348	[131]	:	Key	71	UP	at	2318347 
2324941	[6593]	:	Key	71	DOWN	at	2324941 
2325083	[142]	:	Key	71	UP	at	2325083 
2331256	[6173]	:	Key	28	DOWN	at	2331256 
2331613	[357]	:	Key	28	UP	at	2331613 
2336397	[4784]	:	Key	29	DOWN	at	2336397 
2336570	[173]	:	Key	29	UP	at	2336570 
2344457	[7887]	:	Key	29	DOWN	at	2344457 
2344585	[128]	:	Key	29	UP	at	2344585 
2348716	[4131]	:	Key	29	DOWN	at	2348716 
2348829	[113]	:	Key	29	UP	at	2348828 
2354269	[5440]	:	Key	28	DOWN	at	2354268 
2354538	[269]	:	Key	28	UP	at	2354538 
2357054	[2516]	:	Key	28	DOWN	at	2357053 
2357226	[172]	:	Key	28	UP	at	2357225 
2359800	[2574]	:	Key	28	DOWN	at	2359800 
2359964	[164]	:	Key	28	UP	at	2359963 
2361004	[1040]	:	Key	28	DOWN	at	2361002 
2361098	[94]	:	Key	28	UP	at	2361098 
2363098	[2000]	:	Key	29	DOWN	at	2363098 
2363245	[147]	:	Key	29	UP	at	2363243 
2364442	[1197]	:	Key	29	DOWN	at	2364442 
2364541	[99]	:	Key	29	UP	at	2364541 
2368173	[3632]	:	Key	29	DOWN	at	2368172 
2368301	[128]	:	Key	29	UP	at	2368301 
2369145	[844]	:	Key	29	DOWN	at	2369145 
2369229	[84]	:	Key	29	UP	at	2369228 
2371818	[2589]	:	Key	29	DOWN	at	2371818 
2371930	[112]	:	Key	29	UP	at	2371929 
2373097	[1167]	:	Key	28	DOWN	at	2373097 
2373226	[129]	:	Key	28	UP	at	2373226 
2375179	[1953]	:	Key	28	DOWN	at	2375179 
2375324	[145]	:	Key	28	UP	at	2375324 
2375832	[508]	:	Key	28	DOWN	at	2375832 
2375892	[60]	:	COGENT STOP
