Cog2000 log file Mon Sep 30 17:08:42 2019
gprim v1.33 Compiled:Aug 12 2015 (GLib DirectDraw v7 DX12.0 Compiled:Aug 12 2015)
Display:1024x768x32 59.92Hz
Attaching C:\Program Files\Cogent2000v1.33\Toolbox\CogInput.mexw64
CogInput v1.05 Compiled: May 20 2010
18	[18]	:	COGENT START
17189	[17171]	:	Key	71	DOWN	at	17187   
17281	[92]	:	Key	71	UP	at	17280   
19042	[1761]	:	Key	71	DOWN	at	19040   
19138	[96]	:	Key	71	UP	at	19138   
38580	[19442]	:	Key	71	DOWN	at	38580   
38737	[157]	:	Key	71	UP	at	38736   
58323	[19586]	:	Key	71	DOWN	at	58323   
58498	[175]	:	Key	71	UP	at	58497   
78338	[19840]	:	Key	71	DOWN	at	78337   
78578	[240]	:	Key	71	UP	at	78578   
102834	[24256]	:	Key	71	DOWN	at	102834  
103921	[1087]	:	time Target is 103869
104324	[403]	:	Key	71	DOWN	at	104324  
110026	[5702]	:	time Target is 110025
110401	[375]	:	Key	71	DOWN	at	110401  
116130	[5729]	:	time Target is 116129
116400	[270]	:	Key	71	DOWN	at	116399  
122249	[5849]	:	time Target is 122248
122767	[518]	:	Key	71	DOWN	at	122767  
131730	[8963]	:	Key	71	DOWN	at	131730  
132818	[1088]	:	time Target is 132801
139144	[6326]	:	time Target is 139144
145478	[6334]	:	time Target is 145477
151816	[6338]	:	time Target is 151815
165852	[14036]	:	Key	71	DOWN	at	165152  
165853	[1]	:	Key	71	UP	at	165231  
180975	[15122]	:	Key	71	DOWN	at	180975  
181123	[148]	:	Key	71	UP	at	181123  
185344	[4221]	:	Key	71	DOWN	at	185343  
185523	[179]	:	Key	71	UP	at	185523  
190643	[5120]	:	Key	71	DOWN	at	190643  
190737	[94]	:	Key	71	UP	at	190737  
205425	[14688]	:	Key	71	DOWN	at	205424  
205630	[205]	:	Key	71	UP	at	205630  
209891	[4261]	:	Key	71	DOWN	at	209890  
210728	[837]	:	Key	71	UP	at	210050  
210745	[17]	:	time Target is 210744
211332	[587]	:	Key	71	DOWN	at	211331  
215834	[4502]	:	time Target is 215834
220918	[5084]	:	time Target is 220917
225996	[5078]	:	time Target is 225996
236609	[10613]	:	Key	71	DOWN	at	236609  
236739	[130]	:	Key	71	UP	at	236739  
249727	[12988]	:	Key	71	DOWN	at	249726  
250511	[784]	:	Key	71	UP	at	250018  
250530	[19]	:	time Target is 250529
255620	[5090]	:	time Target is 255619
260697	[5077]	:	time Target is 260697
265777	[5080]	:	time Target is 265777
266080	[303]	:	Key	71	DOWN	at	266079  
270070	[3990]	:	Key	71	UP	at	266336  
303630	[33560]	:	Key	71	DOWN	at	303630  
303711	[81]	:	Key	71	UP	at	303711  
307188	[3477]	:	Key	71	DOWN	at	307187  
307981	[793]	:	Key	71	UP	at	307266  
308001	[20]	:	time Target is 308001
308865	[864]	:	Key	71	DOWN	at	308865  
313078	[4213]	:	time Target is 313078
313742	[664]	:	Key	71	DOWN	at	313742  
318159	[4417]	:	time Target is 318158
323246	[5087]	:	time Target is 323246
324047	[801]	:	Key	71	DOWN	at	324047  
327529	[3482]	:	Key	71	UP	at	324211  
336351	[8822]	:	Key	71	DOWN	at	336351  
336500	[149]	:	Key	71	UP	at	336499  
338640	[2140]	:	Key	71	DOWN	at	338640  
339430	[790]	:	Key	71	UP	at	338753  
339445	[15]	:	time Target is 339445
339923	[478]	:	Key	71	DOWN	at	339923  
344534	[4611]	:	time Target is 344534
349599	[5065]	:	time Target is 349599
354678	[5079]	:	time Target is 354678
365632	[10954]	:	Key	71	DOWN	at	365632  
365743	[111]	:	Key	71	UP	at	365743  
392848	[27105]	:	Key	71	DOWN	at	392848  
392991	[143]	:	Key	71	UP	at	392991  
408031	[15040]	:	Key	71	DOWN	at	408031  
408238	[207]	:	Key	71	UP	at	408238  
421810	[13572]	:	Key	71	DOWN	at	421809  
421986	[176]	:	Key	71	UP	at	421985  
426387	[4401]	:	Key	71	DOWN	at	426387  
428970	[2583]	:	time Target is 428970
429506	[536]	:	Key	71	DOWN	at	429506  
434318	[4812]	:	time Target is 434318
439652	[5334]	:	time Target is 439652
440785	[1133]	:	Key	71	DOWN	at	440784  
444997	[4212]	:	time Target is 444997
450335	[5338]	:	time Target is 450335
450804	[469]	:	Key	71	DOWN	at	450803  
455687	[4883]	:	time Target is 455687
461010	[5323]	:	time Target is 461010
466353	[5343]	:	time Target is 466353
466560	[207]	:	Key	71	DOWN	at	466560  
471689	[5129]	:	time Target is 471689
472704	[1015]	:	Key	71	DOWN	at	472704  
477030	[4326]	:	time Target is 477030
482349	[5319]	:	time Target is 482349
487672	[5323]	:	time Target is 487672
488273	[601]	:	Key	71	DOWN	at	488273  
493001	[4728]	:	time Target is 493001
494020	[1019]	:	Key	71	DOWN	at	494019  
498342	[4322]	:	time Target is 498342
499185	[843]	:	Key	71	DOWN	at	499185  
503687	[4502]	:	time Target is 503687
509014	[5327]	:	time Target is 509014
514342	[5328]	:	time Target is 514342
519658	[5316]	:	time Target is 519658
520272	[614]	:	Key	71	DOWN	at	520270  
524999	[4727]	:	time Target is 524999
525779	[780]	:	Key	71	DOWN	at	525778  
530333	[4554]	:	time Target is 530333
535655	[5322]	:	time Target is 535655
540974	[5319]	:	time Target is 540974
546285	[5311]	:	time Target is 546285
551609	[5324]	:	time Target is 551609
551856	[247]	:	Key	71	DOWN	at	551855  
556949	[5093]	:	time Target is 556949
557426	[477]	:	Key	71	DOWN	at	557426  
562292	[4866]	:	time Target is 562292
563105	[813]	:	Key	71	DOWN	at	563104  
567626	[4521]	:	time Target is 567626
572947	[5321]	:	time Target is 572947
573201	[254]	:	Key	71	DOWN	at	573201  
578278	[5077]	:	time Target is 578278
583592	[5314]	:	time Target is 583592
584452	[860]	:	Key	71	DOWN	at	584452  
588926	[4474]	:	time Target is 588926
594244	[5318]	:	time Target is 594244
599563	[5319]	:	time Target is 599563
600064	[501]	:	Key	71	DOWN	at	600064  
604898	[4834]	:	time Target is 604898
605859	[961]	:	Key	71	DOWN	at	605858  
610231	[4372]	:	time Target is 610231
615553	[5322]	:	time Target is 615553
620877	[5324]	:	time Target is 620877
621076	[199]	:	Key	71	DOWN	at	621076  
626215	[5139]	:	time Target is 626215
631533	[5318]	:	time Target is 631533
636857	[5324]	:	time Target is 636857
637119	[262]	:	Key	71	DOWN	at	637119  
642190	[5071]	:	time Target is 642190
647510	[5320]	:	time Target is 647510
652833	[5323]	:	time Target is 652833
658154	[5321]	:	time Target is 658154
663472	[5318]	:	time Target is 663472
668795	[5323]	:	time Target is 668795
669953	[1158]	:	Key	71	DOWN	at	669952  
674134	[4181]	:	time Target is 674134
674738	[604]	:	Key	71	DOWN	at	674738  
679463	[4725]	:	time Target is 679463
684788	[5325]	:	time Target is 684788
690110	[5322]	:	time Target is 690110
690835	[725]	:	Key	71	DOWN	at	690834  
695445	[4610]	:	time Target is 695445
700765	[5320]	:	time Target is 700765
701055	[290]	:	Key	71	DOWN	at	701054  
706110	[5055]	:	time Target is 706109
711427	[5317]	:	time Target is 711427
712159	[732]	:	Key	71	DOWN	at	712158  
716764	[4605]	:	time Target is 716764
718208	[1444]	:	Key	71	DOWN	at	718207  
722096	[3888]	:	time Target is 722096
722338	[242]	:	Key	71	DOWN	at	722338  
727433	[5095]	:	time Target is 727433
727759	[326]	:	Key	71	DOWN	at	727759  
732773	[5014]	:	time Target is 732773
738089	[5316]	:	time Target is 738089
738911	[822]	:	Key	71	DOWN	at	738910  
743433	[4522]	:	time Target is 743433
743747	[314]	:	Key	71	DOWN	at	743746  
748767	[5020]	:	time Target is 748767
749012	[245]	:	Key	71	DOWN	at	749011  
754105	[5093]	:	time Target is 754105
759426	[5321]	:	time Target is 759426
759984	[558]	:	Key	71	DOWN	at	759984  
764751	[4767]	:	time Target is 764751
765632	[881]	:	Key	71	DOWN	at	765632  
770089	[4457]	:	time Target is 770089
771315	[1226]	:	Key	71	DOWN	at	771315  
775428	[4113]	:	time Target is 775428
775570	[142]	:	Key	71	DOWN	at	775570  
780770	[5200]	:	time Target is 780770
786093	[5323]	:	time Target is 786093
791414	[5321]	:	time Target is 791414
791427	[13]	:	Key	71	DOWN	at	791427  
796745	[5318]	:	time Target is 796745
796850	[105]	:	Key	71	DOWN	at	796850  
802084	[5234]	:	time Target is 802084
802367	[283]	:	Key	71	DOWN	at	802366  
807422	[5055]	:	time Target is 807422
808305	[883]	:	Key	71	DOWN	at	808304  
812759	[4454]	:	time Target is 812759
813777	[1018]	:	Key	71	DOWN	at	813777  
818094	[4317]	:	time Target is 818094
818324	[230]	:	Key	71	DOWN	at	818323  
823430	[5106]	:	time Target is 823430
823726	[296]	:	Key	71	DOWN	at	823726  
828763	[5037]	:	time Target is 828763
834081	[5318]	:	time Target is 834081
839401	[5320]	:	time Target is 839401
844722	[5321]	:	time Target is 844722
850038	[5316]	:	time Target is 850038
850532	[494]	:	Key	71	DOWN	at	850531  
855377	[4845]	:	time Target is 855377
855728	[351]	:	Key	71	DOWN	at	855727  
860699	[4971]	:	time Target is 860699
861662	[963]	:	Key	71	DOWN	at	861662  
866027	[4365]	:	time Target is 866027
871390	[5363]	:	time Target is 871390
872064	[674]	:	Key	71	DOWN	at	872064  
876727	[4663]	:	time Target is 876727
882048	[5321]	:	time Target is 882048
882721	[673]	:	Key	71	DOWN	at	882720  
887386	[4665]	:	time Target is 887386
892712	[5326]	:	time Target is 892712
898033	[5321]	:	time Target is 898033
899169	[1136]	:	Key	71	DOWN	at	899169  
903358	[4189]	:	time Target is 903358
904432	[1074]	:	Key	71	DOWN	at	904432  
907658	[3226]	:	Key	71	UP	at	904607  
909118	[1460]	:	Key	71	DOWN	at	909118  
909907	[789]	:	Key	71	UP	at	909299  
910177	[270]	:	time Target is 910177
915491	[5314]	:	time Target is 915491
915843	[352]	:	Key	71	DOWN	at	915843  
920817	[4974]	:	time Target is 920817
926135	[5318]	:	time Target is 926135
926847	[712]	:	Key	71	DOWN	at	926847  
931470	[4623]	:	time Target is 931470
936794	[5324]	:	time Target is 936794
937763	[969]	:	Key	71	DOWN	at	937763  
942126	[4363]	:	time Target is 942126
943602	[1476]	:	Key	71	DOWN	at	943602  
947457	[3855]	:	time Target is 947457
947857	[400]	:	Key	71	DOWN	at	947857  
952795	[4938]	:	time Target is 952795
953519	[724]	:	Key	71	DOWN	at	953519  
958128	[4609]	:	time Target is 958128
958787	[659]	:	Key	71	DOWN	at	958787  
963462	[4675]	:	time Target is 963462
964161	[699]	:	Key	71	DOWN	at	964161  
968796	[4635]	:	time Target is 968796
970114	[1318]	:	Key	71	DOWN	at	970114  
974127	[4013]	:	time Target is 974127
975138	[1011]	:	Key	71	DOWN	at	975137  
979466	[4328]	:	time Target is 979466
980063	[597]	:	Key	71	DOWN	at	980063  
984811	[4748]	:	time Target is 984811
985039	[228]	:	Key	71	DOWN	at	985038  
990149	[5110]	:	time Target is 990149
995472	[5323]	:	time Target is 995472
995651	[179]	:	Key	71	DOWN	at	995650  
1000813	[5162]	:	time Target is 1000813
1002015	[1202]	:	Key	71	DOWN	at	1002015 
1006148	[4133]	:	time Target is 1006148
1011467	[5319]	:	time Target is 1011467
1012734	[1267]	:	Key	71	DOWN	at	1012734 
1016802	[4068]	:	time Target is 1016802
1017635	[833]	:	Key	71	DOWN	at	1017634 
1022129	[4494]	:	time Target is 1022129
1023358	[1229]	:	Key	71	DOWN	at	1023358 
1027460	[4102]	:	time Target is 1027460
1028594	[1134]	:	Key	71	DOWN	at	1028594 
1032794	[4200]	:	time Target is 1032794
1038119	[5325]	:	time Target is 1038119
1039087	[968]	:	Key	71	DOWN	at	1039087 
1043452	[4365]	:	time Target is 1043452
1044704	[1252]	:	Key	71	DOWN	at	1044704 
1048780	[4076]	:	time Target is 1048780
1049571	[791]	:	Key	71	DOWN	at	1049570 
1054117	[4546]	:	time Target is 1054117
1054928	[811]	:	Key	71	DOWN	at	1054928 
1059457	[4529]	:	time Target is 1059457
1064767	[5310]	:	time Target is 1064767
1070073	[5306]	:	time Target is 1070073
1075381	[5308]	:	time Target is 1075381
1076354	[973]	:	Key	71	DOWN	at	1076353 
1080707	[4353]	:	time Target is 1080707
1081953	[1246]	:	Key	71	DOWN	at	1081952 
1086025	[4072]	:	time Target is 1086025
1091331	[5306]	:	time Target is 1091331
1092210	[879]	:	Key	71	DOWN	at	1092209 
1096651	[4441]	:	time Target is 1096651
1097155	[504]	:	Key	71	DOWN	at	1097154 
1101965	[4810]	:	time Target is 1101965
1102947	[982]	:	Key	71	DOWN	at	1102947 
1107280	[4333]	:	time Target is 1107280
1112589	[5309]	:	time Target is 1112589
1112960	[371]	:	Key	71	DOWN	at	1112959 
1117914	[4954]	:	time Target is 1117914
1118386	[472]	:	Key	71	DOWN	at	1118386 
1123251	[4865]	:	time Target is 1123251
1124275	[1024]	:	Key	71	DOWN	at	1124274 
1128577	[4302]	:	time Target is 1128577
1129744	[1167]	:	Key	71	DOWN	at	1129744 
1133917	[4173]	:	time Target is 1133917
1134531	[614]	:	Key	71	DOWN	at	1134531 
1139248	[4717]	:	time Target is 1139248
1144567	[5319]	:	time Target is 1144567
1149886	[5319]	:	time Target is 1149886
1151185	[1299]	:	Key	71	DOWN	at	1151185 
1155221	[4036]	:	time Target is 1155221
1160540	[5319]	:	time Target is 1160540
1165863	[5323]	:	time Target is 1165863
1171180	[5317]	:	time Target is 1171180
1171601	[421]	:	Key	71	DOWN	at	1171600 
1176508	[4907]	:	time Target is 1176508
1181825	[5317]	:	time Target is 1181825
1187143	[5318]	:	time Target is 1187143
1187700	[557]	:	Key	71	DOWN	at	1187699 
1192482	[4782]	:	time Target is 1192482
1193776	[1294]	:	Key	71	DOWN	at	1193776 
1197814	[4038]	:	time Target is 1197814
1203134	[5320]	:	time Target is 1203134
1203199	[65]	:	Key	71	DOWN	at	1203199 
1208466	[5267]	:	time Target is 1208466
1209055	[589]	:	Key	71	DOWN	at	1209055 
1213795	[4740]	:	time Target is 1213795
1219119	[5324]	:	time Target is 1219119
1220160	[1041]	:	Key	71	DOWN	at	1220160 
1224457	[4297]	:	time Target is 1224457
1229780	[5323]	:	time Target is 1229780
1230275	[495]	:	Key	71	DOWN	at	1230275 
1235114	[4839]	:	time Target is 1235114
1235456	[342]	:	Key	71	DOWN	at	1235456 
1240450	[4994]	:	time Target is 1240450
1241906	[1456]	:	Key	71	DOWN	at	1241905 
1245787	[3881]	:	time Target is 1245787
1251109	[5322]	:	time Target is 1251109
1256423	[5314]	:	time Target is 1256423
1256449	[26]	:	Key	71	DOWN	at	1256449 
1261750	[5301]	:	time Target is 1261750
1267065	[5315]	:	Key	71	DOWN	at	1267026 
1269880	[2815]	:	time Target is 1269880
1274936	[5056]	:	Key	71	DOWN	at	1274880 
1277750	[2814]	:	time Target is 1277750
1278495	[745]	:	Key	71	DOWN	at	1278494 
1282825	[4330]	:	Key	71	DOWN	at	1282787 
1285629	[2804]	:	Key	71	DOWN	at	1285587 
1288433	[2804]	:	Key	71	DOWN	at	1288321 
1288433	[0]	:	Key	71	UP	at	1288416 
1290978	[2545]	:	Key	71	DOWN	at	1290943 
1293787	[2809]	:	Key	71	DOWN	at	1293586 
1293787	[0]	:	Key	71	UP	at	1293598 
1296599	[2812]	:	time Target is 1296599
1297219	[620]	:	Key	71	DOWN	at	1297219 
1301664	[4445]	:	Key	71	DOWN	at	1301587 
1301665	[1]	:	Key	71	UP	at	1301663 
1304472	[2807]	:	Key	71	DOWN	at	1304242 
1304472	[0]	:	Key	71	UP	at	1304355 
1307024	[2552]	:	Key	71	DOWN	at	1306847 
1307025	[1]	:	Key	71	UP	at	1306929 
1309578	[2553]	:	Key	71	DOWN	at	1309315 
1309579	[1]	:	Key	71	UP	at	1309374 
1312394	[2815]	:	time Target is 1312394
1313265	[871]	:	Key	71	DOWN	at	1313264 
1317463	[4198]	:	Key	71	DOWN	at	1317150 
1317463	[0]	:	Key	71	UP	at	1317266 
1320265	[2802]	:	Key	71	DOWN	at	1320015 
1320266	[1]	:	Key	71	UP	at	1320110 
1322814	[2548]	:	Key	71	DOWN	at	1322627 
1322815	[1]	:	Key	71	UP	at	1322705 
1325622	[2807]	:	Key	71	DOWN	at	1325522 
1328200	[2578]	:	Key	71	DOWN	at	1328097 
1331014	[2814]	:	time Target is 1331014
1331618	[604]	:	Key	71	DOWN	at	1331618 
1336087	[4469]	:	Key	71	DOWN	at	1335812 
1336088	[1]	:	Key	71	UP	at	1335907 
1338907	[2819]	:	time Target is 1338907
1339297	[390]	:	Key	71	DOWN	at	1339297 
1343200	[3903]	:	Key	71	UP	at	1339586 
1348606	[5406]	:	Key	71	DOWN	at	1348606 
1348738	[132]	:	Key	71	UP	at	1348738 
1351313	[2575]	:	Key	71	DOWN	at	1351313 
1352094	[781]	:	Key	71	UP	at	1351457 
1352361	[267]	:	time Target is 1352361
1352820	[459]	:	Key	71	DOWN	at	1352820 
1357699	[4879]	:	time Target is 1357699
1363015	[5316]	:	time Target is 1363015
1363456	[441]	:	Key	71	DOWN	at	1363455 
1368352	[4896]	:	time Target is 1368352
1369152	[800]	:	Key	71	DOWN	at	1369151 
1373693	[4541]	:	time Target is 1373693
1379013	[5320]	:	time Target is 1379013
1379310	[297]	:	Key	71	UP	at	1379310 
1379619	[309]	:	Key	71	DOWN	at	1379618 
1384346	[4727]	:	time Target is 1384346
1389655	[5309]	:	Key	71	DOWN	at	1389539 
1389655	[0]	:	Key	71	UP	at	1389635 
1392467	[2812]	:	time Target is 1392467
1393105	[638]	:	Key	71	DOWN	at	1393104 
1397802	[4697]	:	time Target is 1397802
1398578	[776]	:	Key	71	DOWN	at	1398578 
1403138	[4560]	:	time Target is 1403138
1403505	[367]	:	Key	71	DOWN	at	1403505 
1408470	[4965]	:	time Target is 1408470
1409171	[701]	:	Key	71	DOWN	at	1409171 
1413807	[4636]	:	time Target is 1413807
1414223	[416]	:	Key	71	DOWN	at	1414223 
1419130	[4907]	:	Key	71	DOWN	at	1419086 
1421931	[2801]	:	Key	71	DOWN	at	1421790 
1421931	[0]	:	Key	71	UP	at	1421903 
1424739	[2808]	:	time Target is 1424739
1425665	[926]	:	Key	71	DOWN	at	1425664 
1430076	[4411]	:	time Target is 1430076
1431027	[951]	:	Key	71	DOWN	at	1431026 
1435410	[4383]	:	time Target is 1435410
1435426	[16]	:	Key	71	DOWN	at	1435425 
1440737	[5311]	:	time Target is 1440737
1446059	[5322]	:	time Target is 1446059
1451378	[5319]	:	time Target is 1451378
1452638	[1260]	:	Key	71	DOWN	at	1452638 
1456714	[4076]	:	time Target is 1456714
1457795	[1081]	:	Key	71	DOWN	at	1457795 
1462045	[4250]	:	time Target is 1462045
1467363	[5318]	:	time Target is 1467363
1467556	[193]	:	Key	71	DOWN	at	1467555 
1472696	[5140]	:	time Target is 1472696
1478020	[5324]	:	time Target is 1478020
1478113	[93]	:	Key	71	DOWN	at	1478113 
1483351	[5238]	:	time Target is 1483351
1488669	[5318]	:	time Target is 1488669
1489041	[372]	:	Key	71	DOWN	at	1489041 
1494003	[4962]	:	time Target is 1494003
1499324	[5321]	:	time Target is 1499324
1499615	[291]	:	Key	71	DOWN	at	1499615 
1504657	[5042]	:	time Target is 1504657
1505920	[1263]	:	Key	71	DOWN	at	1505920 
1509992	[4072]	:	time Target is 1509992
1510322	[330]	:	Key	71	DOWN	at	1510322 
1515322	[5000]	:	time Target is 1515322
1515953	[631]	:	Key	71	DOWN	at	1515952 
1520655	[4702]	:	time Target is 1520655
1525710	[5055]	:	Key	71	DOWN	at	1525600 
1528524	[2814]	:	time Target is 1528524
1533851	[5327]	:	time Target is 1533851
1534655	[804]	:	Key	71	DOWN	at	1534655 
1539179	[4524]	:	time Target is 1539179
1540144	[965]	:	Key	71	DOWN	at	1540143 
1544507	[4363]	:	time Target is 1544507
1549827	[5320]	:	time Target is 1549827
1555153	[5326]	:	time Target is 1555153
1560474	[5321]	:	time Target is 1560474
1561534	[1060]	:	Key	71	DOWN	at	1561534 
1565800	[4266]	:	time Target is 1565800
1571135	[5335]	:	time Target is 1571135
1576458	[5323]	:	time Target is 1576458
1577168	[710]	:	Key	71	DOWN	at	1577167 
1581793	[4625]	:	time Target is 1581793
1582462	[669]	:	Key	71	DOWN	at	1582462 
1587127	[4665]	:	time Target is 1587127
1592448	[5321]	:	time Target is 1592448
1597770	[5322]	:	time Target is 1597770
1603091	[5321]	:	time Target is 1603091
1603519	[428]	:	Key	71	DOWN	at	1603519 
1608422	[4903]	:	time Target is 1608422
1613735	[5313]	:	time Target is 1613735
1614208	[473]	:	Key	71	DOWN	at	1614207 
1619069	[4861]	:	time Target is 1619069
1624394	[5325]	:	time Target is 1624394
1625231	[837]	:	Key	71	DOWN	at	1625231 
1629731	[4500]	:	time Target is 1629731
1630751	[1020]	:	Key	71	DOWN	at	1630751 
1635069	[4318]	:	time Target is 1635069
1640388	[5319]	:	time Target is 1640388
1640912	[524]	:	Key	71	DOWN	at	1640912 
1645724	[4812]	:	time Target is 1645724
1646466	[742]	:	Key	71	DOWN	at	1646466 
1651056	[4590]	:	time Target is 1651056
1656380	[5324]	:	time Target is 1656380
1656802	[422]	:	Key	71	DOWN	at	1656801 
1661714	[4912]	:	time Target is 1661714
1662720	[1006]	:	Key	71	DOWN	at	1662720 
1667047	[4327]	:	time Target is 1667047
1668192	[1145]	:	Key	71	DOWN	at	1668191 
1672381	[4189]	:	time Target is 1672381
1672898	[517]	:	Key	71	DOWN	at	1672898 
1677715	[4817]	:	time Target is 1677715
1678288	[573]	:	Key	71	DOWN	at	1678287 
1683055	[4767]	:	time Target is 1683055
1688374	[5319]	:	time Target is 1688374
1688466	[92]	:	Key	71	DOWN	at	1688466 
1693714	[5248]	:	time Target is 1693714
1699032	[5318]	:	time Target is 1699032
1704353	[5321]	:	time Target is 1704353
1705203	[850]	:	Key	71	DOWN	at	1705203 
1709694	[4491]	:	time Target is 1709694
1715014	[5320]	:	time Target is 1715014
1720333	[5319]	:	time Target is 1720333
1720659	[326]	:	Key	71	DOWN	at	1720658 
1725668	[5009]	:	time Target is 1725668
1730987	[5319]	:	time Target is 1730987
1731872	[885]	:	Key	71	DOWN	at	1731871 
1736323	[4451]	:	time Target is 1736323
1736929	[606]	:	Key	71	DOWN	at	1736928 
1741657	[4728]	:	time Target is 1741657
1742816	[1159]	:	Key	71	DOWN	at	1742815 
1746992	[4176]	:	time Target is 1746992
1752315	[5323]	:	time Target is 1752315
1753204	[889]	:	Key	71	DOWN	at	1753203 
1757644	[4440]	:	time Target is 1757644
1762966	[5322]	:	time Target is 1762966
1768285	[5319]	:	time Target is 1768285
1768755	[470]	:	Key	71	DOWN	at	1768755 
1773620	[4865]	:	time Target is 1773620
1773906	[286]	:	Key	71	DOWN	at	1773906 
1778948	[5042]	:	time Target is 1778948
1784271	[5323]	:	time Target is 1784271
1785761	[1490]	:	Key	71	DOWN	at	1785761 
1789606	[3845]	:	time Target is 1789606
1790302	[696]	:	Key	71	DOWN	at	1790302 
1794934	[4632]	:	time Target is 1794934
1800256	[5322]	:	time Target is 1800256
1800705	[449]	:	Key	71	DOWN	at	1800704 
1805600	[4895]	:	time Target is 1805600
1806466	[866]	:	Key	71	DOWN	at	1806466 
1810935	[4469]	:	time Target is 1810935
1816259	[5324]	:	time Target is 1816259
1816591	[332]	:	Key	71	DOWN	at	1816591 
1820560	[3969]	:	Key	71	UP	at	1816832 
1825074	[4514]	:	Key	71	DOWN	at	1825073 
1825864	[790]	:	Key	71	UP	at	1825214 
1826132	[268]	:	time Target is 1826132
1831452	[5320]	:	time Target is 1831452
1832159	[707]	:	Key	71	DOWN	at	1832159 
1836795	[4636]	:	time Target is 1836795
1837379	[584]	:	Key	71	DOWN	at	1837378 
1842133	[4754]	:	time Target is 1842133
1843617	[1484]	:	Key	71	DOWN	at	1843617 
1847467	[3850]	:	time Target is 1847467
1848563	[1096]	:	Key	71	DOWN	at	1848563 
1852802	[4239]	:	time Target is 1852802
1853471	[669]	:	Key	71	DOWN	at	1853470 
1858136	[4665]	:	time Target is 1858136
1863454	[5318]	:	time Target is 1863454
1868775	[5321]	:	time Target is 1868775
1874099	[5324]	:	time Target is 1874099
1879420	[5321]	:	time Target is 1879420
1884740	[5320]	:	time Target is 1884740
1884945	[205]	:	Key	71	DOWN	at	1884944 
1890074	[5129]	:	time Target is 1890074
1895389	[5315]	:	time Target is 1895389
1895956	[567]	:	Key	71	DOWN	at	1895955 
1900726	[4770]	:	time Target is 1900726
1906044	[5318]	:	time Target is 1906044
1906546	[502]	:	Key	71	DOWN	at	1906545 
1911368	[4822]	:	time Target is 1911368
1912018	[650]	:	Key	71	DOWN	at	1912018 
1916700	[4682]	:	time Target is 1916700
1917695	[995]	:	Key	71	DOWN	at	1917695 
1922036	[4341]	:	time Target is 1922036
1927355	[5319]	:	time Target is 1927355
1932671	[5316]	:	time Target is 1932671
1937989	[5318]	:	time Target is 1937989
1938804	[815]	:	Key	71	DOWN	at	1938803 
1943326	[4522]	:	time Target is 1943326
1948650	[5324]	:	time Target is 1948650
1953968	[5318]	:	time Target is 1953968
1959287	[5319]	:	time Target is 1959287
1960081	[794]	:	Key	71	DOWN	at	1960080 
1964625	[4544]	:	time Target is 1964625
1965124	[499]	:	Key	71	DOWN	at	1965124 
1969962	[4838]	:	time Target is 1969962
1970802	[840]	:	Key	71	DOWN	at	1970801 
1975298	[4496]	:	time Target is 1975298
1976142	[844]	:	Key	71	DOWN	at	1976142 
1980634	[4492]	:	time Target is 1980634
1981809	[1175]	:	Key	71	DOWN	at	1981809 
1985968	[4159]	:	time Target is 1985968
1991286	[5318]	:	time Target is 1991286
1992275	[989]	:	Key	71	DOWN	at	1992274 
1996619	[4344]	:	time Target is 1996619
1997186	[567]	:	Key	71	DOWN	at	1997186 
2001956	[4770]	:	time Target is 2001956
2007277	[5321]	:	time Target is 2007277
2012596	[5319]	:	time Target is 2012596
2017915	[5319]	:	time Target is 2017915
2023239	[5324]	:	time Target is 2023239
2028558	[5319]	:	time Target is 2028558
2033872	[5314]	:	time Target is 2033872
2039194	[5322]	:	time Target is 2039194
2040420	[1226]	:	Key	71	DOWN	at	2040419 
2044531	[4111]	:	time Target is 2044531
2049849	[5318]	:	time Target is 2049849
2050014	[165]	:	Key	71	DOWN	at	2050014 
2055273	[5259]	:	time Target is 2055273
2060594	[5321]	:	time Target is 2060594
2065909	[5315]	:	time Target is 2065909
2071228	[5319]	:	time Target is 2071228
2072114	[886]	:	Key	71	DOWN	at	2072114 
2076552	[4438]	:	time Target is 2076552
2081868	[5316]	:	time Target is 2081868
2082960	[1092]	:	Key	71	DOWN	at	2082960 
2087204	[4244]	:	time Target is 2087204
2088350	[1146]	:	Key	71	DOWN	at	2088350 
2092530	[4180]	:	time Target is 2092530
2097851	[5321]	:	time Target is 2097851
2103172	[5321]	:	time Target is 2103172
2108489	[5317]	:	time Target is 2108489
2113813	[5324]	:	time Target is 2113813
2114174	[361]	:	Key	71	DOWN	at	2114174 
2119144	[4970]	:	time Target is 2119144
2124471	[5327]	:	time Target is 2124471
2124963	[492]	:	Key	71	DOWN	at	2124963 
2129807	[4844]	:	time Target is 2129807
2135125	[5318]	:	time Target is 2135125
2140446	[5321]	:	time Target is 2140446
2141151	[705]	:	Key	71	DOWN	at	2141150 
2145781	[4630]	:	time Target is 2145781
2151096	[5315]	:	time Target is 2151096
2156415	[5319]	:	time Target is 2156415
2161737	[5322]	:	time Target is 2161737
2167054	[5317]	:	time Target is 2167054
2168049	[995]	:	Key	71	DOWN	at	2168048 
2172394	[4345]	:	time Target is 2172394
2177713	[5319]	:	time Target is 2177713
2183036	[5323]	:	time Target is 2183036
2188356	[5320]	:	time Target is 2188356
2188656	[300]	:	Key	71	DOWN	at	2188656 
2193692	[5036]	:	time Target is 2193692
2194546	[854]	:	Key	71	DOWN	at	2194546 
2199027	[4481]	:	time Target is 2199027
2204349	[5322]	:	time Target is 2204349
2204976	[627]	:	Key	71	DOWN	at	2204976 
2209684	[4708]	:	time Target is 2209684
2215003	[5319]	:	time Target is 2215003
2216062	[1059]	:	Key	71	DOWN	at	2216062 
2220341	[4279]	:	time Target is 2220341
2221360	[1019]	:	Key	71	DOWN	at	2221360 
2225672	[4312]	:	time Target is 2225672
2226819	[1147]	:	Key	71	DOWN	at	2226819 
2231005	[4186]	:	time Target is 2231005
2236329	[5324]	:	time Target is 2236329
2241649	[5320]	:	time Target is 2241649
2242580	[931]	:	Key	71	DOWN	at	2242579 
2246987	[4407]	:	time Target is 2246987
2247539	[552]	:	Key	71	DOWN	at	2247539 
2252321	[4782]	:	time Target is 2252321
2253696	[1375]	:	Key	71	DOWN	at	2253696 
2257656	[3960]	:	time Target is 2257656
2258271	[615]	:	Key	71	DOWN	at	2258270 
2262999	[4728]	:	time Target is 2262999
2268315	[5316]	:	time Target is 2268315
2268785	[470]	:	Key	71	DOWN	at	2268785 
2273656	[4871]	:	time Target is 2273656
2274787	[1131]	:	Key	71	DOWN	at	2274786 
2278989	[4202]	:	time Target is 2278989
2284310	[5321]	:	time Target is 2284310
2285423	[1113]	:	Key	71	DOWN	at	2285422 
2289652	[4229]	:	time Target is 2289652
2290192	[540]	:	Key	71	DOWN	at	2290192 
2294990	[4798]	:	time Target is 2294990
2296176	[1186]	:	Key	71	DOWN	at	2296176 
2300315	[4139]	:	time Target is 2300315
2301551	[1236]	:	Key	71	DOWN	at	2301551 
2304613	[3062]	:	Key	71	UP	at	2301810 
2307682	[3069]	:	Key	71	DOWN	at	2307682 
2307823	[141]	:	Key	71	UP	at	2307823 
2313631	[5808]	:	Key	28	DOWN	at	2313631 
2313809	[178]	:	Key	28	UP	at	2313809 
2318258	[4449]	:	Key	29	DOWN	at	2318258 
2318371	[113]	:	Key	29	UP	at	2318371 
2323107	[4736]	:	Key	29	DOWN	at	2323107 
2323232	[125]	:	Key	29	UP	at	2323232 
2324772	[1540]	:	Key	29	DOWN	at	2324771 
2324960	[188]	:	Key	29	UP	at	2324960 
2336403	[11443]	:	Key	29	DOWN	at	2336403 
2336595	[192]	:	Key	29	UP	at	2336595 
2339071	[2476]	:	Key	28	DOWN	at	2339071 
2339218	[147]	:	Key	28	UP	at	2339218 
2342784	[3566]	:	Key	28	DOWN	at	2342784 
2342943	[159]	:	Key	28	UP	at	2342943 
2345073	[2130]	:	Key	28	DOWN	at	2345073 
2345250	[177]	:	Key	28	UP	at	2345250 
2358529	[13279]	:	Key	28	DOWN	at	2358529 
2358675	[146]	:	Key	28	UP	at	2358674 
2360611	[1936]	:	Key	29	DOWN	at	2360611 
2360769	[158]	:	Key	29	UP	at	2360768 
2366321	[5552]	:	Key	28	DOWN	at	2366321 
2366545	[224]	:	Key	28	UP	at	2366544 
2368575	[2030]	:	Key	29	DOWN	at	2368575 
2368786	[211]	:	Key	29	UP	at	2368786 
2377890	[9104]	:	Key	28	DOWN	at	2377890 
2378193	[303]	:	Key	28	UP	at	2378193 
2380526	[2333]	:	Key	28	DOWN	at	2380526 
2380755	[229]	:	Key	28	UP	at	2380755 
2384754	[3999]	:	Key	28	DOWN	at	2384754 
2384958	[204]	:	Key	28	UP	at	2384958 
2386242	[1284]	:	Key	28	DOWN	at	2386242 
2386344	[102]	:	COGENT STOP
