Cog2000 log file Wed Aug 21 16:19:58 2019
gprim v1.33 Compiled:Aug 12 2015 (GLib DirectDraw v7 DX10.0 Compiled:Aug 12 2015)
Display:1024x768x32 59.99Hz
Attaching C:\Users\hartleylab\Downloads\Cogent2000v1.33\Toolbox\CogInput.mexw64
CogInput v1.05 Compiled: May 20 2010
7	[7]	:	COGENT START
450114	[450107]	:	Key	71	DOWN	at	450112  
450638	[524]	:	Key	71	UP	at	450242  
468482	[17844]	:	Key	71	DOWN	at	468482  
468593	[111]	:	Key	71	UP	at	468592  
472867	[4274]	:	Key	71	DOWN	at	472867  
473007	[140]	:	Key	71	UP	at	473007  
483587	[10580]	:	Key	71	DOWN	at	483587  
483762	[175]	:	Key	71	UP	at	483762  
498657	[14895]	:	Key	71	DOWN	at	498657  
498752	[95]	:	Key	71	UP	at	498752  
517552	[18800]	:	Key	71	DOWN	at	517552  
519844	[2292]	:	time Target is 519368
520802	[958]	:	Key	71	DOWN	at	520802  
520991	[189]	:	Key	71	UP	at	520991  
525458	[4467]	:	time Target is 525458
526372	[914]	:	Key	71	DOWN	at	526372  
531535	[5163]	:	time Target is 531535
532418	[883]	:	Key	71	DOWN	at	532418  
537642	[5224]	:	time Target is 537642
538513	[871]	:	Key	71	DOWN	at	538513  
547088	[8575]	:	Key	71	DOWN	at	547088  
548188	[1100]	:	time Target is 548188
554511	[6323]	:	time Target is 554511
560832	[6321]	:	time Target is 560832
567153	[6321]	:	time Target is 567153
585827	[18674]	:	Key	71	DOWN	at	585827  
586017	[190]	:	Key	71	UP	at	586017  
590112	[4095]	:	Key	71	DOWN	at	590112  
590292	[180]	:	Key	71	UP	at	590292  
593777	[3485]	:	Key	71	DOWN	at	593777  
593987	[210]	:	Key	71	UP	at	593987  
601762	[7775]	:	Key	71	DOWN	at	601762  
601952	[190]	:	Key	71	UP	at	601952  
605652	[3700]	:	Key	71	DOWN	at	605652  
606610	[958]	:	Key	71	UP	at	605827  
606626	[16]	:	time Target is 606626
607524	[898]	:	Key	71	DOWN	at	607524  
611710	[4186]	:	time Target is 611710
616776	[5066]	:	time Target is 616776
617760	[984]	:	Key	71	DOWN	at	617760  
621850	[4090]	:	time Target is 621850
633040	[11190]	:	Key	71	DOWN	at	633040  
633235	[195]	:	Key	71	UP	at	633235  
636400	[3165]	:	Key	71	DOWN	at	636400  
637186	[786]	:	Key	71	UP	at	636560  
637201	[15]	:	time Target is 637201
637985	[784]	:	Key	71	DOWN	at	637985  
642272	[4287]	:	time Target is 642272
643425	[1153]	:	Key	71	DOWN	at	643425  
647339	[3914]	:	time Target is 647339
652399	[5060]	:	time Target is 652399
669200	[16801]	:	Key	71	DOWN	at	669200  
669360	[160]	:	Key	71	UP	at	669360  
670770	[1410]	:	Key	71	DOWN	at	670770  
671559	[789]	:	Key	71	UP	at	670960  
671573	[14]	:	time Target is 671573
672355	[782]	:	Key	71	DOWN	at	672355  
676641	[4286]	:	time Target is 676641
677760	[1119]	:	Key	71	DOWN	at	677760  
681708	[3948]	:	time Target is 681708
686772	[5064]	:	time Target is 686772
687281	[509]	:	Key	71	DOWN	at	687281  
691056	[3775]	:	Key	71	UP	at	687506  
697936	[6880]	:	Key	71	DOWN	at	697936  
698036	[100]	:	Key	71	UP	at	698036  
701136	[3100]	:	Key	71	DOWN	at	701136  
701922	[786]	:	Key	71	UP	at	701266  
701936	[14]	:	time Target is 701936
702916	[980]	:	Key	71	DOWN	at	702916  
707007	[4091]	:	time Target is 707007
712064	[5057]	:	time Target is 712064
717121	[5057]	:	time Target is 717121
728481	[11360]	:	Key	71	DOWN	at	728481  
728676	[195]	:	Key	71	UP	at	728676  
742466	[13790]	:	Key	71	DOWN	at	742466  
742656	[190]	:	Key	71	UP	at	742656  
755956	[13300]	:	Key	71	DOWN	at	755956  
756116	[160]	:	Key	71	UP	at	756116  
766576	[10460]	:	Key	71	DOWN	at	766576  
766756	[180]	:	Key	71	UP	at	766756  
771716	[4960]	:	Key	71	DOWN	at	771716  
774283	[2567]	:	time Target is 774283
774881	[598]	:	Key	71	DOWN	at	774881  
779723	[4842]	:	time Target is 779723
784778	[5055]	:	Key	71	DOWN	at	784643  
787595	[2817]	:	time Target is 787595
788338	[743]	:	Key	71	DOWN	at	788338  
792925	[4587]	:	time Target is 792925
793363	[438]	:	Key	71	DOWN	at	793363  
798248	[4885]	:	time Target is 798248
798913	[665]	:	Key	71	DOWN	at	798913  
803575	[4662]	:	time Target is 803575
804048	[473]	:	Key	71	DOWN	at	804048  
808897	[4849]	:	time Target is 808897
809428	[531]	:	Key	71	DOWN	at	809428  
814219	[4791]	:	time Target is 814219
819531	[5312]	:	time Target is 819531
820448	[917]	:	Key	71	DOWN	at	820448  
824873	[4425]	:	time Target is 824873
825908	[1035]	:	Key	71	DOWN	at	825908  
830198	[4290]	:	time Target is 830198
835513	[5315]	:	time Target is 835513
840825	[5312]	:	time Target is 840825
841313	[488]	:	Key	71	DOWN	at	841313  
846152	[4839]	:	time Target is 846152
851471	[5319]	:	time Target is 851471
852353	[882]	:	Key	71	DOWN	at	852353  
856793	[4440]	:	time Target is 856793
862103	[5310]	:	time Target is 862103
862643	[540]	:	Key	71	DOWN	at	862643  
867429	[4786]	:	time Target is 867429
868243	[814]	:	Key	71	DOWN	at	868243  
872749	[4506]	:	time Target is 872749
878061	[5312]	:	time Target is 878061
879043	[982]	:	Key	71	DOWN	at	879043  
883382	[4339]	:	time Target is 883382
888694	[5312]	:	time Target is 888694
894004	[5310]	:	time Target is 894004
894913	[909]	:	Key	71	DOWN	at	894913  
899325	[4412]	:	time Target is 899325
900128	[803]	:	Key	71	DOWN	at	900128  
904648	[4520]	:	time Target is 904648
909968	[5320]	:	time Target is 909968
910563	[595]	:	Key	71	DOWN	at	910563  
915288	[4725]	:	time Target is 915288
920605	[5317]	:	time Target is 920605
921328	[723]	:	Key	71	DOWN	at	921328  
925927	[4599]	:	time Target is 925927
931243	[5316]	:	time Target is 931243
932306	[1063]	:	Key	71	DOWN	at	932306  
936568	[4262]	:	time Target is 936568
937506	[938]	:	Key	71	DOWN	at	937506  
941892	[4386]	:	time Target is 941892
947204	[5312]	:	time Target is 947204
948436	[1232]	:	Key	71	DOWN	at	948436  
952533	[4097]	:	time Target is 952533
957849	[5316]	:	time Target is 957849
958468	[619]	:	Key	71	DOWN	at	958468  
963174	[4706]	:	time Target is 963174
968494	[5320]	:	time Target is 968494
969523	[1029]	:	Key	71	DOWN	at	969523  
973823	[4300]	:	time Target is 973823
979139	[5316]	:	time Target is 979139
979843	[704]	:	Key	71	DOWN	at	979843  
984465	[4622]	:	time Target is 984465
985458	[993]	:	Key	71	DOWN	at	985458  
989785	[4327]	:	time Target is 989785
995100	[5315]	:	time Target is 995100
995716	[616]	:	Key	71	DOWN	at	995716  
1000432	[4716]	:	time Target is 1000432
1005747	[5315]	:	time Target is 1005747
1006451	[704]	:	Key	71	DOWN	at	1006451 
1011068	[4617]	:	time Target is 1011068
1016385	[5317]	:	time Target is 1016385
1017076	[691]	:	Key	71	DOWN	at	1017076 
1021710	[4634]	:	time Target is 1021710
1022911	[1201]	:	Key	71	DOWN	at	1022911 
1027036	[4125]	:	time Target is 1027036
1032352	[5316]	:	time Target is 1032352
1032816	[464]	:	Key	71	DOWN	at	1032816 
1037676	[4860]	:	time Target is 1037676
1042989	[5313]	:	time Target is 1042989
1043921	[932]	:	Key	71	DOWN	at	1043921 
1048314	[4393]	:	time Target is 1048314
1053626	[5312]	:	time Target is 1053626
1054276	[650]	:	Key	71	DOWN	at	1054276 
1058951	[4675]	:	time Target is 1058951
1059936	[985]	:	Key	71	DOWN	at	1059936 
1064288	[4352]	:	time Target is 1064288
1069601	[5313]	:	time Target is 1069601
1070306	[705]	:	Key	71	DOWN	at	1070306 
1074922	[4616]	:	time Target is 1074922
1080257	[5335]	:	time Target is 1080257
1080816	[559]	:	Key	71	DOWN	at	1080816 
1085579	[4763]	:	time Target is 1085579
1086561	[982]	:	Key	71	DOWN	at	1086561 
1090908	[4347]	:	time Target is 1090908
1091841	[933]	:	Key	71	DOWN	at	1091841 
1096232	[4391]	:	time Target is 1096232
1101550	[5318]	:	time Target is 1101550
1102066	[516]	:	Key	71	DOWN	at	1102066 
1106872	[4806]	:	time Target is 1106872
1112183	[5311]	:	time Target is 1112183
1112946	[763]	:	Key	71	DOWN	at	1112946 
1117503	[4557]	:	time Target is 1117503
1122813	[5310]	:	time Target is 1122813
1124096	[1283]	:	Key	71	DOWN	at	1124096 
1128141	[4045]	:	time Target is 1128141
1133454	[5313]	:	time Target is 1133454
1134016	[562]	:	Key	71	DOWN	at	1134016 
1138779	[4763]	:	time Target is 1138779
1144095	[5316]	:	time Target is 1144095
1144736	[641]	:	Key	71	DOWN	at	1144736 
1149420	[4684]	:	time Target is 1149420
1150116	[696]	:	Key	71	DOWN	at	1150116 
1154744	[4628]	:	time Target is 1154744
1155571	[827]	:	Key	71	DOWN	at	1155571 
1160066	[4495]	:	time Target is 1160066
1160736	[670]	:	Key	71	DOWN	at	1160736 
1165388	[4652]	:	time Target is 1165388
1170705	[5317]	:	time Target is 1170705
1171251	[546]	:	Key	71	DOWN	at	1171251 
1176028	[4777]	:	time Target is 1176028
1181348	[5320]	:	time Target is 1181348
1181906	[558]	:	Key	71	DOWN	at	1181906 
1186703	[4797]	:	time Target is 1186703
1192016	[5313]	:	time Target is 1192016
1192851	[835]	:	Key	71	DOWN	at	1192851 
1197375	[4524]	:	time Target is 1197375
1198466	[1091]	:	Key	71	DOWN	at	1198466 
1202703	[4237]	:	time Target is 1202703
1203841	[1138]	:	Key	71	DOWN	at	1203841 
1208024	[4183]	:	time Target is 1208024
1208691	[667]	:	Key	71	DOWN	at	1208691 
1213348	[4657]	:	time Target is 1213348
1218660	[5312]	:	time Target is 1218660
1219316	[656]	:	Key	71	DOWN	at	1219316 
1223981	[4665]	:	time Target is 1223981
1224756	[775]	:	Key	71	DOWN	at	1224756 
1229306	[4550]	:	time Target is 1229306
1230066	[760]	:	Key	71	DOWN	at	1230066 
1234627	[4561]	:	time Target is 1234627
1239941	[5314]	:	time Target is 1239941
1240706	[765]	:	Key	71	DOWN	at	1240706 
1245265	[4559]	:	time Target is 1245265
1256436	[11171]	:	Key	71	DOWN	at	1256436 
1257221	[785]	:	Key	71	UP	at	1256836 
1257484	[263]	:	time Target is 1257484
1258226	[742]	:	Key	71	DOWN	at	1258226 
1262807	[4581]	:	time Target is 1262807
1268163	[5356]	:	time Target is 1268163
1269056	[893]	:	Key	71	DOWN	at	1269056 
1273491	[4435]	:	time Target is 1273491
1274706	[1215]	:	Key	71	DOWN	at	1274706 
1278814	[4108]	:	time Target is 1278814
1284130	[5316]	:	time Target is 1284130
1284836	[706]	:	Key	71	DOWN	at	1284836 
1289453	[4617]	:	time Target is 1289453
1294766	[5313]	:	time Target is 1294766
1295826	[1060]	:	Key	71	DOWN	at	1295826 
1300090	[4264]	:	time Target is 1300090
1305402	[5312]	:	time Target is 1305402
1310715	[5313]	:	time Target is 1310715
1311236	[521]	:	Key	71	DOWN	at	1311236 
1316039	[4803]	:	time Target is 1316039
1316576	[537]	:	Key	71	DOWN	at	1316576 
1321359	[4783]	:	time Target is 1321359
1326671	[5312]	:	time Target is 1326671
1331983	[5312]	:	time Target is 1331983
1337298	[5315]	:	time Target is 1337298
1342614	[5316]	:	time Target is 1342614
1343346	[732]	:	Key	71	DOWN	at	1343346 
1347938	[4592]	:	time Target is 1347938
1353251	[5313]	:	time Target is 1353251
1353859	[608]	:	Key	71	DOWN	at	1353859 
1358581	[4722]	:	time Target is 1358581
1363896	[5315]	:	time Target is 1363896
1364579	[683]	:	Key	71	DOWN	at	1364579 
1369225	[4646]	:	time Target is 1369225
1370049	[824]	:	Key	71	DOWN	at	1370049 
1374547	[4498]	:	time Target is 1374547
1375154	[607]	:	Key	71	DOWN	at	1375154 
1379871	[4717]	:	time Target is 1379871
1380464	[593]	:	Key	71	DOWN	at	1380464 
1385195	[4731]	:	time Target is 1385195
1390531	[5336]	:	time Target is 1390531
1391729	[1198]	:	Key	71	DOWN	at	1391729 
1395851	[4122]	:	time Target is 1395851
1401162	[5311]	:	time Target is 1401162
1401684	[522]	:	Key	71	DOWN	at	1401684 
1406483	[4799]	:	time Target is 1406483
1411795	[5312]	:	time Target is 1411795
1412179	[384]	:	Key	71	DOWN	at	1412179 
1417117	[4938]	:	time Target is 1417117
1417844	[727]	:	Key	71	DOWN	at	1417844 
1422440	[4596]	:	time Target is 1422440
1422994	[554]	:	Key	71	DOWN	at	1422994 
1427760	[4766]	:	time Target is 1427760
1428354	[594]	:	Key	71	DOWN	at	1428354 
1433086	[4732]	:	time Target is 1433086
1438396	[5310]	:	time Target is 1438396
1443708	[5312]	:	time Target is 1443708
1449021	[5313]	:	time Target is 1449021
1449824	[803]	:	Key	71	DOWN	at	1449824 
1454347	[4523]	:	time Target is 1454347
1455169	[822]	:	Key	71	DOWN	at	1455169 
1459678	[4509]	:	time Target is 1459678
1460754	[1076]	:	Key	71	DOWN	at	1460754 
1465032	[4278]	:	time Target is 1465032
1465984	[952]	:	Key	71	DOWN	at	1465984 
1470363	[4379]	:	time Target is 1470363
1471104	[741]	:	Key	71	DOWN	at	1471104 
1475688	[4584]	:	time Target is 1475688
1481007	[5319]	:	time Target is 1481007
1481394	[387]	:	Key	71	DOWN	at	1481394 
1486331	[4937]	:	time Target is 1486331
1487264	[933]	:	Key	71	DOWN	at	1487264 
1491670	[4406]	:	time Target is 1491670
1496981	[5311]	:	time Target is 1496981
1502297	[5316]	:	time Target is 1502297
1502724	[427]	:	Key	71	DOWN	at	1502724 
1507618	[4894]	:	time Target is 1507618
1508244	[626]	:	Key	71	DOWN	at	1508244 
1512946	[4702]	:	time Target is 1512946
1513539	[593]	:	Key	71	DOWN	at	1513539 
1518269	[4730]	:	time Target is 1518269
1523582	[5313]	:	time Target is 1523582
1524594	[1012]	:	Key	71	DOWN	at	1524594 
1528905	[4311]	:	time Target is 1528905
1529634	[729]	:	Key	71	DOWN	at	1529634 
1534229	[4595]	:	time Target is 1534229
1535379	[1150]	:	Key	71	DOWN	at	1535379 
1539555	[4176]	:	time Target is 1539555
1544873	[5318]	:	time Target is 1544873
1545504	[631]	:	Key	71	DOWN	at	1545504 
1550227	[4723]	:	time Target is 1550227
1550884	[657]	:	Key	71	DOWN	at	1550884 
1555549	[4665]	:	time Target is 1555549
1560864	[5315]	:	time Target is 1560864
1566215	[5351]	:	time Target is 1566215
1567284	[1069]	:	Key	71	DOWN	at	1567284 
1571540	[4256]	:	time Target is 1571540
1572209	[669]	:	Key	71	DOWN	at	1572209 
1576861	[4652]	:	time Target is 1576861
1582178	[5317]	:	time Target is 1582178
1587495	[5317]	:	time Target is 1587495
1588304	[809]	:	Key	71	DOWN	at	1588304 
1592896	[4592]	:	time Target is 1592896
1594099	[1203]	:	Key	71	DOWN	at	1594099 
1598219	[4120]	:	time Target is 1598219
1603533	[5314]	:	time Target is 1603533
1608847	[5314]	:	time Target is 1608847
1609459	[612]	:	Key	71	DOWN	at	1609459 
1614170	[4711]	:	time Target is 1614170
1619488	[5318]	:	time Target is 1619488
1624799	[5311]	:	time Target is 1624799
1625474	[675]	:	Key	71	DOWN	at	1625474 
1630122	[4648]	:	time Target is 1630122
1635434	[5312]	:	time Target is 1635434
1635889	[455]	:	Key	71	DOWN	at	1635889 
1640759	[4870]	:	time Target is 1640759
1641684	[925]	:	Key	71	DOWN	at	1641684 
1646084	[4400]	:	time Target is 1646084
1651398	[5314]	:	time Target is 1651398
1651984	[586]	:	Key	71	DOWN	at	1651984 
1656719	[4735]	:	time Target is 1656719
1662032	[5313]	:	time Target is 1662032
1663284	[1252]	:	Key	71	DOWN	at	1663284 
1667356	[4072]	:	time Target is 1667356
1668084	[728]	:	Key	71	DOWN	at	1668084 
1672680	[4596]	:	time Target is 1672680
1677992	[5312]	:	time Target is 1677992
1678594	[602]	:	Key	71	DOWN	at	1678594 
1683315	[4721]	:	time Target is 1683315
1688626	[5311]	:	time Target is 1688626
1689204	[578]	:	Key	71	DOWN	at	1689204 
1693951	[4747]	:	time Target is 1693951
1699267	[5316]	:	time Target is 1699267
1704583	[5316]	:	time Target is 1704583
1705314	[731]	:	Key	71	DOWN	at	1705314 
1709907	[4593]	:	time Target is 1709907
1710849	[942]	:	Key	71	DOWN	at	1710849 
1715227	[4378]	:	time Target is 1715227
1720541	[5314]	:	time Target is 1720541
1721024	[483]	:	Key	71	DOWN	at	1721024 
1725866	[4842]	:	time Target is 1725866
1731178	[5312]	:	time Target is 1731178
1741314	[10136]	:	Key	71	DOWN	at	1741314 
1741604	[290]	:	Key	71	UP	at	1741604 
1744484	[2880]	:	Key	71	DOWN	at	1744484 
1745270	[786]	:	Key	71	UP	at	1744704 
1745533	[263]	:	time Target is 1745533
1746304	[771]	:	Key	71	DOWN	at	1746304 
1750861	[4557]	:	time Target is 1750861
1756175	[5314]	:	time Target is 1756175
1756914	[739]	:	Key	71	DOWN	at	1756914 
1761500	[4586]	:	time Target is 1761500
1762049	[549]	:	Key	71	DOWN	at	1762049 
1766822	[4773]	:	time Target is 1766822
1772135	[5313]	:	time Target is 1772135
1777468	[5333]	:	time Target is 1777468
1778099	[631]	:	Key	71	DOWN	at	1778099 
1782789	[4690]	:	time Target is 1782789
1788101	[5312]	:	time Target is 1788101
1788644	[543]	:	Key	71	DOWN	at	1788644 
1793424	[4780]	:	time Target is 1793424
1798741	[5317]	:	time Target is 1798741
1799699	[958]	:	Key	71	DOWN	at	1799699 
1804064	[4365]	:	time Target is 1804064
1805234	[1170]	:	Key	71	DOWN	at	1805234 
1809386	[4152]	:	time Target is 1809386
1810514	[1128]	:	Key	71	DOWN	at	1810514 
1814710	[4196]	:	time Target is 1814710
1820026	[5316]	:	time Target is 1820026
1820816	[790]	:	Key	71	DOWN	at	1820816 
1825371	[4555]	:	time Target is 1825371
1830686	[5315]	:	time Target is 1830686
1831876	[1190]	:	Key	71	DOWN	at	1831876 
1836008	[4132]	:	time Target is 1836008
1837171	[1163]	:	Key	71	DOWN	at	1837171 
1841330	[4159]	:	time Target is 1841330
1846650	[5320]	:	time Target is 1846650
1847601	[951]	:	Key	71	DOWN	at	1847601 
1851975	[4374]	:	time Target is 1851975
1853076	[1101]	:	Key	71	DOWN	at	1853076 
1857300	[4224]	:	time Target is 1857300
1857971	[671]	:	Key	71	DOWN	at	1857971 
1862625	[4654]	:	time Target is 1862625
1867938	[5313]	:	time Target is 1867938
1873250	[5312]	:	time Target is 1873250
1873826	[576]	:	Key	71	DOWN	at	1873826 
1878577	[4751]	:	time Target is 1878577
1883889	[5312]	:	time Target is 1883889
1889207	[5318]	:	time Target is 1889207
1889536	[329]	:	Key	71	DOWN	at	1889536 
1894527	[4991]	:	time Target is 1894527
1895331	[804]	:	Key	71	DOWN	at	1895331 
1899854	[4523]	:	time Target is 1899854
1905166	[5312]	:	time Target is 1905166
1905571	[405]	:	Key	71	DOWN	at	1905571 
1910488	[4917]	:	time Target is 1910488
1910916	[428]	:	Key	71	DOWN	at	1910916 
1915811	[4895]	:	time Target is 1915811
1921123	[5312]	:	time Target is 1921123
1921891	[768]	:	Key	71	DOWN	at	1921891 
1926448	[4557]	:	time Target is 1926448
1931762	[5314]	:	time Target is 1931762
1932306	[544]	:	Key	71	DOWN	at	1932306 
1937083	[4777]	:	time Target is 1937083
1942400	[5317]	:	time Target is 1942400
1942801	[401]	:	Key	71	DOWN	at	1942801 
1947728	[4927]	:	time Target is 1947728
1949216	[1488]	:	Key	71	DOWN	at	1949216 
1953053	[3837]	:	time Target is 1953053
1958367	[5314]	:	time Target is 1958367
1963682	[5315]	:	time Target is 1963682
1963986	[304]	:	Key	71	DOWN	at	1963986 
1969006	[5020]	:	time Target is 1969006
1969556	[550]	:	Key	71	DOWN	at	1969556 
1974330	[4774]	:	time Target is 1974330
1979646	[5316]	:	time Target is 1979646
1984958	[5312]	:	time Target is 1984958
1985411	[453]	:	Key	71	DOWN	at	1985411 
1990279	[4868]	:	time Target is 1990279
1990626	[347]	:	Key	71	DOWN	at	1990626 
1995642	[5016]	:	time Target is 1995642
1996081	[439]	:	Key	71	DOWN	at	1996081 
2000991	[4910]	:	time Target is 2000991
2006307	[5316]	:	time Target is 2006307
2006736	[429]	:	Key	71	DOWN	at	2006736 
2011629	[4893]	:	time Target is 2011629
2012276	[647]	:	Key	71	DOWN	at	2012276 
2016963	[4687]	:	Key	71	DOWN	at	2016851 
2019778	[2815]	:	time Target is 2019778
2025101	[5323]	:	time Target is 2025101
2025696	[595]	:	Key	71	DOWN	at	2025696 
2030425	[4729]	:	time Target is 2030425
2031841	[1416]	:	Key	71	DOWN	at	2031841 
2035746	[3905]	:	time Target is 2035746
2036836	[1090]	:	Key	71	DOWN	at	2036836 
2041069	[4233]	:	time Target is 2041069
2041666	[597]	:	Key	71	DOWN	at	2041666 
2046392	[4726]	:	time Target is 2046392
2051705	[5313]	:	time Target is 2051705
2052706	[1001]	:	Key	71	DOWN	at	2052706 
2057025	[4319]	:	time Target is 2057025
2057891	[866]	:	Key	71	DOWN	at	2057891 
2062346	[4455]	:	time Target is 2062346
2067661	[5315]	:	time Target is 2067661
2072976	[5315]	:	time Target is 2072976
2073876	[900]	:	Key	71	DOWN	at	2073876 
2078303	[4427]	:	time Target is 2078303
2078771	[468]	:	Key	71	DOWN	at	2078771 
2083710	[4939]	:	time Target is 2083710
2084255	[545]	:	Key	71	DOWN	at	2084255 
2089081	[4826]	:	time Target is 2089081
2094395	[5314]	:	time Target is 2094395
2094916	[521]	:	Key	71	DOWN	at	2094916 
2099717	[4801]	:	time Target is 2099717
2105032	[5315]	:	time Target is 2105032
2105891	[859]	:	Key	71	DOWN	at	2105891 
2110355	[4464]	:	time Target is 2110355
2115671	[5316]	:	time Target is 2115671
2115952	[281]	:	Key	71	DOWN	at	2115952 
2120996	[5044]	:	time Target is 2120996
2126307	[5311]	:	time Target is 2126307
2131620	[5313]	:	time Target is 2131620
2132067	[447]	:	Key	71	DOWN	at	2132067 
2136945	[4878]	:	time Target is 2136945
2137442	[497]	:	Key	71	DOWN	at	2137442 
2142270	[4828]	:	time Target is 2142270
2142642	[372]	:	Key	71	DOWN	at	2142642 
2147593	[4951]	:	time Target is 2147593
2148352	[759]	:	Key	71	DOWN	at	2148352 
2152933	[4581]	:	time Target is 2152933
2153234	[301]	:	Key	71	DOWN	at	2153234 
2158255	[5021]	:	time Target is 2158255
2158849	[594]	:	Key	71	DOWN	at	2158849 
2163583	[4734]	:	time Target is 2163583
2168895	[5312]	:	time Target is 2168895
2174213	[5318]	:	time Target is 2174213
2179531	[5318]	:	time Target is 2179531
2179904	[373]	:	Key	71	DOWN	at	2179904 
2184854	[4950]	:	time Target is 2184854
2185684	[830]	:	Key	71	DOWN	at	2185684 
2190179	[4495]	:	time Target is 2190179
2195494	[5315]	:	time Target is 2195494
2195924	[430]	:	Key	71	DOWN	at	2195924 
2200828	[4904]	:	time Target is 2200828
2201139	[311]	:	Key	71	DOWN	at	2201139 
2206154	[5015]	:	time Target is 2206154
2206914	[760]	:	Key	71	DOWN	at	2206914 
2211476	[4562]	:	time Target is 2211476
2212704	[1228]	:	Key	71	DOWN	at	2212704 
2216798	[4094]	:	time Target is 2216798
2217139	[341]	:	Key	71	DOWN	at	2217139 
2221082	[3943]	:	Key	71	UP	at	2217364 
2222864	[1782]	:	Key	71	DOWN	at	2222864 
2223648	[784]	:	Key	71	UP	at	2222944 
2223910	[262]	:	time Target is 2223910
2229226	[5316]	:	time Target is 2229226
2229714	[488]	:	Key	71	DOWN	at	2229714 
2234557	[4843]	:	time Target is 2234557
2235044	[487]	:	Key	71	DOWN	at	2235044 
2239881	[4837]	:	time Target is 2239881
2245193	[5312]	:	time Target is 2245193
2246034	[841]	:	Key	71	DOWN	at	2246034 
2250516	[4482]	:	time Target is 2250516
2250994	[478]	:	Key	71	DOWN	at	2250994 
2255839	[4845]	:	time Target is 2255839
2261156	[5317]	:	time Target is 2261156
2262289	[1133]	:	Key	71	DOWN	at	2262289 
2266479	[4190]	:	time Target is 2266479
2271792	[5313]	:	time Target is 2271792
2272304	[512]	:	Key	71	DOWN	at	2272304 
2277117	[4813]	:	time Target is 2277117
2282428	[5311]	:	time Target is 2282428
2282754	[326]	:	Key	71	DOWN	at	2282754 
2287749	[4995]	:	time Target is 2287749
2288944	[1195]	:	Key	71	DOWN	at	2288944 
2293074	[4130]	:	time Target is 2293074
2293699	[625]	:	Key	71	DOWN	at	2293699 
2298399	[4700]	:	time Target is 2298399
2298944	[545]	:	Key	71	DOWN	at	2298944 
2303723	[4779]	:	time Target is 2303723
2305009	[1286]	:	Key	71	DOWN	at	2305009 
2309046	[4037]	:	time Target is 2309046
2309904	[858]	:	Key	71	DOWN	at	2309904 
2314368	[4464]	:	time Target is 2314368
2319683	[5315]	:	time Target is 2319683
2325000	[5317]	:	time Target is 2325000
2325650	[650]	:	Key	71	DOWN	at	2325650 
2330322	[4672]	:	time Target is 2330322
2331715	[1393]	:	Key	71	DOWN	at	2331715 
2335645	[3930]	:	time Target is 2335645
2340961	[5316]	:	time Target is 2340961
2341520	[559]	:	Key	71	DOWN	at	2341520 
2346285	[4765]	:	time Target is 2346285
2351598	[5313]	:	time Target is 2351598
2356910	[5312]	:	time Target is 2356910
2357650	[740]	:	Key	71	DOWN	at	2357650 
2362240	[4590]	:	time Target is 2362240
2363121	[881]	:	Key	71	DOWN	at	2363121 
2367564	[4443]	:	time Target is 2367564
2372876	[5312]	:	time Target is 2372876
2378188	[5312]	:	time Target is 2378188
2378707	[519]	:	Key	71	DOWN	at	2378707 
2383515	[4808]	:	time Target is 2383515
2384417	[902]	:	Key	71	DOWN	at	2384417 
2388843	[4426]	:	time Target is 2388843
2394155	[5312]	:	time Target is 2394155
2399471	[5316]	:	time Target is 2399471
2404787	[5316]	:	time Target is 2404787
2410103	[5316]	:	time Target is 2410103
2410432	[329]	:	Key	71	DOWN	at	2410432 
2415424	[4992]	:	time Target is 2415424
2420739	[5315]	:	time Target is 2420739
2421952	[1213]	:	Key	71	DOWN	at	2421952 
2426063	[4111]	:	time Target is 2426063
2431376	[5313]	:	time Target is 2431376
2436692	[5316]	:	time Target is 2436692
2437172	[480]	:	Key	71	DOWN	at	2437172 
2442021	[4849]	:	time Target is 2442021
2447339	[5318]	:	time Target is 2447339
2452650	[5311]	:	time Target is 2452650
2453697	[1047]	:	Key	71	DOWN	at	2453697 
2457976	[4279]	:	time Target is 2457976
2463288	[5312]	:	time Target is 2463288
2468601	[5313]	:	time Target is 2468601
2473914	[5313]	:	time Target is 2473914
2474737	[823]	:	Key	71	DOWN	at	2474737 
2479235	[4498]	:	time Target is 2479235
2480292	[1057]	:	Key	71	DOWN	at	2480292 
2484561	[4269]	:	time Target is 2484561
2485122	[561]	:	Key	71	DOWN	at	2485122 
2489884	[4762]	:	time Target is 2489884
2495198	[5314]	:	time Target is 2495198
2495937	[739]	:	Key	71	DOWN	at	2495937 
2500520	[4583]	:	time Target is 2500520
2501012	[492]	:	Key	71	DOWN	at	2501012 
2505843	[4831]	:	time Target is 2505843
2506352	[509]	:	Key	71	DOWN	at	2506352 
2511167	[4815]	:	time Target is 2511167
2512657	[1490]	:	Key	71	DOWN	at	2512657 
2516489	[3832]	:	time Target is 2516489
2521805	[5316]	:	time Target is 2521805
2522112	[307]	:	Key	71	DOWN	at	2522112 
2527128	[5016]	:	time Target is 2527128
2527537	[409]	:	Key	71	DOWN	at	2527537 
2532455	[4918]	:	time Target is 2532455
2532962	[507]	:	Key	71	DOWN	at	2532962 
2537781	[4819]	:	time Target is 2537781
2538212	[431]	:	Key	71	DOWN	at	2538212 
2543107	[4895]	:	time Target is 2543107
2543552	[445]	:	Key	71	DOWN	at	2543552 
2548429	[4877]	:	time Target is 2548429
2553742	[5313]	:	time Target is 2553742
2554452	[710]	:	Key	71	DOWN	at	2554452 
2559069	[4617]	:	time Target is 2559069
2564416	[5347]	:	time Target is 2564416
2564657	[241]	:	Key	71	DOWN	at	2564657 
2569739	[5082]	:	time Target is 2569739
2570257	[518]	:	Key	71	DOWN	at	2570257 
2575061	[4804]	:	time Target is 2575061
2575872	[811]	:	Key	71	DOWN	at	2575872 
2580381	[4509]	:	time Target is 2580381
2585694	[5313]	:	time Target is 2585694
2591022	[5328]	:	time Target is 2591022
2591377	[355]	:	Key	71	DOWN	at	2591377 
2596379	[5002]	:	time Target is 2596379
2601691	[5312]	:	time Target is 2601691
2607009	[5318]	:	time Target is 2607009
2607697	[688]	:	Key	71	DOWN	at	2607697 
2612331	[4634]	:	time Target is 2612331
2617651	[5320]	:	time Target is 2617651
2622965	[5314]	:	time Target is 2622965
2628282	[5317]	:	time Target is 2628282
2628882	[600]	:	Key	71	DOWN	at	2628882 
2633609	[4727]	:	time Target is 2633609
2634067	[458]	:	Key	71	DOWN	at	2634067 
2638932	[4865]	:	time Target is 2638932
2644245	[5313]	:	time Target is 2644245
2644722	[477]	:	Key	71	DOWN	at	2644722 
2649572	[4850]	:	time Target is 2649572
2650482	[910]	:	Key	71	DOWN	at	2650482 
2654894	[4412]	:	time Target is 2654894
2660213	[5319]	:	time Target is 2660213
2665525	[5312]	:	time Target is 2665525
2665872	[347]	:	Key	71	DOWN	at	2665872 
2670845	[4973]	:	time Target is 2670845
2672017	[1172]	:	Key	71	DOWN	at	2672017 
2676169	[4152]	:	time Target is 2676169
2681486	[5317]	:	time Target is 2681486
2686802	[5316]	:	time Target is 2686802
2692115	[5313]	:	time Target is 2692115
2692498	[383]	:	Key	71	DOWN	at	2692498 
2697437	[4939]	:	time Target is 2697437
2697843	[406]	:	Key	71	DOWN	at	2697843 
2701729	[3886]	:	Key	71	UP	at	2698098 
2711728	[9999]	:	Key	71	DOWN	at	2711728 
2711888	[160]	:	Key	71	UP	at	2711888 
2734258	[22370]	:	Key	28	DOWN	at	2734258 
2734483	[225]	:	Key	28	UP	at	2734483 
2740148	[5665]	:	Key	28	DOWN	at	2740148 
2740288	[140]	:	Key	28	UP	at	2740288 
2743858	[3570]	:	Key	29	DOWN	at	2743858 
2744033	[175]	:	Key	29	UP	at	2744033 
2745603	[1570]	:	Key	29	DOWN	at	2745603 
2745763	[160]	:	Key	29	UP	at	2745763 
2748818	[3055]	:	Key	28	DOWN	at	2748818 
2749028	[210]	:	Key	28	UP	at	2749028 
2750323	[1295]	:	Key	28	DOWN	at	2750323 
2750468	[145]	:	Key	28	UP	at	2750468 
2754993	[4525]	:	Key	29	DOWN	at	2754993 
2755218	[225]	:	Key	29	UP	at	2755218 
2756898	[1680]	:	Key	29	DOWN	at	2756898 
2757073	[175]	:	Key	29	UP	at	2757073 
2762338	[5265]	:	Key	28	DOWN	at	2762338 
2762498	[160]	:	Key	28	UP	at	2762498 
2764273	[1775]	:	Key	28	DOWN	at	2764273 
2764403	[130]	:	Key	28	UP	at	2764403 
2771168	[6765]	:	Key	29	DOWN	at	2771168 
2771393	[225]	:	Key	29	UP	at	2771393 
2774308	[2915]	:	Key	28	DOWN	at	2774308 
2774468	[160]	:	Key	28	UP	at	2774468 
2787138	[12670]	:	Key	28	DOWN	at	2787138 
2787283	[145]	:	Key	28	UP	at	2787283 
2788228	[945]	:	Key	28	DOWN	at	2788228 
2788403	[175]	:	Key	28	UP	at	2788403 
2790993	[2590]	:	Key	29	DOWN	at	2790993 
2791218	[225]	:	Key	29	UP	at	2791218 
2791843	[625]	:	Key	29	DOWN	at	2791843 
2791972	[129]	:	COGENT STOP
