Cog2000 log file Wed Oct 23 18:10:38 2019
gprim v1.33 Compiled:Aug 12 2015 (GLib DirectDraw v7 DX12.0 Compiled:Aug 12 2015)
Display:1024x768x32 59.92Hz
Attaching C:\Program Files\Cogent2000v1.33\Toolbox\CogInput.mexw64
CogInput v1.05 Compiled: May 20 2010
3	[3]	:	COGENT START
13443	[13440]	:	Key	71	DOWN	at	13437   
13519	[76]	:	Key	71	UP	at	13519   
30220	[16701]	:	Key	71	DOWN	at	30218   
30283	[63]	:	Key	71	UP	at	30283   
34237	[3954]	:	Key	71	DOWN	at	34234   
34298	[61]	:	Key	71	UP	at	34298   
56094	[21796]	:	Key	71	DOWN	at	56094   
56170	[76]	:	Key	71	UP	at	56170   
68558	[12388]	:	Key	71	DOWN	at	68556   
68640	[82]	:	Key	71	UP	at	68639   
89741	[21101]	:	Key	71	DOWN	at	89740   
90604	[863]	:	time Target is 90596
91103	[499]	:	Key	71	DOWN	at	91102   
96726	[5623]	:	time Target is 96725
97466	[740]	:	Key	71	DOWN	at	97466   
102828	[5362]	:	time Target is 102827
103229	[401]	:	Key	71	DOWN	at	103228  
108929	[5700]	:	time Target is 108928
109485	[556]	:	Key	71	DOWN	at	109485  
118251	[8766]	:	Key	71	DOWN	at	118250  
119317	[1066]	:	time Target is 119312
125646	[6329]	:	time Target is 125646
131974	[6328]	:	time Target is 131974
138307	[6333]	:	time Target is 138307
157307	[19000]	:	Key	71	DOWN	at	157306  
157418	[111]	:	Key	71	UP	at	157418  
161611	[4193]	:	Key	71	DOWN	at	161611  
161677	[66]	:	Key	71	UP	at	161676  
165723	[4046]	:	Key	71	DOWN	at	165723  
165835	[112]	:	Key	71	UP	at	165835  
179724	[13889]	:	Key	71	DOWN	at	179724  
179823	[99]	:	Key	71	UP	at	179823  
182155	[2332]	:	Key	71	DOWN	at	182155  
182964	[809]	:	Key	71	UP	at	182252  
182990	[26]	:	time Target is 182990
183819	[829]	:	Key	71	DOWN	at	183818  
188086	[4267]	:	time Target is 188085
193168	[5082]	:	time Target is 193168
198251	[5083]	:	time Target is 198250
198651	[400]	:	Key	71	DOWN	at	198650  
202561	[3910]	:	Key	71	UP	at	198763  
211342	[8781]	:	Key	71	DOWN	at	211342  
211419	[77]	:	Key	71	UP	at	211419  
215646	[4227]	:	Key	71	DOWN	at	215646  
216440	[794]	:	Key	71	UP	at	215790  
216465	[25]	:	time Target is 216464
221548	[5083]	:	time Target is 221548
222234	[686]	:	Key	71	DOWN	at	222234  
226638	[4404]	:	time Target is 226638
227931	[1293]	:	Key	71	DOWN	at	227931  
231726	[3795]	:	time Target is 231725
244091	[12365]	:	Key	71	DOWN	at	244090  
244191	[100]	:	Key	71	UP	at	244191  
246748	[2557]	:	Key	71	DOWN	at	246748  
247539	[791]	:	Key	71	UP	at	246828  
247560	[21]	:	time Target is 247560
248927	[1367]	:	Key	71	DOWN	at	248926  
252658	[3731]	:	time Target is 252658
257728	[5070]	:	time Target is 257728
258379	[651]	:	Key	71	DOWN	at	258379  
262806	[4427]	:	time Target is 262806
263005	[199]	:	Key	71	DOWN	at	263004  
267105	[4100]	:	Key	71	UP	at	263098  
274524	[7419]	:	Key	71	DOWN	at	274523  
274606	[82]	:	Key	71	UP	at	274605  
276218	[1612]	:	Key	71	DOWN	at	276218  
277010	[792]	:	Key	71	UP	at	276315  
277031	[21]	:	time Target is 277031
277821	[790]	:	Key	71	DOWN	at	277820  
282121	[4300]	:	time Target is 282121
287190	[5069]	:	time Target is 287190
292262	[5072]	:	time Target is 292262
303899	[11637]	:	Key	71	DOWN	at	303898  
304009	[110]	:	Key	71	UP	at	304009  
322942	[18933]	:	Key	71	DOWN	at	322941  
323006	[64]	:	Key	71	UP	at	323005  
336090	[13084]	:	Key	71	DOWN	at	336090  
336202	[112]	:	Key	71	UP	at	336202  
351663	[15461]	:	Key	71	DOWN	at	351662  
351727	[64]	:	Key	71	UP	at	351727  
383311	[31584]	:	Key	71	DOWN	at	383311  
385884	[2573]	:	time Target is 385884
386381	[497]	:	Key	71	DOWN	at	386381  
391234	[4853]	:	time Target is 391234
396574	[5340]	:	time Target is 396574
396746	[172]	:	Key	71	DOWN	at	396746  
401921	[5175]	:	time Target is 401921
402396	[475]	:	Key	71	DOWN	at	402396  
407272	[4876]	:	time Target is 407272
412600	[5328]	:	time Target is 412600
413131	[531]	:	Key	71	DOWN	at	413131  
417937	[4806]	:	time Target is 417937
417994	[57]	:	Key	71	DOWN	at	417994  
423278	[5284]	:	time Target is 423278
423742	[464]	:	Key	71	DOWN	at	423742  
428616	[4874]	:	time Target is 428616
429147	[531]	:	Key	71	DOWN	at	429147  
433942	[4795]	:	time Target is 433942
439268	[5326]	:	time Target is 439268
439405	[137]	:	Key	71	DOWN	at	439404  
444606	[5201]	:	time Target is 444606
449929	[5323]	:	time Target is 449929
455252	[5323]	:	time Target is 455252
456028	[776]	:	Key	71	DOWN	at	456027  
460622	[4594]	:	time Target is 460622
461085	[463]	:	Key	71	DOWN	at	461085  
465959	[4874]	:	time Target is 465959
466364	[405]	:	Key	71	DOWN	at	466364  
471298	[4934]	:	time Target is 471298
471838	[540]	:	Key	71	DOWN	at	471838  
476646	[4808]	:	time Target is 476646
477198	[552]	:	Key	71	DOWN	at	477197  
481984	[4786]	:	time Target is 481984
482410	[426]	:	Key	71	DOWN	at	482410  
487330	[4920]	:	time Target is 487330
488652	[1322]	:	Key	71	DOWN	at	488652  
492666	[4014]	:	time Target is 492666
497995	[5329]	:	time Target is 497995
498395	[400]	:	Key	71	DOWN	at	498394  
503335	[4940]	:	time Target is 503335
508656	[5321]	:	time Target is 508656
513975	[5319]	:	time Target is 513975
515470	[1495]	:	Key	71	DOWN	at	515469  
519309	[3839]	:	time Target is 519309
519724	[415]	:	Key	71	DOWN	at	519724  
524648	[4924]	:	time Target is 524648
529976	[5328]	:	time Target is 529976
530860	[884]	:	Key	71	DOWN	at	530859  
535315	[4455]	:	time Target is 535315
540642	[5327]	:	time Target is 540642
541184	[542]	:	Key	71	DOWN	at	541183  
546007	[4823]	:	time Target is 546007
551328	[5321]	:	time Target is 551328
551901	[573]	:	Key	71	DOWN	at	551901  
556662	[4761]	:	time Target is 556662
561976	[5314]	:	time Target is 561976
562541	[565]	:	Key	71	DOWN	at	562541  
567314	[4773]	:	time Target is 567314
572635	[5321]	:	time Target is 572635
577963	[5328]	:	time Target is 577963
579309	[1346]	:	Key	71	DOWN	at	579308  
583297	[3988]	:	time Target is 583297
588616	[5319]	:	time Target is 588616
589291	[675]	:	Key	71	DOWN	at	589291  
593953	[4662]	:	time Target is 593953
599277	[5324]	:	time Target is 599277
604615	[5338]	:	time Target is 604615
609937	[5322]	:	time Target is 609937
615261	[5324]	:	time Target is 615261
620583	[5322]	:	time Target is 620583
621051	[468]	:	Key	71	DOWN	at	621050  
625920	[4869]	:	time Target is 625920
631244	[5324]	:	time Target is 631244
636567	[5323]	:	time Target is 636567
641887	[5320]	:	time Target is 641887
642190	[303]	:	Key	71	DOWN	at	642189  
647227	[5037]	:	time Target is 647227
652545	[5318]	:	time Target is 652545
657865	[5320]	:	time Target is 657865
663186	[5321]	:	time Target is 663186
663791	[605]	:	Key	71	DOWN	at	663790  
668524	[4733]	:	time Target is 668524
673847	[5323]	:	time Target is 673847
674335	[488]	:	Key	71	DOWN	at	674335  
679180	[4845]	:	time Target is 679180
680157	[977]	:	Key	71	DOWN	at	680157  
684515	[4358]	:	time Target is 684515
684986	[471]	:	Key	71	DOWN	at	684986  
689855	[4869]	:	time Target is 689855
695193	[5338]	:	time Target is 695193
695552	[359]	:	Key	71	DOWN	at	695551  
700545	[4993]	:	time Target is 700545
705863	[5318]	:	time Target is 705863
711186	[5323]	:	time Target is 711186
711662	[476]	:	Key	71	DOWN	at	711662  
716519	[4857]	:	time Target is 716519
721843	[5324]	:	time Target is 721843
722283	[440]	:	Key	71	DOWN	at	722282  
727186	[4903]	:	time Target is 727186
727678	[492]	:	Key	71	DOWN	at	727678  
732522	[4844]	:	time Target is 732522
737850	[5328]	:	time Target is 737850
738218	[368]	:	Key	71	DOWN	at	738217  
743186	[4968]	:	time Target is 743186
743566	[380]	:	Key	71	DOWN	at	743566  
748522	[4956]	:	time Target is 748522
748923	[401]	:	Key	71	DOWN	at	748923  
753862	[4939]	:	time Target is 753862
759186	[5324]	:	time Target is 759186
759627	[441]	:	Key	71	DOWN	at	759627  
764525	[4898]	:	time Target is 764525
764925	[400]	:	Key	71	DOWN	at	764925  
769859	[4934]	:	time Target is 769859
775181	[5322]	:	time Target is 775181
775516	[335]	:	Key	71	DOWN	at	775516  
780521	[5005]	:	time Target is 780521
781006	[485]	:	Key	71	DOWN	at	781006  
785862	[4856]	:	time Target is 785862
786235	[373]	:	Key	71	DOWN	at	786235  
791197	[4962]	:	time Target is 791197
791611	[414]	:	Key	71	DOWN	at	791610  
796535	[4924]	:	time Target is 796535
801850	[5315]	:	time Target is 801850
802956	[1106]	:	Key	71	DOWN	at	802956  
807185	[4229]	:	time Target is 807185
812507	[5322]	:	time Target is 812507
817820	[5313]	:	time Target is 817820
823139	[5319]	:	time Target is 823139
823486	[347]	:	Key	71	DOWN	at	823485  
828471	[4985]	:	time Target is 828471
833796	[5325]	:	time Target is 833796
839122	[5326]	:	time Target is 839122
839532	[410]	:	Key	71	DOWN	at	839531  
844463	[4931]	:	time Target is 844463
849783	[5320]	:	time Target is 849783
850235	[452]	:	Key	71	DOWN	at	850234  
855116	[4881]	:	time Target is 855116
855674	[558]	:	Key	71	DOWN	at	855674  
860452	[4778]	:	time Target is 860452
861050	[598]	:	Key	71	DOWN	at	861050  
864754	[3704]	:	Key	71	UP	at	861096  
897899	[33145]	:	Key	71	DOWN	at	897898  
898690	[791]	:	Key	71	UP	at	897962  
898960	[270]	:	time Target is 898960
904286	[5326]	:	time Target is 904286
904525	[239]	:	Key	71	DOWN	at	904525  
909621	[5096]	:	time Target is 909621
914939	[5318]	:	time Target is 914939
915068	[129]	:	Key	71	DOWN	at	915068  
920278	[5210]	:	time Target is 920278
925596	[5318]	:	time Target is 925596
930912	[5316]	:	time Target is 930912
936236	[5324]	:	time Target is 936236
936572	[336]	:	Key	71	DOWN	at	936572  
941566	[4994]	:	time Target is 941566
946889	[5323]	:	time Target is 946889
952213	[5324]	:	time Target is 952213
952525	[312]	:	Key	71	DOWN	at	952524  
957547	[5022]	:	time Target is 957547
962871	[5324]	:	time Target is 962871
963179	[308]	:	Key	71	DOWN	at	963178  
968210	[5031]	:	time Target is 968210
973531	[5321]	:	time Target is 973531
978855	[5324]	:	time Target is 978855
984173	[5318]	:	time Target is 984173
984684	[511]	:	Key	71	DOWN	at	984684  
989515	[4831]	:	time Target is 989515
989855	[340]	:	Key	71	DOWN	at	989854  
994852	[4997]	:	time Target is 994852
1000166	[5314]	:	time Target is 1000166
1000573	[407]	:	Key	71	DOWN	at	1000572 
1005505	[4932]	:	time Target is 1005505
1006045	[540]	:	Key	71	DOWN	at	1006045 
1010836	[4791]	:	time Target is 1010836
1016157	[5321]	:	time Target is 1016157
1016650	[493]	:	Key	71	DOWN	at	1016650 
1021488	[4838]	:	time Target is 1021488
1021887	[399]	:	Key	71	DOWN	at	1021886 
1026828	[4941]	:	time Target is 1026828
1027114	[286]	:	Key	71	DOWN	at	1027114 
1032184	[5070]	:	time Target is 1032184
1032960	[776]	:	Key	71	DOWN	at	1032959 
1037519	[4559]	:	time Target is 1037519
1042839	[5320]	:	time Target is 1042839
1044252	[1413]	:	Key	71	DOWN	at	1044252 
1048176	[3924]	:	time Target is 1048176
1048510	[334]	:	Key	71	DOWN	at	1048510 
1053516	[5006]	:	time Target is 1053516
1054220	[704]	:	Key	71	DOWN	at	1054219 
1058853	[4633]	:	time Target is 1058853
1064172	[5319]	:	time Target is 1064172
1064540	[368]	:	Key	71	DOWN	at	1064539 
1069507	[4967]	:	time Target is 1069507
1074825	[5318]	:	time Target is 1074825
1080146	[5321]	:	time Target is 1080146
1080733	[587]	:	Key	71	DOWN	at	1080733 
1085478	[4745]	:	time Target is 1085478
1085818	[340]	:	Key	71	DOWN	at	1085818 
1090812	[4994]	:	time Target is 1090812
1091128	[316]	:	Key	71	DOWN	at	1091128 
1096144	[5016]	:	time Target is 1096144
1096219	[75]	:	Key	71	DOWN	at	1096218 
1101479	[5260]	:	time Target is 1101479
1101950	[471]	:	Key	71	DOWN	at	1101949 
1106815	[4865]	:	time Target is 1106815
1112133	[5318]	:	time Target is 1112133
1117463	[5330]	:	time Target is 1117463
1122779	[5316]	:	time Target is 1122779
1122876	[97]	:	Key	71	DOWN	at	1122874 
1128119	[5243]	:	time Target is 1128119
1128699	[580]	:	Key	71	DOWN	at	1128699 
1133453	[4754]	:	time Target is 1133453
1138772	[5319]	:	time Target is 1138772
1139196	[424]	:	Key	71	DOWN	at	1139195 
1144109	[4913]	:	time Target is 1144109
1149442	[5333]	:	time Target is 1149442
1154765	[5323]	:	time Target is 1154765
1160087	[5322]	:	time Target is 1160087
1165408	[5321]	:	time Target is 1165408
1166091	[683]	:	Key	71	DOWN	at	1166090 
1170745	[4654]	:	time Target is 1170745
1171086	[341]	:	Key	71	DOWN	at	1171085 
1176080	[4994]	:	time Target is 1176080
1176525	[445]	:	Key	71	DOWN	at	1176524 
1181419	[4894]	:	time Target is 1181419
1181757	[338]	:	Key	71	DOWN	at	1181757 
1186751	[4994]	:	time Target is 1186751
1192073	[5322]	:	time Target is 1192073
1192539	[466]	:	Key	71	DOWN	at	1192539 
1197407	[4868]	:	time Target is 1197407
1202730	[5323]	:	time Target is 1202730
1208053	[5323]	:	time Target is 1208053
1208925	[872]	:	Key	71	DOWN	at	1208925 
1213388	[4463]	:	time Target is 1213388
1213788	[400]	:	Key	71	DOWN	at	1213788 
1218722	[4934]	:	time Target is 1218722
1224043	[5321]	:	time Target is 1224043
1225164	[1121]	:	Key	71	DOWN	at	1225163 
1229380	[4216]	:	time Target is 1229380
1229865	[485]	:	Key	71	DOWN	at	1229865 
1234716	[4851]	:	time Target is 1234716
1240029	[5313]	:	Key	71	DOWN	at	1239821 
1240030	[1]	:	Key	71	UP	at	1239898 
1242843	[2813]	:	time Target is 1242843
1244106	[1263]	:	Key	71	DOWN	at	1244106 
1248178	[4072]	:	time Target is 1248178
1248571	[393]	:	Key	71	DOWN	at	1248571 
1253517	[4946]	:	time Target is 1253517
1258838	[5321]	:	time Target is 1258838
1259177	[339]	:	Key	71	DOWN	at	1259177 
1264168	[4991]	:	time Target is 1264168
1264586	[418]	:	Key	71	DOWN	at	1264586 
1269499	[4913]	:	time Target is 1269499
1274818	[5319]	:	time Target is 1274818
1280141	[5323]	:	time Target is 1280141
1285463	[5322]	:	time Target is 1285463
1290783	[5320]	:	time Target is 1290783
1290990	[207]	:	Key	71	DOWN	at	1290990 
1296116	[5126]	:	time Target is 1296116
1297117	[1001]	:	Key	71	DOWN	at	1297116 
1301457	[4340]	:	time Target is 1301457
1301807	[350]	:	Key	71	DOWN	at	1301806 
1306797	[4990]	:	time Target is 1306797
1312114	[5317]	:	time Target is 1312114
1317435	[5321]	:	time Target is 1317435
1322758	[5323]	:	time Target is 1322758
1328076	[5318]	:	time Target is 1328076
1333400	[5324]	:	time Target is 1333400
1338725	[5325]	:	time Target is 1338725
1339225	[500]	:	Key	71	DOWN	at	1339224 
1344069	[4844]	:	time Target is 1344069
1349382	[5313]	:	time Target is 1349382
1349949	[567]	:	Key	71	DOWN	at	1349948 
1354719	[4770]	:	time Target is 1354719
1360045	[5326]	:	time Target is 1360045
1360409	[364]	:	Key	71	DOWN	at	1360409 
1365382	[4973]	:	time Target is 1365382
1365805	[423]	:	Key	71	DOWN	at	1365805 
1370725	[4920]	:	time Target is 1370725
1371129	[404]	:	Key	71	DOWN	at	1371129 
1375026	[3897]	:	Key	71	UP	at	1371213 
1379225	[4199]	:	Key	71	DOWN	at	1379225 
1379308	[83]	:	Key	71	UP	at	1379308 
1388093	[8785]	:	Key	71	DOWN	at	1388093 
1388882	[789]	:	Key	71	UP	at	1388185 
1389150	[268]	:	time Target is 1389150
1390296	[1146]	:	Key	71	DOWN	at	1390296 
1394497	[4201]	:	time Target is 1394497
1399822	[5325]	:	time Target is 1399822
1400266	[444]	:	Key	71	DOWN	at	1400265 
1405156	[4890]	:	time Target is 1405156
1405528	[372]	:	Key	71	DOWN	at	1405528 
1410492	[4964]	:	time Target is 1410492
1410908	[416]	:	Key	71	DOWN	at	1410908 
1415828	[4920]	:	time Target is 1415828
1421147	[5319]	:	time Target is 1421147
1421678	[531]	:	Key	71	DOWN	at	1421677 
1426487	[4809]	:	time Target is 1426487
1431810	[5323]	:	time Target is 1431810
1432124	[314]	:	Key	71	DOWN	at	1432123 
1437147	[5023]	:	time Target is 1437147
1437802	[655]	:	Key	71	DOWN	at	1437802 
1442496	[4694]	:	time Target is 1442496
1443517	[1021]	:	Key	71	DOWN	at	1443517 
1447824	[4307]	:	time Target is 1447824
1449322	[1498]	:	Key	71	DOWN	at	1449322 
1453169	[3847]	:	time Target is 1453169
1453534	[365]	:	Key	71	DOWN	at	1453533 
1458500	[4966]	:	time Target is 1458500
1463817	[5317]	:	time Target is 1463817
1464393	[576]	:	Key	71	DOWN	at	1464392 
1469153	[4760]	:	time Target is 1469153
1474470	[5317]	:	time Target is 1474470
1474828	[358]	:	Key	71	DOWN	at	1474828 
1479811	[4983]	:	time Target is 1479811
1484866	[5055]	:	Key	71	DOWN	at	1484776 
1484866	[0]	:	Key	71	UP	at	1484859 
1487674	[2808]	:	time Target is 1487674
1488235	[561]	:	Key	71	DOWN	at	1488234 
1493012	[4777]	:	time Target is 1493012
1498333	[5321]	:	time Target is 1498333
1503655	[5322]	:	time Target is 1503655
1508981	[5326]	:	time Target is 1508981
1510314	[1333]	:	Key	71	DOWN	at	1510314 
1514319	[4005]	:	time Target is 1514319
1519644	[5325]	:	time Target is 1519644
1524963	[5319]	:	time Target is 1524963
1530282	[5319]	:	time Target is 1530282
1530714	[432]	:	Key	71	DOWN	at	1530714 
1535624	[4910]	:	time Target is 1535624
1536859	[1235]	:	Key	71	DOWN	at	1536859 
1540957	[4098]	:	time Target is 1540957
1541292	[335]	:	Key	71	DOWN	at	1541292 
1546296	[5004]	:	time Target is 1546296
1546729	[433]	:	Key	71	DOWN	at	1546728 
1551635	[4906]	:	time Target is 1551635
1556960	[5325]	:	time Target is 1556960
1562282	[5322]	:	time Target is 1562282
1562973	[691]	:	Key	71	DOWN	at	1562972 
1567621	[4648]	:	time Target is 1567621
1568062	[441]	:	Key	71	DOWN	at	1568061 
1572949	[4887]	:	time Target is 1572949
1573439	[490]	:	Key	71	DOWN	at	1573438 
1578287	[4848]	:	time Target is 1578287
1578635	[348]	:	Key	71	DOWN	at	1578635 
1583625	[4990]	:	time Target is 1583625
1584012	[387]	:	Key	71	DOWN	at	1584012 
1588959	[4947]	:	time Target is 1588959
1589370	[411]	:	Key	71	DOWN	at	1589369 
1594298	[4928]	:	time Target is 1594298
1594664	[366]	:	Key	71	DOWN	at	1594664 
1599634	[4970]	:	time Target is 1599634
1604959	[5325]	:	time Target is 1604959
1605929	[970]	:	Key	71	DOWN	at	1605929 
1610293	[4364]	:	time Target is 1610293
1615614	[5321]	:	time Target is 1615614
1620936	[5322]	:	time Target is 1620936
1626258	[5322]	:	time Target is 1626258
1631572	[5314]	:	time Target is 1631572
1632430	[858]	:	Key	71	DOWN	at	1632429 
1636899	[4469]	:	time Target is 1636899
1637100	[201]	:	Key	71	DOWN	at	1637099 
1642234	[5134]	:	time Target is 1642234
1642616	[382]	:	Key	71	DOWN	at	1642616 
1647575	[4959]	:	time Target is 1647575
1648827	[1252]	:	Key	71	DOWN	at	1648827 
1652912	[4085]	:	time Target is 1652912
1653450	[538]	:	Key	71	DOWN	at	1653450 
1658246	[4796]	:	time Target is 1658246
1663565	[5319]	:	time Target is 1663565
1668883	[5318]	:	time Target is 1668883
1674215	[5332]	:	time Target is 1674215
1674671	[456]	:	Key	71	DOWN	at	1674670 
1679553	[4882]	:	time Target is 1679553
1684872	[5319]	:	time Target is 1684872
1690196	[5324]	:	time Target is 1690196
1695519	[5323]	:	time Target is 1695519
1695996	[477]	:	Key	71	DOWN	at	1695996 
1700851	[4855]	:	time Target is 1700851
1706175	[5324]	:	time Target is 1706175
1711494	[5319]	:	time Target is 1711494
1716814	[5320]	:	time Target is 1716814
1722134	[5320]	:	time Target is 1722134
1722507	[373]	:	Key	71	DOWN	at	1722507 
1727468	[4961]	:	time Target is 1727468
1732791	[5323]	:	time Target is 1732791
1733389	[598]	:	Key	71	DOWN	at	1733388 
1738127	[4738]	:	time Target is 1738127
1743449	[5322]	:	time Target is 1743449
1744765	[1316]	:	Key	71	DOWN	at	1744765 
1748833	[4068]	:	time Target is 1748833
1749291	[458]	:	Key	71	DOWN	at	1749291 
1754169	[4878]	:	time Target is 1754169
1754569	[400]	:	Key	71	DOWN	at	1754569 
1759509	[4940]	:	time Target is 1759509
1759949	[440]	:	Key	71	DOWN	at	1759949 
1764847	[4898]	:	time Target is 1764847
1765885	[1038]	:	Key	71	DOWN	at	1765885 
1770184	[4299]	:	time Target is 1770184
1770600	[416]	:	Key	71	DOWN	at	1770600 
1775517	[4917]	:	time Target is 1775517
1776061	[544]	:	Key	71	DOWN	at	1776060 
1780856	[4795]	:	time Target is 1780856
1786181	[5325]	:	time Target is 1786181
1791541	[5360]	:	time Target is 1791541
1796863	[5322]	:	time Target is 1796863
1797244	[381]	:	Key	71	DOWN	at	1797244 
1802199	[4955]	:	time Target is 1802199
1802603	[404]	:	Key	71	DOWN	at	1802603 
1807528	[4925]	:	time Target is 1807528
1812846	[5318]	:	time Target is 1812846
1818171	[5325]	:	time Target is 1818171
1823499	[5328]	:	time Target is 1823499
1824029	[530]	:	Key	71	DOWN	at	1824028 
1828850	[4821]	:	time Target is 1828850
1834173	[5323]	:	time Target is 1834173
1835370	[1197]	:	Key	71	DOWN	at	1835370 
1839513	[4143]	:	time Target is 1839513
1840123	[610]	:	Key	71	DOWN	at	1840123 
1844847	[4724]	:	time Target is 1844847
1850163	[5316]	:	time Target is 1850163
1855489	[5326]	:	time Target is 1855489
1856140	[651]	:	Key	71	DOWN	at	1856140 
1860827	[4687]	:	time Target is 1860827
1881866	[21039]	:	Key	71	DOWN	at	1881865 
1882653	[787]	:	Key	71	UP	at	1881916 
1882920	[267]	:	time Target is 1882920
1883580	[660]	:	Key	71	DOWN	at	1883580 
1888258	[4678]	:	time Target is 1888258
1889629	[1371]	:	Key	71	DOWN	at	1889629 
1893590	[3961]	:	time Target is 1893590
1894634	[1044]	:	Key	71	DOWN	at	1894634 
1898929	[4295]	:	time Target is 1898929
1904245	[5316]	:	time Target is 1904245
1909563	[5318]	:	time Target is 1909563
1914887	[5324]	:	time Target is 1914887
1920211	[5324]	:	time Target is 1920211
1925530	[5319]	:	time Target is 1925530
1925868	[338]	:	Key	71	DOWN	at	1925868 
1930866	[4998]	:	time Target is 1930866
1936188	[5322]	:	time Target is 1936188
1941507	[5319]	:	time Target is 1941507
1946824	[5317]	:	time Target is 1946824
1952159	[5335]	:	time Target is 1952159
1952602	[443]	:	Key	71	DOWN	at	1952602 
1957495	[4893]	:	time Target is 1957495
1957802	[307]	:	Key	71	DOWN	at	1957802 
1962838	[5036]	:	time Target is 1962838
1968162	[5324]	:	time Target is 1968162
1973483	[5321]	:	time Target is 1973483
1978805	[5322]	:	time Target is 1978805
1984129	[5324]	:	time Target is 1984129
1989443	[5314]	:	time Target is 1989443
1989816	[373]	:	Key	71	DOWN	at	1989816 
1994781	[4965]	:	time Target is 1994781
2000104	[5323]	:	time Target is 2000104
2005446	[5342]	:	time Target is 2005446
2005821	[375]	:	Key	71	DOWN	at	2005821 
2010784	[4963]	:	time Target is 2010784
2016106	[5322]	:	time Target is 2016106
2016696	[590]	:	Key	71	DOWN	at	2016696 
2021442	[4746]	:	time Target is 2021442
2026765	[5323]	:	time Target is 2026765
2027225	[460]	:	Key	71	DOWN	at	2027224 
2032101	[4876]	:	time Target is 2032101
2032557	[456]	:	Key	71	DOWN	at	2032557 
2037437	[4880]	:	time Target is 2037437
2042763	[5326]	:	time Target is 2042763
2048080	[5317]	:	time Target is 2048080
2048522	[442]	:	Key	71	DOWN	at	2048522 
2053438	[4916]	:	time Target is 2053438
2054253	[815]	:	Key	71	DOWN	at	2054252 
2058775	[4522]	:	time Target is 2058775
2059212	[437]	:	Key	71	DOWN	at	2059210 
2064109	[4897]	:	time Target is 2064109
2069440	[5331]	:	time Target is 2069440
2070891	[1451]	:	Key	71	DOWN	at	2070891 
2074768	[3877]	:	time Target is 2074768
2075094	[326]	:	Key	71	DOWN	at	2075094 
2080112	[5018]	:	time Target is 2080112
2081052	[940]	:	Key	71	DOWN	at	2081052 
2085449	[4397]	:	time Target is 2085449
2090768	[5319]	:	time Target is 2090768
2091181	[413]	:	Key	71	DOWN	at	2091179 
2096106	[4925]	:	time Target is 2096106
2096553	[447]	:	Key	71	DOWN	at	2096553 
2101439	[4886]	:	time Target is 2101439
2102136	[697]	:	Key	71	DOWN	at	2102136 
2106776	[4640]	:	time Target is 2106776
2107130	[354]	:	Key	71	DOWN	at	2107129 
2112114	[4984]	:	time Target is 2112114
2117444	[5330]	:	time Target is 2117444
2122764	[5320]	:	time Target is 2122764
2123129	[365]	:	Key	71	DOWN	at	2123129 
2128095	[4966]	:	time Target is 2128095
2133420	[5325]	:	time Target is 2133420
2133756	[336]	:	Key	71	DOWN	at	2133756 
2138757	[5001]	:	time Target is 2138757
2139097	[340]	:	Key	71	DOWN	at	2139097 
2144094	[4997]	:	time Target is 2144094
2144429	[335]	:	Key	71	DOWN	at	2144428 
2149426	[4997]	:	time Target is 2149426
2154745	[5319]	:	time Target is 2154745
2155357	[612]	:	Key	71	DOWN	at	2155357 
2160083	[4726]	:	time Target is 2160083
2160268	[185]	:	Key	71	DOWN	at	2160268 
2165419	[5151]	:	time Target is 2165419
2170740	[5321]	:	time Target is 2170740
2176058	[5318]	:	time Target is 2176058
2181372	[5314]	:	time Target is 2181372
2181799	[427]	:	Key	71	DOWN	at	2181799 
2186712	[4913]	:	time Target is 2186712
2192033	[5321]	:	time Target is 2192033
2192394	[361]	:	Key	71	DOWN	at	2192393 
2197366	[4972]	:	time Target is 2197366
2202690	[5324]	:	time Target is 2202690
2203881	[1191]	:	Key	71	DOWN	at	2203881 
2208028	[4147]	:	time Target is 2208028
2213352	[5324]	:	time Target is 2213352
2218671	[5319]	:	time Target is 2218671
2219209	[538]	:	Key	71	DOWN	at	2219208 
2224010	[4801]	:	time Target is 2224010
2229332	[5322]	:	time Target is 2229332
2229772	[440]	:	Key	71	DOWN	at	2229771 
2234671	[4899]	:	time Target is 2234671
2235307	[636]	:	Key	71	DOWN	at	2235307 
2240008	[4701]	:	time Target is 2240008
2240327	[319]	:	Key	71	DOWN	at	2240327 
2245344	[5017]	:	time Target is 2245344
2250662	[5318]	:	time Target is 2250662
2255980	[5318]	:	time Target is 2255980
2261302	[5322]	:	time Target is 2261302
2261642	[340]	:	Key	71	DOWN	at	2261641 
2266641	[4999]	:	time Target is 2266641
2271966	[5325]	:	time Target is 2271966
2277288	[5322]	:	time Target is 2277288
2277868	[580]	:	Key	71	DOWN	at	2277868 
2282635	[4767]	:	time Target is 2282635
2283053	[418]	:	Key	71	DOWN	at	2283052 
2287973	[4920]	:	time Target is 2287973
2288459	[486]	:	Key	71	DOWN	at	2288459 
2293314	[4855]	:	time Target is 2293314
2293689	[375]	:	Key	71	DOWN	at	2293689 
2298649	[4960]	:	time Target is 2298649
2303974	[5325]	:	time Target is 2303974
2304330	[356]	:	Key	71	DOWN	at	2304329 
2309320	[4990]	:	time Target is 2309320
2309691	[371]	:	Key	71	DOWN	at	2309691 
2314659	[4968]	:	time Target is 2314659
2319980	[5321]	:	time Target is 2319980
2325296	[5316]	:	time Target is 2325296
2330614	[5318]	:	time Target is 2330614
2335947	[5333]	:	time Target is 2335947
2336763	[816]	:	Key	71	DOWN	at	2336762 
2341285	[4522]	:	time Target is 2341285
2346607	[5322]	:	time Target is 2346607
2351925	[5318]	:	time Target is 2351925
2352267	[342]	:	Key	71	DOWN	at	2352266 
2357284	[5017]	:	time Target is 2357284
2357612	[328]	:	Key	71	DOWN	at	2357611 
2361589	[3977]	:	Key	71	UP	at	2357673 
2376140	[14551]	:	Key	71	DOWN	at	2376139 
2376250	[110]	:	Key	71	UP	at	2376249 
2387852	[11602]	:	Key	28	DOWN	at	2387851 
2387962	[110]	:	Key	28	UP	at	2387961 
2391097	[3135]	:	Key	28	DOWN	at	2391097 
2391196	[99]	:	Key	28	UP	at	2391196 
2409228	[18032]	:	Key	29	DOWN	at	2409227 
2409309	[81]	:	Key	29	UP	at	2409308 
2411082	[1773]	:	Key	29	DOWN	at	2411081 
2411165	[83]	:	Key	29	UP	at	2411164 
2413417	[2252]	:	Key	29	DOWN	at	2413417 
2413498	[81]	:	Key	29	UP	at	2413497 
2414589	[1091]	:	Key	28	DOWN	at	2414588 
2414666	[77]	:	Key	28	UP	at	2414665 
2417417	[2751]	:	Key	28	DOWN	at	2417416 
2417512	[95]	:	Key	28	UP	at	2417511 
2418602	[1090]	:	Key	28	DOWN	at	2418602 
2418685	[83]	:	Key	28	UP	at	2418684 
2423161	[4476]	:	Key	29	DOWN	at	2423161 
2423226	[65]	:	Key	29	UP	at	2423225 
2424317	[1091]	:	Key	28	DOWN	at	2424316 
2424411	[94]	:	Key	28	UP	at	2424410 
2431577	[7166]	:	Key	29	DOWN	at	2431577 
2431723	[146]	:	Key	29	UP	at	2431722 
2433321	[1598]	:	Key	29	DOWN	at	2433321 
2433416	[95]	:	Key	29	UP	at	2433415 
2435832	[2416]	:	Key	28	DOWN	at	2435831 
2435948	[116]	:	Key	28	UP	at	2435946 
2437516	[1568]	:	Key	28	DOWN	at	2437516 
2437628	[112]	:	Key	28	UP	at	2437628 
2440727	[3099]	:	Key	28	DOWN	at	2440727 
2440808	[81]	:	Key	28	UP	at	2440807 
2442280	[1472]	:	Key	29	DOWN	at	2442280 
2442302	[22]	:	COGENT STOP
